
Gurobi 10.0.3 (linux64, gurobi_cl) logging started Thu Nov  2 11:34:05 2023

Set parameter Username
Set parameter TimeLimit to value 3600
Set parameter LogFile to value "RCPSP_397.log"
Set parameter Threads to value 32
Academic license - for non-commercial use only - expires 2024-10-30
Using license file /home/jrivera6/gurobi-licenses/v1003/compute-0-38/gurobi.lic

Gurobi Optimizer version 10.0.3 build v10.0.3rc0 (linux64)
Copyright (c) 2023, Gurobi Optimization, LLC

Read MPS format model from file RCPSP_397.mps
Reading time = 0.01 seconds
RCPSP_397: 5349 rows, 2080 columns, 17064 nonzeros

CPU model: Intel(R) Xeon(R) Gold 6242 CPU @ 2.80GHz, instruction set [SSE2|AVX|AVX2|AVX512]
Thread count: 32 physical cores, 32 logical processors, using up to 32 threads

Optimize a model with 5349 rows, 2080 columns and 17064 nonzeros
Model fingerprint: 0x4943e2d5
Variable types: 32 continuous, 2048 integer (2048 binary)
Coefficient statistics:
  Matrix range     [1e+00, 2e+02]
  Objective range  [1e+00, 1e+00]
  Bounds range     [1e+00, 1e+00]
  RHS range        [1e+00, 2e+02]
Found heuristic solution: objective 46.0000000
Presolve removed 4078 rows and 1712 columns
Presolve time: 0.31s
Presolved: 1271 rows, 368 columns, 3559 nonzeros
Variable types: 31 continuous, 337 integer (337 binary)

Explored 0 nodes (0 simplex iterations) in 0.31 seconds (0.24 work units)
Thread count was 32 (of 32 available processors)

Solution count 1: 46 

Optimal solution found (tolerance 1.00e-04)
Best objective 4.600000000000e+01, best bound 4.600000000000e+01, gap 0.0000%

Wrote result file 'RCPSP_397.sol'

