
Gurobi 10.0.3 (linux64, gurobi_cl) logging started Thu Nov  9 11:49:40 2023

Set parameter Username
Set parameter TimeLimit to value 3600
Set parameter LogFile to value "RCPSP_1252.log"
Set parameter Threads to value 32
Academic license - for non-commercial use only - expires 2024-10-30
Using license file /home/jrivera6/gurobi-licenses/v1003/compute-0-34/gurobi.lic

Gurobi Optimizer version 10.0.3 build v10.0.3rc0 (linux64)
Copyright (c) 2023, Gurobi Optimization, LLC

Read MPS format model from file RCPSP_1252.mps
Reading time = 0.14 seconds
RCPSP_1252: 42947 rows, 17020 columns, 159151 nonzeros

CPU model: Intel(R) Xeon(R) Gold 6130 CPU @ 2.10GHz, instruction set [SSE2|AVX|AVX2|AVX512]
Thread count: 32 physical cores, 32 logical processors, using up to 32 threads

Optimize a model with 42947 rows, 17020 columns and 159151 nonzeros
Model fingerprint: 0xd521375a
Variable types: 92 continuous, 16928 integer (16928 binary)
Coefficient statistics:
  Matrix range     [1e+00, 4e+02]
  Objective range  [1e+00, 1e+00]
  Bounds range     [1e+00, 1e+00]
  RHS range        [1e+00, 5e+02]
Presolve removed 7032 rows and 1201 columns (presolve time = 5s) ...
Presolve removed 7782 rows and 1951 columns
Presolve time: 5.90s
Presolved: 35165 rows, 15069 columns, 137030 nonzeros
Variable types: 91 continuous, 14978 integer (14978 binary)

Deterministic concurrent LP optimizer: primal and dual simplex (primal and dual model)
Showing first log only...

Root relaxation presolved: 35165 rows, 15069 columns, 137030 nonzeros


Root simplex log...

Iteration    Objective       Primal Inf.    Dual Inf.      Time
       0    7.8286802e+01   5.126503e-02   2.251738e+08      8s
    2429    7.6000000e+01   0.000000e+00   0.000000e+00      9s
Concurrent spin time: 2.54s

Solved with dual simplex (primal model)

Root relaxation: objective 7.600000e+01, 5766 iterations, 5.18 seconds (0.23 work units)
Total elapsed time = 16.45s

    Nodes    |    Current Node    |     Objective Bounds      |     Work
 Expl Unexpl |  Obj  Depth IntInf | Incumbent    BestBd   Gap | It/Node Time

     0     0   76.00000    0   89          -   76.00000      -     -   21s
     0     0   76.00000    0  641          -   76.00000      -     -   52s
     0     0   76.00000    0  570          -   76.00000      -     -   54s
     0     0   76.00000    0   16          -   76.00000      -     -   75s
     0     0   76.00000    0   70          -   76.00000      -     -   77s
     0     0   76.00000    0   24          -   76.00000      -     -   87s
     0     0   76.00000    0  127          -   76.00000      -     -   89s
     0     0   76.00000    0   14          -   76.00000      -     -  109s
     0     0   76.00000    0   62          -   76.00000      -     -  110s
     0     0   76.00000    0   38          -   76.00000      -     -  126s
     0     0   76.00000    0  184          -   76.00000      -     -  137s
     0     0   76.00000    0   28          -   76.00000      -     -  168s
     0     0   76.00000    0  161          -   76.00000      -     -  175s
     0     0   76.00000    0   10          -   76.00000      -     -  195s
     0     0   76.00000    0   82          -   76.00000      -     -  198s
     0     0   76.00000    0   10          -   76.00000      -     -  211s
     0     0   76.00000    0   10          -   76.00000      -     -  216s
     0     2   76.00000    0   10          -   76.00000      -     -  234s
     1     3   76.00000    1   14          -   76.00000      -  1132  240s
     6    10   76.00000    3   14          -   76.00000      -   205  252s
    11    19   76.00000    4   14          -   76.00000      -   161  275s
    21    36   76.00000    5   80          -   76.00000      -   169  294s
    39    36   89.00000    5  794          -   76.00000      -   190  295s
    40    61   76.00000    6   80          -   76.00000      -   185  312s
    72    87   76.00000    7   82          -   76.00000      -   185  322s
   104   116   76.00000    8   82          -   76.00000      -   175  326s
   136   146   76.00000    9   80          -   76.00000      -   140  333s
   168   178   76.00000   10    4          -   76.00000      -   146  358s
   200   210   76.00000   11   46          -   76.00000      -   320  377s
   235   242   76.00000   12   46          -   76.00000      -   306  407s
   270   283   76.00000   13   88          -   76.00000      -   323  412s
   314   326   76.00000   14   88          -   76.00000      -   280  422s
   362   423   76.00000   15  116          -   76.00000      -   249  442s
   469   558   76.00000   16   98          -   76.00000      -   220  465s
   622   829   76.00000   19  172          -   76.00000      -   204  490s
   934  1209   76.00000   21   20          -   76.00000      -   162  518s
*  981  1209              50      76.0000000   76.00000  0.00%   158  518s

Cutting planes:
  Gomory: 33
  Lift-and-project: 2
  Cover: 31
  Implied bound: 171
  MIR: 317
  StrongCG: 5
  Zero half: 3
  RLT: 313
  Relax-and-lift: 178

Explored 1387 nodes (265713 simplex iterations) in 519.61 seconds (23.37 work units)
Thread count was 32 (of 32 available processors)

Solution count 1: 76 

Optimal solution found (tolerance 1.00e-04)
Best objective 7.600000000000e+01, best bound 7.600000000000e+01, gap 0.0000%

Wrote result file 'RCPSP_1252.sol'

