
Gurobi 10.0.3 (linux64, gurobi_cl) logging started Thu Nov  9 11:49:28 2023

Set parameter Username
Set parameter TimeLimit to value 3600
Set parameter LogFile to value "RCPSP_1236.log"
Set parameter Threads to value 32
Academic license - for non-commercial use only - expires 2024-11-06
Using license file /home/jrivera6/gurobi-licenses/v1003/compute-0-36/gurobi.lic

Gurobi Optimizer version 10.0.3 build v10.0.3rc0 (linux64)
Copyright (c) 2023, Gurobi Optimization, LLC

Read MPS format model from file RCPSP_1236.mps
Reading time = 0.08 seconds
RCPSP_1236: 42947 rows, 17020 columns, 151052 nonzeros

CPU model: Intel(R) Xeon(R) Gold 6130 CPU @ 2.10GHz, instruction set [SSE2|AVX|AVX2|AVX512]
Thread count: 32 physical cores, 32 logical processors, using up to 32 threads

Optimize a model with 42947 rows, 17020 columns and 151052 nonzeros
Model fingerprint: 0xe07c5b3e
Variable types: 92 continuous, 16928 integer (16928 binary)
Coefficient statistics:
  Matrix range     [1e+00, 5e+02]
  Objective range  [1e+00, 1e+00]
  Bounds range     [1e+00, 1e+00]
  RHS range        [1e+00, 5e+02]
Found heuristic solution: objective 102.0000000
Presolve removed 7032 rows and 1201 columns (presolve time = 5s) ...
Presolve removed 12418 rows and 4790 columns
Presolve time: 9.30s
Presolved: 30529 rows, 12230 columns, 109836 nonzeros
Variable types: 91 continuous, 12139 integer (12139 binary)

Explored 0 nodes (0 simplex iterations) in 9.42 seconds (5.39 work units)
Thread count was 32 (of 32 available processors)

Solution count 1: 102 

Optimal solution found (tolerance 1.00e-04)
Best objective 1.020000000000e+02, best bound 1.020000000000e+02, gap 0.0000%

Wrote result file 'RCPSP_1236.sol'

