
Gurobi 10.0.3 (linux64, gurobi_cl) logging started Fri Nov 10 21:25:37 2023

Set parameter Username
Set parameter TimeLimit to value 3600
Set parameter LogFile to value "RCPSP_1960.log"
Set parameter Threads to value 32
Academic license - for non-commercial use only - expires 2024-10-30
Using license file /home/jrivera6/gurobi-licenses/v1003/compute-0-37/gurobi.lic

Gurobi Optimizer version 10.0.3 build v10.0.3rc0 (linux64)
Copyright (c) 2023, Gurobi Optimization, LLC

Read MPS format model from file RCPSP_1960.mps
Reading time = 0.09 seconds
RCPSP_1960: 75288 rows, 29890 columns, 266102 nonzeros

CPU model: Intel(R) Xeon(R) Gold 6242 CPU @ 2.80GHz, instruction set [SSE2|AVX|AVX2|AVX512]
Thread count: 32 physical cores, 32 logical processors, using up to 32 threads

Optimize a model with 75288 rows, 29890 columns and 266102 nonzeros
Model fingerprint: 0xb2853ab8
Variable types: 122 continuous, 29768 integer (29768 binary)
Coefficient statistics:
  Matrix range     [1e+00, 6e+02]
  Objective range  [1e+00, 1e+00]
  Bounds range     [1e+00, 1e+00]
  RHS range        [1e+00, 7e+02]
Presolve removed 11496 rows and 1745 columns (presolve time = 5s) ...
Presolve removed 11496 rows and 1745 columns (presolve time = 10s) ...
Presolve removed 14838 rows and 3128 columns
Presolve time: 13.79s
Presolved: 60450 rows, 26762 columns, 224681 nonzeros
Variable types: 121 continuous, 26641 integer (26641 binary)

Deterministic concurrent LP optimizer: primal and dual simplex (primal and dual model)
Showing first log only...

Root relaxation presolved: 60450 rows, 26762 columns, 224681 nonzeros


Root simplex log...

Iteration    Objective       Primal Inf.    Dual Inf.      Time
       0    9.3716374e+01   1.915154e-02   3.007705e+08     16s
    3136    9.1000000e+01   0.000000e+00   0.000000e+00     17s
Concurrent spin time: 1.25s

Solved with dual simplex (dual model)

Root relaxation: objective 9.100000e+01, 30417 iterations, 3.30 seconds (0.34 work units)
Total elapsed time = 21.13s

    Nodes    |    Current Node    |     Objective Bounds      |     Work
 Expl Unexpl |  Obj  Depth IntInf | Incumbent    BestBd   Gap | It/Node Time

     0     0   91.00000    0  502          -   91.00000      -     -   27s
     0     0   91.00000    0  502          -   91.00000      -     -   28s
     0     0   91.00000    0 1639          -   91.00000      -     -  129s
     0     0   91.00000    0 1646          -   91.00000      -     -  138s
     0     0   91.00000    0 1626          -   91.00000      -     -  139s
     0     0   91.00000    0 1641          -   91.00000      -     -  164s
     0     0   91.00000    0 1575          -   91.00000      -     -  178s
     0     0   91.00000    0 1784          -   91.00000      -     -  186s
     0     0   91.00000    0 1635          -   91.00000      -     -  188s
     0     0   91.00000    0  698          -   91.00000      -     -  273s
     0     0   91.00000    0  697          -   91.00000      -     -  273s
     0     0   91.00000    0 1368          -   91.00000      -     -  336s
     0     0   91.00000    0 1237          -   91.00000      -     -  345s
     0     0   91.00000    0 1215          -   91.00000      -     -  345s
     0     0   91.00000    0  800          -   91.00000      -     -  422s
     0     0   91.00000    0  798          -   91.00000      -     -  423s
     0     0   91.00000    0 1241          -   91.00000      -     -  491s
     0     0   91.00000    0 1350          -   91.00000      -     -  514s
     0     0   91.00000    0 1189          -   91.00000      -     -  516s
     0     0   91.00000    0 1190          -   91.00000      -     -  555s
     0     0   91.00000    0  531          -   91.00000      -     -  598s
     0     0   91.00000    0 1684          -   91.00000      -     -  664s
     0     0   91.00000    0 1678          -   91.00000      -     -  668s
     0     0   91.00000    0 1674          -   91.00000      -     -  678s
     0     0   91.00000    0 1508          -   91.00000      -     -  684s
     0     0   91.00000    0 1502          -   91.00000      -     -  685s
     0     0   91.00000    0 1796          -   91.00000      -     -  806s
     0     0   91.00000    0 1646          -   91.00000      -     -  811s
     0     0   91.00000    0 1628          -   91.00000      -     -  812s
     0     0   91.00093    0  782          -   91.00093      -     -  887s
     0     0   91.00093    0 1852          -   91.00093      -     -  909s
     0     0   91.00093    0 1726          -   91.00093      -     -  912s
     0     0   91.00093    0 1718          -   91.00093      -     -  912s
     0     0   91.40816    0 1539          -   91.40816      -     -  937s
     0     0   91.40816    0 1499          -   91.40816      -     -  942s
     0     0   91.40816    0 1440          -   91.40816      -     -  943s
     0     0   91.41667    0 1778          -   91.41667      -     -  954s
     0     0   91.41667    0 1568          -   91.41667      -     -  957s
     0     0   91.41667    0 1563          -   91.41667      -     -  958s
     0     0   91.41667    0 1664          -   91.41667      -     -  974s
     0     0   91.41667    0 1450          -   91.41667      -     -  978s
     0     0   91.41667    0 1383          -   91.41667      -     -  980s
     0     0   91.41667    0 1381          -   91.41667      -     -  980s
     0     0   91.41667    0 2020          -   91.41667      -     - 1014s
     0     0   91.41667    0 2117          -   91.41667      -     - 1026s
     0     0   91.41667    0 1873          -   91.41667      -     - 1031s
     0     0   91.41667    0 1833          -   91.41667      -     - 1036s
     0     0   91.41667    0 1752          -   91.41667      -     - 1041s
     0     0   91.41667    0 1866          -   91.41667      -     - 1046s
     0     0   91.41667    0 1843          -   91.41667      -     - 1047s
     0     0   91.41667    0 1633          -   91.41667      -     - 1072s
     0     0   91.41667    0 1584          -   91.41667      -     - 1077s
     0     0   91.41667    0 1560          -   91.41667      -     - 1077s
     0     0   91.41667    0 1933          -   91.41667      -     - 1137s
     0     0   91.41667    0 1843          -   91.41667      -     - 1138s
     0     0   91.41667    0 1857          -   91.41667      -     - 1144s
     0     0   91.41667    0 1782          -   91.41667      -     - 1145s
     0     0   91.41667    0 1780          -   91.41667      -     - 1145s
     0     0   91.41667    0  942          -   91.41667      -     - 1172s
     0     0   91.41667    0  934          -   91.41667      -     - 1172s
     0     0   91.41667    0 1580          -   91.41667      -     - 1355s
     0     0   91.41667    0 1599          -   91.41667      -     - 1358s
     0     0   91.41667    0 1560          -   91.41667      -     - 1358s
     0     0   91.41667    0  981          -   91.41667      -     - 1518s
     0     0   91.41667    0 1053          -   91.41667      -     - 1518s
     0     0   91.41667    0 1796          -   91.41667      -     - 1645s
     0     0   91.41667    0 1729          -   91.41667      -     - 1647s
     0     0   91.41667    0 1721          -   91.41667      -     - 1647s
     0     0   91.41667    0  649          -   91.41667      -     - 1686s
     0     0   91.41667    0  648          -   91.41667      -     - 1687s
     0     0   91.41667    0  642          -   91.41667      -     - 1687s
     0     0   91.41667    0 1395          -   91.41667      -     - 1733s
     0     0   91.41667    0 1400          -   91.41667      -     - 1735s
     0     0   91.41667    0 1376          -   91.41667      -     - 1735s
     0     0   91.41667    0  671          -   91.41667      -     - 1754s
     0     0   91.41667    0 1286          -   91.41667      -     - 1772s
     0     0   91.41667    0 1245          -   91.41667      -     - 1776s
     0     0   91.41667    0 1204          -   91.41667      -     - 1776s
     0     0   91.41667    0  796          -   91.41667      -     - 1809s
     0     0   91.41667    0  546          -   91.41667      -     - 2148s
     0     2   91.41667    0  546          -   91.41667      -     - 2547s
     1     5   91.55556    1  509          -   91.41667      -  3425 2991s
     3     7   91.71429    2  520          -   91.71429      -  1437 3754s

Cutting planes:
  Gomory: 3
  Cover: 55
  Implied bound: 1
  Clique: 14
  MIR: 40
  StrongCG: 13
  Zero half: 2
  RLT: 16
  Relax-and-lift: 52

Explored 6 nodes (369069 simplex iterations) in 3755.59 seconds (177.12 work units)
Thread count was 32 (of 32 available processors)

Solution count 0

Time limit reached
Best objective -, best bound 9.211111111111e+01, gap -

Unable to retrieve attribute 'X'

