
Gurobi 10.0.3 (linux64, gurobi_cl) logging started Thu Nov  2 11:36:40 2023

Set parameter Username
Set parameter TimeLimit to value 3600
Set parameter LogFile to value "RCPSP_768.log"
Set parameter Threads to value 32
Academic license - for non-commercial use only - expires 2024-10-30
Using license file /home/jrivera6/gurobi-licenses/v1003/compute-0-35/gurobi.lic

Gurobi Optimizer version 10.0.3 build v10.0.3rc0 (linux64)
Copyright (c) 2023, Gurobi Optimization, LLC

Read MPS format model from file RCPSP_768.mps
Reading time = 0.03 seconds
RCPSP_768: 19643 rows, 7750 columns, 71917 nonzeros

CPU model: Intel(R) Xeon(R) Gold 6130 CPU @ 2.10GHz, instruction set [SSE2|AVX|AVX2|AVX512]
Thread count: 32 physical cores, 32 logical processors, using up to 32 threads

Optimize a model with 19643 rows, 7750 columns and 71917 nonzeros
Model fingerprint: 0xb4b50c87
Variable types: 62 continuous, 7688 integer (7688 binary)
Coefficient statistics:
  Matrix range     [1e+00, 3e+02]
  Objective range  [1e+00, 1e+00]
  Bounds range     [1e+00, 1e+00]
  RHS range        [1e+00, 3e+02]
Presolve removed 8169 rows and 2988 columns
Presolve time: 4.03s
Presolved: 11474 rows, 4762 columns, 43685 nonzeros
Variable types: 61 continuous, 4701 integer (4701 binary)

Root relaxation: objective 7.200000e+01, 1624 iterations, 0.04 seconds (0.02 work units)

    Nodes    |    Current Node    |     Objective Bounds      |     Work
 Expl Unexpl |  Obj  Depth IntInf | Incumbent    BestBd   Gap | It/Node Time

     0     0   72.00000    0  303          -   72.00000      -     -    4s
     0     0   72.00000    0  644          -   72.00000      -     -    8s
     0     0   72.00000    0  586          -   72.00000      -     -    8s
     0     0   72.00000    0  346          -   72.00000      -     -   13s
     0     0   72.00000    0  361          -   72.00000      -     -   15s
     0     0   72.00000    0  425          -   72.00000      -     -   18s
     0     0   72.00000    0  537          -   72.00000      -     -   19s
     0     0   72.00000    0  377          -   72.00000      -     -   21s
H    0     0                     322.0000000   72.00000  77.6%     -   22s
     0     0   72.00000    0  377  322.00000   72.00000  77.6%     -   22s
H    0     0                     274.0000000   72.00000  73.7%     -   30s
H    0     2                     256.0000000   72.00000  71.9%     -   39s
     0     2   72.00000    0  275  256.00000   72.00000  71.9%     -   39s
     1     4   72.00000    1  273  256.00000   72.00000  71.9%  1416   41s
     7    12   72.00000    3  509  256.00000   72.00000  71.9%   415   45s
    25    42   72.00000    5  666  256.00000   72.00000  71.9%   574   54s
H   49    71                     237.0000000   72.00000  69.6%   476   63s
H   52    71                     236.0000000   72.00000  69.5%   477   63s
H   53    71                     229.0000000   72.00000  68.6%   471   64s
H   54    71                     226.0000000   72.00000  68.1%   469   64s
H   67    71                     222.0000000   72.00000  67.6%   461   64s
    81    97   72.00000    7  622  222.00000   72.00000  67.6%   477   67s
   145   139   72.00000    9  600  222.00000   72.00000  67.6%   329   70s
   282   280   72.00000   12  599  222.00000   72.00000  67.6%   196   75s
   446   432   72.00000   15  610  222.00000   72.00000  67.6%   139   81s
   562   544   72.00000   17  592  222.00000   72.00000  67.6%   118  124s
   627   606   72.00000   19  562  222.00000   72.00000  67.6%   110  128s
   696   657   72.00000   20  551  222.00000   72.00000  67.6%   104  132s
   756   687   72.00000   21  563  222.00000   72.00000  67.6%   105  156s
H  788   733                     220.0000000   72.00000  67.3%   105  162s
H  789   733                     218.0000000   72.00000  67.0%   105  162s
H  817   733                     213.0000000   72.00000  66.2%   103  162s
   965   953   75.00000   24  515  213.00000   72.00000  66.2%  96.1  168s
  1116  1049   76.00000   25  515  213.00000   72.00000  66.2%  89.8  171s
  1328  1274   77.23077   27  494  213.00000   72.00000  66.2%  91.6  176s
  1648  1521 infeasible   30       213.00000   72.00000  66.2%  84.6  182s
  1813  1658   83.00000   30  446  213.00000   72.00000  66.2%  83.8  185s
H 2011  1679                     174.0000000   72.00000  58.6%  81.7  216s
H 2012  1679                     170.0000000   72.00000  57.6%  81.7  216s
H 2037  1679                     169.0000000   72.00000  57.4%  82.9  216s
  2053  1785   83.00000   32  467  169.00000   72.00000  57.4%  84.5  222s
  2206  1936   83.00000   33  411  169.00000   72.00000  57.4%  85.7  225s
  2401  2082   83.00000   35  398  169.00000   72.00000  57.4%  84.1  230s
  2626  2109   83.00000   40  432  169.00000   72.00000  57.4%  83.4  282s
H 2627  2109                     159.0000000   72.00000  54.7%  83.4  282s
H 2634  2109                     158.0000000   72.00000  54.4%  83.9  282s
H 2639  2109                     157.0000000   72.00000  54.1%  84.2  283s
H 2656  2100                     156.0000000   72.00000  53.8%  84.6  283s
H 2661  2105                     142.0000000   72.00000  49.3%  85.6  383s
H 2662  2102                     135.0000000   72.00000  46.7%  85.6  383s
H 2664  2102                     134.0000000   72.00000  46.3%  85.9  383s
H 2671  2100                     133.0000000   72.00000  45.9%  86.7  383s
H 2675  2092                     125.0000000   72.00000  42.4%  87.0  383s
  2699  2279   83.00000   42  401  125.00000   72.00000  42.4%  88.1  388s
H 2920  2278                     125.0000000   72.00000  42.4%  87.0  435s
  2923  2280   83.00000   22  290  125.00000   72.00000  42.4%  86.9  440s
H 2923  2165                     123.0000000   72.00000  41.5%  86.9  445s
H 2925  2059                     121.0000000   72.00000  40.5%  86.9  452s
  2926  2059   91.00000   31  445  121.00000   72.00000  40.5%  86.9  455s
  2928  2061  105.00000   92  533  121.00000   72.03120  40.5%  86.8  473s
  2929  2061   75.00000   29  683  121.00000   72.05153  40.5%  86.8  477s
  2930  2062   95.00000   72  511  121.00000   72.18504  40.3%  86.7  486s
  2931  2063  100.00000   47  723  121.00000   72.19585  40.3%  86.7  490s
  2932  2063   91.00000   26  454  121.00000   72.31230  40.2%  86.7  500s
H 2933  1961                     120.0000000   72.31342  39.7%  86.7  510s
H 2934  1863                     119.0000000   72.36263  39.2%  86.6  516s
  2936  1864   87.00000   19  463  119.00000   72.36293  39.2%  86.6  525s
  2938  1865  110.00000  118  472  119.00000   72.37253  39.2%  86.5  535s
  2939  1866   83.00000   35  635  119.00000   72.37253  39.2%  86.5  541s
  2940  1867   86.00000   24  498  119.00000   72.37532  39.2%  86.4  551s
  2942  1868   79.00000   15  461  119.00000   72.37532  39.2%  86.4  562s
H 2942  1774                     117.0000000   72.37532  38.1%  86.4  564s
  2943  1775  108.00000   71  591  117.00000   72.37532  38.1%  86.4  565s
  2944  1775  117.00000   67  521  117.00000   72.37752  38.1%  86.3  575s
H 2944  1686                     116.0000000   72.37752  37.6%  86.3  577s
  2946  1688   94.00000   21  436  116.00000   72.37752  37.6%  86.3  587s
  2948  1689   89.00000   50  451  116.00000   72.37752  37.6%  86.2  600s
  2950  1690   80.00000   41  524  116.00000   72.37778  37.6%  86.2  609s
  2951  1691   91.00000   28  625  116.00000   72.37778  37.6%  86.1  612s
  2952  1692   94.00000   19  454  116.00000   72.37778  37.6%  86.1  622s
  2954  1693  105.00000   92  535  116.00000   72.38359  37.6%  86.0  631s
  2956  1694   83.00000   40  553  116.00000   72.38366  37.6%  86.0  644s
  2957  1695   83.00000   42  661  116.00000   72.38366  37.6%  85.9  646s
  2958  1696   94.00000   41  463  116.00000   72.38366  37.6%  85.9  650s
  2960  1697   91.00000   36  419  116.00000   72.38366  37.6%  85.9  657s
  2961  1698  116.00000   75  549  116.00000   72.38383  37.6%  85.8  662s
  2962  1698   95.00000   47  457  116.00000   72.38383  37.6%  85.8  668s
  2965  1702  104.00000   22  377  116.00000   72.38383  37.6%   149  678s
  2967  1703   91.00000   40  314  116.00000   72.89974  37.2%   149  709s
  2968  1704   87.00000   27  370  116.00000   72.89974  37.2%   149  714s
  2969  1705  116.00000  114  406  116.00000   72.89974  37.2%   149  715s
  2970  1705   88.00000   24  403  116.00000   72.89974  37.2%   149  720s
  2972  1707   90.00000   62  521  116.00000   72.90261  37.2%   149  729s
  2973  1707   93.00000   20  641  116.00000   72.91086  37.1%   149  732s
  2974  1708  110.00000   64  461  116.00000   72.94835  37.1%   149  739s
  2975  1709   73.00000   17  661  116.00000   72.94835  37.1%   149  743s
  2976  1709   80.00000   16  511  116.00000   72.94875  37.1%   149  754s
  2977  1710  106.00000  114  620  116.00000   72.94875  37.1%   149  759s
  2978  1711   95.00000   42  452  116.00000   72.94875  37.1%   149  769s
  2979  1711   82.00000   31  659  116.00000   72.94875  37.1%   149  774s
  2980  1712   78.00000    8  471  116.00000   72.94875  37.1%   149  787s
  2981  1713  101.00000   32  632  116.00000   72.94882  37.1%   148  790s
H 2981  1627                     115.0000000   72.94882  36.6%   148  799s
  2982  1627  104.00000   32  448  115.00000   72.94888  36.6%   148  802s
  2983  1628   98.00000   21  637  115.00000   72.94888  36.6%   148  806s
  2984  1629   79.00000   18  373  115.00000   72.94888  36.6%   148  814s
  2985  1629   92.00000   46  547  115.00000   72.94888  36.6%   148  818s
  2986  1630   95.00000   58  428  115.00000   72.94888  36.6%   148  826s
  2988  1631   74.00000   23  528  115.00000   72.94888  36.6%   148  839s
  2991  1635   95.00000   67  377  115.00000   72.94888  36.6%   184  848s
  2993  1636   97.00000   41  287  115.00000   72.94888  36.6%   183  880s
  2994  1637   91.00000   28  328  115.00000   72.94888  36.6%   183  887s
  2996  1638   98.00000   18  377  115.00000   72.94928  36.6%   183  893s
  2998  1640   84.00000   26  354  115.00000   72.95107  36.6%   183  898s
  3000  1641  100.00000   62  440  115.00000   72.95107  36.6%   183  907s
H 3000  1558                     115.0000000   72.95107  36.6%   183  911s
  3002  1559   81.00000   13  504  115.00000   72.95107  36.6%   183  926s
  3003  1560   82.00000   39  706  115.00000   72.95107  36.6%   183  931s
  3004  1561   91.00000   24  449  115.00000   72.95107  36.6%   183  939s
H 3004  1483                     113.0000000   72.95107  35.4%   183  942s
  3006  1484   88.00000   33  453  113.00000   72.95107  35.4%   183  953s
  3007  1485   95.00000   11  611  113.00000   72.95107  35.4%   183  956s
  3008  1485   74.00000   19  526  113.00000   72.95107  35.4%   183  966s
H 3008  1410                     111.0000000   72.95107  34.3%   183  970s
  3010  1412   92.30300   51  503  111.00000   72.95118  34.3%   182  981s
H 3011  1341                     109.0000000   72.95118  33.1%   182  985s
  3013  1346   72.96065   29  249  109.00000   72.95130  33.1%   216 1004s
  3015  1349   73.00000   30  354  109.00000   72.95233  33.1%   216 1008s
  3019  1356   73.00000   31  333  109.00000   72.95241  33.1%   216 1014s
  3027  1369   82.00000   32  291  109.00000   72.95242  33.1%   216 1019s
H 3043  1329                     107.0000000   72.95242  31.8%   215 1033s
H 3048  1263                     106.0000000   72.95242  31.2%   215 1033s
  3075  1286   82.00000   34  279  106.00000   72.95242  31.2%   214 1038s
H 3107  1246                     106.0000000   72.95242  31.2%   212 1325s
H 3108  1188                     105.0000000   72.95242  30.5%   212 1326s
H 3119  1129                     104.0000000   72.95242  29.9%   212 1326s
  3139  1155   82.00000   35  279  104.00000   72.95242  29.9%   211 1431s
  3171  1171   90.00000   35  253  104.00000   72.95242  29.9%   209 1891s
H 3174  1118                     104.0000000   72.95242  29.9%   209 1931s
H 3176  1067                     103.0000000   72.95242  29.2%   209 1958s
  3203  1122   82.00000   36  259  103.00000   72.95242  29.2%   208 2081s
  3267  1162   82.00000   37  259  103.00000   72.95242  29.2%   205 2131s
  3330  1198   82.00000   38  282  103.00000   72.95242  29.2%   202 2141s
  3392  1254   82.00000   39  288  103.00000   72.95242  29.2%   199 2156s
  3473  1311   82.00000   40  280  103.00000   72.95242  29.2%   195 2165s
  3557  1360   82.00000   41  282  103.00000   72.95242  29.2%   191 2174s
  3635  1458   82.00000   42  282  103.00000   72.95242  29.2%   188 2184s
  3762  1560   82.00000   44  278  103.00000   72.95242  29.2%   182 2199s
  3911  1673   82.00000   46  335  103.00000   72.95242  29.2%   176 2207s
  4088  1787   91.00000   49  325  103.00000   72.95242  29.2%   169 2217s
  4281  1758   84.00000   52  291  103.00000   72.95242  29.2%   163 2527s
H 4309  1702                     102.0000000   72.95242  28.5%   162 2529s
H 4313  1655                     101.0000000   72.95242  27.8%   161 2530s
  4318  1681   82.00000   53  308  101.00000   72.95242  27.8%   161 2543s
  4377  1716   91.00000   53  292  101.00000   72.95242  27.8%   160 2560s
  4438  1762   82.00000   54  308  101.00000   72.95242  27.8%   158 2568s
  4508  1809   82.00000   56  300  101.00000   72.95242  27.8%   156 2576s
  4581  1850   83.00000   57  280  101.00000   72.95242  27.8%   154 2585s
  4650  1893   82.00000   58  304  101.00000   72.95242  27.8%   152 2593s
  4716  1936   82.00000   60  296  101.00000   72.95242  27.8%   151 2661s
  4791  2190   82.00000   61  302  101.00000   72.95242  27.8%   149 2674s
  5087  2276   82.00000   64  298  101.00000   72.95242  27.8%   142 2688s
  5387  2431   82.00000   68  398  101.00000   72.95242  27.8%   135 2699s
  5690  2645   82.00000   71  335  101.00000   72.95242  27.8%   129 2705s
  5985  2633   83.00000   75  268  101.00000   72.95242  27.8%   123 2856s
  6051  2691   83.00000   75  272  101.00000   72.95242  27.8%   123 2886s
  6125  2759   83.00000   77  306  101.00000   72.95242  27.8%   122 2920s
  6201  2824   83.00000   78  263  101.00000   72.95242  27.8%   121 2932s
  6274  2900   83.00000   80  255  101.00000   72.95242  27.8%   120 2946s
  6354  2986   83.00000   81  257  101.00000   72.95242  27.8%   118 2954s
  6442  3498   83.00000   83  261  101.00000   72.95242  27.8%   117 2980s
  7004  3970   83.00000   91  272  101.00000   72.95242  27.8%   109 3224s
  7593  3988   83.00000   98  327  101.00000   72.95242  27.8%   102 3240s
  7667  4014   83.00000  101  317  101.00000   72.95242  27.8%   101 3283s
  7730  4068   83.00000  102  309  101.00000   72.95242  27.8%   101 3333s
  7820  4141   83.00000  103  307  101.00000   72.95242  27.8%   100 3349s
  7913  4566   85.00000  105  319  101.00000   72.95242  27.8%   100 3407s
  8363  5347   83.00000  113  341  101.00000   72.95242  27.8%  95.6 3428s
  9310  5326 infeasible  124       101.00000   72.95242  27.8%  87.4 3480s
  9411  5383   72.95347   41  396  101.00000   72.95242  27.8%  87.1 3518s
  9489  5457   75.95016   44  354  101.00000   72.95242  27.8%  86.9 3529s
  9585  5504   80.00000   46  321  101.00000   72.95242  27.8%  86.4 3633s
H 9587  5504                     101.0000000   72.95242  27.8%  86.4 3640s

Cutting planes:
  Learned: 4
  Gomory: 5
  Cover: 15
  Implied bound: 3
  Clique: 3
  MIR: 26
  StrongCG: 2
  Flow cover: 64
  Zero half: 2
  RLT: 15
  Relax-and-lift: 45

Explored 9632 nodes (862184 simplex iterations) in 3678.56 seconds (147.07 work units)
Thread count was 32 (of 32 available processors)

Solution count 10: 101 101 102 ... 107

Time limit reached
Best objective 1.009999999898e+02, best bound 7.295242249854e+01, gap 27.7699%

Wrote result file 'RCPSP_768.sol'

