
Gurobi 10.0.3 (linux64, gurobi_cl) logging started Thu Nov  2 11:35:22 2023

Set parameter Username
Set parameter TimeLimit to value 3600
Set parameter LogFile to value "RCPSP_661.log"
Set parameter Threads to value 32
Academic license - for non-commercial use only - expires 2024-10-30
Using license file /home/jrivera6/gurobi-licenses/v1003/compute-0-35/gurobi.lic

Gurobi Optimizer version 10.0.3 build v10.0.3rc0 (linux64)
Copyright (c) 2023, Gurobi Optimization, LLC

Read MPS format model from file RCPSP_661.mps
Reading time = 0.02 seconds
RCPSP_661: 19643 rows, 7750 columns, 60937 nonzeros

CPU model: Intel(R) Xeon(R) Gold 6130 CPU @ 2.10GHz, instruction set [SSE2|AVX|AVX2|AVX512]
Thread count: 32 physical cores, 32 logical processors, using up to 32 threads

Optimize a model with 19643 rows, 7750 columns and 60937 nonzeros
Model fingerprint: 0xaec2081d
Variable types: 62 continuous, 7688 integer (7688 binary)
Coefficient statistics:
  Matrix range     [1e+00, 3e+02]
  Objective range  [1e+00, 1e+00]
  Bounds range     [1e+00, 1e+00]
  RHS range        [1e+00, 3e+02]
Presolve removed 7102 rows and 2480 columns
Presolve time: 2.66s
Presolved: 12541 rows, 5270 columns, 40322 nonzeros
Variable types: 61 continuous, 5209 integer (5209 binary)

Root relaxation: objective 6.200000e+01, 1784 iterations, 0.06 seconds (0.02 work units)

    Nodes    |    Current Node    |     Objective Bounds      |     Work
 Expl Unexpl |  Obj  Depth IntInf | Incumbent    BestBd   Gap | It/Node Time

H    0     0                      62.0000000   62.00000  0.00%     -    2s
     0     0   62.00000    0    2   62.00000   62.00000  0.00%     -    2s

Explored 1 nodes (3414 simplex iterations) in 2.97 seconds (1.93 work units)
Thread count was 32 (of 32 available processors)

Solution count 1: 62 

Optimal solution found (tolerance 1.00e-04)
Best objective 6.200000000000e+01, best bound 6.200000000000e+01, gap 0.0000%

Wrote result file 'RCPSP_661.sol'

