
Gurobi 10.0.3 (linux64, gurobi_cl) logging started Thu Nov  9 11:51:32 2023

Set parameter Username
Set parameter TimeLimit to value 3600
Set parameter LogFile to value "RCPSP_1290.log"
Set parameter Threads to value 32
Academic license - for non-commercial use only - expires 2024-10-30
Using license file /home/jrivera6/gurobi-licenses/v1003/compute-0-37/gurobi.lic

Gurobi Optimizer version 10.0.3 build v10.0.3rc0 (linux64)
Copyright (c) 2023, Gurobi Optimization, LLC

Read MPS format model from file RCPSP_1290.mps
Reading time = 0.08 seconds
RCPSP_1290: 42975 rows, 17020 columns, 134609 nonzeros

CPU model: Intel(R) Xeon(R) Gold 6242 CPU @ 2.80GHz, instruction set [SSE2|AVX|AVX2|AVX512]
Thread count: 32 physical cores, 32 logical processors, using up to 32 threads

Optimize a model with 42975 rows, 17020 columns and 134609 nonzeros
Model fingerprint: 0x72ab8d1d
Variable types: 92 continuous, 16928 integer (16928 binary)
Coefficient statistics:
  Matrix range     [1e+00, 5e+02]
  Objective range  [1e+00, 1e+00]
  Bounds range     [1e+00, 1e+00]
  RHS range        [1e+00, 6e+02]
Presolve removed 9104 rows and 2093 columns (presolve time = 5s) ...
Presolve removed 14822 rows and 4106 columns
Presolve time: 9.09s
Presolved: 28153 rows, 12914 columns, 91419 nonzeros
Variable types: 91 continuous, 12823 integer (12823 binary)

Root simplex log...

Iteration    Objective       Primal Inf.    Dual Inf.      Time
       0    1.1300000e+02   1.015874e+05   0.000000e+00      9s
    4332    1.1300000e+02   0.000000e+00   0.000000e+00     10s

Root relaxation: objective 1.130000e+02, 4332 iterations, 0.16 seconds (0.06 work units)
Total elapsed time = 10.21s

    Nodes    |    Current Node    |     Objective Bounds      |     Work
 Expl Unexpl |  Obj  Depth IntInf | Incumbent    BestBd   Gap | It/Node Time

     0     0  113.00000    0  163          -  113.00000      -     -   10s
     0     0  113.00000    0  161          -  113.00000      -     -   10s
     0     0  113.00000    0  532          -  113.00000      -     -   26s
     0     0  113.00000    0  505          -  113.00000      -     -   26s
     0     0  113.00000    0  495          -  113.00000      -     -   27s
     0     0  113.00000    0   32          -  113.00000      -     -   35s
     0     0  113.00000    0  104          -  113.00000      -     -   37s
     0     0  113.00000    0   22          -  113.00000      -     -   41s
     0     0  113.00000    0   45          -  113.00000      -     -   42s
     0     0  113.00000    0   50          -  113.00000      -     -   46s
     0     0  113.00000    0  394          -  113.00000      -     -   47s
     0     0  113.00000    0   29          -  113.00000      -     -   52s
     0     0  113.00000    0   80          -  113.00000      -     -   54s
     0     0  113.00000    0   44          -  113.00000      -     -   58s
     0     0  113.00000    0   44          -  113.00000      -     -   59s
     0     0  113.00000    0   44          -  113.00000      -     -   59s
     0     0  113.00000    0   40          -  113.00000      -     -   59s
H    0     0                     544.0000000  113.00000  79.2%     -   61s
     0     0  113.00000    0   37  544.00000  113.00000  79.2%     -   62s
H    0     0                     152.0000000  113.00000  25.7%     -   70s
H    0     2                     149.0000000  113.00000  24.2%     -   83s
     0     2  113.00000    0   36  149.00000  113.00000  24.2%     -   83s
     1     4  113.00000    1   51  149.00000  113.00000  24.2%   916   94s
     3     5  113.00000    2   76  149.00000  113.00000  24.2%   567  102s
     7     9  113.00000    3   74  149.00000  113.00000  24.2%   309  105s
    12    12  113.00000    4   74  149.00000  113.00000  24.2%   195  111s
    21    19  113.00000    5   74  149.00000  113.00000  24.2%   153  123s
H   33    31                     144.0000000  113.00000  21.5%   165  139s
H   36    31                     143.0000000  113.00000  21.0%   155  139s
H   43    31                     141.0000000  113.00000  19.9%   165  139s
    52    55  113.00000    7   78  141.00000  113.00000  19.9%   201  146s
    82    79  113.00000    8   80  141.00000  113.00000  19.9%   189  152s
   114   104  121.00000    9  109  141.00000  113.00000  19.9%   188  167s
H  116   104                     137.0000000  113.00000  17.5%   185  167s
   146   125  121.00000   10  110  137.00000  113.00000  17.5%   152  172s
   178   151  121.00000   11  110  137.00000  113.00000  17.5%   137  176s
   252   216  121.00000   13  109  137.00000  113.00000  17.5%   103  185s
   327   277  121.00000   16  105  137.00000  113.00000  17.5%  86.3  200s
   379   318  121.00000   18  105  137.00000  113.00000  17.5%  81.5  208s
   423   356  121.00000   21  109  137.00000  113.00000  17.5%  79.2  214s
H  476   386                     122.0000000  113.00000  7.38%  73.3  365s
H  510   351                     120.0000000  113.00000  5.83%  69.9 1258s
H  514   351                     117.0000000  113.00000  3.42%  69.4 1258s
   515   351     cutoff   21       117.00000  113.00000  3.42%  69.3 1272s
   601    57  116.00000   12   37  117.00000  113.00000  3.42%  65.8 1721s
   603    58  116.00000   14   48  117.00000  113.00000  3.42%  65.6 2212s
   604    59  116.00000   12   35  117.00000  113.00000  3.42%  65.5 2332s
   606    60  116.00000   14  115  117.00000  113.07197  3.36%  65.3 2338s
   607    61  116.00000   16  201  117.00000  113.10435  3.33%  65.2 2340s
   608    62  116.00000   10  131  117.00000  113.53758  2.96%  65.1 2349s
   609    62  113.53758   10  163  117.00000  113.53758  2.96%  65.0 2355s
H  612    60                     113.9999995  114.00000  0.00%  64.6 2362s

Cutting planes:
  Gomory: 18
  Cover: 137
  Implied bound: 6
  Projected implied bound: 3
  Clique: 291
  MIR: 14
  StrongCG: 11
  Flow cover: 31
  RLT: 10
  Relax-and-lift: 10

Explored 612 nodes (101739 simplex iterations) in 2693.22 seconds (46.65 work units)
Thread count was 32 (of 32 available processors)

Solution count 10: 114 117 120 ... 152

Optimal solution found (tolerance 1.00e-04)
Best objective 1.139999995123e+02, best bound 1.139999995123e+02, gap 0.0000%

Wrote result file 'RCPSP_1290.sol'

