
Gurobi 10.0.3 (linux64, gurobi_cl) logging started Thu Nov  9 11:51:21 2023

Set parameter Username
Set parameter TimeLimit to value 3600
Set parameter LogFile to value "RCPSP_1285.log"
Set parameter Threads to value 32
Academic license - for non-commercial use only - expires 2024-10-30
Using license file /home/jrivera6/gurobi-licenses/v1003/compute-0-37/gurobi.lic

Gurobi Optimizer version 10.0.3 build v10.0.3rc0 (linux64)
Copyright (c) 2023, Gurobi Optimization, LLC

Read MPS format model from file RCPSP_1285.mps
Reading time = 0.05 seconds
RCPSP_1285: 42975 rows, 17020 columns, 134609 nonzeros

CPU model: Intel(R) Xeon(R) Gold 6242 CPU @ 2.80GHz, instruction set [SSE2|AVX|AVX2|AVX512]
Thread count: 32 physical cores, 32 logical processors, using up to 32 threads

Optimize a model with 42975 rows, 17020 columns and 134609 nonzeros
Model fingerprint: 0x837fa234
Variable types: 92 continuous, 16928 integer (16928 binary)
Coefficient statistics:
  Matrix range     [1e+00, 5e+02]
  Objective range  [1e+00, 1e+00]
  Bounds range     [1e+00, 1e+00]
  RHS range        [1e+00, 5e+02]
Presolve removed 9202 rows and 2135 columns (presolve time = 5s) ...
Presolve removed 14913 rows and 4115 columns
Presolve time: 8.32s
Presolved: 28062 rows, 12905 columns, 91095 nonzeros
Variable types: 91 continuous, 12814 integer (12814 binary)

Root simplex log...

Iteration    Objective       Primal Inf.    Dual Inf.      Time
       0    1.0600000e+02   1.019873e+05   0.000000e+00      9s
    4515    1.0600000e+02   0.000000e+00   0.000000e+00      9s

Root relaxation: objective 1.060000e+02, 4515 iterations, 0.26 seconds (0.10 work units)

    Nodes    |    Current Node    |     Objective Bounds      |     Work
 Expl Unexpl |  Obj  Depth IntInf | Incumbent    BestBd   Gap | It/Node Time

     0     0  106.00000    0   75          -  106.00000      -     -   10s
     0     0  106.00000    0   75          -  106.00000      -     -   10s
     0     0  107.00000    0  560          -  107.00000      -     -   28s
     0     0  107.00000    0  339          -  107.00000      -     -   29s
     0     0  107.00265    0  510          -  107.00265      -     -   40s
     0     0  107.00265    0  405          -  107.00265      -     -   40s
     0     0  108.00000    0  426          -  108.00000      -     -   41s
     0     0  108.00000    0  421          -  108.00000      -     -   41s
     0     0  108.00000    0  533          -  108.00000      -     -   41s
     0     0  108.00000    0  563          -  108.00000      -     -   45s
     0     0  108.00000    0  653          -  108.00000      -     -   46s
     0     0  108.00000    0  649          -  108.00000      -     -   46s
     0     0  108.00000    0  533          -  108.00000      -     -   48s
     0     0  108.00000    0  531          -  108.00000      -     -   48s
     0     0  108.00000    0  614          -  108.00000      -     -   53s
     0     0  108.00000    0  515          -  108.00000      -     -   54s
     0     0  108.00000    0  501          -  108.00000      -     -   55s
     0     0  108.00000    0  414          -  108.00000      -     -   55s
     0     0  108.00000    0  500          -  108.00000      -     -   57s
     0     0  108.00000    0  532          -  108.00000      -     -   57s
     0     0  108.00000    0  461          -  108.00000      -     -   58s
     0     0  108.00000    0  443          -  108.00000      -     -   58s
     0     0  108.00000    0  441          -  108.00000      -     -   58s
     0     0  108.00000    0   47          -  108.00000      -     -   69s
     0     0  108.00000    0  245          -  108.00000      -     -   70s
     0     0  108.00000    0   51          -  108.00000      -     -   77s
     0     0  108.00000    0  156          -  108.00000      -     -   78s
     0     0  108.00000    0  156          -  108.00000      -     -   79s
     0     0  108.00000    0  154          -  108.00000      -     -   79s
     0     0  108.00000    0   71          -  108.00000      -     -   83s
     0     0  108.00000    0  132          -  108.00000      -     -   87s
     0     0  108.00000    0  133          -  108.00000      -     -   88s
     0     0  108.00000    0  128          -  108.00000      -     -   88s
     0     0  108.00000    0   20          -  108.00000      -     -   91s
     0     0  108.00000    0  248          -  108.00000      -     -   92s
     0     0  108.00000    0   30          -  108.00000      -     -   99s
     0     0  108.00000    0   79          -  108.00000      -     -  101s
     0     0  108.00000    0   17          -  108.00000      -     -  106s
     0     0  108.00000    0   34          -  108.00000      -     -  107s
     0     0  108.00000    0   27          -  108.00000      -     -  113s
H    0     0                     419.0000000  108.00000  74.2%     -  120s
     0     0  108.00000    0   20  419.00000  108.00000  74.2%     -  121s
H    0     0                     398.0000000  108.00000  72.9%     -  128s
     0     2  108.00000    0   13  398.00000  108.00000  72.9%     -  134s
     1     4  108.00000    1   30  398.00000  108.00000  72.9%   940  138s
     3     8  108.00000    2  105  398.00000  108.00000  72.9%   402  149s
     7    10  108.00000    3  241  398.00000  108.00000  72.9%   507  159s
    15    19  108.06652    4  549  398.00000  108.00000  72.9%   340  167s
    25    36  108.07299    5  497  398.00000  108.00000  72.9%   296  180s
H   44    55                     334.0000000  108.00000  67.7%   356  480s
    45    55  108.00000    6  474  334.00000  108.00000  67.7%   370  494s
    46    55  108.00000    6  185  334.00000  108.00000  67.7%   367  512s
H   48    55                     166.0000000  108.00000  34.9%   368  529s
    49    55  108.00000    6  427  166.00000  108.00000  34.9%   378  536s
    76    73  110.00000    7  633  166.00000  108.00000  34.9%   372  780s
H  108    87                     153.0000000  108.00000  29.4%   359  974s
H  109    87                     147.0000000  108.00000  26.5%   359  974s
H  119    87                     146.0000000  108.00000  26.0%   356  974s
H  122    87                     145.0000000  108.00000  25.5%   354  975s
   140   107 infeasible    9       145.00000  108.00000  25.5%   355 1014s
   156   107  112.00000    9  621  145.00000  108.00000  25.5%   346 1015s
   172   137  110.00000    8  339  145.00000  108.00000  25.5%   328 1109s
   208   193  110.00000    9  339  145.00000  108.00000  25.5%   448 1447s
   268   243  110.00000   11  337  145.00000  108.00000  25.5%   414 1459s
   331   306  112.00000   13  350  145.00000  108.00000  25.5%   342 1470s
   405   475  112.00000   15  544  145.00000  108.00000  25.5%   284 1495s
   605   640  112.00000   17  544  145.00000  108.00000  25.5%   206 1596s
   800   883  112.00000   20  531  145.00000  108.00000  25.5%   177 1687s
  1091  1265  112.00000   24  528  145.00000  108.00000  25.5%   143 1837s
  1548  1465  112.00000   30  389  145.00000  108.00000  25.5%   115 1967s
H 1611  1465                     144.0000000  108.00000  25.0%   111 2000s
H 1644  1465                     120.0000000  108.00000  10.0%   110 2006s
H 1767  1465                     118.0000000  108.00000  8.47%   105 2015s
  1807  1869  112.00000   39  478  118.00000  108.00000  8.47%   104 2559s
  2156  1869  108.00000   35  226  118.00000  108.00000  8.47%  94.1 2562s
  2265  1869     cutoff   65       118.00000  108.00000  8.47%  96.6 2565s
  2390  2453  112.00000   55  504  118.00000  108.00000  8.47%   100 2896s
  3255  2064  108.00000   20   20  118.00000  108.00000  8.47%  84.7 3245s
  3257  2065  112.00000   54  105  118.00000  108.00000  8.47%  84.6 3578s

Cutting planes:
  Gomory: 45
  Cover: 36
  Implied bound: 58
  Projected implied bound: 4
  Clique: 56
  MIR: 270
  StrongCG: 11
  Flow cover: 643
  GUB cover: 1
  Zero half: 1
  RLT: 15
  Relax-and-lift: 54

Explored 3257 nodes (342464 simplex iterations) in 3694.26 seconds (60.79 work units)
Thread count was 32 (of 32 available processors)

Solution count 10: 118 120 144 ... 398

Time limit reached
Best objective 1.180000000000e+02, best bound 1.080000000000e+02, gap 8.4746%

Wrote result file 'RCPSP_1285.sol'

