
Gurobi 10.0.3 (linux64, gurobi_cl) logging started Thu Nov  9 11:47:15 2023

Set parameter Username
Set parameter TimeLimit to value 3600
Set parameter LogFile to value "RCPSP_1019.log"
Set parameter Threads to value 32
Academic license - for non-commercial use only - expires 2024-10-30
Using license file /home/jrivera6/gurobi-licenses/v1003/compute-0-34/gurobi.lic

Gurobi Optimizer version 10.0.3 build v10.0.3rc0 (linux64)
Copyright (c) 2023, Gurobi Optimization, LLC

Read MPS format model from file RCPSP_1019.mps
Reading time = 0.15 seconds
RCPSP_1019: 42919 rows, 17020 columns, 142834 nonzeros

CPU model: Intel(R) Xeon(R) Gold 6130 CPU @ 2.10GHz, instruction set [SSE2|AVX|AVX2|AVX512]
Thread count: 32 physical cores, 32 logical processors, using up to 32 threads

Optimize a model with 42919 rows, 17020 columns and 142834 nonzeros
Model fingerprint: 0x12e1853f
Variable types: 92 continuous, 16928 integer (16928 binary)
Coefficient statistics:
  Matrix range     [1e+00, 5e+02]
  Objective range  [1e+00, 1e+00]
  Bounds range     [1e+00, 1e+00]
  RHS range        [1e+00, 5e+02]
Presolve removed 7333 rows and 1642 columns
Presolve time: 2.88s
Presolved: 35586 rows, 15378 columns, 123574 nonzeros
Variable types: 91 continuous, 15287 integer (15287 binary)

Deterministic concurrent LP optimizer: primal and dual simplex (primal and dual model)
Showing first log only...

Root relaxation presolved: 35586 rows, 15378 columns, 123574 nonzeros


Root simplex log...

Iteration    Objective       Primal Inf.    Dual Inf.      Time
    2588    6.8000000e+01   0.000000e+00   0.000000e+00      5s
Concurrent spin time: 0.83s

Solved with dual simplex (dual model)

Root relaxation: objective 6.800000e+01, 17009 iterations, 2.84 seconds (0.13 work units)
Total elapsed time = 10.61s

    Nodes    |    Current Node    |     Objective Bounds      |     Work
 Expl Unexpl |  Obj  Depth IntInf | Incumbent    BestBd   Gap | It/Node Time

     0     0   68.00000    0   14          -   68.00000      -     -   11s
     0     0   68.00000    0  514          -   68.00000      -     -   40s
     0     0   68.00000    0  512          -   68.00000      -     -   41s
     0     0   68.00000    0    2          -   68.00000      -     -   67s
H    0     0                      68.0000000   68.00000  0.00%     -   72s
     0     0   68.00000    0   10   68.00000   68.00000  0.00%     -   72s

Cutting planes:
  Gomory: 7
  Implied bound: 35
  MIR: 73
  RLT: 76
  Relax-and-lift: 56

Explored 1 nodes (31786 simplex iterations) in 72.82 seconds (5.40 work units)
Thread count was 32 (of 32 available processors)

Solution count 1: 68 

Optimal solution found (tolerance 1.00e-04)
Best objective 6.800000000000e+01, best bound 6.800000000000e+01, gap 0.0000%

Wrote result file 'RCPSP_1019.sol'

