
Gurobi 10.0.3 (linux64, gurobi_cl) logging started Thu Nov  2 11:35:57 2023

Set parameter Username
Set parameter TimeLimit to value 3600
Set parameter LogFile to value "RCPSP_710.log"
Set parameter Threads to value 32
Academic license - for non-commercial use only - expires 2024-10-30
Using license file /home/jrivera6/gurobi-licenses/v1003/compute-0-35/gurobi.lic

Gurobi Optimizer version 10.0.3 build v10.0.3rc0 (linux64)
Copyright (c) 2023, Gurobi Optimization, LLC

Read MPS format model from file RCPSP_710.mps
Reading time = 0.02 seconds
RCPSP_710: 19643 rows, 7750 columns, 64658 nonzeros

CPU model: Intel(R) Xeon(R) Gold 6130 CPU @ 2.10GHz, instruction set [SSE2|AVX|AVX2|AVX512]
Thread count: 32 physical cores, 32 logical processors, using up to 32 threads

Optimize a model with 19643 rows, 7750 columns and 64658 nonzeros
Model fingerprint: 0xe24bc68e
Variable types: 62 continuous, 7688 integer (7688 binary)
Coefficient statistics:
  Matrix range     [1e+00, 3e+02]
  Objective range  [1e+00, 1e+00]
  Bounds range     [1e+00, 1e+00]
  RHS range        [1e+00, 3e+02]
Presolve removed 8383 rows and 3099 columns
Presolve time: 3.79s
Presolved: 11260 rows, 4651 columns, 38255 nonzeros
Variable types: 61 continuous, 4590 integer (4590 binary)

Root relaxation: objective 6.800000e+01, 1534 iterations, 0.03 seconds (0.01 work units)

    Nodes    |    Current Node    |     Objective Bounds      |     Work
 Expl Unexpl |  Obj  Depth IntInf | Incumbent    BestBd   Gap | It/Node Time

H    0     0                      68.0000000   68.00000  0.00%     -    3s
     0     0   68.00000    0  698   68.00000   68.00000  0.00%     -    3s

Explored 1 nodes (1534 simplex iterations) in 3.94 seconds (2.61 work units)
Thread count was 32 (of 32 available processors)

Solution count 1: 68 

Optimal solution found (tolerance 1.00e-04)
Best objective 6.800000000000e+01, best bound 6.800000000000e+01, gap 0.0000%

Wrote result file 'RCPSP_710.sol'

