
Gurobi 10.0.3 (linux64, gurobi_cl) logging started Fri Nov 10 18:40:44 2023

Set parameter Username
Set parameter TimeLimit to value 3600
Set parameter LogFile to value "RCPSP_1648.log"
Set parameter Threads to value 32
Academic license - for non-commercial use only - expires 2024-11-06
Using license file /home/jrivera6/gurobi-licenses/v1003/compute-0-36/gurobi.lic

Gurobi Optimizer version 10.0.3 build v10.0.3rc0 (linux64)
Copyright (c) 2023, Gurobi Optimization, LLC

Read MPS format model from file RCPSP_1648.mps
Reading time = 0.10 seconds
RCPSP_1648: 75251 rows, 29890 columns, 237025 nonzeros

CPU model: Intel(R) Xeon(R) Gold 6130 CPU @ 2.10GHz, instruction set [SSE2|AVX|AVX2|AVX512]
Thread count: 32 physical cores, 32 logical processors, using up to 32 threads

Optimize a model with 75251 rows, 29890 columns and 237025 nonzeros
Model fingerprint: 0xc544133d
Variable types: 122 continuous, 29768 integer (29768 binary)
Coefficient statistics:
  Matrix range     [1e+00, 7e+02]
  Objective range  [1e+00, 1e+00]
  Bounds range     [1e+00, 1e+00]
  RHS range        [1e+00, 7e+02]
Presolve removed 14131 rows and 2869 columns (presolve time = 5s) ...
Presolve removed 14131 rows and 2869 columns (presolve time = 10s) ...
Presolve removed 17627 rows and 3969 columns
Presolve time: 10.92s
Presolved: 57624 rows, 25921 columns, 189298 nonzeros
Variable types: 121 continuous, 25800 integer (25800 binary)

Deterministic concurrent LP optimizer: primal and dual simplex (primal and dual model)
Showing first log only...

Root relaxation presolved: 57623 rows, 25922 columns, 189296 nonzeros


Root simplex log...

Iteration    Objective       Primal Inf.    Dual Inf.      Time
       0    1.2137829e+02   1.053714e-02   1.881719e+08     13s
    3583    1.2100000e+02   0.000000e+00   0.000000e+00     14s
    3583    1.2100000e+02   0.000000e+00   0.000000e+00     14s
Concurrent spin time: 1.58s

Solved with dual simplex (primal model)

Root relaxation: objective 1.210000e+02, 8595 iterations, 3.73 seconds (0.35 work units)
Total elapsed time = 20.53s

    Nodes    |    Current Node    |     Objective Bounds      |     Work
 Expl Unexpl |  Obj  Depth IntInf | Incumbent    BestBd   Gap | It/Node Time

     0     0  121.00000    0  567          -  121.00000      -     -   27s
     0     0  121.00000    0  566          -  121.00000      -     -   28s
     0     0  121.00000    0 1574          -  121.00000      -     -   98s
     0     0  121.00000    0 1529          -  121.00000      -     -  101s
     0     0  121.00000    0 1420          -  121.00000      -     -  104s
     0     0  121.00000    0 1403          -  121.00000      -     -  105s
     0     0  121.00000    0 1401          -  121.00000      -     -  105s
     0     0  121.00000    0 1463          -  121.00000      -     -  108s
     0     0  121.00000    0 1414          -  121.00000      -     -  108s
     0     0  121.00000    0  197          -  121.00000      -     -  140s
     0     0  121.00000    0  462          -  121.00000      -     -  143s
     0     0  121.00000    0   59          -  121.00000      -     -  160s
     0     0  121.00000    0  141          -  121.00000      -     -  163s
     0     0  121.00000    0  330          -  121.00000      -     -  179s
     0     0  121.00000    0  329          -  121.00000      -     -  179s
     0     0  121.00000    0  415          -  121.00000      -     -  181s
     0     0  121.00000    0  109          -  121.00000      -     -  207s
     0     0  121.00000    0   99          -  121.00000      -     -  208s
     0     0  121.00000    0  390          -  121.00000      -     -  210s
     0     0  121.00000    0  384          -  121.00000      -     -  210s
     0     0  121.00000    0   72          -  121.00000      -     -  226s
     0     0  121.00000    0  463          -  121.00000      -     -  232s
     0     0  121.00000    0  415          -  121.00000      -     -  256s
H    0     0                     706.0000000  121.00000  82.9%     -  260s
     0     0  121.00000    0  178  706.00000  121.00000  82.9%     -  264s
H    0     0                     280.0000000  121.00000  56.8%     -  297s
     0     2  121.00000    0  145  280.00000  121.00000  56.8%     -  335s
     1     4  121.00000    1  141  280.00000  121.00000  56.8%  2911  345s
     3     8  121.00000    2  510  280.00000  121.00000  56.8%  1203  363s
     7    16  121.00000    3  458  280.00000  121.00000  56.8%   848  409s
    15    18  121.00000    4  558  280.00000  121.00000  56.8%  1219  439s
    31    22  121.00000    5  515  280.00000  121.00000  56.8%   902  481s
    49    36  121.00000    6  467  280.00000  121.00000  56.8%   641  525s
    71    55  121.00000    7  431  280.00000  121.00000  56.8%   731  558s
   101    55  133.00000    7  696  280.00000  121.00000  56.8%   849  560s
H  103    74                     235.0000000  121.00000  48.5%   848  715s
H  104    74                     232.0000000  121.00000  47.8%   841  715s
H  106    74                     231.0000000  121.00000  47.6%   841  715s
H  119    74                     230.0000000  121.00000  47.4%   777  715s
H  124    74                     228.0000000  121.00000  46.9%   767  716s
H  135    99                     221.0000000  121.00000  45.2%   715 5017s
H  138    99                     206.0000000  121.00000  41.3%   703 5021s
   148    99  141.00000    9  900  206.00000  121.00000  41.3%   671 5031s
H  162    99                     187.0000000  121.00000  35.3%   640 5057s

Cutting planes:
  Gomory: 29
  Lift-and-project: 3
  Cover: 142
  Implied bound: 388
  Clique: 4
  MIR: 1685
  StrongCG: 25
  Zero half: 2
  RLT: 852
  Relax-and-lift: 319

Explored 167 nodes (231922 simplex iterations) in 5074.49 seconds (96.55 work units)
Thread count was 32 (of 32 available processors)

Solution count 10: 187 206 221 ... 706

Time limit reached
Best objective 1.870000000000e+02, best bound 1.210000000000e+02, gap 35.2941%

Wrote result file 'RCPSP_1648.sol'

