
Gurobi 10.0.3 (linux64, gurobi_cl) logging started Thu Nov  2 11:35:03 2023

Set parameter Username
Set parameter TimeLimit to value 3600
Set parameter LogFile to value "RCPSP_625.log"
Set parameter Threads to value 32
Academic license - for non-commercial use only - expires 2024-10-30
Using license file /home/jrivera6/gurobi-licenses/v1003/compute-0-34/gurobi.lic

Gurobi Optimizer version 10.0.3 build v10.0.3rc0 (linux64)
Copyright (c) 2023, Gurobi Optimization, LLC

Read MPS format model from file RCPSP_625.mps
Reading time = 0.03 seconds
RCPSP_625: 19624 rows, 7750 columns, 71898 nonzeros

CPU model: Intel(R) Xeon(R) Gold 6130 CPU @ 2.10GHz, instruction set [SSE2|AVX|AVX2|AVX512]
Thread count: 32 physical cores, 32 logical processors, using up to 32 threads

Optimize a model with 19624 rows, 7750 columns and 71898 nonzeros
Model fingerprint: 0x423ee1d2
Variable types: 62 continuous, 7688 integer (7688 binary)
Coefficient statistics:
  Matrix range     [1e+00, 3e+02]
  Objective range  [1e+00, 1e+00]
  Bounds range     [1e+00, 1e+00]
  RHS range        [1e+00, 4e+02]
Presolve removed 7072 rows and 2448 columns
Presolve time: 2.87s
Presolved: 12552 rows, 5302 columns, 48251 nonzeros
Variable types: 61 continuous, 5241 integer (5241 binary)

Root relaxation: objective 7.000000e+01, 1732 iterations, 0.04 seconds (0.01 work units)

    Nodes    |    Current Node    |     Objective Bounds      |     Work
 Expl Unexpl |  Obj  Depth IntInf | Incumbent    BestBd   Gap | It/Node Time

     0     0   70.00000    0    4          -   70.00000      -     -    3s
     0     0   70.00000    0  163          -   70.00000      -     -    6s
     0     0   70.00000    0    2          -   70.00000      -     -    7s
     0     0   70.00000    0    2          -   70.00000      -     -    7s
     0     0   70.00000    0    4          -   70.00000      -     -    8s
     0     0   70.00000    0    6          -   70.00000      -     -    8s
H    0     0                      70.0000000   70.00000  0.00%     -    8s
     0     0   70.00000    0    2   70.00000   70.00000  0.00%     -    8s

Cutting planes:
  Gomory: 5
  Implied bound: 14
  MIR: 17
  RLT: 43
  Relax-and-lift: 5

Explored 1 nodes (6652 simplex iterations) in 9.04 seconds (2.91 work units)
Thread count was 32 (of 32 available processors)

Solution count 1: 70 

Optimal solution found (tolerance 1.00e-04)
Best objective 7.000000000000e+01, best bound 7.000000000000e+01, gap 0.0000%

Wrote result file 'RCPSP_625.sol'

