
Gurobi 10.0.3 (linux64, gurobi_cl) logging started Fri Nov 10 18:56:11 2023

Set parameter Username
Set parameter TimeLimit to value 3600
Set parameter LogFile to value "RCPSP_1693.log"
Set parameter Threads to value 32
Academic license - for non-commercial use only - expires 2024-11-06
Using license file /home/jrivera6/gurobi-licenses/v1003/compute-0-36/gurobi.lic

Gurobi Optimizer version 10.0.3 build v10.0.3rc0 (linux64)
Copyright (c) 2023, Gurobi Optimization, LLC

Read MPS format model from file RCPSP_1693.mps
Reading time = 0.16 seconds
RCPSP_1693: 75251 rows, 29890 columns, 251666 nonzeros

CPU model: Intel(R) Xeon(R) Gold 6130 CPU @ 2.10GHz, instruction set [SSE2|AVX|AVX2|AVX512]
Thread count: 32 physical cores, 32 logical processors, using up to 32 threads

Optimize a model with 75251 rows, 29890 columns and 251666 nonzeros
Model fingerprint: 0xaedc4116
Variable types: 122 continuous, 29768 integer (29768 binary)
Coefficient statistics:
  Matrix range     [1e+00, 7e+02]
  Objective range  [1e+00, 1e+00]
  Bounds range     [1e+00, 1e+00]
  RHS range        [1e+00, 7e+02]
Presolve removed 19010 rows and 4960 columns (presolve time = 5s) ...
Presolve removed 21014 rows and 5962 columns (presolve time = 10s) ...
Presolve removed 22772 rows and 6230 columns
Presolve time: 10.41s
Presolved: 52479 rows, 23660 columns, 181082 nonzeros
Variable types: 121 continuous, 23539 integer (23539 binary)

Deterministic concurrent LP optimizer: primal and dual simplex (primal and dual model)
Showing first log only...

Root relaxation presolved: 52473 rows, 23666 columns, 181070 nonzeros


Root simplex log...

Iteration    Objective       Primal Inf.    Dual Inf.      Time
       0    9.3411943e+01   6.300758e-03   2.540430e+08     33s
    3732    9.3000000e+01   0.000000e+00   0.000000e+00     33s
    3732    9.3000000e+01   0.000000e+00   0.000000e+00     33s
Concurrent spin time: 3.31s

Solved with dual simplex (primal model)

Root relaxation: objective 9.300000e+01, 7960 iterations, 21.05 seconds (0.36 work units)
Total elapsed time = 40.77s

    Nodes    |    Current Node    |     Objective Bounds      |     Work
 Expl Unexpl |  Obj  Depth IntInf | Incumbent    BestBd   Gap | It/Node Time

     0     0   93.00000    0  753          -   93.00000      -     -   70s
     0     0   93.00000    0  752          -   93.00000      -     -   82s
     0     0   93.05995    0 1858          -   93.05995      -     -  233s
     0     0   93.05995    0 1752          -   93.05995      -     -  236s
     0     0   93.05995    0 1683          -   93.05995      -     -  242s
     0     0   93.05995    0 1671          -   93.05995      -     -  243s
     0     0   93.05995    0 1636          -   93.05995      -     -  249s
     0     0   93.05995    0 1635          -   93.05995      -     -  251s
     0     0   93.05995    0 1635          -   93.05995      -     -  252s
     0     0   93.05995    0 1633          -   93.05995      -     -  252s
     0     0   93.68605    0 1793          -   93.68605      -     -  261s
     0     0   93.68605    0 1718          -   93.68605      -     -  261s
     0     0   94.76473    0 1684          -   94.76473      -     -  272s
     0     0   94.76473    0 1667          -   94.76473      -     -  272s
     0     0   95.89134    0 1726          -   95.89134      -     -  278s
     0     0   95.89134    0 1690          -   95.89134      -     -  279s
     0     0   95.89134    0 1670          -   95.89134      -     -  279s
     0     0   97.05995    0 1853          -   97.05995      -     -  286s
     0     0   97.05995    0 1699          -   97.05995      -     -  288s
     0     0   97.05995    0 1687          -   97.05995      -     -  288s
     0     0   97.05995    0 1697          -   97.05995      -     -  290s
     0     0   97.05995    0 1678          -   97.05995      -     -  290s
     0     0   97.22592    0 1686          -   97.22592      -     -  294s
     0     0   97.22592    0 1673          -   97.22592      -     -  296s
     0     0   98.24258    0 1764          -   98.24258      -     -  304s
     0     0   98.24258    0 1617          -   98.24258      -     -  305s
     0     0   98.24258    0 1568          -   98.24258      -     -  307s
     0     0   98.24258    0  867          -   98.24258      -     -  365s
     0     0   98.24258    0  863          -   98.24258      -     -  365s
     0     0   98.24258    0 1783          -   98.24258      -     -  388s
     0     0   98.24258    0 1734          -   98.24258      -     -  391s
     0     0   98.24258    0 1686          -   98.24258      -     -  392s
     0     0   98.24258    0 1807          -   98.24258      -     -  443s
     0     0   98.24258    0 2099          -   98.24258      -     -  450s
     0     0   98.24258    0 2094          -   98.24258      -     -  451s
     0     0   99.11433    0  932          -   99.11433      -     -  483s
     0     0   99.11433    0 1015          -   99.11433      -     -  487s
     0     0   99.11433    0  978          -   99.11433      -     -  487s
     0     0  101.00116    0 1545          -  101.00116      -     -  496s
     0     0  101.00116    0 1366          -  101.00116      -     -  499s
     0     0  101.00116    0 1357          -  101.00116      -     -  505s
     0     0  101.00116    0 1204          -  101.00116      -     -  507s
     0     0  101.00116    0 1180          -  101.00116      -     -  508s
     0     0  101.01612    0 1444          -  101.01612      -     -  515s
     0     0  101.01612    0 1340          -  101.01612      -     -  515s
     0     0  101.01612    0 1289          -  101.01612      -     -  516s
     0     0  101.01612    0 1399          -  101.01612      -     -  521s
     0     0  101.01612    0 1371          -  101.01612      -     -  522s
     0     0  101.01612    0 1361          -  101.01612      -     -  522s
     0     0  101.33057    0 1581          -  101.33057      -     -  540s
     0     0  101.33057    0 1562          -  101.33057      -     -  542s
     0     0  101.33057    0 1559          -  101.33057      -     -  542s
     0     0  101.35429    0 1504          -  101.35429      -     -  554s
     0     0  101.35429    0 1482          -  101.35429      -     -  556s
     0     0  101.35429    0 1549          -  101.35429      -     -  558s
     0     0  101.35429    0 1459          -  101.35429      -     -  559s
     0     0  101.35429    0 1698          -  101.35429      -     -  569s
     0     0  101.35429    0 1503          -  101.35429      -     -  571s
     0     0  101.35429    0 1480          -  101.35429      -     -  573s
     0     0  102.58179    0 1700          -  102.58179      -     -  584s
     0     0  102.58179    0 1638          -  102.58179      -     -  586s
     0     0  102.65471    0 1588          -  102.65471      -     -  603s
     0     0  102.65471    0 1500          -  102.65471      -     -  607s
     0     0  102.65471    0 1478          -  102.65471      -     -  610s
     0     0  102.65471    0 1463          -  102.65471      -     -  611s
     0     0  102.65471    0 1460          -  102.65471      -     -  611s
     0     0  102.65892    0 1833          -  102.65892      -     -  624s
     0     0  102.65892    0 1757          -  102.65892      -     -  627s
     0     0  102.65892    0 1617          -  102.65892      -     -  630s
     0     0  102.65892    0 1571          -  102.65892      -     -  632s
     0     0  102.65892    0 1567          -  102.65892      -     -  633s
     0     0  102.65892    0 1622          -  102.65892      -     -  647s
     0     0  102.65892    0 1720          -  102.65892      -     -  649s
     0     0  102.65892    0 1525          -  102.65892      -     -  651s
     0     0  102.65892    0 1623          -  102.65892      -     -  653s
     0     0  102.65892    0 1612          -  102.65892      -     -  654s
     0     0  102.66772    0 1597          -  102.66772      -     -  662s
     0     0  102.66772    0 1593          -  102.66772      -     -  662s
     0     0  102.68520    0 1523          -  102.68520      -     -  674s
     0     0  102.68520    0 1459          -  102.68520      -     -  677s
     0     0  102.68520    0 1479          -  102.68520      -     -  680s
     0     0  102.68520    0 1557          -  102.68520      -     -  681s
     0     0  102.68520    0 1492          -  102.68520      -     -  684s
     0     0  102.68520    0 1447          -  102.68520      -     -  686s
     0     0  102.68520    0 1449          -  102.68520      -     -  686s
     0     0  102.68520    0 1674          -  102.68520      -     -  709s
     0     0  102.68520    0 1644          -  102.68520      -     -  711s
     0     0  102.68520    0 1591          -  102.68520      -     -  712s
     0     0  103.07395    0 1531          -  103.07395      -     -  728s
     0     0  103.07395    0 1487          -  103.07395      -     -  730s
     0     0  103.07395    0 1548          -  103.07395      -     -  732s
     0     0  103.07395    0 1547          -  103.07395      -     -  732s
     0     0  103.08455    0 1646          -  103.08455      -     -  765s
     0     0  103.08455    0 1610          -  103.08455      -     -  765s
     0     0  103.08455    0 1508          -  103.08455      -     -  776s
     0     0  103.08455    0 1620          -  103.08455      -     -  779s
     0     0  103.08455    0 1496          -  103.08455      -     -  781s
     0     0  103.08455    0 1563          -  103.08455      -     -  782s
     0     0  103.08455    0 1654          -  103.08455      -     -  806s
     0     0  103.08455    0 1644          -  103.08455      -     -  807s
     0     0  103.08455    0 1700          -  103.08455      -     -  818s
     0     0  103.08455    0 1637          -  103.08455      -     -  821s
     0     0  103.08455    0 1510          -  103.08455      -     -  822s
     0     0  103.08455    0 1510          -  103.08455      -     -  823s
     0     0  103.17773    0 1694          -  103.17773      -     -  843s
     0     0  103.18735    0 1757          -  103.18735      -     -  864s
     0     0  103.18735    0 1782          -  103.18735      -     -  868s
     0     0  103.18735    0 1707          -  103.18735      -     -  871s
     0     0  103.18735    0 1686          -  103.18735      -     -  873s
     0     0  103.18735    0 1731          -  103.18735      -     -  897s
     0     0  103.18735    0 1637          -  103.18735      -     -  900s
     0     0  103.18735    0 1581          -  103.18735      -     -  901s
     0     0  103.18735    0 1585          -  103.18735      -     -  919s
     0     0  103.18735    0 1562          -  103.18735      -     -  948s
     0     0  103.18735    0 1548          -  103.18735      -     -  950s
     0     0  103.18735    0 1468          -  103.18735      -     -  952s
     0     0  103.18735    0 1457          -  103.18735      -     -  953s
     0     0  103.18735    0 1638          -  103.18735      -     -  961s
     0     0  103.18735    0 1633          -  103.18735      -     -  961s
     0     0  103.18735    0 1751          -  103.18735      -     -  974s
     0     0  103.18735    0 1679          -  103.18735      -     -  976s
     0     0  103.18735    0 1673          -  103.18735      -     -  976s
     0     0  103.18735    0  968          -  103.18735      -     - 1015s
     0     0  103.18735    0  965          -  103.18735      -     - 1015s
     0     0  103.18735    0 1312          -  103.18735      -     - 1025s
     0     0  103.18735    0 1427          -  103.18735      -     - 1028s
     0     0  103.18735    0 1529          -  103.18735      -     - 1030s
     0     0  103.18735    0 1463          -  103.18735      -     - 1031s
     0     0  103.18735    0 1096          -  103.18735      -     - 1064s
     0     0  103.18735    0 1092          -  103.18735      -     - 1065s
     0     0  103.18735    0 1525          -  103.18735      -     - 1079s
     0     0  103.18735    0 1647          -  103.18735      -     - 1081s
     0     0  103.18735    0 1646          -  103.18735      -     - 1081s
     0     0  103.18735    0 1644          -  103.18735      -     - 1081s
     0     0  103.18735    0  941          -  103.18735      -     - 1114s
     0     0  103.18735    0  934          -  103.18735      -     - 1147s
     0     2  103.18735    0  861          -  103.18735      -     - 1283s
     1     5  106.05995    1  899          -  104.54691      -  4746 1362s
     3     8  106.05995    2  899          -  105.32283      -  1739 1821s
     7    14  106.05995    3  897          -  105.32283      -   911 2308s
    15    27  106.05995    4 1488          -  105.32283      -   668 2448s
    29    53  106.05995    5 1454          -  105.32283      -  1354 2962s
    56    82  106.05995    6 1846          -  105.32283      -  1148 3247s
    88   111  106.05995    7 1651          -  105.36192      -  1452 3325s
   120   138  106.05995    8 1567          -  105.36192      -  1457 3354s
   152   166  106.05995    9 1530          -  105.36192      -  1207 3388s
   184   198  106.05995   10 1515          -  105.36192      -  1048 3425s
   219   230  106.05995   11 1671          -  105.36192      -   934 3461s
   252   261  106.05995   12 1658          -  105.36192      -   871 3489s
   288   293  106.05995   13 1609          -  105.36192      -   791 3514s
   324   330  106.05995   14 1615          -  105.36192      -   722 3541s
   363   370  106.05995   15 1615          -  105.36192      -   671 3559s
   406   405  106.05995   16 1583          -  105.36192      -   611 3577s
   450   443  106.05995   17 1562          -  105.36192      -   565 3611s

Cutting planes:
  Learned: 11
  Gomory: 31
  Lift-and-project: 3
  Cover: 173
  Implied bound: 119
  Clique: 19
  MIR: 4212
  StrongCG: 19
  Inf proof: 1
  Zero half: 10
  RLT: 926
  Relax-and-lift: 245
  PSD: 3

Explored 498 nodes (557956 simplex iterations) in 3612.89 seconds (205.08 work units)
Thread count was 32 (of 32 available processors)

Solution count 0

Time limit reached
Best objective -, best bound 1.053619226623e+02, gap -

Unable to retrieve attribute 'X'

