
Gurobi 10.0.3 (linux64, gurobi_cl) logging started Thu Nov  2 11:34:05 2023

Set parameter Username
Set parameter TimeLimit to value 3600
Set parameter LogFile to value "RCPSP_377.log"
Set parameter Threads to value 32
Academic license - for non-commercial use only - expires 2024-10-30
Using license file /home/jrivera6/gurobi-licenses/v1003/compute-0-35/gurobi.lic

Gurobi Optimizer version 10.0.3 build v10.0.3rc0 (linux64)
Copyright (c) 2023, Gurobi Optimization, LLC

Read MPS format model from file RCPSP_377.mps
Reading time = 0.01 seconds
RCPSP_377: 5349 rows, 2080 columns, 17064 nonzeros

CPU model: Intel(R) Xeon(R) Gold 6130 CPU @ 2.10GHz, instruction set [SSE2|AVX|AVX2|AVX512]
Thread count: 32 physical cores, 32 logical processors, using up to 32 threads

Optimize a model with 5349 rows, 2080 columns and 17064 nonzeros
Model fingerprint: 0x97e460d4
Variable types: 32 continuous, 2048 integer (2048 binary)
Coefficient statistics:
  Matrix range     [1e+00, 2e+02]
  Objective range  [1e+00, 1e+00]
  Bounds range     [1e+00, 1e+00]
  RHS range        [1e+00, 2e+02]
Presolve removed 3167 rows and 1239 columns
Presolve time: 0.25s
Presolved: 2182 rows, 841 columns, 6947 nonzeros
Variable types: 31 continuous, 810 integer (810 binary)

Root relaxation: objective 6.300000e+01, 293 iterations, 0.00 seconds (0.00 work units)

    Nodes    |    Current Node    |     Objective Bounds      |     Work
 Expl Unexpl |  Obj  Depth IntInf | Incumbent    BestBd   Gap | It/Node Time

     0     0   63.00000    0    4          -   63.00000      -     -    0s
H    0     0                      69.0000000   63.00000  8.70%     -    0s
H    0     0                      65.0000000   63.00000  3.08%     -    0s
     0     0   63.00000    0   48   65.00000   63.00000  3.08%     -    0s
     0     0   63.00000    0   48   65.00000   63.00000  3.08%     -    0s
     0     0   63.00000    0   65   65.00000   63.00000  3.08%     -    0s
     0     0   63.00000    0   11   65.00000   63.00000  3.08%     -    4s
     0     0   63.00000    0   42   65.00000   63.00000  3.08%     -    5s
     0     0   63.00000    0   13   65.00000   63.00000  3.08%     -    6s
     0     0   63.00000    0   22   65.00000   63.00000  3.08%     -    7s
     0     0   64.00000    0   21   65.00000   64.00000  1.54%     -    8s
     0     0   64.00000    0   11   65.00000   64.00000  1.54%     -    9s
     0     0   64.00000    0   10   65.00000   64.00000  1.54%     -    9s
H    0     0                      64.9999990   64.00000  1.54%     -   10s
     0     0   64.10000    0   19   65.00000   64.10000  1.38%     -   10s

Cutting planes:
  Cover: 12
  Implied bound: 11
  Clique: 6
  MIR: 21
  Flow cover: 6
  RLT: 5
  Relax-and-lift: 16

Explored 1 nodes (2796 simplex iterations) in 10.95 seconds (0.41 work units)
Thread count was 32 (of 32 available processors)

Solution count 3: 65 65 69 

Optimal solution found (tolerance 1.00e-04)
Best objective 6.499999900330e+01, best bound 6.499999900330e+01, gap 0.0000%

Wrote result file 'RCPSP_377.sol'

