
Gurobi 10.0.3 (linux64, gurobi_cl) logging started Thu Nov  9 11:48:19 2023

Set parameter Username
Set parameter TimeLimit to value 3600
Set parameter LogFile to value "RCPSP_1159.log"
Set parameter Threads to value 32
Academic license - for non-commercial use only - expires 2024-10-30
Using license file /home/jrivera6/gurobi-licenses/v1003/compute-0-37/gurobi.lic

Gurobi Optimizer version 10.0.3 build v10.0.3rc0 (linux64)
Copyright (c) 2023, Gurobi Optimization, LLC

Read MPS format model from file RCPSP_1159.mps
Reading time = 0.05 seconds
RCPSP_1159: 42947 rows, 17020 columns, 134581 nonzeros

CPU model: Intel(R) Xeon(R) Gold 6242 CPU @ 2.80GHz, instruction set [SSE2|AVX|AVX2|AVX512]
Thread count: 32 physical cores, 32 logical processors, using up to 32 threads

Optimize a model with 42947 rows, 17020 columns and 134581 nonzeros
Model fingerprint: 0x113b25cd
Variable types: 92 continuous, 16928 integer (16928 binary)
Coefficient statistics:
  Matrix range     [1e+00, 4e+02]
  Objective range  [1e+00, 1e+00]
  Bounds range     [1e+00, 1e+00]
  RHS range        [1e+00, 4e+02]
Presolve removed 7829 rows and 1979 columns
Presolve time: 3.27s
Presolved: 35118 rows, 15041 columns, 113511 nonzeros
Variable types: 91 continuous, 14950 integer (14950 binary)

Deterministic concurrent LP optimizer: primal and dual simplex (primal and dual model)
Showing first log only...

Root relaxation presolved: 35118 rows, 15041 columns, 113511 nonzeros

Concurrent spin time: 0.19s

Solved with dual simplex (dual model)

Root relaxation: objective 7.600000e+01, 16425 iterations, 1.00 seconds (0.15 work units)

    Nodes    |    Current Node    |     Objective Bounds      |     Work
 Expl Unexpl |  Obj  Depth IntInf | Incumbent    BestBd   Gap | It/Node Time

H    0     0                      76.0000000   76.00000  0.00%     -    4s
     0     0   76.00000    0 2724   76.00000   76.00000  0.00%     -    4s

Explored 1 nodes (16620 simplex iterations) in 4.65 seconds (2.68 work units)
Thread count was 32 (of 32 available processors)

Solution count 1: 76 

Optimal solution found (tolerance 1.00e-04)
Best objective 7.600000000000e+01, best bound 7.600000000000e+01, gap 0.0000%

Wrote result file 'RCPSP_1159.sol'

