
Gurobi 10.0.3 (linux64, gurobi_cl) logging started Thu Nov  2 11:35:31 2023

Set parameter Username
Set parameter TimeLimit to value 3600
Set parameter LogFile to value "RCPSP_684.log"
Set parameter Threads to value 32
Academic license - for non-commercial use only - expires 2024-10-30
Using license file /home/jrivera6/gurobi-licenses/v1003/compute-0-38/gurobi.lic

Gurobi Optimizer version 10.0.3 build v10.0.3rc0 (linux64)
Copyright (c) 2023, Gurobi Optimization, LLC

Read MPS format model from file RCPSP_684.mps
Reading time = 0.02 seconds
RCPSP_684: 19643 rows, 7750 columns, 64658 nonzeros

CPU model: Intel(R) Xeon(R) Gold 6242 CPU @ 2.80GHz, instruction set [SSE2|AVX|AVX2|AVX512]
Thread count: 32 physical cores, 32 logical processors, using up to 32 threads

Optimize a model with 19643 rows, 7750 columns and 64658 nonzeros
Model fingerprint: 0xb92992d5
Variable types: 62 continuous, 7688 integer (7688 binary)
Coefficient statistics:
  Matrix range     [1e+00, 3e+02]
  Objective range  [1e+00, 1e+00]
  Bounds range     [1e+00, 1e+00]
  RHS range        [1e+00, 3e+02]
Presolve removed 10805 rows and 4198 columns
Presolve time: 3.14s
Presolved: 8838 rows, 3552 columns, 29003 nonzeros
Variable types: 61 continuous, 3491 integer (3491 binary)

Root relaxation: objective 6.900000e+01, 1162 iterations, 0.01 seconds (0.01 work units)

    Nodes    |    Current Node    |     Objective Bounds      |     Work
 Expl Unexpl |  Obj  Depth IntInf | Incumbent    BestBd   Gap | It/Node Time

     0     0   69.00000    0   65          -   69.00000      -     -    3s
     0     0   69.00000    0  284          -   69.00000      -     -    5s
     0     0   69.02612    0  276          -   69.02612      -     -    5s
     0     0   71.80247    0  206          -   71.80247      -     -    7s
     0     0   71.80247    0  235          -   71.80247      -     -    8s
     0     0   71.80247    0  418          -   71.80247      -     -    8s
     0     0   71.80247    0  379          -   71.80247      -     -    8s
     0     0   71.80691    0  278          -   71.80691      -     -    9s
     0     0   71.80691    0  263          -   71.80691      -     -    9s
     0     0   71.97871    0  377          -   71.97871      -     -   10s
     0     0   72.01378    0  429          -   72.01378      -     -   10s
     0     0   72.22006    0  356          -   72.22006      -     -   10s
     0     0   72.26787    0  349          -   72.26787      -     -   10s
     0     0   72.27828    0  336          -   72.27828      -     -   11s
     0     0   72.27828    0  305          -   72.27828      -     -   11s
     0     0   72.52737    0  376          -   72.52737      -     -   11s
     0     0   72.56338    0  373          -   72.56338      -     -   11s
     0     0   72.57705    0  351          -   72.57705      -     -   11s
     0     0   72.66068    0  344          -   72.66068      -     -   12s
     0     0   72.66068    0  338          -   72.66068      -     -   12s
     0     0   72.75410    0  334          -   72.75410      -     -   12s
     0     0   72.75410    0  339          -   72.75410      -     -   13s
     0     0   72.85264    0  385          -   72.85264      -     -   13s
     0     0   72.93312    0  354          -   72.93312      -     -   13s
     0     0   72.93312    0  352          -   72.93312      -     -   13s
     0     0   73.43370    0  345          -   73.43370      -     -   14s
     0     0   73.43370    0  344          -   73.43370      -     -   14s
     0     0   73.43370    0  319          -   73.43370      -     -   14s
     0     0   73.43370    0  335          -   73.43370      -     -   15s
     0     0   73.43370    0  261          -   73.43370      -     -   16s
     0     0   73.43370    0  351          -   73.43370      -     -   17s
     0     0   73.43370    0  238          -   73.43370      -     -   18s
     0     0   73.43370    0  243          -   73.43370      -     -   18s
     0     0   73.43370    0  236          -   73.43370      -     -   19s
H    0     0                     296.0000000   73.43370  75.2%     -   20s
     0     0   73.43370    0  173  296.00000   73.43370  75.2%     -   20s
H    0     0                     288.0000000   73.43370  74.5%     -   22s
     0     2   73.43370    0  135  288.00000   73.43370  74.5%     -   24s
     1     4   75.00000    1  131  288.00000   75.00000  74.0%  1333   25s
    29    43   83.00000    5  223  288.00000   76.00000  73.6%   408   31s
H   30    43                     281.0000000   76.00000  73.0%   395   31s
H   84    81                     208.0000000   79.00000  62.0%   272   59s
H   88    81                     195.0000000   79.00000  59.5%   261   59s
H   91    81                     193.0000000   79.00000  59.1%   254   59s
H   94    81                     187.0000000   79.00000  57.8%   247   59s
   116   108   83.00000    8  227  187.00000   79.00000  57.8%   217   75s
H  132   108                     175.0000000   79.00000  54.9%   194   75s
H  143   108                     173.0000000   79.00000  54.3%   182   75s
   180   155   83.00000   10  225  173.00000   79.00000  54.3%   150   92s
   418   399   85.00000   17  229  173.00000   79.00000  54.3%  76.7   95s
   977   916   97.00000   30  223  173.00000   79.00000  54.3%  44.3  100s
H 1155   945                     156.0000000   79.00000  49.4%  39.8  110s
H 1162   945                     152.0000000   79.00000  48.0%  39.6  110s
H 1168   945                     150.0000000   79.00000  47.3%  39.6  110s
  2436  2175  102.00000   66  176  150.00000   79.00000  47.3%  25.9  115s
  3571  3071 infeasible  100       150.00000   79.00000  47.3%  21.8  120s
H 4223  3320                     142.0000000   79.00000  44.4%  20.1  132s
  4226  3322  105.00000   53  114  142.00000   79.00000  44.4%  20.1  135s
H 4228  3157                     139.0000000   79.00000  43.2%  20.0  140s
  4234  3161   99.00000   47  208  139.00000   79.00000  43.2%  20.0  146s
H 4235  3003                     137.0000000   79.00000  42.3%  20.0  149s
H 4235  2853                     136.0000000   79.00000  41.9%  20.0  149s
H 4236  2713                     134.0000000   79.00000  41.0%  25.8  156s
  4239  2718   79.00000   14  155  134.00000   79.00000  41.0%  26.1  161s
  4243  2725   79.00000   15  216  134.00000   79.00000  41.0%  26.1  165s
  4267  2765   83.00000   17  298  134.00000   79.00000  41.0%  28.0  173s
  4299  2786   83.00000   18  237  134.00000   79.00000  41.0%  30.0  175s
H 4363  2692                     133.0000000   79.00000  40.6%  32.3  197s
H 4364  2562                     131.0000000   79.00000  39.7%  32.3  197s
H 4371  2437                     130.0000000   79.00000  39.2%  32.5  197s
H 4374  2320                     127.0000000   79.00000  37.8%  32.5  197s
  4427  2373   83.00000   20  198  127.00000   79.00000  37.8%  33.0  202s
  4466  2392   86.00000   20  184  127.00000   79.00000  37.8%  33.3  210s
  4542  2450   86.00000   22  184  127.00000   79.00000  37.8%  33.6  215s
  4732  2550 infeasible   25       127.00000   79.00000  37.8%  33.8  221s
  5010  2696   91.00000   28  234  127.00000   79.00000  37.8%  33.1  226s
  5327  3008   91.00000   30  247  127.00000   79.00000  37.8%  32.1  230s
H 5523  2858                     126.0000000   79.00000  37.3%  31.4  233s
  5548  3054   91.00000   31  240  126.00000   79.00000  37.3%  31.4  235s
  6032  3128   92.00000   38  268  126.00000   79.00000  37.3%  30.4  241s
  6674  3417   94.00000   50  220  126.00000   79.00000  37.3%  29.3  248s
  6711  3700   92.00000   50  214  126.00000   79.00000  37.3%  29.5  251s
  7073  3798   92.00000   56  192  126.00000   79.00000  37.3%  28.8  255s
H 7168  3637                     124.0000000   79.00000  36.3%  28.8  255s
H 7331  3342                     120.0000000   79.00000  34.2%  28.5  255s
H 7340  2996                     114.0000000   79.00000  30.7%  28.4  255s
  7350  2823   94.00000   61  182  114.00000   79.00000  30.7%  28.4  260s
  7473  2804   94.00000   61  213  114.00000   79.00000  30.7%  29.1  265s
H 7516  2511                     112.0000000   79.00000  29.5%  29.7  281s
  7613  2810   94.00000   63  188  112.00000   79.00000  29.5%  30.4  285s
  8337  2927  105.00000   82  160  112.00000   79.00000  29.5%  30.1  292s
  8578  3174  106.00000   87  143  112.00000   79.00000  29.5%  30.6  296s
  8788  3140  106.00000   93  139  112.00000   79.00000  29.5%  30.6  300s
  9399  3758  106.00000  103  114  112.00000   79.00000  29.5%  30.3  305s
  9871  3766  106.00000  110   84  112.00000   79.00000  29.5%  29.7  310s
 10576  4251  106.00000  125   58  112.00000   79.00000  29.5%  29.6  318s
 10655  4710  106.00000  126   56  112.00000   79.00000  29.5%  30.1  321s
 11220  4728  106.00000  137   40  112.00000   79.00000  29.5%  29.6  326s
*11287  4689             138     112.0000000   79.00000  29.5%  29.8  326s
 12053  5750  106.00000  150   22  112.00000   79.00000  29.5%  28.9  332s
 12834  5726 infeasible  164       112.00000   79.00000  29.5%  28.2  338s
H12843  5436                     111.0000000   79.00000  28.8%  28.3  338s
H12859  5144                     110.0000000   79.00000  28.2%  28.4  338s
 12920  5185   82.00000   19  234  110.00000   79.00000  28.2%  28.9  343s
 13002  5702   82.00000   22  223  110.00000   79.00000  28.2%  29.2  347s
 13648  6261 infeasible   38       110.00000   79.00000  28.2%  29.1  350s
 14507  6274 infeasible   70       110.00000   80.87927  26.5%  28.5  357s
 14583  6862   82.00000   19  275  110.00000   80.87927  26.5%  29.2  360s
 15481  6897   89.00000   32  215  110.00000   80.87927  26.5%  28.6  366s
*15545  6352             140     109.0000000   80.87927  25.8%  28.7  366s
 15606  6961   89.00000   35  211  109.00000   80.87927  25.8%  29.0  370s
H16567  6930                     108.0000000   80.87927  25.1%  28.5  374s
H17037  6484                     107.0000000   80.87927  24.4%  28.2  374s
 17235  6357 infeasible   43       107.00000   80.87927  24.4%  28.1  382s
 17340  6689  106.00000   44  166  107.00000   80.87927  24.4%  28.7  386s
 17765  6735  106.00000   64  137  107.00000   80.87927  24.4%  28.5  391s
 17896  7498  106.00000   83   83  107.00000   80.89503  24.4%  28.7  396s
 19106  7875   85.00000   25  301  107.00000   80.89503  24.4%  28.2  401s
H19519  7847                     107.0000000   80.89503  24.4%  28.4  401s
 19721  7919   92.00000   30  230  107.00000   80.89503  24.4%  28.7  407s
 19821  8678   89.50000   32  227  107.00000   80.89503  24.4%  28.9  411s
 20961  9133  104.00000   46  267  107.00000   80.89503  24.4%  28.7  417s
 21850  9163   98.00000   33  140  107.00000   80.89503  24.4%  28.3  422s
 21968 10249   99.00000   37  139  107.00000   80.89503  24.4%  28.7  428s
 23619 10886   85.00000   30  218  107.00000   81.56602  23.8%  27.8  432s
*24811  9716             129     106.0000000   81.56602  23.1%  27.5  432s
 24839  9625  103.00000   53  213  106.00000   81.56602  23.1%  27.5  440s
 24938 10472  103.00000   56  179  106.00000   81.92308  22.7%  28.0  445s
 26185 10493   95.56250   29  263  106.00000   81.99035  22.7%  28.0  452s
 26282 11436   95.56250   30  252  106.00000   81.99035  22.7%  28.3  458s
*27294 10706             134     105.0000000   81.99035  21.9%  28.2  458s
 27809 10676   88.56250   29  246  105.00000   81.99035  21.9%  28.0  465s
 27914 11214   96.00000   32  230  105.00000   81.99035  21.9%  28.4  471s
 28737 11564  102.00000   53  219  105.00000   81.99035  21.9%  28.4  478s
H28790 10660                     104.0000000   81.99035  21.2%  28.3  478s
 29319 10770 infeasible   96       104.00000   81.99035  21.2%  28.5  502s
 29530 13957   85.18661   31  212  104.00000   81.99035  21.2%  29.0  521s
 34618 13946 infeasible   31       104.00000   81.99544  21.2%  28.2  531s
H34628 13927                     104.0000000   81.99544  21.2%  28.2  531s
 34746 14061   88.00000   35  261  104.00000   81.99544  21.2%  28.6  540s
 34938 15229   90.00000   41  211  104.00000   82.00000  21.2%  28.7  547s
 36998 16064   82.77801   30  312  104.00000   82.00000  21.2%  28.5  556s
H37155 13733                     102.0000000   82.00000  19.6%  28.5  556s
H37814 11672                     100.0000000   82.00000  18.0%  28.5  556s
 38478 11424 infeasible   38       100.00000   82.00000  18.0%  28.6  569s
 38619 12343   90.00000   37  278  100.00000   82.00000  18.0%  29.0  576s
 40245 13379 infeasible   44       100.00000   82.00000  18.0%  29.4  587s
H40448 13379                     100.0000000   82.00000  18.0%  29.4  587s
 42375 13447   84.00000   28  171  100.00000   82.00000  18.0%  29.4  605s
 42547 13980   90.00000   32  163  100.00000   82.00000  18.0%  29.9  615s
 43664 14108   85.00000   32  207  100.00000   82.00000  18.0%  30.0  630s
 43855 15754   88.00000   40  193  100.00000   82.00000  18.0%  30.4  641s
 46109 15982 infeasible  136       100.00000   82.00000  18.0%  30.1  654s
 46449 17812   92.00000   34  201  100.00000   82.00000  18.0%  30.5  665s
 49481 19488   96.00000   57  192  100.00000   82.00000  18.0%  30.5  678s
 52303 19644 infeasible   62       100.00000   82.00000  18.0%  30.7  693s
 52533 21133   98.00000   31  115  100.00000   82.00000  18.0%  31.1  707s
 55109 22614   88.00000   27  232  100.00000   82.00000  18.0%  31.4  721s
 57902 22709 infeasible   59       100.00000   82.00000  18.0%  31.7  738s
 58101 24368   89.00000   41  165  100.00000   82.00000  18.0%  32.2  752s
 61210 24610   86.00000   38  275  100.00000   82.00000  18.0%  32.5  815s
*61420 22940             103      99.0000000   82.00000  17.2%  32.7  815s
 61622 29115   96.00000   44  165   99.00000   82.00000  17.2%  32.9  904s
H62001 24699                      97.0000000   82.00000  15.5%  32.9  904s
 66170 24699   90.00000   29  222   97.00000   82.00000  15.5%  33.0  905s
 73709 23900     cutoff   40        97.00000   82.00000  15.5%  33.5  936s
H73712 20953                      96.0000000   82.00000  14.6%  33.5  936s
 74224 21143   89.00000   35  194   96.00000   82.00000  14.6%  34.4  973s
H74770 21396                      96.0000000   82.00000  14.6%  35.2 1010s
 75395 24073   91.00000   58  173   96.00000   82.00000  14.6%  36.0 1044s
 81606 24238 infeasible   40        96.00000   82.00000  14.6%  36.9 1081s
 82111 26903   94.00000   36  205   96.00000   82.00000  14.6%  37.7 1115s
 88162 27021   91.00000   32  176   96.00000   82.00000  14.6%  38.4 1154s
 88664 27137   93.00000   46  161   96.00000   82.00000  14.6%  39.3 1192s
 89162 29596   93.00000   46  213   96.00000   82.00000  14.6%  40.0 1230s
 94953 29597   93.00000   41  173   96.00000   82.00000  14.6%  40.2 1247s
 94956 29599   91.00000   87  179   96.00000   82.00000  14.6%  40.2 1250s
 94962 29603   93.00000   48  378   96.00000   82.00000  14.6%  40.2 1255s
 94965 29605   90.00000   36  190   96.00000   82.00000  14.6%  40.2 1262s
 94968 29607   86.11321   36  266   96.00000   82.00000  14.6%  40.2 1265s
 94971 29609   90.00000   43  210   96.00000   82.00000  14.6%  40.2 1270s
 94975 29612   91.00000   58   83   96.00000   82.00000  14.6%  40.2 1275s
 94979 29614   88.00000   32  162   96.00000   82.00000  14.6%  40.2 1280s
 94981 29619   82.00000   25  258   96.00000   82.00000  14.6%  40.8 1292s
 94983 29622   82.00000   26  278   96.00000   82.00000  14.6%  40.8 1295s
 94995 29640   82.00000   28  286   96.00000   82.00000  14.6%  40.8 1306s
 95011 29653   85.00000   29  200   96.00000   82.00000  14.6%  40.9 1316s
 95041 29669   88.00000   30  194   96.00000   82.00000  14.6%  40.9 1324s
 95073 29679   88.00000   31  215   96.00000   82.00000  14.6%  40.9 1343s
 95105 29688   91.00000   31  254   96.00000   82.00000  14.6%  41.0 1351s
 95137 29699   88.00000   32  184   96.00000   82.00000  14.6%  41.0 1358s
 95169 29708   91.00000   32  220   96.00000   82.00000  14.6%  41.0 1365s
 95334 29754 infeasible   35        96.00000   82.00000  14.6%  41.0 1400s
 95374 29763   88.00000   36  236   96.00000   82.00000  14.6%  41.0 1408s
 95416 29777   88.00000   37  236   96.00000   82.00000  14.6%  41.0 1412s
 95457 29795   88.00000   38  236   96.00000   82.00000  14.6%  41.0 1417s
 95500 29814   89.00000   38  212   96.00000   82.00000  14.6%  41.0 1426s
 95548 29826   88.00000   39  236   96.00000   82.00000  14.6%  41.0 1434s
 95598 29837   88.00000   40  235   96.00000   82.00000  14.6%  41.0 1439s
 95651 29931   88.00000   41  242   96.00000   82.00000  14.6%  41.0 1441s
 96177 30070 infeasible   46        96.00000   82.00000  14.6%  40.9 1445s
 96354 29981 infeasible   48        96.00000   82.00000  14.6%  40.8 1451s
 96419 30037   91.00000   48  285   96.00000   82.00000  14.6%  40.9 1455s
 96557 29983 infeasible   50        96.00000   82.00000  14.6%  40.8 1462s
 96822 30222   93.00000   73  229   96.00000   82.00000  14.6%  40.8 1466s
 97071 30114 infeasible   76        96.00000   82.00000  14.6%  40.7 1475s
 97391 30244   91.00000   34  242   96.00000   84.00000  12.5%  40.7 1481s
 97516 30182 infeasible   39        96.00000   84.00000  12.5%  40.7 1489s
 97580 30184   91.00000   37  235   96.00000   84.00000  12.5%  40.7 1506s
H97601 28695                      96.0000000   84.00000  12.5%  40.7 1506s
 97616 28706 infeasible   38        96.00000   84.00000  12.5%  40.7 1512s
 97664 28729   95.00000   38  282   96.00000   85.00000  11.5%  40.7 1519s
 97719 29051   87.00000   38  193   96.00000   85.00000  11.5%  40.7 1521s
 98700 29371   89.00000   58  214   96.00000   85.00000  11.5%  40.4 1526s
 99071 29203     cutoff   62        96.00000   85.00000  11.5%  40.3 1537s
 99743 29788   91.00000   69  243   96.00000   85.00000  11.5%  40.2 1542s
 101147 29636 infeasible   98        96.00000   85.00000  11.5%  39.8 1552s
 101852 30139   94.00000  127  172   96.00000   85.00000  11.5%  39.8 1557s
 102607 29821 infeasible  133        96.00000   85.00000  11.5%  39.6 1566s
 103511 30207   94.00000  138  136   96.00000   85.00000  11.5%  39.5 1571s
 104342 29898   92.00000   54  218   96.00000   85.00000  11.5%  39.3 1579s
 104412 30406   92.00000   54  184   96.00000   85.00000  11.5%  39.3 1582s
 105324 30442   92.00000   63  242   96.00000   85.00000  11.5%  39.2 1586s
 106017 30160 infeasible   78        96.00000   85.00000  11.5%  39.0 1594s
 106123 30639   91.00000   68  252   96.00000   85.00000  11.5%  39.1 1597s
 107068 30809 infeasible   84        96.00000   85.00000  11.5%  38.9 1600s
 108069 30423 infeasible  104        96.00000   85.00000  11.5%  38.7 1611s
 109242 31244   91.00000   80  268   96.00000   86.00000  10.4%  38.6 1617s
 110509 30766 infeasible   46        96.00000   86.00000  10.4%  38.3 1627s
 110614 31321   95.00000   47  195   96.00000   86.00000  10.4%  38.4 1630s
 113265 30969   92.00000   68  257   96.00000   87.00000  9.37%  37.9 1644s
 113355 31496   92.00000   69  253   96.00000   87.00000  9.37%  38.0 1648s
 114583 31550   90.00000   68  225   96.00000   87.00000  9.37%  37.7 1651s
 115918 31054     cutoff   70        96.00000   87.00000  9.37%  37.5 1661s
 116023 31721   90.00000   42  186   96.00000   87.00000  9.37%  37.6 1665s
 117461 31392   94.00000   62  167   96.00000   87.00000  9.37%  37.3 1671s
 118047 31182   90.00000  113  173   96.00000   87.00000  9.37%  37.3 1681s
 118125 31593   90.00000  114  173   96.00000   87.00000  9.37%  37.3 1686s
 119129 31867   90.00000   53  241   96.00000   87.00000  9.37%  37.2 1690s
 120372 31400 infeasible   78        96.00000   87.00000  9.37%  37.1 1704s
 120479 32051 infeasible   78        96.00000   87.00000  9.37%  37.1 1708s
 121916 32107 infeasible  102        96.00000   87.00000  9.37%  37.0 1713s
 123612 31503 infeasible   86        96.00000   87.00000  9.37%  36.7 1723s
 123727 32389   91.00000   86  216   96.00000   87.00000  9.37%  36.8 1728s
 125739 33755   93.00000   49  268   96.00000   87.00000  9.37%  36.5 1752s
 130456 32127     cutoff   74        96.00000   88.00000  8.33%  35.9 1767s
 130584 32115 infeasible   74        96.00000   88.00000  8.33%  35.9 1780s
 130682 33010 infeasible   72        96.00000   88.00000  8.33%  35.9 1786s
 133053 33113     cutoff   88        96.00000   88.00000  8.33%  35.6 1791s
 135553 32260 infeasible   65        96.00000   88.00000  8.33%  35.3 1801s
 135716 33257   91.00000   63  220   96.00000   88.00000  8.33%  35.3 1807s
 138130 33450 infeasible   71        96.00000   88.00000  8.33%  35.0 1812s
 140677 32524   88.00000  102  175   96.00000   88.00000  8.33%  34.6 1828s
 140806 33224   90.00000  104  162   96.00000   88.00000  8.33%  34.7 1834s
 142705 32550 infeasible  105        96.00000   88.00000  8.33%  34.5 1842s
 142852 33870   90.00000   92  239   96.00000   88.00000  8.33%  34.5 1848s
 145674 33898   91.00000   96  166   96.00000   88.00000  8.33%  34.2 1854s
 148130 33014 infeasible   64        96.00000   88.00000  8.33%  33.9 1871s
 148266 33971   93.00000   88  198   96.00000   88.00000  8.33%  34.0 1877s
 150639 33129   92.00000   50  223   96.00000   88.00000  8.33%  33.8 1888s
 150759 34617   92.00000   51  239   96.00000   88.00000  8.33%  33.8 1895s
 153667 33645   93.00000   80  177   96.00000   89.00000  7.29%  33.6 1906s
 153864 34695   92.00000   79  192   96.00000   89.00000  7.29%  33.6 1916s
 156982 36711 infeasible   80        96.00000   89.00000  7.29%  33.3 1949s
 165666 33819   93.00000   70  197   96.00000   89.00000  7.29%  32.6 1964s
 165778 33829 infeasible   72        96.00000   89.00000  7.29%  32.7 1976s
 165917 35284   94.00000   71  205   96.00000   89.00000  7.29%  32.7 1985s
 169493 35888   92.00000   60  148   96.00000   89.00000  7.29%  32.4 1995s
 173521 34510   95.00000   72  135   96.00000   89.00000  7.29%  32.0 2008s
 173671 36307   95.00000   74  127   96.00000   89.00000  7.29%  32.1 2017s
 177959 34839   94.00000   66  187   96.00000   89.00000  7.29%  31.8 2030s
 178129 36530   90.00000   68  230   96.00000   89.00000  7.29%  31.8 2039s
 182043 37928   91.00000  123  154   96.00000   89.36364  6.91%  31.5 2048s
 186314 37891   90.00000   53  229   96.00000   90.00000  6.25%  31.1 2089s
 186711 45270   95.00000   64  163   96.00000   90.00000  6.25%  31.2 2172s
 218743 44960 infeasible   87        96.00000   90.00000  6.25%  28.0 2214s
 219205 46615   92.00000   84  198   96.00000   90.00000  6.25%  28.0 2451s
*231023 39771             115      95.0000000   90.00000  5.26%  27.8 2453s
 235927 41766 infeasible  102        95.00000   90.00000  5.26%  27.6 2531s
H235932 33977                      94.0000000   90.00000  4.26%  27.6 2531s
H243724 33977                      94.0000000   90.00000  4.26%  27.2 2531s
 247140 36507   90.00000   65  205   94.00000   90.00000  4.26%  27.0 2592s
 273325 38497   90.00000   88  217   94.00000   90.00000  4.26%  26.0 2639s
 287326 39443   93.00000   61  248   94.00000   90.00000  4.26%  25.5 2652s
 293094 40240   91.00000   85  195   94.00000   90.00000  4.26%  25.3 2665s
 298988 41015   91.00000  103  160   94.00000   90.00000  4.26%  25.0 2677s
 304613 42808 infeasible   74        94.00000   90.00000  4.26%  24.8 2721s
 318467 43437 infeasible   75        94.00000   90.00000  4.26%  24.3 2733s
 323185 44138 infeasible  131        94.00000   90.00000  4.26%  24.1 2746s
 329080 43912   91.00000   50  207   94.00000   90.00000  4.26%  23.9 2760s
 329380 44997   91.00000   51  207   94.00000   90.00000  4.26%  23.9 2774s
 335840 44511 infeasible   86        94.00000   90.00000  4.26%  23.7 2813s
 336442 48893   93.00000   72  219   94.00000   90.00000  4.26%  23.7 2890s
 368474 48408 infeasible   92        94.00000   90.00000  4.26%  22.6 2931s
 369105 46850 infeasible   89        94.00000   90.00000  4.26%  22.6 3053s
 371903 51656   90.00000   84  191   94.00000   90.00000  4.26%  22.8 3121s
 403935 53119 infeasible   91        94.00000   90.00000  4.26%  21.8 3159s
 415968 53871 infeasible   95        94.00000   90.00000  4.26%  21.5 3170s
 421507 54613 infeasible   93        94.00000   90.00000  4.26%  21.3 3181s
 427199 55453 infeasible  126        94.00000   90.00000  4.26%  21.2 3192s
 433017 56338 infeasible   76        94.00000   90.00000  4.26%  21.0 3230s
 446179 55948 infeasible   75        94.00000   90.00000  4.26%  20.6 3244s
 446595 55703 infeasible   73        94.00000   90.00000  4.26%  20.6 3259s
 446894 56542 infeasible   96        94.00000   90.00000  4.26%  20.6 3270s
 453126 56127 infeasible  102        94.00000   90.00000  4.26%  20.5 3284s
 453563 56862   91.00000   72  185   94.00000   90.00000  4.26%  20.5 3296s
 459797 56456 infeasible   87        94.00000   90.00000  4.26%  20.3 3308s
 460257 57262   92.00000   84  148   94.00000   90.00000  4.26%  20.3 3320s
 466462 56785 infeasible   94        94.00000   90.00000  4.26%  20.2 3356s
 467043 59178   91.00000   81  233   94.00000   90.00000  4.26%  20.2 3422s
 498952 58765 infeasible   79        94.00000   90.00000  4.26%  19.4 3455s
 499417 56698 infeasible   78        94.00000   90.00000  4.26%  19.4 3508s
 501706 56824 infeasible   74        94.00000   91.00000  3.19%  19.4 3582s
 532730 56135 infeasible   83        94.00000   91.00000  3.19%  18.9 3600s

Cutting planes:
  Learned: 1
  Gomory: 6
  Cover: 13
  Clique: 10
  MIR: 33
  Flow cover: 61
  Inf proof: 4
  Zero half: 4
  RLT: 1
  Relax-and-lift: 40

Explored 533459 nodes (10141452 simplex iterations) in 3600.63 seconds (163.44 work units)
Thread count was 32 (of 32 available processors)

Solution count 10: 94 94 95 ... 102

Time limit reached
Best objective 9.399999999043e+01, best bound 9.099999999977e+01, gap 3.1915%

Wrote result file 'RCPSP_684.sol'

