
Gurobi 10.0.3 (linux64, gurobi_cl) logging started Thu Nov  2 11:34:09 2023

Set parameter Username
Set parameter TimeLimit to value 3600
Set parameter LogFile to value "RCPSP_450.log"
Set parameter Threads to value 32
Academic license - for non-commercial use only - expires 2024-10-30
Using license file /home/jrivera6/gurobi-licenses/v1003/compute-0-39/gurobi.lic

Gurobi Optimizer version 10.0.3 build v10.0.3rc0 (linux64)
Copyright (c) 2023, Gurobi Optimization, LLC

Read MPS format model from file RCPSP_450.mps
Reading time = 0.01 seconds
RCPSP_450: 5349 rows, 2080 columns, 18893 nonzeros

CPU model: Intel(R) Xeon(R) Gold 6242 CPU @ 2.80GHz, instruction set [SSE2|AVX|AVX2|AVX512]
Thread count: 32 physical cores, 32 logical processors, using up to 32 threads

Optimize a model with 5349 rows, 2080 columns and 18893 nonzeros
Model fingerprint: 0x38b6542f
Variable types: 32 continuous, 2048 integer (2048 binary)
Coefficient statistics:
  Matrix range     [1e+00, 2e+02]
  Objective range  [1e+00, 1e+00]
  Bounds range     [1e+00, 1e+00]
  RHS range        [1e+00, 2e+02]
Presolve removed 4136 rows and 1658 columns
Presolve time: 0.16s
Presolved: 1213 rows, 422 columns, 3691 nonzeros
Variable types: 31 continuous, 391 integer (391 binary)

Root relaxation: objective 6.500000e+01, 149 iterations, 0.00 seconds (0.00 work units)

    Nodes    |    Current Node    |     Objective Bounds      |     Work
 Expl Unexpl |  Obj  Depth IntInf | Incumbent    BestBd   Gap | It/Node Time

     0     0   65.00000    0   23          -   65.00000      -     -    0s
     0     0   65.00000    0   53          -   65.00000      -     -    0s
     0     0   65.00000    0   53          -   65.00000      -     -    0s
H    0     0                     109.0000000   65.34615  40.0%     -    0s
H    0     0                     108.0000000   65.34615  39.5%     -    0s
     0     0   65.34615    0   26  108.00000   65.34615  39.5%     -    0s
     0     0   65.34930    0   26  108.00000   65.34930  39.5%     -    0s
     0     0   66.05358    0   36  108.00000   66.05358  38.8%     -    0s
H    0     0                     100.0000000   66.05358  33.9%     -    0s
     0     0   66.13630    0   40  100.00000   66.13630  33.9%     -    0s
     0     0   66.24539    0   39  100.00000   66.24539  33.8%     -    0s
     0     0   66.26233    0   36  100.00000   66.26233  33.7%     -    0s
     0     0   66.31463    0   35  100.00000   66.31463  33.7%     -    0s
     0     0   66.31463    0   36  100.00000   66.31463  33.7%     -    0s
     0     0   68.11511    0   71  100.00000   68.11511  31.9%     -    0s
     0     0   68.11511    0   70  100.00000   68.11511  31.9%     -    0s
     0     0   68.42831    0   53  100.00000   68.42831  31.6%     -    0s
     0     0   68.42831    0   50  100.00000   68.42831  31.6%     -    0s
     0     0   68.44265    0   50  100.00000   68.44265  31.6%     -    1s
     0     0   68.44265    0   41  100.00000   68.44265  31.6%     -    1s
     0     0   68.61858    0   63  100.00000   68.61858  31.4%     -    1s
H    0     0                      99.0000000   68.61858  30.7%     -    1s
     0     0   68.61858    0   63   99.00000   68.61858  30.7%     -    1s
     0     0   68.73884    0   63   99.00000   68.73884  30.6%     -    1s
     0     0   68.77359    0   48   99.00000   68.77359  30.5%     -    1s
     0     0   68.77359    0   50   99.00000   68.77359  30.5%     -    1s
     0     0   68.96098    0   56   99.00000   68.96098  30.3%     -    1s
     0     0   69.53017    0   67   99.00000   69.53017  29.8%     -    1s
H    0     0                      95.0000000   69.53017  26.8%     -    1s
     0     0   69.53017    0   69   95.00000   69.53017  26.8%     -    1s
     0     0   69.54406    0   44   95.00000   69.54406  26.8%     -    1s
     0     0   69.54406    0   44   95.00000   69.54406  26.8%     -    1s
     0     0   69.54406    0   67   95.00000   69.54406  26.8%     -    1s
     0     0   69.54406    0   62   95.00000   69.54406  26.8%     -    1s
     0     0   69.54406    0   20   95.00000   69.54406  26.8%     -    1s
     0     0   69.54406    0   22   95.00000   69.54406  26.8%     -    1s
H    0     0                      94.0000000   69.54406  26.0%     -    1s
     0     0   69.54406    0   25   94.00000   69.54406  26.0%     -    1s
     0     0   69.54406    0   34   94.00000   69.54406  26.0%     -    2s
     0     0   69.54406    0   25   94.00000   69.54406  26.0%     -    2s
     0     0   69.54406    0   19   94.00000   69.54406  26.0%     -    2s
H    0     0                      93.0000000   69.54406  25.2%     -    2s
     0     2   69.54406    0   19   93.00000   69.54406  25.2%     -    2s
   382   415   75.71986   16   42   93.00000   73.96098  20.5%  19.5    5s
* 2904  1874              34      91.0000000   73.97931  18.7%  12.5    7s
  3230  1880 infeasible   32        91.00000   73.97931  18.7%  12.3   11s
H 3231  1850                      90.0000000   73.97931  17.8%  12.3   11s
  6685  2915   79.96098   14   19   90.00000   74.06611  17.7%  11.5   19s
  6687  2916   88.00000   53   17   90.00000   74.06611  17.7%  11.5   21s
  6691  2919   85.49078   12   21   90.00000   74.06611  17.7%  11.5   26s
  6713  2937   74.06611   13   15   90.00000   74.06611  17.7%  13.0   30s
  6805  3006   77.00000   19   40   90.00000   74.06611  17.7%  13.3   47s
  7028  3104   81.00000   22   35   90.00000   74.06611  17.7%  14.3   50s
  7840  3091   76.00000   21   42   90.00000   74.06611  17.7%  16.7   55s
* 8703  2806              33      89.0000000   74.06611  16.8%  19.8   59s
  8758  2790   83.00000   27   45   89.00000   74.06611  16.8%  19.9   60s
  9035  2739     cutoff   32        89.00000   74.06611  16.8%  21.0   76s
H 9044  2597                      89.0000000   74.06611  16.8%  21.0   76s
  9586  2482   78.99041   26   58   89.00000   74.06611  16.8%  22.9   80s
 10354  2563   75.00000   21   57   89.00000   74.06611  16.8%  25.2   85s
 12066  2229 infeasible   26        89.00000   74.06611  16.8%  25.5   90s
 13574  2006   86.00000   34   33   89.00000   74.06611  16.8%  26.3  112s
H13599  1864                      88.9999993   74.06611  16.8%  26.4  112s
 13819  1792 infeasible   30        89.00000   76.00000  14.6%  26.7  115s
 14726  1657   82.80000   26   22   89.00000   76.98781  13.5%  28.3  120s
 15475  1613 infeasible   27        89.00000   77.00000  13.5%  29.7  126s
 16350  2034   84.14286   30   21   89.00000   77.00000  13.5%  31.1  131s
 18272  1926   84.36767   23   22   89.00000   78.00000  12.4%  30.2  135s
 20394  2114 infeasible   28        89.00000   78.63636  11.6%  29.8  141s
 20927  2032   83.00000   36   40   89.00000   78.96098  11.3%  30.8  145s
 24224  2323   82.00000   30   37   89.00000   79.36767  10.8%  29.6  150s
 25307  2002 infeasible   31        89.00000   80.00000  10.1%  30.2  157s
 26247  2420   83.96098   25   30   89.00000   80.96098  9.03%  30.9  161s
 28961  2321   83.00000   29   16   89.00000   80.96098  9.03%  29.4  175s
H28977  2321                      88.9999990   80.96098  9.03%  29.4  175s
 29162   853   88.00000   30   14   89.00000   80.96098  9.03%  29.7  191s
*29872   853              38      88.9999990   80.98905  9.00%  29.9  191s
 33153   164 infeasible   33        89.00000   83.00000  6.74%  30.9  196s

Cutting planes:
  Gomory: 91
  Cover: 62
  Implied bound: 61
  Projected implied bound: 9
  Clique: 1
  MIR: 204
  StrongCG: 1
  Flow cover: 508
  Inf proof: 46
  Zero half: 1
  RLT: 48
  Relax-and-lift: 59

Explored 35047 nodes (1070375 simplex iterations) in 197.75 seconds (7.59 work units)
Thread count was 32 (of 32 available processors)

Solution count 10: 89 89 89 ... 94

Optimal solution found (tolerance 1.00e-04)
Best objective 8.900000000000e+01, best bound 8.900000000000e+01, gap 0.0000%

Wrote result file 'RCPSP_450.sol'

