
Gurobi 10.0.3 (linux64, gurobi_cl) logging started Fri Nov 10 18:40:11 2023

Set parameter Username
Set parameter TimeLimit to value 3600
Set parameter LogFile to value "RCPSP_1642.log"
Set parameter Threads to value 32
Academic license - for non-commercial use only - expires 2024-10-30
Using license file /home/jrivera6/gurobi-licenses/v1003/compute-0-37/gurobi.lic

Gurobi Optimizer version 10.0.3 build v10.0.3rc0 (linux64)
Copyright (c) 2023, Gurobi Optimization, LLC

Read MPS format model from file RCPSP_1642.mps
Reading time = 0.09 seconds
RCPSP_1642: 75251 rows, 29890 columns, 237025 nonzeros

CPU model: Intel(R) Xeon(R) Gold 6242 CPU @ 2.80GHz, instruction set [SSE2|AVX|AVX2|AVX512]
Thread count: 32 physical cores, 32 logical processors, using up to 32 threads

Optimize a model with 75251 rows, 29890 columns and 237025 nonzeros
Model fingerprint: 0x163160b2
Variable types: 122 continuous, 29768 integer (29768 binary)
Coefficient statistics:
  Matrix range     [1e+00, 7e+02]
  Objective range  [1e+00, 1e+00]
  Bounds range     [1e+00, 1e+00]
  RHS range        [1e+00, 7e+02]
Presolve removed 14474 rows and 3016 columns (presolve time = 5s) ...
Presolve removed 14474 rows and 3016 columns (presolve time = 10s) ...
Presolve removed 17650 rows and 4008 columns
Presolve time: 11.21s
Presolved: 57601 rows, 25882 columns, 189235 nonzeros
Variable types: 121 continuous, 25761 integer (25761 binary)

Deterministic concurrent LP optimizer: primal and dual simplex (primal and dual model)
Showing first log only...

Root relaxation presolved: 57596 rows, 25887 columns, 189225 nonzeros


Root simplex log...

Iteration    Objective       Primal Inf.    Dual Inf.      Time
       0    8.7450789e+01   1.549522e-02   2.248359e+08     14s
    3866    8.7000000e+01   0.000000e+00   0.000000e+00     15s
    3866    8.7000000e+01   0.000000e+00   0.000000e+00     15s
Concurrent spin time: 3.04s

Solved with dual simplex (primal model)

Root relaxation: objective 8.700000e+01, 8823 iterations, 6.10 seconds (0.40 work units)
Total elapsed time = 22.36s
Total elapsed time = 27.48s
Total elapsed time = 30.19s

    Nodes    |    Current Node    |     Objective Bounds      |     Work
 Expl Unexpl |  Obj  Depth IntInf | Incumbent    BestBd   Gap | It/Node Time

     0     0   87.00000    0  426          -   87.00000      -     -   37s
     0     0   87.00000    0  426          -   87.00000      -     -   37s
     0     0   87.78571    0 1688          -   87.78571      -     -  120s
     0     0   87.78571    0 1506          -   87.78571      -     -  127s
     0     0   87.78571    0 1559          -   87.78571      -     -  139s
     0     0   87.78571    0 1429          -   87.78571      -     -  144s
     0     0   87.78571    0 1377          -   87.78571      -     -  145s
     0     0   87.78571    0 1373          -   87.78571      -     -  266s
     0     0   88.00003    0 1498          -   88.00003      -     -  293s
     0     0   88.00003    0 1466          -   88.00003      -     -  301s
     0     0   88.00003    0 1321          -   88.00003      -     -  307s
     0     0   88.00003    0 1375          -   88.00003      -     -  311s
     0     0   88.00003    0 1369          -   88.00003      -     -  311s
     0     0   88.00003    0 1498          -   88.00003      -     -  321s
     0     0   88.00003    0 1439          -   88.00003      -     -  323s
     0     0   88.00003    0 1447          -   88.00003      -     -  324s
     0     0   88.50000    0 1563          -   88.50000      -     -  334s
     0     0   88.50000    0 1557          -   88.50000      -     -  334s
     0     0   88.50000    0 1469          -   88.50000      -     -  343s
     0     0   88.50000    0 1323          -   88.50000      -     -  343s
     0     0   89.00000    0 1761          -   89.00000      -     -  360s
     0     0   89.00000    0 1598          -   89.00000      -     -  365s
     0     0   89.00000    0 1503          -   89.00000      -     -  369s
     0     0   89.00000    0 1463          -   89.00000      -     -  370s
     0     0   89.00000    0 1593          -   89.00000      -     -  391s
     0     0   89.00000    0 1611          -   89.00000      -     -  393s
     0     0   89.00000    0 1634          -   89.00000      -     -  395s
     0     0   89.00000    0  331          -   89.00000      -     -  430s
     0     0   89.00000    0  328          -   89.00000      -     -  431s
     0     0   89.00000    0 1206          -   89.00000      -     -  466s
     0     0   89.00000    0 1173          -   89.00000      -     -  474s
     0     0   89.00000    0 1241          -   89.00000      -     -  483s
     0     0   89.00000    0 1419          -   89.00000      -     -  488s
     0     0   89.00000    0 1417          -   89.00000      -     -  488s
     0     0   89.00000    0 1516          -   89.00000      -     -  561s
     0     0   89.00000    0 1350          -   89.00000      -     -  565s
     0     0   89.00000    0 1345          -   89.00000      -     -  565s
     0     0   89.00000    0  470          -   89.00000      -     -  592s
     0     0   89.00000    0  470          -   89.00000      -     -  593s
     0     0   89.00000    0  780          -   89.00000      -     -  595s
     0     0   89.75311    0 1141          -   89.75311      -     -  611s
     0     0   89.75311    0 1076          -   89.75311      -     -  611s
     0     0   89.75311    0 1337          -   89.75311      -     -  616s
     0     0   89.75311    0 1199          -   89.75311      -     -  619s
     0     0   89.75311    0 1133          -   89.75311      -     -  620s
     0     0   89.75311    0 1033          -   89.75311      -     -  624s
     0     0   89.75311    0 1028          -   89.75311      -     -  624s
     0     0   89.75311    0 1255          -   89.75311      -     -  627s
     0     0   89.75311    0 1143          -   89.75311      -     -  628s
     0     0   89.75311    0 1137          -   89.75311      -     -  629s
     0     0   89.75311    0 1145          -   89.75311      -     -  629s
     0     0   89.75683    0  383          -   89.75683      -     -  654s
     0     0   89.75683    0  383          -   89.75683      -     -  654s
     0     0   89.75683    0  970          -   89.75683      -     -  656s
     0     0   89.75683    0  955          -   89.75683      -     -  660s
     0     0   89.75683    0 1135          -   89.75683      -     -  662s
     0     0   89.75683    0 1061          -   89.75683      -     -  664s
     0     0   89.75683    0  917          -   89.75683      -     -  665s
     0     0   89.75683    0  843          -   89.75683      -     -  666s
     0     0   89.75683    0  828          -   89.75683      -     -  667s
     0     0   89.75683    0  869          -   89.75683      -     -  667s
     0     0   89.75683    0  305          -   89.75683      -     -  684s
     0     0   89.75683    0  791          -   89.75683      -     -  686s
     0     0   89.79729    0  420          -   89.79729      -     -  712s
     0     0   89.79729    0  874          -   89.79729      -     -  720s
     0     0   89.79729    0  899          -   89.79729      -     -  720s
     0     0   89.79729    0 1074          -   89.79729      -     -  725s
     0     0   89.79729    0 1073          -   89.79729      -     -  725s
     0     0   89.79729    0 1047          -   89.79729      -     -  728s
     0     0   89.79729    0  962          -   89.79729      -     -  729s
     0     0   89.89665    0  429          -   89.89665      -     -  742s
     0     0   89.89665    0  417          -   89.89665      -     -  742s
     0     0   89.89665    0  967          -   89.89665      -     -  769s
     0     0   89.89665    0  963          -   89.89665      -     -  770s
     0     0   89.89665    0 1021          -   89.89665      -     -  776s
     0     0   89.89665    0  859          -   89.89665      -     -  777s
     0     0   89.89665    0  859          -   89.89665      -     -  778s
     0     0   89.89665    0  849          -   89.89665      -     -  778s
     0     0   89.89665    0 1075          -   89.89665      -     -  782s
     0     0   89.89665    0 1217          -   89.89665      -     -  784s
     0     0   89.89665    0 1228          -   89.89665      -     -  787s
     0     0   89.89665    0 1165          -   89.89665      -     -  787s
     0     0   89.90434    0  487          -   89.90434      -     -  803s
     0     0   89.90434    0  985          -   89.90434      -     -  808s
     0     0   89.90434    0  945          -   89.90434      -     -  808s
     0     0   90.02431    0 1178          -   90.02431      -     -  817s
     0     0   90.02431    0 1193          -   90.02431      -     -  826s
     0     0   90.02431    0 1171          -   90.02431      -     -  827s
     0     0   90.07242    0 1361          -   90.07242      -     -  830s
     0     0   90.07242    0 1464          -   90.07242      -     -  833s
     0     0   90.07242    0 1525          -   90.07242      -     -  834s
     0     0   90.07242    0 1495          -   90.07242      -     -  834s
     0     0   90.07242    0 1239          -   90.07242      -     -  838s
     0     0   90.07242    0 1244          -   90.07242      -     -  839s
     0     0   90.07242    0 1237          -   90.07242      -     -  840s
     0     0   90.07242    0 1501          -   90.07242      -     -  845s
     0     0   90.07242    0 1483          -   90.07242      -     -  845s
     0     0   90.07242    0 1376          -   90.07242      -     -  852s
     0     0   90.07242    0 1319          -   90.07242      -     -  854s
     0     0   90.07242    0 1160          -   90.07242      -     -  855s
     0     0   90.07242    0 1216          -   90.07242      -     -  856s
     0     0   90.07242    0 1333          -   90.07242      -     -  857s
     0     0   90.07242    0 1263          -   90.07242      -     -  858s
     0     0   90.13333    0 1424          -   90.13333      -     -  870s
     0     0   90.13333    0 1390          -   90.13333      -     -  871s
     0     0   90.13333    0 1580          -   90.13333      -     -  871s
     0     0   90.13333    0 1390          -   90.13333      -     -  878s
     0     0   90.13333    0 1383          -   90.13333      -     -  878s
     0     0   90.17391    0 1378          -   90.17391      -     -  883s
     0     0   90.17391    0 1442          -   90.17391      -     -  884s
     0     0   90.17391    0 1430          -   90.17391      -     -  884s
     0     0   90.17391    0 1639          -   90.17391      -     -  886s
     0     0   90.17391    0 1763          -   90.17391      -     -  887s
     0     0   90.17391    0 1725          -   90.17391      -     -  887s
     0     0   90.17391    0  511          -   90.17391      -     -  921s
     0     0   90.17391    0  510          -   90.17391      -     -  921s
     0     0   90.17391    0 1119          -   90.17391      -     -  938s
     0     0   90.17391    0 1135          -   90.17391      -     -  960s
     0     0   90.17391    0 1361          -   90.17391      -     -  969s
     0     0   90.17391    0 1292          -   90.17391      -     -  970s
     0     0   90.17391    0  630          -   90.17391      -     -  999s
     0     0   90.17391    0 1069          -   90.17391      -     - 1000s
     0     0   90.17391    0 1058          -   90.17391      -     - 1001s
     0     0   90.17391    0  693          -   90.17391      -     - 1019s
     0     0   90.17391    0  687          -   90.17391      -     - 1019s
     0     0   90.17391    0  687          -   90.17391      -     - 1231s
     0     2   90.17391    0  298          -   90.17391      -     - 1536s
     1     5   92.00339    1  309          -   90.20000      - 10822 2138s
     3     7   92.11295    2  312          -   91.00000      -  3921 3527s
     4     7   94.00000    2  954          -   91.00000      -  3016 3536s
     6     7   98.00000    2  575          -   91.00000      -  2131 3559s
     7    13   94.00000    3  954          -   91.00000      -  1827 4538s

Cutting planes:
  Learned: 4
  Gomory: 17
  Lift-and-project: 2
  Cover: 97
  Implied bound: 100
  Clique: 5
  MIR: 2361
  StrongCG: 21
  Zero half: 5
  RLT: 531
  Relax-and-lift: 216

Explored 13 nodes (344260 simplex iterations) in 5491.75 seconds (157.62 work units)
Thread count was 32 (of 32 available processors)

Solution count 0

Time limit reached
Best objective -, best bound 9.100000000000e+01, gap -

Unable to retrieve attribute 'X'

