
Gurobi 10.0.3 (linux64, gurobi_cl) logging started Thu Nov  2 11:34:51 2023

Set parameter Username
Set parameter TimeLimit to value 3600
Set parameter LogFile to value "RCPSP_609.log"
Set parameter Threads to value 32
Academic license - for non-commercial use only - expires 2024-10-30
Using license file /home/jrivera6/gurobi-licenses/v1003/compute-0-34/gurobi.lic

Gurobi Optimizer version 10.0.3 build v10.0.3rc0 (linux64)
Copyright (c) 2023, Gurobi Optimization, LLC

Read MPS format model from file RCPSP_609.mps
Reading time = 0.03 seconds
RCPSP_609: 19624 rows, 7750 columns, 71898 nonzeros

CPU model: Intel(R) Xeon(R) Gold 6130 CPU @ 2.10GHz, instruction set [SSE2|AVX|AVX2|AVX512]
Thread count: 32 physical cores, 32 logical processors, using up to 32 threads

Optimize a model with 19624 rows, 7750 columns and 71898 nonzeros
Model fingerprint: 0x37fd091a
Variable types: 62 continuous, 7688 integer (7688 binary)
Coefficient statistics:
  Matrix range     [1e+00, 3e+02]
  Objective range  [1e+00, 1e+00]
  Bounds range     [1e+00, 1e+00]
  RHS range        [1e+00, 4e+02]
Presolve removed 7099 rows and 2464 columns
Presolve time: 3.17s
Presolved: 12525 rows, 5286 columns, 48164 nonzeros
Variable types: 61 continuous, 5225 integer (5225 binary)

Root relaxation: objective 6.700000e+01, 1842 iterations, 0.07 seconds (0.02 work units)

    Nodes    |    Current Node    |     Objective Bounds      |     Work
 Expl Unexpl |  Obj  Depth IntInf | Incumbent    BestBd   Gap | It/Node Time

     0     0   67.00000    0  206          -   67.00000      -     -    4s
     0     0   67.00000    0  502          -   67.00000      -     -    6s
     0     0   67.00000    0  499          -   67.00000      -     -    6s
     0     0   67.00000    0  375          -   67.00000      -     -   12s
     0     0   67.00000    0  389          -   67.00000      -     -   13s
     0     0   67.00000    0  471          -   67.00000      -     -   16s
     0     0   67.00000    0  522          -   67.00000      -     -   19s
     0     0   67.00000    0  527          -   67.00000      -     -   23s
H    0     0                     349.0000000   67.00000  80.8%     -   23s
     0     0   67.00000    0  435  349.00000   67.00000  80.8%     -   24s
H    0     0                     287.0000000   67.00000  76.7%     -   31s
H    0     2                     260.0000000   67.00000  74.2%     -   41s
     0     2   67.00000    0  351  260.00000   67.00000  74.2%     -   41s
     3     8   67.00000    2  580  260.00000   67.00000  74.2%   924   45s
    15    32   67.00000    4  731  260.00000   67.00000  74.2%  1229   54s
H   31    62                     233.0000000   67.00000  71.2%  1180   67s
H   36    62                     228.0000000   67.00000  70.6%  1198   67s
H   46    62                     227.0000000   67.00000  70.5%  1193   67s
H   48    62                     226.0000000   67.00000  70.4%  1179   68s
H   51    62                     224.0000000   67.00000  70.1%  1189   68s
    63    92   67.00000    6  752  224.00000   67.00000  70.1%  1182   94s
H   87    92                     196.0000000   67.00000  65.8%  1070   94s
    95   122   67.00000    7  704  196.00000   67.00000  65.8%  1035   98s
   127   151   67.19440    7  746  196.00000   67.00000  65.8%   860  101s
   191   224   67.00000    9  602  196.00000   67.00000  65.8%   654  106s
H  243   259                     190.0000000   67.00000  64.7%   543  114s
H  259   259                     175.0000000   67.00000  61.7%   528  114s
   283   296   67.00408   10  908  175.00000   67.00000  61.7%   500  118s
   327   358   67.01267   11  813  175.00000   67.00000  61.7%   470  120s
   399   403   67.02821   13  807  175.00000   67.00000  61.7%   406  170s
   451   474   69.10000   13  656  175.00000   67.00000  61.7%   379  175s
   696   709   68.50000   17  672  175.00000   67.00000  61.7%   278  181s
   809   790   69.00000   18  644  175.00000   67.00000  61.7%   248  185s
H 1012   900                     157.0000000   67.00000  57.3%   218  222s
H 1014   900                     155.0000000   67.00000  56.8%   218  222s
H 1015   900                     153.0000600   67.00000  56.2%   218  223s
H 1020   900                     152.0000000   67.00000  55.9%   218  223s
H 1049   929                     130.0000000   67.00000  48.5%   214  341s
H 1052   929                     126.0000000   67.00000  46.8%   215  341s
H 1060   929                     123.0000000   67.00000  45.5%   216  341s
H 1065   929                     120.0000000   67.00000  44.2%   216  341s
  1083  1038   69.00000   21  660  120.00000   67.00000  44.2%   215  346s
  1349  1275   70.14286   22  655  120.00000   67.00000  44.2%   192  354s
  1506  1415 infeasible   24       120.00000   67.00000  44.2%   182  357s
  1675  1557   69.92308   25  724  120.00000   67.00000  44.2%   172  362s
  1864  1687   69.92308   26  639  120.00000   67.00000  44.2%   163  367s
  2055  1813   69.92308   28  694  120.00000   67.00000  44.2%   158  371s
  2233  1843   69.92308   28  646  120.00000   67.00000  44.2%   154  393s
H 2241  1843                     119.0000000   67.00000  43.7%   154  393s
  2267  1959   69.92308   29  642  119.00000   67.00000  43.7%   156  404s
  2460  2118   72.33333   30  639  119.00000   67.00000  43.7%   152  408s
  2646  2280   72.33333   31  601  119.00000   67.00000  43.7%   148  414s
  2889  2281   72.00000   21  435  119.00000   67.00000  43.7%   142  458s
  2891  2282   84.00000   55  273  119.00000   67.00000  43.7%   142  460s
  2892  2283   72.00000   20  280  119.00000   67.00000  43.7%   142  465s
H 2892  2168                     117.0000000   67.00000  42.7%   142  465s
H 2893  2061                     116.0000000   67.00000  42.2%   142  472s
  2894  2061   72.00000   33  422  116.00000   67.00000  42.2%   142  476s
  2896  2063   95.00000  115  588  116.00000   67.00000  42.2%   141  494s
H 2896  1959                     114.9999510   67.00000  41.7%   141  499s
  2897  1959   83.00000   49  709  114.99995   67.00000  41.7%   141  503s
H 2897  1861                     114.0000000   67.00000  41.2%   141  516s
  2898  1862   84.00000   59  663  114.00000   67.04641  41.2%   141  522s
  2900  1863   74.00000    9  528  114.00000   67.13353  41.1%   141  530s
H 2900  1770                     111.0000000   67.16896  39.5%   141  532s
  2902  1772   69.01053   22  439  111.00000   67.28246  39.4%   141  540s
  2904  1773   68.26761   10  430  111.00000   67.31920  39.4%   141  551s
H 2905  1685                     108.0000000   67.36369  37.6%   141  563s
  2907  1686   86.00000   44  583  108.00000   67.36369  37.6%   141  568s
H 2907  1601                     108.0000000   67.36369  37.6%   141  577s
  2910  1603   71.00000   20  462  108.00000   67.36369  37.6%   141  586s
  2911  1604   83.00000   23  603  108.00000   67.36404  37.6%   141  590s
  2912  1604   75.00000   19  422  108.00000   67.36404  37.6%   141  599s
  2913  1605   90.00000   72  599  108.00000   67.36404  37.6%   141  602s
H 2913  1525                     106.0000000   67.36407  36.4%   141  613s
  2915  1526   69.00000    8  639  106.00000   67.36407  36.4%   140  618s
  2916  1527   72.00000   22  375  106.00000   67.36407  36.4%   140  626s
  2918  1528   69.07744   16  427  106.00000   67.36407  36.4%   140  641s
  2919  1529   75.00000   14  677  106.00000   67.36407  36.4%   140  645s
  2920  1530   83.00000   94  410  106.00000   67.36407  36.4%   140  657s
  2921  1530   87.00000   47  581  106.00000   67.36407  36.4%   140  661s
  2922  1531   74.00000   17  412  106.00000   67.36407  36.4%   140  669s
  2925  1534   87.00000   37  435  106.00000   67.36407  36.4%   204  680s
  2927  1535   76.00000   16  151  106.00000   67.36407  36.4%   204  711s
  2928  1536   68.20000   13  351  106.00000   67.36407  36.4%   204  716s
  2930  1537   85.00000   56  409  106.00000   67.36407  36.4%   204  721s
H 2931  1461                     106.0000000   67.36407  36.4%   204  728s
  2933  1462   75.00000   27  680  106.00000   67.36407  36.4%   204  732s
  2934  1463   95.00000   36  477  106.00000   67.36479  36.4%   204  742s
H 2935  1390                     105.0000000   67.40912  35.8%   204  752s
  2936  1390   81.00000   62  345  105.00000   67.40912  35.8%   204  755s
  2938  1392   67.40912    9  335  105.00000   67.40912  35.8%   204  766s
  2940  1393   70.00000    9  511  105.00000   67.41230  35.8%   203  778s
  2941  1394   82.00000   41  648  105.00000   67.41230  35.8%   203  780s
  2942  1394   93.00000   39  419  105.00000   67.41230  35.8%   203  788s
  2943  1395   90.00000   76  620  105.00000   67.41230  35.8%   203  791s
H 2943  1325                     105.0000000   67.41230  35.8%   203  797s
  2946  1327   82.00000   16  387  105.00000   67.41230  35.8%   203  805s
  2948  1328   70.00000   42  369  105.00000   67.41230  35.8%   203  818s
  2949  1329   90.00000   30  606  105.00000   67.41230  35.8%   203  821s
  2950  1330   69.07744   16  385  105.00000   67.41230  35.8%   203  830s
  2952  1331   79.00000   39  365  105.00000   67.41230  35.8%   203  842s
  2955  1334   75.24242   54  435  105.00000   67.41230  35.8%   246  853s
  2957  1335   70.00000   63  186  105.00000   67.41230  35.8%   246  884s
  2958  1336   78.00000   18  245  105.00000   67.41230  35.8%   246  891s
  2960  1337   81.00000   29  410  105.00000   67.41230  35.8%   246  896s
  2962  1339   74.00000    8  349  105.00000   67.42453  35.8%   246  906s
  2964  1340   70.00000   25  397  105.00000   67.42573  35.8%   245  916s
  2966  1341   79.00000   34  357  105.00000   67.43135  35.8%   245  927s
  2968  1343   68.36364   12  456  105.00000   67.43273  35.8%   245  938s
  2969  1343   85.00000   44  648  105.00000   67.43273  35.8%   245  941s
  2970  1344   82.00000   42  382  105.00000   67.43273  35.8%   245  950s
  2972  1345   69.00000   13  442  105.00000   67.43273  35.8%   245  964s
  2973  1346   85.00000   75  595  105.00000   67.43273  35.8%   245  968s
  2974  1347   73.00000   21  351  105.00000   67.43273  35.8%   245  978s
  2975  1347   74.00000    8  586  105.00000   67.43273  35.8%   244  983s
H 2975  1279                     105.0000000   67.43273  35.8%   244  994s
  2976  1280   77.00000   32  333  105.00000   67.43273  35.8%   244  995s
  2978  1281   93.00000   38  383  105.00000   67.43273  35.8%   244 1010s
  2979  1282   95.00000   63  566  105.00000   67.43273  35.8%   244 1016s
  2980  1283   93.00000   50  379  105.00000   67.43273  35.8%   244 1028s
  2983  1286   81.00000   85  435  105.00000   67.43273  35.8%   285 1037s
  2985  1287   85.00000   47  313  105.00000   67.43273  35.8%   285 1070s
  2986  1288   70.00000   20  378  105.00000   67.43273  35.8%   285 1075s
  2988  1289   86.00000   86  313  105.00000   67.43273  35.8%   285 1080s
  2990  1291   87.00000   48  446  105.00000   67.44655  35.8%   285 1088s
  2991  1291   84.00000   55  651  105.00000   67.44781  35.8%   284 1091s
  2992  1292   72.00000   20  459  105.00000   67.46981  35.7%   284 1100s
  2994  1293   72.00000   33  465  105.00000   67.47708  35.7%   284 1108s
  2995  1294   86.00000   34  640  105.00000   67.47864  35.7%   284 1111s
  2996  1295   95.00000  115  349  105.00000   67.47864  35.7%   284 1119s
  2997  1295   83.00000   49  531  105.00000   67.47864  35.7%   284 1121s
  2998  1296   84.00000   59  407  105.00000   67.47864  35.7%   284 1131s
  3000  1297   74.00000    9  375  105.00000   67.47864  35.7%   284 1143s
  3001  1298   71.00000   23  550  105.00000   67.47864  35.7%   284 1148s
  3002  1299   69.01053   22  384  105.00000   67.47864  35.7%   283 1156s
H 3002  1233                     103.0000000   67.47864  34.5%   283 1158s
  3004  1234   68.26761   10  388  103.00000   67.47864  34.5%   283 1169s
  3007  1237   86.00000   44  435  103.00000   67.47864  34.5%   314 1180s
  3009  1238   74.00000    8  283  103.00000   67.47864  34.5%   313 1211s
  3010  1239   71.00000   20  324  103.00000   67.47864  34.5%   313 1218s
  3012  1240   75.00000   19  368  103.00000   67.47864  34.5%   313 1223s
H 3013  1178                     103.0000000   67.47864  34.5%   313 1232s
  3015  1179   69.00000    8  615  103.00000   67.47864  34.5%   313 1235s
  3016  1180   72.00000   22  445  103.00000   67.47864  34.5%   313 1247s
  3017  1181   87.00000   99  634  103.00000   67.47864  34.5%   313 1252s
  3018  1181   69.07744   16  428  103.00000   67.47864  34.5%   312 1264s
  3019  1182   75.00000   14  647  103.00000   67.47864  34.5%   312 1268s
  3020  1183   83.00000   94  349  103.00000   67.47878  34.5%   312 1275s
  3022  1184   74.00000   17  528  103.00000   67.48375  34.5%   312 1292s
  3023  1185   72.00000   24  661  103.00000   67.48375  34.5%   312 1296s
  3024  1185   95.00000   66  405  103.00000   67.48375  34.5%   312 1307s
  3025  1186   87.00000   37  631  103.00000   67.48725  34.5%   312 1311s
  3026  1187   75.24242   31  457  103.00000   67.48725  34.5%   312 1321s
  3027  1187   76.00000   16  605  103.00000   67.48725  34.5%   312 1325s
  3028  1188   68.20000   13  489  103.00000   67.48725  34.5%   311 1337s
  3029  1189   83.00000   24  619  103.00000   67.48725  34.5%   311 1342s
  3030  1189   85.00000   56  292  103.00000   67.49836  34.5%   311 1350s
  3032  1191   86.00000   52  357  103.00000   67.49836  34.5%   311 1364s
  3033  1191   75.00000   27  504  103.00000   67.49836  34.5%   311 1367s
  3034  1192   95.00000   36  353  103.00000   67.49836  34.5%   311 1378s
  3035  1193   79.00000   29  575  103.00000   67.49836  34.5%   311 1383s
  3036  1193   81.00000   62  396  103.00000   67.49836  34.5%   311 1393s
  3039  1197   80.00000   22  435  103.00000   67.49836  34.5%   358 1403s
  3041  1198   82.00000   41  230  103.00000   67.49836  34.5%   358 1435s
  3042  1199   93.00000   39  339  103.00000   67.49836  34.5%   358 1441s
  3044  1200   75.00000   49  478  103.00000   67.49836  34.5%   357 1448s
  3045  1201   72.00000   15  574  103.00000   67.49836  34.5%   357 1450s
  3046  1202   82.00000   16  368  103.00000   67.49836  34.5%   357 1455s
  3048  1203   70.00000   42  475  103.00000   67.52743  34.4%   357 1470s
  3050  1204   69.07744   16  410  103.00000   67.52743  34.4%   357 1488s
  3051  1205   83.00000   63  603  103.00000   67.52743  34.4%   356 1493s
  3052  1206   79.00000   39  380  103.00000   67.52743  34.4%   356 1502s
  3053  1206   85.00000   79  586  103.00000   67.52743  34.4%   356 1506s
  3054  1207   81.00000   35  481  103.00000   67.55962  34.4%   356 1519s
  3055  1208   75.24242   54  632  103.00000   67.55962  34.4%   356 1521s
  3056  1208   95.00000   67  399  103.00000   67.55962  34.4%   356 1530s
  3058  1210   78.00000   18  389  103.00000   67.55962  34.4%   356 1544s
  3059  1210   91.00000   16  560  103.00000   67.55962  34.4%   356 1549s
  3060  1211   81.00000   29  414  103.00000   67.56507  34.4%   355 1564s
  3061  1212   93.00000   43  555  103.00000   67.56507  34.4%   355 1567s
  3062  1212   74.00000    8  420  103.00000   67.56507  34.4%   355 1579s
  3063  1213   75.24242   39  535  103.00000   67.56507  34.4%   355 1582s
  3064  1214   70.00000   25  358  103.00000   67.56507  34.4%   355 1593s
  3065  1214   85.00000   55  525  103.00000   67.56507  34.4%   355 1598s
  3066  1215   79.00000   34  469  103.00000   67.56507  34.4%   355 1610s
  3067  1216   82.00000   51  675  103.00000   67.56507  34.4%   355 1615s
  3068  1216   68.36364   12  446  103.00000   67.57973  34.4%   355 1626s
  3069  1217   85.00000   44  664  103.00000   67.57973  34.4%   354 1631s
  3070  1218   82.00000   42  439  103.00000   67.57973  34.4%   354 1641s
  3072  1219   69.00000   13  348  103.00000   67.57973  34.4%   354 1654s
  3073  1220   85.00000   75  528  103.00000   67.57973  34.4%   354 1658s
  3074  1220   73.00000   21  402  103.00000   67.57973  34.4%   354 1668s
  3075  1221   74.00000    8  585  103.00000   67.57973  34.4%   354 1670s
  3076  1222   77.00000   32  455  103.00000   67.57973  34.4%   354 1680s
  3077  1222   77.00000   17  654  103.00000   67.57973  34.4%   353 1685s
  3078  1223   93.00000   38  384  103.00000   67.57973  34.4%   353 1694s
  3081  1226   99.00000   86  435  103.00000   67.57973  34.4%   420 1703s
  3083  1227   81.00000   85  196  103.00000   67.57973  34.4%   420 1736s
  3084  1228   72.00000   26  264  103.00000   67.57973  34.4%   420 1740s
  3086  1229   70.00000   20  351  103.00000   67.60130  34.4%   419 1746s
  3088  1231   86.00000   86  496  103.00000   67.60130  34.4%   419 1757s
  3090  1232   87.00000   48  297  103.00000   67.60130  34.4%   419 1767s
  3092  1233   72.00000   20  344  103.00000   67.60130  34.4%   419 1778s
  3093  1234   88.13559   54  534  103.00000   67.60130  34.4%   418 1780s
  3094  1235   72.00000   33  332  103.00000   67.60130  34.4%   418 1789s
  3095  1235   86.00000   34  549  103.00000   67.60130  34.4%   418 1792s
  3096  1236   95.00000  115  459  103.00000   67.60130  34.4%   418 1803s
  3097  1237   83.00000   49  546  103.00000   67.60130  34.4%   418 1806s
  3098  1237   84.00000   59  370  103.00000   67.60130  34.4%   418 1814s
  3101  1241   71.00000   23  435  103.00000   67.60130  34.4%   443 1823s
  3103  1242   78.00000   42  241  103.00000   67.60130  34.4%   442 1855s
  3104  1243   68.26761   10  319  103.00000   67.60130  34.4%   442 1861s
  3106  1244   72.00000    6  332  103.00000   67.62412  34.3%   442 1868s
  3107  1245   86.00000   44  454  103.00000   67.63682  34.3%   442 1870s
  3109  1246   74.00000    8  525  103.00000   67.65262  34.3%   442 1876s
  3110  1247   71.00000   20  391  103.00000   67.65262  34.3%   441 1883s
  3112  1248   75.00000   19  252  103.00000   67.65262  34.3%   441 1888s
  3113  1249   90.00000   72  531  103.00000   67.65262  34.3%   441 1891s
  3114  1250   80.00000   29  387  103.00000   67.65262  34.3%   441 1900s
  3116  1251   72.00000   22  498  103.00000   67.65262  34.3%   441 1909s
  3117  1252   87.00000   99  604  103.00000   67.65262  34.3%   440 1911s
  3118  1252   69.07744   16  470  103.00000   67.65262  34.3%   440 1924s
  3119  1253   75.00000   14  609  103.00000   67.65262  34.3%   440 1930s
  3120  1254   83.00000   94  408  103.00000   67.65262  34.3%   440 1940s
  3122  1255   74.00000   17  341  103.00000   67.65262  34.3%   440 1953s
  3125  1258   87.00000   37  435  103.00000   67.65262  34.3%   472 1962s
  3127  1259   76.00000   16  315  103.00000   67.65262  34.3%   471 1992s
  3128  1260   68.20000   13  284  103.00000   67.65262  34.3%   471 1999s
  3129  1261   83.00000   24  344  103.00000   67.65262  34.3%   471 2000s
  3130  1261   85.00000   56  408  103.00000   67.65262  34.3%   471 2005s
  3132  1263   86.00000   52  291  103.00000   67.68079  34.3%   471 2012s
  3134  1264   95.00000   36  385  103.00000   67.69169  34.3%   470 2022s
  3136  1265   81.00000   62  414  103.00000   67.70011  34.3%   470 2033s
  3137  1266   95.00000   56  544  103.00000   67.70011  34.3%   470 2035s
  3138  1267   67.70011    9  419  103.00000   67.70011  34.3%   470 2042s
  3139  1267   80.00000   22  537  103.00000   67.70011  34.3%   469 2045s
  3140  1268   70.00000    9  358  103.00000   67.70011  34.3%   469 2051s
H 3140  1204                     102.9999995   67.70011  34.3%   469 2051s
  3142  1205   93.00000   39  445  103.00000   67.70011  34.3%   469 2058s
  3143  1206   90.00000   76  566  103.00000   67.70011  34.3%   469 2060s
  3144  1207   75.00000   49  478  103.00000   67.70011  34.3%   469 2070s
  3146  1208   82.00000   16  443  103.00000   67.70011  34.3%   468 2078s
  3149  1211   90.00000   30  435  103.00000   67.70011  34.3%   496 2086s
  3151  1212   83.00000   63  284  103.00000   67.70011  34.3%   495 2120s
  3152  1213   79.00000   39  356  103.00000   67.70011  34.3%   495 2125s
  3154  1214   81.00000   35  330  103.00000   67.70011  34.3%   495 2132s
  3156  1216   95.00000   67  373  103.00000   67.70168  34.3%   494 2137s
  3158  1217   78.00000   18  397  103.00000   67.70168  34.3%   494 2148s
  3159  1218   91.00000   16  575  103.00000   67.70168  34.3%   494 2150s
  3160  1218   81.00000   29  423  103.00000   67.70168  34.3%   494 2157s
  3161  1219   93.00000   43  621  103.00000   67.70168  34.3%   494 2162s
  3162  1220   74.00000    8  403  103.00000   67.70168  34.3%   493 2172s
  3164  1221   70.00000   25  476  103.00000   67.70168  34.3%   493 2186s
  3165  1222   85.00000   55  598  103.00000   67.70168  34.3%   493 2191s
  3166  1222   79.00000   34  464  103.00000   67.70168  34.3%   493 2202s
  3168  1224   68.36364   12  493  103.00000   67.70168  34.3%   493 2213s
  3169  1224   85.00000   44  438  103.00000   67.70168  34.3%   492 2215s
  3170  1225   82.00000   42  438  103.00000   67.70168  34.3%   492 2222s
  3171  1229   68.00000  129  319  103.00000   68.00000  34.0%   526 2258s
  3173  1232   68.00000  130  319  103.00000   68.00000  34.0%   526 2274s
  3177  1239   68.00000  131  302  103.00000   68.00000  34.0%   526 2292s
  3185  1252   68.00000  132  301  103.00000   68.00000  34.0%   525 2320s
  3201  1279   68.00000  133  311  103.00000   68.00000  34.0%   523 2348s
  3233  1299   68.00000  134  303  103.00000   68.00000  34.0%   519 2354s
  3265  1320   74.00000  134  313  103.00000   68.00000  34.0%   515 2412s
H 3281  1253                     101.9999995   68.00000  33.3%   512 2412s
  3297  1280   68.00000  135  342  102.00000   68.00000  33.3%   510 2425s
H 3299  1220                     101.9999994   68.00000  33.3%   510 2425s
  3329  1242   76.00000  135  337  102.00000   68.00000  33.3%   506 2430s
  3361  1267   68.00000  136  346  102.00000   68.00000  33.3%   501 2435s
  3397  1289   68.00000  136  327  102.00000   68.00000  33.3%   496 2442s
  3431  1310   68.00000  137  327  102.00000   68.00000  33.3%   491 2513s
H 3447  1250                     100.9999994   68.00000  32.7%   489 2513s
  3463  1285   79.00000  137  349  101.00000   68.00000  32.7%   487 2521s
  3512  1315   68.00000  138  361  101.00000   68.00000  32.7%   481 2530s
  3564  1349   68.00000  138  375  101.00000   68.00000  32.7%   475 2543s
  3615  1390   68.00000  139  359  101.00000   68.00000  32.7%   468 2550s
  3799  1566   68.00000  141  354  101.00000   68.00000  32.7%   447 2556s
  4064  1751   68.00000  144  356  101.00000   68.00000  32.7%   420 2561s
  4213  1839   68.00000  145  362  101.00000   68.00000  32.7%   406 2578s
  4363  1879   73.00000  145  355  101.00000   68.00000  32.7%   393 2580s
  4549  2069   68.00000  147  369  101.00000   68.00000  32.7%   378 2605s
  4740  2176   72.00000  148  379  101.00000   68.00000  32.7%   363 2611s
  4948  2147   71.00000  150  461  101.00000   68.00000  32.7%   349 2631s
  5018  2121   68.00000  151  478  101.00000   68.00000  32.7%   347 2653s
  5067  2124   72.00000  151  409  101.00000   68.00000  32.7%   350 2670s
  5112  2140   68.00000  152  450  101.00000   68.00000  32.7%   350 2683s
  5155  2162   68.00000  152  476  101.00000   68.00000  32.7%   349 2695s
  5200  2187   68.00000  153  460  101.00000   68.00000  32.7%   349 2711s
  5252  2324   71.00000  153  560  101.00000   68.00000  32.7%   347 2716s
  5407  2310   68.00000  154  458  101.00000   68.00000  32.7%   339 2734s
  5453  2482   68.00000  155  414  101.00000   68.00000  32.7%   337 2740s
  5650  2442   68.00000  157  433  101.00000   68.00000  32.7%   327 2763s
  5708  2516   69.23810  158  431  101.00000   68.00000  32.7%   326 2791s
  5816  2666   68.00000  160  434  101.00000   68.00000  32.7%   321 2799s
  6009  2644   68.00000  163  427  101.00000   68.00000  32.7%   312 2811s
  6068  2862   68.00000  164  425  101.00000   68.00000  32.7%   310 2835s
  6332  3042   68.00000  168  424  101.00000   68.00000  32.7%   299 2840s
  6624  3030   68.00000  172  423  101.00000   68.00000  32.7%   287 2859s
  6712  3076   68.00000  173  411  101.00000   68.00000  32.7%   285 2886s
  6782  3322   68.00000  173  441  101.00000   68.00000  32.7%   283 2896s
  7036  3582   68.00000  178  442  101.00000   68.00000  32.7%   275 2928s
  7354  3591   68.00000  183  433  101.00000   68.00000  32.7%   265 2964s
  7437  3897   71.00000  184  426  101.00000   68.00000  32.7%   264 2986s
  7777  3923   68.00000  192  422  101.00000   68.00000  32.7%   255 3020s
  7883  4505   68.00000  194  422  101.00000   68.00000  32.7%   254 3048s
  8537  4977   68.00000  204  416  101.00000   68.00000  32.7%   237 3088s
  9191  4996   69.00000  209  425  101.00000   68.00000  32.7%   223 3251s
H 9196  4926                      99.9999994   68.00000  32.0%   223 3255s
H 9253  4781                      97.9999994   68.00000  30.6%   223 3258s
  9314  4886   69.00000  211  421   98.00000   68.00000  30.6%   222 3296s
  9428  5025   69.00000  213  421   98.00000   68.00000  30.6%   221 3322s
  9581  5133   69.00000  215  414   98.00000   68.00000  30.6%   219 3365s
H 9589  5133                      97.9999994   68.00000  30.6%   218 3369s
  9734  6078   69.00000  217  414   98.00000   68.00000  30.6%   216 3495s
 11040  6580   76.00000  245  375   98.00000   68.00000  30.6%   195 3545s
 11719  6570 infeasible  260        98.00000   68.00000  30.6%   189 3600s

Cutting planes:
  Learned: 2
  Gomory: 95
  Cover: 118
  Implied bound: 38
  Projected implied bound: 5
  Clique: 31
  MIR: 179
  StrongCG: 13
  Flow cover: 561
  Inf proof: 11
  Zero half: 29
  RLT: 269
  Relax-and-lift: 309

Explored 11817 nodes (2354474 simplex iterations) in 3617.85 seconds (333.54 work units)
Thread count was 32 (of 32 available processors)

Solution count 10: 98 98 100 ... 105

Time limit reached
Best objective 9.799999943643e+01, best bound 6.800000000000e+01, gap 30.6122%

Wrote result file 'RCPSP_609.sol'

