
Gurobi 10.0.3 (linux64, gurobi_cl) logging started Fri Nov 10 21:11:41 2023

Set parameter Username
Set parameter TimeLimit to value 3600
Set parameter LogFile to value "RCPSP_1922.log"
Set parameter Threads to value 32
Academic license - for non-commercial use only - expires 2024-11-06
Using license file /home/jrivera6/gurobi-licenses/v1003/compute-0-36/gurobi.lic

Gurobi Optimizer version 10.0.3 build v10.0.3rc0 (linux64)
Copyright (c) 2023, Gurobi Optimization, LLC

Read MPS format model from file RCPSP_1922.mps
Reading time = 0.12 seconds
RCPSP_1922: 75288 rows, 29890 columns, 251703 nonzeros

CPU model: Intel(R) Xeon(R) Gold 6130 CPU @ 2.10GHz, instruction set [SSE2|AVX|AVX2|AVX512]
Thread count: 32 physical cores, 32 logical processors, using up to 32 threads

Optimize a model with 75288 rows, 29890 columns and 251703 nonzeros
Model fingerprint: 0x1f087773
Variable types: 122 continuous, 29768 integer (29768 binary)
Coefficient statistics:
  Matrix range     [1e+00, 7e+02]
  Objective range  [1e+00, 1e+00]
  Bounds range     [1e+00, 1e+00]
  RHS range        [1e+00, 7e+02]
Presolve removed 11496 rows and 1745 columns (presolve time = 5s) ...
Presolve removed 11496 rows and 1745 columns (presolve time = 10s) ...
Presolve removed 11496 rows and 1745 columns (presolve time = 15s) ...
Presolve removed 15484 rows and 3402 columns
Presolve time: 17.98s
Presolved: 59804 rows, 26488 columns, 209365 nonzeros
Variable types: 121 continuous, 26367 integer (26367 binary)

Deterministic concurrent LP optimizer: primal and dual simplex (primal and dual model)
Showing first log only...

Root relaxation presolved: 59804 rows, 26488 columns, 209365 nonzeros


Root simplex log...

Iteration    Objective       Primal Inf.    Dual Inf.      Time
       0    1.0289419e+02   4.657331e-02   2.785908e+08     20s
    3088    1.0000000e+02   0.000000e+00   0.000000e+00     22s
Concurrent spin time: 0.94s

Solved with dual simplex (dual model)

Root relaxation: objective 1.000000e+02, 29080 iterations, 3.78 seconds (0.28 work units)
Total elapsed time = 29.59s
Total elapsed time = 31.43s

    Nodes    |    Current Node    |     Objective Bounds      |     Work
 Expl Unexpl |  Obj  Depth IntInf | Incumbent    BestBd   Gap | It/Node Time

     0     0  100.00000    0  406          -  100.00000      -     -   38s
     0     0  100.00000    0  404          -  100.00000      -     -   38s
     0     0  100.00000    0 1812          -  100.00000      -     -  184s
     0     0  100.00000    0 1416          -  100.00000      -     -  195s
     0     0  100.00000    0 1534          -  100.00000      -     -  198s
     0     0  100.00000    0 1418          -  100.00000      -     -  203s
     0     0  100.00000    0  390          -  100.00000      -     -  269s
     0     0  100.00000    0  389          -  100.00000      -     -  270s
     0     0  100.00000    0 1482          -  100.00000      -     -  315s
     0     0  100.00000    0 1460          -  100.00000      -     -  336s
     0     0  100.00000    0 1414          -  100.00000      -     -  336s
     0     0  100.00000    0 1181          -  100.00000      -     -  357s
     0     0  100.00000    0  345          -  100.00000      -     -  425s
     0     0  100.00000    0  345          -  100.00000      -     -  426s
     0     0  100.00000    0  511          -  100.00000      -     -  500s
     0     0  100.00000    0  509          -  100.00000      -     -  500s
     0     0  100.00000    0  149          -  100.00000      -     -  538s
     0     0  100.00000    0  710          -  100.00000      -     -  548s
     0     0  100.00000    0  694          -  100.00000      -     -  548s
     0     0  100.00000    0  235          -  100.00000      -     -  567s
     0     0  100.00000    0  413          -  100.00000      -     -  581s
     0     0  100.00000    0  410          -  100.00000      -     -  581s
     0     0  100.00000    0  225          -  100.00000      -     -  603s
     0     0  100.00000    0  947          -  100.00000      -     -  608s
     0     0  100.00000    0  923          -  100.00000      -     -  609s
     0     0  100.00000    0  242          -  100.00000      -     -  637s
     0     0  100.00000    0 1188          -  100.00000      -     -  651s
     0     0  100.00000    0  691          -  100.00000      -     -  653s
     0     0  100.00000    0  178          -  100.00000      -     -  672s
     0     0  100.00000    0  178          -  100.00000      -     -  684s
     0     2  100.00000    0  134          -  100.00000      -     -  757s
     1     5  100.00000    1  168          -  100.00000      -  4744  778s
     3     8  100.00000    2  167          -  100.00000      -  1772  788s
     7    16  100.00000    3  826          -  100.00000      -   959  850s
    15    31  100.00000    4  594          -  100.00000      -   976 1166s
    31    61  100.00000    5 1384          -  100.00000      -  1344 2336s
    33    61  100.00000    5  977          -  100.00000      -  1384 2343s
    62    87  100.00000    6 1014          -  100.00000      -  1398 3878s
    66    87  100.00000    6 1163          -  100.00000      -  1405 3880s

Cutting planes:
  Gomory: 48
  Cover: 167
  Implied bound: 314
  Clique: 5
  MIR: 3236
  StrongCG: 43
  Zero half: 12
  RLT: 1517
  Relax-and-lift: 246
  BQP: 1
  PSD: 1

Explored 93 nodes (314509 simplex iterations) in 3924.20 seconds (94.73 work units)
Thread count was 32 (of 32 available processors)

Solution count 0

Time limit reached
Best objective -, best bound 1.000000000000e+02, gap -

Unable to retrieve attribute 'X'

