
Gurobi 10.0.3 (linux64, gurobi_cl) logging started Thu Nov  9 11:47:32 2023

Set parameter Username
Set parameter TimeLimit to value 3600
Set parameter LogFile to value "RCPSP_1125.log"
Set parameter Threads to value 32
Academic license - for non-commercial use only - expires 2024-11-06
Using license file /home/jrivera6/gurobi-licenses/v1003/compute-0-36/gurobi.lic

Gurobi Optimizer version 10.0.3 build v10.0.3rc0 (linux64)
Copyright (c) 2023, Gurobi Optimization, LLC

Read MPS format model from file RCPSP_1125.mps
Reading time = 0.05 seconds
RCPSP_1125: 42947 rows, 17020 columns, 134581 nonzeros

CPU model: Intel(R) Xeon(R) Gold 6130 CPU @ 2.10GHz, instruction set [SSE2|AVX|AVX2|AVX512]
Thread count: 32 physical cores, 32 logical processors, using up to 32 threads

Optimize a model with 42947 rows, 17020 columns and 134581 nonzeros
Model fingerprint: 0xe57ae6c6
Variable types: 92 continuous, 16928 integer (16928 binary)
Coefficient statistics:
  Matrix range     [1e+00, 5e+02]
  Objective range  [1e+00, 1e+00]
  Bounds range     [1e+00, 1e+00]
  RHS range        [1e+00, 5e+02]
Presolve removed 8663 rows and 1900 columns (presolve time = 5s) ...
Presolve removed 13955 rows and 3907 columns
Presolve time: 7.69s
Presolved: 28992 rows, 13113 columns, 94391 nonzeros
Variable types: 91 continuous, 13022 integer (13022 binary)

Root simplex log...

Iteration    Objective       Primal Inf.    Dual Inf.      Time
       0    1.0900000e+02   1.007787e+05   0.000000e+00      8s
    4462    1.0900000e+02   0.000000e+00   0.000000e+00      8s

Root relaxation: objective 1.090000e+02, 4462 iterations, 0.27 seconds (0.10 work units)

    Nodes    |    Current Node    |     Objective Bounds      |     Work
 Expl Unexpl |  Obj  Depth IntInf | Incumbent    BestBd   Gap | It/Node Time

     0     0  109.00000    0   39          -  109.00000      -     -    9s
     0     0  113.00000    0   88          -  113.00000      -     -    9s
     0     0  113.00000    0  152          -  113.00000      -     -   20s
     0     0  113.00000    0  127          -  113.00000      -     -   21s
     0     0  113.00000    0   10          -  113.00000      -     -   33s
     0     0  113.00000    0   12          -  113.00000      -     -   41s
     0     0  113.00000    0    2          -  113.00000      -     -   49s
     0     0  113.00000    0    2          -  113.00000      -     -   50s
     0     0  113.00000    0    8          -  113.00000      -     -   53s
     0     0  113.00000    0    8          -  113.00000      -     -   53s
     0     0  113.00000    0    1          -  113.00000      -     -   59s
H    0     0                     113.0000000  113.00000  0.00%     -   62s
     0     0  113.00000    0   10  113.00000  113.00000  0.00%     -   62s

Cutting planes:
  Gomory: 4
  Cover: 5
  Implied bound: 23
  MIR: 41
  StrongCG: 3
  RLT: 21
  Relax-and-lift: 8

Explored 1 nodes (23065 simplex iterations) in 62.82 seconds (8.85 work units)
Thread count was 32 (of 32 available processors)

Solution count 1: 113 

Optimal solution found (tolerance 1.00e-04)
Best objective 1.130000000000e+02, best bound 1.130000000000e+02, gap 0.0000%

Wrote result file 'RCPSP_1125.sol'

