
Gurobi 10.0.3 (linux64, gurobi_cl) logging started Thu Nov  2 11:33:59 2023

Set parameter Username
Set parameter TimeLimit to value 3600
Set parameter LogFile to value "RCPSP_248.log"
Set parameter Threads to value 32
Academic license - for non-commercial use only - expires 2024-10-30
Using license file /home/jrivera6/gurobi-licenses/v1003/compute-0-34/gurobi.lic

Gurobi Optimizer version 10.0.3 build v10.0.3rc0 (linux64)
Copyright (c) 2023, Gurobi Optimization, LLC

Read MPS format model from file RCPSP_248.mps
Reading time = 0.01 seconds
RCPSP_248: 5339 rows, 2080 columns, 17984 nonzeros

CPU model: Intel(R) Xeon(R) Gold 6130 CPU @ 2.10GHz, instruction set [SSE2|AVX|AVX2|AVX512]
Thread count: 32 physical cores, 32 logical processors, using up to 32 threads

Optimize a model with 5339 rows, 2080 columns and 17984 nonzeros
Model fingerprint: 0x9ef49030
Variable types: 32 continuous, 2048 integer (2048 binary)
Coefficient statistics:
  Matrix range     [1e+00, 2e+02]
  Objective range  [1e+00, 1e+00]
  Bounds range     [1e+00, 1e+00]
  RHS range        [1e+00, 2e+02]
Presolve removed 3264 rows and 1256 columns
Presolve time: 0.19s
Presolved: 2075 rows, 824 columns, 6890 nonzeros
Variable types: 31 continuous, 793 integer (793 binary)

Root relaxation: objective 4.200000e+01, 277 iterations, 0.00 seconds (0.00 work units)

    Nodes    |    Current Node    |     Objective Bounds      |     Work
 Expl Unexpl |  Obj  Depth IntInf | Incumbent    BestBd   Gap | It/Node Time

     0     0   42.00000    0   43          -   42.00000      -     -    0s
     0     0   46.00000    0   43          -   46.00000      -     -    0s
     0     0   46.00685    0  120          -   46.00685      -     -    0s
     0     0   46.00685    0  115          -   46.00685      -     -    0s
     0     0   46.03769    0  122          -   46.03769      -     -    0s
     0     0   46.03769    0  110          -   46.03769      -     -    0s
     0     0   49.84115    0   88          -   49.84115      -     -    1s
H    0     0                      91.0000000   49.99436  45.1%     -    1s
     0     0   49.99436    0   75   91.00000   49.99436  45.1%     -    1s
H    0     0                      90.0000000   49.99436  44.5%     -    1s
     0     0   49.99436    0   81   90.00000   49.99436  44.5%     -    1s
     0     0   51.00000    0   79   90.00000   51.00000  43.3%     -    1s
     0     0   51.00000    0   94   90.00000   51.00000  43.3%     -    1s
     0     0   51.00000    0   96   90.00000   51.00000  43.3%     -    1s
     0     0   51.00000    0  118   90.00000   51.00000  43.3%     -    1s
     0     0   51.00000    0   56   90.00000   51.00000  43.3%     -    2s
H    0     0                      89.0000000   51.00000  42.7%     -    2s
     0     0   51.00000    0   77   89.00000   51.00000  42.7%     -    2s
     0     0   51.00000    0   83   89.00000   51.00000  42.7%     -    3s
H    0     0                      87.0000000   51.00000  41.4%     -    3s
     0     0   51.00000    0   88   87.00000   51.00000  41.4%     -    3s
     0     0   51.00000    0  108   87.00000   51.00000  41.4%     -    3s
     0     0   51.03765    0   75   87.00000   51.03765  41.3%     -    3s
     0     0   51.03765    0   92   87.00000   51.03765  41.3%     -    4s
     0     0   51.04364    0   96   87.00000   51.04364  41.3%     -    4s
     0     0   51.04364    0   87   87.00000   51.04364  41.3%     -    4s
     0     0   51.17744    0  122   87.00000   51.17744  41.2%     -    4s
H    0     0                      86.0000000   51.17744  40.5%     -    4s
     0     0   51.17744    0   97   86.00000   51.17744  40.5%     -    4s
     0     0   51.18802    0   71   86.00000   51.18802  40.5%     -    4s
     0     0   51.18802    0   94   86.00000   51.18802  40.5%     -    5s
     0     0   51.20999    0  103   86.00000   51.20999  40.5%     -    5s
     0     0   51.20999    0   95   86.00000   51.20999  40.5%     -    5s
     0     0   51.20999    0  121   86.00000   51.20999  40.5%     -    5s
     0     0   51.20999    0  120   86.00000   51.20999  40.5%     -    5s
     0     0   51.20999    0  104   86.00000   51.20999  40.5%     -    5s
     0     0   51.20999    0   96   86.00000   51.20999  40.5%     -    5s
     0     0   51.20999    0  108   86.00000   51.20999  40.5%     -    5s
     0     0   51.20999    0  128   86.00000   51.20999  40.5%     -    5s
     0     0   51.20999    0   85   86.00000   51.20999  40.5%     -    6s
     0     0   51.20999    0  117   86.00000   51.20999  40.5%     -    6s
H    0     0                      85.0000000   51.32695  39.6%     -    6s
     0     0   51.32695    0   67   85.00000   51.32695  39.6%     -    6s
     0     0   51.32695    0  109   85.00000   51.32695  39.6%     -    6s
     0     0   51.32695    0  108   85.00000   51.32695  39.6%     -    6s
     0     0   51.33333    0  135   85.00000   51.33333  39.6%     -    7s
     0     0   51.33865    0  126   85.00000   51.33865  39.6%     -    7s
     0     0   51.35315    0  130   85.00000   51.35315  39.6%     -    7s
     0     0   51.35315    0  136   85.00000   51.35315  39.6%     -    7s
     0     0   51.36376    0  143   85.00000   51.36376  39.6%     -    7s
     0     0   51.36584    0  132   85.00000   51.36584  39.6%     -    7s
     0     0   51.36584    0  132   85.00000   51.36584  39.6%     -    7s
H    0     0                      82.0000000   51.36584  37.4%     -    7s
     0     0   51.39756    0  146   82.00000   51.39756  37.3%     -    7s
     0     0   51.39768    0  145   82.00000   51.39768  37.3%     -    7s
H    0     0                      81.0000000   51.39768  36.5%     -    7s
     0     0   51.40526    0  118   81.00000   51.40526  36.5%     -    7s
     0     0   51.41729    0  109   81.00000   51.41729  36.5%     -    7s
     0     0   51.41729    0  117   81.00000   51.41729  36.5%     -    7s
     0     0   51.42712    0  126   81.00000   51.42712  36.5%     -    7s
     0     0   51.44872    0  149   81.00000   51.44872  36.5%     -    7s
     0     0   51.44872    0  128   81.00000   51.44872  36.5%     -    7s
     0     0   51.44872    0  130   81.00000   51.44872  36.5%     -    8s
     0     0   51.44872    0  121   81.00000   51.44872  36.5%     -    8s
     0     0   51.44872    0  144   81.00000   51.44872  36.5%     -    8s
     0     0   51.44872    0  134   81.00000   51.44872  36.5%     -    8s
     0     0   51.44872    0  125   81.00000   51.44872  36.5%     -    8s
     0     0   51.44872    0   56   81.00000   51.44872  36.5%     -    8s
H    0     0                      80.0000000   51.44872  35.7%     -    9s
     0     2   51.44872    0   51   80.00000   51.44872  35.7%     -    9s
     5     6   51.56416    2   80   80.00000   51.56416  35.5%   182   10s
H   45    60                      79.0000000   52.39640  33.7%   205   13s
   299   317   60.00000   12   85   79.00000   53.00000  32.9%  92.5   15s
* 1340  1160              44      78.0000000   53.00000  32.1%  37.5   18s
  1875  1543   64.27057   50   56   78.00000   53.00000  32.1%  31.7   20s
* 2980  2063              36      77.0000000   53.00000  31.2%  27.4   21s
H 3082  1912                      74.0000000   53.00000  28.4%  26.9   37s
  3083  1896   66.04032   50   56   74.00000   53.00000  28.4%  26.9   45s
  3085  1897   64.00000   33   22   74.00000   53.00000  28.4%  26.8   50s
  3086  1898   68.00000   81   39   74.00000   53.00000  28.4%  26.8   56s
H 3087  1804                      72.0000000   53.00000  26.4%  26.8   57s
H 3088  1713                      71.0000000   53.00000  25.4%  26.8   62s
H 3090  1629                      70.0000000   53.00000  24.3%  26.8   62s
  3108  1641   68.74074   15   91   70.00000   56.00000  20.0%  26.6   65s
  3127  1653   66.00000   21  118   70.00000   58.00000  17.1%  26.5   70s
H 3141  1579                      68.0000000   58.88936  13.4%  26.4   74s
  3144  1581   68.00000   45  121   68.00000   58.88936  13.4%  26.3   75s
H 3147  1503                      67.0000000   59.00000  11.9%  26.3   76s
  3152  1508   61.00000   16   74   67.00000   59.00000  11.9%  36.8   82s
  3161  1505   59.00000   18   61   67.00000   59.00000  11.9%  37.2   85s
H 3182  1426                      66.0000000   59.88450  9.27%  38.5   89s
  3189  1418 infeasible   22        66.00000   59.89567  9.25%  38.7   91s

Cutting planes:
  Learned: 1
  Gomory: 7
  Cover: 7
  Implied bound: 2
  Projected implied bound: 1
  Clique: 4
  MIR: 46
  StrongCG: 1
  Flow cover: 112
  Inf proof: 2
  RLT: 14
  Relax-and-lift: 13

Explored 3205 nodes (142170 simplex iterations) in 93.37 seconds (5.78 work units)
Thread count was 32 (of 32 available processors)

Solution count 10: 66 67 68 ... 79

Optimal solution found (tolerance 1.00e-04)
Best objective 6.600000000000e+01, best bound 6.600000000000e+01, gap 0.0000%

Wrote result file 'RCPSP_248.sol'

