
Gurobi 10.0.3 (linux64, gurobi_cl) logging started Thu Nov  9 11:51:24 2023

Set parameter Username
Set parameter TimeLimit to value 3600
Set parameter LogFile to value "RCPSP_1286.log"
Set parameter Threads to value 32
Academic license - for non-commercial use only - expires 2024-10-30
Using license file /home/jrivera6/gurobi-licenses/v1003/compute-0-34/gurobi.lic

Gurobi Optimizer version 10.0.3 build v10.0.3rc0 (linux64)
Copyright (c) 2023, Gurobi Optimization, LLC

Read MPS format model from file RCPSP_1286.mps
Reading time = 0.09 seconds
RCPSP_1286: 42975 rows, 17020 columns, 134609 nonzeros

CPU model: Intel(R) Xeon(R) Gold 6130 CPU @ 2.10GHz, instruction set [SSE2|AVX|AVX2|AVX512]
Thread count: 32 physical cores, 32 logical processors, using up to 32 threads

Optimize a model with 42975 rows, 17020 columns and 134609 nonzeros
Model fingerprint: 0xb1818b34
Variable types: 92 continuous, 16928 integer (16928 binary)
Coefficient statistics:
  Matrix range     [1e+00, 5e+02]
  Objective range  [1e+00, 1e+00]
  Bounds range     [1e+00, 1e+00]
  RHS range        [1e+00, 5e+02]
Presolve removed 8971 rows and 2036 columns (presolve time = 5s) ...
Presolve removed 8971 rows and 2036 columns (presolve time = 10s) ...
Presolve removed 13968 rows and 3782 columns
Presolve time: 11.19s
Presolved: 29007 rows, 13238 columns, 94366 nonzeros
Variable types: 91 continuous, 13147 integer (13147 binary)

Root simplex log...

Iteration    Objective       Primal Inf.    Dual Inf.      Time
       0    8.3000000e+01   1.043929e+05   0.000000e+00     12s
    4529    8.3000000e+01   0.000000e+00   0.000000e+00     12s

Root relaxation: objective 8.300000e+01, 4529 iterations, 0.46 seconds (0.07 work units)

    Nodes    |    Current Node    |     Objective Bounds      |     Work
 Expl Unexpl |  Obj  Depth IntInf | Incumbent    BestBd   Gap | It/Node Time

     0     0   83.00000    0  159          -   83.00000      -     -   15s
     0     0   88.00000    0  130          -   88.00000      -     -   16s
     0     0   88.00000    0  368          -   88.00000      -     -   38s
     0     0   88.00000    0  322          -   88.00000      -     -   38s
     0     0   88.00000    0  262          -   88.00000      -     -   40s
     0     0   88.00000    0   61          -   88.00000      -     -   63s
H    0     0                      88.0000000   88.00000  0.00%     -   77s
     0     0   88.00000    0    2   88.00000   88.00000  0.00%     -   77s

Cutting planes:
  Gomory: 5
  Cover: 6
  Implied bound: 15
  Clique: 1
  MIR: 229
  StrongCG: 5
  Zero half: 2
  RLT: 107
  Relax-and-lift: 12

Explored 1 nodes (25827 simplex iterations) in 77.34 seconds (10.17 work units)
Thread count was 32 (of 32 available processors)

Solution count 1: 88 

Optimal solution found (tolerance 1.00e-04)
Best objective 8.800000000000e+01, best bound 8.800000000000e+01, gap 0.0000%

Wrote result file 'RCPSP_1286.sol'

