
Gurobi 10.0.3 (linux64, gurobi_cl) logging started Thu Nov  2 11:34:34 2023

Set parameter Username
Set parameter TimeLimit to value 3600
Set parameter LogFile to value "RCPSP_561.log"
Set parameter Threads to value 32
Academic license - for non-commercial use only - expires 2024-10-30
Using license file /home/jrivera6/gurobi-licenses/v1003/compute-0-38/gurobi.lic

Gurobi Optimizer version 10.0.3 build v10.0.3rc0 (linux64)
Copyright (c) 2023, Gurobi Optimization, LLC

Read MPS format model from file RCPSP_561.mps
Reading time = 0.02 seconds
RCPSP_561: 19624 rows, 7750 columns, 68299 nonzeros

CPU model: Intel(R) Xeon(R) Gold 6242 CPU @ 2.80GHz, instruction set [SSE2|AVX|AVX2|AVX512]
Thread count: 32 physical cores, 32 logical processors, using up to 32 threads

Optimize a model with 19624 rows, 7750 columns and 68299 nonzeros
Model fingerprint: 0xb2f5437a
Variable types: 62 continuous, 7688 integer (7688 binary)
Coefficient statistics:
  Matrix range     [1e+00, 3e+02]
  Objective range  [1e+00, 1e+00]
  Bounds range     [1e+00, 1e+00]
  RHS range        [1e+00, 3e+02]
Presolve removed 6625 rows and 2220 columns
Presolve time: 1.92s
Presolved: 12999 rows, 5530 columns, 47493 nonzeros
Variable types: 61 continuous, 5469 integer (5469 binary)

Root relaxation: objective 5.900000e+01, 1920 iterations, 0.03 seconds (0.03 work units)

    Nodes    |    Current Node    |     Objective Bounds      |     Work
 Expl Unexpl |  Obj  Depth IntInf | Incumbent    BestBd   Gap | It/Node Time

     0     0   59.00000    0  149          -   59.00000      -     -    2s
     0     0   59.00000    0  471          -   59.00000      -     -    4s
     0     0   59.00000    0  391          -   59.00000      -     -    4s
     0     0   59.00000    0  186          -   59.00000      -     -    7s
     0     0   59.00000    0  294          -   59.00000      -     -    8s
     0     0   59.00000    0  426          -   59.00000      -     -    9s
     0     0   59.00000    0  427          -   59.00000      -     -    9s
     0     0   59.00000    0  395          -   59.00000      -     -   11s
H    0     0                     305.0000000   59.00000  80.7%     -   12s
     0     0   59.00000    0  283  305.00000   59.00000  80.7%     -   12s
H    0     0                     256.0000000   59.00000  77.0%     -   15s
H    0     2                     225.0000000   59.00000  73.8%     -   22s
     0     2   59.00000    0  253  225.00000   59.00000  73.8%     -   23s
     3     8   59.00000    2  605  225.00000   59.00000  73.8%  1010   27s
    15    27   59.00000    4  517  225.00000   59.00000  73.8%   881   31s
H   30    45                     208.0000000   59.00000  71.6%   700   40s
H   31    45                     203.0000000   59.00000  70.9%   731   40s
H   32    45                     199.0000000   59.00000  70.4%   715   40s
H   34    45                     197.0000000   59.00000  70.1%   679   40s
    89    99   59.00000    7  645  197.00000   59.00000  70.1%   591   46s
   153   158   59.00000    9  585  197.00000   59.00000  70.1%   500   61s
   185   204   59.00000   10  373  197.00000   59.00000  70.1%   478   74s
   237   254   59.00000   11  488  197.00000   59.00000  70.1%   442   91s
H  290   283                     178.0000000   59.00000  66.9%   375  211s
H  291   283                     177.0000000   59.00000  66.7%   374  211s
H  292   283                     174.0000000   59.00000  66.1%   373  211s
H  294   283                     170.0000000   59.00000  65.3%   370  211s
H  300   283                     167.0000000   59.00000  64.7%   365  211s
   323   312   59.00000   13  455  167.00000   59.00000  64.7%   343  235s
H  355   343                     115.0000000   59.00000  48.7%   318  387s
   388   572   59.00000   15  424  115.00000   59.00000  48.7%   308  394s
   641   974   59.00000   23  473  115.00000   59.00000  48.7%   213  403s
  1080  1406   59.00000   28  440  115.00000   59.00000  48.7%   157  420s
H 1630  1613                     111.0000000   59.00000  46.8%   133  430s
  1912  1967   59.06400   32  686  111.00000   59.00000  46.8%   136  441s
  2375  2499   63.00000   38  542  111.00000   59.00000  46.8%   134  451s
H 3033  2498                     108.0000000   59.00000  45.4%   128  463s
  3034  2499   79.00000   71  283  108.00000   59.00000  45.4%   128  465s
H 3036  2374                     107.0000000   59.00000  44.9%   128  470s
H 3036  2256                     106.0000000   59.00000  44.3%   128  470s
H 3037  2144                     104.0000000   59.00000  43.3%   128  473s
  3039  2145   75.00000   65  344  104.00000   59.00000  43.3%   128  480s
  3041  2147   68.00000   42  391  104.00000   59.00000  43.3%   128  490s
H 3042  2039                     103.0000000   59.00000  42.7%   128  497s
  3044  2041   59.00000   15  683  103.00000   59.00000  42.7%   128  502s
H 3044  1939                     101.0000000   59.00000  41.6%   128  512s
  3045  1939   71.00000   15  453  101.00000   59.00000  41.6%   128  515s
  3047  1941   69.00000   11  381  101.00000   59.00000  41.6%   128  525s
  3050  1946   59.00000   14  198  101.00000   59.00000  41.6%   157  540s
  3056  1956   59.00000   16  258  101.00000   59.00000  41.6%   157  547s
  3064  1969   59.00000   17  251  101.00000   59.00000  41.6%   157  552s
  3080  1996   59.00000   18  237  101.00000   59.00000  41.6%   157  560s
H 3109  1889                     101.0000000   59.00000  41.6%   158  560s
  3112  1920   59.00000   19  239  101.00000   59.00000  41.6%   158  567s
H 3144  1848                      99.0000000   59.00000  40.4%   158  815s
H 3152  1758                      98.0000000   59.00000  39.8%   158  815s
H 3158  1673                      98.0000000   59.00000  39.8%   158  815s
  3176  1698   59.02286   20  372   98.00000   59.00000  39.8%   158  877s
  3208  1719   59.38095   20  355   98.00000   59.00000  39.8%   157  883s
  3240  1761   59.02286   21  374   98.00000   59.00000  39.8%   156  889s
  3293  1793   59.33694   22  466   98.00000   59.00000  39.8%   155  897s
  3344  1831   59.13803   22  349   98.00000   59.00000  39.8%   155  904s
  3399  1847   59.40000   23  348   98.00000   59.00000  39.8%   154  914s
  3435  1893   60.00000   24  348   98.00000   59.00000  39.8%   154  922s
  3499  1934   61.00000   25  333   98.00000   59.00000  39.8%   152  928s
  3563  1967   61.00000   25  349   98.00000   59.00000  39.8%   150  935s
  3622  2003   63.00000   26  354   98.00000   59.00000  39.8%   149  942s
  3690  2018   61.00000   27  327   98.00000   59.00000  39.8%   147  956s
  3730  2084   61.00000   28  333   98.00000   59.00000  39.8%   146  968s
  3809  2130   64.00000   29  342   98.00000   59.00000  39.8%   144  984s
  3892  2176   61.00000   30  353   98.00000   59.00000  39.8%   142  994s
  3973  2236   61.00000   31  333   98.00000   59.00000  39.8%   140 1006s
  4072  2278   61.00000   33  335   98.00000   59.00000  39.8%   137 1014s
  4156  2328   61.00000   34  335   98.00000   59.00000  39.8%   135 1022s
H 4255  2267                      97.0000000   59.00000  39.2%   133 1031s
  4317  2301   65.00000   37  302   97.00000   59.00000  39.2%   132 1041s
  4427  2338   65.00000   39  299   97.00000   59.00000  39.2%   130 1050s
  4821  2720   65.00000   44  303   97.00000   59.00000  39.2%   122 1058s
  5153  2566   66.00000   49  311   97.00000   59.00000  39.2%   116 1068s
  5247  2596   65.00000   50  283   97.00000   59.00000  39.2%   116 1078s
  5331  2628   65.00000   52  283   97.00000   59.00000  39.2%   116 1090s
H 5334  2474                      96.0000000   59.00000  38.5%   115 1090s
  5394  2675   65.00000   53  282   96.00000   59.00000  38.5%   115 1095s
  5741  2586   67.00000   60  266   96.00000   59.00000  38.5%   110 1110s
  5825  2681   67.00000   62  254   96.00000   59.00000  38.5%   111 1120s
  5953  3053   67.00000   64  262   96.00000   59.00000  38.5%   109 1125s
  6424  3293   67.00000   73  249   96.00000   59.00000  38.5%   104 1131s
  6951  3486 infeasible   79        96.00000   59.00000  38.5%  97.6 1136s
  7494  3379 infeasible   86        96.00000   59.00000  38.5%  93.3 1146s
  7589  3463   84.00000   87  219   96.00000   59.00000  38.5%  93.3 1161s
  7689  4112   84.00000   88  259   96.00000   59.00000  38.5%  93.2 1167s
  8456  4715   85.00000  100  250   96.00000   59.00000  38.5%  86.9 1172s
  9335  5151   85.00000  115  234   96.00000   59.00000  38.5%  81.1 1178s
 10036  5161   59.06579   22  306   96.00000   59.00000  38.5%  78.0 1188s
 10124  5244   66.00000   24  254   96.00000   59.00000  38.5%  78.4 1202s
 10207  6048   66.00000   30  263   96.00000   59.00000  38.5%  78.4 1207s
 11277  6794   73.00000   43  247   96.00000   59.00000  38.5%  73.0 1213s
 12257  7539   73.00000   58  247   96.00000   59.00000  38.5%  69.2 1219s
 13278  7563   68.00000   31  186   96.00000   59.00000  38.5%  65.7 1234s
 13385  8016   73.00000   37  188   96.00000   59.00000  38.5%  66.0 1242s
 13887  8972   77.00000   43  294   96.00000   59.00000  38.5%  64.5 1247s
 15188  8982   85.00000   89  246   96.00000   59.00000  38.5%  60.8 1263s
 15308  9598   85.18462   91  238   96.00000   59.00000  38.5%  61.0 1277s
 16055  9607 infeasible  132        96.00000   59.00000  38.5%  59.3 1291s
 16167  9879     cutoff  130        96.00000   59.00000  38.5%  59.7 1302s
 16500 11268   70.00000   27  260   96.00000   59.00000  38.5%  59.0 1317s
 18331 11288   64.00000   26  233   96.00000   59.00000  38.5%  55.0 1330s
H18452 10864                      95.0000000   59.00000  37.9%  55.2 1337s
 18587 11020 infeasible   32        95.00000   59.00000  37.9%  55.0 1354s
 18784 12096   64.00000   31  305   95.00000   59.00000  37.9%  54.8 1372s
 20238 12122   74.00000   65  377   95.00000   59.00000  37.9%  52.2 1420s
H20240 11690                      94.0000000   59.00000  37.2%  52.2 1420s
H20268 11292                      93.0000000   59.00000  36.6%  52.1 1420s
 20273 11300 infeasible   66        93.00000   59.00758  36.6%  52.1 1440s
 20401 11380   63.00000   35  451   93.00000   59.00758  36.6%  52.4 1454s
 20512 11505   67.00000   37  383   93.00000   59.00758  36.6%  52.5 1467s
 20645 11836   74.00000   40  362   93.00000   59.00758  36.6%  52.5 1711s
H20652 11571                      92.0000000   59.00758  35.9%  52.5 1711s
H21026 11347                      91.0000000   59.00758  35.2%  52.0 1911s
H21027 10706                      89.0000000   59.00758  33.7%  52.0 1911s
 21113 10826   87.00000   49  285   89.00000   59.00758  33.7%  52.0 1928s
 21257 10961 infeasible   50        89.00000   59.00883  33.7%  52.1 1950s
 21418 11114   61.00000   24  476   89.00000   59.00883  33.7%  52.0 1968s
 21590 11277   61.00000   26  480   89.00000   59.00883  33.7%  51.9 1994s
 21779 11414   68.00000   30  425   89.00000   59.00883  33.7%  51.7 2018s
 21960 11551   69.00000   34  415   89.00000   59.00883  33.7%  51.6 2040s
 22151 11580   69.00000   41  405   89.00000   59.00883  33.7%  51.6 2094s
H22157 11580                      89.0000000   59.00883  33.7%  51.6 2094s
 22194 11727   69.00000   42  405   89.00000   59.00883  33.7%  51.6 2118s
 22395 11890   75.00000   46  352   89.00000   59.00883  33.7%  51.5 2139s
 22627 12062   75.00000   58  362   89.00000   59.00883  33.7%  51.4 2159s
 22864 12239   75.00000   64  367   89.00000   59.00883  33.7%  51.4 2185s
 23123 12430   75.00000   72  353   89.00000   59.00883  33.7%  51.3 2214s
 23405 12643   75.00000   77  306   89.00000   59.00883  33.7%  51.2 2236s
 23675 12804   80.00000   78  290   89.00000   59.00883  33.7%  51.2 2261s
 23919 12961   75.00000   83  310   89.00000   59.00883  33.7%  51.3 2285s
 24193 13134   75.00000   90  306   89.00000   59.00883  33.7%  51.3 2313s
 24469 13376   78.00000   92  289   89.00000   59.00883  33.7%  51.3 2339s
 24762 13595 infeasible   93        89.00000   59.00985  33.7%  51.2 2371s
 25084 13872   68.00000   43  404   89.00000   59.00985  33.7%  51.2 2404s
 25423 14138   76.00000   49  359   89.00000   59.00985  33.7%  51.0 2435s
 25767 14397   78.00000   57  363   89.00000   59.00985  33.7%  50.9 2468s
 26134 17306   82.00000   63  337   89.00000   59.03016  33.7%  50.8 2489s
 30516 20816   70.00000   47  470   89.00000   59.05109  33.7%  46.5 2530s
 36020 20806   71.00000   31  306   89.00000   59.07339  33.6%  42.8 2567s
 36090 20830   71.00000   32  304   89.00000   59.07339  33.6%  42.9 2785s
H36091 19294                      88.0000000   59.07339  32.9%  42.9 2785s
 36128 19363   71.00000   33  299   88.00000   59.07339  32.9%  43.0 2799s
H36139 19363                      88.0000000   59.07339  32.9%  43.0 2799s
 36214 19468   79.00000   37  267   88.00000   59.07339  32.9%  43.1 2811s
 36328 19615   81.00000   43  249   88.00000   59.07339  32.9%  43.1 2828s
 36490 19746   87.00000   51  278   88.00000   59.07339  32.9%  43.1 2840s
 36640 19884   87.00000   57  237   88.00000   59.07339  32.9%  43.1 2859s
 36810 20035   87.00000   62  210   88.00000   59.07339  32.9%  43.1 2874s
 36994 20177   87.00000   70  190   88.00000   59.07339  32.9%  43.1 2892s
 37196 20314   87.00000   85  150   88.00000   59.07339  32.9%  43.1 2912s
 37396 20430   87.00000  103  116   88.00000   59.08666  32.9%  43.1 2930s
 37583 20565   77.00000   31  419   88.00000   59.08666  32.9%  43.1 2949s
 37784 20734   79.00000   37  399   88.00000   59.08666  32.9%  43.2 2968s
 38006 20826   81.00000   44  395   88.00000   59.08666  32.9%  43.2 3007s
H38130 19334                      87.0000000   59.08666  32.1%  43.2 3076s
H38134 19334                      87.0000000   59.08666  32.1%  43.2 3076s
H38151 18249                      86.0000000   59.08666  31.3%  43.2 3076s
 38180 18334 infeasible   52        86.00000   59.08666  31.3%  43.2 3099s
 38425 18497   83.00000   56  314   86.00000   59.08666  31.3%  43.4 3123s
 38630 18675   84.00000   64  272   86.00000   59.08666  31.3%  43.5 3149s
 38862 18892   84.00000   69  214   86.00000   59.08666  31.3%  43.6 3178s
 39156 20963   84.00000   79  198   86.00000   59.13636  31.2%  43.7 3198s
 42530 22979   85.00000  113  180   86.00000   59.32143  31.0%  42.0 3215s
H43232 22979                      86.0000000   59.35778  31.0%  41.7 3215s
 45975 23126   74.00000   42  382   86.00000   59.35778  31.0%  40.5 3241s
 46217 25086   74.00000   50  363   86.00000   59.47368  30.8%  40.7 3256s
 49792 25253 infeasible   45        86.00000   59.57715  30.7%  39.5 3282s
 50079 27370   83.00000   48  244   86.00000   59.57715  30.7%  39.6 3299s
 53930 29301   64.00000   41  550   86.00000   59.57715  30.7%  38.3 3313s
 57271 29403   69.00000   32  398   86.00000   59.92593  30.3%  37.3 3334s
 57505 31726   77.00000   38  339   86.00000   60.00000  30.2%  37.4 3350s
 61178 39952   74.00000   42  342   86.00000   60.00000  30.2%  36.4 3532s
 74906 40085 infeasible   68        86.00000   60.00000  30.2%  33.7 3554s
 75160 40314   85.00000   75  190   86.00000   60.00000  30.2%  33.8 3582s
 75428 43051     cutoff   87        86.00000   60.00000  30.2%  33.8 3600s

Cutting planes:
  Gomory: 23
  Cover: 46
  Implied bound: 155
  Clique: 15
  MIR: 72
  StrongCG: 1
  Flow cover: 241
  RLT: 18
  Relax-and-lift: 253

Explored 79845 nodes (2674771 simplex iterations) in 3601.07 seconds (223.93 work units)
Thread count was 32 (of 32 available processors)

Solution count 10: 86 86 87 ... 92

Time limit reached
Best objective 8.599999999130e+01, best bound 6.000000000000e+01, gap 30.2326%

Wrote result file 'RCPSP_561.sol'

