
Gurobi 10.0.3 (linux64, gurobi_cl) logging started Thu Nov  9 11:53:52 2023

Set parameter Username
Set parameter TimeLimit to value 3600
Set parameter LogFile to value "RCPSP_1312.log"
Set parameter Threads to value 32
Academic license - for non-commercial use only - expires 2024-11-06
Using license file /home/jrivera6/gurobi-licenses/v1003/compute-0-36/gurobi.lic

Gurobi Optimizer version 10.0.3 build v10.0.3rc0 (linux64)
Copyright (c) 2023, Gurobi Optimization, LLC

Read MPS format model from file RCPSP_1312.mps
Reading time = 0.06 seconds
RCPSP_1312: 42975 rows, 17020 columns, 134609 nonzeros

CPU model: Intel(R) Xeon(R) Gold 6130 CPU @ 2.10GHz, instruction set [SSE2|AVX|AVX2|AVX512]
Thread count: 32 physical cores, 32 logical processors, using up to 32 threads

Optimize a model with 42975 rows, 17020 columns and 134609 nonzeros
Model fingerprint: 0x2483b783
Variable types: 92 continuous, 16928 integer (16928 binary)
Coefficient statistics:
  Matrix range     [1e+00, 5e+02]
  Objective range  [1e+00, 1e+00]
  Bounds range     [1e+00, 1e+00]
  RHS range        [1e+00, 5e+02]
Found heuristic solution: objective 114.0000000
Presolve removed 7284 rows and 1313 columns (presolve time = 5s) ...
Presolve removed 9988 rows and 3570 columns
Presolve time: 7.91s
Presolved: 32987 rows, 13450 columns, 103401 nonzeros
Variable types: 91 continuous, 13359 integer (13359 binary)

Explored 0 nodes (0 simplex iterations) in 8.02 seconds (4.99 work units)
Thread count was 32 (of 32 available processors)

Solution count 1: 114 

Optimal solution found (tolerance 1.00e-04)
Best objective 1.140000000000e+02, best bound 1.140000000000e+02, gap 0.0000%

Wrote result file 'RCPSP_1312.sol'

