
Gurobi 10.0.3 (linux64, gurobi_cl) logging started Thu Nov  2 11:41:04 2023

Set parameter Username
Set parameter TimeLimit to value 3600
Set parameter LogFile to value "RCPSP_863.log"
Set parameter Threads to value 32
Academic license - for non-commercial use only - expires 2024-10-30
Using license file /home/jrivera6/gurobi-licenses/v1003/compute-0-35/gurobi.lic

Gurobi Optimizer version 10.0.3 build v10.0.3rc0 (linux64)
Copyright (c) 2023, Gurobi Optimization, LLC

Read MPS format model from file RCPSP_863.mps
Reading time = 0.03 seconds
RCPSP_863: 19662 rows, 7750 columns, 64677 nonzeros

CPU model: Intel(R) Xeon(R) Gold 6130 CPU @ 2.10GHz, instruction set [SSE2|AVX|AVX2|AVX512]
Thread count: 32 physical cores, 32 logical processors, using up to 32 threads

Optimize a model with 19662 rows, 7750 columns and 64677 nonzeros
Model fingerprint: 0xfd0f3fbf
Variable types: 62 continuous, 7688 integer (7688 binary)
Coefficient statistics:
  Matrix range     [1e+00, 4e+02]
  Objective range  [1e+00, 1e+00]
  Bounds range     [1e+00, 1e+00]
  RHS range        [1e+00, 4e+02]
Presolve removed 8372 rows and 3143 columns
Presolve time: 4.07s
Presolved: 11290 rows, 4607 columns, 38369 nonzeros
Variable types: 61 continuous, 4546 integer (4546 binary)

Root relaxation: objective 8.300000e+01, 1511 iterations, 0.03 seconds (0.01 work units)

    Nodes    |    Current Node    |     Objective Bounds      |     Work
 Expl Unexpl |  Obj  Depth IntInf | Incumbent    BestBd   Gap | It/Node Time

H    0     0                      83.0000000   83.00000  0.00%     -    4s
     0     0   83.00000    0  634   83.00000   83.00000  0.00%     -    4s

Explored 1 nodes (1511 simplex iterations) in 4.26 seconds (2.76 work units)
Thread count was 32 (of 32 available processors)

Solution count 1: 83 

Optimal solution found (tolerance 1.00e-04)
Best objective 8.300000000000e+01, best bound 8.300000000000e+01, gap 0.0000%

Wrote result file 'RCPSP_863.sol'

