
Gurobi 10.0.3 (linux64, gurobi_cl) logging started Thu Nov  2 11:35:17 2023

Set parameter Username
Set parameter TimeLimit to value 3600
Set parameter LogFile to value "RCPSP_654.log"
Set parameter Threads to value 32
Academic license - for non-commercial use only - expires 2024-10-30
Using license file /home/jrivera6/gurobi-licenses/v1003/compute-0-35/gurobi.lic

Gurobi Optimizer version 10.0.3 build v10.0.3rc0 (linux64)
Copyright (c) 2023, Gurobi Optimization, LLC

Read MPS format model from file RCPSP_654.mps
Reading time = 0.02 seconds
RCPSP_654: 19643 rows, 7750 columns, 60937 nonzeros

CPU model: Intel(R) Xeon(R) Gold 6130 CPU @ 2.10GHz, instruction set [SSE2|AVX|AVX2|AVX512]
Thread count: 32 physical cores, 32 logical processors, using up to 32 threads

Optimize a model with 19643 rows, 7750 columns and 60937 nonzeros
Model fingerprint: 0x40b3fbfc
Variable types: 62 continuous, 7688 integer (7688 binary)
Coefficient statistics:
  Matrix range     [1e+00, 4e+02]
  Objective range  [1e+00, 1e+00]
  Bounds range     [1e+00, 1e+00]
  RHS range        [1e+00, 4e+02]
Presolve removed 7564 rows and 2685 columns
Presolve time: 2.95s
Presolved: 12079 rows, 5065 columns, 38764 nonzeros
Variable types: 61 continuous, 5004 integer (5004 binary)

Root relaxation: objective 7.100000e+01, 1676 iterations, 0.04 seconds (0.02 work units)

    Nodes    |    Current Node    |     Objective Bounds      |     Work
 Expl Unexpl |  Obj  Depth IntInf | Incumbent    BestBd   Gap | It/Node Time

     0     0   71.00000    0    8          -   71.00000      -     -    3s
     0     0   71.00000    0   33          -   71.00000      -     -    7s
     0     0   71.00000    0   33          -   71.00000      -     -    7s
     0     0   71.00000    0    8          -   71.00000      -     -    8s
     0     0   71.00000    0    5          -   71.00000      -     -    9s
     0     0   71.00000    0    4          -   71.00000      -     -    9s
     0     0   71.00000    0    2          -   71.00000      -     -   10s
     0     0   71.00000    0    2          -   71.00000      -     -   11s
     0     0   71.00000    0    8          -   71.00000      -     -   11s
     0     0   71.00000    0    2          -   71.00000      -     -   11s
     0     0   71.00000    0    2          -   71.00000      -     -   12s
     0     0   71.00000    0    6          -   71.00000      -     -   13s
H    0     0                     378.0000000   71.00000  81.2%     -   13s
     0     0   71.00000    0    6  378.00000   71.00000  81.2%     -   13s
H    0     0                      78.0000000   71.00000  8.97%     -   18s
     0     0   71.00000    0    5   78.00000   71.00000  8.97%     -   26s
H    0     0                      77.0000000   71.00000  7.79%     -   27s
H    0     0                      74.0000000   71.00000  4.05%     -   29s
     0     0   71.00000    0  126   74.00000   71.00000  4.05%     -   31s
H    0     0                      73.0000000   71.00000  2.74%     -   32s
     0     0   71.00000    0   29   73.00000   71.00000  2.74%     -   33s
     0     0   71.00000    0    4   73.00000   71.00000  2.74%     -   39s
H    0     0                      72.9999980   71.00000  2.74%     -   40s
     0     0   71.00000    0    6   73.00000   71.00000  2.74%     -   40s
     0     0   71.00000    0    4   73.00000   71.00000  2.74%     -   44s
     0     0   71.00000    0    6   73.00000   71.00000  2.74%     -   46s
     0     0   71.00000    0    6   73.00000   71.00000  2.74%     -   50s
     0     0   71.00000    0    6   73.00000   71.00000  2.74%     -   53s
     0     0   71.00000    0    4   73.00000   71.00000  2.74%     -   58s
     0     0   71.00000    0    4   73.00000   71.00000  2.74%     -   58s
     0     0   71.00000    0    6   73.00000   71.00000  2.74%     -   59s
     0     0   71.00000    0    6   73.00000   71.00000  2.74%     -   59s
     0     0   71.00000    0    4   73.00000   71.00000  2.74%     -   65s
     0     0   71.00000    0   52   73.00000   71.00000  2.74%     -   68s
     0     0   71.00000    0   56   73.00000   71.00000  2.74%     -   70s
     0     0   71.00000    0    2   73.00000   71.00000  2.74%     -   73s
H    0     0                      71.0000000   71.00000  0.00%     -   76s
     0     0   71.00000    0   36   71.00000   71.00000  0.00%     -   76s

Cutting planes:
  Gomory: 8
  Cover: 29
  Implied bound: 8
  Clique: 14
  MIR: 11
  StrongCG: 3
  Mod-K: 1
  RLT: 12
  Relax-and-lift: 19

Explored 1 nodes (21730 simplex iterations) in 76.74 seconds (6.26 work units)
Thread count was 32 (of 32 available processors)

Solution count 7: 71 73 73 ... 378

Optimal solution found (tolerance 1.00e-04)
Best objective 7.100000000000e+01, best bound 7.100000000000e+01, gap 0.0000%

Wrote result file 'RCPSP_654.sol'

