
Gurobi 10.0.3 (linux64, gurobi_cl) logging started Thu Nov  2 11:54:17 2023

Set parameter Username
Set parameter TimeLimit to value 3600
Set parameter LogFile to value "RCPSP_966.log"
Set parameter Threads to value 32
Academic license - for non-commercial use only - expires 2024-10-30
Using license file /home/jrivera6/gurobi-licenses/v1003/compute-0-34/gurobi.lic

Gurobi Optimizer version 10.0.3 build v10.0.3rc0 (linux64)
Copyright (c) 2023, Gurobi Optimization, LLC

Read MPS format model from file RCPSP_966.mps
Reading time = 0.06 seconds
RCPSP_966: 42919 rows, 17020 columns, 134553 nonzeros

CPU model: Intel(R) Xeon(R) Gold 6130 CPU @ 2.10GHz, instruction set [SSE2|AVX|AVX2|AVX512]
Thread count: 32 physical cores, 32 logical processors, using up to 32 threads

Optimize a model with 42919 rows, 17020 columns and 134553 nonzeros
Model fingerprint: 0xc87a6e95
Variable types: 92 continuous, 16928 integer (16928 binary)
Coefficient statistics:
  Matrix range     [1e+00, 5e+02]
  Objective range  [1e+00, 1e+00]
  Bounds range     [1e+00, 1e+00]
  RHS range        [1e+00, 5e+02]
Presolve removed 10326 rows and 2595 columns
Presolve time: 4.08s
Presolved: 32593 rows, 14425 columns, 106610 nonzeros
Variable types: 91 continuous, 14334 integer (14334 binary)

Deterministic concurrent LP optimizer: primal and dual simplex (primal and dual model)
Showing first log only...

Root relaxation presolved: 32592 rows, 14426 columns, 106608 nonzeros


Root simplex log...

Iteration    Objective       Primal Inf.    Dual Inf.      Time
       0    6.2715387e+01   5.523754e-03   3.807305e+08      5s
Concurrent spin time: 0.28s

Solved with dual simplex (dual model)

Root relaxation: objective 6.100000e+01, 14985 iterations, 1.34 seconds (0.13 work units)
Total elapsed time = 10.18s

    Nodes    |    Current Node    |     Objective Bounds      |     Work
 Expl Unexpl |  Obj  Depth IntInf | Incumbent    BestBd   Gap | It/Node Time

     0     0   61.00000    0  338          -   61.00000      -     -   11s
     0     0   67.00000    0  268          -   67.00000      -     -   11s
     0     0   67.00000    0  888          -   67.00000      -     -   25s
     0     0   67.00000    0  879          -   67.00000      -     -   27s
     0     0   67.00000    0  753          -   67.00000      -     -   28s
     0     0   67.00000    0  878          -   67.00000      -     -   29s
     0     0   68.00000    0 1000          -   68.00000      -     -   84s
     0     0   68.00000    0  322          -   68.00000      -     -   91s
     0     0   68.00000    0  319          -   68.00000      -     -   91s
     0     0   68.00000    0  399          -   68.00000      -     -   92s
     0     0   68.00000    0  395          -   68.00000      -     -   92s
     0     0   68.00000    0  393          -   68.00000      -     -   92s
     0     0   68.00832    0  801          -   68.00832      -     -   96s
     0     0   68.00832    0  760          -   68.00832      -     -   97s
     0     0   68.00832    0  754          -   68.00832      -     -   97s
     0     0   68.00832    0  746          -   68.00832      -     -   97s
     0     0   68.00832    0  615          -   68.00832      -     -   98s
     0     0   68.00832    0  608          -   68.00832      -     -   98s
     0     0   68.33333    0  894          -   68.33333      -     -  103s
     0     0   68.33333    0  808          -   68.33333      -     -  104s
     0     0   68.33333    0  711          -   68.33333      -     -  104s
     0     0   68.33333    0  714          -   68.33333      -     -  105s
     0     0   68.33333    0  711          -   68.33333      -     -  105s
     0     0   68.33333    0  814          -   68.33333      -     -  106s
     0     0   68.33333    0  750          -   68.33333      -     -  107s
     0     0   68.33333    0  714          -   68.33333      -     -  107s
     0     0   68.33333    0  947          -   68.33333      -     -  111s
     0     0   68.33333    0  936          -   68.33333      -     -  113s
     0     0   68.33333    0  809          -   68.33333      -     -  114s
     0     0   68.33333    0  804          -   68.33333      -     -  114s
     0     0   68.33333    0  880          -   68.33333      -     -  115s
     0     0   68.33333    0  834          -   68.33333      -     -  116s
     0     0   68.33333    0  309          -   68.33333      -     -  123s
     0     0   68.33333    0  603          -   68.33333      -     -  124s
     0     0   68.33333    0  601          -   68.33333      -     -  124s
     0     0   68.33333    0  146          -   68.33333      -     -  132s
     0     0   68.33333    0  336          -   68.33333      -     -  132s
     0     0   68.33333    0  135          -   68.33333      -     -  140s
     0     0   68.33333    0  134          -   68.33333      -     -  140s
     0     0   68.33333    0  106          -   68.33333      -     -  140s
     0     0   68.33333    0  255          -   68.33333      -     -  143s
     0     0   68.33333    0  202          -   68.33333      -     -  154s
     0     0   68.33333    0  420          -   68.33333      -     -  155s
     0     0   68.33333    0  409          -   68.33333      -     -  156s
     0     0   68.33333    0  408          -   68.33333      -     -  162s
     0     0   68.33333    0  158          -   68.33333      -     -  168s
     0     2   68.33333    0  142          -   68.33333      -     -  197s
     1     4   69.00084    1  389          -   69.00000      -  3581  205s
     3     6   73.00000    2  811          -   69.00000      -  1617  214s
     7     9   73.00000    3  920          -   69.00000      -   812  230s
    13    16   73.00000    4  863          -   69.50000      -   791  244s
    22    29   73.00000    5  863          -   69.50000      -   704  252s
    38    48   73.00000    6  796          -   70.00000      -   507  271s
    67    65   73.00000    7  618          -   70.00000      -   531  279s
    99    78   73.00000    8  614          -   70.00000      -   468  284s
   131    95   73.00000    9  584          -   70.00000      -   356  292s
   163   127   73.00000   10  581          -   70.00000      -   295  298s
   201   158   73.00000   11  579          -   70.00000      -   240  303s
   240   190   73.00000   12  579          -   70.00000      -   205  308s
   280   231   73.00000   13  585          -   70.00000      -   177  314s
   325   273   73.00000   14  582          -   70.00000      -   157  319s
   372   310   73.00935   15  585          -   70.00000      -   140  324s
   412   352   73.09346   16  580          -   70.00000      -   130  328s
   458   392   73.09346   17  578          -   70.00000      -   118  333s
   501   432   73.09346   18  578          -   70.00000      -   112  337s
   544   470   73.09346   19  588          -   70.00000      -   105  341s
   585   510   73.09346   20  586          -   70.00000      -   100  347s
   630   558   73.09346   21  584          -   70.00000      -  95.1  359s
   682   607   73.09346   22  598          -   70.00000      -  90.9  365s
   789   721   73.09346   24  596          -   70.00000      -  82.3  374s
   848   783   73.09346   25  596          -   70.00000      -  77.6  379s
   917   849   73.09346   26  577          -   70.00000      -  73.2  383s
   986   921   73.09346   27  580          -   70.00000      -  69.1  388s
  1062   992   73.09346   28  556          -   70.00000      -  65.3  393s
  1137  1073   73.09346   29  556          -   70.00000      -  61.8  398s
  1221  1218   73.09346   31  576          -   70.00000      -  58.3  403s
  1368  1376   73.09346   33  570          -   70.00000      -  53.6  410s
  1532  1535   73.09346   35  574          -   70.00000      -  50.2  416s
  1696  1707   73.09346   37  570          -   70.00000      -  48.5  426s
  1879  1909   73.09346   38  568          -   70.00000      -  47.1  437s
  2095  2202   73.09346   39  577          -   70.00000      -  45.9  443s
  2393  2513   73.09346   41  554          -   70.00000      -  42.5  452s
  2711  2896   73.09346   55  555          -   70.00000      -  40.2  458s
  3103  3288   73.09346   62  547          -   70.00000      -  37.3  464s
  3520  3663   83.00000    9  868          -   70.00000      -  34.9  472s
  3932  4029   83.00000   11  820          -   70.00000      -  33.5  481s
  4347  4409   83.00000   29  787          -   70.00000      -  32.6  490s
  4773  4796   83.00000   57  732          -   70.00000      -  31.9  497s
  5199  5273   83.00000   61  926          -   70.00000      -  31.4  505s
  5725  5624   83.00000   70  910          -   70.00000      -  30.5  515s
  6147  5925   83.00000   73  957          -   70.00000      -  31.0  522s
  6504  6337   83.00000   80  927          -   70.00000      -  31.8  534s
  6973  6991   83.00000  104  947          -   70.00000      -  32.4  541s
  7683  7528   83.00000  132  924          -   70.00000      -  31.4  552s
  8309  8237   91.00000  134  940          -   70.00000      -  31.3  561s
  9079  8941   91.00000  166  898          -   70.00000      -  30.4  573s
  9857  9591   91.00000  178  896          -   70.00000      -  29.5  582s
 10578 10206   91.00000  192  978          -   70.00000      -  29.1  591s
 11276 10951   91.00000  195 1205          -   70.00000      -  28.8  602s
 12126 10952   71.00000   61  158          -   70.00000      -  28.5  677s
 12127 10953   77.00000  119  158          -   70.00000      -  28.5  680s
 12128 10953   91.00000  241   59          -   70.00000      -  28.5  702s
 12129 10954   83.00000   80  205          -   70.00000      -  28.5  714s
 12130 10955   76.00000   23  621          -   70.00000      -  28.5  715s
 12132 10956   79.00000  182  105          -   70.00000      -  28.5  735s
 12134 10957   83.00000   80  274          -   70.00000      -  28.5  749s
 12135 10958   80.00000   59  518          -   70.00000      -  28.5  752s
 12136 10959   71.00000   87  897          -   70.00000      -  28.5  763s
 12138 10960   73.00000   85 1042          -   70.00000      -  28.5  768s
 12139 10961   81.00000  134  536          -   70.00000      -  28.5  782s
 12140 10961   97.00000  169  737          -   70.00000      -  28.5  785s
 12141 10962   85.00000  155 1015          -   70.00000      -  28.5  790s
 12143 10963   83.00000  195  874          -   70.00000      -  28.5  801s
 12144 10964   82.09346   83 1097          -   70.00000      -  28.5  810s
 12145 10965   80.00000  193 1136          -   70.00000      -  28.5  824s
 12146 10965   85.00000   68 1118          -   70.00000      -  28.5  833s
 12147 10966   84.00000   24  262          -   70.00000      -  28.5  845s
 12148 10967   84.00000  191  763          -   70.00001      -  28.5  850s
H12148 10418                     497.0000000   70.00054  85.9%  28.5  872s
 12150 10419   84.00000   38  614  497.00000   70.00054  85.9%  28.5  876s
H12150  9897                     122.0000000   70.00054  42.6%  28.5  885s
H12151  9405                     116.0000000   70.00054  39.7%  40.1  928s
 12152  9406   71.00000   14  279  116.00000   70.00392  39.7%  40.6  941s
 12154  9410   71.00000   15  965  116.00000   70.25836  39.4%  40.8  969s
 12158  9416   71.00000   16  980  116.00000   70.54545  39.2%  41.0  996s
 12166  9430   72.00000   17 1067  116.00000   71.00000  38.8%  41.4 1026s
H12182  8986                     114.0000000   71.00000  37.7%  42.2 1099s
H12184  8538                     113.0000000   71.00000  37.2%  42.2 1099s
H12187  8113                     111.0000000   71.00000  36.0%  42.2 1099s
 12203  8107   75.00000   18  803  111.00000   71.00000  36.0%  42.5 1100s
 12214  8136   72.00000   19  945  111.00000   71.00000  36.0%  42.8 1120s
 12246  8157   72.00000   19 1024  111.00000   71.00000  36.0%  43.0 1145s
 12278  8178   79.00000   20  962  111.00000   71.00000  36.0%  43.4 1164s
 12310  8200   72.00000   20  937  111.00000   71.00000  36.0%  43.5 1209s
H12324  7791                     109.0000000   71.00000  34.9%  43.8 1209s
 12342  7817   72.00000   21  938  109.00000   71.00000  34.9%  43.8 1238s
 12374  7862   72.00000   21  977  109.00000   71.00000  34.9%  44.1 1245s
 12430  7876   72.00000   22  938  109.00000   71.00000  34.9%  44.4 1276s
 12462  7917   82.00000   22  589  109.00000   71.00000  34.9%  44.7 1281s
 12517  7931   72.00000   23  938  109.00000   71.00000  34.9%  44.9 1362s
 12549  7954   72.00000   23  934  109.00000   71.00000  34.9%  44.9 1406s
 12585  8024   72.00000   24  932  109.00000   71.00000  34.9%  45.0 1412s
 12667  8032   72.00000   25  932  109.00000   71.00000  34.9%  45.1 1454s
 12702  8113   76.00000   25  880  109.00000   71.00000  34.9%  45.2 1463s
 12800  8172   72.00000   26  868  109.00000   71.00000  34.9%  45.4 1472s
 12906  8221   73.67857   28  737  109.00000   71.00000  34.9%  45.5 1491s
H13022  7821                     101.0000000   71.00000  29.7%  45.4 1855s
H13023  7457                      93.0000000   71.00000  23.7%  45.4 1855s
H13031  7108                      91.0000000   71.00000  22.0%  45.5 1855s
 13062  7067   77.00000   29  663   91.00000   71.00000  22.0%  45.9 2046s
H13064  6737                      90.0000000   71.00000  21.1%  45.9 2046s
H13082  6419                      89.0000000   71.00000  20.2%  45.9 2046s
 13151  6421   88.00000   29  735   89.00000   71.00000  20.2%  46.2 2108s
 13213  6443   77.00000   30  652   89.00000   71.00000  20.2%  46.8 2140s
 13264  6479   77.00000   31  553   89.00000   71.00000  20.2%  47.1 2190s
 13322  6515   79.00000   32  526   89.00000   71.00000  20.2%  47.3 2238s
 13386  6551   79.00000   33  514   89.00000   71.00000  20.2%  47.6 2294s
H13406  6248                      88.0000000   71.00000  19.3%  47.7 2294s
 13445  6273   79.00000   34  471   88.00000   71.00000  19.3%  47.8 2356s
 13517  6316   79.00000   35  471   88.00000   71.00000  19.3%  48.1 2404s
 13588  6361   81.00000   36  518   88.00000   71.00000  19.3%  48.1 2447s
 13657  6409   79.00000   37  427   88.00000   71.00000  19.3%  48.4 2490s
 13740  6461   79.00000   39  461   88.00000   71.00000  19.3%  48.6 2520s
 13836  6730   81.00000   40  467   88.00000   71.00000  19.3%  48.6 2532s
 14172  6936   79.00000   44  453   88.00000   71.00000  19.3%  48.1 2547s
H14577  6335                      87.0000000   71.00000  18.4%  47.7 2594s
H14579  6066                      85.0000000   71.00000  16.5%  47.7 2594s
H14614  5801                      85.0000000   71.00000  16.5%  47.6 2594s
H14621  5556                      84.0000000   71.00000  15.5%  47.6 2594s
 14638  5673   79.00000   51  530   84.00000   71.00000  15.5%  47.6 2620s
 15005  5799   79.00000   55  500   84.00000   71.00000  15.5%  48.5 2645s
 15528  5250   80.00000   64  440   84.00000   71.00000  15.5%  48.8 2683s
 15605  5668   79.00000   64  648   84.00000   71.00000  15.5%  49.4 2707s
 16188  5690 infeasible   75        84.00000   71.00000  15.5%  48.7 2725s
 16612  5581   80.00000   81  607   84.00000   71.00000  15.5%  48.3 2760s
 16707  5931   80.00000   82  605   84.00000   71.00000  15.5%  48.8 2952s
H16720  5029                      83.0000000   71.00000  14.5%  48.8 2953s
 17184  4575   80.00000   89  565   83.00000   71.00000  14.5%  48.3 2993s
 17372  4561   80.00000   90  530   83.00000   71.00000  14.5%  49.1 3028s
 17465  4626   80.00000   92  526   83.00000   71.00000  14.5%  50.2 3064s
 17579  4698   80.00000   94  562   83.00000   71.00000  14.5%  50.7 3094s
 17709  4776   80.00000   96  497   83.00000   71.00000  14.5%  51.0 3131s
 17856  5231   81.00000   98  482   83.00000   71.00000  14.5%  51.3 3169s
H17869  4519                      82.0000000   71.00000  13.4%  51.3 3169s
 18414  4303   81.00000   99  479   82.00000   71.00000  13.4%  50.4 3191s
 18949  4139   81.00000  112  981   82.00000   71.00000  13.4%  50.6 3246s
H18953  3424                      80.0000000   71.00000  11.3%  50.6 3246s
 19014  3365     cutoff  113        80.00000   71.00000  11.3%  51.8 3291s
 19147  4266   71.00000   20  753   80.00000   71.00000  11.3%  53.5 3315s
H20406  2722                      79.0000000   71.00000  10.1%  53.1 3366s
 20485  2652   75.00000   22  450   79.00000   71.00000  10.1%  54.3 3412s
 20637  2699   78.00000   27  515   79.00000   71.00000  10.1%  55.8 3450s
 20753  3079   78.00000   31  480   79.00000   71.00000  10.1%  56.2 3476s
 21458  3791   73.00000   22  594   79.00000   72.00000  8.86%  56.1 3512s
 23071  4068   78.00000   43  756   79.00000   72.00000  8.86%  55.0 3539s
 24048  3978   78.00000   84  757   79.00000   72.00000  8.86%  55.1 3540s
 24373  4000 infeasible  112        79.00000   72.00000  8.86%  55.0 3582s
 24481  4706   72.00000   26  763   79.00000   72.00000  8.86%  56.8 3600s

Cutting planes:
  Gomory: 20
  Cover: 95
  Implied bound: 37
  Projected implied bound: 5
  Clique: 5
  MIR: 115
  StrongCG: 11
  Flow cover: 358
  Inf proof: 13
  Zero half: 10
  RLT: 86
  Relax-and-lift: 18

Explored 25459 nodes (1568905 simplex iterations) in 3601.20 seconds (173.10 work units)
Thread count was 32 (of 32 available processors)

Solution count 10: 79 80 82 ... 89

Time limit reached
Best objective 7.899999999998e+01, best bound 7.200000000000e+01, gap 8.8608%

Wrote result file 'RCPSP_966.sol'

