
Gurobi 10.0.3 (linux64, gurobi_cl) logging started Thu Nov  2 11:34:03 2023

Set parameter Username
Set parameter TimeLimit to value 3600
Set parameter LogFile to value "RCPSP_372.log"
Set parameter Threads to value 32
Academic license - for non-commercial use only - expires 2024-10-30
Using license file /home/jrivera6/gurobi-licenses/v1003/compute-0-39/gurobi.lic

Gurobi Optimizer version 10.0.3 build v10.0.3rc0 (linux64)
Copyright (c) 2023, Gurobi Optimization, LLC

Read MPS format model from file RCPSP_372.mps
Reading time = 0.00 seconds
RCPSP_372: 5349 rows, 2080 columns, 17064 nonzeros

CPU model: Intel(R) Xeon(R) Gold 6242 CPU @ 2.80GHz, instruction set [SSE2|AVX|AVX2|AVX512]
Thread count: 32 physical cores, 32 logical processors, using up to 32 threads

Optimize a model with 5349 rows, 2080 columns and 17064 nonzeros
Model fingerprint: 0x069bbc61
Variable types: 32 continuous, 2048 integer (2048 binary)
Coefficient statistics:
  Matrix range     [1e+00, 2e+02]
  Objective range  [1e+00, 1e+00]
  Bounds range     [1e+00, 1e+00]
  RHS range        [1e+00, 2e+02]
Presolve removed 3277 rows and 1292 columns
Presolve time: 0.24s
Presolved: 2072 rows, 788 columns, 6542 nonzeros
Variable types: 31 continuous, 757 integer (757 binary)

Root relaxation: objective 5.300000e+01, 279 iterations, 0.00 seconds (0.00 work units)

    Nodes    |    Current Node    |     Objective Bounds      |     Work
 Expl Unexpl |  Obj  Depth IntInf | Incumbent    BestBd   Gap | It/Node Time

     0     0   53.00000    0    9          -   53.00000      -     -    0s
H    0     0                      59.0000000   53.00000  10.2%     -    0s
     0     0   53.00000    0   60   59.00000   53.00000  10.2%     -    0s
     0     0   53.00000    0   60   59.00000   53.00000  10.2%     -    0s
H    0     0                      58.0000000   53.02976  8.57%     -    0s
     0     0   54.00000    0    1   58.00000   54.00000  6.90%     -    0s
*    0     0               0      54.0000000   54.00000  0.00%     -    0s

Cutting planes:
  Gomory: 1
  Cover: 2
  Implied bound: 1
  Clique: 10
  MIR: 10
  RLT: 3
  Relax-and-lift: 1

Explored 1 nodes (1493 simplex iterations) in 0.76 seconds (0.30 work units)
Thread count was 32 (of 32 available processors)

Solution count 3: 54 58 59 

Optimal solution found (tolerance 1.00e-04)
Best objective 5.400000000000e+01, best bound 5.400000000000e+01, gap 0.0000%

Wrote result file 'RCPSP_372.sol'

