
Gurobi 10.0.3 (linux64, gurobi_cl) logging started Thu Nov  9 11:49:37 2023

Set parameter Username
Set parameter TimeLimit to value 3600
Set parameter LogFile to value "RCPSP_1246.log"
Set parameter Threads to value 32
Academic license - for non-commercial use only - expires 2024-10-30
Using license file /home/jrivera6/gurobi-licenses/v1003/compute-0-34/gurobi.lic

Gurobi Optimizer version 10.0.3 build v10.0.3rc0 (linux64)
Copyright (c) 2023, Gurobi Optimization, LLC

Read MPS format model from file RCPSP_1246.mps
Reading time = 0.08 seconds
RCPSP_1246: 42947 rows, 17020 columns, 159151 nonzeros

CPU model: Intel(R) Xeon(R) Gold 6130 CPU @ 2.10GHz, instruction set [SSE2|AVX|AVX2|AVX512]
Thread count: 32 physical cores, 32 logical processors, using up to 32 threads

Optimize a model with 42947 rows, 17020 columns and 159151 nonzeros
Model fingerprint: 0x13a5b962
Variable types: 92 continuous, 16928 integer (16928 binary)
Coefficient statistics:
  Matrix range     [1e+00, 5e+02]
  Objective range  [1e+00, 1e+00]
  Bounds range     [1e+00, 1e+00]
  RHS range        [1e+00, 5e+02]
Presolve removed 7032 rows and 1201 columns (presolve time = 5s) ...
Presolve removed 9125 rows and 2311 columns
Presolve time: 8.26s
Presolved: 33822 rows, 14709 columns, 132183 nonzeros
Variable types: 91 continuous, 14618 integer (14618 binary)

Deterministic concurrent LP optimizer: primal and dual simplex (primal and dual model)
Showing first log only...

Root relaxation presolved: 33822 rows, 14709 columns, 132183 nonzeros


Root simplex log...

Iteration    Objective       Primal Inf.    Dual Inf.      Time
       0    7.7586987e+01   3.864361e-03   1.462363e+08     10s
     110    7.7600509e+01   6.257943e+01   5.846709e+07     10s
    2176    7.7000000e+01   0.000000e+00   0.000000e+00     11s
Concurrent spin time: 1.37s

Solved with dual simplex (primal model)

Root relaxation: objective 7.700000e+01, 5146 iterations, 3.70 seconds (0.16 work units)
Total elapsed time = 18.68s
Total elapsed time = 21.05s

    Nodes    |    Current Node    |     Objective Bounds      |     Work
 Expl Unexpl |  Obj  Depth IntInf | Incumbent    BestBd   Gap | It/Node Time

     0     0   77.00000    0  415          -   77.00000      -     -   27s
     0     0   77.00000    0 1142          -   77.00000      -     -   59s
     0     0   77.00000    0 1157          -   77.00000      -     -   64s
     0     0   77.00000    0 1123          -   77.00000      -     -   66s
     0     0   77.00000    0 1063          -   77.00000      -     -  116s
     0     0   77.00000    0  739          -   77.00000      -     -  154s
     0     0   77.00000    0  725          -   77.00000      -     -  154s
     0     0   77.00000    0  872          -   77.00000      -     -  164s
     0     0   77.00000    0  867          -   77.00000      -     -  165s
     0     0   77.00000    0  638          -   77.00000      -     -  200s
     0     0   77.00000    0  989          -   77.00000      -     -  206s
     0     0   77.00000    0  975          -   77.00000      -     -  207s
     0     0   77.00000    0 1024          -   77.00000      -     -  208s
     0     0   77.00000    0  613          -   77.00000      -     -  237s
     0     0   77.00000    0 1070          -   77.00000      -     -  246s
     0     0   77.00000    0  988          -   77.00000      -     -  248s
     0     0   77.00000    0  961          -   77.00000      -     -  249s
     0     0   77.00000    0  955          -   77.00000      -     -  249s
     0     0   77.00000    0  470          -   77.00000      -     -  273s
H    0     0                     513.0000000   77.00000  85.0%     -  280s
     0     0   77.00000    0  469  513.00000   77.00000  85.0%     -  282s
H    0     0                     333.0000000   77.00000  76.9%     -  303s
     0     2   77.00000    0  469  333.00000   77.00000  76.9%     -  317s
     1     3   77.00000    1  467  333.00000   77.00000  76.9%  2213  329s
     3     6   77.00000    2  940  333.00000   77.00000  76.9%  1762  344s
     6    11   77.00000    3  996  333.00000   77.00000  76.9%  1729  361s
    12    19   77.00000    4 1057  333.00000   77.00000  76.9%  1591  378s
    23    34   77.00000    5 1217  333.00000   77.00000  76.9%  1599  416s
    42    51   77.00000    6 1167  333.00000   77.00000  76.9%  1349  450s
    74    76   77.00000    7 1093  333.00000   77.00000  76.9%  1225  475s
H  106   101                     266.0000000   77.00000  71.1%  1112 2874s
H  107   101                     239.0000000   77.00000  67.8%  1102 2925s
   109   101   84.00000    8 1117  239.00000   77.00000  67.8%  1089 2957s
   118   101   86.00000    8 1152  239.00000   77.00000  67.8%  1025 3062s
   119   101   86.00000    8 1070  239.00000   77.00000  67.8%  1022 3076s
   138   131   77.00000    9 1039  239.00000   77.00000  67.8%   922 4062s

Cutting planes:
  Gomory: 43
  Cover: 372
  Implied bound: 388
  Clique: 5
  MIR: 1740
  StrongCG: 11
  Zero half: 11
  RLT: 1094
  Relax-and-lift: 167

Explored 168 nodes (227476 simplex iterations) in 4076.21 seconds (58.13 work units)
Thread count was 32 (of 32 available processors)

Solution count 4: 239 266 333 513 

Time limit reached
Best objective 2.390000000000e+02, best bound 7.700000000000e+01, gap 67.7824%

Wrote result file 'RCPSP_1246.sol'

