
Gurobi 10.0.3 (linux64, gurobi_cl) logging started Thu Nov  2 11:50:41 2023

Set parameter Username
Set parameter TimeLimit to value 3600
Set parameter LogFile to value "RCPSP_939.log"
Set parameter Threads to value 32
Academic license - for non-commercial use only - expires 2024-10-30
Using license file /home/jrivera6/gurobi-licenses/v1003/compute-0-38/gurobi.lic

Gurobi Optimizer version 10.0.3 build v10.0.3rc0 (linux64)
Copyright (c) 2023, Gurobi Optimization, LLC

Read MPS format model from file RCPSP_939.mps
Reading time = 0.03 seconds
RCPSP_939: 19662 rows, 7750 columns, 71936 nonzeros

CPU model: Intel(R) Xeon(R) Gold 6242 CPU @ 2.80GHz, instruction set [SSE2|AVX|AVX2|AVX512]
Thread count: 32 physical cores, 32 logical processors, using up to 32 threads

Optimize a model with 19662 rows, 7750 columns and 71936 nonzeros
Model fingerprint: 0x84a1f056
Variable types: 62 continuous, 7688 integer (7688 binary)
Coefficient statistics:
  Matrix range     [1e+00, 3e+02]
  Objective range  [1e+00, 1e+00]
  Bounds range     [1e+00, 1e+00]
  RHS range        [1e+00, 3e+02]
Presolve removed 9114 rows and 3470 columns
Presolve time: 3.78s
Presolved: 10548 rows, 4280 columns, 40219 nonzeros
Variable types: 61 continuous, 4219 integer (4219 binary)

Root relaxation: objective 6.000000e+01, 1384 iterations, 0.02 seconds (0.01 work units)

    Nodes    |    Current Node    |     Objective Bounds      |     Work
 Expl Unexpl |  Obj  Depth IntInf | Incumbent    BestBd   Gap | It/Node Time

     0     0   60.00000    0  131          -   60.00000      -     -    4s
     0     0   60.00000    0  383          -   60.00000      -     -    6s
     0     0   60.00000    0  380          -   60.00000      -     -    6s
     0     0   60.00000    0  292          -   60.00000      -     -    6s
     0     0   60.00000    0  210          -   60.00000      -     -    8s
     0     0   60.00000    0  270          -   60.00000      -     -    8s
     0     0   60.00000    0  126          -   60.00000      -     -   10s
     0     0   60.00000    0  205          -   60.00000      -     -   10s
     0     0   60.00000    0   96          -   60.00000      -     -   11s
     0     0   60.00000    0  154          -   60.00000      -     -   12s
     0     0   60.00000    0  170          -   60.00000      -     -   13s
H    0     0                     329.0000000   60.00000  81.8%     -   14s
     0     0   60.00000    0  142  329.00000   60.00000  81.8%     -   14s
H    0     0                     288.0000000   60.00000  79.2%     -   17s
     0     2   60.00000    0  101  288.00000   60.00000  79.2%     -   20s
    15    25   60.00000    4  241  288.00000   60.00000  79.2%   357   25s
H   49    35                     278.0000000   60.00000  78.4%   230   28s
    55    45   60.00000    6  337  278.00000   60.00000  78.4%   242   30s
H   87    66                     202.0000000   60.00000  70.3%   201   60s
H   89    66                     201.0000000   60.00000  70.1%   203   60s
H   91    66                     198.0000000   60.00000  69.7%   200   60s
H   98    66                     193.0000000   60.00000  68.9%   195   60s
H  103    66                     192.0000000   60.00000  68.7%   193   60s
   119    86   60.00000    8  354  192.00000   60.00000  68.7%   198   79s
   183   130   60.00000   10  248  192.00000   60.00000  68.7%   170  103s
   279   224   60.00000   12  229  192.00000   60.00000  68.7%   116  106s
   558   477   60.00000   16  267  192.00000   60.00000  68.7%  67.3  110s
   874   812   60.00000   20  282  192.00000   60.00000  68.7%  54.7  115s
H 1154   994                     175.0000000   60.00000  65.7%  48.2  126s
H 1155   994                     167.0000000   60.00000  64.1%  48.2  126s
H 1187  1020                     150.0000000   60.00000  60.0%  47.8  239s
H 1189  1020                     137.0000000   60.00000  56.2%  47.8  239s
H 1190  1020                     126.0000000   60.00000  52.4%  47.8  239s
  1222  1215   62.00000   25  222  126.00000   60.00000  52.4%  47.8  240s
  1836  1800   66.00000   39  195  126.00000   60.00000  52.4%  39.4  245s
H 2318  2052                     113.0000000   60.00000  46.9%  36.3  263s
H 2319  2052                     106.0000000   60.00000  43.4%  36.3  263s
H 2327  2052                     104.0000000   60.00000  42.3%  36.6  263s
  2353  2239   68.00000   54  173  104.00000   60.00000  42.3%  37.0  265s
  2788  2577   68.00000   68  223  104.00000   60.00000  42.3%  37.1  270s
  3242  2993   68.00000   87  230  104.00000   60.00000  42.3%  37.4  275s
  3757  3544   70.00000  103  346  104.00000   60.00000  42.3%  37.6  281s
H 4144  3418                      99.0000000   60.00000  39.4%  37.3  295s
  4148  3409   60.19107   52  171   99.00000   60.00000  39.4%  37.3  302s
H 4148  3238                      98.0000000   60.00000  38.8%  37.3  302s
H 4149  3077                      94.0000000   60.00000  36.2%  37.3  305s
H 4150  2923                      92.0000000   60.00000  34.8%  37.3  308s
  4152  2925   79.00000   85  230   92.00000   60.00000  34.8%  37.3  312s
  4154  2926   70.00000  102  209   92.00000   60.00000  34.8%  37.2  317s
H 4155  2780                      89.0000000   60.00000  32.6%  37.2  320s
H 4155  2641                      88.0000000   60.00000  31.8%  37.2  320s
H 4156  2511                      86.0000000   60.00000  30.2%  46.5  327s
  4157  2513   60.00000   14  142   86.00000   60.00000  30.2%  47.2  331s
  4163  2523   60.00000   16  178   86.00000   60.00000  30.2%  47.5  336s
  4171  2536   60.00000   17  171   86.00000   60.00000  30.2%  47.5  340s
  4219  2584   60.00000   19  173   86.00000   60.00000  30.2%  48.2  349s
H 4251  2480                      80.0000000   60.00000  25.0%  48.4  376s
H 4256  2359                      79.0000000   60.00000  24.1%  48.5  376s
H 4258  2245                      77.0000000   60.00000  22.1%  48.5  376s
H 4275  2132                      75.0000000   60.00000  20.0%  48.5  376s
  4283  2149   61.00000   20  168   75.00000   60.00000  20.0%  48.5  387s
H 4289  2044                      74.0000000   60.00000  18.9%  48.5  387s
  4315  2054   60.00000   20  171   74.00000   60.00000  18.9%  48.7  393s
H 4347  1965                      73.0000000   60.00000  17.8%  49.1  412s
H 4354  1870                      72.0000000   60.00000  16.7%  49.0  412s
  4383  1900   66.00000   21  185   72.00000   60.00000  16.7%  49.1  417s
  4435  1917   60.00000   22  168   72.00000   60.00000  16.7%  49.4  420s
  4537  1974   60.00000   24  185   72.00000   60.00000  16.7%  49.6  429s
  4590  2001   66.00000   24  236   72.00000   60.00000  16.7%  49.6  436s
  4645  2027   60.00000   25  185   72.00000   60.00000  16.7%  49.5  442s
  4711  2055   60.00000   26  175   72.00000   60.00000  16.7%  49.7  446s
  4896  2177   60.00000   28  200   72.00000   60.00000  16.7%  48.8  450s
  5035  2166   60.00000   29  242   72.00000   60.00000  16.7%  48.2  455s
  5422  2321   61.00000   33  316   72.00000   60.00000  16.7%  46.6  472s
H 5423  2233                      70.0000000   60.00000  14.3%  46.6  472s
  5461  2191   61.00000   34  316   70.00000   60.00000  14.3%  46.8  478s
  5565  2209   61.00000   34  322   70.00000   60.00000  14.3%  46.8  483s
  5619  2423   67.00000   35  238   70.00000   60.00000  14.3%  46.8  485s
  5920  2602   66.00000   38  246   70.00000   60.00000  14.3%  46.3  492s
  6543  2964   61.00000   45  318   70.00000   60.00000  14.3%  44.4  496s
  6938  2739   66.00000   47  301   70.00000   60.00000  14.3%  43.1  500s
H 7273  2299                      69.0000000   60.00000  13.0%  42.4  506s
  7664  2304   67.00000   53  236   69.00000   60.00000  13.0%  42.0  514s
  7734  2884 infeasible   53        69.00000   60.00000  13.0%  42.3  516s
  9368  3112   67.00000   67  196   69.00000   60.00000  13.0%  38.3  525s
 10037  3589   67.00000   73  208   69.00000   60.00000  13.0%  38.2  544s
H10038  2892                      68.0000000   60.00000  11.8%  38.2  544s
H10055  2423                      67.0000000   60.00000  10.4%  38.2  544s
 10070  2413     cutoff   73        67.00000   60.00000  10.4%  38.2  554s
 10172  2471   63.00000   33  187   67.00000   60.00000  10.4%  38.8  560s
 10910  3027 infeasible   61        67.00000   60.00000  10.4%  38.6  571s
 11076  3920 infeasible   60        67.00000   60.00000  10.4%  39.0  576s
 12464  3937   60.00000   53  218   67.00000   60.00000  10.4%  37.1  585s
 13716  5564   64.00000  108  190   67.00000   60.00000  10.4%  36.4  624s
H13771  4299                      66.0000000   60.00000  9.09%  36.3  624s
 15152  4151   64.00000  139  142   66.00000   60.00000  9.09%  35.4  637s
 15156  4154   60.00000   42  224   66.00000   60.00000  9.09%  35.4  640s
 15159  4156   64.00000   71  231   66.00000   60.00000  9.09%  35.3  646s
 15161  4157   65.00000   79  259   66.00000   60.00000  9.09%  35.3  651s
 15164  4162   60.00000   28  228   66.00000   60.00000  9.09%  37.2  659s
 15166  4165   60.00000   29  206   66.00000   60.00000  9.09%  37.2  661s
 15178  4185   60.00260   31  248   66.00000   60.00000  9.09%  37.3  666s
 15226  4230   60.00260   33  362   66.00000   60.00000  9.09%  37.6  671s
 15258  4249   62.00000   33  314   66.00000   60.00000  9.09%  37.7  689s
H15259  4039                      66.0000000   60.00000  9.09%  37.7  689s
 15290  4058   60.00260   34  352   66.00000   60.00000  9.09%  37.8  691s
 15322  4076   60.00260   34  339   66.00000   60.00000  9.09%  37.8  726s
 15396  4129   60.04262   35  287   66.00000   60.00000  9.09%  38.1  730s
 15488  4173   60.00262   36  312   66.00000   60.00000  9.09%  38.3  735s
 15669  4281   60.00270   39  287   66.00000   60.00000  9.09%  38.6  743s
 15787  4324   60.00270   40  285   66.00000   60.00000  9.09%  38.8  747s
 15919  4301   60.00270   42  283   66.00000   60.00000  9.09%  38.9  787s
 15958  4362   60.09524   42  252   66.00000   60.00000  9.09%  38.9  792s
 16111  4394   60.00270   43  273   66.00000   60.00000  9.09%  39.2  799s
 16284  4449   63.00000   45  235   66.00000   60.00000  9.09%  39.6  805s
 16448  4478   61.00000   47  249   66.00000   60.00000  9.09%  39.9  812s
 16621  4569   64.00000   49  238   66.00000   60.00000  9.09%  40.3  819s
 16845  4675   61.00000   51  244   66.00000   60.00000  9.09%  40.5  827s
 17137  4715   65.00000   55  206   66.00000   60.00000  9.09%  40.8  835s
 17410  4761   61.00000   58  213   66.00000   60.00000  9.09%  41.2  844s
 17711  4813   61.00000   61  221   66.00000   60.00000  9.09%  41.6  853s
 18006  5573   63.00000   65  234   66.00000   60.00000  9.09%  41.8  858s
 19222  6130 infeasible   84        66.00000   60.00000  9.09%  40.7  862s
 20714  6516   60.16667   43  227   66.00000   60.00000  9.09%  39.9  866s
 22043  6083 infeasible   58        66.00000   60.00000  9.09%  39.3  871s
 22233  6916   63.00000   59  176   66.00000   60.00000  9.09%  39.7  875s
 23868  7233   65.00000   45  169   66.00000   60.00000  9.09%  38.9  883s
 25273  6793   63.00000   44  174   66.00000   60.00000  9.09%  37.9  889s
 25459  7495   63.00000   48  173   66.00000   60.00000  9.09%  38.1  892s
 26944  7669   65.00000   50  162   66.00000   60.00000  9.09%  37.2  896s
 28091  7733 infeasible   69        66.00000   60.00000  9.09%  36.8  902s
 28274  7809   61.46154   43  220   66.00000   60.00000  9.09%  37.0  906s
 28366  7895   63.00000   46  198   66.00000   60.00000  9.09%  37.0  916s
 28560  8957   63.00000   56  211   66.00000   60.00000  9.09%  37.3  920s
 30218 11189   61.00000   70  178   66.00000   60.00000  9.09%  36.8  944s
 33993 11203   65.00000   75  203   66.00000   60.00000  9.09%  36.0  950s
 34145 11313   63.00000   49  192   66.00000   60.00000  9.09%  36.2  955s
 35698 12238   63.00000   52  235   66.00000   60.00000  9.09%  35.9  964s
 35871 12970   64.00000   58  212   66.00000   60.00000  9.09%  36.0  969s
 37052 13913   65.00000   83  180   66.00000   60.00000  9.09%  35.6  974s
 38663 13955 infeasible   84        66.00000   60.00000  9.09%  35.1  980s
 38828 14970     cutoff   51        66.00000   60.00000  9.09%  35.3  985s
 40604 15033   61.00000   52  210   66.00000   60.00000  9.09%  34.9  993s
 40790 16094   61.00000   56  199   66.00000   60.00000  9.09%  35.1  998s
 42784 17059   65.00000   65  184   66.00000   60.00000  9.09%  34.6 1004s
 44678 17117   60.00000   43  267   66.00000   60.00000  9.09%  34.1 1011s
 44916 18486   63.00000   51  194   66.00000   60.00000  9.09%  34.3 1017s
 47270 18588   60.02538   45  259   66.00000   60.00000  9.09%  33.8 1025s
 47533 20185   64.00000   48  177   66.00000   60.00000  9.09%  34.1 1032s
 50091 21463 infeasible   88        66.00000   60.00000  9.09%  33.5 1039s
 52533 21604   64.00000   68  178   66.00000   60.00000  9.09%  33.2 1048s
 52789 23128     cutoff   72        66.00000   60.00000  9.09%  33.4 1055s
 55382 23803   65.00000   75  128   66.00000   60.00000  9.09%  33.0 1063s
 56661 23960   63.00000   85  150   66.00000   60.00000  9.09%  33.0 1073s
 56988 25895   61.00000   57  202   66.00000   60.00000  9.09%  33.3 1082s
 60663 27518   63.00000   49  208   66.00000   60.00000  9.09%  32.6 1164s
 64026 27505 infeasible   37        66.00000   60.00000  9.09%  32.2 1203s
 64103 27873   60.00000   38  255   66.00000   60.00000  9.09%  32.3 1225s
 64765 28257     cutoff   62        66.00000   60.00000  9.09%  32.6 1249s
 65649 28285   65.00000   63  196   66.00000   60.00000  9.09%  33.1 1304s
 65685 28699 infeasible   64        66.00000   60.00000  9.09%  33.1 1332s
 66774 29223   64.00000   72  119   66.00000   60.00000  9.09%  33.6 1368s
 68097 36587   65.00000   61  124   66.00000   60.00000  9.09%  34.2 1403s
 81609 39686   63.00000   76  196   66.00000   60.00000  9.09%  33.0 1420s
 87670 39934   61.00000   56  234   66.00000   60.00000  9.09%  32.5 1438s
 88273 42647   62.00000   62  205   66.00000   60.00000  9.09%  32.8 1454s
 93492 42649   65.00000   50  193   66.00000   60.00000  9.09%  32.7 1510s
 93555 56978   65.00000   51  191   66.00000   60.00000  9.09%  32.8 2351s
 125588 56979   60.00000   56  142   66.00000   60.00000  9.09%  41.6 2364s
 125591 56981   62.00000   71  130   66.00000   60.00000  9.09%  41.6 2366s
 125595 56984   63.00000   42  221   66.00000   60.00000  9.09%  41.6 2372s
 125597 56985   63.00000   83  299   66.00000   60.00000  9.09%  41.6 2377s
 125599 56986   65.00000   78  219   66.00000   60.00000  9.09%  41.6 2383s
 125601 56988   63.00000   77  205   66.00000   60.00000  9.09%  41.6 2385s
 125602 56991   60.00000   42  198   66.00000   60.00000  9.09%  41.9 2392s
 125604 56995   60.00000   43  187   66.00000   60.00000  9.09%  41.9 2395s
 125616 57009   60.00000   45  186   66.00000   60.00000  9.09%  41.9 2400s
 125629 57024   60.00000   46  184   66.00000   60.00000  9.09%  42.0 2413s
 125655 57043   60.00000   47  194   66.00000   60.00000  9.09%  42.0 2416s
 125751 57096   60.00000   49  211   66.00000   60.00000  9.09%  42.0 2462s
 125783 57109   62.00000   49  210   66.00000   60.00000  9.09%  42.0 2501s
 125870 57152   63.00000   50  178   66.00000   60.00000  9.09%  42.0 2505s
 126029 57225   60.00000   52  223   66.00000   60.00000  9.09%  42.0 2512s
 126157 57279   60.00000   53  249   66.00000   60.00000  9.09%  42.0 2520s
 126294 57325   60.00000   55  245   66.00000   60.00000  9.09%  42.0 2526s
 126351 57344   60.00000   56  253   66.00000   60.00000  9.09%  42.0 2530s
 126506 57391   60.00000   58  317   66.00000   60.00000  9.09%  42.1 2535s
 126659 57440   60.00000   60  280   66.00000   60.00000  9.09%  42.1 2541s
 126840 57492   60.00000   62  267   66.00000   60.00000  9.09%  42.1 2546s
 126926 57537   60.00000   63  298   66.00000   60.00000  9.09%  42.1 2550s
 127108 57623   60.00000   65  246   66.00000   60.00000  9.09%  42.1 2557s
 127240 57675   60.00000   67  255   66.00000   60.00000  9.09%  42.1 2563s
 127376 57741   60.02290   69  307   66.00000   60.00000  9.09%  42.2 2568s
 127533 57822   60.00000   70  255   66.00000   60.00000  9.09%  42.2 2575s
 127709 57905   60.00000   72  264   66.00000   60.00000  9.09%  42.2 2583s
 127907 58009 infeasible   74        66.00000   60.00000  9.09%  42.3 2593s
 128154 58461   65.00000   76  301   66.00000   60.00000  9.09%  42.3 2600s
 128819 58360 infeasible   82        66.00000   60.00000  9.09%  42.2 2612s
 129057 59410   60.07377   85  283   66.00000   60.00000  9.09%  42.3 2620s
 130537 59021 infeasible   95        66.00000   60.00000  9.09%  42.1 2630s
 130845 59914   60.07692   97  305   66.00000   60.00000  9.09%  42.3 2637s
 132273 60027   61.28293  114  280   66.00000   60.00000  9.09%  42.3 2650s
 133314 59950   64.00000   62  202   66.00000   60.00000  9.09%  42.4 2662s
 133728 61296   65.00000   75  171   66.00000   60.00000  9.09%  42.4 2672s
 136098 62412   60.14925   56  265   66.00000   60.00000  9.09%  42.3 2682s
 138902 61704   63.00000   72  203   66.00000   60.00000  9.09%  42.0 2696s
 139253 63263   65.00000   78  128   66.00000   60.00000  9.09%  42.1 2707s
 142055 62388   60.00072   56  338   66.00000   60.00000  9.09%  42.0 2721s
 142477 62277   60.04664   61  317   66.00000   60.00000  9.09%  42.2 2761s
 142511 62523 infeasible   62        66.00000   60.00000  9.09%  42.2 2775s
 142997 62639   65.00000   61  191   66.00000   60.00000  9.09%  42.4 2789s
 143493 64925   63.00000   63  189   66.00000   60.00000  9.09%  42.5 2802s
 147626 63788 infeasible   78        66.00000   60.00000  9.09%  42.0 2820s
 148144 66383   65.00000   62  198   66.00000   60.00000  9.09%  42.1 2833s
 152580 67179   63.00000   86  213   66.00000   60.00000  9.09%  41.7 2845s
 156374 66373 infeasible   98        66.00000   60.00000  9.09%  41.4 2888s
 157463 73562     cutoff   83        66.00000   60.00000  9.09%  41.7 2934s
 169943 69573 infeasible   98        66.00000   60.00000  9.09%  41.2 2950s
 170354 71972   62.00000   83  242   66.00000   60.00000  9.09%  41.3 2966s
 174410 70897 infeasible  107        66.00000   60.00000  9.09%  41.3 2985s
 174933 74471   65.00000   92  168   66.00000   60.00000  9.09%  41.5 3001s
 180989 72763   60.00000   83  269   66.00000   60.00000  9.09%  41.0 3019s
 181509 72620   62.00000   93  213   66.00000   60.00000  9.09%  41.1 3058s
 181543 72914   62.00000   94  216   66.00000   60.00000  9.09%  41.1 3078s
 182252 72861   65.00000   78  201   66.00000   60.00000  9.09%  41.2 3119s
 182518 73087     cutoff   79        66.00000   60.00000  9.09%  41.2 3143s
 183383 77134   65.00000   86  153   66.00000   60.00000  9.09%  41.4 3166s
 190738 75444   61.00000   96  234   66.00000   60.00000  9.09%  41.0 3222s
 192249 94619   65.00000   86  198   66.00000   60.00000  9.09%  41.4 3311s
 223852 84679   61.00000   72  262   66.00000   60.00000  9.09%  39.9 3369s
 225356 92194   65.00000   84  173   66.00000   60.00000  9.09%  40.2 3484s
 239251 88379   60.05576   63  287   66.00000   60.00000  9.09%  40.3 3533s
 240965 98396   62.00000   91  210   66.00000   60.00000  9.09%  40.6 3583s
 259100 92320 infeasible   93        66.00000   60.00000  9.09%  39.8 3600s

Cutting planes:
  Gomory: 40
  Cover: 36
  Implied bound: 116
  Projected implied bound: 2
  Clique: 8
  MIR: 44
  StrongCG: 7
  Flow cover: 221
  GUB cover: 1
  Zero half: 4
  RLT: 80
  Relax-and-lift: 359

Explored 259191 nodes (10351049 simplex iterations) in 3600.86 seconds (194.37 work units)
Thread count was 32 (of 32 available processors)

Solution count 10: 66 66 67 ... 75

Time limit reached
Best objective 6.599999999330e+01, best bound 6.000000000000e+01, gap 9.0909%

Wrote result file 'RCPSP_939.sol'

