
Gurobi 10.0.3 (linux64, gurobi_cl) logging started Thu Nov  9 11:48:58 2023

Set parameter Username
Set parameter TimeLimit to value 3600
Set parameter LogFile to value "RCPSP_1209.log"
Set parameter Threads to value 32
Academic license - for non-commercial use only - expires 2024-10-30
Using license file /home/jrivera6/gurobi-licenses/v1003/compute-0-34/gurobi.lic

Gurobi Optimizer version 10.0.3 build v10.0.3rc0 (linux64)
Copyright (c) 2023, Gurobi Optimization, LLC

Read MPS format model from file RCPSP_1209.mps
Reading time = 0.08 seconds
RCPSP_1209: 42947 rows, 17020 columns, 151052 nonzeros

CPU model: Intel(R) Xeon(R) Gold 6130 CPU @ 2.10GHz, instruction set [SSE2|AVX|AVX2|AVX512]
Thread count: 32 physical cores, 32 logical processors, using up to 32 threads

Optimize a model with 42947 rows, 17020 columns and 151052 nonzeros
Model fingerprint: 0xf6e086a4
Variable types: 92 continuous, 16928 integer (16928 binary)
Coefficient statistics:
  Matrix range     [1e+00, 5e+02]
  Objective range  [1e+00, 1e+00]
  Bounds range     [1e+00, 1e+00]
  RHS range        [1e+00, 5e+02]
Presolve removed 7032 rows and 1201 columns (presolve time = 5s) ...
Presolve removed 7032 rows and 1201 columns (presolve time = 10s) ...
Presolve removed 11434 rows and 3059 columns
Presolve time: 11.43s
Presolved: 31513 rows, 13961 columns, 116029 nonzeros
Variable types: 91 continuous, 13870 integer (13870 binary)

Deterministic concurrent LP optimizer: primal and dual simplex (primal and dual model)
Showing first log only...

Root relaxation presolved: 31513 rows, 13961 columns, 116029 nonzeros


Root simplex log...

Iteration    Objective       Primal Inf.    Dual Inf.      Time
       0    8.1110908e+01   7.362769e-03   2.441348e+08     13s
    2035    8.0000000e+01   0.000000e+00   0.000000e+00     14s
Concurrent spin time: 1.58s

Solved with dual simplex (dual model)

Root relaxation: objective 8.000000e+01, 14961 iterations, 3.65 seconds (0.13 work units)
Total elapsed time = 22.02s

    Nodes    |    Current Node    |     Objective Bounds      |     Work
 Expl Unexpl |  Obj  Depth IntInf | Incumbent    BestBd   Gap | It/Node Time

     0     0   80.00000    0  315          -   80.00000      -     -   29s
     0     0   80.00000    0 1283          -   80.00000      -     -   68s
     0     0   80.00000    0 1164          -   80.00000      -     -   77s
     0     0   80.00000    0 1085          -   80.00000      -     -   78s
H    0     0                     476.0000000   80.00000  83.2%     -   79s
     0     0   80.00000    0 1270  476.00000   80.00000  83.2%     -   82s
     0     0   80.00000    0  246  476.00000   80.00000  83.2%     -  135s
     0     0   80.00000    0 1002  476.00000   80.00000  83.2%     -  181s
     0     0   80.00000    0  991  476.00000   80.00000  83.2%     -  186s
     0     0   80.00000    0  976  476.00000   80.00000  83.2%     -  188s
     0     0   80.00000    0  966  476.00000   80.00000  83.2%     -  188s
     0     0   80.00000    0  942  476.00000   80.00000  83.2%     -  194s
H    0     0                     372.0000000   80.00000  78.5%     -  211s
     0     0   80.00000    0  287  372.00000   80.00000  78.5%     -  221s
H    0     0                     308.0000000   80.00000  74.0%     -  225s
     0     0   80.00000    0  517  308.00000   80.00000  74.0%     -  231s
     0     0   80.00000    0  463  308.00000   80.00000  74.0%     -  231s
     0     0   80.00000    0  411  308.00000   80.00000  74.0%     -  244s
H    0     0                     299.0000000   80.00000  73.2%     -  256s
     0     0   80.00000    0  868  299.00000   80.00000  73.2%     -  265s
     0     0   80.00000    0  794  299.00000   80.00000  73.2%     -  266s
     0     0   80.00000    0  293  299.00000   80.00000  73.2%     -  278s
H    0     0                     278.0000000   80.00000  71.2%     -  280s
     0     0   80.00000    0  604  278.00000   80.00000  71.2%     -  282s
     0     0   80.00000    0  601  278.00000   80.00000  71.2%     -  282s
H    0     0                     273.0000000   80.00000  70.7%     -  284s
     0     0   80.00000    0  301  273.00000   80.00000  70.7%     -  300s
     0     0   80.00000    0  277  273.00000   80.00000  70.7%     -  309s
     0     2   80.00000    0  236  273.00000   80.00000  70.7%     -  326s
     1     3   80.00000    1  236  273.00000   80.00000  70.7%  1585  335s
     3     6   80.00000    2  545  273.00000   80.00000  70.7%  1083  348s
     6     9   80.00000    3  520  273.00000   80.00000  70.7%   993  371s
    12    16   80.00000    4  652  273.00000   80.00000  70.7%  1112  390s
    21    27   80.00000    5  668  273.00000   80.00000  70.7%  1226  412s
H   37    45                     270.0000000   80.00000  70.4%   914 1804s
H   37    45                     245.0000000   80.00000  67.3%   914 1814s
    39    45   93.00000    6  679  245.00000   80.00000  67.3%   936 1923s
H   41    45                     240.0000000   80.00000  66.7%   922 1973s
    51    45   95.00000    6  790  240.00000   80.00000  66.7%   977 2269s
H   55    45                     226.0000000   80.00000  64.6%   972 2299s
    56    45   93.00000    6  646  226.00000   80.00000  64.6%   991 2323s
    57    45   93.00000    6  707  226.00000   80.00000  64.6%   990 2330s
    59    45   97.00000    6  956  226.00000   80.00000  64.6%   986 2352s
    64    57   93.00000    7  670  226.00000   80.00000  64.6%   988 4091s

Cutting planes:
  Gomory: 22
  Lift-and-project: 1
  Cover: 349
  Implied bound: 665
  Clique: 14
  MIR: 1590
  StrongCG: 35
  Zero half: 10
  RLT: 834
  Relax-and-lift: 335

Explored 83 nodes (181472 simplex iterations) in 4110.73 seconds (47.85 work units)
Thread count was 32 (of 32 available processors)

Solution count 10: 226 240 245 ... 476

Time limit reached
Best objective 2.260000000000e+02, best bound 8.000000000000e+01, gap 64.6018%

Wrote result file 'RCPSP_1209.sol'

