
Gurobi 10.0.3 (linux64, gurobi_cl) logging started Thu Nov  2 11:35:33 2023

Set parameter Username
Set parameter TimeLimit to value 3600
Set parameter LogFile to value "RCPSP_683.log"
Set parameter Threads to value 32
Academic license - for non-commercial use only - expires 2024-10-30
Using license file /home/jrivera6/gurobi-licenses/v1003/compute-0-35/gurobi.lic

Gurobi Optimizer version 10.0.3 build v10.0.3rc0 (linux64)
Copyright (c) 2023, Gurobi Optimization, LLC

Read MPS format model from file RCPSP_683.mps
Reading time = 0.03 seconds
RCPSP_683: 19643 rows, 7750 columns, 64658 nonzeros

CPU model: Intel(R) Xeon(R) Gold 6130 CPU @ 2.10GHz, instruction set [SSE2|AVX|AVX2|AVX512]
Thread count: 32 physical cores, 32 logical processors, using up to 32 threads

Optimize a model with 19643 rows, 7750 columns and 64658 nonzeros
Model fingerprint: 0xb84619e9
Variable types: 62 continuous, 7688 integer (7688 binary)
Coefficient statistics:
  Matrix range     [1e+00, 3e+02]
  Objective range  [1e+00, 1e+00]
  Bounds range     [1e+00, 1e+00]
  RHS range        [1e+00, 3e+02]
Presolve removed 9500 rows and 3589 columns
Presolve time: 4.03s
Presolved: 10143 rows, 4161 columns, 33918 nonzeros
Variable types: 61 continuous, 4100 integer (4100 binary)

Root relaxation: objective 6.500000e+01, 1396 iterations, 0.02 seconds (0.01 work units)

    Nodes    |    Current Node    |     Objective Bounds      |     Work
 Expl Unexpl |  Obj  Depth IntInf | Incumbent    BestBd   Gap | It/Node Time

     0     0   65.00000    0  128          -   65.00000      -     -    4s
     0     0   69.00000    0  129          -   69.00000      -     -    4s
     0     0   69.00000    0  295          -   69.00000      -     -    7s
     0     0   69.00000    0  269          -   69.00000      -     -    7s
     0     0   76.00000    0   75          -   76.00000      -     -   10s
     0     0   76.00000    0   82          -   76.00000      -     -   11s
     0     0   76.00000    0  247          -   76.00000      -     -   12s
     0     0   76.00000    0  255          -   76.00000      -     -   12s
     0     0   76.00000    0  229          -   76.00000      -     -   13s
     0     0   76.00000    0  267          -   76.00000      -     -   13s
     0     0   76.00000    0  215          -   76.00000      -     -   16s
     0     0   76.00000    0  198          -   76.00000      -     -   17s
     0     0   76.00000    0  167          -   76.00000      -     -   18s
     0     0   76.00000    0  166          -   76.00000      -     -   19s
     0     0   76.00000    0  109          -   76.00000      -     -   21s
     0     0   76.00000    0  194          -   76.00000      -     -   21s
     0     0   76.00000    0   69          -   76.00000      -     -   23s
     0     0   76.00000    0  209          -   76.00000      -     -   23s
     0     0   76.00000    0   72          -   76.00000      -     -   25s
     0     0   76.00000    0  140          -   76.00000      -     -   25s
     0     0   76.00000    0  106          -   76.00000      -     -   27s
     0     0   76.00000    0   74          -   76.00000      -     -   28s
     0     2   76.00000    0   62          -   76.00000      -     -   35s
     7    14   76.00000    3  125          -   76.00000      -   405   40s
    28    48   76.00000    5  153          -   76.00000      -   489   45s
    86   103   77.00000    7  338          -   76.00000      -   448   51s
   182   202   78.44660   10  371          -   76.00000      -   309   59s
   226   242   83.00000   10  304          -   76.00000      -   296   62s
   271   282   78.44660   11  365          -   76.00000      -   260   68s
   313   320   78.44660   12  365          -   76.00000      -   242   70s
   462   558   78.45466   18  369          -   76.00000      -   178   75s
   804  1018   78.45466   26  367          -   76.00000      -   121   84s
  1087  1249   78.45466   33  339          -   76.00000      -   101   87s
  1329  1433   78.46337   42  336          -   76.00000      -  93.8   90s
  1825  2024   85.00000   53  258          -   76.00000      -  88.3  141s
  2204  2458   85.00000   73  253          -   76.00000      -  82.6  146s
  2762  2820   85.00000   96  180          -   76.00000      -  74.3  150s
  3843  3624   91.00000  130  179          -   76.00000      -  64.6  159s
  4367  4088 infeasible  155               -   76.00000      -  61.9  165s
  4991  4484   78.33333    7  233          -   76.00000      -  58.7  174s
  5547  4485   90.00000   64   74          -   76.00000      -  57.5  199s
  5548  4486   82.00000   48   74          -   76.00000      -  57.5  201s
  5549  4486   77.00000   12   90          -   76.00000      -  57.5  216s
  5550  4487   84.00000   64   47          -   76.64886      -  57.5  220s
  5553  4489   88.00000   26  244          -   77.96502      -  57.5  226s
  5554  4490   77.97942   25  244          -   77.97942      -  57.5  233s
  5556  4491   97.00000   50  154          -   77.97942      -  57.4  237s
  5558  4492   87.00000   59  122          -   77.97953      -  57.4  240s
  5561  4494   82.00000   28  268          -   77.99116      -  57.4  245s
  5563  4496   79.00000   42  270          -   78.00660      -  57.4  250s
  5565  4497   90.00000   77  376          -   78.03700      -  57.4  255s
  5566  4498   79.00000   31  225          -   78.03700      -  57.3  261s
  5568  4499   79.00000   84  241          -   78.03700      -  57.3  269s
  5569  4500   90.00000   59  346          -   78.03700      -  57.3  271s
  5570  4500   79.00000   38  243          -   78.03700      -  57.3  275s
  5572  4502   80.00000   29  197          -   78.03700      -  57.3  283s
  5573  4502   79.00000   17  245          -   78.03700      -  57.3  286s
  5575  4504   84.00000   51  416          -   78.03704      -  57.2  290s
  5576  4504   78.03704    9  240          -   78.03704      -  57.2  295s
  5578  4506   80.00000   20  351          -   78.03704      -  57.2  301s
  5581  4509   80.00000   42   74          -   78.03704      -  71.0  309s
  5582  4510   85.00000   34   74          -   78.03704      -  71.0  312s
  5583  4510   83.00000   80   50          -   78.03704      -  71.0  343s
  5584  4511   91.00000  150   59          -   78.03774      -  71.0  346s
  5586  4512   89.00000   86  124          -   78.30805      -  71.0  350s
  5588  4514   79.00000   63   98          -   78.84709      -  70.9  355s
  5591  4516   88.00000  110  259          -   78.84753      -  70.9  360s
  5594  4518   79.00000   84  180          -   78.84753      -  70.9  365s
  5596  4519   78.84753   12   91          -   78.84753      -  70.8  372s
  5598  4520   84.00000   59  256          -   78.84753      -  70.8  376s
  5601  4522   79.00000   30  251          -   78.84753      -  70.8  381s
  5602  4523   80.00000  101  175          -   78.84753      -  70.8  385s
  5605  4526   85.00000   61   74          -   78.84753      -  79.0  392s
  5607  4527   85.00000   31   66          -   78.84753      -  79.0  426s
  5609  4529   82.00000   78  172          -   78.84753      -  78.9  431s
  5610  4529   79.00000   40  116          -   78.84753      -  78.9  436s
  5613  4531   82.00000   39  296          -   78.84753      -  78.9  440s
  5616  4533   83.00000   86  118          -   78.84753      -  78.8  446s
  5618  4535   81.00000   58  179          -   78.84753      -  78.8  451s
  5620  4536   82.00000   23  322          -   78.84762      -  78.8  455s
  5622  4537   80.00000   18  211          -   78.85403      -  78.7  462s
  5623  4538   91.00000   70  386          -   78.86167      -  78.7  465s
  5626  4540   82.00000   86   54          -   78.89696      -  78.7  473s
  5628  4541   78.90434   16  209          -   78.90434      -  78.7  477s
  5630  4543   80.00000   29  119          -   78.90918      -  78.6  481s
  5633  4545   82.00000   76  232          -   78.90958      -  78.6  486s
  5635  4546   78.90958   23  272          -   78.90958      -  78.6  490s
  5637  4547   82.00000   54  420          -   78.95883      -  78.5  496s
  5639  4549   81.00000   43  442          -   79.00004      -  78.5  501s
  5640  4549   79.00004   11  281          -   79.00004      -  78.5  509s
  5641  4550   86.00000   43  355          -   79.00004      -  78.5  512s
  5642  4551   79.00004   14  248          -   79.00004      -  78.5  517s
  5643  4551   79.00004   46  334          -   79.00004      -  78.4  521s
  5644  4552   83.00000   48  283          -   79.00004      -  78.4  525s
  5646  4553   96.00000   60  315          -   79.00004      -  78.4  531s
  5647  4554   90.00000   64  362          -   79.00004      -  78.4  535s
  5648  4555   82.00000   48  338          -   79.00004      -  78.4  540s
  5650  4556   84.00000   64  345          -   79.00004      -  78.4  551s
  5653  4559   88.00000   26   74          -   79.00004      -  97.8  558s
  5654  4560   79.00004   25   74          -   79.00004      -  97.8  560s
  5655  4560   79.00004   21   40          -   79.00004      -  97.8  590s
  5657  4562   79.00004   23  232          -   79.00004      -  97.8  595s
  5660  4564   81.00000   46  243          -   79.00004      -  97.7  602s
  5661  4564   82.00000   28  353          -   79.00004      -  97.7  605s
  5662  4565   88.00000   62  394          -   79.00004      -  97.7  612s
  5664  4566   82.00000   25  480          -   79.00004      -  97.7  616s
  5666  4568   79.00004   31  350          -   79.00004      -  97.6  622s
  5668  4569   79.00004   84  259          -   79.00004      -  97.6  628s
  5669  4570   90.00000   59  372          -   79.00004      -  97.6  630s
  5672  4572   80.00000   29  221          -   79.00004      -  97.5  636s
  5674  4573   82.00000   48  302          -   79.00004      -  97.5  641s
  5676  4574   79.00004    9  251          -   79.00004      -  97.4  646s
  5677  4577   79.00027   51  209          -   79.00027      -  50.3  665s
H 5678  4347                     326.0000000   79.00027  75.8%  50.3  665s
H 5679  4132                     114.0000000   79.00027  30.7%  50.5  708s
  5682  4137   79.00194   53  205  114.00000   79.00079  30.7%  50.5  717s
  5688  4147   79.61519   54  276  114.00000   79.00133  30.7%  50.9  724s
  5695  4145   79.01255   54  223  114.00000   79.01255  30.7%  51.1  725s
  5700  4167   84.84753   55  209  114.00000   79.01255  30.7%  51.4  735s
H 5724  3982                     113.0000000   79.02652  30.1%  53.5  744s
H 5729  3785                     112.0000000   79.02652  29.4%  53.5  744s
  5748  3778   79.03226   56  375  112.00000   79.03226  29.4%  53.8  745s
  5756  3806   86.00000   57  276  112.00000   79.03226  29.4%  54.2  753s
H 5788  3636                     110.0000000   79.03226  28.2%  55.3  768s
  5820  3655   86.00000   58  274  110.00000   79.03226  28.2%  55.8  774s
H 5852  3497                     108.0000000   79.03226  26.8%  56.0  833s
H 5858  3326                     106.0000000   79.03226  25.4%  56.2  834s
H 5885  3186                     102.0000000   79.03226  22.5%  56.4 1022s
H 5887  3033                     100.0000000   79.03226  21.0%  56.4 1022s
H 5898  2885                      98.0000000   79.03226  19.4%  56.6 1022s
  5918  2885   86.00000   59  304   98.00000   79.03226  19.4%  56.8 1075s
  5970  2880   86.00000   60  323   98.00000   79.03226  19.4%  57.3 1085s
  6029  2909   86.00000   61  321   98.00000   79.03226  19.4%  57.9 1098s
  6095  2942   86.00000   62  319   98.00000   79.03226  19.4%  58.5 1108s
  6169  2983   86.00000   63  325   98.00000   79.03226  19.4%  59.1 1119s
  6245  3030   93.00000   64  312   98.00000   79.03226  19.4%  59.1 1131s
  6329  3067   86.00000   65  325   98.00000   79.03226  19.4%  59.1 1144s
  6405  3096   86.00000   66  319   98.00000   79.03226  19.4%  59.2 1160s
  6473  3140   86.00000   67  316   98.00000   79.03226  19.4%  59.4 1171s
  6560  3191   86.00000   68  316   98.00000   79.03226  19.4%  59.6 1181s
  6657  3242   92.00000   69  363   98.00000   79.03226  19.4%  59.6 1194s
  6759  3296   86.00000   70  315   98.00000   79.03226  19.4%  59.3 1204s
  6872  3339   87.00000   71  321   98.00000   79.03226  19.4%  58.9 1217s
* 6979  3166             104      98.0000000   79.03226  19.4%  58.9 1217s
  6981  3223   87.00000   73  336   98.00000   79.03226  19.4%  58.9 1229s
  7082  3419   86.00000   74  333   98.00000   79.03226  19.4%  58.6 1237s
  7364  3566   86.00000   78  347   98.00000   79.03226  19.4%  57.3 1241s
  7695  3453   86.15306   81  319   98.00000   79.03226  19.4%  55.9 1253s
  7804  3473   87.00000   82  341   98.00000   79.03226  19.4%  56.3 1262s
H 7892  3527                      97.0000000   79.03226  18.5%  56.4 1268s
  8146  3615   87.00000   86  338   97.00000   79.03226  18.5%  55.8 1277s
  8388  3364   87.00000   90  322   97.00000   79.03226  18.5%  56.0 1291s
  8455  3686   88.00000   90  323   97.00000   79.03226  18.5%  56.9 1297s
  8885  3389   93.00000   96  342   97.00000   79.03226  18.5%  55.9 1309s
  8962  3413   87.00000   97  327   97.00000   79.03226  18.5%  56.5 1320s
H 8976  3109                      96.0000000   79.03226  17.7%  56.4 1320s
  9015  3125   87.00000   97  331   96.00000   79.03226  17.7%  56.3 1336s
  9102  3508   91.15306   99  376   96.00000   79.03226  17.7%  56.8 1346s
  9623  3344   90.00000  106  305   96.00000   79.03226  17.7%  55.4 1392s
H 9625  3001                      95.0000000   79.03226  16.8%  55.4 1392s
H 9627  2577                      93.0000000   79.03226  15.0%  55.4 1392s
  9675  2528   90.00000  107  325   93.00000   79.03226  15.0%  55.9 1419s
  9787  2524   80.00000   57  261   93.00000   79.03226  15.0%  56.5 1441s
  9876  3058   81.00000   61  241   93.00000   79.03226  15.0%  56.8 1450s
 10633  2756 infeasible   74        93.00000   79.03226  15.0%  54.7 1473s
 10741  2785   86.00000   77  283   93.00000   79.03226  15.0%  55.2 1488s
 10854  3483   83.00000   75  241   93.00000   79.03226  15.0%  55.3 1497s
 11838  3669   86.00000   85  247   93.00000   79.03226  15.0%  52.3 1516s
 12768  3567 infeasible  110        93.00000   79.03316  15.0%  50.6 1533s
*12862  3515             164      93.0000000   79.04177  15.0%  51.4 1534s
 12955  3534   81.00000   58  288   93.00000   79.07045  15.0%  52.6 1551s
 13042  4322   81.00000   59  282   93.00000   79.07045  15.0%  53.5 1564s
 14187  4527   84.01922   69  248   93.00000   79.25793  14.8%  51.5 1576s
 14561  4511   81.00000   59  234   93.00000   79.34102  14.7%  51.0 1597s
*14605  3403             196      92.0000000   79.34102  13.8%  51.2 1598s
 14731  3395   83.00000   61  291   92.00000   79.34102  13.8%  52.5 1619s
 14824  4086   83.00000   62  293   92.00000   80.00000  13.0%  53.7 1642s
 15856  4073     cutoff   61        92.00000   80.00000  13.0%  52.6 1698s
 15929  4153 infeasible   61        92.00000   80.00000  13.0%  54.0 1717s
 16052  4764   91.00000   63  398   92.00000   80.00000  13.0%  54.9 1849s
H16129  3941                      91.0000000   80.00000  12.1%  54.8 1850s
 17023  4192   81.00000   59  322   91.00000   80.00000  12.1%  54.1 1881s
H18147  2744                      89.0000000   80.00000  10.1%  53.5 1915s
 18247  2662 infeasible   68        89.00000   80.00000  10.1%  55.0 1940s
 18372  2664   89.00000   70  272   89.00000   80.00000  10.1%  57.0 1971s
 18500  3339   89.00000   75  237   89.00000   80.00000  10.1%  58.5 2050s
 19773  3258 infeasible   63        89.00000   81.00000  8.99%  57.4 2079s
H19777  2003                      87.0000000   81.00000  6.90%  57.4 2081s
 19896  1805 infeasible   63        87.00000   81.00000  6.90%  59.1 2151s
 20172  1611 infeasible   66        87.00000   81.00000  6.90%  60.8 2174s
*20316  1604             120      87.0000000   81.00000  6.90%  61.0 2175s
 20555  1332 infeasible   78        87.00000   81.00000  6.90%  62.0 2195s
 20957  1346     cutoff   66        87.00000   81.00000  6.90%  62.8 2217s
 21183  1957   86.00000   66  240   87.00000   82.00000  5.75%  63.2 2260s
 23478  1541 infeasible   61        87.00000   82.00000  5.75%  60.3 2280s
 23924  1263     cutoff   77        87.00000   82.00000  5.75%  60.9 2303s
 24405  1280   86.00000   80  202   87.00000   82.00000  5.75%  61.1 2322s
 24721  2294   86.00000   85  217   87.00000   82.00000  5.75%  61.2 2461s
 28307  3278 infeasible   86        87.00000   82.00000  5.75%  55.7 2644s
 32635  1939 infeasible  109        87.00000   82.00000  5.75%  49.8 2859s
 34476  1662 infeasible  112        87.00000   83.00000  4.60%  49.6 2887s
 35193  1642 infeasible   77        87.00000   84.00000  3.45%  49.9 2943s
H35198  1642                      87.0000000   84.00000  3.45%  49.9 2944s
 35320  1544   86.00000   82  183   87.00000   84.00000  3.45%  50.0 2985s
 36332  3025   86.00000   80  139   87.00000   86.00000  1.15%  50.3 3642s
*39397  3025             154      86.0000000   86.00000  0.00%  47.5 3658s

Cutting planes:
  Learned: 9
  Gomory: 32
  Cover: 102
  Implied bound: 93
  Projected implied bound: 6
  MIR: 405
  StrongCG: 14
  Flow cover: 873
  Inf proof: 113
  Zero half: 4
  RLT: 44
  Relax-and-lift: 69

Explored 47997 nodes (2344608 simplex iterations) in 3708.59 seconds (120.11 work units)
Thread count was 32 (of 32 available processors)

Solution count 10: 86 87 87 ... 95

Time limit reached
Best objective 8.600000000000e+01, best bound 8.600000000000e+01, gap 0.0000%

Wrote result file 'RCPSP_683.sol'

