
Gurobi 10.0.3 (linux64, gurobi_cl) logging started Thu Nov  2 11:39:18 2023

Set parameter Username
Set parameter TimeLimit to value 3600
Set parameter LogFile to value "RCPSP_848.log"
Set parameter Threads to value 32
Academic license - for non-commercial use only - expires 2024-10-30
Using license file /home/jrivera6/gurobi-licenses/v1003/compute-0-38/gurobi.lic

Gurobi Optimizer version 10.0.3 build v10.0.3rc0 (linux64)
Copyright (c) 2023, Gurobi Optimization, LLC

Read MPS format model from file RCPSP_848.mps
Reading time = 0.02 seconds
RCPSP_848: 19662 rows, 7750 columns, 64677 nonzeros

CPU model: Intel(R) Xeon(R) Gold 6242 CPU @ 2.80GHz, instruction set [SSE2|AVX|AVX2|AVX512]
Thread count: 32 physical cores, 32 logical processors, using up to 32 threads

Optimize a model with 19662 rows, 7750 columns and 64677 nonzeros
Model fingerprint: 0xba7ecb9d
Variable types: 62 continuous, 7688 integer (7688 binary)
Coefficient statistics:
  Matrix range     [1e+00, 3e+02]
  Objective range  [1e+00, 1e+00]
  Bounds range     [1e+00, 1e+00]
  RHS range        [1e+00, 3e+02]
Presolve removed 10530 rows and 4066 columns
Presolve time: 2.87s
Presolved: 9132 rows, 3684 columns, 30177 nonzeros
Variable types: 61 continuous, 3623 integer (3623 binary)

Root relaxation: objective 8.100000e+01, 1231 iterations, 0.01 seconds (0.01 work units)

    Nodes    |    Current Node    |     Objective Bounds      |     Work
 Expl Unexpl |  Obj  Depth IntInf | Incumbent    BestBd   Gap | It/Node Time

     0     0   81.00000    0   71          -   81.00000      -     -    3s
     0     0   81.00000    0  260          -   81.00000      -     -    4s
     0     0   81.00000    0  262          -   81.00000      -     -    4s
     0     0   81.00000    0  152          -   81.00000      -     -    6s
     0     0   81.00000    0  206          -   81.00000      -     -    7s
     0     0   81.00000    0  313          -   81.00000      -     -    8s
     0     0   81.00000    0  397          -   81.00000      -     -    9s
     0     0   81.00000    0  150          -   81.00000      -     -   11s
     0     0   81.01004    0  211          -   81.01004      -     -   11s
     0     0   81.09949    0   81          -   81.09949      -     -   12s
     0     0   81.13792    0  135          -   81.13792      -     -   12s
     0     0   81.19801    0  207          -   81.19801      -     -   12s
     0     0   81.19801    0  314          -   81.19801      -     -   13s
     0     0   81.19801    0  363          -   81.19801      -     -   13s
     0     0   81.19801    0  370          -   81.19801      -     -   13s
     0     0   81.28571    0  102          -   81.28571      -     -   14s
     0     0   81.34783    0  147          -   81.34783      -     -   15s
     0     0   81.41383    0  194          -   81.41383      -     -   15s
     0     0   81.44203    0  318          -   81.44203      -     -   15s
     0     0   81.44939    0  215          -   81.44939      -     -   15s
     0     0   81.44939    0  222          -   81.44939      -     -   16s
     0     0   81.44939    0  193          -   81.44939      -     -   16s
     0     0   81.44939    0  258          -   81.44939      -     -   16s
     0     0   81.48101    0  118          -   81.48101      -     -   17s
     0     0   81.48223    0  257          -   81.48223      -     -   18s
     0     0   81.48382    0  271          -   81.48382      -     -   18s
     0     0   81.48382    0  282          -   81.48382      -     -   18s
     0     0   81.48382    0  326          -   81.48382      -     -   19s
     0     0   81.48382    0  327          -   81.48382      -     -   19s
     0     0   81.48412    0  112          -   81.48412      -     -   20s
     0     0   81.48414    0  256          -   81.48414      -     -   20s
     0     0   81.48621    0  271          -   81.48621      -     -   20s
     0     0   81.48621    0  292          -   81.48621      -     -   21s
     0     0   81.48621    0  296          -   81.48621      -     -   21s
     0     0   81.48621    0  301          -   81.48621      -     -   21s
     0     0   81.48627    0  107          -   81.48627      -     -   23s
     0     0   81.48627    0  246          -   81.48627      -     -   23s
     0     0   81.48690    0  248          -   81.48690      -     -   23s
     0     0   81.48690    0   69          -   81.48690      -     -   24s
     0     2   81.48690    0   69          -   81.48690      -     -   27s
    14    12   83.00000    4  100          -   82.36814      -   211   30s
   121   106   85.00000    9  256          -   83.00000      -   200   35s
   356   365   85.00000   15  238          -   83.00000      -  96.9   40s
  1002   977 infeasible   26               -   83.00000      -  51.1   45s
  2059  1863   88.00000   49  230          -   83.00000      -  36.5   50s
  3215  2762   88.00000   75  212          -   83.00000      -  32.2   55s
  4368  3623   91.00000   92  187          -   83.00000      -  29.2   60s
  4622  3624   96.00000   43   69          -   83.00000      -  28.8   72s
  4629  3629   86.00000   74   49          -   84.36647      -  28.8   75s
  4636  3636   84.36647   12   44          -   84.36647      -   2.2   82s
  4638  3640   84.36647   13   43          -   84.36647      -   2.3   93s
  4642  3646   85.00000   14  108          -   84.36647      -   2.3   95s
  4762  3745   85.00000   18  139          -   84.36647      -   3.0  100s
  5002  3886   86.00000   21  133          -   84.36647      -   4.5  107s
  5160  3983   86.00000   23  182          -   84.36647      -   5.0  111s
  5675  4391   86.00000   31  183          -   84.36647      -   5.6  115s
  6514  4878   86.00000   44  180          -   84.36647      -   6.4  120s
  6980  5156   86.00000   51  175          -   84.36647      -   6.9  125s
  7848  5443   87.00000   65  170          -   84.36647      -   7.8  143s
H 7850  5260                     320.0000000   84.36647  73.6%   7.8  143s
  7885  5253 infeasible   65       320.00000   84.36647  73.6%   7.9  191s
H 7886  5080                     133.0000000   84.36647  36.6%   7.9  191s
H 7886  4916                     124.0000000   84.36647  32.0%   7.9  191s
H 7887  4758                     118.0000000   84.36647  28.5%   7.9  191s
H 7898  4599                     114.0000000   84.36647  26.0%   7.9  191s
  7922  4589   88.00000   66  183  114.00000   84.36647  26.0%   8.0  199s
H 8005  4377                     111.0000000   84.36647  24.0%   8.5  218s
H 8011  4237                     110.0000000   84.36647  23.3%   8.5  218s
H 8012  4110                     109.9999990   84.36647  23.3%   8.5  218s
H 8018  3980                     108.0000000   84.36647  21.9%   8.6  218s
H 8020  3851                     106.0000000   84.36647  20.4%   8.6  218s
H 8043  3721                     105.0000000   84.36647  19.7%   8.6  218s
  8047  3741   91.00000   67  158  105.00000   84.36647  19.7%   8.6  223s
  8122  3756   91.00000   68  185  105.00000   84.36647  19.7%   9.0  226s
  8233  3820   91.00000   69  192  105.00000   84.36647  19.7%   9.4  232s
  8307  3852   91.00000   70  235  105.00000   84.36647  19.7%   9.7  235s
  8450  3922   91.00000   72  178  105.00000   84.36647  19.7%   9.9  241s
  8606  3989   93.00000   74  178  105.00000   84.36647  19.7%  10.1  245s
  8778  4089   93.00000   76  185  105.00000   84.36647  19.7%  10.5  252s
  8960  4172   95.00000   79  182  105.00000   84.36647  19.7%  10.8  261s
  9065  4163  100.00000   80  208  105.00000   84.36647  19.7%  11.0  265s
H 9066  3878                     104.0000000   84.36647  18.9%  11.0  265s
H 9099  3650                     103.0000000   84.36647  18.1%  11.1  265s
  9249  3591   93.00000   82  181  103.00000   84.36647  18.1%  11.6  273s
  9325  4030   93.00000   83  179  103.00000   84.36647  18.1%  12.2  275s
  9904  3884  101.00000   92  174  103.00000   84.36647  18.1%  12.4  280s
*10455  4307             153     103.0000000   84.36647  18.1%  12.7  282s
 11782  4900 infeasible  120       103.00000   84.36647  18.1%  12.6  330s
H11786  4407                     102.0000000   84.36647  17.3%  12.6  330s
H11786  4154                     101.0000000   84.36647  16.5%  12.6  330s
H11790  3957                     100.0000000   84.36647  15.6%  12.6  330s
H11792  1916                      93.0000000   84.36647  9.28%  12.6  330s
 11839  1829 infeasible   23        93.00000   84.36647  9.28%  12.7  336s
 11982  1830   87.00000   25  168   93.00000   84.36647  9.28%  13.3  343s
 12074  1872   88.00000   27  175   93.00000   84.36647  9.28%  14.0  348s
 12151  1912   91.00000   29  175   93.00000   84.36647  9.28%  14.4  352s
 12246  1968   91.00000   30  175   93.00000   84.36647  9.28%  14.8  362s
 12352  2021   91.00000   31  171   93.00000   84.36647  9.28%  15.1  367s
 12454  2082   91.00000   32  169   93.00000   84.36647  9.28%  15.4  371s
*12479  2061              75      93.0000000   84.36647  9.28%  15.4  371s
 12604  2064   84.36647   25  157   93.00000   84.36647  9.28%  15.6  377s
 12715  2088 infeasible   26        93.00000   84.36647  9.28%  16.0  382s
 12811  2109   84.36647   27  159   93.00000   84.36647  9.28%  16.4  388s
 12916  2893   84.36647   29  235   93.00000   84.36647  9.28%  16.7  391s
 15362  3210 infeasible   26        93.00000   84.36647  9.28%  16.2  399s
 15497  3198     cutoff   24        93.00000   84.36647  9.28%  16.7  405s
 15588  3465   90.00000   42  305   93.00000   84.36647  9.28%  17.3  411s
 16229  3394 infeasible   63        93.00000   84.36647  9.28%  17.3  419s
 16358  3825   92.00000   20  437   93.00000   84.36647  9.28%  17.9  424s
 17671  3773 infeasible   35        93.00000   84.36647  9.28%  18.2  430s
 19377  4381 infeasible   36        93.00000   84.36647  9.28%  18.2  442s
 19520  4950 infeasible   34        93.00000   84.36647  9.28%  18.6  447s
 21101  4861 infeasible   42        93.00000   84.36647  9.28%  18.5  456s
 21238  5253   92.00000   39  133   93.00000   85.00000  8.60%  18.9  460s
 22306  5595 infeasible   33        93.00000   85.00000  8.60%  18.7  466s
 23581  5620 infeasible   46        93.00000   85.00000  8.60%  18.6  474s
 23689  6259   92.00000   50   87   93.00000   85.00000  8.60%  18.8  477s
*25224  4398             150      92.0000000   85.00000  7.61%  18.5  477s
 25611  4241   86.00000   34  211   92.00000   85.00000  7.61%  18.4  481s
 27046  4103 infeasible   39        92.00000   86.00000  6.52%  18.4  492s
 27225  4521   87.00000   34  205   92.00000   86.00000  6.52%  18.7  496s
*29045  4496              83      92.0000000   86.00000  6.52%  18.7  496s
 29160  4431   91.00000   59   69   92.00000   86.00000  6.52%  18.7  511s
 29166  4438   86.00000   26   58   92.00000   86.00000  6.52%  18.9  515s
 29178  4446   86.00000   29   54   92.00000   86.00000  6.52%  18.9  521s
 29204  4443   86.00000   31  128   92.00000   86.00000  6.52%  19.0  526s
 29222  4453 infeasible   32        92.00000   86.00000  6.52%  19.1  531s
 29309  4487   87.00000   34  192   92.00000   86.00000  6.52%  19.2  540s
 29340  4469 infeasible   36        92.00000   86.00000  6.52%  19.6  547s
 29381  4450   89.00000   37   99   92.00000   86.00000  6.52%  19.9  554s
 29418  4437   89.00000   38   99   92.00000   86.00000  6.52%  20.2  558s
 29459  4421   89.00000   39   86   92.00000   86.00000  6.52%  20.3  560s
 29552  4410   89.00000   41  107   92.00000   86.00000  6.52%  20.4  566s
 29760  4449   90.00000   48  126   92.00000   86.00000  6.52%  20.6  583s
 29808  4442   90.00000   49  135   92.00000   86.00000  6.52%  20.6  586s
 29931  4447   90.00000   52  151   92.00000   86.00000  6.52%  20.7  592s
 30318  4512 infeasible   66        92.00000   86.00000  6.52%  20.7  598s
 30554  4494   89.00000   51   96   92.00000   86.00000  6.52%  20.9  606s
 30701  4580   89.00000   53   97   92.00000   86.00000  6.52%  21.2  613s
 30912  4458   90.00000   59  107   92.00000   86.00000  6.52%  21.2  615s
 31264  4438   91.00000   69   81   92.00000   86.00000  6.52%  21.3  621s
 31364  4596     cutoff   70        92.00000   86.00000  6.52%  21.3  625s
 31663  4425     cutoff   79        92.00000   86.00000  6.52%  21.3  630s
 32195  4390 infeasible   77        92.00000   86.00000  6.52%  21.3  637s
 32773  4367 infeasible   42        92.00000   86.00000  6.52%  21.3  642s
 32870  4634   89.00000   40  104   92.00000   86.00000  6.52%  21.4  645s
 33488  4816   89.00000   70  168   92.00000   86.00000  6.52%  21.4  650s
 34437  4652   87.00000   39  100   92.00000   87.00000  5.43%  21.3  656s
 34961  4376   91.00000   42  102   92.00000   87.00000  5.43%  21.1  660s
 35838  4361 infeasible   50        92.00000   87.00000  5.43%  21.1  669s
 35980  4670   90.00000   43  127   92.00000   89.00000  3.26%  21.2  671s
 37006  4757   90.00000   43  100   92.00000   89.00000  3.26%  20.9  675s
 39207  3811 infeasible   60        92.00000   89.00000  3.26%  20.4  681s
 39471  3632 infeasible   61        92.00000   89.00000  3.26%  20.5  687s
 39670  4025     cutoff   74        92.00000   89.00000  3.26%  20.5  690s
 42978  3388 infeasible   96        92.00000   89.00000  3.26%  19.8  700s
 43279  3346 infeasible   43        92.00000   89.00000  3.26%  19.8  719s
H43301  1611                      91.0000000   89.00000  2.20%  19.9  719s
 43371  1368 infeasible   44        91.00000   89.00000  2.20%  19.9  725s
 43639  1170 infeasible   52        91.00000   89.00000  2.20%  20.1  730s
 44209   957 infeasible   60        91.00000   89.00000  2.20%  20.3  738s
 44484   921 infeasible   61        91.00000   89.00000  2.20%  20.4  766s
H44496   921                      90.9999993   89.00000  2.20%  20.4  766s
H44530   921                      90.9999993   89.00000  2.20%  20.4  766s
 44923   500   90.00000   64   46   91.00000   89.00000  2.20%  20.3  774s
 45343   221     cutoff   61        91.00000   90.00000  1.10%  20.3  779s
 45903   106     cutoff   61        91.00000   90.00000  1.10%  20.3  783s
 46191    21 infeasible   64        91.00000   90.00000  1.10%  20.3  786s
 46387    18     cutoff   57        91.00000   90.00000  1.10%  20.2  790s
 46522     2     cutoff   60        91.00000   90.00000  1.10%  20.2  796s

Cutting planes:
  Learned: 1
  MIR: 1
  RLT: 1

Explored 46563 nodes (1116438 simplex iterations) in 798.01 seconds (39.58 work units)
Thread count was 32 (of 32 available processors)

Solution count 10: 91 91 91 ... 101

Optimal solution found (tolerance 1.00e-04)
Best objective 9.100000000000e+01, best bound 9.100000000000e+01, gap 0.0000%

Wrote result file 'RCPSP_848.sol'

