
Gurobi 10.0.3 (linux64, gurobi_cl) logging started Thu Nov  9 11:47:19 2023

Set parameter Username
Set parameter TimeLimit to value 3600
Set parameter LogFile to value "RCPSP_1059.log"
Set parameter Threads to value 32
Academic license - for non-commercial use only - expires 2024-11-06
Using license file /home/jrivera6/gurobi-licenses/v1003/compute-0-36/gurobi.lic

Gurobi Optimizer version 10.0.3 build v10.0.3rc0 (linux64)
Copyright (c) 2023, Gurobi Optimization, LLC

Read MPS format model from file RCPSP_1059.mps
Reading time = 0.18 seconds
RCPSP_1059: 42919 rows, 17020 columns, 151024 nonzeros

CPU model: Intel(R) Xeon(R) Gold 6130 CPU @ 2.10GHz, instruction set [SSE2|AVX|AVX2|AVX512]
Thread count: 32 physical cores, 32 logical processors, using up to 32 threads

Optimize a model with 42919 rows, 17020 columns and 151024 nonzeros
Model fingerprint: 0xc6f33a67
Variable types: 92 continuous, 16928 integer (16928 binary)
Coefficient statistics:
  Matrix range     [1e+00, 5e+02]
  Objective range  [1e+00, 1e+00]
  Bounds range     [1e+00, 1e+00]
  RHS range        [1e+00, 5e+02]
Presolve removed 7535 rows and 1844 columns
Presolve time: 3.14s
Presolved: 35384 rows, 15176 columns, 130201 nonzeros
Variable types: 91 continuous, 15085 integer (15085 binary)

Deterministic concurrent LP optimizer: primal and dual simplex (primal and dual model)
Showing first log only...

Root relaxation presolved: 35384 rows, 15176 columns, 130201 nonzeros

Concurrent spin time: 0.38s

Solved with dual simplex (dual model)

Root relaxation: objective 8.800000e+01, 17082 iterations, 1.73 seconds (0.17 work units)

    Nodes    |    Current Node    |     Objective Bounds      |     Work
 Expl Unexpl |  Obj  Depth IntInf | Incumbent    BestBd   Gap | It/Node Time

     0     0   88.00000    0   23          -   88.00000      -     -    7s
     0     0   88.00000    0  981          -   88.00000      -     -   27s
     0     0   88.00000    0  981          -   88.00000      -     -   28s
     0     0   88.00000    0  979          -   88.00000      -     -   28s
     0     0   88.00000    0  967          -   88.00000      -     -   29s
H    0     0                      88.0000000   88.00000  0.00%     -   36s
     0     0   88.00000    0   10   88.00000   88.00000  0.00%     -   36s

Cutting planes:
  Gomory: 100
  Cover: 11
  Implied bound: 52
  MIR: 531
  StrongCG: 9
  RLT: 714
  Relax-and-lift: 274

Explored 1 nodes (27304 simplex iterations) in 36.92 seconds (5.07 work units)
Thread count was 32 (of 32 available processors)

Solution count 1: 88 

Optimal solution found (tolerance 1.00e-04)
Best objective 8.800000000000e+01, best bound 8.800000000000e+01, gap 0.0000%

Wrote result file 'RCPSP_1059.sol'

