
Gurobi 10.0.3 (linux64, gurobi_cl) logging started Thu Nov  9 12:54:00 2023

Set parameter Username
Set parameter TimeLimit to value 3600
Set parameter LogFile to value "RCPSP_1416.log"
Set parameter Threads to value 32
Academic license - for non-commercial use only - expires 2024-10-30
Using license file /home/jrivera6/gurobi-licenses/v1003/compute-0-37/gurobi.lic

Gurobi Optimizer version 10.0.3 build v10.0.3rc0 (linux64)
Copyright (c) 2023, Gurobi Optimization, LLC

Read MPS format model from file RCPSP_1416.mps
Reading time = 0.05 seconds
RCPSP_1416: 42975 rows, 17020 columns, 159179 nonzeros

CPU model: Intel(R) Xeon(R) Gold 6242 CPU @ 2.80GHz, instruction set [SSE2|AVX|AVX2|AVX512]
Thread count: 32 physical cores, 32 logical processors, using up to 32 threads

Optimize a model with 42975 rows, 17020 columns and 159179 nonzeros
Model fingerprint: 0x746eae59
Variable types: 92 continuous, 16928 integer (16928 binary)
Coefficient statistics:
  Matrix range     [1e+00, 5e+02]
  Objective range  [1e+00, 1e+00]
  Bounds range     [1e+00, 1e+00]
  RHS range        [1e+00, 5e+02]
Presolve removed 8071 rows and 2100 columns
Presolve time: 3.25s
Presolved: 34904 rows, 14920 columns, 135856 nonzeros
Variable types: 91 continuous, 14829 integer (14829 binary)

Deterministic concurrent LP optimizer: primal and dual simplex (primal and dual model)
Showing first log only...

Root relaxation presolved: 34904 rows, 14920 columns, 135856 nonzeros

Concurrent spin time: 0.54s

Solved with dual simplex (dual model)

Root relaxation: objective 8.300000e+01, 17064 iterations, 1.25 seconds (0.16 work units)
Total elapsed time = 6.41s

    Nodes    |    Current Node    |     Objective Bounds      |     Work
 Expl Unexpl |  Obj  Depth IntInf | Incumbent    BestBd   Gap | It/Node Time

     0     0   83.00000    0  128          -   83.00000      -     -    8s
     0     0   83.00000    0  846          -   83.00000      -     -   18s
     0     0   83.00000    0  842          -   83.00000      -     -   18s
     0     0   83.00000    0  644          -   83.00000      -     -   18s
     0     0   83.00000    0  631          -   83.00000      -     -   19s
     0     0   83.00000    0   44          -   83.00000      -     -   28s
     0     0   83.00000    0  251          -   83.00000      -     -   30s
     0     0   83.00000    0   58          -   83.00000      -     -   36s
     0     0   83.00000    0   64          -   83.00000      -     -   38s
     0     0   83.00000    0   58          -   83.00000      -     -   44s
     0     0   83.00000    0  210          -   83.00000      -     -   46s
     0     0   83.00000    0  206          -   83.00000      -     -   46s
     0     0   83.00000    0  116          -   83.00000      -     -   52s
     0     0   83.00000    0  147          -   83.00000      -     -   56s
     0     0   83.00000    0  136          -   83.00000      -     -   63s
H    0     0                     495.0000000   83.00000  83.2%     -   64s
     0     0   83.00000    0   34  495.00000   83.00000  83.2%     -   66s
H    0     0                     358.0000000   83.00000  76.8%     -   73s
H    0     2                     324.0000000   83.00000  74.4%     -   86s
     0     2   83.00000    0   32  324.00000   83.00000  74.4%     -   86s
     1     3   83.00000    1   34  324.00000   83.00000  74.4%   979   92s
     3     6   83.00000    2  155  324.00000   83.00000  74.4%   467  100s
     6    11   83.00000    3  274  324.00000   83.00000  74.4%   366  109s
    11    11   92.00000    3  446  324.00000   83.00000  74.4%   380  110s
    12    14   83.00000    4  317  324.00000   83.00000  74.4%   413  124s
    23    17   83.00000    5  367  324.00000   83.00000  74.4%   502  145s
H   37    26                     298.0000000   83.00000  72.1%   465  175s
H   38    26                     286.0000000   83.00000  71.0%   454  175s
H   54    39                     277.0000000   83.00000  70.0%   388  404s
H   55    39                     257.0000000   83.00000  67.7%   400  404s
H   59    39                     232.0000000   83.00000  64.2%   416  404s
    80    52   83.00000    8  482  232.00000   83.00000  64.2%   469  662s
   112    69   83.00000    9  488  232.00000   83.00000  64.2%   506  684s
H  144    86                     170.0000000   83.00000  51.2%   416 2809s
   146    86   86.00000   10  809  170.00000   83.00000  51.2%   464 2904s
   147    86   83.00000   10   70  170.00000   83.00000  51.2%   504 2931s
H  149    86                     165.0000000   83.00000  49.7%   497 2975s
   151    86   85.00000   10  502  165.00000   83.00000  49.7%   491 2984s
H  156    86                     164.0000000   83.00000  49.4%   515 3027s
H  161    86                     161.0000000   83.00000  48.4%   561 3115s
   163    86   83.00000   10   40  161.00000   83.00000  48.4%   596 3194s
H  164    86                     160.0000000   83.00000  48.1%   592 3223s
   169    86  102.00000   10 1098  160.00000   83.00000  48.1%   584 3328s
   176   134   83.00000   11  166  160.00000   83.00000  48.1%   643 4514s

Cutting planes:
  Gomory: 9
  Lift-and-project: 6
  Cover: 149
  Implied bound: 370
  MIR: 927
  StrongCG: 8
  RLT: 709
  Relax-and-lift: 448

Explored 230 nodes (192210 simplex iterations) in 4545.91 seconds (60.96 work units)
Thread count was 32 (of 32 available processors)

Solution count 10: 160 161 164 ... 298

Time limit reached
Best objective 1.600000000000e+02, best bound 8.300000000000e+01, gap 48.1250%

Wrote result file 'RCPSP_1416.sol'

