
Gurobi 10.0.3 (linux64, gurobi_cl) logging started Thu Nov  9 17:31:50 2023

Set parameter Username
Set parameter TimeLimit to value 3600
Set parameter LogFile to value "RCPSP_1366.log"
Set parameter Threads to value 32
Academic license - for non-commercial use only - expires 2024-11-06
Using license file /home/jrivera6/gurobi-licenses/v1003/compute-0-36/gurobi.lic

Gurobi Optimizer version 10.0.3 build v10.0.3rc0 (linux64)
Copyright (c) 2023, Gurobi Optimization, LLC

Read MPS format model from file RCPSP_1366.mps
Reading time = 0.10 seconds
RCPSP_1366: 42975 rows, 17020 columns, 151080 nonzeros

CPU model: Intel(R) Xeon(R) Gold 6130 CPU @ 2.10GHz, instruction set [SSE2|AVX|AVX2|AVX512]
Thread count: 32 physical cores, 32 logical processors, using up to 32 threads

Optimize a model with 42975 rows, 17020 columns and 151080 nonzeros
Model fingerprint: 0x0f8fcef2
Variable types: 92 continuous, 16928 integer (16928 binary)
Coefficient statistics:
  Matrix range     [1e+00, 5e+02]
  Objective range  [1e+00, 1e+00]
  Bounds range     [1e+00, 1e+00]
  RHS range        [1e+00, 5e+02]
Presolve removed 8173 rows and 1694 columns (presolve time = 5s) ...
Presolve removed 8173 rows and 1694 columns (presolve time = 10s) ...
Presolve removed 13248 rows and 3680 columns
Presolve time: 10.74s
Presolved: 29727 rows, 13340 columns, 108746 nonzeros
Variable types: 91 continuous, 13249 integer (13249 binary)
Deterministic concurrent LP optimizer: primal and dual simplex
Showing first log only...


Root simplex log...

Iteration    Objective       Primal Inf.    Dual Inf.      Time
       0    8.7261031e+01   7.890365e-02   2.474356e+08     12s
Concurrent spin time: 0.01s

Solved with dual simplex

Root simplex log...

Iteration    Objective       Primal Inf.    Dual Inf.      Time
    4043    8.6000000e+01   0.000000e+00   0.000000e+00     12s

Root relaxation: objective 8.600000e+01, 4043 iterations, 0.71 seconds (0.11 work units)
Total elapsed time = 15.45s

    Nodes    |    Current Node    |     Objective Bounds      |     Work
 Expl Unexpl |  Obj  Depth IntInf | Incumbent    BestBd   Gap | It/Node Time

     0     0   86.00000    0  341          -   86.00000      -     -   18s
     0     0   88.00000    0  325          -   88.00000      -     -   18s
     0     0   88.00000    0  862          -   88.00000      -     -   43s
     0     0   88.00000    0  732          -   88.00000      -     -   46s
     0     0   88.00000    0  734          -   88.00000      -     -   49s
     0     0   88.00000    0  723          -   88.00000      -     -   50s
     0     0   88.00000    0  797          -   88.00000      -     -   67s
     0     0   88.00000    0  781          -   88.00000      -     -   67s
     0     0   88.00000    0  474          -   88.00000      -     -   84s
     0     0   88.00000    0  487          -   88.00000      -     -   84s
     0     0   88.00000    0  695          -   88.00000      -     -   89s
     0     0   88.00000    0  429          -   88.00000      -     -  106s
     0     0   88.00000    0  747          -   88.00000      -     -  109s
     0     0   88.00000    0  740          -   88.00000      -     -  109s
     0     0   88.00000    0  452          -   88.00000      -     -  129s
     0     0   89.00000    0  567          -   89.00000      -     -  131s
     0     0   89.00000    0  555          -   89.00000      -     -  132s
     0     0   89.00000    0  555          -   89.00000      -     -  132s
     0     0   89.00000    0  549          -   89.00000      -     -  132s
     0     0   89.00000    0  557          -   89.00000      -     -  144s
     0     0   89.00000    0  553          -   89.00000      -     -  145s
     0     0   89.00000    0  815          -   89.00000      -     -  153s
     0     0   89.00000    0  783          -   89.00000      -     -  153s
     0     0   89.00000    0  868          -   89.00000      -     -  157s
     0     0   89.00000    0  790          -   89.00000      -     -  158s
     0     0   89.00000    0  538          -   89.00000      -     -  176s
     0     0   89.00000    0  526          -   89.00000      -     -  176s
     0     0   89.00000    0  934          -   89.00000      -     -  180s
     0     0   89.00000    0  928          -   89.00000      -     -  180s
     0     0   89.00206    0  653          -   89.00206      -     -  205s
     0     0   89.00777    0  781          -   89.00777      -     -  212s
     0     0   89.00777    0  777          -   89.00777      -     -  213s
     0     0   89.00777    0  798          -   89.00777      -     -  214s
     0     0   89.00777    0  796          -   89.00777      -     -  214s
     0     0   89.00777    0  904          -   89.00777      -     -  219s
     0     0   89.00777    0  897          -   89.00777      -     -  219s
     0     0   89.25162    0  901          -   89.25162      -     -  227s
     0     0   89.25162    0  922          -   89.25162      -     -  229s
     0     0   89.25162    0  846          -   89.25162      -     -  229s
     0     0   89.25162    0  928          -   89.25162      -     -  237s
     0     0   89.25162    0  912          -   89.25162      -     -  237s
     0     0   89.26512    0  912          -   89.26512      -     -  242s
     0     0   89.26512    0  855          -   89.26512      -     -  243s
     0     0   89.26512    0  817          -   89.26512      -     -  244s
     0     0   89.26512    0  806          -   89.26512      -     -  244s
     0     0   89.26512    0  887          -   89.26512      -     -  257s
     0     0   89.26512    0  851          -   89.26512      -     -  258s
     0     0   89.26512    0  850          -   89.26512      -     -  267s
     0     0   89.26512    0  561          -   89.26512      -     -  419s
     0     0   89.26512    0  649          -   89.26512      -     -  420s
     0     0   89.26512    0  934          -   89.26512      -     -  457s
     0     0   89.26512    0  926          -   89.26512      -     -  457s
     0     0   89.26512    0  903          -   89.26512      -     -  462s
     0     0   89.26512    0  891          -   89.26512      -     -  462s
     0     0   89.26512    0  439          -   89.26512      -     -  478s
     0     0   89.26512    0  481          -   89.26512      -     -  479s
     0     0   89.26512    0  482          -   89.26512      -     -  479s
     0     0   89.26512    0  680          -   89.26512      -     -  486s
     0     0   90.78877    0  742          -   90.78877      -     -  492s
     0     0   90.78877    0  669          -   90.78877      -     -  492s
     0     0   90.79995    0  708          -   90.79995      -     -  494s
     0     0   90.79995    0  688          -   90.79995      -     -  495s
     0     0   90.79995    0  678          -   90.79995      -     -  495s
     0     0   90.79995    0  755          -   90.79995      -     -  497s
     0     0   90.79995    0  718          -   90.79995      -     -  497s
     0     0   90.79995    0  719          -   90.79995      -     -  497s
     0     0   91.91473    0  733          -   91.91473      -     -  506s
     0     0   91.91722    0  659          -   91.91722      -     -  507s
     0     0   91.91722    0  702          -   91.91722      -     -  510s
     0     0   91.92355    0  765          -   91.92355      -     -  515s
     0     0   91.92355    0  826          -   91.92355      -     -  516s
     0     0   91.92355    0  757          -   91.92355      -     -  516s
     0     0   91.98992    0  683          -   91.98992      -     -  517s
     0     0   91.99705    0  671          -   91.99705      -     -  519s
     0     0   91.99705    0  756          -   91.99705      -     -  519s
     0     0   91.99705    0  709          -   91.99705      -     -  523s
     0     0   91.99705    0  716          -   91.99705      -     -  524s
     0     0   91.99705    0  674          -   91.99705      -     -  524s
     0     0   91.99848    0  724          -   91.99848      -     -  528s
     0     0   91.99848    0  716          -   91.99848      -     -  531s
     0     0   91.99848    0  849          -   91.99848      -     -  537s
     0     0   91.99848    0  792          -   91.99848      -     -  538s
     0     0   91.99848    0  790          -   91.99848      -     -  538s
     0     0   91.99848    0  734          -   91.99848      -     -  547s
     0     0   91.99848    0  705          -   91.99848      -     -  547s
     0     0   91.99848    0  737          -   91.99848      -     -  548s
     0     0   91.99848    0  736          -   91.99848      -     -  549s
     0     0   91.99848    0  788          -   91.99848      -     -  558s
     0     0   91.99848    0  719          -   91.99848      -     -  558s
     0     0   91.99848    0  798          -   91.99848      -     -  561s
     0     0   91.99848    0  748          -   91.99848      -     -  561s
     0     0   92.06728    0  516          -   92.06728      -     -  573s
     0     0   92.06728    0  508          -   92.06728      -     -  573s
     0     0   92.06728    0  508          -   92.06728      -     -  573s
     0     0   92.07258    0  790          -   92.07258      -     -  576s
     0     0   92.07258    0  783          -   92.07258      -     -  576s
     0     0   92.07258    0  681          -   92.07258      -     -  579s
     0     0   92.07258    0  651          -   92.07258      -     -  579s
     0     0   92.07258    0  771          -   92.07258      -     -  583s
     0     0   92.07258    0  759          -   92.07258      -     -  584s
     0     0   92.07258    0  811          -   92.07258      -     -  586s
     0     0   92.07258    0  764          -   92.07258      -     -  587s
     0     0   92.07258    0  875          -   92.07258      -     -  593s
     0     0   92.07258    0  844          -   92.07258      -     -  594s
     0     0   92.07258    0  805          -   92.07258      -     -  598s
     0     0   92.07258    0  516          -   92.07258      -     -  612s
     0     0   92.07258    0  816          -   92.07258      -     -  622s
     0     0   92.07258    0  499          -   92.07258      -     -  635s
     0     0   92.07258    0  746          -   92.07258      -     -  638s
     0     0   92.07258    0  735          -   92.07258      -     -  638s
     0     0   92.07258    0  557          -   92.07258      -     -  648s
     0     0   92.07258    0  590          -   92.07258      -     -  649s
     0     0   92.07258    0  537          -   92.07258      -     -  649s
     0     0   92.07258    0  384          -   92.07258      -     -  660s
     0     2   92.07258    0  267          -   92.07258      -     -  689s
     1     5   95.96393    1  585          -   92.08236      -  4655  696s
     3     8   95.96393    2  529          -   92.32673      -  1722  700s
    15    28  104.96393    4  630          -   95.00000      -   484  719s
    29    50  104.96393    5  752          -   95.96393      -  1055  732s
    57    77  104.96393    6  891          -   95.96393      -  1098  742s
    89   102  104.96393    7  879          -   95.96393      -  1043  747s
   121   129  104.96393    8  879          -   95.96393      -   792  751s
   153   157  104.96393    9  858          -   95.96393      -   636  755s
   185   193  104.96393   10  856          -   95.96393      -   540  761s
   225   232  104.96393   11  847          -   95.96393      -   459  766s
   270   272  104.96393   12  831          -   95.96393      -   391  773s
   313   317  104.96393   13  825          -   95.96393      -   348  777s
   359   362  104.96393   14  835          -   95.96393      -   310  782s
   405   411  104.96393   15  781          -   95.96393      -   283  787s
   457   465  104.96393   16  788          -   95.96393      -   259  792s
   512   522  104.96393   17  816          -   95.96393      -   237  796s
   569   582  104.96393   18  816          -   95.96393      -   218  801s
   631   641  104.96393   20  770          -   95.96393      -   202  807s
   690   708  104.96393   21  772          -   95.96393      -   191  813s
   757   777  104.96393   22  786          -   95.96393      -   179  816s
   826   857  104.96393   23  779          -   95.96393      -   168  822s
   906   941  104.96393   24  779          -   95.96393      -   157  828s
   990  1025  104.96393   26  809          -   95.96393      -   148  833s
  1075  1134  104.96393   28  820          -   95.96393      -   141  838s
  1185  1280  104.96393   31  808          -   95.96393      -   131  843s
  1333  1439  104.96393   33  762          -   95.96393      -   121  850s
  1495  1568  104.96393   34  793          -   95.96393      -   113  857s
  1642  1702  104.96393   35  793          -   95.96393      -   108  876s
  1808  1783  104.96393   41  810          -   95.96393      -   106  893s
  1898  1906  104.96393   42  798          -   95.96393      -   113  905s
  2027  2063  104.96393   44  819          -   95.96393      -   112  915s
  2194  2259  104.96393   45  816          -   95.96393      -   110  926s
  2404  2445  104.96393   47  829          -   95.96393      -   106  935s
  2603  2527  104.96393   48  830          -   95.96393      -   104  951s
  2709  2627  104.96393   52  737          -   95.96393      -   108 1012s
  2823  2798  104.96393   53  780          -   95.96393      -   111 1021s
  3002  3023  104.96393   54  758          -   95.96393      -   111 1031s
  3248  3246  104.96393   56  890          -   95.96393      -   107 1043s
  3524  3394  104.96393   57  907          -   95.96393      -   104 1053s
  3705  3594  104.96393   58  836          -   95.96393      -   106 1063s
  3944  3803  104.96393   61  826          -   95.96393      -   105 1073s
  4178  4078  104.96393   64  817          -   95.96393      -   105 1086s
  4488  4324  104.96393   67  840          -   95.96393      -   103 1106s
  4790  4527  104.96393   69  888          -   95.96393      -   102 1125s
  5060  4766  104.96393   74  850          -   95.96393      -   103 1138s
  5332  5050  104.96393   75  811          -   95.96393      -   103 1157s
  5704  5312  104.96393   78  870          -   95.96393      -   101 1177s
  6034  5581  104.96393   79  877          -   95.96393      -   100 1227s
  6387  5804  104.96393   81  851          -   95.96393      -   100 1247s
  6667  6025  104.96393   84  919          -   95.96393      -   102 1268s
  6980  6349  104.96393   85  923          -   95.96393      -   103 1317s
  7335  6350  112.00000   95  850          -   95.96393      -   103 1395s
  7337  6351  100.00000   55  322          -   95.96393      -   103 1475s
  7338  6352  133.00000  130  892          -   95.96393      -   103 1481s
  7339  6353  105.00000   59  758          -   95.96393      -   103 1487s
  7341  6354  102.00000   51  837          -   95.96393      -   103 1490s
  7342  6355  104.96393   69  925          -   95.96393      -   103 1495s
  7343  6355  113.00000   44  856          -   95.96393      -   103 1500s
  7344  6356  105.00000   71  979          -   95.96393      -   103 1517s
  7345  6357  106.00000   30  930          -   95.96393      -   103 1520s
  7346  6357   98.96393  102  653          -   95.96393      -   103 1528s
  7347  6358  104.00000   22  730          -   95.96393      -   103 1531s
  7348  6359  119.00000  192  523          -   95.96393      -   103 1539s
  7349  6359  104.00000  111  697          -   95.96393      -   103 1540s
  7353  6362  105.00000  106  826          -   95.96393      -   103 1545s
  7357  6365  110.00000  135  937          -   95.96393      -   103 1551s
  7359  6366  116.00000  159  866          -   95.96393      -   103 1564s
  7360  6367  113.00000   75  907          -   95.96393      -   103 1569s
  7361  6367  107.00000   98  930          -   95.96393      -   103 1574s
  7362  6368  109.34421   45  907          -   95.96393      -   103 1578s
  7363  6369   98.00000   60  965          -   95.96393      -   103 1582s
  7364  6369  112.00000  138  908          -   95.96393      -   103 1586s
  7365  6370  119.00000  130  889          -   95.96393      -   103 1592s
  7366  6371  105.00000   87  934          -   95.96393      -   103 1595s
  7368  6372  104.96393   78  973          -   95.96393      -   103 1604s
  7369  6373  116.00000   27  992          -   95.96393      -   103 1608s
  7370  6373  107.00000   51  997          -   95.96393      -   103 1616s
  7371  6374  105.00000   68 1045          -   95.96393      -   103 1628s
  7372  6375  105.00000   71 1034          -   95.96393      -   103 1633s
  7373  6375  112.00000   10 1058          -   95.96393      -   103 1639s
  7374  6376  104.96393   47 1081          -   95.96393      -   103 1647s
  7375  6377   98.96393   90 1036          -   95.96393      -   103 1653s
  7376  6377  104.00000   19  465          -   95.96393      -   103 1657s
  7377  6378   98.96393   84  465          -   95.96393      -   103 1664s
  7378  6382   95.96393   14  344          -   95.96393      -   130 1728s
  7380  6385   95.96393   15  418          -   95.96393      -   130 1768s
  7384  6392   95.96393   16  420          -   95.96393      -   130 1785s
  7392  6405   95.96393   17  536          -   95.96393      -   130 1808s
  7408  6432   95.96393   18  519          -   95.96393      -   130 1834s
  7440  6453   95.96393   19  507          -   95.96393      -   130 1842s
  7472  6474   95.96393   19  516          -   95.96393      -   129 1849s
  7504  6496   95.96393   20  500          -   95.96393      -   129 1853s
  7536  6517  107.97205   20  576          -   95.96393      -   128 1861s
  7568  6538   95.96393   21  505          -   95.96393      -   128 1871s
  7724  6703   98.96393   23  496          -   95.96393      -   126 1875s
  8016  6834   98.96393   27  489          -   95.96393      -   122 1887s
  8268  7073   98.96393   29  546          -   95.96393      -   119 1890s
  8700  7368   98.96393   34  557          -   95.96393      -   114 1896s
  9063  7614   98.96393   37  575          -   95.96393      -   110 1900s
  9454  7874   98.96393   41  521          -   95.96393      -   107 1905s
  9596  7839   98.96393   43  519          -   95.96393      -   105 1926s
  9629  7895  102.96393   43  521          -   95.96393      -   105 1941s
  9762  7975  107.00000   45  457          -   95.96393      -   104 1960s
 10241  8298   98.96393   50  519          -   95.96393      -   101 1969s
 10438  8430   98.96393   52  594          -   95.96393      -  99.1 1972s
 10851  8652   98.96393   56  719          -   95.96393      -  96.3 1976s
 11056  8593 infeasible   58               -   95.96393      -  95.0 2017s
 11089  8578   98.96393   59  726          -   95.96393      -  95.0 2084s
 11165  8575   98.96393   59  748          -   95.96393      -  94.6 2142s
 11198  8685   98.96393   60  794          -   95.96393      -  95.5 2145s
 11362  8836  100.92421   60  796          -   95.96393      -  95.1 2161s
 11844  9147   98.96393   62  829          -   95.96393      -  92.6 2167s
 12102  9332   98.96393   64  756          -   95.96393      -  91.3 2183s
 12406  9331   98.96817   65  861          -   95.96393      -  89.7 2188s
 12516  9441   99.00000   66 1008          -   95.96393      -  90.5 2194s
 12703  9558   99.00000   66  956          -   95.96393      -  90.1 2199s
 12927  9660   99.00527   67 1000          -   95.96393      -  89.4 2207s
 13142  9768   99.00000   69  934          -   95.96393      -  88.8 2233s
 13377  9910   99.00000   72  920          -   95.96393      -  88.3 2255s
 13642 10062  102.00000   75  887          -   95.96393      -  87.6 2260s
 13933  9946 infeasible   78               -   95.96393      -  86.6 2319s
 13979  9978 infeasible   78               -   95.96393      -  86.8 2347s
 14159 10067   95.96393   20  822          -   95.96393      -  87.9 2374s
 14344 10160   98.97205   24  742          -   95.96393      -  88.0 2388s
 14550 10268   98.97205   27  756          -   95.96393      -  88.0 2395s
 14763 10395   98.97205   28  756          -   95.96393      -  87.8 2408s
 15009 10570   98.97205   32  725          -   95.96393      -  87.4 2420s
 15305 10749   98.97205   34  684          -   95.96393      -  86.8 2432s
 15629 10621 infeasible   41               -   95.96393      -  86.0 2482s
 15677 10646 infeasible   41               -   95.96393      -  86.5 2503s
 15865 10650   99.48487   61  914          -   95.96393      -  87.6 2514s
 15933 10752   99.77205   62  912          -   95.96393      -  89.6 2520s
 16070 10718 infeasible   64               -   95.96393      -  90.0 2570s
 16114 10788  102.77205   64  767          -   95.96393      -  90.6 2593s
 16267 10941  102.77205   70  784          -   95.96393      -  91.7 2602s
 16482 10897  102.77205   75  868          -   95.96393      -  92.0 2647s
 16530 11064  102.77205   76  846          -   95.96393      -  92.6 2662s
 16739 11224  107.80000   81  720          -   95.96393      -  93.0 2671s
 16996 11138 infeasible   93               -   95.96393      -  93.1 2728s
 17045 11221   98.96393   66  895          -   95.96393      -  94.1 2749s
 17163 11182 infeasible   76               -   95.96393      -  94.9 2750s
 17212 11372   98.96393   69  912          -   95.96393      -  95.3 2761s
 17445 11301   99.96393   71  761          -   95.96393      -  96.3 2808s
 17494 11434   99.96393   72  768          -   95.96393      -  97.1 2838s
 17699 11663  100.20000   74  732          -   95.96393      -  98.6 2850s
 18019 11572  100.20000   77  730          -   95.96393      -  98.3 2890s
 18072 11768  100.20000   82  751          -   95.96393      -  99.0 2919s
 18355 11941  100.20000   85  737          -   95.96393      -  99.4 2939s
 18663 11862  106.00000   92  784          -   95.96393      -   100 2998s
 18715 12037  104.20000   91  771          -   95.96393      -   100 3032s
 18954 12145 infeasible   99               -   95.96393      -   101 3060s
 19150 12270  107.00000  102  835          -   95.96393      -   103 3086s
 19371 12205  109.00000  100  788          -   95.96393      -   104 3148s
 19422 12400  107.00000  100  778          -   95.96393      -   105 3168s
 19663 12617  110.00000  104  689          -   95.96393      -   106 3185s
 19985 12496 infeasible  113               -   95.96393      -   106 3248s
 20056 12788 infeasible  113               -   95.96393      -   107 3279s
 20457 13044   96.31986   25  900          -   95.96393      -   107 3299s
 20913 12902   99.77205   27  871          -   95.96393      -   107 3351s
 20982 13133   99.77205   31  850          -   95.96393      -   108 3381s
 21279 13049   99.79441   39  935          -   95.96393      -   109 3427s
 21348 13462   99.79441   40  914          -   95.96393      -   110 3457s
 21850 13338   99.79441   46  916          -   95.96393      -   110 3518s
 21909 13958   99.79441   48  954          -   95.96393      -   111 3552s
 22671 14510  105.00000   61  804          -   95.96393      -   109 3608s

Cutting planes:
  Learned: 6
  Gomory: 49
  Cover: 128
  Implied bound: 54
  Projected implied bound: 3
  Clique: 22
  MIR: 475
  StrongCG: 20
  Flow cover: 823
  Inf proof: 7
  Zero half: 14
  RLT: 195
  Relax-and-lift: 78

Explored 23685 nodes (2656565 simplex iterations) in 3610.50 seconds (226.42 work units)
Thread count was 32 (of 32 available processors)

Solution count 0

Time limit reached
Best objective -, best bound 9.596393182561e+01, gap -

Unable to retrieve attribute 'X'

