
Gurobi 10.0.3 (linux64, gurobi_cl) logging started Thu Nov  2 11:34:48 2023

Set parameter Username
Set parameter TimeLimit to value 3600
Set parameter LogFile to value "RCPSP_606.log"
Set parameter Threads to value 32
Academic license - for non-commercial use only - expires 2024-10-30
Using license file /home/jrivera6/gurobi-licenses/v1003/compute-0-39/gurobi.lic

Gurobi Optimizer version 10.0.3 build v10.0.3rc0 (linux64)
Copyright (c) 2023, Gurobi Optimization, LLC

Read MPS format model from file RCPSP_606.mps
Reading time = 0.02 seconds
RCPSP_606: 19624 rows, 7750 columns, 71898 nonzeros

CPU model: Intel(R) Xeon(R) Gold 6242 CPU @ 2.80GHz, instruction set [SSE2|AVX|AVX2|AVX512]
Thread count: 32 physical cores, 32 logical processors, using up to 32 threads

Optimize a model with 19624 rows, 7750 columns and 71898 nonzeros
Model fingerprint: 0xc67b07f2
Variable types: 62 continuous, 7688 integer (7688 binary)
Coefficient statistics:
  Matrix range     [1e+00, 3e+02]
  Objective range  [1e+00, 1e+00]
  Bounds range     [1e+00, 1e+00]
  RHS range        [1e+00, 3e+02]
Presolve removed 6480 rows and 2152 columns
Presolve time: 2.14s
Presolved: 13144 rows, 5598 columns, 50767 nonzeros
Variable types: 61 continuous, 5537 integer (5537 binary)

Root relaxation: objective 6.100000e+01, 1913 iterations, 0.06 seconds (0.03 work units)

    Nodes    |    Current Node    |     Objective Bounds      |     Work
 Expl Unexpl |  Obj  Depth IntInf | Incumbent    BestBd   Gap | It/Node Time

     0     0   61.00000    0  283          -   61.00000      -     -    3s
     0     0   61.00000    0  681          -   61.00000      -     -    6s
     0     0   61.00000    0  700          -   61.00000      -     -    6s
     0     0   61.00000    0  369          -   61.00000      -     -   11s
     0     0   61.00000    0  420          -   61.00000      -     -   12s
     0     0   61.00000    0  354          -   61.00000      -     -   16s
     0     0   61.00000    0  523          -   61.00000      -     -   19s
     0     0   61.00000    0  449          -   61.00000      -     -   24s
     0     0   61.00000    0  598          -   61.00000      -     -   25s
     0     0   61.00000    0  475          -   61.00000      -     -   31s
H    0     0                     324.0000000   61.00000  81.2%     -   32s
     0     0   61.00000    0  342  324.00000   61.00000  81.2%     -   33s
     0     2   61.00000    0  342  324.00000   61.00000  81.2%     -   39s
     1     4   61.00000    1  336  324.00000   61.00000  81.2%  1854   41s
     3     8   61.00000    2  622  324.00000   61.00000  81.2%  1110   45s
     7    16   61.00000    3  626  324.00000   61.00000  81.2%  1032   50s
    15    29   61.00000    4  779  324.00000   61.00000  81.2%  1075   55s
H   31    53                     303.0000000   61.00000  79.9%  1094   83s
H   40    53                     222.0000000   61.00000  72.5%   943   83s
    60    75   61.00000    6  800  222.00000   61.00000  72.5%   856   90s
H   92    94                     177.0000000   61.00000  65.5%   802  182s
H   94    94                     166.0000000   61.00000  63.3%   808  182s
H   96    94                     162.0000000   61.00000  62.3%   805  182s
H   99    94                     156.0000000   61.00000  60.9%   793  182s
H  124   120                     129.0000000   61.00000  52.7%   675  507s
H  125   120                     120.0000000   61.00000  49.2%   670  507s
H  135   120                     116.0000000   61.00000  47.4%   626  507s
   188   184   61.00000   10  653  116.00000   61.00000  47.4%   465  524s
   220   245   61.00000   11  715  116.00000   61.00000  47.4%   407  527s
   345   390   61.00000   14  666  116.00000   61.00000  47.4%   283  531s
   521   557   61.00000   18  721  116.00000   61.00000  47.4%   208  537s
   707   758   61.00000   20  653  116.00000   61.00000  47.4%   186  554s
   819   882   61.00000   21  689  116.00000   61.00000  47.4%   168  557s
   945  1014   61.40000   22  767  116.00000   61.00000  47.4%   152  561s
  1084  1143   62.08845   23  750  116.00000   61.00000  47.4%   138  565s
H 1232  1174                     112.0000000   61.00000  45.5%   128  595s
H 1233  1174                     111.0000000   61.00000  45.0%   129  595s
H 1246  1174                     110.0000000   61.00000  44.5%   131  595s
  1438  1415   65.00000   26  665  110.00000   61.00000  44.5%   124  602s
  1557  1518   65.00000   26  680  110.00000   61.00000  44.5%   124  606s
  1687  1626   65.00000   27  669  110.00000   61.00000  44.5%   125  610s
  1803  1791   65.00000   28  669  110.00000   61.00000  44.5%   127  616s
  2001  1948   65.00000   31  671  110.00000   61.00000  44.5%   121  622s
  2214  2103   65.00000   32  685  110.00000   61.00000  44.5%   117  627s
H 2412  2116                     109.0000000   61.00000  44.0%   114  659s
H 2413  2115                     108.0000000   61.00000  43.5%   114  659s
H 2417  2098                     107.0000000   61.00000  43.0%   115  659s
H 2441  2091                     105.0000000   61.00000  41.9%   115  659s
  2448  2304   65.00000   34  777  105.00000   61.00000  41.9%   116  670s
  2706  2487   65.00000   35  705  105.00000   61.00000  41.9%   112  683s
  2930  2650   65.00000   36  727  105.00000   61.00000  41.9%   112  699s
  3134  2914   65.00000   37  733  105.00000   61.00000  41.9%   115  714s
  3436  3186   65.00000   39  602  105.00000   61.00000  41.9%   111  731s
  3775  3330   65.00000   42  626  105.00000   61.00000  41.9%   110  741s
H 3985  3330                     105.0000000   61.00000  41.9%   111  760s
  3988  3332   87.00000   71  343  105.00000   61.00000  41.9%   111  765s
  3989  3333   72.00000   27  448  105.00000   61.00000  41.9%   111  772s
  3991  3334   89.00000   79  428  105.00000   61.00000  41.9%   111  781s
  3993  3336   74.00000   70  509  105.00000   61.00000  41.9%   111  794s
  3994  3336  102.00000  121  719  105.00000   61.00000  41.9%   111  799s
  3995  3337  102.00000  125  555  105.00000   61.00000  41.9%   111  813s
H 3995  3170                     104.0000000   61.00000  41.3%   111  819s
  3996  3171   88.00000   11  771  104.00000   61.00000  41.3%   111  820s
H 3996  3012                     101.0000000   61.00000  39.6%   111  837s
  3997  3012   94.00000   30  480  101.00000   61.00000  39.6%   111  841s
  3998  3013   70.00000    6  802  101.00000   61.00000  39.6%   111  851s
H 3998  2862                     100.0000000   61.00000  39.0%   111  869s
  3999  2863   83.00000   79  518  100.00000   61.00000  39.0%   111  873s
  4001  2864   69.00000   14  448  100.00000   61.00000  39.0%   111  877s
  4002  2868   61.00000   12  399  100.00000   61.00000  39.0%   139  896s
  4004  2871   61.00000   13  467  100.00000   61.00000  39.0%   139  901s
  4008  2878   61.00000   14  473  100.00000   61.00000  39.0%   139  907s
  4016  2891   61.01063   15  677  100.00000   61.00000  39.0%   140  913s
  4032  2918   61.66667   16  589  100.00000   61.00000  39.0%   140  923s
H 4039  2771                     100.0000000   61.00000  39.0%   140  923s
  4064  2795   61.66667   17  589  100.00000   61.00000  39.0%   142  928s
  4096  2816   61.66667   17  563  100.00000   61.00000  39.0%   141 1029s
H 4098  2680                      98.0000000   61.00000  37.8%   141 1029s
H 4104  2549                      97.0000000   61.00000  37.1%   141 1029s
H 4114  2422                      96.0000000   61.00000  36.5%   142 1029s
  4128  2450   61.66667   18  563   96.00000   61.00000  36.5%   142 1040s
  4160  2471   61.66667   18  562   96.00000   61.00000  36.5%   143 1047s
  4192  2501   61.80000   19  544   96.00000   61.00000  36.5%   144 1054s
  4233  2533   71.00000   19  450   96.00000   61.00000  36.5%   145 1062s
  4278  2559   61.80000   20  535   96.00000   61.00000  36.5%   144 1069s
  4321  2590   61.80000   20  542   96.00000   61.00000  36.5%   144 1079s
  4367  2629   62.00000   21  543   96.00000   61.00000  36.5%   144 1087s
  4421  2661   62.00000   22  508   96.00000   61.00000  36.5%   143 1095s
  4471  2699   62.00000   23  506   96.00000   61.00000  36.5%   143 1103s
  4526  2733   62.00000   23  506   96.00000   61.00000  36.5%   142 1114s
  4580  2769   62.00000   24  490   96.00000   61.00000  36.5%   141 1121s
  4636  2806   62.06250   25  531   96.00000   61.00000  36.5%   141 1130s
  4692  2850   62.00000   26  481   96.00000   61.00000  36.5%   140 1136s
  4754  2966   62.00000   27  475   96.00000   61.00000  36.5%   139 1147s
  4894  3215   62.08333   29  504   96.00000   61.00000  36.5%   136 1152s
  5209  3137   62.00000   31  514   96.00000   61.00000  36.5%   130 1165s
H 5217  3018                      96.0000000   61.00000  36.5%   130 1165s
  5258  3051   62.00000   33  506   96.00000   61.00000  36.5%   130 1180s
  5532  3377   62.00000   36  536   96.00000   61.00000  36.5%   126 1193s
  5754  3327   62.00000   37  510   96.00000   61.00000  36.5%   122 1214s
  5814  3552   62.00000   38  571   96.00000   61.00000  36.5%   122 1231s
  6067  3479   62.00000   40  520   96.00000   61.00000  36.5%   119 1251s
  6135  3748   62.00000   42  530   96.00000   61.00000  36.5%   120 1257s
  6473  3645   65.00000   44  456   96.00000   61.00000  36.5%   116 1269s
H 6476  3531                      95.0000000   61.00000  35.8%   116 1269s
  6533  3559   62.00000   45  521   95.00000   61.00000  35.8%   116 1287s
  6598  3765   62.00000   45  524   95.00000   61.00000  35.8%   117 1303s
  6850  4046   66.00000   48  496   95.00000   61.00000  35.8%   114 1311s
  7306  3918   62.00000   51  520   95.00000   61.00000  35.8%   109 1327s
  7390  4293   62.00000   52  576   95.00000   61.00000  35.8%   110 1336s
  7847  4168   65.00000   55  484   95.00000   61.00000  35.8%   106 1355s
  7936  4520   64.00000   55  530   95.00000   61.00000  35.8%   107 1367s
  8373  4377   65.00000   61  476   95.00000   61.00000  35.8%   104 1385s
  8499  4719   65.00000   62  541   95.00000   61.00000  35.8%   104 1397s
  8948  4650   65.00000   72  486   95.00000   61.00000  35.8%   102 1421s
  9065  5351   70.00000   73  496   95.00000   61.00000  35.8%   103 1439s
  9899  5967   69.00000   85  462   95.00000   61.00000  35.8%  98.4 1457s
 11003  5923   74.00000  108  424   95.00000   61.00000  35.8%  93.3 1484s
 11164  6841   70.00000  108  452   95.00000   61.00000  35.8%  94.7 1517s
 12272  6949   84.00000  142  308   95.00000   61.00000  35.8%  91.0 1542s
 12464  8487   84.00000  143  308   95.00000   61.00000  35.8%  91.7 1760s
 14397  9367   61.00000   20  452   95.00000   61.00000  35.8%  84.2 1830s
H14464  9321                      95.0000000   61.00000  35.8%  84.1 1831s
 15553  9396   66.00000   25  471   95.00000   61.00000  35.8%  80.4 1878s
H15601  9194                      94.0000000   61.00000  35.1%  80.5 1878s
H15756  8824                      91.0000000   61.00000  33.0%  81.1 2171s
 15807  8984   66.06250   30  452   91.00000   61.00000  33.0%  81.1 2223s
H15880  8984                      91.0000000   61.00000  33.0%  81.1 2224s
 15982  9684   69.00000   34  434   91.00000   61.00000  33.0%  81.4 3176s
H16005  9588                      90.0000000   61.00000  32.2%  81.4 3195s
 16744  9717   88.00000   57  345   90.00000   61.00000  32.2%  79.2 3463s
 16983  9916   88.00000   66  305   90.00000   61.00000  32.2%  80.3 3502s
 17236 10755   88.00000   76  329   90.00000   61.00000  32.2%  81.0 3891s
H18390 10755                      90.0000000   61.00000  32.2%  78.4 3895s

Cutting planes:
  Learned: 1
  Gomory: 16
  Cover: 20
  Implied bound: 132
  Clique: 12
  MIR: 79
  StrongCG: 3
  Flow cover: 161
  RLT: 53
  Relax-and-lift: 199

Explored 18511 nodes (1501668 simplex iterations) in 4043.62 seconds (119.07 work units)
Thread count was 32 (of 32 available processors)

Solution count 10: 90 90 91 ... 97

Time limit reached
Best objective 8.999999999090e+01, best bound 6.100000000000e+01, gap 32.2222%

Wrote result file 'RCPSP_606.sol'

