
Gurobi 10.0.3 (linux64, gurobi_cl) logging started Thu Nov  9 11:47:19 2023

Set parameter Username
Set parameter TimeLimit to value 3600
Set parameter LogFile to value "RCPSP_1045.log"
Set parameter Threads to value 32
Academic license - for non-commercial use only - expires 2024-11-06
Using license file /home/jrivera6/gurobi-licenses/v1003/compute-0-36/gurobi.lic

Gurobi Optimizer version 10.0.3 build v10.0.3rc0 (linux64)
Copyright (c) 2023, Gurobi Optimization, LLC

Read MPS format model from file RCPSP_1045.mps
Reading time = 0.15 seconds
RCPSP_1045: 42919 rows, 17020 columns, 151024 nonzeros

CPU model: Intel(R) Xeon(R) Gold 6130 CPU @ 2.10GHz, instruction set [SSE2|AVX|AVX2|AVX512]
Thread count: 32 physical cores, 32 logical processors, using up to 32 threads

Optimize a model with 42919 rows, 17020 columns and 151024 nonzeros
Model fingerprint: 0xc3673cb3
Variable types: 92 continuous, 16928 integer (16928 binary)
Coefficient statistics:
  Matrix range     [1e+00, 5e+02]
  Objective range  [1e+00, 1e+00]
  Bounds range     [1e+00, 1e+00]
  RHS range        [1e+00, 5e+02]
Presolve removed 12198 rows and 3356 columns (presolve time = 5s) ...
Presolve removed 12198 rows and 3356 columns
Presolve time: 5.11s
Presolved: 30721 rows, 13664 columns, 113004 nonzeros
Variable types: 91 continuous, 13573 integer (13573 binary)

Deterministic concurrent LP optimizer: primal and dual simplex (primal and dual model)
Showing first log only...

Root relaxation presolved: 30720 rows, 13665 columns, 113002 nonzeros


Root simplex log...

Iteration    Objective       Primal Inf.    Dual Inf.      Time
       0    8.9086079e+01   5.266414e-03   1.362734e+08      6s
    2087    8.9000000e+01   0.000000e+00   0.000000e+00      6s
    2087    8.9000000e+01   0.000000e+00   0.000000e+00      6s
Concurrent spin time: 0.45s

Solved with dual simplex (dual model)

Root relaxation: objective 8.900000e+01, 14539 iterations, 1.30 seconds (0.12 work units)
Total elapsed time = 11.50s

    Nodes    |    Current Node    |     Objective Bounds      |     Work
 Expl Unexpl |  Obj  Depth IntInf | Incumbent    BestBd   Gap | It/Node Time

     0     0   89.00000    0  326          -   89.00000      -     -   15s
     0     0   90.00000    0  316          -   90.00000      -     -   15s
     0     0   90.60000    0  918          -   90.60000      -     -   30s
     0     0   90.60000    0  798          -   90.60000      -     -   32s
     0     0   90.60000    0  801          -   90.60000      -     -   35s
     0     0   90.60000    0  755          -   90.60000      -     -   36s
     0     0   90.60000    0  771          -   90.60000      -     -   37s
     0     0   90.60000    0  767          -   90.60000      -     -   38s
     0     0   90.60000    0  859          -   90.60000      -     -   43s
     0     0   90.60000    0  851          -   90.60000      -     -   44s
     0     0   92.01620    0 1117          -   92.01620      -     -   58s
     0     0   92.01620    0 1017          -   92.01620      -     -   59s
     0     0   92.01620    0 1003          -   92.01620      -     -   60s
     0     0   92.01620    0 1001          -   92.01620      -     -   70s
     0     0   92.01620    0 1050          -   92.01620      -     -   73s
     0     0   92.01620    0 1010          -   92.01620      -     -   73s
     0     0   92.01620    0 1010          -   92.01620      -     -   75s
     0     0   92.01620    0 1010          -   92.01620      -     -   75s
     0     0   93.00000    0 1121          -   93.00000      -     -   96s
     0     0   93.00000    0  967          -   93.00000      -     -   97s
     0     0   93.00000    0  962          -   93.00000      -     -   97s
     0     0   93.00000    0 1097          -   93.00000      -     -  111s
     0     0   93.00000    0 1183          -   93.00000      -     -  113s
     0     0   93.00000    0 1336          -   93.00000      -     -  125s
     0     0   93.00000    0 1275          -   93.00000      -     -  126s
     0     0   93.00000    0 1209          -   93.00000      -     -  128s
     0     0   93.00000    0 1138          -   93.00000      -     -  130s
     0     0   93.00000    0 1124          -   93.00000      -     -  130s
     0     0   93.00000    0 1264          -   93.00000      -     -  138s
     0     0   93.00000    0 1215          -   93.00000      -     -  140s
     0     0   93.00000    0 1209          -   93.00000      -     -  142s
     0     0   93.00000    0 1204          -   93.00000      -     -  143s
     0     0   93.00000    0 1280          -   93.00000      -     -  145s
     0     0   93.00000    0 1358          -   93.00000      -     -  145s
     0     0   93.00000    0  594          -   93.00000      -     -  160s
     0     0   93.00000    0  592          -   93.00000      -     -  160s
     0     0   93.00082    0  882          -   93.00082      -     -  209s
     0     0   93.00082    0  861          -   93.00082      -     -  209s
     0     0   93.00655    0 1159          -   93.00655      -     -  211s
     0     0   93.00655    0 1084          -   93.00655      -     -  212s
     0     0   93.00655    0  924          -   93.00655      -     -  213s
     0     0   93.00655    0  880          -   93.00655      -     -  214s
     0     0   93.02630    0  446          -   93.02630      -     -  227s
     0     0   93.02630    0  817          -   93.02630      -     -  233s
     0     0   93.02630    0  800          -   93.02630      -     -  234s
     0     0   93.02630    0  798          -   93.02630      -     -  234s
     0     0   93.46348    0  911          -   93.46348      -     -  241s
     0     0   93.46348    0  856          -   93.46348      -     -  241s
     0     0   93.46584    0  823          -   93.46584      -     -  244s
     0     0   93.46584    0  776          -   93.46584      -     -  244s
     0     0   93.46584    0  933          -   93.46584      -     -  245s
     0     0   93.46584    0  283          -   93.46584      -     -  295s
     0     0   93.46584    0  975          -   93.46584      -     -  311s
     0     0   93.54783    0  950          -   93.54783      -     -  316s
     0     0   93.59297    0  502          -   93.59297      -     -  342s
     0     0   93.60856    0  641          -   93.60856      -     -  361s
     0     0   93.60856    0  636          -   93.60856      -     -  361s
     0     0   94.71556    0 1054          -   94.71556      -     -  365s
     0     0   94.71556    0 1062          -   94.71556      -     -  367s
     0     0   94.85138    0 1129          -   94.85138      -     -  374s
     0     0   94.85138    0 1124          -   94.85138      -     -  374s
     0     0   94.92273    0 1117          -   94.92273      -     -  377s
     0     0   94.92273    0 1112          -   94.92273      -     -  377s
     0     0   94.92273    0 1032          -   94.92273      -     -  380s
     0     0   94.92273    0 1114          -   94.92273      -     -  390s
     0     0   94.92273    0 1161          -   94.92273      -     -  391s
     0     0   94.92273    0 1104          -   94.92273      -     -  397s
     0     0   94.92273    0 1086          -   94.92273      -     -  398s
     0     0   94.92273    0 1084          -   94.92273      -     -  398s
     0     0   94.92273    0 1120          -   94.92273      -     -  405s
     0     0   94.92273    0 1090          -   94.92273      -     -  406s
     0     0   94.92273    0 1110          -   94.92273      -     -  411s
     0     0   94.92273    0  480          -   94.92273      -     -  425s
     0     0   94.92273    0  479          -   94.92273      -     -  425s
     0     0   94.92273    0  806          -   94.92273      -     -  438s
     0     0   94.92273    0  491          -   94.92273      -     -  453s
     0     0   94.92273    0  488          -   94.92273      -     -  453s
     0     0   94.92273    0  665          -   94.92273      -     -  457s
     0     0   94.92273    0  425          -   94.92273      -     -  470s
     0     0   94.92273    0  731          -   94.92273      -     -  473s
     0     0   94.92273    0  466          -   94.92273      -     -  489s
     0     0   94.92273    0  224          -   94.92273      -     -  496s
     0     2   94.92273    0  216          -   94.92273      -     -  516s
     1     5  104.00000    1  488          -   95.00000      -  3310  526s
     3     7  104.00000    2  457          -   95.00000      -  1144  534s
     7    13  104.00000    3  843          -   95.00000      -   728  550s
    14    21  104.00000    4  882          -   95.00000      -   975  568s
    27    38  104.00000    5  861          -   95.00000      -  1085  584s
    48    62  104.00000    6  865          -   95.00000      -   923  602s
    80    87  104.00000    7  863          -   95.00000      -   695  613s
   112   109  104.00000    8  861          -   95.00000      -   514  623s
   144   137  104.00000    9  780          -   95.00000      -   412  632s
   176   162  104.00000   10  777          -   95.00000      -   345  642s
   210   186  104.00000   11  762          -   95.00000      -   301  651s
   244   214  104.00000   12  762          -   95.00000      -   265  661s
   278   243  104.00000   13  760          -   95.00000      -   239  681s
   311   276  104.00000   14  754          -   95.00000      -   216  687s
   348   314  104.00000   15  754          -   95.00000      -   198  730s
   389   355  104.00000   16  753          -   95.00000      -   179  788s
   433   394  104.00000   17  751          -   95.00000      -   164  815s
   473   441  104.00000   18  750          -   95.00000      -   156  838s
   522   485  104.00000   20  758          -   95.00000      -   146  857s
   567   531  104.00000   21  758          -   95.00000      -   138  880s
   621   581  104.00000   23  754          -   95.00000      -   131  942s
   675   638  104.00000   25  771          -   95.00000      -   125 1037s
   733   696  104.00000   27  759          -   95.00000      -   119 1089s
   793   762  104.00000   29  783          -   95.00000      -   114 1111s
   861   821  104.00000   31  781          -   95.00000      -   109 1135s
   923   878  107.00000   32  719          -   95.00000      -   108 1158s
   989   971  104.00000   32  754          -   95.00000      -   107 1252s
  1083  1075  104.00000   33  747          -   95.00000      -   101 1266s
  1194  1192  104.00000   36  739          -   95.00000      -  94.0 1341s
  1316  1394  104.00000   40  726          -   95.00000      -  88.1 1370s
  1526  1637  104.00000   46  728          -   95.00000      -  79.8 1502s
  1781  1902  104.00000   56  705          -   95.00000      -  71.8 1622s
  2059  2137  104.00000   68  713          -   95.00000      -  65.8 1736s
  2346  2268  108.00000   76  771          -   95.00000      -  63.1 2004s
  2472  2268  112.00000   70  563          -   95.00000      -  63.7 2319s
  2564  2296   95.00000    9  821          -   95.00000      -  63.7 3673s
  2565  2296   95.00000   61  961          -   95.00000      -  64.4 3677s

Cutting planes:
  Learned: 1
  Gomory: 6
  Cover: 140
  Implied bound: 86
  Clique: 27
  MIR: 643
  StrongCG: 22
  Zero half: 4
  RLT: 489
  Relax-and-lift: 103

Explored 2605 nodes (388295 simplex iterations) in 4086.63 seconds (73.92 work units)
Thread count was 32 (of 32 available processors)

Solution count 0

Time limit reached
Best objective -, best bound 9.500000000000e+01, gap -

Unable to retrieve attribute 'X'

