
Gurobi 10.0.3 (linux64, gurobi_cl) logging started Thu Nov  2 11:41:48 2023

Set parameter Username
Set parameter TimeLimit to value 3600
Set parameter LogFile to value "RCPSP_885.log"
Set parameter Threads to value 32
Academic license - for non-commercial use only - expires 2024-10-30
Using license file /home/jrivera6/gurobi-licenses/v1003/compute-0-35/gurobi.lic

Gurobi Optimizer version 10.0.3 build v10.0.3rc0 (linux64)
Copyright (c) 2023, Gurobi Optimization, LLC

Read MPS format model from file RCPSP_885.mps
Reading time = 0.03 seconds
RCPSP_885: 19662 rows, 7750 columns, 68337 nonzeros

CPU model: Intel(R) Xeon(R) Gold 6130 CPU @ 2.10GHz, instruction set [SSE2|AVX|AVX2|AVX512]
Thread count: 32 physical cores, 32 logical processors, using up to 32 threads

Optimize a model with 19662 rows, 7750 columns and 68337 nonzeros
Model fingerprint: 0x734768bb
Variable types: 62 continuous, 7688 integer (7688 binary)
Coefficient statistics:
  Matrix range     [1e+00, 3e+02]
  Objective range  [1e+00, 1e+00]
  Bounds range     [1e+00, 1e+00]
  RHS range        [1e+00, 4e+02]
Presolve removed 10641 rows and 4136 columns
Presolve time: 4.88s
Presolved: 9021 rows, 3614 columns, 31432 nonzeros
Variable types: 61 continuous, 3553 integer (3553 binary)

Root simplex log...

Iteration    Objective       Primal Inf.    Dual Inf.      Time
     965    7.1000000e+01   1.568125e+02   0.000000e+00      5s
    1238    7.1000000e+01   0.000000e+00   0.000000e+00      5s

Root relaxation: objective 7.100000e+01, 1238 iterations, 0.02 seconds (0.01 work units)

    Nodes    |    Current Node    |     Objective Bounds      |     Work
 Expl Unexpl |  Obj  Depth IntInf | Incumbent    BestBd   Gap | It/Node Time

     0     0   71.00000    0  214          -   71.00000      -     -    5s
     0     0   71.00605    0  550          -   71.00605      -     -    8s
     0     0   71.00605    0  529          -   71.00605      -     -    8s
     0     0   71.32319    0  581          -   71.32319      -     -    9s
     0     0   74.07407    0  404          -   74.07407      -     -   10s
     0     0   74.07407    0  476          -   74.07407      -     -   11s
     0     0   74.07407    0  414          -   74.07407      -     -   12s
     0     0   74.07407    0  399          -   74.07407      -     -   12s
     0     0   74.07407    0  419          -   74.07407      -     -   13s
     0     0   74.07531    0  391          -   74.07531      -     -   15s
     0     0   74.07531    0  402          -   74.07531      -     -   16s
     0     0   74.07590    0  501          -   74.07590      -     -   16s
     0     0   74.07590    0  498          -   74.07590      -     -   17s
     0     0   74.07665    0  525          -   74.07665      -     -   18s
H    0     0                     345.0000000   74.07665  78.5%     -   19s
     0     0   74.07665    0  331  345.00000   74.07665  78.5%     -   19s
     0     2   74.07665    0  331  345.00000   74.07665  78.5%     -   25s
     7    16   75.00000    3  434  345.00000   75.00000  78.3%   528   30s
    31    41   75.00000    5  487  345.00000   75.00000  78.3%   395   49s
H   34    41                     343.0000000   75.00000  78.1%   380   49s
H   52    41                     226.0000000   75.00000  66.8%   341   49s
    56    66   75.00000    6  481  226.00000   75.00000  66.8%   337   51s
H   88    93                     196.0000000   75.00000  61.7%   288   78s
H   89    93                     189.0000000   75.00000  60.3%   297   78s
H   91    93                     187.0000000   75.00000  59.9%   300   78s
H   95    93                     185.0000000   75.00000  59.5%   291   79s
H   97    93                     180.0000000   75.00000  58.3%   288   79s
H  111    93                     175.0000000   75.00000  57.1%   268   79s
   120   119   75.00000    8  477  175.00000   75.00000  57.1%   260   80s
   302   315   75.00000   12  440  175.00000   75.00000  57.1%   125  104s
   363   390   75.00000   14  400  175.00000   75.00000  57.1%   109  106s
   622   603   76.00000   19  401  175.00000   75.00000  57.1%  78.7  110s
   983   961   76.00000   22  468  175.00000   75.00000  57.1%  69.4  115s
H 1153   990                     159.0000000   75.00000  52.8%  64.1  176s
H 1182   990                     158.0000000   75.00000  52.5%  64.0  176s
  1369  1287   84.00000   25  412  158.00000   75.00000  52.5%  58.7  181s
  1723  1587   94.00000   26  383  158.00000   75.00000  52.5%  52.9  185s
  2072  1871   84.00000   28  424  158.00000   75.00000  52.5%  51.2  191s
H 2517  2077                     152.0000000   75.00000  50.7%  49.4  202s
H 2519  2077                     151.0000000   75.00000  50.3%  49.5  202s
H 2520  2077                     149.0000000   75.00000  49.7%  49.5  202s
H 2522  2077                     146.0000000   75.00000  48.6%  49.5  203s
H 2537  2077                     145.0000000   75.00000  48.3%  49.8  203s
  2552  2316   90.00000   31  349  145.00000   75.00000  48.3%  50.5  205s
  3127  2748   91.00000   34  358  145.00000   75.00000  48.3%  46.1  212s
  3398  3021   91.00000   35  362  145.00000   75.00000  48.3%  45.3  216s
H 3733  3021                     143.0000000   75.00000  47.6%  44.4  254s
  3734  3022   81.00000   28  331  143.00000   75.00000  47.6%  44.4  258s
  3736  3023   96.00000  103  192  143.00000   75.00000  47.6%  44.4  260s
H 3737  2872                     142.0000000   75.00000  47.2%  44.4  265s
H 3738  2730                     141.0000000   75.23889  46.6%  44.4  270s
  3741  2732   81.00000   41  271  141.00000   76.00000  46.1%  44.3  278s
  3742  2732  112.00000  149  423  141.00000   76.00000  46.1%  44.3  281s
H 3742  2595                     139.0000000   76.07407  45.3%  44.3  292s
H 3743  2466                     138.0000000   76.07407  44.9%  44.3  301s
H 3743  2342                     137.0000000   76.07407  44.5%  44.3  301s
H 3744  2226                     136.0000000   76.07407  44.1%  44.3  311s
H 3744  2115                     135.0000000   76.07407  43.6%  44.3  311s
H 3744  2009                     134.0000000   76.07407  43.2%  44.3  311s
  3746  2010   76.07407   13  535  134.00000   76.07407  43.2%  44.3  318s
  3747  2011   76.07407   15  374  134.00000   76.07407  43.2%  44.3  325s
  3750  2016   76.07407   10  342  134.00000   76.07407  43.2%  60.2  347s
  3752  2019   76.10693   11  379  134.00000   76.07407  43.2%  60.5  360s
  3756  2026   76.69628   12  383  134.00000   76.07974  43.2%  61.5  373s
  3764  2039   76.69628   13  350  134.00000   76.19995  43.1%  63.8  393s
  3780  2066   76.72907   14  413  134.00000   76.22895  43.1%  66.6  413s
  3812  2085   76.95384   15  451  134.00000   76.23095  43.1%  74.4  435s
  3844  2106   76.95384   15  453  134.00000   76.23095  43.1%  83.2  522s
H 3845  2005                     128.0000000   76.23095  40.4%  83.2  522s
H 3856  1905                     127.0000000   76.23269  40.0%  85.4  522s
  3876  1931   79.72108   16  353  127.00000   76.23269  40.0%  86.4  533s
  3908  1950   77.00000   16  416  127.00000   76.23269  40.0%  90.4  544s
  3940  1984   77.00000   17  393  127.00000   76.23269  40.0%  93.0  554s
  3985  2017   77.00000   17  447  127.00000   76.23269  40.0%  95.8  573s
  4035  2051   81.00000   18  341  127.00000   76.23269  40.0%  98.8  586s
  4085  2089   77.00000   18  380  127.00000   76.23269  40.0%   101  596s
  4142  2126   77.00000   19  368  127.00000   76.23269  40.0%   102  607s
  4202  2171   85.00000   19  275  127.00000   76.23269  40.0%   103  615s
  4269  2217   77.00000   20  398  127.00000   76.23269  40.0%   104  628s
  4339  2260   78.00000   20  373  127.00000   76.23269  40.0%   104  636s
  4412  2314   78.00000   21  363  127.00000   76.23269  40.0%   104  647s
  4494  2361   78.00000   21  363  127.00000   76.23269  40.0%   104  656s
  4574  2414   81.00000   22  316  127.00000   76.23269  40.0%   104  665s
  4660  2530   83.41709   22  360  127.00000   76.23269  40.0%   104  673s
  4815  2637   81.00000   23  355  127.00000   76.23269  40.0%   102  685s
  5011  2716   81.00000   24  338  127.00000   76.23269  40.0%   100  701s
H 5147  2580                     127.0000000   76.23269  40.0%  98.2  701s
  5205  2572   89.00000   24  275  127.00000   76.23269  40.0%  97.9  734s
  5242  2559 infeasible   68       127.00000   76.23269  40.0%   100  735s
H 5274  2488                     126.0000000   76.23269  39.5%   102  792s
H 5290  2400                     125.0000000   76.23269  39.0%   105  792s
  5308  2441   91.00000   25  334  125.00000   76.23269  39.0%   106  802s
  5375  2477   82.00000   26  354  125.00000   76.23269  39.0%   108  814s
  5451  2530   82.00000   26  317  125.00000   76.23269  39.0%   109  824s
  5541  2578   82.00000   27  313  125.00000   76.23269  39.0%   109  845s
  5629  2634   82.00000   28  346  125.00000   76.23269  39.0%   109  858s
  5717  2863   82.00000   28  321  125.00000   76.23269  39.0%   110  874s
  6008  2932   82.00000   29  294  125.00000   76.23269  39.0%   107  898s
  6242  2919   85.00000   31  328  125.00000   76.23269  39.0%   107  923s
  6347  3126   82.00427   31  446  125.00000   76.23269  39.0%   108  942s
H 6455  3005                     124.0000000   76.23269  38.5%   107  942s
H 6567  2873                     123.0000000   76.23269  38.0%   106  942s
  6616  2860   85.00000   33  414  123.00000   76.23269  38.0%   106  985s
  6721  2890   86.00000   34  297  123.00000   76.23269  38.0%   111  999s
  6803  2971   86.00000   35  314  123.00000   76.23269  38.0%   113 1015s
  6917  3149   86.00000   36  317  123.00000   76.23269  38.0%   115 1103s
H 6941  3071                     123.0000000   76.23269  38.0%   114 1103s
  7167  3051   86.00000   37  312  123.00000   76.23269  38.0%   112 1138s
  7299  3117 infeasible   38       123.00000   76.23269  38.0%   115 1158s
  7449  3178   86.00000   38  320  123.00000   76.23269  38.0%   117 1187s
  7594  3249   89.00000   40  324  123.00000   76.23269  38.0%   119 1214s
  7748  3348   86.00000   41  310  123.00000   76.23269  38.0%   121 1242s
  7927  3936   90.00000   43  340  123.00000   76.23269  38.0%   121 1309s
  8640  3974  101.00000   56  295  123.00000   76.23269  38.0%   117 1349s
  8778  4113   77.01936   17  431  123.00000   76.23269  38.0%   120 1401s
  8958  4659   78.94191   22  372  123.00000   76.23269  38.0%   121 1470s
  9611  5260   83.00000   31  318  123.00000   76.23269  38.0%   117 1558s
 10459  5325   76.65144   17  404  123.00000   76.23269  38.0%   115 1609s
 10545  5325 infeasible  107       123.00000   76.23269  38.0%   117 1611s
 10604  5461   76.65144   21  386  123.00000   76.23269  38.0%   120 1636s
 10748  6265   81.00000   23  362  123.00000   76.23269  38.0%   121 1694s
 11192  6265   83.00000   24  297  123.00000   76.23269  38.0%   118 1695s
 11756  6348 infeasible   38       123.00000   76.23269  38.0%   115 1777s
 11959  6440   92.00000   44  262  123.00000   76.23269  38.0%   118 1843s
H11972  6364                     122.0000000   76.23269  37.5%   118 1847s
H11989  6337                     121.0000000   76.23269  37.0%   118 1848s
 12061  6706   92.00000   50  267  121.00000   76.23269  37.0%   119 1888s
 12494  7405  106.00000   61  268  121.00000   76.23269  37.0%   119 1935s
 13452  7757  118.00000  114  155  121.00000   76.61510  36.7%   117 1987s
H13621  7757                     121.0000000   76.61510  36.7%   119 1988s
 13990  7970   79.00000   18  345  121.00000   76.61510  36.7%   121 2049s
 14221  8997   79.00000   24  275  121.00000   76.61929  36.7%   123 2195s
 15670  9021   77.67645   22  479  121.00000   76.72907  36.6%   118 2262s
 15802  9226   80.72108   26  357  121.00000   76.72907  36.6%   123 2290s
 16037  9541   89.00000   32  285  121.00000   76.72907  36.6%   124 2327s
 16374 10770   96.00000   43  275  121.00000   76.72907  36.6%   124 2433s
 18107 11483   76.72907   16  445  121.00000   76.72907  36.6%   117 2532s
 19265 11616   77.00000   23  412  121.00000   76.72907  36.6%   117 2592s
 19450 11932   77.00000   25  385  121.00000   76.72907  36.6%   120 2653s
 19802 12964   87.00000   32  309  121.00000   76.72907  36.6%   122 2918s
 21391 13112   77.00000   17  474  121.00000   76.90673  36.4%   119 2970s
 21582 13992   79.63636   23  363  121.00000   76.90673  36.4%   122 3152s
 22772 14388   80.30769   23  431  121.00000   76.90673  36.4%   123 3203s
 23212 15932   88.00000   34  321  121.00000   76.90673  36.4%   124 3439s
 24016 15932   77.00000   20  617  121.00000   76.90673  36.4%   123 3440s
 25409 16212   77.00000   20  440  121.00000   76.90673  36.4%   119 3484s
 25723 16825   88.00000   23  397  121.00000   76.90673  36.4%   122 3536s
 26384 18241  108.00000   45  336  121.00000   76.90673  36.4%   122 3634s
 26999 18241   81.00000   41  361  121.00000   76.90673  36.4%   121 3635s

Cutting planes:
  Learned: 12
  Gomory: 150
  Cover: 264
  Implied bound: 244
  Projected implied bound: 10
  Clique: 45
  MIR: 609
  StrongCG: 21
  Flow cover: 1323
  Inf proof: 249
  Zero half: 11
  RLT: 493
  Relax-and-lift: 425

Explored 28452 nodes (3408536 simplex iterations) in 3652.38 seconds (141.28 work units)
Thread count was 32 (of 32 available processors)

Solution count 10: 121 121 122 ... 127

Time limit reached
Best objective 1.209999999878e+02, best bound 7.690672580709e+01, gap 36.4407%

Wrote result file 'RCPSP_885.sol'

