
Gurobi 10.0.3 (linux64, gurobi_cl) logging started Thu Nov  2 11:34:08 2023

Set parameter Username
Set parameter TimeLimit to value 3600
Set parameter LogFile to value "RCPSP_444.log"
Set parameter Threads to value 32
Academic license - for non-commercial use only - expires 2024-10-30
Using license file /home/jrivera6/gurobi-licenses/v1003/compute-0-39/gurobi.lic

Gurobi Optimizer version 10.0.3 build v10.0.3rc0 (linux64)
Copyright (c) 2023, Gurobi Optimization, LLC

Read MPS format model from file RCPSP_444.mps
Reading time = 0.01 seconds
RCPSP_444: 5349 rows, 2080 columns, 18893 nonzeros

CPU model: Intel(R) Xeon(R) Gold 6242 CPU @ 2.80GHz, instruction set [SSE2|AVX|AVX2|AVX512]
Thread count: 32 physical cores, 32 logical processors, using up to 32 threads

Optimize a model with 5349 rows, 2080 columns and 18893 nonzeros
Model fingerprint: 0x4ea6613a
Variable types: 32 continuous, 2048 integer (2048 binary)
Coefficient statistics:
  Matrix range     [1e+00, 2e+02]
  Objective range  [1e+00, 1e+00]
  Bounds range     [1e+00, 1e+00]
  RHS range        [1e+00, 2e+02]
Presolve removed 3660 rows and 1455 columns
Presolve time: 0.21s
Presolved: 1689 rows, 625 columns, 5564 nonzeros
Variable types: 31 continuous, 594 integer (594 binary)

Root relaxation: objective 6.200000e+01, 220 iterations, 0.00 seconds (0.00 work units)

    Nodes    |    Current Node    |     Objective Bounds      |     Work
 Expl Unexpl |  Obj  Depth IntInf | Incumbent    BestBd   Gap | It/Node Time

     0     0   62.00000    0   26          -   62.00000      -     -    0s
     0     0   65.00000    0   24          -   65.00000      -     -    0s
     0     0   65.00000    0   67          -   65.00000      -     -    0s
     0     0   65.00000    0   51          -   65.00000      -     -    0s
H    0     0                     111.0000000   65.00000  41.4%     -    0s
H    0     0                     109.0000000   65.00000  40.4%     -    0s
     0     0   65.00000    0   47  109.00000   65.00000  40.4%     -    0s
H    0     0                     101.0000000   65.00000  35.6%     -    0s
     0     0   65.00000    0   53  101.00000   65.00000  35.6%     -    0s
     0     0   65.00000    0   35  101.00000   65.00000  35.6%     -    1s
     0     0   65.00000    0   75  101.00000   65.00000  35.6%     -    1s
     0     0   65.00000    0   42  101.00000   65.00000  35.6%     -    1s
     0     0   65.00000    0   85  101.00000   65.00000  35.6%     -    1s
     0     0   65.01913    0   68  101.00000   65.01913  35.6%     -    1s
H    0     0                      99.0000000   65.03869  34.3%     -    1s
     0     0   65.03869    0   79   99.00000   65.03869  34.3%     -    1s
     0     0   65.15265    0   94   99.00000   65.15265  34.2%     -    2s
     0     0   65.26751    0   79   99.00000   65.26751  34.1%     -    2s
     0     0   65.40492    0  110   99.00000   65.40492  33.9%     -    2s
     0     0   65.40492    0   87   99.00000   65.40492  33.9%     -    2s
     0     0   65.45527    0   88   99.00000   65.45527  33.9%     -    2s
     0     0   65.45527    0   68   99.00000   65.45527  33.9%     -    2s
     0     0   65.51146    0  121   99.00000   65.51146  33.8%     -    2s
     0     0   65.58454    0   86   99.00000   65.58454  33.8%     -    2s
     0     0   65.58454    0   85   99.00000   65.58454  33.8%     -    2s
H    0     0                      95.0000000   65.58454  31.0%     -    2s
     0     0   65.70668    0   92   95.00000   65.70668  30.8%     -    2s
     0     0   65.77914    0   73   95.00000   65.77914  30.8%     -    2s
     0     0   65.78643    0   89   95.00000   65.78643  30.8%     -    2s
     0     0   65.78643    0   92   95.00000   65.78643  30.8%     -    2s
     0     0   65.80477    0   91   95.00000   65.80477  30.7%     -    2s
     0     0   65.80477    0   79   95.00000   65.80477  30.7%     -    2s
H    0     0                      93.0000000   65.80477  29.2%     -    2s
     0     0   66.39456    0   74   93.00000   66.39456  28.6%     -    2s
     0     0   66.48077    0   66   93.00000   66.48077  28.5%     -    2s
     0     0   66.52627    0   67   93.00000   66.52627  28.5%     -    2s
     0     0   66.52627    0   68   93.00000   66.52627  28.5%     -    2s
     0     0   66.53340    0   75   93.00000   66.53340  28.5%     -    2s
     0     0   66.53340    0   66   93.00000   66.53340  28.5%     -    2s
H    0     0                      92.0000000   66.54366  27.7%     -    3s
     0     0   66.54366    0   85   92.00000   66.54366  27.7%     -    3s
     0     0   66.54366    0   93   92.00000   66.54366  27.7%     -    3s
     0     0   66.54366    0   94   92.00000   66.54366  27.7%     -    3s
H    0     0                      91.0000000   66.54366  26.9%     -    3s
     0     0   66.54366    0   84   91.00000   66.54366  26.9%     -    3s
     0     0   66.54656    0   53   91.00000   66.54656  26.9%     -    3s
     0     0   66.54794    0   73   91.00000   66.54794  26.9%     -    3s
     0     0   66.54794    0   85   91.00000   66.54794  26.9%     -    3s
     0     0   66.54845    0   68   91.00000   66.54845  26.9%     -    3s
H    0     0                      90.0000000   66.54845  26.1%     -    3s
     0     0   66.56777    0   91   90.00000   66.56777  26.0%     -    3s
     0     0   66.56777    0   74   90.00000   66.56777  26.0%     -    3s
     0     0   66.57172    0   75   90.00000   66.57172  26.0%     -    3s
H    0     0                      87.0000000   66.57172  23.5%     -    3s
     0     0   66.57172    0   71   87.00000   66.57172  23.5%     -    3s
     0     0   66.61224    0   75   87.00000   66.61224  23.4%     -    3s
     0     0   66.61224    0   67   87.00000   66.61224  23.4%     -    3s
     0     0   66.62568    0   75   87.00000   66.62568  23.4%     -    3s
H    0     0                      85.0000000   66.62568  21.6%     -    3s
     0     0   66.62568    0   69   85.00000   66.62568  21.6%     -    3s
     0     0   66.65829    0   97   85.00000   66.65829  21.6%     -    4s
     0     0   66.66860    0  113   85.00000   66.66860  21.6%     -    4s
     0     0   66.66860    0  100   85.00000   66.66860  21.6%     -    4s
     0     0   66.66860    0  127   85.00000   66.66860  21.6%     -    4s
     0     0   66.67108    0  105   85.00000   66.67108  21.6%     -    4s
     0     0   66.67108    0   99   85.00000   66.67108  21.6%     -    4s
     0     0   66.67108    0   86   85.00000   66.67108  21.6%     -    4s
H    0     0                      84.0000000   66.67108  20.6%     -    4s
     0     0   66.67108    0   92   84.00000   66.67108  20.6%     -    4s
     0     0   66.67108    0   91   84.00000   66.67108  20.6%     -    4s
     0     0   66.67108    0   72   84.00000   66.67108  20.6%     -    4s
     0     0   66.67108    0   48   84.00000   66.67108  20.6%     -    4s
     0     0   66.67108    0   55   84.00000   66.67108  20.6%     -    4s
     0     0   66.67108    0   68   84.00000   66.67108  20.6%     -    4s
     0     0   66.67108    0   46   84.00000   66.67108  20.6%     -    4s
H    0     0                      84.0000000   66.67108  20.6%     -    4s
     0     2   66.67108    0   41   84.00000   66.67108  20.6%     -    5s
H   27    31                      83.0000000   68.21199  17.8%  95.9    6s
H  109    82                      82.0000000   68.21199  16.8%  92.8    9s
   261   184 infeasible   12        82.00000   68.21199  16.8%  60.8   10s
* 1739   469              38      82.0000000   69.21199  15.6%  35.8   13s
  2588   542 infeasible   19        82.00000   69.21199  15.6%  32.7   15s
  5033   567 infeasible   23        82.00000   69.36372  15.4%  27.4   26s
H 5037   567                      81.0000000   69.36372  14.4%  27.4   26s
  6798   559 infeasible   24        81.00000   72.91823  10.0%  22.9   30s
H 6822   559                      81.0000000   73.83024  8.85%  22.8   30s
 10312   224   79.00000   40   35   81.00000   79.00000  2.47%  17.2   35s
 12621     3   79.00000   55   30   81.00000   79.00000  2.47%  15.0   40s

Cutting planes:
  Gomory: 22
  Cover: 96
  Implied bound: 464
  MIR: 698
  StrongCG: 8
  Inf proof: 164
  Zero half: 2
  Mod-K: 3
  RLT: 208
  Relax-and-lift: 177

Explored 12714 nodes (204182 simplex iterations) in 40.61 seconds (2.34 work units)
Thread count was 32 (of 32 available processors)

Solution count 10: 81 81 82 ... 90

Optimal solution found (tolerance 1.00e-04)
Best objective 8.099999999180e+01, best bound 8.099999999180e+01, gap 0.0000%

Wrote result file 'RCPSP_444.sol'

