
Gurobi 10.0.3 (linux64, gurobi_cl) logging started Thu Nov  2 12:00:01 2023

Set parameter Username
Set parameter TimeLimit to value 3600
Set parameter LogFile to value "RCPSP_978.log"
Set parameter Threads to value 32
Academic license - for non-commercial use only - expires 2024-10-30
Using license file /home/jrivera6/gurobi-licenses/v1003/compute-0-34/gurobi.lic

Gurobi Optimizer version 10.0.3 build v10.0.3rc0 (linux64)
Copyright (c) 2023, Gurobi Optimization, LLC

Read MPS format model from file RCPSP_978.mps
Reading time = 0.05 seconds
RCPSP_978: 42919 rows, 17020 columns, 134553 nonzeros

CPU model: Intel(R) Xeon(R) Gold 6130 CPU @ 2.10GHz, instruction set [SSE2|AVX|AVX2|AVX512]
Thread count: 32 physical cores, 32 logical processors, using up to 32 threads

Optimize a model with 42919 rows, 17020 columns and 134553 nonzeros
Model fingerprint: 0xa1592ac0
Variable types: 92 continuous, 16928 integer (16928 binary)
Coefficient statistics:
  Matrix range     [1e+00, 5e+02]
  Objective range  [1e+00, 1e+00]
  Bounds range     [1e+00, 1e+00]
  RHS range        [1e+00, 5e+02]
Presolve removed 7988 rows and 1864 columns
Presolve time: 2.94s
Presolved: 34931 rows, 15156 columns, 113796 nonzeros
Variable types: 91 continuous, 15065 integer (15065 binary)

Deterministic concurrent LP optimizer: primal and dual simplex (primal and dual model)
Showing first log only...

Root relaxation presolved: 34931 rows, 15156 columns, 113796 nonzeros

Concurrent spin time: 0.36s

Solved with dual simplex (dual model)

Root relaxation: objective 8.200000e+01, 15953 iterations, 1.38 seconds (0.12 work units)
Total elapsed time = 6.45s

    Nodes    |    Current Node    |     Objective Bounds      |     Work
 Expl Unexpl |  Obj  Depth IntInf | Incumbent    BestBd   Gap | It/Node Time

     0     0   82.00000    0   31          -   82.00000      -     -    8s
H    0     0                      84.0000000   82.00000  2.38%     -   20s
     0     0   82.00000    0  169   84.00000   82.00000  2.38%     -   20s
     0     0   82.00000    0   10   84.00000   82.00000  2.38%     -   51s
     0     0   82.00000    0  132   84.00000   82.00000  2.38%     -   62s
H    0     0                      82.0000000   82.00000  0.00%     -   63s
     0     0   82.00000    0  131   82.00000   82.00000  0.00%     -   63s

Cutting planes:
  Gomory: 1
  Cover: 14
  Clique: 5
  MIR: 5
  RLT: 1

Explored 1 nodes (32121 simplex iterations) in 63.16 seconds (5.08 work units)
Thread count was 32 (of 32 available processors)

Solution count 2: 82 84 

Optimal solution found (tolerance 1.00e-04)
Best objective 8.200000000000e+01, best bound 8.200000000000e+01, gap 0.0000%

Wrote result file 'RCPSP_978.sol'

