
Gurobi 10.0.3 (linux64, gurobi_cl) logging started Thu Nov  2 11:35:02 2023

Set parameter Username
Set parameter TimeLimit to value 3600
Set parameter LogFile to value "RCPSP_621.log"
Set parameter Threads to value 32
Academic license - for non-commercial use only - expires 2024-10-30
Using license file /home/jrivera6/gurobi-licenses/v1003/compute-0-35/gurobi.lic

Gurobi Optimizer version 10.0.3 build v10.0.3rc0 (linux64)
Copyright (c) 2023, Gurobi Optimization, LLC

Read MPS format model from file RCPSP_621.mps
Reading time = 0.03 seconds
RCPSP_621: 19624 rows, 7750 columns, 71898 nonzeros

CPU model: Intel(R) Xeon(R) Gold 6130 CPU @ 2.10GHz, instruction set [SSE2|AVX|AVX2|AVX512]
Thread count: 32 physical cores, 32 logical processors, using up to 32 threads

Optimize a model with 19624 rows, 7750 columns and 71898 nonzeros
Model fingerprint: 0x3851a503
Variable types: 62 continuous, 7688 integer (7688 binary)
Coefficient statistics:
  Matrix range     [1e+00, 3e+02]
  Objective range  [1e+00, 1e+00]
  Bounds range     [1e+00, 1e+00]
  RHS range        [1e+00, 3e+02]
Presolve removed 7481 rows and 2653 columns
Presolve time: 2.96s
Presolved: 12143 rows, 5097 columns, 46497 nonzeros
Variable types: 61 continuous, 5036 integer (5036 binary)

Root relaxation: objective 8.400000e+01, 1665 iterations, 0.04 seconds (0.02 work units)

    Nodes    |    Current Node    |     Objective Bounds      |     Work
 Expl Unexpl |  Obj  Depth IntInf | Incumbent    BestBd   Gap | It/Node Time

     0     0   84.00000    0    4          -   84.00000      -     -    3s
     0     0   84.00000    0   16          -   84.00000      -     -    6s
     0     0   84.00000    0   14          -   84.00000      -     -    6s
H    0     0                      84.0000000   84.00000  0.00%     -    7s
     0     0   84.00000    0    2   84.00000   84.00000  0.00%     -    7s

Cutting planes:
  Gomory: 3
  Implied bound: 8
  MIR: 68
  RLT: 5
  Relax-and-lift: 9

Explored 1 nodes (4685 simplex iterations) in 7.52 seconds (2.69 work units)
Thread count was 32 (of 32 available processors)

Solution count 1: 84 

Optimal solution found (tolerance 1.00e-04)
Best objective 8.400000000000e+01, best bound 8.400000000000e+01, gap 0.0000%

Wrote result file 'RCPSP_621.sol'

