
Gurobi 10.0.3 (linux64, gurobi_cl) logging started Thu Nov  2 11:37:43 2023

Set parameter Username
Set parameter TimeLimit to value 3600
Set parameter LogFile to value "RCPSP_798.log"
Set parameter Threads to value 32
Academic license - for non-commercial use only - expires 2024-10-30
Using license file /home/jrivera6/gurobi-licenses/v1003/compute-0-35/gurobi.lic

Gurobi Optimizer version 10.0.3 build v10.0.3rc0 (linux64)
Copyright (c) 2023, Gurobi Optimization, LLC

Read MPS format model from file RCPSP_798.mps
Reading time = 0.04 seconds
RCPSP_798: 19643 rows, 7750 columns, 71917 nonzeros

CPU model: Intel(R) Xeon(R) Gold 6130 CPU @ 2.10GHz, instruction set [SSE2|AVX|AVX2|AVX512]
Thread count: 32 physical cores, 32 logical processors, using up to 32 threads

Optimize a model with 19643 rows, 7750 columns and 71917 nonzeros
Model fingerprint: 0x1f3698fc
Variable types: 62 continuous, 7688 integer (7688 binary)
Coefficient statistics:
  Matrix range     [1e+00, 3e+02]
  Objective range  [1e+00, 1e+00]
  Bounds range     [1e+00, 1e+00]
  RHS range        [1e+00, 3e+02]
Found heuristic solution: objective 76.0000000
Presolve removed 10290 rows and 4110 columns
Presolve time: 4.23s
Presolved: 9353 rows, 3640 columns, 34700 nonzeros
Variable types: 61 continuous, 3579 integer (3579 binary)

Explored 0 nodes (0 simplex iterations) in 4.27 seconds (2.72 work units)
Thread count was 32 (of 32 available processors)

Solution count 1: 76 

Optimal solution found (tolerance 1.00e-04)
Best objective 7.600000000000e+01, best bound 7.600000000000e+01, gap 0.0000%

Wrote result file 'RCPSP_798.sol'

