
Gurobi 10.0.3 (linux64, gurobi_cl) logging started Thu Nov  2 11:34:11 2023

Set parameter Username
Set parameter TimeLimit to value 3600
Set parameter LogFile to value "RCPSP_463.log"
Set parameter Threads to value 32
Academic license - for non-commercial use only - expires 2024-10-30
Using license file /home/jrivera6/gurobi-licenses/v1003/compute-0-38/gurobi.lic

Gurobi Optimizer version 10.0.3 build v10.0.3rc0 (linux64)
Copyright (c) 2023, Gurobi Optimization, LLC

Read MPS format model from file RCPSP_463.mps
Reading time = 0.01 seconds
RCPSP_463: 5349 rows, 2080 columns, 18893 nonzeros

CPU model: Intel(R) Xeon(R) Gold 6242 CPU @ 2.80GHz, instruction set [SSE2|AVX|AVX2|AVX512]
Thread count: 32 physical cores, 32 logical processors, using up to 32 threads

Optimize a model with 5349 rows, 2080 columns and 18893 nonzeros
Model fingerprint: 0x1bc9ab79
Variable types: 32 continuous, 2048 integer (2048 binary)
Coefficient statistics:
  Matrix range     [1e+00, 2e+02]
  Objective range  [1e+00, 1e+00]
  Bounds range     [1e+00, 1e+00]
  RHS range        [1e+00, 2e+02]
Presolve removed 3205 rows and 1268 columns
Presolve time: 0.26s
Presolved: 2144 rows, 812 columns, 7563 nonzeros
Variable types: 31 continuous, 781 integer (781 binary)

Root relaxation: objective 5.500000e+01, 289 iterations, 0.00 seconds (0.00 work units)

    Nodes    |    Current Node    |     Objective Bounds      |     Work
 Expl Unexpl |  Obj  Depth IntInf | Incumbent    BestBd   Gap | It/Node Time

     0     0   55.00000    0    4          -   55.00000      -     -    0s
H    0     0                      57.0000000   55.00000  3.51%     -    0s
     0     0   55.00000    0   35   57.00000   55.00000  3.51%     -    0s
H    0     0                      55.0000000   55.00000  0.00%     -    2s
     0     0   55.00000    0  102   55.00000   55.00000  0.00%     -    2s

Explored 1 nodes (938 simplex iterations) in 2.23 seconds (0.33 work units)
Thread count was 32 (of 32 available processors)

Solution count 2: 55 57 

Optimal solution found (tolerance 1.00e-04)
Best objective 5.500000000000e+01, best bound 5.500000000000e+01, gap 0.0000%

Wrote result file 'RCPSP_463.sol'

