
Gurobi 10.0.3 (linux64, gurobi_cl) logging started Thu Nov  2 11:36:05 2023

Set parameter Username
Set parameter TimeLimit to value 3600
Set parameter LogFile to value "RCPSP_728.log"
Set parameter Threads to value 32
Academic license - for non-commercial use only - expires 2024-10-30
Using license file /home/jrivera6/gurobi-licenses/v1003/compute-0-39/gurobi.lic

Gurobi Optimizer version 10.0.3 build v10.0.3rc0 (linux64)
Copyright (c) 2023, Gurobi Optimization, LLC

Read MPS format model from file RCPSP_728.mps
Reading time = 0.02 seconds
RCPSP_728: 19643 rows, 7750 columns, 68318 nonzeros

CPU model: Intel(R) Xeon(R) Gold 6242 CPU @ 2.80GHz, instruction set [SSE2|AVX|AVX2|AVX512]
Thread count: 32 physical cores, 32 logical processors, using up to 32 threads

Optimize a model with 19643 rows, 7750 columns and 68318 nonzeros
Model fingerprint: 0x6f71937a
Variable types: 62 continuous, 7688 integer (7688 binary)
Coefficient statistics:
  Matrix range     [1e+00, 3e+02]
  Objective range  [1e+00, 1e+00]
  Bounds range     [1e+00, 1e+00]
  RHS range        [1e+00, 3e+02]
Presolve removed 7868 rows and 2810 columns
Presolve time: 2.76s
Presolved: 11775 rows, 4940 columns, 42600 nonzeros
Variable types: 61 continuous, 4879 integer (4879 binary)

Root relaxation: objective 5.700000e+01, 1672 iterations, 0.03 seconds (0.02 work units)

    Nodes    |    Current Node    |     Objective Bounds      |     Work
 Expl Unexpl |  Obj  Depth IntInf | Incumbent    BestBd   Gap | It/Node Time

     0     0   57.00000    0  283          -   57.00000      -     -    3s
     0     0   57.03158    0  653          -   57.03158      -     -    6s
     0     0   57.03158    0  694          -   57.03158      -     -    6s
     0     0   57.90000    0  795          -   57.90000      -     -    8s
     0     0   57.90000    0  781          -   57.90000      -     -    8s
     0     0   58.00000    0  723          -   58.00000      -     -    8s
     0     0   58.00000    0  709          -   58.00000      -     -   10s
     0     0   58.02869    0  732          -   58.02869      -     -   11s
     0     0   59.43139    0  736          -   59.43139      -     -   15s
     0     0   59.43139    0  639          -   59.43139      -     -   15s
     0     0   59.43139    0  638          -   59.43139      -     -   15s
     0     0   59.43139    0  613          -   59.43139      -     -   16s
     0     0   60.91615    0  586          -   60.91615      -     -   17s
     0     0   60.91615    0  589          -   60.91615      -     -   17s
     0     0   62.30326    0  572          -   62.30326      -     -   18s
     0     0   62.30326    0  553          -   62.30326      -     -   18s
     0     0   62.30326    0  613          -   62.30326      -     -   19s
     0     0   62.81654    0  653          -   62.81654      -     -   20s
     0     0   62.81654    0  620          -   62.81654      -     -   20s
     0     0   62.81654    0  619          -   62.81654      -     -   20s
     0     0   62.81654    0  643          -   62.81654      -     -   21s
     0     0   62.81654    0  597          -   62.81654      -     -   21s
     0     0   62.94842    0  667          -   62.94842      -     -   23s
     0     0   62.94842    0  636          -   62.94842      -     -   23s
     0     0   63.12774    0  630          -   63.12774      -     -   25s
     0     0   63.12800    0  618          -   63.12800      -     -   25s
     0     0   63.12800    0  593          -   63.12800      -     -   25s
     0     0   63.12849    0  742          -   63.12849      -     -   28s
     0     0   63.12849    0  726          -   63.12849      -     -   28s
     0     0   63.12856    0  698          -   63.12856      -     -   29s
     0     0   63.12856    0  671          -   63.12856      -     -   29s
     0     0   63.29026    0  695          -   63.29026      -     -   32s
     0     0   63.37833    0  658          -   63.37833      -     -   33s
     0     0   63.37833    0  657          -   63.37833      -     -   33s
     0     0   63.41175    0  677          -   63.41175      -     -   34s
     0     0   63.53429    0  603          -   63.53429      -     -   34s
     0     0   63.53429    0  600          -   63.53429      -     -   34s
     0     0   63.53429    0  660          -   63.53429      -     -   35s
     0     0   63.53429    0  659          -   63.53429      -     -   35s
     0     0   63.69318    0  684          -   63.69318      -     -   36s
     0     0   63.69318    0  682          -   63.69318      -     -   36s
     0     0   63.69318    0  632          -   63.69318      -     -   37s
     0     0   63.69318    0  636          -   63.69318      -     -   38s
     0     0   63.69318    0  626          -   63.69318      -     -   38s
     0     0   63.69318    0  586          -   63.69318      -     -   39s
     0     0   63.69318    0  582          -   63.69318      -     -   39s
     0     0   63.69318    0  584          -   63.69318      -     -   40s
     0     0   63.69318    0  575          -   63.69318      -     -   40s
     0     0   63.69318    0  456          -   63.69318      -     -   43s
     0     0   63.69318    0  576          -   63.69318      -     -   43s
     0     0   63.69318    0  578          -   63.69318      -     -   44s
     0     0   63.69318    0  353          -   63.69318      -     -   47s
     0     0   63.69318    0  525          -   63.69318      -     -   48s
     0     0   64.28410    0  586          -   64.28410      -     -   50s
     0     0   64.29216    0  632          -   64.29216      -     -   51s
     0     0   64.29216    0  609          -   64.29216      -     -   51s
     0     0   64.29216    0  598          -   64.29216      -     -   52s
     0     0   64.36281    0  620          -   64.36281      -     -   54s
     0     0   64.36281    0  587          -   64.36281      -     -   55s
     0     0   64.36282    0  739          -   64.36282      -     -   58s
     0     0   64.36288    0  714          -   64.36288      -     -   59s
     0     0   64.59319    0  682          -   64.59319      -     -   60s
     0     0   64.59319    0  681          -   64.59319      -     -   60s
     0     0   64.59319    0  668          -   64.59319      -     -   61s
     0     0   64.59319    0  667          -   64.59319      -     -   61s
     0     0   64.59319    0  685          -   64.59319      -     -   63s
     0     0   64.59319    0  684          -   64.59319      -     -   64s
     0     0   64.59319    0  462          -   64.59319      -     -   68s
     0     0   64.59319    0  544          -   64.59319      -     -   68s
     0     0   64.59319    0  433          -   64.59319      -     -   71s
H    0     0                     326.0000000   64.59319  80.2%     -   72s
     0     0   64.59319    0  431  326.00000   64.59319  80.2%     -   72s
H    0     0                     271.0000000   64.59319  76.2%     -   77s
     0     2   64.59319    0  416  271.00000   64.59319  76.2%     -   81s
     3     8   66.08696    2  722  271.00000   65.50000  75.8%  1238   88s
     7    14   66.36000    3  692  271.00000   66.36000  75.5%  1321  107s
    15    25   66.73395    4  720  271.00000   66.73395  75.4%  1382  113s
    29    42   67.22807    5  786  271.00000   67.22807  75.2%  1280  122s
    54    70   71.20000    6  758  271.00000   67.80000  75.0%  1189  134s
H   86    90                     211.0000000   68.00000  67.8%  1123  170s
H   89    90                     210.0000000   68.00000  67.6%  1117  170s
H   90    90                     199.0000000   68.00000  65.8%  1116  170s
H  108    90                     198.0000000   68.00000  65.7%  1035  170s
   150   143   74.25425    9  783  198.00000   68.00000  65.7%   837  177s
   182   189   80.00000    9  735  198.00000   68.00000  65.7%   728  181s
   234   218   74.25425   10  783  198.00000   68.00000  65.7%   594  202s
H  236   218                     175.0000000   68.00000  61.1%   590  202s
   268   247   76.25000   11  641  175.00000   68.00000  61.1%   549  206s
   314   274   85.00114   11  689  175.00000   68.00000  61.1%   511  213s
   370   314   76.25000   12  639  175.00000   68.00000  61.1%   450  220s
   437   343   77.00000   14  609  175.00000   68.00000  61.1%   411  226s
   479   381 infeasible   15       175.00000   68.00000  61.1%   412  233s
   537   426   77.00000   15  598  175.00000   68.00000  61.1%   395  239s
   595   479   77.03663   16  617  175.00000   68.00000  61.1%   383  243s
   656   542   79.00000   17  557  175.00000   68.00000  61.1%   366  251s
   749   595   79.00000   18  577  175.00000   68.00000  61.1%   335  255s
   824   670   82.00000   19  554  175.00000   68.00000  61.1%   321  262s
   923   759 infeasible   20       175.00000   68.00000  61.1%   300  269s
  1046   840   79.00000   20  563  175.00000   68.00000  61.1%   279  274s
  1158   941   79.00000   21  603  175.00000   68.00000  61.1%   264  287s
H 1307   964                     163.0000000   68.00000  58.3%   246  305s
  1341  1093   79.00000   22  599  163.00000   68.00000  58.3%   248  313s
  1516  1272   79.00000   23  597  163.00000   68.00000  58.3%   229  317s
  1711  1471   81.00000   26  572  163.00000   68.00000  58.3%   211  320s
  1938  1600   81.00000   28  600  163.00000   68.00000  58.3%   193  339s
H 2104  1623                     158.0000000   68.00000  57.0%   183  376s
H 2108  1623                     154.0000000   68.00000  55.8%   183  376s
H 2117  1623                     150.0000000   68.00000  54.7%   183  377s
  2140  1849   82.00000   30  567  150.00000   68.00000  54.7%   183  384s
  2443  2078   85.00000   37  599  150.00000   68.00000  54.7%   167  393s
  2722  2288 infeasible   38       150.00000   68.00000  54.7%   158  404s
H 3050  2288                     149.0000000   68.00000  54.4%   148  423s
  3051  2289   93.00000   60  431  149.00000   68.00000  54.4%   148  426s
H 3053  2175                     144.0000000   68.00000  52.8%   148  430s
  3057  2178  101.00000   56  605  144.00000   68.00000  52.8%   148  435s
H 3057  2069                     142.0000000   68.00000  52.1%   148  437s
H 3057  1965                     141.0000000   68.00000  51.8%   148  441s
H 3060  1869                     136.0000000   68.00000  50.0%   148  446s
  3061  1870   86.00000   24  326  136.00000   68.00000  50.0%   148  450s
H 3062  1776                     135.0000000   68.00000  49.6%   148  459s
H 3063  1688                     129.0000000   68.00000  47.3%   148  461s
H 3064  1604                     128.0000000   68.00000  46.9%   148  467s
  3066  1605   87.00000   24  503  128.00000   68.00000  46.9%   148  470s
H 3067  1526                     126.0000000   68.00000  46.0%   148  478s
  3068  1526   83.00000   27  374  126.00000   68.00000  46.0%   147  480s
H 3068  1449                     125.0000000   68.00000  45.6%   147  483s
H 3068  1376                     124.0000000   68.00000  45.2%   147  483s
H 3069  1308                     123.0000000   68.00000  44.7%   147  489s
H 3069  1242                     122.0000000   68.00000  44.3%   147  492s
  3071  1243   90.00000   71  573  122.00000   68.00000  44.3%   147  495s
H 3071  1181                     119.0000000   68.00000  42.9%   147  500s
  3073  1183  109.00000   40  536  119.00000   68.00000  42.9%   147  505s
H 3073  1123                     116.0000000   68.00000  41.4%   147  509s
  3074  1123   80.00000   26  369  116.00000   68.00000  41.4%   147  511s
  3077  1125   92.00000   31  503  116.00000   68.02520  41.4%   147  515s
H 3077  1069                     115.0000000   68.18418  40.7%   147  520s
  3080  1071   99.00000   64  442  115.00000   68.36675  40.6%   147  528s
  3081  1072   87.00000   50  623  115.00000   68.36675  40.6%   147  530s
  3082  1073   76.86277   10  289  115.00000   68.52566  40.4%   147  537s
  3084  1074  104.00000   91  461  115.00000   68.56909  40.4%   147  541s
  3085  1075   75.00000   12  418  115.00000   68.96779  40.0%   147  548s
  3087  1076   99.00000   32  438  115.00000   68.99218  40.0%   147  556s
H 3088  1022                     113.0000000   68.99218  38.9%   147  567s
  3089  1022   95.00000   75  472  113.00000   68.99223  38.9%   146  570s
  3091  1024   78.00000   16  237  113.00000   69.00000  38.9%   146  579s
  3092  1024   98.00000   54  431  113.00000   69.00000  38.9%   146  582s
  3093  1025  101.00000   90  546  113.00000   69.00076  38.9%   146  586s
  3096  1030   69.00320   11  375  113.00000   69.00320  38.9%   207  612s
  3098  1033   69.00369   12  371  113.00000   69.00369  38.9%   207  626s
  3102  1040   69.00386   13  547  113.00000   69.00369  38.9%   208  641s
  3110  1053   69.00386   14  622  113.00000   69.00386  38.9%   212  658s
  3126  1080   69.01349   15  599  113.00000   69.00386  38.9%   218  685s
  3158  1101   69.01349   16  647  113.00000   69.00897  38.9%   229  734s
H 3190  1071                     113.0000000   69.00897  38.9%   239  834s
H 3190  1022                     108.0000000   69.00897  36.1%   239  834s
H 3205   970                     106.0000000   69.00897  34.9%   241  834s
H 3209   923                     104.0000000   69.00897  33.6%   241  834s
  3222   951   69.01349   17  644  104.00000   69.00897  33.6%   242  851s
  3254   972   69.01349   17  595  104.00000   69.00897  33.6%   246  862s
  3286  1016   69.01349   18  642  104.00000   69.00897  33.6%   248  879s
  3340  1046   69.01349   19  626  104.00000   69.00897  33.6%   249  896s
  3390  1077   71.00000   19  566  104.00000   69.00897  33.6%   250  907s
  3442  1121   69.01736   20  684  104.00000   69.00897  33.6%   250  925s
  3505  1180   69.01349   20  619  104.00000   69.00897  33.6%   250  934s
  3587  1193   69.01349   22  603  104.00000   69.00897  33.6%   248  946s
  3644  1237   69.01349   22  633  104.00000   69.00897  33.6%   248  958s
  3715  1274   69.01349   23  613  104.00000   69.00897  33.6%   247  978s
  3779  1366   69.01349   24  756  104.00000   69.00897  33.6%   247  984s
  3908  1359   69.06895   24  635  104.00000   69.00897  33.6%   243 1005s
  3971  1386   69.06895   25  619  104.00000   69.00897  33.6%   246 1026s
  4036  1411   69.06895   25  623  104.00000   69.00897  33.6%   249 1046s
  4114  1446   74.00000   26  685  104.00000   69.00897  33.6%   250 1068s
  4203  1564   69.06895   26  645  104.00000   69.00897  33.6%   249 1073s
  4383  1510   69.06895   27  648  104.00000   69.00897  33.6%   242 1097s
  4457  1529   69.06895   27  634  104.00000   69.00897  33.6%   246 1119s
  4519  1562   69.06895   28  676  104.00000   69.00897  33.6%   250 1133s
  4589  1607   69.06895   28  600  104.00000   69.00897  33.6%   253 1153s
  4674  1647   69.06895   29  640  104.00000   69.00897  33.6%   254 1177s
  4765  1822   69.06895   30  653  104.00000   69.00897  33.6%   255 1184s
  5000  1765   69.06895   31  696  104.00000   69.00897  33.6%   249 1210s
  5085  1795   69.06895   31  652  104.00000   69.00897  33.6%   253 1228s
  5159  2010   69.06895   32  678  104.00000   69.00897  33.6%   256 1235s
  5425  1918   69.06895   33  679  104.00000   69.00897  33.6%   249 1303s
H 5431  1792                     102.0000000   69.00897  32.3%   249 1303s
  5515  1766   71.00000   33  690  102.00000   69.00897  32.3%   253 1354s
H 5542  1766                     102.0000000   69.00897  32.3%   255 1354s
  5556  1813   71.00000   34  701  102.00000   69.00897  32.3%   257 1380s
  5631  1829   73.96296   34  675  102.00000   69.00897  32.3%   261 1405s
  5715  1922   79.00000   35  699  102.00000   69.00897  32.3%   264 1427s
  5821  2012   71.00000   35  703  102.00000   69.00897  32.3%   264 1453s
  5929  2102   71.00000   36  575  102.00000   69.00897  32.3%   266 1483s
  6039  2198   78.00000   37  588  102.00000   69.00897  32.3%   268 1505s
  6150  2301   73.00000   38  632  102.00000   69.00897  32.3%   270 1528s
  6279  2386   71.00000   38  639  102.00000   69.00897  32.3%   270 1559s
  6446  2694   79.00000   39  629  102.00000   69.00897  32.3%   271 1582s
  6847  2703   78.00000   41  535  102.00000   69.00897  32.3%   265 1723s
  6940  2792   80.00000   41  509  102.00000   69.00897  32.3%   269 1773s
* 7039  2673             145     101.0000000   69.00897  31.7%   272 1774s
  7063  2782   78.00000   42  527  101.00000   69.00897  31.7%   273 1818s
  7205  2896   78.00000   44  550  101.00000   69.00897  31.7%   274 1861s
  7387  3347   78.00000   46  547  101.00000   69.00897  31.7%   273 1896s
  7995  3371   79.00000   48  538  101.00000   69.00897  31.7%   261 2090s
  8121  3445   82.00000   50  500  101.00000   69.00897  31.7%   267 2126s
H 8128  3296                     100.0000000   69.00897  31.0%   268 2128s
  8233  3418   79.00000   51  545  100.00000   69.00897  31.0%   270 2213s
  8393  3965   79.00000   52  557  100.00000   69.00897  31.0%   271 2359s
  8498  3965   79.00000   62  602  100.00000   69.00897  31.0%   269 2360s
  9072  4029   87.00000   55  451  100.00000   69.00897  31.0%   259 2410s
  9226  4170 infeasible   56       100.00000   69.00897  31.0%   264 2454s
H 9227  4170                     100.0000000   69.00897  31.0%   264 2457s
  9395  4745   87.00000   58  476  100.00000   69.00897  31.0%   264 2733s
H 9578  4605                      99.0000000   69.00897  30.3%   261 2737s
H 9965  4480                      98.0000000   69.00897  29.6%   254 2743s
 10088  4436 infeasible   62        98.00000   69.00917  29.6%   253 2919s
 10252  4470   69.00917   17  628   98.00000   69.00917  29.6%   259 3845s
H10266  4470                      98.0000000   69.00917  29.6%   259 3847s

Cutting planes:
  Learned: 10
  Gomory: 137
  Cover: 206
  Implied bound: 258
  Projected implied bound: 25
  Clique: 44
  MIR: 614
  StrongCG: 22
  Flow cover: 994
  Inf proof: 89
  Zero half: 11
  RLT: 519
  Relax-and-lift: 407

Explored 10289 nodes (2764181 simplex iterations) in 3911.34 seconds (199.12 work units)
Thread count was 32 (of 32 available processors)

Solution count 10: 98 98 99 ... 106

Time limit reached
Best objective 9.799999999010e+01, best bound 6.900917364857e+01, gap 29.5825%

Wrote result file 'RCPSP_728.sol'

