
Gurobi 10.0.3 (linux64, gurobi_cl) logging started Thu Nov  2 11:41:45 2023

Set parameter Username
Set parameter TimeLimit to value 3600
Set parameter LogFile to value "RCPSP_882.log"
Set parameter Threads to value 32
Academic license - for non-commercial use only - expires 2024-10-30
Using license file /home/jrivera6/gurobi-licenses/v1003/compute-0-34/gurobi.lic

Gurobi Optimizer version 10.0.3 build v10.0.3rc0 (linux64)
Copyright (c) 2023, Gurobi Optimization, LLC

Read MPS format model from file RCPSP_882.mps
Reading time = 0.03 seconds
RCPSP_882: 19662 rows, 7750 columns, 68337 nonzeros

CPU model: Intel(R) Xeon(R) Gold 6130 CPU @ 2.10GHz, instruction set [SSE2|AVX|AVX2|AVX512]
Thread count: 32 physical cores, 32 logical processors, using up to 32 threads

Optimize a model with 19662 rows, 7750 columns and 68337 nonzeros
Model fingerprint: 0x0431d760
Variable types: 62 continuous, 7688 integer (7688 binary)
Coefficient statistics:
  Matrix range     [1e+00, 3e+02]
  Objective range  [1e+00, 1e+00]
  Bounds range     [1e+00, 1e+00]
  RHS range        [1e+00, 3e+02]
Presolve removed 10626 rows and 4150 columns
Presolve time: 4.87s
Presolved: 9036 rows, 3600 columns, 31553 nonzeros
Variable types: 61 continuous, 3539 integer (3539 binary)

Root relaxation: objective 8.400000e+01, 1161 iterations, 0.01 seconds (0.01 work units)
Total elapsed time = 5.11s

    Nodes    |    Current Node    |     Objective Bounds      |     Work
 Expl Unexpl |  Obj  Depth IntInf | Incumbent    BestBd   Gap | It/Node Time

     0     0   84.00000    0  100          -   84.00000      -     -    5s
     0     0   84.02286    0  370          -   84.02286      -     -    8s
     0     0   84.03748    0  355          -   84.03748      -     -    8s
     0     0   84.94234    0  388          -   84.94234      -     -    9s
     0     0   84.94234    0  384          -   84.94234      -     -    9s
     0     0   89.87882    0  311          -   89.87882      -     -   10s
     0     0   89.87882    0  301          -   89.87882      -     -   10s
     0     0   89.87882    0  297          -   89.87882      -     -   11s
     0     0   89.87882    0  248          -   89.87882      -     -   11s
     0     0   89.87882    0  164          -   89.87882      -     -   13s
     0     0   89.87882    0  238          -   89.87882      -     -   14s
     0     0   89.87882    0  119          -   89.87882      -     -   15s
     0     0   89.87882    0  217          -   89.87882      -     -   16s
     0     0   89.93099    0  103          -   89.93099      -     -   18s
     0     0   89.93099    0  180          -   89.93099      -     -   18s
     0     0   89.95856    0  283          -   89.95856      -     -   19s
     0     0   89.95856    0  279          -   89.95856      -     -   19s
     0     0   89.95856    0  326          -   89.95856      -     -   20s
     0     0   89.95856    0  275          -   89.95856      -     -   20s
     0     0   89.95858    0  234          -   89.95858      -     -   22s
     0     0   89.95858    0  322          -   89.95858      -     -   23s
     0     0   89.96103    0  308          -   89.96103      -     -   23s
H    0     0                     329.0000000   89.96103  72.7%     -   24s
     0     0   89.96103    0   98  329.00000   89.96103  72.7%     -   25s
     0     2   89.96103    0   91  329.00000   89.96103  72.7%     -   28s
     1     4   89.96294    1  115  329.00000   89.96294  72.7%   519   30s
    14    22   92.39483    4  288  329.00000   92.39483  71.9%   502   36s
    27    43   98.00000    5  337  329.00000   92.92590  71.8%   475   61s
H   28    43                     321.0000000   92.92590  71.1%   458   61s
H   34    43                     318.0000000   92.92590  70.8%   437   61s
H   81    91                     225.0000000   93.00000  58.7%   370  162s
H   82    91                     217.0000000   93.00000  57.1%   368  163s
H   84    91                     212.0000000   93.00000  56.1%   367  163s
H  112    91                     202.0000000   93.00000  54.0%   324  163s
   145   151   98.00000    9  358  202.00000   93.00000  54.0%   278  165s
   353   386   98.00000   16  336  202.00000   93.00000  54.0%   139  170s
   574   623   98.00000   24  290  202.00000   93.00000  54.0%  99.4  175s
H 1232  1151                     191.0000000   93.00000  51.3%  60.2  193s
H 1233  1151                     184.0000000   93.00000  49.5%  60.2  193s
H 1264  1183                     179.0000000   93.00000  48.0%  59.4  332s
H 1265  1183                     175.0000000   93.00000  46.9%  59.4  332s
H 1266  1183                     171.0000000   93.00000  45.6%  59.5  332s
H 1269  1183                     168.0000000   93.00000  44.6%  59.6  332s
H 1284  1183                     165.0000000   93.00000  43.6%  59.4  332s
H 1286  1183                     161.0000000   93.00000  42.2%  59.3  332s
  1508  1546  100.00000   48  264  161.00000   93.00000  42.2%  53.8  335s
  2109  2010  101.00000   61  303  161.00000   93.00000  42.2%  44.9  342s
H 2309  2025                     149.0000000   93.00000  37.6%  43.9  352s
  2620  2464  101.00000   72  244  149.00000   93.00000  37.6%  41.2  356s
  3446  3166  101.00000   91  238  149.00000   93.00000  37.6%  36.8  362s
H 3762  3130                     144.0000000   93.00000  35.4%  35.5  403s
  3763  3129   96.00000   26   98  144.00000   93.00000  35.4%  35.5  405s
H 3769  2976                     143.0000000   93.00000  35.0%  35.4  410s
H 3770  2828                     138.0000000   93.00000  32.6%  35.4  413s
H 3771  2686                     135.0000000   93.00000  31.1%  35.4  413s
H 3771  2552                     131.0000000   93.00000  29.0%  35.4  413s
  3774  2554  112.00000   29  156  131.00000   93.00000  29.0%  35.4  416s
H 3778  2429                     128.0000000   93.00000  27.3%  35.4  419s
  3779  2430  101.00000   62  264  128.00000   93.00000  27.3%  35.3  420s
H 3781  2309                     127.0000000   93.00000  26.8%  35.3  426s
H 3784  2195                     126.0000000   93.00000  26.2%  35.3  432s
  3788  2198  101.00000   62  224  126.00000   93.00000  26.2%  35.3  435s
H 3788  2088                     125.0000000   93.00000  25.6%  35.3  437s
  3790  2089  109.00000   32  241  125.00000   93.00000  25.6%  35.2  440s
H 3791  1985                     124.0000000   93.00000  25.0%  35.2  446s
  3794  1987  112.00000   66  216  124.00000   93.00000  25.0%  35.2  452s
  3796  1988  124.00000   88  229  124.00000   93.00000  25.0%  35.2  458s
  3799  1993   93.00000   14  140  124.00000   93.00000  25.0%  52.5  470s
  3805  2003   93.00000   16  246  124.00000   93.00000  25.0%  53.1  480s
  3813  2016   93.00000   17  280  124.00000   93.00000  25.0%  53.8  485s
  3829  2043   93.00000   18  261  124.00000   93.00000  25.0%  55.1  495s
H 3831  1942                     124.0000000   93.00000  25.0%  55.1  495s
H 3893  1890                     123.0000000   93.00000  24.4%  57.1  528s
H 3896  1799                     122.0000000   93.00000  23.8%  57.4  528s
H 3898  1712                     121.0000000   93.00000  23.1%  57.5  528s
H 3917  1625                     120.0000000   93.00000  22.5%  57.5  528s
  3925  1652   93.00000   20  286  120.00000   93.00000  22.5%  57.8  533s
  3957  1669   93.00000   20  280  120.00000   93.00000  22.5%  57.9  538s
  3989  1691   93.00000   21  284  120.00000   93.00000  22.5%  58.1  545s
H 4023  1629                     119.0000000   93.00000  21.8%  58.3  594s
  4055  1655   93.00000   22  279  119.00000   93.00000  21.8%  58.9  600s
  4101  1660   93.00000   22  248  119.00000   93.00000  21.8%  59.3  605s
  4144  1686   93.00000   23  242  119.00000   93.00000  21.8%  59.6  611s
  4194  1711   93.00000   24  262  119.00000   93.00000  21.8%  60.1  618s
  4253  1728   95.89345   24  344  119.00000   93.00000  21.8%  60.3  625s
  4308  1748   93.00000   25  260  119.00000   93.00000  21.8%  60.3  634s
  4373  1772   93.00000   26  262  119.00000   93.00000  21.8%  60.4  641s
  4437  1799   99.00000   27  266  119.00000   93.00000  21.8%  60.4  646s
  4509  1813   93.00000   27  267  119.00000   93.00000  21.8%  60.0  653s
  4585  1829   93.00000   28  301  119.00000   93.00000  21.8%  59.9  659s
  4653  1916   96.24275   28  289  119.00000   93.00000  21.8%  60.9  666s
  5003  1934   94.00000   30  283  119.00000   93.00000  21.8%  58.9  678s
  5083  1933   97.00000   31  299  119.00000   93.00000  21.8%  60.4  689s
  5121  1991   94.00000   31  307  119.00000   93.00000  21.8%  61.9  694s
  5209  2103   94.00000   32  295  119.00000   93.00000  21.8%  62.3  698s
  5402  2059   97.00000   33  293  119.00000   93.00000  21.8%  61.5  708s
  5466  2186   98.00000   34  315  119.00000   93.00000  21.8%  62.7  712s
  5656  2152   97.00000   35  293  119.00000   93.00000  21.8%  62.6  720s
  5717  2318  102.00000   36  307  119.00000   93.00000  21.8%  63.5  726s
  5936  2259   97.00000   38  316  119.00000   93.00000  21.8%  63.1  737s
  6015  2437   97.00000   39  331  119.00000   93.00000  21.8%  64.4  742s
  6242  2387   97.00000   41  298  119.00000   93.00000  21.8%  64.2  752s
  6307  2596   97.00000   41  325  119.00000   93.00000  21.8%  65.7  757s
  6606  2507  101.00000   43  267  119.00000   93.00000  21.8%  65.0  774s
  6691  2538  101.00000   44  266  119.00000   93.00000  21.8%  67.5  783s
  6758  2887  104.55647   45  263  119.00000   93.00000  21.8%  68.5  788s
  7197  2801 infeasible   55       119.00000   93.00000  21.8%  67.4  801s
  7335  3043   93.00000   21  344  119.00000   93.00000  21.8%  68.6  810s
  7823  2896   94.00000   29  208  119.00000   93.00000  21.8%  67.4  818s
  7892  2949  100.00000   30  195  119.00000   93.00000  21.8%  69.1  828s
  7977  3052  100.00000   32  184  119.00000   93.00000  21.8%  70.3  838s
  8149  3032 infeasible   35       119.00000   93.00000  21.8%  70.0  854s
  8236  3414  100.00000   35  239  119.00000   93.00000  21.8%  71.0  861s
  8742  3491 infeasible   42       119.00000   93.00000  21.8%  69.4  874s
  8915  3900   93.00000   22  339  119.00000   93.00000  21.8%  70.2  887s
  9495  3927  109.00000   32  221  119.00000   93.00000  21.8%  68.5  901s
  9588  4395  113.00000   34  222  119.00000   93.00000  21.8%  70.4  915s
 10382  4415  116.00000   51  203  119.00000   93.00000  21.8%  67.8  933s
 10490  4516   93.00000   23  292  119.00000   93.00000  21.8%  69.5  944s
 10626  5061   93.00000   29  247  119.00000   93.00000  21.8%  70.0  954s
 11586  5537 infeasible   44       119.00000   93.00000  21.8%  67.7  971s
 12357  5584  101.00000   26  284  119.00000   93.00000  21.8%  67.2  987s
 12482  6195  101.00000   27  310  119.00000   93.00000  21.8%  68.5  999s
 13351  6195  116.00000   44  238  119.00000   93.00000  21.8%  67.6 1000s
 13479  6256 infeasible   47       119.00000   93.00000  21.8%  67.6 1014s
 13576  6423   93.00000   27  298  119.00000   93.00000  21.8%  69.2 1031s
 13785  6962   95.00000   29  277  119.00000   93.00000  21.8%  70.3 1047s
 14622  7788  103.75000   51  207  119.00000   93.00000  21.8%  69.4 1063s
 16230  7893 infeasible  118       119.00000   93.00000  21.8%  66.8 1082s
 16435  8824   95.00000   32  295  119.00000   93.00000  21.8%  68.0 1099s
 17247  8824   98.00000   35  313  119.00000   93.00000  21.8%  67.1 1100s
 18083  8893   93.00000   30  313  119.00000   93.00000  21.8%  66.0 1121s
H18153  8202                     118.0000000   93.00000  21.2%  66.6 1121s
 18202  8359   97.00000   34  285  118.00000   93.00000  21.2%  67.2 1141s
 18417  9319  104.38462   42  281  118.00000   93.00000  21.2%  68.1 1159s
 20110  9319  100.00000   38  237  118.00000   93.00000  21.2%  66.2 1161s
H20124  8811                     117.0000000   93.00000  20.5%  66.3 1182s
 20218  8967 infeasible   36       117.00000   93.00000  20.5%  67.4 1211s
H20221  8962                     117.0000000   93.00000  20.5%  67.5 1211s
 20464  8994   93.00000   26  343  117.00000   93.00000  20.5%  68.4 1272s
H20489  8489                     116.0000000   93.00000  19.8%  68.5 1272s
H20496  8489                     116.0000000   93.00000  19.8%  68.5 1442s
 20558  8609  102.00000   28  293  116.00000   93.00000  19.8%  69.1 1466s
 20795  8732  102.00000   32  266  116.00000   93.00000  19.8%  70.0 1501s
 21080  8927  107.00000   37  211  116.00000   93.00000  19.8%  71.1 1535s
 21423  9083   93.89345   29  336  116.00000   93.00000  19.8%  72.0 1565s
*21701  8709              85     115.0000000   93.00000  19.1%  72.7 1566s
 21733  8918  106.00000   34  236  115.00000   93.00000  19.1%  73.0 1602s
*21972  8523              99     114.0000000   93.00000  18.4%  73.1 1602s
 22149  8529   93.89345   30  302  114.00000   93.00000  18.4%  73.6 1636s
 22419  8652 infeasible   37       114.00000   93.00000  18.4%  75.3 1671s
 22775  8788 infeasible   41       114.00000   93.00000  18.4%  76.7 1706s
H23088  8356                     113.0000000   93.00000  17.7%  78.1 1745s
 23454  8446 infeasible   43       113.00000   93.00000  17.7%  79.1 1781s
 23843  8637   97.00000   31  267  113.00000   93.00000  17.7%  80.7 1826s
 24273  9737  105.00000   34  228  113.00000   93.00000  17.7%  82.3 1859s
 24876  9737   99.00000   37  283  113.00000   93.00000  17.7%  81.8 1860s
H25025  9737                     113.0000000   93.00000  17.7%  81.8 1860s
 26694  9865 infeasible   72       113.00000   93.00000  17.7%  80.9 1902s
 26969 10031  106.00000   34  188  113.00000   93.00000  17.7%  82.5 1947s
 27484 10951   93.00000   29  390  113.00000   93.00000  17.7%  83.5 1980s
 29716 11152   93.00000   28  414  113.00000   93.00000  17.7%  82.3 2095s
 30349 14583  102.00000   33  273  113.00000   93.00000  17.7%  85.6 2193s
 37097 14673  108.02761   40  215  113.00000   93.00000  17.7%  83.5 2232s
 37391 14812  112.00000   38  138  113.00000   93.00000  17.7%  85.1 2287s
 37843 14849   99.00000   39  286  113.00000   93.00000  17.7%  86.2 2351s
H37887 14849                     113.0000000   93.00000  17.7%  86.5 2352s
 37926 15037   99.00000   41  272  113.00000   93.00000  17.7%  86.5 2398s
 38410 15280 infeasible   48       113.00000   93.00000  17.7%  87.3 2448s
 38996 15563  112.00000   75   90  113.00000   93.00000  17.7%  88.3 2509s
 39623 17127   96.00000   38  291  113.00000   93.00000  17.7%  89.0 2552s
 42971 17352   99.00000   37  280  113.00000   93.00000  17.7%  87.3 2613s
 43457 19044   93.00000   32  353  113.00000   93.00000  17.7%  88.7 2656s
 47424 19231   98.00000   34  314  113.00000   93.00000  17.7%  86.5 2715s
 47887 19495  108.00000   43  200  113.00000   93.00000  17.7%  87.9 2775s
 48554 20939  100.91444   31  241  113.00000   93.00000  17.7%  89.2 2827s
 51448 21182  100.00000   35  322  113.00000   93.00000  17.7%  88.1 2899s
 52106 23281  110.00000   42  254  113.00000   93.00000  17.7%  89.5 3043s
 56489 23560 infeasible   31       113.00000   93.00000  17.7%  88.0 3109s
 56560 23560 infeasible   67       113.00000   93.00000  17.7%  88.1 3110s
 57195 25590   93.57539   37  322  113.00000   93.00000  17.7%  89.3 3197s
 61510 25591  101.00000   42   98  113.00000   93.00000  17.7%  87.8 3267s
 61512 25592   96.89345   36  108  113.00000   93.00000  17.7%  87.8 3272s
 61514 25594  104.00000   33  290  113.00000   93.00000  17.7%  87.8 3275s
 61517 25596   95.89345   28  258  113.00000   93.00000  17.7%  87.7 3280s
 61521 25598  104.00000   39  155  113.00000   93.00000  17.7%  87.7 3287s
 61523 25600   94.46667   35  191  113.00000   93.00000  17.7%  87.7 3290s
 61526 25602  112.00000   34  163  113.00000   93.00000  17.7%  87.7 3295s
 61528 25606   93.00000   27   84  113.00000   93.00000  17.7%  88.4 3312s
 61530 25609   93.00000   28  108  113.00000   93.00000  17.7%  88.4 3315s
 61542 25629   93.00000   30  105  113.00000   93.00000  17.7%  88.4 3320s
 61558 25651   93.00000   31  105  113.00000   93.00000  17.7%  88.4 3329s
 61590 25666   93.00000   32  101  113.00000   93.00000  17.7%  88.4 3333s
 61622 25680   93.00000   33  102  113.00000   93.00000  17.7%  88.4 3345s
 61654 25694  102.00000   33  109  113.00000   93.00000  17.7%  88.4 3350s
 61686 25707   93.00000   34  113  113.00000   93.00000  17.7%  88.4 3382s
 61718 25726   96.56680   34  224  113.00000   93.00000  17.7%  88.4 3387s
 61751 25756   93.00000   35  113  113.00000   93.00000  17.7%  88.4 3393s
 61802 25780   93.00000   36  112  113.00000   93.00000  17.7%  88.3 3399s
 61855 25791   93.00000   36  171  113.00000   93.00000  17.7%  88.3 3435s
 61888 25823   93.00000   37  112  113.00000   93.00000  17.7%  88.3 3440s
 61945 25847   94.00000   38  118  113.00000   93.00000  17.7%  88.2 3448s
 61998 25873   97.00000   38  170  113.00000   93.00000  17.7%  88.2 3452s
 62057 25891   94.00000   39  116  113.00000   93.00000  17.7%  88.1 3458s
 62115 25916   94.00000   40  192  113.00000   93.00000  17.7%  88.2 3466s
 62177 25928   94.00000   41  169  113.00000   93.00000  17.7%  88.1 3471s
 62231 25946   94.00000   42  169  113.00000   93.00000  17.7%  88.1 3475s
 62306 25953   94.00000   43  206  113.00000   93.00000  17.7%  88.0 3482s
 62374 25959  103.00000   44  263  113.00000   93.00000  17.7%  88.0 3490s
 62444 25976   96.00000   45  196  113.00000   93.00000  17.7%  88.0 3497s
 62521 26002  103.00000   46  198  113.00000   93.00000  17.7%  87.9 3501s
 62606 26025   98.00000   47  231  113.00000   93.00000  17.7%  87.8 3506s
 62689 26035   98.00000   48  231  113.00000   93.00000  17.7%  87.8 3511s
 63034 26103   98.00000   53  252  113.00000   93.00000  17.7%  87.4 3523s
 63130 26295   98.00000   53  212  113.00000   93.00000  17.7%  87.4 3525s
 63416 26208   99.00000   59  256  113.00000   93.00000  17.7%  87.1 3533s
 63500 26397   99.00000   60  254  113.00000   93.00000  17.7%  87.1 3536s
 63801 26465  100.00000   65  223  113.00000   93.00000  17.7%  86.8 3540s
 64124 26343  104.00000   70  206  113.00000   93.00000  17.7%  86.5 3548s
 64218 26477  101.00000   71  232  113.00000   93.00000  17.7%  86.5 3551s
 64469 26382  102.00000   73  177  113.00000   93.00000  17.7%  86.2 3557s
 64559 26697  102.00000   74  184  113.00000   93.00000  17.7%  86.2 3560s
 65625 26720 infeasible   92       113.00000   93.00000  17.7%  85.1 3570s
 66417 27364   93.00000   39  253  113.00000   93.00000  17.7%  84.3 3576s
 67199 27065  104.00000   41  228  113.00000   93.00000  17.7%  83.5 3581s
 68126 27238  110.00000   48  196  113.00000   93.00000  17.7%  82.6 3591s
 68210 27239  112.00000   50  179  113.00000   93.00000  17.7%  82.6 3600s

Cutting planes:
  Gomory: 4
  Cover: 23
  Implied bound: 1
  Clique: 13
  MIR: 28
  StrongCG: 5
  Flow cover: 79
  Inf proof: 2
  Relax-and-lift: 22

Explored 68245 nodes (5662463 simplex iterations) in 3601.19 seconds (156.04 work units)
Thread count was 32 (of 32 available processors)

Solution count 10: 113 113 114 ... 119

Time limit reached
Best objective 1.129999999772e+02, best bound 9.300000000000e+01, gap 17.6991%

Wrote result file 'RCPSP_882.sol'

