
Gurobi 10.0.3 (linux64, gurobi_cl) logging started Thu Nov  2 11:34:20 2023

Set parameter Username
Set parameter TimeLimit to value 3600
Set parameter LogFile to value "RCPSP_525.log"
Set parameter Threads to value 32
Academic license - for non-commercial use only - expires 2024-10-30
Using license file /home/jrivera6/gurobi-licenses/v1003/compute-0-39/gurobi.lic

Gurobi Optimizer version 10.0.3 build v10.0.3rc0 (linux64)
Copyright (c) 2023, Gurobi Optimization, LLC

Read MPS format model from file RCPSP_525.mps
Reading time = 0.02 seconds
RCPSP_525: 19624 rows, 7750 columns, 64639 nonzeros

CPU model: Intel(R) Xeon(R) Gold 6242 CPU @ 2.80GHz, instruction set [SSE2|AVX|AVX2|AVX512]
Thread count: 32 physical cores, 32 logical processors, using up to 32 threads

Optimize a model with 19624 rows, 7750 columns and 64639 nonzeros
Model fingerprint: 0x98661665
Variable types: 62 continuous, 7688 integer (7688 binary)
Coefficient statistics:
  Matrix range     [1e+00, 4e+02]
  Objective range  [1e+00, 1e+00]
  Bounds range     [1e+00, 1e+00]
  RHS range        [1e+00, 4e+02]
Presolve removed 10031 rows and 3819 columns
Presolve time: 2.74s
Presolved: 9593 rows, 3931 columns, 31928 nonzeros
Variable types: 61 continuous, 3870 integer (3870 binary)

Root relaxation: objective 8.300000e+01, 1282 iterations, 0.02 seconds (0.01 work units)

    Nodes    |    Current Node    |     Objective Bounds      |     Work
 Expl Unexpl |  Obj  Depth IntInf | Incumbent    BestBd   Gap | It/Node Time

     0     0   83.00000    0   59          -   83.00000      -     -    3s
     0     0   83.00239    0  355          -   83.00239      -     -    5s
     0     0   83.00239    0  354          -   83.00239      -     -    5s
     0     0   83.66832    0  374          -   83.66832      -     -    6s
     0     0   83.66891    0  338          -   83.66891      -     -    7s
     0     0   85.72904    0  329          -   85.72904      -     -    8s
     0     0   85.72904    0  377          -   85.72904      -     -    8s
     0     0   87.01191    0  372          -   87.01191      -     -    9s
     0     0   87.01750    0  278          -   87.01750      -     -    9s
     0     0   87.33468    0  272          -   87.33468      -     -    9s
     0     0   87.33468    0  270          -   87.33468      -     -   10s
     0     0   87.62944    0  268          -   87.62944      -     -   10s
     0     0   87.62944    0  281          -   87.62944      -     -   11s
     0     0   87.94580    0  281          -   87.94580      -     -   11s
     0     0   87.94580    0  296          -   87.94580      -     -   13s
     0     0   87.94580    0  317          -   87.94580      -     -   14s
     0     0   87.94580    0  320          -   87.94580      -     -   14s
     0     0   87.94580    0  179          -   87.94580      -     -   15s
     0     0   87.94580    0  200          -   87.94580      -     -   16s
     0     0   88.15251    0  151          -   88.15251      -     -   17s
     0     0   88.15251    0  153          -   88.15251      -     -   18s
     0     0   88.15251    0  212          -   88.15251      -     -   18s
     0     0   88.15251    0  236          -   88.15251      -     -   18s
     0     0   88.15251    0   98          -   88.15251      -     -   20s
     0     0   88.15251    0  150          -   88.15251      -     -   20s
     0     0   88.15251    0  138          -   88.15251      -     -   21s
     0     0   88.15251    0  181          -   88.15251      -     -   21s
     0     0   88.15251    0  111          -   88.15251      -     -   23s
     0     0   88.15251    0   67          -   88.15251      -     -   24s
     0     2   88.15251    0   58          -   88.15251      -     -   28s
     7    13   93.11282    3  233          -   89.99697      -   216   31s
    53    62   93.11282    6  197          -   91.11282      -   160   35s
   181   186   95.11282    9  185          -   91.11282      -   144   40s
   494   532   95.11282   18  185          -   91.11282      -  65.5   45s
  1093  1064   91.73884    8  212          -   91.11282      -  43.0   50s
  1536  1389  109.00000   24  227          -   91.11282      -  43.8   55s
  2219  2095  100.00000   47  219          -   91.11282      -  41.8   60s
  2766  2511  102.00000   58  179          -   91.11282      -  40.5   65s
  3646  3324  102.00000   91  171          -   91.11282      -  37.7   71s
  4648  4028 infeasible  120               -   91.11282      -  34.9   76s
  4902  4272  102.00000  126  148          -   91.11282      -  34.9   94s
  5215  4273  121.11282   71   67          -   91.11282      -  34.3  106s
  5218  4275  120.00000   67   58          -   91.11282      -  34.3  112s
  5220  4276  124.00000   32   53          -   91.11282      -  34.3  115s
  5228  4282  100.11282   21   98          -   91.19785      -  34.2  123s
  5230  4283  103.11282   83  117          -   91.19785      -  34.2  126s
H 5231  4069                     157.0000000   91.21895  41.9%  34.2  138s
  5233  4070  103.01087   45  183  157.00000   91.22875  41.9%  34.2  140s
H 5235  3867                     144.0000000   91.26934  36.6%  34.2  144s
H 5236  3676                     143.0000000   91.26934  36.2%  41.6  149s
  5237  3678   93.00000   10  207  143.00000   91.27187  36.2%  41.9  152s
  5239  3681   93.00000   11  255  143.00000   91.32539  36.1%  41.9  156s
  5243  3688   93.99211   12  238  143.00000   92.25279  35.5%  42.2  162s
  5251  3701   95.99211   13  278  143.00000   92.26459  35.5%  42.8  167s
H 5267  3544                     142.0000000   92.26459  35.0%  43.8  185s
H 5268  3368                     138.0000000   92.26459  33.1%  43.9  185s
H 5270  3202                     137.0000000   92.26459  32.7%  44.0  185s
  5331  3245   95.99211   15  266  137.00000   93.60446  31.7%  48.0  192s
  5363  3267  104.11282   16  320  137.00000   93.60446  31.7%  48.5  196s
  5427  3313   95.99211   17  261  137.00000   93.60446  31.7%  49.0  201s
  5500  3366   95.99211   18  340  137.00000   93.60446  31.7%  49.4  207s
  5540  3392  108.00000   18  233  137.00000   93.60446  31.7%  49.4  210s
  5618  3468   95.99211   19  304  137.00000   93.60446  31.7%  49.5  216s
  5753  3528   96.00000   20  327  137.00000   93.60446  31.7%  49.5  222s
  5872  3599   96.00000   21  340  137.00000   93.60446  31.7%  49.2  228s
  5919  3672   96.00000   22  311  137.00000   93.60446  31.7%  49.3  230s
  6123  3746   97.00000   24  299  137.00000   93.60446  31.7%  48.6  237s
H 6327  3690                     135.0000000   93.60446  30.7%  47.9  247s
H 6330  3539                     130.0000000   93.60446  28.0%  47.9  248s
H 6345  3392                     129.0000000   93.60446  27.4%  48.0  248s
  6360  3387   97.00000   26  313  129.00000   93.60446  27.4%  47.9  256s
  6440  3413   97.00000   26  301  129.00000   93.60446  27.4%  48.4  262s
  6697  3735   99.00000   28  293  129.00000   93.60446  27.4%  48.0  265s
  7267  4015  105.00000   31  246  129.00000   93.60446  27.4%  45.8  273s
  7579  3871  115.00000   34  259  129.00000   93.60446  27.4%  44.8  279s
  7642  4099  105.00000   35  277  129.00000   93.60446  27.4%  45.6  285s
  7949  4015  106.00000   41  251  129.00000   93.60446  27.4%  45.0  292s
  8004  4314  106.00000   42  243  129.00000   93.60446  27.4%  45.3  296s
  8370  4338  106.00000   48  286  129.00000   93.60446  27.4%  44.5  315s
H 8403  4083                     128.0000000   93.60446  26.9%  44.5  315s
H 8404  3890                     126.0000000   93.60446  25.7%  44.5  315s
H 8466  3705                     125.0000000   93.60446  25.1%  44.3  315s
H 8514  3429                     123.0000000   93.60446  23.9%  44.1  315s
  8554  3370  109.00000   51  252  123.00000   93.60446  23.9%  44.0  322s
  8642  3375  109.00000   51  290  123.00000   93.60446  23.9%  45.0  328s
  8691  3767  109.00000   52  264  123.00000   93.60446  23.9%  45.8  331s
  9155  3640  121.00000   61  205  123.00000   93.60446  23.9%  44.8  337s
  9218  3901  109.00000   62  266  123.00000   93.60446  23.9%  45.2  341s
H 9580  3431                     122.0000000   93.60446  23.3%  44.2  349s
H 9584  3244                     121.0000000   93.60446  22.6%  44.2  349s
  9621  3217  114.00000   66  321  121.00000   93.60446  22.6%  44.3  356s
  9703  3226  111.00000   67  274  121.00000   93.60446  22.6%  45.2  367s
  9758  3567  109.00000   68  276  121.00000   93.60446  22.6%  46.0  373s
 10199  3933  109.00000   75  283  121.00000   93.60446  22.6%  45.7  379s
 10889  3701 infeasible   89       121.00000   93.60446  22.6%  44.2  390s
H10894  3134                     119.0000000   93.60446  21.3%  44.2  390s
H10899  2987                     118.0000000   93.60446  20.7%  44.2  390s
 10953  2979 infeasible   90       118.00000   93.60446  20.7%  44.9  398s
 11041  3279 infeasible   91       118.00000   93.60446  20.7%  45.7  405s
 11449  3286 infeasible  100       118.00000   93.60446  20.7%  45.8  416s
 11510  3770  116.00000   98  179  118.00000   93.60446  20.7%  46.7  421s
 12156  3755 infeasible  110       118.00000   95.00000  19.5%  46.0  435s
 12252  3812  100.11282   16  304  118.00000   95.00000  19.5%  47.3  444s
 12337  3844  103.00000   18  291  118.00000   95.00000  19.5%  47.7  472s
H12338  3649                     117.0000000   95.00000  18.8%  47.7  472s
H12340  3168                     115.0000000   95.00000  17.4%  47.7  472s
 12369  3172  108.00000   19  226  115.00000   95.00000  17.4%  47.9  482s
 12459  3206  109.00000   21  216  115.00000   95.00000  17.4%  48.6  492s
 12522  3263  113.00000   23  229  115.00000   95.00000  17.4%  49.3  502s
 12609  3837  113.00000   25  213  115.00000   95.00000  17.4%  49.7  509s
 13502  3860   95.00000   21  260  115.00000   95.00000  17.4%  48.3  519s
 13543  3858   95.11282   22  231  115.00000   95.00000  17.4%  48.5  530s
 13629  3922   95.11282   23  277  115.00000   95.00000  17.4%  49.5  538s
 13708  4541   95.11282   24  257  115.00000   95.00000  17.4%  50.0  543s
 14626  4539  113.00000   30  202  115.00000   95.00000  17.4%  49.0  554s
 14714  4872  113.00000   31  162  115.00000   95.00000  17.4%  49.9  562s
 15193  4909   95.11282   21  276  115.00000   95.00000  17.4%  49.6  574s
*15219  4880              98     115.0000000   95.00000  17.4%  49.8  574s
 15294  5696   95.11282   23  276  115.00000   95.00000  17.4%  50.3  582s
 16420  5712  103.00000   46  297  115.00000   95.00000  17.4%  48.9  597s
 16517  6483  103.00000   48  299  115.00000   95.00000  17.4%  49.8  605s
 17665  6478 infeasible  112       115.00000   95.00000  17.4%  48.3  615s
*17746  5810             169     114.0000000   95.00000  16.7%  48.9  615s
 17786  6190   95.11282   22  326  114.00000   95.00000  16.7%  49.3  624s
 18506  6190 infeasible   25       114.00000   95.00000  16.7%  49.8  637s
 18589  6779   95.11282   23  333  114.00000   95.00000  16.7%  51.0  644s
 19503  6770 infeasible   27       114.00000   95.00000  16.7%  50.9  661s
 19614  6776 infeasible   27       114.00000   95.00000  16.7%  52.0  677s
H19669  6142                     113.0000000   95.00000  15.9%  52.4  677s
 19670  6174     cutoff   27       113.00000   95.00000  15.9%  52.4  693s
 19789  6881   97.11282   29  256  113.00000   95.00000  15.9%  53.0  703s
 20996  6872  107.00000   31  323  113.00000   95.00000  15.9%  51.9  715s
 21144  7501 infeasible   30       113.00000   95.00000  15.9%  52.5  723s
 22227  7502  108.00000   35  237  113.00000   95.00000  15.9%  52.2  741s
 22351  8705  107.00000   35  314  113.00000   95.00000  15.9%  53.4  749s
*23551  7738             111     112.0000000   95.00000  15.2%  52.5  750s
 23919  7465     cutoff   47       112.00000   95.00000  15.2%  52.1  771s
 24036  7526     cutoff   48       112.00000   95.11282  15.1%  53.1  788s
 24158  8017   95.11282   22  362  112.00000   95.11282  15.1%  53.7  799s
 25048  8170   95.11282   25  282  112.00000   95.11282  15.1%  52.9  814s
 25366  8247 infeasible   28       112.00000   95.11282  15.1%  53.4  829s
H25371  7498                     111.0000000   95.11282  14.3%  53.4  829s
 25463  8252   98.00000   32  286  111.00000   95.11282  14.3%  53.7  841s
 26902  8265   95.11282   30  318  111.00000   95.11282  14.3%  53.2  857s
 27043  8959  100.00000   32  326  111.00000   95.11282  14.3%  54.3  868s
*27145  8956              84     111.0000000   95.11282  14.3%  54.2  868s
*27945  8269             116     110.0000000   95.11282  13.5%  54.3  868s
 28358  8201  106.00000   31  283  110.00000   95.11282  13.5%  54.3  890s
 28477  8476  106.00000   33  235  110.00000   95.11282  13.5%  55.8  912s
 29059  8477  105.00000   35   67  110.00000   95.11282  13.5%  56.5  929s
 29061  8478  107.13043   27   59  110.00000   95.11282  13.5%  56.5  931s
H29061  8054                     109.0000000   95.11282  12.7%  56.5  933s
 29064  8056  108.00000   63  215  109.00000   95.11282  12.7%  56.5  935s
 29068  8059  108.00000   72  187  109.00000   95.11282  12.7%  56.5  941s
 29071  8061  105.00000   46  190  109.00000   95.11282  12.7%  56.5  945s
 29074  8063  107.00000   96  203  109.00000   95.11282  12.7%  56.5  950s
 29078  8066  109.00000   73  133  109.00000   95.11282  12.7%  56.5  955s
 29080  8067  105.00000   48  156  109.00000   95.11282  12.7%  56.5  960s
 29082  8068  101.00000   66  123  109.00000   95.11282  12.7%  56.5  965s
 29087  8072  100.00000   39   98  109.00000   95.11282  12.7%  56.5  970s
 29090  8074  100.00000   44  220  109.00000   95.11282  12.7%  56.5  975s
 29092  8075  102.00000   28  242  109.00000   95.11282  12.7%  56.4  980s
 29094  8076  107.00000   69  402  109.00000   95.11282  12.7%  56.4  985s
 29096  8078  107.00000   34  129  109.00000   95.11282  12.7%  56.4  990s
 29098  8079   98.00000   47   78  109.00000   95.11282  12.7%  56.4  995s
 29100  8080   97.95756   43  110  109.00000   95.11282  12.7%  56.4 1000s
 29103  8082   98.00000   44  243  109.00000   95.11282  12.7%  56.4 1006s
 29107  8088   95.11282   24  227  109.00000   95.11282  12.7%  59.6 1019s
 29109  8091   95.11282   25  288  109.00000   95.11282  12.7%  59.6 1025s
 29113  8098   95.11282   26  254  109.00000   95.11282  12.7%  59.7 1032s
 29121  8110   95.11282   27  247  109.00000   95.11282  12.7%  59.7 1038s
 29137  8124   95.11282   28  243  109.00000   95.11282  12.7%  59.8 1047s
H29138  7719                     109.0000000   95.11282  12.7%  59.8 1047s
 29168  7731   95.99211   29  242  109.00000   95.11282  12.7%  59.8 1054s
 29200  7737   95.99211   30  249  109.00000   95.11282  12.7%  59.9 1067s
 29232  7746  102.00000   30  164  109.00000   95.11282  12.7%  60.0 1082s
 29264  7763   95.99211   31  244  109.00000   95.11282  12.7%  60.0 1090s
 29296  7775   95.99211   31  240  109.00000   95.11282  12.7%  60.0 1096s
 29363  7801  103.00000   32  197  109.00000   95.11282  12.7%  60.0 1105s
 29620  7915   95.99211   37  242  109.00000   95.11282  12.7%  59.8 1126s
 29654  7889   98.00000   37  209  109.00000   95.11282  12.7%  59.7 1144s
 29714  7887   95.99211   38  241  109.00000   95.11282  12.7%  59.8 1149s
 29753  7907   95.99211   38  238  109.00000   95.11282  12.7%  59.8 1161s
 29799  7925   98.11282   39  234  109.00000   95.11282  12.7%  59.8 1166s
 29975  8064   97.11282   41  240  109.00000   95.11282  12.7%  59.6 1171s
 30219  8104   97.11282   44  247  109.00000   95.11282  12.7%  59.2 1300s
H30224  7718                     108.0000000   95.11282  11.9%  59.3 1300s
 30268  7718   97.11282   44  250  108.00000   95.11282  11.9%  59.3 1310s
 30317  7729  100.00000   45  206  108.00000   95.11282  11.9%  59.3 1321s
 30367  7737   97.11282   46  237  108.00000   95.11282  11.9%  59.4 1332s
 30413  7757   97.11282   46  232  108.00000   95.11282  11.9%  59.4 1342s
 30465  7772   97.11282   47  215  108.00000   95.11282  11.9%  59.4 1350s
 30516  7784   97.11282   47  233  108.00000   95.11282  11.9%  59.4 1358s
 30567  7797   97.11282   48  214  108.00000   95.11282  11.9%  59.4 1368s
 30621  7823  104.00000   48  166  108.00000   95.11282  11.9%  59.4 1377s
 30680  7827   97.11282   49  216  108.00000   95.11282  11.9%  59.4 1389s
 30737  7846 infeasible   49       108.00000   95.11282  11.9%  59.5 1403s
 30796  7873   98.00000   50  222  108.00000   95.11282  11.9%  59.5 1413s
 30866  7897  100.00000   51  215  108.00000   95.11282  11.9%  59.5 1422s
 30939  7904   98.00000   52  233  108.00000   95.11282  11.9%  59.5 1431s
 31035  7915   98.00000   52  212  108.00000   95.11282  11.9%  59.5 1443s
 31114  7935   98.00000   53  240  108.00000   95.11282  11.9%  59.5 1460s
 31214  7944   98.00000   54  224  108.00000   95.11282  11.9%  59.4 1471s
 31303  7949  102.00000   54  246  108.00000   95.11282  11.9%  59.5 1484s
 31400  8129   98.00000   55  226  108.00000   95.11282  11.9%  59.5 1501s
 31750  8030  103.00000   59  217  108.00000   95.11282  11.9%  59.2 1515s
 31853  8023   98.00000   60  223  108.00000   95.11282  11.9%  59.2 1793s
H31861  7654                     107.0000000   95.11282  11.1%  59.2 1797s
 31886  7617  101.00000   60  232  107.00000   95.11282  11.1%  59.2 1890s
H31893  7267                     106.0000000   95.11282  10.3%  59.2 1891s
H31894  6937                     106.0000000   95.11282  10.3%  59.2 1893s
 31964  6909   98.00000   61  225  106.00000   95.11282  10.3%  59.3 1976s
 32073  6909 infeasible   62       106.00000   95.11282  10.3%  59.4 1989s
 32174  6932   98.00000   64  220  106.00000   95.11282  10.3%  59.4 2005s
 32276  6978   98.00000   65  216  106.00000   95.11282  10.3%  59.4 2016s
 32394  6955 infeasible   66       106.00000   95.11282  10.3%  59.3 2030s
 32504  6923 infeasible   68       106.00000   95.11282  10.3%  59.3 2094s
 32629  6890 infeasible   69       106.00000   95.11282  10.3%  59.3 2184s
 32762  6869   97.00000   30  207  106.00000   95.99211  9.44%  59.3 2198s
 32927  6767 infeasible   32       106.00000   95.99211  9.44%  59.2 2247s
 33102  6733  100.11282   33  215  106.00000   95.99211  9.44%  59.2 2304s
 33327  6703 infeasible   35       106.00000   96.00000  9.43%  59.2 2376s
 33556  6681   98.00000   40  229  106.00000   96.00000  9.43%  59.1 2423s
H33679  6172                     105.0000000   96.00000  8.57%  59.2 2428s
 33744  6082  103.00000   45  150  105.00000   96.00000  8.57%  59.1 2525s
*33792  5768              80     105.0000000   96.00000  8.57%  59.2 2526s
 33999  5672 infeasible   48       105.00000   98.00000  6.67%  59.2 2546s
 34154  5603  101.00000   31  210  105.00000   98.00000  6.67%  59.5 2576s
 34342  5567 infeasible   33       105.00000   98.00000  6.67%  59.7 2599s
 34399  5548  103.00000   56  194  105.00000   98.00000  6.67%  59.8 2600s
 34540  5519  104.00000   46  155  105.00000   98.00000  6.67%  59.9 2653s
 34798  5447 infeasible   50       105.00000   98.00000  6.67%  60.0 2688s
 35114  6005  101.00000   45  184  105.00000   98.00000  6.67%  60.0 2851s
 36326  5233 infeasible   51       105.00000   98.00000  6.67%  58.5 2957s
 36627  5668 infeasible   39       105.00000   98.00000  6.67%  58.7 3028s
 38163  5052 infeasible   74       105.00000   98.00000  6.67%  57.0 3069s
 38376  5794   99.00000   42  187  105.00000   98.00000  6.67%  57.2 3168s
 40194  5036 infeasible   59       105.00000   99.00000  5.71%  55.4 3206s
 40445  5757  103.04348   42  191  105.00000   99.00000  5.71%  55.7 3388s
 42667  4895 infeasible   50       105.00000   99.00000  5.71%  53.8 3408s
 42899  5884  102.00000   51  209  105.00000   99.00000  5.71%  53.9 3645s

Cutting planes:
  Gomory: 3
  Cover: 12
  Implied bound: 3
  Clique: 4
  MIR: 7
  StrongCG: 1
  Flow cover: 27
  Inf proof: 2
  RLT: 4
  Relax-and-lift: 4

Explored 45398 nodes (2385221 simplex iterations) in 3727.90 seconds (105.43 work units)
Thread count was 32 (of 32 available processors)

Solution count 10: 105 105 106 ... 111

Time limit reached
Best objective 1.049999999893e+02, best bound 9.900000000000e+01, gap 5.7143%

Wrote result file 'RCPSP_525.sol'

