
Gurobi 10.0.3 (linux64, gurobi_cl) logging started Thu Nov  2 11:36:39 2023

Set parameter Username
Set parameter TimeLimit to value 3600
Set parameter LogFile to value "RCPSP_765.log"
Set parameter Threads to value 32
Academic license - for non-commercial use only - expires 2024-10-30
Using license file /home/jrivera6/gurobi-licenses/v1003/compute-0-35/gurobi.lic

Gurobi Optimizer version 10.0.3 build v10.0.3rc0 (linux64)
Copyright (c) 2023, Gurobi Optimization, LLC

Read MPS format model from file RCPSP_765.mps
Reading time = 0.02 seconds
RCPSP_765: 19643 rows, 7750 columns, 71917 nonzeros

CPU model: Intel(R) Xeon(R) Gold 6130 CPU @ 2.10GHz, instruction set [SSE2|AVX|AVX2|AVX512]
Thread count: 32 physical cores, 32 logical processors, using up to 32 threads

Optimize a model with 19643 rows, 7750 columns and 71917 nonzeros
Model fingerprint: 0x47ece87f
Variable types: 62 continuous, 7688 integer (7688 binary)
Coefficient statistics:
  Matrix range     [1e+00, 3e+02]
  Objective range  [1e+00, 1e+00]
  Bounds range     [1e+00, 1e+00]
  RHS range        [1e+00, 3e+02]
Presolve removed 8678 rows and 3239 columns
Presolve time: 4.44s
Presolved: 10965 rows, 4511 columns, 41541 nonzeros
Variable types: 61 continuous, 4450 integer (4450 binary)

Root relaxation: objective 7.700000e+01, 1551 iterations, 0.04 seconds (0.02 work units)
Total elapsed time = 5.07s

    Nodes    |    Current Node    |     Objective Bounds      |     Work
 Expl Unexpl |  Obj  Depth IntInf | Incumbent    BestBd   Gap | It/Node Time

     0     0   77.00000    0  149          -   77.00000      -     -    5s
     0     0   77.00000    0  373          -   77.00000      -     -    7s
     0     0   77.00000    0  373          -   77.00000      -     -    8s
     0     0   77.00000    0  197          -   77.00000      -     -   12s
     0     0   77.00000    0  295          -   77.00000      -     -   14s
     0     0   77.00000    0  240          -   77.00000      -     -   16s
     0     0   77.00000    0  360          -   77.00000      -     -   17s
     0     0   77.00000    0  269          -   77.00000      -     -   20s
H    0     0                     326.0000000   77.00000  76.4%     -   20s
     0     0   77.00000    0  155  326.00000   77.00000  76.4%     -   21s
H    0     0                     209.0000000   77.00000  63.2%     -   26s
H    0     2                     207.0000000   77.00000  62.8%     -   33s
     0     2   77.00000    0  123  207.00000   77.00000  62.8%     -   33s
     1     4   77.00000    1  129  207.00000   77.00000  62.8%   868   35s
    14    23   77.00000    4  350  207.00000   77.00000  62.8%   419   41s
H   28    41                     177.0000000   77.00000  56.5%   328   48s
    51    57   77.00000    6  370  177.00000   77.00000  56.5%   295   52s
   115   112   77.00000    8  354  177.00000   77.00000  56.5%   233   56s
   147   142   77.00000    9  334  177.00000   77.00000  56.5%   212   80s
   179   186   77.00000   10  192  177.00000   77.00000  56.5%   207   92s
H  232   216                     157.0000000   77.00000  51.0%   281  170s
H  233   216                     156.0000000   77.00000  50.6%   280  170s
H  238   216                     152.0000000   77.00000  49.3%   276  170s
H  261   216                     151.0000000   77.00000  49.0%   258  170s
   265   267   77.00000   12  194  151.00000   77.00000  49.0%   256  179s
H  269   267                     148.0000000   77.00000  48.0%   252  179s
H  314   267                     143.0000000   77.00000  46.2%   222  179s
   319   322   77.00000   14  326  143.00000   77.00000  46.2%   231  181s
H  379   350                     136.0000000   77.00000  43.4%   199  391s
H  381   350                     132.0000000   77.00000  41.7%   198  391s
H  382   350                     125.0000000   77.00000  38.4%   198  391s
H  383   350                     124.0000000   77.00000  37.9%   197  391s
   411   393   77.00000   16  330  124.00000   77.00000  37.9%   195  395s
   663   623   77.46809   23  269  124.00000   77.00000  37.9%   132  407s
   732   699   81.00000   25  263  124.00000   77.00000  37.9%   124  413s
   855   825   79.00000   25  249  124.00000   77.00000  37.9%   114  417s
   997   858   79.00000   26  258  124.00000   77.00000  37.9%   103  435s
  1036  1025   79.00000   27  252  124.00000   77.00000  37.9%   103  440s
  1418  1273   82.00000   31  223  124.00000   77.00000  37.9%  84.0  445s
  1717  1646   82.00000   38  253  124.00000   77.00000  37.9%  75.7  450s
  2201  2104   86.00000   41  234  124.00000   77.00000  37.9%  66.8  462s
  2547  2320   86.00000   43  257  124.00000   77.00000  37.9%  63.6  466s
  2854  2489   86.00000   44  273  124.00000   77.00000  37.9%  61.8  476s
  3077  2490   94.00000    8  155  124.00000   77.00000  37.9%  64.4  521s
  3080  2492   93.00000   28  199  124.00000   77.00000  37.9%  64.3  525s
  3082  2493   99.00000   40  245  124.00000   77.00000  37.9%  64.3  530s
H 3082  2368                     124.0000000   77.00000  37.9%  64.3  530s
  3084  2370   77.06747   24  267  124.00000   77.00000  37.9%  64.2  538s
  3085  2370  108.00000   34  471  124.00000   77.00000  37.9%  64.2  540s
H 3085  2251                     123.0000000   77.00874  37.4%  64.2  546s
  3088  2253  103.00000   23  201  123.00000   77.14122  37.3%  64.1  552s
  3090  2255   87.00000   53  348  123.00000   77.15767  37.3%  64.1  559s
  3091  2255   96.00000   68  474  123.00000   77.16030  37.3%  64.1  561s
H 3091  2142                     121.0000000   77.16030  36.2%  64.1  564s
  3092  2143   81.00000   66  252  121.00000   77.16818  36.2%  64.0  567s
  3094  2144   92.00000   17  281  121.00000   77.17338  36.2%  64.0  573s
  3095  2145   96.00000   40  474  121.00000   77.17354  36.2%  64.0  575s
H 3095  2037                     120.0000000   77.17374  35.7%  64.0  581s
  3098  2039   87.00000   50  233  120.00000   77.18250  35.7%  63.9  589s
  3099  2040   99.00000   54  420  120.00000   77.18250  35.7%  63.9  591s
  3100  2040   94.00000   46  335  120.00000   77.18398  35.7%  63.9  598s
  3101  2041  120.00000   56  484  120.00000   77.18933  35.7%  63.9  600s
  3102  2042  103.00000    9  312  120.00000   77.20570  35.7%  63.8  606s
H 3103  1940                     119.0000000   77.20570  35.1%  63.8  612s
H 3104  1843                     118.0000000   77.20875  34.6%  63.8  614s
  3105  1844   98.00000   83  432  118.00000   77.20875  34.6%  63.8  616s
H 3105  1752                     117.0000000   77.20973  34.0%  63.8  621s
H 3106  1664                     115.0000000   77.21023  32.9%  63.8  622s
  3108  1666   82.00000   26  229  115.00000   77.21159  32.9%  63.7  627s
  3110  1667   95.00000   63  317  115.00000   77.21214  32.9%  63.7  634s
  3111  1668   87.00000   20  495  115.00000   77.21214  32.9%  63.7  636s
H 3111  1584                     114.0000000   77.21214  32.3%  63.7  640s
H 3111  1504                     113.0000000   77.21234  31.7%  63.7  643s
  3113  1505   98.00000   83  383  113.00000   77.21234  31.7%  63.6  645s
  3115  1506   85.00000   76  418  113.00000   77.21327  31.7%  63.6  650s
  3117  1508   88.00000   27  407  113.00000   77.22048  31.7%  63.5  656s
H 3118  1432                     112.0000000   77.22075  31.1%  63.5  661s
  3120  1434   89.00000   62  239  112.00000   77.22075  31.1%  63.5  666s
  3122  1435  105.00000   75  246  112.00000   77.22075  31.1%  63.4  673s
  3123  1436  112.00000   48  407  112.00000   77.22075  31.1%  63.4  675s
  3124  1436   79.66667   17  257  112.00000   77.22075  31.1%  63.4  680s
  3127  1440   88.00000   45  155  112.00000   77.22075  31.1%   113  691s
  3129  1441   83.00000   39  207  112.00000   77.22075  31.1%   113  720s
  3131  1443  102.00000   67  294  112.00000   77.22075  31.1%   113  725s
H 3133  1371                     111.0000000   77.22075  30.4%   113  731s
  3136  1373  111.00000   50  263  111.00000   77.23195  30.4%   113  735s
  3138  1374   80.00000   51  269  111.00000   77.23738  30.4%   112  742s
  3140  1376   77.24125   14  265  111.00000   77.24125  30.4%   112  746s
  3142  1377   93.00000   48  272  111.00000   77.24239  30.4%   112  752s
H 3143  1309                     111.0000000   77.24392  30.4%   112  758s
  3145  1310   81.00000   54  402  111.00000   77.24401  30.4%   112  760s
  3146  1311   86.00000   33  253  111.00000   77.24446  30.4%   112  765s
  3148  1312   98.00000   80  259  111.00000   77.24454  30.4%   112  772s
  3150  1313   96.00000   14  294  111.00000   77.24559  30.4%   112  778s
  3152  1315  103.00000   13  251  111.00000   77.24559  30.4%   112  784s
  3153  1315   88.00000   13  406  111.00000   77.24667  30.4%   112  786s
H 3153  1249                     110.0000000   77.24667  29.8%   112  794s
  3154  1250  107.00000   53  233  110.00000   77.24704  29.8%   112  796s
  3156  1251   78.00000   19  221  110.00000   77.24791  29.8%   112  802s
  3158  1253  110.00000   43  298  110.00000   77.24819  29.8%   112  809s
  3159  1253   96.00000   30  447  110.00000   77.24819  29.8%   112  811s
  3160  1254   88.00000   19  239  110.00000   77.24819  29.8%   112  818s
  3161  1255  110.00000  106  396  110.00000   77.24819  29.8%   112  820s
  3162  1255  100.00000   85  208  110.00000   77.24819  29.8%   112  827s
  3163  1256   87.00000    7  369  110.00000   77.24819  29.8%   112  832s
  3164  1257   94.00000    9  259  110.00000   77.24819  29.8%   112  838s
  3167  1260   87.00000   30  155  110.00000   77.24819  29.8%   144  848s
  3169  1261   79.00000   25  245  110.00000   77.24819  29.8%   144  879s
  3170  1262  109.00000  101  206  110.00000   77.24819  29.8%   144  883s
  3171  1263   91.00000   17  343  110.00000   77.24819  29.8%   144  885s
  3174  1265   77.24819    8  223  110.00000   77.24819  29.8%   144  892s
H 3175  1201                     110.0000000   77.24819  29.8%   144  898s
  3178  1203  104.00000  106  264  110.00000   77.24836  29.8%   144  903s
  3180  1205   93.00000   28  264  110.00000   77.24851  29.8%   144  908s
  3181  1205  110.00000   57  356  110.00000   77.24912  29.8%   144  910s
  3183  1207   94.00000   41  357  110.00000   77.24978  29.8%   143  916s
  3184  1207   77.25208   24  212  110.00000   77.25208  29.8%   143  920s
  3186  1209   96.00000   75  231  110.00000   77.25389  29.8%   143  925s
  3188  1210  103.00000   23  226  110.00000   77.25450  29.8%   143  931s
  3190  1211   87.00000   53  227  110.00000   77.25593  29.8%   143  939s
  3191  1212   96.00000   68  358  110.00000   77.25593  29.8%   143  940s
  3192  1213   81.00000   66  258  110.00000   77.25604  29.8%   143  945s
  3194  1214   92.00000   17  280  110.00000   77.25697  29.8%   143  957s
  3195  1215   96.00000   40  431  110.00000   77.25713  29.8%   143  961s
  3196  1215   79.00000   31  231  110.00000   77.25728  29.8%   143  968s
  3198  1217   87.00000   50  224  110.00000   77.26325  29.8%   143  975s
  3200  1218   94.00000   46  237  110.00000   77.26664  29.8%   143  982s
H 3200  1157                     109.0000000   77.26664  29.1%   143  983s
  3202  1158  103.00000    9  242  109.00000   77.26666  29.1%   143  989s
  3203  1159   89.00000   70  393  109.00000   77.26666  29.1%   143  991s
  3204  1160  109.00000   34  310  109.00000   77.26686  29.1%   143  996s
  3206  1161   99.00000   16  209  109.00000   77.26815  29.1%   142 1005s
  3208  1162   82.00000   26  276  109.00000   77.26967  29.1%   142 1015s
  3210  1164   95.00000   63  344  109.00000   77.26967  29.1%   142 1022s
  3211  1164   87.00000   20  450  109.00000   77.27259  29.1%   142 1025s
  3212  1165  107.00000   62  191  109.00000   77.27292  29.1%   142 1030s
  3214  1166   91.00000   89  270  109.00000   77.27293  29.1%   142 1038s
H 3214  1107                     108.0000000   77.27293  28.5%   142 1038s
  3216  1109  108.00000  123  309  108.00000   77.27293  28.5%   142 1046s
  3218  1110  107.00000   79  233  108.00000   77.27293  28.5%   142 1051s
  3221  1113   96.00000   39  155  108.00000   77.27293  28.5%   187 1062s
  3223  1114  108.00000   48  189  108.00000   77.27293  28.5%   187 1093s
  3224  1115   79.66667   17  168  108.00000   77.27293  28.5%   187 1097s
  3226  1116  105.00000   26  220  108.00000   77.27293  28.5%   187 1102s
H 3227  1061                     108.0000000   77.27293  28.5%   187 1106s
  3230  1063   88.00000   26  191  108.00000   77.27293  28.5%   186 1112s
  3232  1064   79.00000   11  208  108.00000   77.27293  28.5%   186 1118s
  3234  1066   95.00000   74  232  108.00000   77.27293  28.5%   186 1125s
  3236  1067  108.00000   50  237  108.00000   77.27293  28.5%   186 1133s
  3237  1068   92.00000   28  380  108.00000   77.27293  28.5%   186 1135s
  3238  1068   80.00000   51  238  108.00000   77.27356  28.5%   186 1140s
  3240  1070   77.27462   14  292  108.00000   77.27462  28.4%   186 1149s
  3241  1070  108.00000   77  408  108.00000   77.27951  28.4%   186 1150s
  3242  1071   93.00000   48  235  108.00000   77.28163  28.4%   186 1157s
  3244  1072   80.00000   23  289  108.00000   77.28413  28.4%   186 1167s
  3245  1073   81.00000   54  402  108.00000   77.28420  28.4%   186 1170s
  3246  1074   86.00000   33  228  108.00000   77.28420  28.4%   186 1176s
  3248  1075   98.00000   80  245  108.00000   77.28420  28.4%   185 1186s
  3249  1076   87.00000   38  435  108.00000   77.28420  28.4%   185 1190s
  3250  1076   96.00000   14  347  108.00000   77.28420  28.4%   185 1196s
  3252  1078  103.00000   13  216  108.00000   77.28433  28.4%   185 1207s
  3254  1079  107.00000   53  260  108.00000   77.29343  28.4%   185 1211s
  3256  1080   78.00000   19  195  108.00000   77.29846  28.4%   185 1215s
  3258  1082  108.00000   43  305  108.00000   77.29899  28.4%   185 1222s
  3259  1082   96.00000   30  446  108.00000   77.29899  28.4%   185 1225s
  3260  1083   88.00000   19  337  108.00000   77.30070  28.4%   185 1234s
  3261  1084  108.00000  106  463  108.00000   77.30070  28.4%   185 1236s
  3262  1084  100.00000   85  288  108.00000   77.30070  28.4%   185 1244s
  3263  1085   87.00000    7  376  108.00000   77.30070  28.4%   185 1246s
  3264  1086   94.00000    9  292  108.00000   77.30422  28.4%   184 1254s
  3265  1086   87.00000   29  429  108.00000   77.30501  28.4%   184 1257s
  3266  1087  108.00000  101  314  108.00000   77.30857  28.4%   184 1264s
  3267  1088   87.00000   30  385  108.00000   77.30869  28.4%   184 1266s
  3268  1088  103.00000   25  291  108.00000   77.30920  28.4%   184 1272s
  3269  1089   79.00000   25  469  108.00000   77.31057  28.4%   184 1275s
  3270  1090  108.00000  101  249  108.00000   77.31070  28.4%   184 1280s
  3272  1091   88.00000   45  326  108.00000   77.31088  28.4%   184 1291s
  3274  1092   77.31088    8  306  108.00000   77.31088  28.4%   184 1301s
  3276  1094  103.00000   26  281  108.00000   77.31088  28.4%   184 1308s
  3279  1097   87.00000   11  155  108.00000   77.31088  28.4%   235 1318s
  3281  1098  108.00000   57  140  108.00000   77.31088  28.4%   234 1347s
  3282  1099   99.00000   40  190  108.00000   77.31088  28.4%   234 1351s
  3284  1100   77.31088   24  363  108.00000   77.31088  28.4%   234 1356s
  3286  1102   96.00000   75  350  108.00000   77.31088  28.4%   234 1361s
  3288  1103  103.00000   23  236  108.00000   77.31088  28.4%   234 1367s
  3290  1104   87.00000   53  310  108.00000   77.31088  28.4%   234 1374s
  3291  1105   96.00000   68  473  108.00000   77.31088  28.4%   234 1376s
  3292  1106   81.00000   66  304  108.00000   77.31088  28.4%   234 1380s
  3294  1107   92.00000   17  263  108.00000   77.31088  28.4%   234 1385s
  3296  1108   79.00000   31  215  108.00000   77.31088  28.4%   233 1392s
  3298  1110   87.00000   50  479  108.00000   77.31088  28.4%   233 1397s
  3300  1111   94.00000   46  471  108.00000   77.31088  28.4%   233 1400s
  3303  1116   77.31088   62  460  108.00000   77.31088  28.4%   250 1421s
  3305  1119   77.34645   63  432  108.00000   77.34645  28.4%   250 1429s
  3309  1126   77.56099   64  431  108.00000   77.35154  28.4%   251 1440s
  3317  1139   77.98825   65  431  108.00000   77.38824  28.3%   252 1450s
  3333  1166   78.17919   66  474  108.00000   77.44778  28.3%   254 1462s
  3365  1187   79.16475   67  408  108.00000   77.66893  28.1%   257 1469s
H 3397  1153                     107.9999999   77.66893  28.1%   258 1566s
H 3423  1090                     107.9999996   77.66893  28.1%   258 1569s
  3429  1120   79.19107   68  413  108.00000   77.66893  28.1%   257 1946s
  3461  1141   79.21064   68  431  108.00000   77.66893  28.1%   256 1953s
  3493  1185   79.19442   69  408  108.00000   77.66893  28.1%   254 1967s
  3549  1221   81.01486   70  413  108.00000   77.66893  28.1%   252 1977s
  3606  1260   87.00000   70  380  108.00000   77.66893  28.1%   250 1983s
  3664  1297   85.00000   71  389  108.00000   77.66893  28.1%   247 1988s
  3722  1342   85.00000   71  360  108.00000   77.66893  28.1%   244 1995s
  3787  1357   85.00000   72  413  108.00000   77.66893  28.1%   241 2006s
  3823  1406   88.00000   72  379  108.00000   77.66893  28.1%   239 2012s
  3886  1501   85.00000   73  405  108.00000   77.66893  28.1%   237 2018s
  4004  1510   87.00000   75  375  108.00000   77.66893  28.1%   231 2035s
  4059  1614   87.00000   75  381  108.00000   77.66893  28.1%   229 2044s
  4194  1716   87.00000   77  353  108.00000   77.66893  28.1%   223 2046s
  4352  1702   87.00000   78  387  108.00000   77.66893  28.1%   216 2054s
  4403  1748   87.00000   78  350  108.00000   77.66893  28.1%   215 2063s
  4471  1817   87.00000   79  360  108.00000   77.66893  28.1%   212 2069s
  4573  1845   89.00000   80  353  108.00000   77.66893  28.1%   208 2076s
  4654  1883   87.00000   81  346  108.00000   77.66893  28.1%   206 2083s
  4719  2062   87.00000   82  342  108.00000   77.66893  28.1%   204 2093s
  4946  2109   87.00000   84  344  108.00000   77.66893  28.1%   196 2115s
  5111  2071   87.00000   85  332  108.00000   77.66893  28.1%   191 2130s
  5166  2114   87.00000   86  330  108.00000   77.66893  28.1%   190 2146s
  5239  2231   87.00000   87  328  108.00000   77.66893  28.1%   190 2154s
  5386  2449   87.00000   89  414  108.00000   77.66893  28.1%   186 2177s
  5685  2375   87.00000   91  324  108.00000   77.66893  28.1%   177 2191s
  5755  2616   87.00000   92  324  108.00000   77.66893  28.1%   177 2200s
  6031  2554   87.00000   95  334  108.00000   77.66893  28.1%   171 2226s
  6125  2760   87.00000   97  476  108.00000   77.66893  28.1%   170 2231s
  6385  2745   87.00000   98  316  108.00000   77.66893  28.1%   165 2242s
  6462  3065   87.00000  100  312  108.00000   77.66893  28.1%   164 2257s
  6819  3353   87.00000  103  335  108.00000   77.66893  28.1%   157 2265s
  7179  3348   87.00000  107  321  108.00000   77.66893  28.1%   150 2287s
  7273  3413   87.00000  109  319  108.00000   77.66893  28.1%   150 2308s
  7362  3705   87.00000  111  319  108.00000   77.66893  28.1%   150 2318s
  7673  4058   87.00000  115  318  108.00000   77.66893  28.1%   145 2346s
  8108  4060 infeasible  122       108.00000   77.79451  28.0%   139 2378s
  8236  4270   77.79451   68  403  108.00000   77.79451  28.0%   139 2392s
  8466  4860   85.00000   74  313  108.00000   77.79451  28.0%   136 2502s
  9218  4854   90.00000  101  288  108.00000   77.79451  28.0%   127 2518s
  9310  4915   92.00000  103  280  108.00000   77.79451  28.0%   129 2537s
  9401  5350   98.00000  108  260  108.00000   77.79451  28.0%   130 2578s
  9924  5978  102.00000  132  226  108.00000   77.79451  28.0%   125 2710s
 10761  5980   81.01486   69  374  108.00000   77.97314  27.8%   118 2726s
*10840  5941             305     107.9999981   77.97314  27.8%   119 2729s
 10903  5998   85.00000   72  338  108.00000   77.97314  27.8%   119 2749s
 11002  6482   86.00000   73  306  108.00000   77.97314  27.8%   120 2961s
 11641  6922   85.00000   91  371  108.00000   77.97314  27.8%   116 3128s
 12255  6894 infeasible  105       108.00000   77.97314  27.8%   113 3173s
 12353  6961   91.00000  106  312  108.00000   77.97314  27.8%   115 3261s
 12440  7732   91.00000  107  308  108.00000   77.97314  27.8%   116 3669s
 12823  7732   85.00000  122  355  108.00000   77.97314  27.8%   113 3671s

Cutting planes:
  Learned: 11
  Gomory: 95
  Cover: 182
  Implied bound: 58
  Projected implied bound: 8
  Clique: 63
  MIR: 220
  StrongCG: 20
  Flow cover: 565
  Inf proof: 27
  Zero half: 16
  RLT: 278
  Relax-and-lift: 187

Explored 13491 nodes (1515163 simplex iterations) in 3720.48 seconds (169.22 work units)
Thread count was 32 (of 32 available processors)

Solution count 10: 108 108 108 ... 111

Time limit reached
Warning: max constraint violation (2.0154e-06) exceeds tolerance
Best objective 1.079999980656e+02, best bound 7.797313913712e+01, gap 27.8026%

Wrote result file 'RCPSP_765.sol'

