
Gurobi 10.0.3 (linux64, gurobi_cl) logging started Thu Nov  9 12:21:10 2023

Set parameter Username
Set parameter TimeLimit to value 3600
Set parameter LogFile to value "RCPSP_1369.log"
Set parameter Threads to value 32
Academic license - for non-commercial use only - expires 2024-10-30
Using license file /home/jrivera6/gurobi-licenses/v1003/compute-0-38/gurobi.lic

Gurobi Optimizer version 10.0.3 build v10.0.3rc0 (linux64)
Copyright (c) 2023, Gurobi Optimization, LLC

Read MPS format model from file RCPSP_1369.mps
Reading time = 0.09 seconds
RCPSP_1369: 42975 rows, 17020 columns, 151080 nonzeros

CPU model: Intel(R) Xeon(R) Gold 6242 CPU @ 2.80GHz, instruction set [SSE2|AVX|AVX2|AVX512]
Thread count: 32 physical cores, 32 logical processors, using up to 32 threads

Optimize a model with 42975 rows, 17020 columns and 151080 nonzeros
Model fingerprint: 0x2393bc70
Variable types: 92 continuous, 16928 integer (16928 binary)
Coefficient statistics:
  Matrix range     [1e+00, 5e+02]
  Objective range  [1e+00, 1e+00]
  Bounds range     [1e+00, 1e+00]
  RHS range        [1e+00, 5e+02]
Presolve removed 7284 rows and 1313 columns (presolve time = 5s) ...
Presolve removed 11846 rows and 3191 columns
Presolve time: 8.10s
Presolved: 31129 rows, 13829 columns, 114478 nonzeros
Variable types: 91 continuous, 13738 integer (13738 binary)

Deterministic concurrent LP optimizer: primal and dual simplex (primal and dual model)
Showing first log only...

Root relaxation presolved: 31129 rows, 13829 columns, 114478 nonzeros


Root simplex log...

Iteration    Objective       Primal Inf.    Dual Inf.      Time
       0    7.8119258e+01   1.226625e-02   3.233281e+08      9s
    1990    7.7000000e+01   0.000000e+00   0.000000e+00      9s
Concurrent spin time: 0.14s

Solved with dual simplex (primal model)

Root relaxation: objective 7.700000e+01, 4469 iterations, 1.18 seconds (0.10 work units)
Total elapsed time = 11.80s

    Nodes    |    Current Node    |     Objective Bounds      |     Work
 Expl Unexpl |  Obj  Depth IntInf | Incumbent    BestBd   Gap | It/Node Time

     0     0   77.00000    0  673          -   77.00000      -     -   16s
     0     0   77.00000    0  670          -   77.00000      -     -   16s
     0     0   77.00000    0 1276          -   77.00000      -     -   40s
     0     0   77.00000    0 1225          -   77.00000      -     -   42s
     0     0   77.00000    0 1164          -   77.00000      -     -   44s
     0     0   77.00000    0 1157          -   77.00000      -     -   44s
     0     0   77.00000    0 1152          -   77.00000      -     -   47s
     0     0   77.00000    0 1075          -   77.00000      -     -   48s
     0     0   77.00000    0  623          -   77.00000      -     -   62s
     0     0   77.00000    0  623          -   77.00000      -     -   62s
     0     0   77.00000    0  766          -   77.00000      -     -   66s
     0     0   77.00000    0  743          -   77.00000      -     -   66s
     0     0   77.00000    0  737          -   77.00000      -     -   66s
     0     0   77.00000    0  866          -   77.00000      -     -   82s
     0     0   77.00000    0 1135          -   77.00000      -     -   95s
     0     0   77.00000    0 1114          -   77.00000      -     -   96s
     0     0   77.00000    0 1110          -   77.00000      -     -   96s
     0     0   77.00000    0 1108          -   77.00000      -     -   96s
     0     0   77.00000    0  843          -   77.00000      -     -  111s
     0     0   77.00000    0 1091          -   77.00000      -     -  122s
     0     0   77.00000    0 1007          -   77.00000      -     -  122s
H    0     0                     498.0000000   77.00000  84.5%     -  123s
     0     0   77.00000    0 1015  498.00000   77.00000  84.5%     -  124s
     0     0   77.00000    0  500  498.00000   77.00000  84.5%     -  142s
H    0     0                     424.0000000   77.00000  81.8%     -  149s
     0     0   77.00000    0 1121  424.00000   77.00000  81.8%     -  157s
     0     0   77.00000    0 1119  424.00000   77.00000  81.8%     -  157s
H    0     0                     337.0000000   77.00000  77.2%     -  163s
     0     0   77.00000    0 1198  337.00000   77.00000  77.2%     -  168s
     0     0   77.00000    0 1151  337.00000   77.00000  77.2%     -  169s
     0     0   77.00000    0  869  337.00000   77.00000  77.2%     -  188s
     0     0   77.00000    0  867  337.00000   77.00000  77.2%     -  188s
H    0     0                     291.0000000   77.00000  73.5%     -  193s
     0     0   77.00000    0 1007  291.00000   77.00000  73.5%     -  195s
     0     0   77.00000    0  960  291.00000   77.00000  73.5%     -  196s
     0     0   77.00000    0  935  291.00000   77.00000  73.5%     -  207s
     0     0   77.00000    0 1031  291.00000   77.00000  73.5%     -  208s
     0     0   77.00093    0 1373  291.00000   77.00093  73.5%     -  215s
     0     0   77.00093    0 1337  291.00000   77.00093  73.5%     -  215s
     0     0   77.24831    0  928  291.00000   77.24831  73.5%     -  225s
     0     0   77.24831    0  926  291.00000   77.24831  73.5%     -  225s
H    0     0                     259.0000000   77.24831  70.2%     -  227s
     0     0   77.24831    0 1238  259.00000   77.24831  70.2%     -  234s
     0     0   77.24831    0 1198  259.00000   77.24831  70.2%     -  234s
     0     0   77.29804    0 1167  259.00000   77.29804  70.2%     -  235s
     0     0   77.31175    0 1180  259.00000   77.31175  70.1%     -  236s
     0     0   77.31175    0 1169  259.00000   77.31175  70.1%     -  236s
     0     0   77.31175    0 1261  259.00000   77.31175  70.1%     -  246s
     0     0   77.31175    0 1228  259.00000   77.31175  70.1%     -  246s
     0     0   77.31175    0 1285  259.00000   77.31175  70.1%     -  249s
     0     0   77.31175    0 1270  259.00000   77.31175  70.1%     -  249s
     0     0   77.31175    0 1250  259.00000   77.31175  70.1%     -  253s
     0     0   77.31175    0 1247  259.00000   77.31175  70.1%     -  253s
     0     0   77.31175    0 1242  259.00000   77.31175  70.1%     -  262s
     0     0   77.31175    0 1234  259.00000   77.31175  70.1%     -  262s
     0     0   77.31175    0  998  259.00000   77.31175  70.1%     -  270s
H    0     0                     257.0000000   77.31175  69.9%     -  276s
     0     0   77.31175    0 1213  257.00000   77.31175  69.9%     -  278s
     0     0   77.31175    0 1172  257.00000   77.31175  69.9%     -  278s
H    0     0                     237.0000000   77.31175  67.4%     -  287s
     0     0   77.31175    0  838  237.00000   77.31175  67.4%     -  289s
     0     0   77.31175    0 1177  237.00000   77.31175  67.4%     -  303s
     0     0   77.31175    0 1216  237.00000   77.31175  67.4%     -  304s
     0     0   77.31175    0 1185  237.00000   77.31175  67.4%     -  305s
     0     0   77.31175    0 1160  237.00000   77.31175  67.4%     -  305s
H    0     0                     218.0000000   77.31175  64.5%     -  316s
     0     0   77.31175    0  804  218.00000   77.31175  64.5%     -  318s
     0     0   77.31175    0  786  218.00000   77.31175  64.5%     -  318s
     0     0   77.31175    0 1182  218.00000   77.31175  64.5%     -  322s
     0     0   77.31175    0 1174  218.00000   77.31175  64.5%     -  322s
H    0     0                     206.0000000   77.31175  62.5%     -  333s
H    0     0                     196.0000000   77.31175  60.6%     -  333s
     0     0   77.31175    0  701  196.00000   77.31175  60.6%     -  335s
H    0     0                     188.0000000   77.31175  58.9%     -  337s
     0     0   77.31175    0 1111  188.00000   77.31175  58.9%     -  339s
     0     0   77.31175    0 1099  188.00000   77.31175  58.9%     -  339s
     0     0   77.31175    0  941  188.00000   77.31175  58.9%     -  353s
     0     0   77.31175    0  793  188.00000   77.31175  58.9%     -  364s
H    0     0                     183.0000000   77.31175  57.8%     -  373s
     0     2   77.31175    0  595  183.00000   77.31175  57.8%     -  387s
     3     8   78.41304    2  963  183.00000   77.50000  57.7%  1770  401s
     7    14   82.00000    3  910  183.00000   77.50000  57.7%  2036  420s
    15    17   82.00000    4  911  183.00000   77.50000  57.7%  2458  437s
H   29    31                     175.0000000   77.50000  55.7%  1989  489s
H   30    31                     174.0000000   77.50000  55.5%  1991  489s
H   32    31                     169.0000000   77.50000  54.1%  2053  489s
    42    31   82.00000    5  988  169.00000   77.50000  54.1%  1988  490s
    46    58   82.00000    6  934  169.00000   77.50000  54.1%  1947  518s
    77    84   82.00000    7  985  169.00000   77.50000  54.1%  2065  547s
H   80    84                     166.0000000   77.50000  53.3%  2073  547s
   109   111   82.00000    8  923  166.00000   77.50000  53.3%  2002  568s
H  141   141                     158.0000000   77.50000  50.9%  1876  844s
H  143   141                     148.0000000   77.50000  47.6%  1881  844s
H  151   141                     146.0000000   77.50000  46.9%  1881  844s
   173   173  100.00000    9  903  146.00000   77.50000  46.9%  1788  875s
   211   220   82.00000   10  959  146.00000   77.50000  46.9%  1571  893s
   263   247   87.00000   11  894  146.00000   77.50000  46.9%  1341 2339s
H  264   247                     145.0000000   77.50000  46.6%  1336 2339s
H  265   247                     144.0000000   77.50000  46.2%  1334 2339s
H  268   247                     141.0000000   77.50000  45.0%  1326 2339s
   296   299   82.00000   11  851  141.00000   77.50000  45.0%  1228 2356s
   356   334   82.00000   12  851  141.00000   77.50000  45.0%  1074 2403s
   396   387   82.00000   13  834  141.00000   77.50000  45.0%  1006 2515s
   459   455   82.11189   15  821  141.00000   77.50000  45.0%   910 2530s
   549   542   84.00000   18  727  141.00000   77.50000  45.0%   795 2544s
   659   650 infeasible   20       141.00000   77.50000  45.0%   691 2561s
   788   730   87.00000   22  903  141.00000   77.50000  45.0%   608 2582s
   886   841   87.00000   23  828  141.00000   77.50000  45.0%   585 2593s
  1008  1017   87.00000   24  828  141.00000   77.50000  45.0%   539 2603s
  1196  1207   87.00000   30  807  141.00000   77.50000  45.0%   466 2616s
  1393  1239   87.00000   34  802  141.00000   77.50000  45.0%   412 2754s
H 1394  1239                     140.0000000   77.50000  44.6%   411 2754s
H 1421  1239                     139.0000000   77.50000  44.2%   406 2754s
  1425  1436   87.00000   35  800  139.00000   77.50000  44.2%   405 2765s
  1632  1667   87.00000   37  817  139.00000   77.50000  44.2%   365 2778s
  1881  1912   87.00000   43  807  139.00000   77.50000  44.2%   326 2789s
  2136  2013   87.00000   48  797  139.00000   77.50000  44.2%   297 2830s
  2255  2223   87.00000   51  794  139.00000   77.50000  44.2%   288 2851s
H 2513  2248                     138.0000000   77.50000  43.8%   269 3029s
H 2527  2248                     136.0000000   77.50000  43.0%   270 3029s
H 2540  2248                     134.0000000   77.50000  42.2%   271 3029s
  2552  2483   87.00000   53  911  134.00000   77.50000  42.2%   271 3049s
  2877  2686   87.00000   54  891  134.00000   77.50000  42.2%   250 3070s
  3122  2953   87.00000   56  846  134.00000   77.50000  42.2%   242 3092s
  3429  3250   87.00000   59  892  134.00000   77.50000  42.2%   230 3116s
  3789  3503   87.00000   61  874  134.00000   77.50000  42.2%   218 3142s
  4088  3800   88.25000   65  835  134.00000   77.50000  42.2%   212 3165s
  4435  4167   89.00000   68  832  134.00000   77.50000  42.2%   204 3180s
H 4844  4167                     132.0000000   77.50000  41.3%   193 3197s
  4845  4168  108.00000   50 1015  132.00000   77.50000  41.3%   193 3233s
  4847  4169  122.00000   61  560  132.00000   77.50000  41.3%   193 3247s
  4848  4170   98.00000   73 1118  132.00000   77.50000  41.3%   193 3259s
  4849  4171   82.00000   15 1237  132.00000   77.50000  41.3%   193 3276s
  4850  4171   87.00000   50 1265  132.00000   77.50000  41.3%   193 3286s
  4851  4172   91.00000   43 1293  132.00000   77.50000  41.3%   193 3298s
  4852  4173   89.00000   64 1315  132.00000   77.50000  41.3%   193 3301s
  4853  4173   86.00000   21 1273  132.00000   77.50000  41.3%   193 3311s
H 4853  3964                     132.0000000   77.50000  41.3%   193 3314s
  4854  3965  105.00000  130 1344  132.00000   77.50000  41.3%   193 3319s
  4855  3966   86.00000   34  901  132.00000   78.00000  40.9%   193 3342s
  4856  3966  112.00000  145 1090  132.00000   78.00000  40.9%   193 3348s
  4857  3967  123.00000  185 1206  132.00000   78.61451  40.4%   193 3363s
  4858  3968   97.00000   54  861  132.00000   78.61451  40.4%   193 3366s
  4859  3968  113.00000   81  861  132.00000   78.61451  40.4%   193 3371s
  4860  3972   78.61451   16  578  132.00000   78.61451  40.4%   205 3399s
  4862  3975   78.61451   17  745  132.00000   78.61451  40.4%   205 3414s
  4866  3982   78.61451   18  717  132.00000   78.61451  40.4%   206 3431s
  4874  3993   78.61451   19  905  132.00000   78.61451  40.4%   207 3454s
  4890  4016   78.61451   20 1056  132.00000   78.61451  40.4%   211 3508s
  4920  4038   78.61451   21 1086  132.00000   78.61451  40.4%   219 3542s
  4952  4059   78.61451   22 1151  132.00000   78.61451  40.4%   225 3593s
H 4962  3857                     131.0000000   78.61451  40.0%   227 3593s
  4984  3869   83.93629   22  721  131.00000   78.61451  40.0%   230 3600s

Cutting planes:
  Learned: 4
  Gomory: 59
  Lift-and-project: 1
  Cover: 100
  Implied bound: 40
  Clique: 16
  MIR: 278
  StrongCG: 6
  Flow cover: 282
  Inf proof: 1
  Zero half: 5
  RLT: 214
  Relax-and-lift: 213

Explored 5003 nodes (1415595 simplex iterations) in 3602.09 seconds (248.42 work units)
Thread count was 32 (of 32 available processors)

Solution count 10: 131 132 132 ... 144

Time limit reached
Best objective 1.309999999867e+02, best bound 7.861451282749e+01, gap 39.9889%

Wrote result file 'RCPSP_1369.sol'

