
Gurobi 10.0.3 (linux64, gurobi_cl) logging started Fri Nov 10 17:26:42 2023

Set parameter Username
Set parameter TimeLimit to value 3600
Set parameter LogFile to value "RCPSP_1539.log"
Set parameter Threads to value 32
Academic license - for non-commercial use only - expires 2024-11-06
Using license file /home/jrivera6/gurobi-licenses/v1003/compute-0-36/gurobi.lic

Gurobi Optimizer version 10.0.3 build v10.0.3rc0 (linux64)
Copyright (c) 2023, Gurobi Optimization, LLC

Read MPS format model from file RCPSP_1539.mps
Reading time = 1.03 seconds
RCPSP_1539: 75214 rows, 29890 columns, 251629 nonzeros

CPU model: Intel(R) Xeon(R) Gold 6130 CPU @ 2.10GHz, instruction set [SSE2|AVX|AVX2|AVX512]
Thread count: 32 physical cores, 32 logical processors, using up to 32 threads

Optimize a model with 75214 rows, 29890 columns and 251629 nonzeros
Model fingerprint: 0x5851aa60
Variable types: 122 continuous, 29768 integer (29768 binary)
Coefficient statistics:
  Matrix range     [1e+00, 7e+02]
  Objective range  [1e+00, 1e+00]
  Bounds range     [1e+00, 1e+00]
  RHS range        [1e+00, 7e+02]
Presolve removed 11239 rows and 1858 columns (presolve time = 5s) ...
Presolve removed 11239 rows and 1858 columns
Presolve time: 5.08s
Presolved: 63975 rows, 28032 columns, 224356 nonzeros
Variable types: 121 continuous, 27911 integer (27911 binary)

Deterministic concurrent LP optimizer: primal and dual simplex (primal and dual model)
Showing first log only...

Root relaxation presolved: 63975 rows, 28032 columns, 224356 nonzeros


Root simplex log...

Iteration    Objective       Primal Inf.    Dual Inf.      Time
       0    7.8895377e+01   1.077119e-02   3.882725e+08      8s
    4997    7.8000000e+01   0.000000e+00   4.314062e+02     10s
    5015    7.7000000e+01   0.000000e+00   0.000000e+00     10s
Concurrent spin time: 3.06s

Solved with dual simplex (dual model)

Root relaxation: objective 7.700000e+01, 31022 iterations, 7.35 seconds (0.61 work units)
Total elapsed time = 18.04s
Total elapsed time = 20.17s

    Nodes    |    Current Node    |     Objective Bounds      |     Work
 Expl Unexpl |  Obj  Depth IntInf | Incumbent    BestBd   Gap | It/Node Time

     0     0   77.00000    0   24          -   77.00000      -     -   20s
     0     0   77.00000    0 1021          -   77.00000      -     -   51s
     0     0   77.00000    0 1297          -   77.00000      -     -   56s
     0     0   77.00000    0   27          -   77.00000      -     -   81s
     0     0   77.00000    0  255          -   77.00000      -     -  136s
     0     0   77.00000    0    8          -   77.00000      -     -  153s
     0     0   77.00000    0    4          -   77.00000      -     -  167s
     0     0   77.00000    0    4          -   77.00000      -     -  178s
     0     0   77.00000    0   26          -   77.00000      -     -  180s
H    0     0                      77.0000000   77.00000  0.00%     -  187s
     0     0   77.00000    0    4   77.00000   77.00000  0.00%     -  187s

Cutting planes:
  Gomory: 1
  Cover: 2
  Implied bound: 48
  MIR: 357
  RLT: 287
  Relax-and-lift: 44
  PSD: 1

Explored 1 nodes (70990 simplex iterations) in 198.71 seconds (18.78 work units)
Thread count was 32 (of 32 available processors)

Solution count 1: 77 

Optimal solution found (tolerance 1.00e-04)
Best objective 7.700000000000e+01, best bound 7.700000000000e+01, gap 0.0000%

Wrote result file 'RCPSP_1539.sol'

