
Gurobi 10.0.3 (linux64, gurobi_cl) logging started Thu Nov  2 11:34:23 2023

Set parameter Username
Set parameter TimeLimit to value 3600
Set parameter LogFile to value "RCPSP_530.log"
Set parameter Threads to value 32
Academic license - for non-commercial use only - expires 2024-10-30
Using license file /home/jrivera6/gurobi-licenses/v1003/compute-0-34/gurobi.lic

Gurobi Optimizer version 10.0.3 build v10.0.3rc0 (linux64)
Copyright (c) 2023, Gurobi Optimization, LLC

Read MPS format model from file RCPSP_530.mps
Reading time = 0.02 seconds
RCPSP_530: 19624 rows, 7750 columns, 64639 nonzeros

CPU model: Intel(R) Xeon(R) Gold 6130 CPU @ 2.10GHz, instruction set [SSE2|AVX|AVX2|AVX512]
Thread count: 32 physical cores, 32 logical processors, using up to 32 threads

Optimize a model with 19624 rows, 7750 columns and 64639 nonzeros
Model fingerprint: 0x381aebe6
Variable types: 62 continuous, 7688 integer (7688 binary)
Coefficient statistics:
  Matrix range     [1e+00, 3e+02]
  Objective range  [1e+00, 1e+00]
  Bounds range     [1e+00, 1e+00]
  RHS range        [1e+00, 3e+02]
Presolve removed 7000 rows and 2381 columns
Presolve time: 2.39s
Presolved: 12624 rows, 5369 columns, 43313 nonzeros
Variable types: 61 continuous, 5308 integer (5308 binary)

Root relaxation: objective 6.800000e+01, 1840 iterations, 0.05 seconds (0.02 work units)

    Nodes    |    Current Node    |     Objective Bounds      |     Work
 Expl Unexpl |  Obj  Depth IntInf | Incumbent    BestBd   Gap | It/Node Time

     0     0   68.00000    0   94          -   68.00000      -     -    3s
     0     0   68.00000    0  336          -   68.00000      -     -    5s
     0     0   68.00000    0  377          -   68.00000      -     -    6s
     0     0   68.00000    0   82          -   68.00000      -     -   11s
     0     0   68.00000    0   84          -   68.00000      -     -   12s
     0     0   68.00000    0  109          -   68.00000      -     -   14s
     0     0   68.00000    0  219          -   68.00000      -     -   14s
     0     0   68.00000    0  116          -   68.00000      -     -   16s
     0     0   68.00000    0  209          -   68.00000      -     -   16s
     0     0   68.00000    0  141          -   68.00000      -     -   19s
     0     0   68.00000    0  141          -   68.00000      -     -   20s
     0     2   68.00000    0  120          -   68.00000      -     -   28s
     1     4   68.00000    1  119          -   68.00000      -  1060   30s
    15    31   68.00000    4  349          -   68.00000      -   450   37s
    31    59   68.00000    5  354          -   68.00000      -   481   42s
    62    90   68.00000    6  397          -   68.00000      -   410   45s
   190   209   68.00000   10  265          -   68.00000      -   217   59s
   232   243   68.00000   11  263          -   68.00000      -   264   61s
   375   385   68.00000   14  257          -   68.00000      -   176   65s
   776   991   68.02073   20  299          -   68.00000      -  96.9   76s
  1074  1294   69.00000   34  293          -   68.00000      -  85.4   85s
  1418  1677   69.00000   48  317          -   68.00000      -  80.1   95s
  1866  2046   69.00000   58  252          -   68.00000      -  73.1  103s
  2310  2373   73.00000   74  201          -   68.00000      -  69.5  112s
  2737  2757 infeasible   82               -   68.00000      -  67.9  121s
  3236  3174   74.00000   86  250          -   68.00000      -  66.3  127s
  3785  3268   74.00000   94  264          -   68.00000      -  64.2  204s
  3909  3700   74.00000   96  284          -   68.00000      -  66.2  210s
  4510  4164   75.00000  109  314          -   68.00000      -  64.2  218s
  5171  4165   79.00000  109  141          -   68.00000      -  62.1  260s
  5174  4167   71.00000   33   84          -   68.00000      -  62.1  266s
  5177  4169   76.00000   70  228          -   68.00000      -  62.1  270s
  5179  4170   68.00000   33  239          -   68.00000      -  62.0  275s
  5182  4172   71.00000   22  148          -   68.00000      -  62.0  283s
  5184  4174   84.00000   55  197          -   68.00000      -  62.0  288s
  5186  4175   89.00000   85  121          -   68.00000      -  61.9  293s
  5188  4176   73.00000   39  101          -   68.00000      -  61.9  300s
  5189  4180   68.00000   10  106          -   68.00000      -   9.0  313s
H 5191  3973                     329.0000000   68.00000  79.3%   9.0  354s
H 5195  3782                     121.0000000   68.00000  43.8%   9.0  412s
H 5200  3591                     119.0000000   68.00000  42.9%   9.1  412s
  5203  3606   68.00000   13  158  119.00000   68.00000  42.9%   9.1  416s
  5219  3633   68.00000   14  157  119.00000   68.00000  42.9%   9.6  421s
H 5251  3475                     114.0000000   68.00000  40.4%  10.3  431s
H 5252  3304                     110.0000000   68.00000  38.2%  10.3  431s
H 5255  3142                     109.0000000   68.00000  37.6%  10.4  431s
H 5275  2981                     107.0000000   68.00000  36.4%  10.8  431s
  5283  3011   68.00000   15  157  107.00000   68.00000  36.4%  11.0  480s
H 5315  2885                      93.9999990   68.00000  27.7%  11.2  574s
  5347  2902   68.00000   16  228   94.00000   68.00000  27.7%  11.4  576s
  5379  2947   68.00000   17  163   94.00000   68.00000  27.7%  11.6  581s
  5506  3021   68.00000   19  171   94.00000   68.00000  27.7%  12.6  587s
  5565  3069   68.00000   20  190   94.00000   68.00000  27.7%  12.7  592s
  5637  3103   68.00000   21  187   94.00000   68.00000  27.7%  13.1  600s
  5781  3149   68.00000   23  187   94.00000   68.00000  27.7%  14.1  605s
  5857  3237   68.00000   24  187   94.00000   68.00000  27.7%  14.3  610s
  6001  3309   68.00884   25  189   94.00000   68.00000  27.7%  15.2  621s
  6143  3428   68.00000   26  241   94.00000   68.00000  27.7%  16.1  630s
  6556  3519   87.00000   31  366   94.00000   68.00000  27.7%  17.0  635s
  6688  3730   68.00000   28  199   94.00000   68.00000  27.7%  17.0  642s
  6994  3723   68.00000   29   79   94.00000   68.00000  27.7%  17.4  679s
H 7020  3576                      93.9999990   68.00000  27.7%  17.4  679s
  7114  3605   68.01097   29  235   94.00000   68.00000  27.7%  17.4  689s
  7244  3675   68.00000   30  188   94.00000   68.00000  27.7%  18.5  698s
  7371  3804   68.00000   31   97   94.00000   68.00000  27.7%  19.1  709s
  7555  4466   68.00000   33  105   94.00000   68.00000  27.7%  19.3  720s
  8415  4201   68.00000   39  117   94.00000   68.00000  27.7%  19.1  730s
  8548  4226   72.00000   42  139   94.00000   68.00000  27.7%  19.8  744s
  8626  4360   70.00000   42  118   94.00000   68.00000  27.7%  20.1  755s
  8802  5082   71.00000   45  105   94.00000   68.00000  27.7%  20.7  767s
* 9330  4625             162      93.0000000   68.00000  26.9%  20.6  767s
  9902  4876   72.00000   58  103   93.00000   68.00000  26.9%  20.9  779s
 10874  4611   72.00000   71   96   93.00000   68.00000  26.9%  21.4  794s
 11000  4768   72.00000   73   88   93.00000   68.00000  26.9%  21.7  806s
 11232  5432   72.00000   75   89   93.00000   68.00000  26.9%  21.9  818s
 12206  5993   72.00000   87   89   93.00000   68.00000  26.9%  21.8  829s
 13583  6415   74.00000  108   97   93.00000   68.00000  26.9%  22.5  840s
 14427  6449 infeasible  123        93.00000   68.00000  26.9%  23.0  855s
H14455  6449                      93.0000000   68.00000  26.9%  23.1  855s
 14558  6605   75.00000   32  208   93.00000   68.00000  26.9%  23.7  869s
 14739  6637   80.00000   40  146   93.00000   68.00000  26.9%  24.3 1076s
H14743  5240                      88.0000000   68.00000  22.7%  24.3 1076s
H14745  5091                      87.0000000   68.00000  21.8%  24.2 1076s
H14748  4846                      86.0000000   68.00000  20.9%  24.2 1076s
 14771  4900   80.00000   41  138   86.00000   68.00000  20.9%  24.3 1091s
 14926  5020   85.00000   45  145   86.00000   68.00000  20.9%  24.9 1104s
 15086  5164     cutoff   46        86.00000   68.00000  20.9%  25.2 1126s
 15271  5280   85.00000   50  153   86.00000   68.00000  20.9%  25.8 1142s
 15477  5431   73.00000   22  134   86.00000   68.00000  20.9%  26.2 1157s
 15723  5557   77.00000   31  271   86.00000   68.00000  20.9%  26.5 1222s
H15747  4127                      81.0000000   68.00000  16.0%  26.5 1222s
 15935  4047 infeasible   35        81.00000   68.00000  16.0%  26.9 1246s
 16168  4179   76.00000   23  181   81.00000   68.00000  16.0%  28.7 1270s
 16374  4298   78.00000   29  171   81.00000   68.00000  16.0%  29.4 1291s
 16577  4404   78.00000   33  231   81.00000   68.00000  16.0%  30.0 1313s
 16810  4507   78.00000   39  211   81.00000   68.00000  16.0%  30.7 1332s
 17021  4615   72.00000   21  161   81.00000   68.00000  16.0%  31.3 1353s
 17273  4737   73.00000   28  186   81.00000   68.00000  16.0%  32.2 1377s
 17514  4869   79.00000   31  222   81.00000   68.00000  16.0%  32.8 1401s
*17592  4848              98      81.0000000   68.00000  16.0%  33.2 1401s
 17795  5002   79.00000   36  243   81.00000   68.00000  16.0%  33.7 1425s
 18071  5788 infeasible   23        81.00000   68.00000  16.0%  34.4 1442s
 19607  6871   70.00000   40  117   81.00000   68.00000  16.0%  34.6 1462s
 21698  7033 infeasible   29        81.00000   68.00000  16.0%  35.4 1491s
 21960  8506     cutoff   31        81.00000   68.00000  16.0%  36.1 1513s
 24857  8671   68.00000   29  179   81.00000   68.00000  16.0%  35.5 1542s
 25118 10270   76.00000   38  150   81.00000   68.00000  16.0%  36.2 1565s
 28109 10578 infeasible   48        81.00000   68.00000  16.0%  35.3 1593s
 28778 12021   78.00000   30  172   81.00000   68.00000  16.0%  36.4 1617s
 31741 12022   74.00000   23  141   81.00000   68.00000  16.0%  36.2 1664s
 31743 12023   77.00000   35  128   81.00000   68.00000  16.0%  36.2 1666s
 31745 12025   79.00000   33  189   81.00000   68.00000  16.0%  36.2 1670s
 31748 12027   74.00000   32  196   81.00000   68.00000  16.0%  36.1 1678s
 31749 12027   80.00000   47  338   81.00000   68.00000  16.0%  36.1 1680s
 31750 12028   78.00000   42  155   81.00000   68.00000  16.0%  36.1 1687s
 31752 12029   80.00000   60  213   81.00000   68.00000  16.0%  36.1 1695s
 31754 12031   68.01887   25  122   81.00000   68.00000  16.0%  36.1 1704s
 31755 12031   71.00000   26   96   81.00000   68.00000  16.0%  36.1 1705s
 31757 12036   68.00000   20  106   81.00000   68.00000  16.0%  37.5 1718s
 31759 12038   68.00000   21  114   81.00000   68.00000  16.0%  37.5 1724s
 31763 12043   68.00000   22  113   81.00000   68.00000  16.0%  37.5 1735s
 31770 12053   68.00000   23  116   81.00000   68.00000  16.0%  37.5 1740s
 31783 12070   68.00000   24  140   81.00000   68.00000  16.0%  37.6 1747s
 31809 12090   68.00000   25  154   81.00000   68.00000  16.0%  37.7 1754s
 31841 12112   68.00000   26  154   81.00000   68.00000  16.0%  37.7 2001s
H31843 11509                      80.0000000   68.00000  15.0%  37.7 2001s
 31873 11519   75.00000   26  240   80.00000   68.00000  15.0%  37.7 2066s
 31905 11528   68.00000   27  175   80.00000   68.00000  15.0%  37.8 2201s
H31907 10956                      80.0000000   68.00000  15.0%  37.8 2201s
 31937 10990   68.00000   27  234   80.00000   68.00000  15.0%  37.8 2214s
 31990 11027   68.00000   28  173   80.00000   68.00000  15.0%  38.2 2226s
 32047 11061   68.00000   29  171   80.00000   68.00000  15.0%  38.3 2232s
 32106 11101   68.00000   30  171   80.00000   68.00000  15.0%  38.4 2248s
 32170 11242   68.00000   31  175   80.00000   68.00000  15.0%  38.4 2266s
 32346 11311   68.00000   33  236   80.00000   68.00000  15.0%  38.7 2282s
 32489 11420   68.00000   34  273   80.00000   68.00000  15.0%  38.7 2305s
 32677 11492   72.00000   35  196   80.00000   68.00000  15.0%  38.9 2323s
 32849 11576   71.00000   37  220   80.00000   68.00000  15.0%  39.1 2344s
 33050 11591   71.00000   39  263   80.00000   68.00000  15.0%  39.4 2368s
 33192 11678   76.00000   41  266   80.00000   68.00000  15.0%  39.6 2390s
 33402 11757   71.00000   44  273   80.00000   68.00000  15.0%  40.0 2418s
 33651 11849   71.00000   48  304   80.00000   68.00000  15.0%  40.3 2446s
 33893 11934   71.00000   51  304   80.00000   68.00000  15.0%  40.4 2479s
 34159 12011   71.00000   53  260   80.00000   68.00000  15.0%  40.6 2512s
 34437 12086 infeasible   57        80.00000   68.00000  15.0%  41.2 2542s
 34718 12212   68.00000   46  270   80.00000   68.00000  15.0%  41.8 2573s
 35054 13036   68.00000   50  120   80.00000   68.00000  15.0%  42.3 2594s
 36413 13765   79.00000   55  211   80.00000   68.00000  15.0%  42.1 2615s
 38398 13320 infeasible   62        80.00000   68.00000  15.0%  42.0 2644s
 38736 15154   77.00000   61  256   80.00000   68.00000  15.0%  42.5 2665s
 41644 15854   71.00000   47  173   80.00000   68.00000  15.0%  41.6 2687s
 44317 15086 infeasible   86        80.00000   68.00000  15.0%  41.2 2709s
 44570 16618   68.32215   49  171   80.00000   68.00000  15.0%  41.5 2733s
 47326 15791 infeasible   40        80.00000   68.00000  15.0%  41.3 2761s
 47556 17048   68.00000   41  160   80.00000   68.00000  15.0%  41.9 2783s
 49947 16429   68.00000   33  229   80.00000   68.00000  15.0%  41.5 2810s
 50257 18363   72.00000   42  183   80.00000   68.00000  15.0%  41.9 2835s
 53645 17764   71.00000   50  291   80.00000   68.00000  15.0%  41.7 2863s
 54653 19056   68.07107   38  204   80.00000   68.00000  15.0%  42.1 2890s
 57591 18260 infeasible  134        80.00000   68.00000  15.0%  42.4 2932s
 57927 20538   79.00000   61  152   80.00000   68.00000  15.0%  42.7 2966s
 62351 19584 infeasible   40        80.00000   68.00000  15.0%  42.2 3112s
 63533 26047   73.00000   68  227   80.00000   68.00000  15.0%  43.2 3246s
 76461 26037   72.00000   56  217   80.00000   68.00000  15.0%  42.7 3349s
 77180 26314   68.00000   42  153   80.00000   68.00000  15.0%  42.5 3403s
 77717 26529   79.00000   59  203   80.00000   68.00000  15.0%  42.9 3453s
 78264 30089   79.00000   78  237   80.00000   68.00000  15.0%  43.5 3530s
 85008 30326   70.00000   55  210   80.00000   68.00000  15.0%  43.4 3581s
 85512 31952   72.00000   59  249   80.00000   68.00000  15.0%  43.9 3600s

Cutting planes:
  Learned: 7
  Gomory: 10
  Cover: 39
  Implied bound: 82
  Clique: 28
  MIR: 25
  StrongCG: 7
  Flow cover: 150
  Zero half: 1
  RLT: 14
  Relax-and-lift: 133

Explored 88495 nodes (4222300 simplex iterations) in 3611.47 seconds (151.98 work units)
Thread count was 32 (of 32 available processors)

Solution count 10: 80 80 81 ... 94

Time limit reached
Best objective 7.999999999190e+01, best bound 6.800000000000e+01, gap 15.0000%

Wrote result file 'RCPSP_530.sol'

