
Gurobi 10.0.3 (linux64, gurobi_cl) logging started Thu Nov  2 11:46:32 2023

Set parameter Username
Set parameter TimeLimit to value 3600
Set parameter LogFile to value "RCPSP_925.log"
Set parameter Threads to value 32
Academic license - for non-commercial use only - expires 2024-10-30
Using license file /home/jrivera6/gurobi-licenses/v1003/compute-0-35/gurobi.lic

Gurobi Optimizer version 10.0.3 build v10.0.3rc0 (linux64)
Copyright (c) 2023, Gurobi Optimization, LLC

Read MPS format model from file RCPSP_925.mps
Reading time = 0.03 seconds
RCPSP_925: 19662 rows, 7750 columns, 71936 nonzeros

CPU model: Intel(R) Xeon(R) Gold 6130 CPU @ 2.10GHz, instruction set [SSE2|AVX|AVX2|AVX512]
Thread count: 32 physical cores, 32 logical processors, using up to 32 threads

Optimize a model with 19662 rows, 7750 columns and 71936 nonzeros
Model fingerprint: 0x76ecf225
Variable types: 62 continuous, 7688 integer (7688 binary)
Coefficient statistics:
  Matrix range     [1e+00, 3e+02]
  Objective range  [1e+00, 1e+00]
  Bounds range     [1e+00, 1e+00]
  RHS range        [1e+00, 3e+02]
Presolve removed 9200 rows and 3501 columns (presolve time = 5s) ...
Presolve removed 9244 rows and 3522 columns
Presolve time: 5.09s
Presolved: 10418 rows, 4228 columns, 38897 nonzeros
Variable types: 61 continuous, 4167 integer (4167 binary)

Root simplex log...

Iteration    Objective       Primal Inf.    Dual Inf.      Time
       0    6.0000000e+01   2.641588e+04   0.000000e+00      5s
    1449    6.0000000e+01   0.000000e+00   0.000000e+00      5s

Root relaxation: objective 6.000000e+01, 1449 iterations, 0.03 seconds (0.01 work units)

    Nodes    |    Current Node    |     Objective Bounds      |     Work
 Expl Unexpl |  Obj  Depth IntInf | Incumbent    BestBd   Gap | It/Node Time

     0     0   60.00000    0  267          -   60.00000      -     -    6s
     0     0   60.00000    0  664          -   60.00000      -     -    9s
     0     0   60.00000    0  542          -   60.00000      -     -   13s
     0     0   60.00000    0  495          -   60.00000      -     -   18s
     0     0   60.00000    0  491          -   60.00000      -     -   18s
     0     0   60.00000    0  515          -   60.00000      -     -   19s
     0     0   60.86405    0  486          -   60.86405      -     -   23s
     0     0   60.86405    0  483          -   60.86405      -     -   23s
     0     0   60.86405    0  582          -   60.86405      -     -   24s
     0     0   60.86405    0  671          -   60.86405      -     -   26s
     0     0   60.86405    0  652          -   60.86405      -     -   26s
     0     0   60.86405    0  610          -   60.86405      -     -   27s
     0     0   60.86405    0  478          -   60.86405      -     -   31s
     0     0   60.86405    0  613          -   60.86405      -     -   31s
     0     0   61.02037    0  489          -   61.02037      -     -   36s
     0     0   61.04328    0  639          -   61.04328      -     -   37s
     0     0   61.04328    0  648          -   61.04328      -     -   38s
     0     0   61.17246    0  658          -   61.17246      -     -   40s
     0     0   61.19134    0  630          -   61.19134      -     -   41s
     0     0   61.19134    0  651          -   61.19134      -     -   41s
     0     0   61.19134    0  692          -   61.19134      -     -   42s
     0     0   61.19134    0  673          -   61.19134      -     -   43s
     0     0   61.19504    0  673          -   61.19504      -     -   45s
     0     0   61.19504    0  683          -   61.19504      -     -   46s
     0     0   61.25260    0  646          -   61.25260      -     -   49s
     0     0   61.26725    0  632          -   61.26725      -     -   49s
     0     0   61.26725    0  656          -   61.26725      -     -   49s
     0     0   61.32020    0  705          -   61.32020      -     -   51s
     0     0   61.32020    0  697          -   61.32020      -     -   51s
     0     0   61.32020    0  665          -   61.32020      -     -   52s
     0     0   61.32020    0  724          -   61.32020      -     -   54s
     0     0   61.32020    0  696          -   61.32020      -     -   56s
H    0     0                     138.0000000   61.32020  55.6%     -   60s
H    0     0                     137.0000000   61.32020  55.2%     -   60s
     0     0   61.32020    0  429  137.00000   61.32020  55.2%     -   60s
     0     0   61.32020    0  605  137.00000   61.32020  55.2%     -   62s
     0     0   61.32020    0  610  137.00000   61.32020  55.2%     -   62s
H    0     0                     135.0000000   61.36944  54.5%     -   66s
     0     0   61.36944    0  487  135.00000   61.36944  54.5%     -   66s
     0     0   61.36944    0  669  135.00000   61.36944  54.5%     -   68s
H    0     0                     134.0000000   61.36944  54.2%     -   70s
     0     0   61.36944    0  631  134.00000   61.36944  54.2%     -   70s
     0     0   61.36944    0  709  134.00000   61.36944  54.2%     -   71s
H    0     0                     133.0000000   61.36944  53.9%     -   77s
     0     0   61.36944    0  471  133.00000   61.36944  53.9%     -   78s
H    0     0                     130.0000000   61.36944  52.8%     -   79s
     0     0   61.36944    0  378  130.00000   61.36944  52.8%     -   79s
H    0     0                     129.0000000   61.39294  52.4%     -   83s
H    0     0                     125.0000000   61.39294  50.9%     -   83s
     0     2   61.39294    0  369  125.00000   61.39294  50.9%     -   88s
     3     8   61.95283    2  524  125.00000   61.84558  50.5%   911   93s
     7    13   62.97487    3  548  125.00000   62.91912  49.7%  1087   98s
    15    25   64.86405    4  536  125.00000   63.33333  49.3%  1167  104s
H   28    44                     123.0000000   63.33333  48.5%  1156  121s
H   30    44                     122.0000000   63.33333  48.1%  1159  121s
H   39    44                     120.0000000   63.33333  47.2%  1131  121s
    53    64   64.86405    6  534  120.00000   63.33333  47.2%  1160  129s
    85    87   64.86405    7  652  120.00000   63.33333  47.2%  1083  203s
H   99    87                     120.0000000   63.33333  47.2%  1037  203s
H  101    87                     116.0000000   63.33333  45.4%  1037  203s
   117   112   64.86405    8  648  116.00000   63.33333  45.4%   994  213s
   149   141   64.86405    9  615  116.00000   63.33333  45.4%   929  219s
   181   185   64.86405    9  620  116.00000   63.33333  45.4%   902  229s
   231   231   64.86405   10  624  116.00000   63.33333  45.4%   760  237s
   280   277   64.86405   11  604  116.00000   63.33333  45.4%   669  240s
H  397   369                     114.0000000   63.33333  44.4%   516  293s
H  429   399                     113.0000000   63.33333  44.0%   488  344s
   461   461   66.91667   14  571  113.00000   63.33333  44.0%   464  347s
   540   540   66.91667   15  545  113.00000   63.33333  44.0%   408  356s
   712   697   71.00000   18  528  113.00000   63.33333  44.0%   346  365s
   957   926   72.20938   20  534  113.00000   63.33333  44.0%   279  372s
  1090  1058   72.20938   21  526  113.00000   63.33333  44.0%   255  380s
  1246  1202   78.00000   22  478  113.00000   63.33333  44.0%   233  386s
  1399  1362   78.00000   23  466  113.00000   63.33333  44.0%   219  392s
  1589  1500   78.00000   31  445  113.00000   63.33333  44.0%   202  401s
  1747  1701   78.00000   33  444  113.00000   63.33333  44.0%   191  411s
  1968  1909   78.00000   43  487  113.00000   63.33333  44.0%   178  417s
  2234  2134   78.00000   48  536  113.00000   63.33333  44.0%   164  425s
  2523  2336   78.00000   51  537  113.00000   63.33333  44.0%   153  432s
  2774  2594   78.00000   57  485  113.00000   63.33333  44.0%   145  441s
  3096  2595   87.00000   69  378  113.00000   63.33333  44.0%   136  485s
  3099  2597   75.00000   28  343  113.00000   63.80474  43.5%   136  493s
  3101  2598   83.00000   26  316  113.00000   63.80474  43.5%   136  498s
  3102  2599   64.86405   12  483  113.00000   63.80474  43.5%   136  500s
  3103  2600   66.00000   17  412  113.00000   63.80474  43.5%   136  509s
  3104  2600   83.00000   53  358  113.00000   63.80474  43.5%   136  511s
  3106  2605   63.80474   15  286  113.00000   63.80474  43.5%   146  525s
  3108  2608   63.80474   16  298  113.00000   63.80474  43.5%   146  533s
  3112  2615   63.80474   17  290  113.00000   63.80474  43.5%   146  537s
  3120  2626   63.80474   18  294  113.00000   63.80474  43.5%   146  541s
  3136  2651   63.80474   19  297  113.00000   63.80474  43.5%   146  549s
H 3161  2511                     112.0000000   63.80474  43.0%   145  549s
  3166  2540   63.80474   20  307  112.00000   63.80474  43.0%   145  553s
  3198  2560   63.80474   21  354  112.00000   63.80474  43.0%   144  643s
H 3210  2433                     111.0000000   63.80474  42.5%   144  643s
  3230  2458   64.00000   21  393  111.00000   63.80474  42.5%   144  649s
  3262  2480   63.85889   22  319  111.00000   63.80474  42.5%   143  656s
  3294  2501   63.85889   22  337  111.00000   63.80474  42.5%   142  660s
  3326  2523   63.85889   23  318  111.00000   63.80474  42.5%   141  665s
  3359  2545 infeasible   23       111.00000   63.80474  42.5%   139  671s
  3394  2568   63.85889   24  321  111.00000   63.80474  42.5%   138  675s
  3428  2591   63.85889   25  334  111.00000   63.80474  42.5%   137  680s
  3463  2622   67.00000   25  326  111.00000   63.80474  42.5%   137  687s
  3601  2785   67.00000   27  355  111.00000   63.80474  42.5%   132  690s
  3718  2772   70.00000   29  343  111.00000   63.80474  42.5%   129  698s
  3881  2944   67.00000   32  374  111.00000   63.80474  42.5%   125  706s
  4000  2917   70.00000   33  352  111.00000   63.80474  42.5%   122  713s
  4040  3042   67.00000   34  355  111.00000   63.80474  42.5%   121  715s
  4198  3002   72.00000   35  325  111.00000   63.80474  42.5%   117  721s
  4292  3146   72.00000   36  329  111.00000   63.80474  42.5%   115  726s
  4452  3117   72.00000   38  338  111.00000   63.80474  42.5%   112  735s
  4668  3371   72.00000   41  369  111.00000   63.80474  42.5%   108  740s
  5057  3438   72.00000   49  355  111.00000   63.80474  42.5%   101  750s
  5293  3724   72.00000   52  355  111.00000   63.80474  42.5%  98.2  755s
  5514  3649   75.00000   56  346  111.00000   63.80474  42.5%  95.0  762s
  5571  3839   72.00000   57  352  111.00000   63.80474  42.5%  94.4  765s
  6047  3882 infeasible   65       111.00000   63.80474  42.5%  88.5  781s
  6112  3979   83.00000   66  359  111.00000   63.80474  42.5%  87.9  793s
  6247  3954   74.00000   68  347  111.00000   63.80474  42.5%  86.5  799s
  6297  4161   72.00000   69  349  111.00000   63.80474  42.5%  86.2  802s
  6546  4606   72.00000   73  343  111.00000   63.80474  42.5%  83.8  806s
  7158  4904   72.00000   82  331  111.00000   63.80474  42.5%  77.8  812s
  7840  4656   97.00000   92  268  111.00000   63.80474  42.5%  72.2  826s
  8553  5609 infeasible   98       111.00000   63.80474  42.5%  68.2  833s
  9347  5340 infeasible  106       111.00000   63.80474  42.5%  63.7  843s
  9413  5450   98.00000  106  273  111.00000   63.80474  42.5%  63.8  848s
  9571  6125   98.00000  114  261  111.00000   63.80474  42.5%  63.1  853s
 10396  5931 infeasible  130       111.00000   63.80474  42.5%  59.4  860s
 10462  6381   63.81126   22  374  111.00000   63.80474  42.5%  59.4  865s
 10937  7048   68.85889   37  356  111.00000   63.80474  42.5%  57.6  874s
 11756  7024   91.00000   62  271  111.00000   63.80474  42.5%  54.5  883s
 11838  7874   91.00000   63  271  111.00000   63.80474  42.5%  54.6  887s
 12834  7886  109.00000  118  233  111.00000   63.80474  42.5%  51.7  894s
 12890  8341  109.00000  119  231  111.00000   63.80474  42.5%  51.8  900s
 13393  9420  109.00000  135  174  111.00000   63.80474  42.5%  50.5  906s
 14708  9429   68.00000   26  343  111.00000   63.80474  42.5%  47.2  915s
*14959 10357             240     110.0000000   63.80474  42.0%  46.9  919s
 16034 10906   79.00000   54  325  110.00000   63.80474  42.0%  44.8  924s
 16774 10888   67.00000   24  305  110.00000   63.80474  42.0%  43.8  933s
 16863 11799   84.00000   25  305  110.00000   63.80474  42.0%  43.9  937s
 18021 12599   67.00000   34  326  110.00000   63.80474  42.0%  42.4  941s
 19069 12603 infeasible   48       110.00000   63.80474  42.0%  41.2  951s
 19143 12649   63.81741   24  366  110.00000   63.80474  42.0%  41.3  971s
H19145 12502                     109.0000000   63.80474  41.5%  41.3  971s
 19189 13181   63.99889   25  363  109.00000   63.80474  41.5%  41.3  977s
 19961 13186   84.00000   45  303  109.00000   63.80474  41.5%  40.3  991s
 20036 14536   84.00000   46  303  109.00000   63.80474  41.5%  40.4  996s
 21648 15197   99.00000  110  257  109.00000   63.80474  41.5%  38.5 1001s
 22544 15201   67.00000   25  316  109.00000   63.80474  41.5%  37.8 1014s
 22632 16368   67.00000   26  316  109.00000   63.80537  41.5%  37.9 1019s
 24063 17317   64.34335   30  441  109.00000   63.80922  41.5%  36.8 1035s
 25533 18474   64.86405   27  377  109.00000   63.81500  41.5%  35.6 1040s
 27125 18500   64.14781   27  348  109.00000   63.81500  41.5%  34.4 1046s
 27235 19350   64.86405   29  327  109.00000   63.81500  41.5%  34.4 1052s
 28235 20038   70.86405   48  347  109.00000   63.81500  41.5%  33.8 1058s
 29155 23445   79.00000   64  309  109.00000   63.82406  41.4%  33.1 1177s
 33820 23428 infeasible  142       109.00000   64.00000  41.3%  30.6 1186s
 33905 23470   65.00000   28  350  109.00000   64.00000  41.3%  30.7 1195s
 33969 23500   67.00000   30  336  109.00000   64.00000  41.3%  30.7 1254s
H33970 23500                     109.0000000   64.00000  41.3%  30.7 1254s
 34001 23551   74.00000   31  307  109.00000   64.00000  41.3%  30.7 1342s
 34054 23592   74.00000   33  303  109.00000   64.00000  41.3%  30.7 1358s
H34087 23592                     109.0000000   64.00000  41.3%  30.7 1359s
 34095 23695   74.00000   34  301  109.00000   64.00000  41.3%  30.8 1367s
 34206 23791   79.00000   37  295  109.00000   64.00000  41.3%  30.7 1374s
 34312 23886   84.00000   41  298  109.00000   64.00000  41.3%  30.7 1381s
 34419 23998   90.00000   45  294  109.00000   64.00000  41.3%  30.7 1390s
 34539 25347   90.00000   48  294  109.00000   64.00000  41.3%  30.7 1396s
 36162 25353 infeasible  105       109.00000   64.00000  41.3%  30.0 1407s
 36260 26347   64.86405   34  396  109.00000   64.00000  41.3%  30.0 1417s
 37493 26368 infeasible   53       109.00000   64.00000  41.3%  29.6 1431s
 37618 27156   78.86405   38  350  109.00000   64.00000  41.3%  29.6 1440s
 38567 28552   97.00000   60  311  109.00000   64.00000  41.3%  29.3 1456s
 40356 28534   64.86405   29  350  109.00000   64.00000  41.3%  28.7 1762s
 40436 28625   67.00000   29  376  109.00000   64.00000  41.3%  28.8 1772s
 40549 28715   64.86405   30  376  109.00000   64.00000  41.3%  28.8 1785s
 40663 28850   70.00000   32  407  109.00000   64.00000  41.3%  28.9 1800s
 40808 28989   66.00000   34  402  109.00000   64.00000  41.3%  28.9 1812s
 40953 29128   70.85889   37  348  109.00000   64.00000  41.3%  28.9 1827s
 41108 29255   73.00000   40  360  109.00000   64.00000  41.3%  28.8 1843s
 41239 29396   77.99997   42  360  109.00000   64.00000  41.3%  28.9 1856s
 41394 29543   77.99997   43  354  109.00000   64.00000  41.3%  28.9 1871s
 41565 29678   83.00000   45  316  109.00000   64.00000  41.3%  28.9 1885s
 41730 29831   89.00000   47  347  109.00000   64.00000  41.3%  28.9 1903s
 41913 29977   82.00000   49  297  109.00000   64.00000  41.3%  29.0 1921s
 42093 32119   82.00000   52  286  109.00000   64.00000  41.3%  29.0 2024s
 44763 32163   95.00000   92  255  109.00000   64.00000  41.3%  28.1 2040s
 44969 34754   96.00000   94  245  109.00000   64.00000  41.3%  28.2 2146s
 48574 37077  108.00000  105  213  109.00000   64.00000  41.3%  27.1 2254s
 51890 37144   74.00000   25  308  109.00000   64.00000  41.3%  26.2 2271s
 52063 38467   74.00000   29  292  109.00000   64.00000  41.3%  26.3 2376s
 53742 38609   68.00000   31  380  109.00000   64.00000  41.3%  25.9 2395s
 53990 42622   73.00000   35  345  109.00000   64.00000  41.3%  26.0 2939s
 59027 42623   76.86405   54  378  109.00000   64.00000  41.3%  24.9 3255s
 59029 42624   85.85889   44  235  109.00000   64.00000  41.3%  24.9 3264s
 59030 42625   76.00000   38  279  109.00000   64.32164  41.0%  24.9 3272s
 59031 42626   72.00000   53  375  109.00000   64.34680  41.0%  24.9 3297s
 59032 42626   95.00000   56  385  109.00000   64.34680  41.0%  24.9 3301s
 59033 42627   77.00000  130  357  109.00000   64.34681  41.0%  24.9 3360s
 59034 42628   65.00000   29  458  109.00000   64.34681  41.0%  24.9 3372s
 59035 42628   74.26230   55  431  109.00000   64.34692  41.0%  24.9 3383s
 59036 42629  108.00000  142  463  109.00000   64.34898  41.0%  24.9 3387s
 59037 42630   84.00000   66  426  109.00000   64.34973  41.0%  24.9 3395s
 59038 42630   97.00000   85  560  109.00000   64.34973  41.0%  24.9 3410s
 59039 42631   72.00000   52  442  109.00000   64.35494  41.0%  24.9 3418s
 59041 42632   99.00000   78  534  109.00000   64.37647  40.9%  24.9 3424s
 59042 42633   76.00000   72  432  109.00000   64.38666  40.9%  24.9 3430s
 59043 42634   90.00000   67  538  109.00000   64.38711  40.9%  24.9 3435s
 59044 42634   70.86405   35  423  109.00000   64.39592  40.9%  24.9 3443s
 59045 42635   95.00000   89  552  109.00000   64.39664  40.9%  24.9 3447s
 59046 42636  102.00000   87  418  109.00000   64.40510  40.9%  24.9 3453s
 59048 42637   97.00000   79  583  109.00000   64.41987  40.9%  24.9 3458s
H59048 40504                     108.0000000   64.41987  40.4%  24.9 3467s
 59049 40505   93.99997   77  415  108.00000   64.43025  40.3%  24.9 3475s
 59051 40506   86.00000   62  425  108.00000   64.44599  40.3%  24.9 3487s
 59052 40507   83.00000  114  555  108.00000   64.44599  40.3%  24.9 3491s
 59053 40507   90.00000   78  451  108.00000   64.45216  40.3%  24.9 3499s
 59054 40508   70.86405   32  546  108.00000   64.45216  40.3%  24.9 3503s
 59055 40509   79.00000   95  391  108.00000   64.45222  40.3%  24.9 3510s
 59056 40509   77.00000   55  527  108.00000   64.45917  40.3%  24.9 3515s
 59057 40510   68.00000   35  342  108.00000   64.45917  40.3%  24.9 3523s
 59058 40511   97.00000   84  529  108.00000   64.45917  40.3%  24.9 3527s
 59059 40511   66.86405   30  393  108.00000   64.47037  40.3%  24.9 3534s
 59060 40512  108.00000  138  500  108.00000   64.47037  40.3%  24.9 3538s
 59061 40513   78.00000   90  453  108.00000   64.47272  40.3%  24.9 3545s
 59063 40514  100.00000   72  581  108.00000   64.49278  40.3%  24.9 3550s
 59064 40515   91.00000   89  417  108.00000   64.57888  40.2%  24.9 3558s
 59065 40515   85.00000   92  499  108.00000   64.58609  40.2%  24.9 3562s
 59066 40516  101.00000  100  440  108.00000   64.58609  40.2%  24.9 3571s
 59067 40517   71.00000   56  578  108.00000   64.58722  40.2%  24.9 3575s
 59068 40517   66.86405   32  395  108.00000   64.58722  40.2%  24.9 3583s
 59069 40518   91.00000   70  537  108.00000   64.58722  40.2%  24.9 3587s
 59070 40519   73.00000   65  428  108.00000   64.58722  40.2%  24.9 3595s

Cutting planes:
  Learned: 9
  Gomory: 34
  Cover: 118
  Implied bound: 22
  Projected implied bound: 1
  Clique: 37
  MIR: 360
  StrongCG: 18
  Flow cover: 577
  Zero half: 51
  RLT: 30
  Relax-and-lift: 132

Explored 59071 nodes (1741840 simplex iterations) in 3602.91 seconds (198.47 work units)
Thread count was 32 (of 32 available processors)

Solution count 10: 108 109 109 ... 116

Time limit reached
Best objective 1.080000000000e+02, best bound 6.458722211321e+01, gap 40.1970%

Wrote result file 'RCPSP_925.sol'

