
Gurobi 10.0.3 (linux64, gurobi_cl) logging started Fri Nov 10 17:26:38 2023

Set parameter Username
Set parameter TimeLimit to value 3600
Set parameter LogFile to value "RCPSP_1543.log"
Set parameter Threads to value 32
Academic license - for non-commercial use only - expires 2024-10-30
Using license file /home/jrivera6/gurobi-licenses/v1003/compute-0-37/gurobi.lic

Gurobi Optimizer version 10.0.3 build v10.0.3rc0 (linux64)
Copyright (c) 2023, Gurobi Optimization, LLC

Read MPS format model from file RCPSP_1543.mps
Reading time = 1.05 seconds
RCPSP_1543: 75214 rows, 29890 columns, 266028 nonzeros

CPU model: Intel(R) Xeon(R) Gold 6242 CPU @ 2.80GHz, instruction set [SSE2|AVX|AVX2|AVX512]
Thread count: 32 physical cores, 32 logical processors, using up to 32 threads

Optimize a model with 75214 rows, 29890 columns and 266028 nonzeros
Model fingerprint: 0xa1deb675
Variable types: 122 continuous, 29768 integer (29768 binary)
Coefficient statistics:
  Matrix range     [1e+00, 7e+02]
  Objective range  [1e+00, 1e+00]
  Bounds range     [1e+00, 1e+00]
  RHS range        [1e+00, 7e+02]
Presolve removed 18502 rows and 4737 columns (presolve time = 5s) ...
Presolve removed 20579 rows and 5464 columns
Presolve time: 6.58s
Presolved: 54635 rows, 24426 columns, 201231 nonzeros
Variable types: 121 continuous, 24305 integer (24305 binary)

Deterministic concurrent LP optimizer: primal and dual simplex (primal and dual model)
Showing first log only...

Root relaxation presolved: 54628 rows, 24433 columns, 201217 nonzeros


Root simplex log...

Iteration    Objective       Primal Inf.    Dual Inf.      Time
       0    9.3054930e+01   7.237855e-03   2.913682e+08      8s
    4146    9.3000000e+01   0.000000e+00   0.000000e+00      9s
    4146    9.3000000e+01   0.000000e+00   0.000000e+00     10s
Concurrent spin time: 2.41s

Solved with dual simplex (dual model)

Root relaxation: objective 9.300000e+01, 27371 iterations, 4.75 seconds (0.36 work units)
Total elapsed time = 18.23s
Total elapsed time = 22.78s

    Nodes    |    Current Node    |     Objective Bounds      |     Work
 Expl Unexpl |  Obj  Depth IntInf | Incumbent    BestBd   Gap | It/Node Time

     0     0   93.00000    0 1514          -   93.00000      -     -   57s
     0     0   96.00000    0 1315          -   96.00000      -     -   59s
     0     0   96.00000    0 1313          -   96.00000      -     -   59s
     0     0   96.00000    0 2481          -   96.00000      -     -  160s
     0     0   96.00000    0 2435          -   96.00000      -     -  167s
     0     0   96.00000    0 2320          -   96.00000      -     -  173s
     0     0   96.00000    0 2726          -   96.00000      -     -  214s
     0     0   96.00000    0 2651          -   96.00000      -     -  222s
     0     0   96.00000    0 2719          -   96.00000      -     -  229s
     0     0   96.00000    0 2637          -   96.00000      -     -  230s
     0     0   97.20000    0 1512          -   97.20000      -     -  323s
     0     0   97.20000    0 1627          -   97.20000      -     -  327s
     0     0   97.20000    0 1928          -   97.20000      -     -  353s
     0     0   97.20000    0 1964          -   97.20000      -     -  357s
     0     0   97.20000    0 1964          -   97.20000      -     -  358s
     0     0   97.20000    0 1877          -   97.20000      -     -  360s
     0     0   97.20000    0 2027          -   97.20000      -     -  395s
     0     0   97.20000    0 1905          -   97.20000      -     -  399s
     0     0   97.20000    0 1903          -   97.20000      -     -  403s
     0     0   97.20000    0 1899          -   97.20000      -     -  403s
     0     0   97.20000    0 2257          -   97.20000      -     -  425s
     0     0   97.20000    0 2187          -   97.20000      -     -  429s
     0     0   97.20000    0 2177          -   97.20000      -     -  429s
     0     0   98.35297    0 1529          -   98.35297      -     -  480s
     0     0   98.35297    0 1529          -   98.35297      -     -  481s
     0     0   98.35297    0 2040          -   98.35297      -     -  506s
     0     0   98.35297    0 1906          -   98.35297      -     -  508s
     0     0   98.35297    0 2150          -   98.35297      -     -  523s
     0     0   98.35297    0 2226          -   98.35297      -     -  530s
     0     0   98.35297    0 2049          -   98.35297      -     -  531s
     0     0   98.35297    0 2195          -   98.35297      -     -  557s
     0     0   98.35297    0 2152          -   98.35297      -     -  559s
     0     0   98.35297    0 2396          -   98.35297      -     -  562s
     0     0   98.35297    0 1327          -   98.35297      -     -  611s
     0     0   98.35297    0 1325          -   98.35297      -     -  612s
     0     0   98.35297    0 2264          -   98.35297      -     -  665s
     0     0   98.35297    0 2477          -   98.35297      -     -  791s
     0     0   98.35297    0 2288          -   98.35297      -     -  794s
     0     0   98.72540    0 2285          -   98.72540      -     -  816s
     0     0   98.72540    0 2123          -   98.72540      -     -  823s
     0     0   98.72540    0 2199          -   98.72540      -     -  828s
     0     0   99.20000    0 2204          -   99.20000      -     -  844s
     0     0   99.20000    0 2119          -   99.20000      -     -  846s
     0     0   99.20000    0 2353          -   99.20000      -     -  864s
     0     0   99.20000    0 2470          -   99.20000      -     -  871s
     0     0   99.20000    0 2461          -   99.20000      -     -  871s
     0     0   99.20000    0 2328          -   99.20000      -     -  882s
     0     0   99.20000    0 2302          -   99.20000      -     -  890s
     0     0   99.20000    0 2297          -   99.20000      -     -  891s
     0     0   99.20000    0 2440          -   99.20000      -     -  915s
     0     0   99.20000    0 2480          -   99.20000      -     -  928s
     0     0   99.20000    0 2369          -   99.20000      -     -  932s
     0     0   99.20000    0 2363          -   99.20000      -     -  957s
     0     0   99.20000    0 2340          -   99.20000      -     -  957s
     0     0   99.20215    0 1527          -   99.20215      -     - 1033s
     0     0   99.20215    0 1527          -   99.20215      -     - 1033s
     0     0   99.20553    0 1795          -   99.20553      -     - 1060s
     0     0   99.20553    0 1783          -   99.20553      -     - 1061s
     0     0   99.20553    0 1779          -   99.20553      -     - 1062s
     0     0   99.20553    0 1920          -   99.20553      -     - 1072s
     0     0   99.20553    0 1805          -   99.20553      -     - 1076s
     0     0   99.20553    0 1726          -   99.20553      -     - 1077s
     0     0   99.25404    0 1882          -   99.25404      -     - 1102s
     0     0   99.25404    0 1878          -   99.25404      -     - 1106s
     0     0   99.25404    0 1876          -   99.25404      -     - 1106s
     0     0   99.25404    0 2194          -   99.25404      -     - 1124s
     0     0   99.25404    0 2178          -   99.25404      -     - 1128s
     0     0   99.25404    0 2290          -   99.25404      -     - 1130s
     0     0   99.25404    0 2288          -   99.25404      -     - 1131s
     0     0   99.25404    0 2008          -   99.25404      -     - 1151s
     0     0   99.25404    0 2031          -   99.25404      -     - 1155s
     0     0   99.25404    0 2012          -   99.25404      -     - 1157s
     0     0   99.25404    0 2219          -   99.25404      -     - 1248s
     0     0   99.25404    0 2125          -   99.25404      -     - 1249s
     0     0   99.25404    0 2046          -   99.25404      -     - 1250s
     0     0   99.25404    0 2038          -   99.25404      -     - 1250s
     0     0   99.29853    0 1620          -   99.29853      -     - 1311s
     0     0   99.29853    0 1619          -   99.29853      -     - 1311s
     0     0   99.29853    0 1975          -   99.29853      -     - 1322s
     0     0   99.29853    0 2002          -   99.29853      -     - 1323s
     0     0   99.29853    0 1977          -   99.29853      -     - 1324s
     0     0   99.32879    0 2146          -   99.32879      -     - 1334s
     0     0   99.32879    0 2159          -   99.32879      -     - 1337s
     0     0   99.32879    0 2130          -   99.32879      -     - 1339s
     0     0   99.32879    0 2122          -   99.32879      -     - 1340s
     0     0   99.32879    0 2256          -   99.32879      -     - 1354s
     0     0   99.32879    0 2130          -   99.32879      -     - 1357s
     0     0   99.32879    0 2223          -   99.32879      -     - 1358s
     0     0   99.32879    0 2187          -   99.32879      -     - 1358s
     0     0   99.32879    0 2087          -   99.32879      -     - 1390s
     0     0   99.32879    0 2082          -   99.32879      -     - 1391s
     0     0   99.32879    0 2279          -   99.32879      -     - 1433s
     0     0   99.32879    0 2133          -   99.32879      -     - 1434s
     0     0   99.32879    0 2126          -   99.32879      -     - 1434s
     0     0   99.32879    0 1677          -   99.32879      -     - 1624s
     0     0   99.32879    0 1714          -   99.32879      -     - 1625s
     0     0   99.32879    0 1712          -   99.32879      -     - 1625s
     0     0   99.33149    0 2551          -   99.33149      -     - 1640s
     0     0   99.33149    0 2435          -   99.33149      -     - 1641s
     0     0   99.33149    0 2704          -   99.33149      -     - 1647s
     0     0   99.33149    0 2702          -   99.33149      -     - 1647s
     0     0   99.33149    0 1935          -   99.33149      -     - 1684s
     0     0   99.33149    0 2226          -   99.33149      -     - 1720s
     0     0   99.33149    0 2159          -   99.33149      -     - 1721s
     0     0   99.33149    0 2310          -   99.33149      -     - 1722s
     0     0   99.33149    0 2366          -   99.33149      -     - 1730s
     0     0   99.33149    0 2312          -   99.33149      -     - 1732s
     0     0   99.33149    0 2237          -   99.33149      -     - 1733s
     0     0   99.33149    0 2320          -   99.33149      -     - 1738s
     0     0   99.33149    0 2318          -   99.33149      -     - 1738s
     0     0   99.33149    0 1985          -   99.33149      -     - 1752s
     0     0   99.33149    0 2624          -   99.33149      -     - 1761s
     0     0   99.33149    0 2621          -   99.33149      -     - 1761s
     0     0   99.33149    0 2014          -   99.33149      -     - 1794s
     0     0   99.33149    0 2042          -   99.33149      -     - 1795s
     0     0   99.33149    0 1960          -   99.33149      -     - 1795s
     0     0   99.33149    0 1732          -   99.33149      -     - 2305s
     0     2   99.33149    0 1497          -   99.33149      -     - 2742s
     1     5   99.62811    1 1443          -   99.62811      - 19393 4048s

Cutting planes:
  Gomory: 14
  Cover: 25
  Implied bound: 1
  Clique: 14
  MIR: 57
  StrongCG: 4
  Zero half: 2
  RLT: 33
  Relax-and-lift: 70

Explored 3 nodes (510360 simplex iterations) in 4058.97 seconds (238.85 work units)
Thread count was 32 (of 32 available processors)

Solution count 0

Time limit reached
Best objective -, best bound 9.982637362637e+01, gap -

Unable to retrieve attribute 'X'

