
Gurobi 10.0.3 (linux64, gurobi_cl) logging started Thu Nov  9 11:49:03 2023

Set parameter Username
Set parameter TimeLimit to value 3600
Set parameter LogFile to value "RCPSP_1215.log"
Set parameter Threads to value 32
Academic license - for non-commercial use only - expires 2024-10-30
Using license file /home/jrivera6/gurobi-licenses/v1003/compute-0-38/gurobi.lic

Gurobi Optimizer version 10.0.3 build v10.0.3rc0 (linux64)
Copyright (c) 2023, Gurobi Optimization, LLC

Read MPS format model from file RCPSP_1215.mps
Reading time = 0.05 seconds
RCPSP_1215: 42947 rows, 17020 columns, 151052 nonzeros

CPU model: Intel(R) Xeon(R) Gold 6242 CPU @ 2.80GHz, instruction set [SSE2|AVX|AVX2|AVX512]
Thread count: 32 physical cores, 32 logical processors, using up to 32 threads

Optimize a model with 42947 rows, 17020 columns and 151052 nonzeros
Model fingerprint: 0xc7785f3d
Variable types: 92 continuous, 16928 integer (16928 binary)
Coefficient statistics:
  Matrix range     [1e+00, 5e+02]
  Objective range  [1e+00, 1e+00]
  Bounds range     [1e+00, 1e+00]
  RHS range        [1e+00, 5e+02]
Presolve removed 8288 rows and 2184 columns
Presolve time: 4.68s
Presolved: 34659 rows, 14836 columns, 127356 nonzeros
Variable types: 91 continuous, 14745 integer (14745 binary)

Deterministic concurrent LP optimizer: primal and dual simplex (primal and dual model)
Showing first log only...

Root relaxation presolved: 34659 rows, 14836 columns, 127356 nonzeros


Root simplex log...

Iteration    Objective       Primal Inf.    Dual Inf.      Time
       0    8.2509766e+01   3.992657e-03   1.986074e+08      6s
    2172    8.2000000e+01   0.000000e+00   0.000000e+00      6s
Concurrent spin time: 0.57s

Solved with dual simplex (dual model)

Root relaxation: objective 8.200000e+01, 16938 iterations, 1.59 seconds (0.15 work units)

    Nodes    |    Current Node    |     Objective Bounds      |     Work
 Expl Unexpl |  Obj  Depth IntInf | Incumbent    BestBd   Gap | It/Node Time

     0     0   82.00000    0   99          -   82.00000      -     -   10s
     0     0   82.00000    0  877          -   82.00000      -     -   26s
     0     0   82.00000    0  981          -   82.00000      -     -   30s
     0     0   82.00000    0  177          -   82.00000      -     -   44s
     0     0   82.00000    0  228          -   82.00000      -     -   48s
     0     0   82.00000    0  141          -   82.00000      -     -   70s
     0     0   82.00000    0  200          -   82.00000      -     -   76s
     0     0   82.00000    0  181          -   82.00000      -     -   88s
     0     0   82.00000    0  179          -   82.00000      -     -   88s
     0     0   82.00000    0  536          -   82.00000      -     -   94s
     0     0   82.00000    0  532          -   82.00000      -     -   94s
     0     0   82.00000    0  118          -   82.00000      -     -  100s
     0     0   82.00000    0  664          -   82.00000      -     -  101s
     0     0   82.00000    0  168          -   82.00000      -     -  109s
     0     0   82.00000    0  168          -   82.00000      -     -  110s
     0     0   82.00000    0  119          -   82.00000      -     -  113s
     0     2   82.00000    0  108          -   82.00000      -     -  136s
     1     3   82.00000    1  110          -   82.00000      -  1759  144s
     3     6   82.00000    2  114          -   82.00000      -   725  148s
     6    12   82.00000    3  466          -   82.00000      -   509  157s
    12    23   82.50000    4  575          -   82.00000      -   554  177s
    24    43   82.50000    5  707          -   82.00000      -   742  209s
    47    72   82.81250    6  767          -   82.00000      -   876  234s
    79   104   83.00000    7  682          -   82.00000      -   873  249s
   111   135   83.00000    8  680          -   82.00000      -   749  256s
   143   165   83.00000    9  678          -   82.00000      -   594  264s
   175   201   83.00000   10  676          -   82.00000      -   496  289s
   216   244   83.00000   11  678          -   82.00000      -   708  296s
   260   285   83.00000   12  676          -   82.00000      -   596  304s
   305   327   83.00000   13  643          -   82.00000      -   513  313s
   353   377   83.00000   14  641          -   82.00000      -   448  322s
   405   425   83.00000   15  659          -   82.00000      -   395  330s
   458   477   83.00000   16  669          -   82.00000      -   352  338s
   514   539   83.00000   17  637          -   82.00000      -   317  356s
   579   599   83.00000   18  627          -   82.00000      -   304  364s
   642   667   83.00000   19  625          -   82.00000      -   276  371s
   710   790   83.00000   20  623          -   82.00000      -   251  382s
   836   951   83.00000   21  618          -   82.00000      -   217  395s
  1004  1226   83.00000   22  617          -   82.00000      -   184  410s
  1289  1665   83.00000   24  597          -   82.00000      -   148  440s
  1755  2219   83.00000   26  577          -   82.00000      -   122  472s
  2363  2923   83.00000   29  595          -   82.00000      -   110  510s
  3201  3054   85.00000   43  693          -   82.00000      -  98.6  865s
  3356  4250   85.00000   46  640          -   82.00000      -   101  918s
  4744  5176   85.00000   81  670          -   82.00000      -  92.2  968s
  5885  6443   85.00000   94  615          -   82.00000      -  92.8 1024s
  7407  7737   85.00000  148  553          -   82.00000      -  93.3 1078s
  9003  9404   90.00000  171  493          -   82.00000      -  92.5 1145s
 11116  9405   94.00000   49  119          -   82.00000      -  88.9 1194s
 11118  9406   83.00000   39   95          -   82.00000      -  88.9 1209s
 11119  9407   92.00000  165   92          -   82.00000      -  88.9 1213s
 11120  9408   88.00000  139  567          -   82.00000      -  88.9 1216s
 11121  9408   87.03676  155   96          -   82.00000      -  88.9 1224s
 11122  9409   84.37500  102  430          -   82.00000      -  88.9 1227s
 11123  9410   95.00000  127  114          -   82.00000      -  88.9 1234s
 11124  9410   91.00000  135  423          -   82.00000      -  88.8 1237s
 11125  9411   83.00000   74   69          -   82.00000      -  88.8 1247s
 11126  9412   86.00000   54  440          -   82.00000      -  88.8 1254s
 11127  9412   82.00000   63   82          -   82.00000      -  88.8 1268s
 11128  9413   88.00000   76  416          -   82.00000      -  88.8 1275s
 11129  9414   89.00000  110  196          -   82.00000      -  88.8 1289s
 11130  9414   91.00000  137  529          -   82.00000      -  88.8 1294s
 11131  9415   86.00000   81  140          -   82.00000      -  88.8 1304s
 11132  9416   90.00000  117  524          -   82.00000      -  88.8 1306s
 11133  9416   86.00000  108  147          -   82.00000      -  88.8 1312s
 11135  9418   82.00000   65  130          -   82.00000      -  88.8 1325s
 11136  9421   82.00000   12  113          -   82.00000      -   7.1 1351s
 11138  9425   82.00000   13  178          -   82.00000      -   7.2 1360s
 11142  9431   82.00000   14  198          -   82.00000      -   7.2 1365s
 11150  9445   82.00000   15  198          -   82.00000      -   7.4 1376s
 11166  9470   82.00000   16  230          -   82.00000      -   7.5 1385s
 11198  9492   82.00000   17  246          -   82.00000      -   7.8 1459s
H11208  9016                     483.0000000   82.00000  83.0%   7.9 1459s
H11230  8594                     106.0000000   82.00000  22.6%   8.0 2076s
H11294  8209                      97.0000000   82.00000  15.5%   8.2 2162s
H11298  7803                      96.0000000   82.00000  14.6%   8.2 2162s
 11326  7843   82.08738   19  306   96.00000   82.00000  14.6%   8.4 2180s
 11379  7877   82.00000   20  255   96.00000   82.00000  14.6%  11.4 2187s
 11441  8004   82.00000   21  248   96.00000   82.00000  14.6%  11.8 2207s
 11634  8175   82.00000   24  265   96.00000   82.00000  14.6%  13.0 2232s
 11952  8351   82.00000   29  284   96.00000   82.00000  14.6%  14.2 2253s
H12371  8076                      95.0000000   82.00000  13.7%  15.7 2275s
H12378  7708                      94.0000000   82.00000  12.8%  16.0 2275s
 12697  7851   82.00000   32  166   94.00000   82.00000  12.8%  16.2 2292s
 13119  8019   82.01923   37  168   94.00000   82.00000  12.8%  17.1 2318s
 13609  8153   82.01923   43  182   94.00000   82.00000  12.8%  18.3 2337s
 14103  8441   82.01923   51  187   94.00000   82.00000  12.8%  19.5 2358s
 14918  8723   84.00000   69  225   94.00000   82.00000  12.8%  21.1 2388s
 15734  9266 infeasible   84        94.00000   82.00000  12.8%  23.5 2415s
 16887  9935   93.00000   30  358   94.00000   82.00000  12.8%  24.7 2440s
 18534 10219   93.00000   89  523   94.00000   82.00000  12.8%  25.7 2465s
 19864 10939   93.00000  151  501   94.00000   82.00000  12.8%  27.1 2495s
 21652 11646   92.00000   47  154   94.00000   82.00000  12.8%  27.8 2527s
 23802 10955   93.00000   79  240   94.00000   82.00000  12.8%  28.3 2800s
H23803  7543                      93.0000000   82.00000  11.8%  28.3 2800s
H23815  6115                      92.0000000   82.00000  10.9%  28.5 2800s
 23838  7018     cutoff   80        92.00000   82.00000  10.9%  28.6 2828s
H25378  5298                      91.0000000   82.00000  9.89%  29.7 3011s
 25421  6165 infeasible   71        91.00000   82.00000  9.89%  29.9 3044s
 27097  7341   85.00000   28  560   91.00000   82.00000  9.89%  31.4 3083s
 29816  6730   90.00000  102  119   91.00000   82.00000  9.89%  31.8 3150s
 29819  6732   82.00000   25   83   91.00000   82.00000  9.89%  31.8 3157s
 29820  6733   89.00000  102  276   91.00000   82.00000  9.89%  31.8 3160s
 29821  6733   90.00000  136  108   91.00000   82.00000  9.89%  31.8 3168s
 29822  6734   88.00000   67  229   91.00000   82.00000  9.89%  31.8 3170s
 29823  6735   86.00000   55   97   91.00000   82.00000  9.89%  31.8 3176s
 29825  6736   90.00000   61  141   91.00000   82.00000  9.89%  31.8 3184s
 29826  6737   90.00240   80  224   91.00000   82.00000  9.89%  31.8 3186s
 29827  6737   90.00000   31   88   91.00000   82.00000  9.89%  31.8 3192s
H29828  6400                      91.0000000   82.00000  9.89%  31.8 3198s
 29829  6401   89.00000   72  133   91.00000   82.00000  9.89%  31.8 3202s
 29830  6401   82.04444   29  269   91.00000   82.00000  9.89%  31.7 3206s
 29831  6402   89.00000   74  105   91.00000   82.00000  9.89%  31.7 3213s
 29832  6403   85.00000   17   95   91.00000   82.00000  9.89%  31.7 3215s
H29833  6085                      90.0000000   82.00000  8.89%  33.4 3236s
 29834  6086   82.00000   23  117   90.00000   82.00000  8.89%  33.5 3248s
 29836  6088   82.00000   24  115   90.00000   82.00000  8.89%  33.5 3260s
 29839  6092   82.00000   25  116   90.00000   82.00000  8.89%  33.6 3278s
 29845  6100   82.00000   26  116   90.00000   82.00000  8.89%  33.6 3301s
 29856  6108   82.00000   27 1106   90.00000   82.00000  8.89%  33.7 3351s
 29877  6122   82.00000   28  765   90.00000   82.00000  8.89%  33.8 3370s
H29904  5808                      89.0000000   82.00000  7.87%  33.9 3370s
 29909  5813   82.00000   29  696   89.00000   82.00000  7.87%  33.9 3378s
 29941  5822   82.00000   30  686   89.00000   82.00000  7.87%  33.9 3604s

Cutting planes:
  Gomory: 22
  Cover: 54
  Implied bound: 89
  Projected implied bound: 2
  Clique: 75
  MIR: 59
  StrongCG: 5
  Flow cover: 288
  GUB cover: 1
  Zero half: 7
  RLT: 35
  Relax-and-lift: 253

Explored 29973 nodes (2082668 simplex iterations) in 3616.42 seconds (213.16 work units)
Thread count was 32 (of 32 available processors)

Solution count 10: 89 90 91 ... 97

Time limit reached
Best objective 8.900000000000e+01, best bound 8.200000000000e+01, gap 7.8652%

Wrote result file 'RCPSP_1215.sol'

