
Gurobi 10.0.3 (linux64, gurobi_cl) logging started Thu Nov  2 11:36:46 2023

Set parameter Username
Set parameter TimeLimit to value 3600
Set parameter LogFile to value "RCPSP_772.log"
Set parameter Threads to value 32
Academic license - for non-commercial use only - expires 2024-10-30
Using license file /home/jrivera6/gurobi-licenses/v1003/compute-0-35/gurobi.lic

Gurobi Optimizer version 10.0.3 build v10.0.3rc0 (linux64)
Copyright (c) 2023, Gurobi Optimization, LLC

Read MPS format model from file RCPSP_772.mps
Reading time = 0.02 seconds
RCPSP_772: 19643 rows, 7750 columns, 71917 nonzeros

CPU model: Intel(R) Xeon(R) Gold 6130 CPU @ 2.10GHz, instruction set [SSE2|AVX|AVX2|AVX512]
Thread count: 32 physical cores, 32 logical processors, using up to 32 threads

Optimize a model with 19643 rows, 7750 columns and 71917 nonzeros
Model fingerprint: 0x2e9ca7c4
Variable types: 62 continuous, 7688 integer (7688 binary)
Coefficient statistics:
  Matrix range     [1e+00, 3e+02]
  Objective range  [1e+00, 1e+00]
  Bounds range     [1e+00, 1e+00]
  RHS range        [1e+00, 3e+02]
Presolve removed 8560 rows and 3183 columns
Presolve time: 4.36s
Presolved: 11083 rows, 4567 columns, 42060 nonzeros
Variable types: 61 continuous, 4506 integer (4506 binary)

Root relaxation: objective 6.500000e+01, 1548 iterations, 0.03 seconds (0.01 work units)

    Nodes    |    Current Node    |     Objective Bounds      |     Work
 Expl Unexpl |  Obj  Depth IntInf | Incumbent    BestBd   Gap | It/Node Time

     0     0   65.00000    0   70          -   65.00000      -     -    5s
     0     0   65.00000    0  315          -   65.00000      -     -    7s
     0     0   65.00000    0  386          -   65.00000      -     -    7s
     0     0   65.00000    0   34          -   65.00000      -     -   10s
     0     0   65.00000    0   64          -   65.00000      -     -   11s
     0     0   65.00000    0   39          -   65.00000      -     -   12s
     0     0   65.00000    0   59          -   65.00000      -     -   12s
     0     0   65.00000    0   40          -   65.00000      -     -   13s
     0     0   65.00000    0   60          -   65.00000      -     -   13s
     0     0   65.00000    0   50          -   65.00000      -     -   15s
     0     0   65.00000    0  137          -   65.00000      -     -   15s
     0     0   65.00000    0   54          -   65.00000      -     -   16s
H    0     0                     328.0000000   65.00000  80.2%     -   17s
     0     0   65.00000    0   36  328.00000   65.00000  80.2%     -   17s
H    0     0                      84.0000000   65.00000  22.6%     -   23s
H    0     2                      83.0000000   65.00000  21.7%     -   27s
     0     2   65.00000    0   36   83.00000   65.00000  21.7%     -   27s
     3     7   65.00000    2   73   83.00000   65.00000  21.7%   259   30s
H   28    49                      82.0000000   65.00000  20.7%   161   39s
H   31    49                      81.0000000   65.00000  19.8%   154   39s
H   33    49                      79.0000000   65.00000  17.7%   149   39s
    54    52   65.00000    6  175   79.00000   65.00000  17.7%   169   42s
    91    70   65.00000    7  248   79.00000   65.00000  17.7%   181   88s
H  101    70                      76.0000000   65.00000  14.5%   169   88s
H  103    70                      74.0000000   65.00000  12.2%   171   88s
   123    67   65.00000    8  137   74.00000   65.00000  12.2%   173   90s
   187    90   65.00000   10   92   74.00000   65.00000  12.2%   142  102s
   261   149   65.00000   12  124   74.00000   65.00000  12.2%   185  106s
   401   270   65.00000   15  104   74.00000   65.00000  12.2%   137  111s
H  402   270                      73.0000000   65.00000  11.0%   137  111s
H  407   270                      73.0000000   65.00000  11.0%   135  111s
   498   381   65.00000   17  100   73.00000   65.00000  11.0%   117  117s
   582   446   65.00000   18  118   73.00000   65.00000  11.0%   106  123s
   655   551   65.00000   19  108   73.00000   65.00000  11.0%   103  127s
H  771   582                      72.0000000   65.00000  9.72%  92.3  174s
H  776   582                      71.0000000   65.00000  8.45%  91.8  174s
   803   619   65.00000   22   72   71.00000   65.00000  8.45%  89.2  180s
   958   692   65.00000   28  128   71.00000   65.00000  8.45%  84.4  185s
  1055   800   65.00000   29  128   71.00000   65.00000  8.45%  88.6  192s
  1175  1087   65.00000   31  142   71.00000   65.00000  8.45%  87.9  199s
  1484  1410   65.00000   32  148   71.00000   65.00000  8.45%  76.5  205s
  1876  1462   65.00000   41   95   71.00000   65.00000  8.45%  67.4  211s
  1946  1824   65.00000   51   94   71.00000   65.00000  8.45%  66.2  218s
  2423  2173   65.00000   60  109   71.00000   65.00000  8.45%  61.9  227s
  3042  2023   69.00000   51   36   71.00000   65.00000  8.45%  58.9  269s
  3044  2024   70.00000   79   65   71.00000   65.00000  8.45%  58.9  270s
  3047  2026   65.00000   13   45   71.00000   65.00000  8.45%  58.8  275s
H 3049  1926                      71.0000000   65.00000  8.45%  58.8  277s
H 3050  1830                      70.0000000   65.00000  7.14%  58.7  280s
  3054  1833   66.00000   45  126   70.00000   65.00000  7.14%  58.7  285s
H 3054  1741                      70.0000000   65.00000  7.14%  58.7  287s
  3058  1744   66.00000   34   71   70.00000   65.00000  7.14%  58.6  290s
H 3062  1658                      69.0000000   65.00000  5.80%  58.5  295s
  3064  1663   65.00000   13   18   69.00000   65.00000  5.80%  69.1  303s
  3070  1673   65.00000   15   22   69.00000   65.00000  5.80%  69.1  306s
  3094  1702   65.00000   17   30   69.00000   65.00000  5.80%  69.2  314s
H 3108  1614                      68.0000000   65.00000  4.41%  68.9  314s
  3122  1621   65.00000   18   28   68.00000   65.00000  4.41%  69.0  316s
  3158  1638   65.00000   19   28   68.00000   65.00000  4.41%  68.6  388s
H 3170  1555                      67.0000000   65.00000  2.99%  68.6  388s
  3190  1571   65.00000   19  124   67.00000   65.00000  2.99%  68.4  403s
H 3198  1492                      66.0000000   65.00000  1.52%  68.4  403s
  3222  1482   65.00000   20  203   66.00000   65.00000  1.52%  68.5  406s
  3254  1463   65.00000   20  184   66.00000   65.00000  1.52%  68.3  498s
  3298  1464   65.00000   21  166   66.00000   65.00000  1.52%  77.4  543s
  3332  1491   65.00000   22   39   66.00000   65.00000  1.52%  80.6  550s
  3383  1528   65.00000   23   45   66.00000   65.00000  1.52%  83.5  556s
  3464  1574   65.00000   24  304   66.00000   65.00000  1.52%  83.6  568s
  3645  1608     cutoff   25        66.00000   65.00000  1.52%  85.2  583s
  3926  1587   65.00000   27  208   66.00000   65.00000  1.52%  94.2  654s
  4330  1586 infeasible   32        66.00000   65.00000  1.52%   104  691s
  4945  1626   65.00000   38  146   66.00000   65.00000  1.52%   119  733s
  5966  1470   65.00000   33   65   66.00000   65.00000  1.52%   128  788s
  7067  1323   65.00000   41  180   66.00000   65.00000  1.52%   139  843s
  8412  1499   65.00000   43  108   66.00000   65.00000  1.52%   152  911s
  9970  1497 infeasible   83        66.00000   65.00000  1.52%   160 1048s
 10034  1705   65.00000   71   44   66.00000   65.00000  1.52%   160 1137s
 12234  1932   65.00000   41   69   66.00000   65.00000  1.52%   166 1232s
 14457  2202   65.00000   33   37   66.00000   65.00000  1.52%   171 1327s
 16921  2434     cutoff   41        66.00000   65.00000  1.52%   175 1420s
 19005  2658 infeasible   43        66.00000   65.00000  1.52%   179 1510s
H19291  2658                      66.0000000   65.00000  1.52%   180 1520s
H20117  1890                      65.0000000   65.00000  0.00%   181 2051s

Cutting planes:
  Gomory: 16
  Cover: 81
  Implied bound: 64
  Projected implied bound: 1
  Clique: 126
  MIR: 33
  StrongCG: 1
  Flow cover: 138
  GUB cover: 5
  RLT: 20
  Relax-and-lift: 63

Explored 22053 nodes (3940769 simplex iterations) in 2067.33 seconds (67.45 work units)
Thread count was 32 (of 32 available processors)

Solution count 10: 65 66 66 ... 71

Optimal solution found (tolerance 1.00e-04)
Best objective 6.500000000000e+01, best bound 6.500000000000e+01, gap 0.0000%

Wrote result file 'RCPSP_772.sol'

