
Gurobi 10.0.3 (linux64, gurobi_cl) logging started Thu Nov  2 11:36:05 2023

Set parameter Username
Set parameter TimeLimit to value 3600
Set parameter LogFile to value "RCPSP_729.log"
Set parameter Threads to value 32
Academic license - for non-commercial use only - expires 2024-10-30
Using license file /home/jrivera6/gurobi-licenses/v1003/compute-0-39/gurobi.lic

Gurobi Optimizer version 10.0.3 build v10.0.3rc0 (linux64)
Copyright (c) 2023, Gurobi Optimization, LLC

Read MPS format model from file RCPSP_729.mps
Reading time = 0.02 seconds
RCPSP_729: 19643 rows, 7750 columns, 68318 nonzeros

CPU model: Intel(R) Xeon(R) Gold 6242 CPU @ 2.80GHz, instruction set [SSE2|AVX|AVX2|AVX512]
Thread count: 32 physical cores, 32 logical processors, using up to 32 threads

Optimize a model with 19643 rows, 7750 columns and 68318 nonzeros
Model fingerprint: 0x3c68a569
Variable types: 62 continuous, 7688 integer (7688 binary)
Coefficient statistics:
  Matrix range     [1e+00, 3e+02]
  Objective range  [1e+00, 1e+00]
  Bounds range     [1e+00, 1e+00]
  RHS range        [1e+00, 3e+02]
Presolve removed 9506 rows and 3570 columns
Presolve time: 2.69s
Presolved: 10137 rows, 4180 columns, 35829 nonzeros
Variable types: 61 continuous, 4119 integer (4119 binary)

Root relaxation: objective 7.300000e+01, 1345 iterations, 0.01 seconds (0.01 work units)

    Nodes    |    Current Node    |     Objective Bounds      |     Work
 Expl Unexpl |  Obj  Depth IntInf | Incumbent    BestBd   Gap | It/Node Time

     0     0   73.00000    0   97          -   73.00000      -     -    3s
     0     0   73.00000    0  294          -   73.00000      -     -    5s
     0     0   73.00000    0  333          -   73.00000      -     -    5s
     0     0   77.21884    0   73          -   77.21884      -     -    7s
     0     0   77.21884    0  163          -   77.21884      -     -    8s
     0     0   77.21884    0  234          -   77.21884      -     -    9s
     0     0   77.21884    0  171          -   77.21884      -     -    9s
     0     0   77.21884    0  117          -   77.21884      -     -   11s
     0     0   77.21884    0  197          -   77.21884      -     -   12s
     0     0   77.21884    0  129          -   77.21884      -     -   13s
     0     0   77.21884    0  208          -   77.21884      -     -   14s
     0     0   77.21884    0  123          -   77.21884      -     -   16s
     0     0   77.21884    0  123          -   77.21884      -     -   17s
     0     2   77.21884    0  123          -   77.21884      -     -   21s
     7    15   78.08850    3  329          -   77.21884      -   256   25s
    58    72   83.00000    6  226          -   77.21884      -   265   31s
   186   189   83.00000   10  219          -   79.69792      -   140   35s
   433   444   83.00000   18  206          -   79.69792      -  74.0   40s
   954  1033   83.00000   38  250          -   79.69792      -  46.5   45s
  1664  1700   84.00000   62  204          -   79.69792      -  34.3   50s
  2427  2274   84.00000   81  190          -   79.69792      -  29.5   55s
  2990  2780   84.00000   92  189          -   79.69792      -  28.2   60s
  4052  3684   84.00000  106  173          -   79.69792      -  24.9   65s
  5250  4638   84.00000  127  155          -   79.69792      -  22.8   70s
  6363  5442   85.00000  139  153          -   79.69792      -  21.4   75s
  6677  5443   86.00000   18  123          -   79.69792      -  21.3   87s
  6679  5444   89.00000  112   83          -   79.69792      -  21.3   90s
  6682  5446   88.07759   44  197          -   79.69792      -  21.3   96s
  6687  5450   89.00000   35  195          -   79.69792      -  21.3  101s
  6692  5453   84.00000   67  286          -   79.69792      -  21.3  105s
  6700  5458   84.00000   29  188          -   79.69792      -  21.2  111s
  6705  5462   93.21884   17  256          -   79.69792      -  21.2  115s
H 6706  5188                     129.0000000   79.69792  38.2%  21.2  118s
  6708  5193   81.21884   13   95  129.00000   79.69792  38.2%  29.4  133s
  6710  5196   83.00000   14  135  129.00000   79.69792  38.2%  29.5  138s
  6714  5203   83.00000   15  133  129.00000   79.72084  38.2%  29.7  142s
  6722  5216   83.02632   16  284  129.00000   79.72084  38.2%  29.8  147s
  6738  5243   84.50000   17  193  129.00000   80.00336  38.0%  30.4  161s
H 6739  4982                     126.0000000   80.00336  36.5%  30.4  161s
H 6743  4734                     124.0000000   80.00336  35.5%  30.6  161s
H 6759  4494                     123.0000000   83.00000  32.5%  31.4  162s
  6770  4522   87.00000   18  248  123.00000   83.00000  32.5%  32.0  165s
  6802  4543   89.00000   18  301  123.00000   83.00000  32.5%  33.0  170s
  6834  4565   87.00000   19  236  123.00000   83.00000  32.5%  33.4  175s
  6957  4662   87.00000   20  221  123.00000   83.00000  32.5%  33.7  180s
  7073  4686   87.00000   22  238  123.00000   83.00000  32.5%  33.6  186s
  7322  4863   88.00000   26  217  123.00000   83.00000  32.5%  33.1  190s
  7400  4856   93.00000   27  217  123.00000   83.00000  32.5%  32.9  195s
  7527  4918   99.00000   28  248  123.00000   83.00000  32.5%  32.7  200s
  7670  4967  103.00000   31  209  123.00000   83.00000  32.5%  32.8  207s
H 7807  4813                     113.0000000   83.00000  26.5%  32.8  235s
H 7844  4594                     110.0000000   83.00000  24.5%  32.8  285s
H 7868  4385                     107.0000000   83.00000  22.4%  32.8  285s
  7898  4380  104.00000   35  211  107.00000   83.00000  22.4%  33.0  302s
H 7907  4185                     105.0000000   83.00000  21.0%  33.0  302s
  7959  4180  104.00000   37  214  105.00000   83.00000  21.0%  33.5  308s
  8019  4201  104.00000   38  168  105.00000   83.00000  21.0%  34.1  314s
  8064  4229  104.00000   38  189  105.00000   83.00000  21.0%  34.3  320s
  8115  4261  104.00000   39  187  105.00000   83.00000  21.0%  34.3  325s
  8171  4293  104.00000   40  192  105.00000   83.00000  21.0%  34.4  334s
  8228  4330  104.00000   41  192  105.00000   83.00000  21.0%  34.6  340s
  8288  4370  104.00000   42  184  105.00000   83.00000  21.0%  34.7  347s
  8348  4401  104.00000   44  184  105.00000   83.00000  21.0%  34.8  355s
  8408  4441  104.00000   45  182  105.00000   83.00000  21.0%  34.9  360s
  8481  4496  104.00000   46  181  105.00000   83.00000  21.0%  34.9  367s
  8570  4784  104.00000   49  168  105.00000   83.00000  21.0%  34.9  370s
  9208  5005  104.00000   58  144  105.00000   83.00000  21.0%  33.6  377s
  9657  4819  104.00000   64  184  105.00000   83.00000  21.0%  32.9  385s
  9758  4877  104.00000   65  169  105.00000   83.00000  21.0%  33.4  393s
  9871  5234  104.00000   70  152  105.00000   83.00000  21.0%  33.9  397s
 10353  5466 infeasible   80       105.00000   83.00000  21.0%  33.5  401s
 10882  5276 infeasible   90       105.00000   83.00000  21.0%  33.0  411s
 10955  5291   83.00000   19  390  105.00000   83.00000  21.0%  33.9  419s
 11010  5693   83.00000   20  390  105.00000   83.00000  21.0%  34.7  422s
 11513  5968   86.00000   33  341  105.00000   83.00000  21.0%  34.3  427s
 12155  5772   83.00000   20  477  105.00000   83.00000  21.0%  33.6  433s
 12233  6224   83.00000   21  465  105.00000   83.00000  21.0%  34.0  437s
 12862  6002   87.00000   25  295  105.00000   83.00000  21.0%  33.5  448s
 12938  6015   87.00000   26  286  105.00000   83.00000  21.0%  34.3  457s
H13014  5382                     104.0000000   83.00000  20.2%  34.8  519s
H13017  4679                     102.0000000   83.00000  18.6%  34.9  519s
 13047  4700   87.00000   30  267  102.00000   83.00000  18.6%  35.0  529s
 13139  4727   87.00000   31  260  102.00000   83.00000  18.6%  35.4  535s
 13223  4763   87.00000   34  231  102.00000   83.00000  18.6%  35.5  542s
 13313  4799   87.00000   37  230  102.00000   83.00000  18.6%  35.6  549s
 13405  4847   87.00000   40  230  102.00000   83.00000  18.6%  35.8  560s
 13498  4900   90.00000   42  261  102.00000   83.00000  18.6%  36.1  568s
 13604  4948   94.00000   44  262  102.00000   83.00000  18.6%  36.3  576s
 13712  5625   94.00000   47  271  102.00000   83.00000  18.6%  36.4  583s
 14741  5523  100.00000   85  229  102.00000   83.00000  18.6%  35.5  662s
H14754  4957                     101.0000000   83.00000  17.8%  35.5  662s
 15170  4789  100.00000   99  167  101.00000   83.00000  17.8%  35.3  672s
 15300  4829  100.00000  101  176  101.00000   83.00000  17.8%  36.2  681s
 15413  4865 infeasible  106       101.00000   83.00000  17.8%  36.7  693s
 15513  4919  100.00000  107  217  101.00000   83.00000  17.8%  37.0  702s
 15668  4965  100.00000  112  216  101.00000   83.00000  17.8%  37.2  715s
 15822  4933 infeasible  117       101.00000   83.00000  17.8%  37.3  739s
H15830  4842                     101.0000000   83.00000  17.8%  37.4  739s
 15867  4916   84.00000   22  360  101.00000   83.00000  17.8%  37.5  749s
 16029  5004  100.00000   25  178  101.00000   83.00000  17.8%  37.9  762s
 16197  5123  100.00000   34  159  101.00000   83.00000  17.8%  38.2  773s
 16378  5263  100.00000   42  144  101.00000   83.00000  17.8%  38.2  786s
 16611  5365  100.00000   57  116  101.00000   83.00000  17.8%  38.3  802s
 16825  6033     cutoff   69       101.00000   83.00000  17.8%  38.6  818s
 17990  6103     cutoff  110       101.00000   83.00000  17.8%  37.9  835s
 18140  7170   91.00000   31  253  101.00000   83.00000  17.8%  38.8  846s
 19632  7205   83.00000   26  343  101.00000   83.00000  17.8%  37.9  858s
 19779  8141   84.00000   30  329  101.00000   83.00000  17.8%  38.8  867s
 21401  8948 infeasible   30       101.00000   83.00000  17.8%  38.0  878s
 22694  8985   89.00000   28  306  101.00000   83.00000  17.8%  38.1  894s
 22825  9483   90.00000   31  320  101.00000   83.00000  17.8%  39.1  909s
 23595 10374 infeasible   40       101.00000   83.00000  17.8%  39.5  920s
 25006 10417   88.00000   33  397  101.00000   83.00000  17.8%  39.4  933s
H25135  8997                     100.0000000   83.00000  17.0%  40.1  946s
 25192  9072 infeasible   43       100.00000   83.00000  17.0%  40.1  963s
 25340  9687   83.00000   31  359  100.00000   83.00000  17.0%  40.8  975s
 26439  9766   99.00000   46  191  100.00000   83.00000  17.0%  40.4  989s
 26596 10924   99.00000   48  187  100.00000   83.00000  17.0%  41.2 1002s
 28679 10994 infeasible   47       100.00000   83.36975  16.6%  40.5 1018s
 28830 11921   87.00000   37  367  100.00000   83.36975  16.6%  41.2 1028s
 30435 12128     cutoff   42       100.00000   84.00000  16.0%  41.2 1077s
 30859 14510   98.00000   45  199  100.00000   84.00000  16.0%  42.4 1115s
 35691 14530 infeasible   60       100.00000   84.00000  16.0%  41.9 1136s
 35879 15431   91.00000   45  265  100.00000   84.00000  16.0%  42.9 1152s
 37836 15454   89.00000   45  268  100.00000   84.00000  16.0%  43.2 1176s
 38023 15482 infeasible   48       100.00000   84.00000  16.0%  44.0 1225s
 38061 15645   96.00000   47  238  100.00000   84.00000  16.0%  44.1 1246s
 38316 15787     cutoff   51       100.00000   84.00000  16.0%  44.4 1266s
 38691 15958   92.00000   45  219  100.00000   84.00000  16.0%  44.8 1294s
 39107 17194   94.00000   48  213  100.00000   84.00000  16.0%  45.3 1312s
 41603 17289   91.00000   42  237  100.00000   84.00000  16.0%  45.1 1335s
 41866 18768   96.00000   49  212  100.00000   84.00000  16.0%  45.9 1355s
 44831 18849   94.00000   46  232  100.00000   84.00000  16.0%  45.4 1383s
 45086 19219   94.00000   49  214  100.00000   84.00000  16.0%  46.3 1408s
 45921 20529   89.00000   44  447  100.00000   84.00000  16.0%  46.5 1429s
 48878 20612   93.00000   59  197  100.00000   84.00000  16.0%  46.4 1453s
 49140 21772   93.00000   65  202  100.00000   84.00000  16.0%  47.0 1473s
 51562 21889     cutoff   54       100.00000   84.02080  16.0%  46.6 1499s
 51861 23616   99.00000   59  155  100.00000   84.02080  16.0%  47.4 1579s
 55229 23789   95.00000   52  253  100.00000   84.80000  15.2%  47.1 1610s
 55564 25344   96.00000   63  200  100.00000   84.80000  15.2%  47.7 1703s
 58637 25344   93.00000   39  299  100.00000   84.80000  15.2%  47.5 1705s
 58721 25510   88.00000   39  231  100.00000   84.80000  15.2%  47.5 1733s
 59076 27099   98.00000   48  160  100.00000   84.80000  15.2%  48.3 1796s
 62812 27100   91.00000   45  123  100.00000   84.90701  15.1%  48.1 2176s
 62814 27101   90.00000   44   65  100.00000   84.90701  15.1%  48.1 2194s
 62815 27102   88.00000   40   75  100.00000   84.90701  15.1%  48.1 2200s
 62816 27103   99.00000   67  316  100.00000   84.90701  15.1%  48.1 2206s
 62817 27103   89.00000   51  233  100.00000   84.90701  15.1%  48.1 2217s
 62819 27105   98.27273   96  331  100.00000   84.90701  15.1%  48.1 2222s
 62820 27105   92.00000   56  193  100.00000   84.90701  15.1%  48.1 2231s
 62821 27106   92.00000   44  252  100.00000   84.90701  15.1%  48.1 2235s
 62822 27107   88.00000   34  163  100.00000   84.90701  15.1%  48.1 2245s
 62824 27108   99.00000   50  204  100.00000   84.90701  15.1%  48.1 2254s
 62825 27109   96.00000   47  341  100.00000   84.90701  15.1%  48.1 2258s
 62826 27109   86.00000   35  172  100.00000   84.90701  15.1%  48.1 2263s
 62827 27110   96.00000   53  265  100.00000   84.90701  15.1%  48.1 2267s
H62827 25754                     100.0000000   84.90701  15.1%  48.1 2280s
 62829 25755   99.00000   81  339  100.00000   84.90701  15.1%  48.1 2285s
 62830 25756   99.00000   61  203  100.00000   84.90701  15.1%  48.1 2290s
 62834 25759   96.00000   77  184  100.00000   84.90701  15.1%  48.1 2399s
 62835 25759   99.00000   69  273  100.00000   84.90701  15.1%  48.1 2403s
 62836 25760   94.00000   42  175  100.00000   84.90701  15.1%  48.1 2409s
 62837 25761   91.00000   41  293  100.00000   84.90701  15.1%  48.1 2412s
 62838 25761   90.00000   40  108  100.00000   84.90701  15.1%  48.1 2418s
 62839 25762   96.00000   36  242  100.00000   84.90701  15.1%  48.1 2422s
 62840 25763   93.00000   45  175  100.00000   84.90701  15.1%  48.1 2427s
 62841 25763   89.00000   41  264  100.00000   84.90701  15.1%  48.1 2430s
 62842 25764   95.00000   42  209  100.00000   84.90701  15.1%  48.1 2436s
 62843 25765   96.00000   56  332  100.00000   84.90701  15.1%  48.1 2440s
 62844 25765   95.00000   48  176  100.00000   84.90701  15.1%  48.1 2445s
 62847 25767   97.00000   98  210  100.00000   84.90701  15.1%  48.1 2456s
 62848 25768   97.00000   90  306  100.00000   84.90701  15.1%  48.1 2460s
 62849 25769   98.00000   83  268  100.00000   84.90701  15.1%  48.1 2466s
 62851 25770   96.00000   60  324  100.00000   84.90701  15.1%  48.1 2470s
 62852 25771   98.00000   59  215  100.00000   84.90701  15.1%  48.1 2480s
 62854 25772   95.00000   63  179  100.00000   84.90701  15.1%  48.1 2489s
 62856 25773   95.00000   39  258  100.00000   84.90701  15.1%  48.1 2493s
 62857 25774   97.00000   37  183  100.00000   84.90701  15.1%  48.0 2499s
 62858 25775   96.00000   55  301  100.00000   84.90701  15.1%  48.0 2503s
 62859 25775   95.00000   58  110  100.00000   84.90701  15.1%  48.0 2508s
 62860 25776   90.00000   48  272  100.00000   84.90701  15.1%  48.0 2512s
 62861 25777   94.00000   49  142  100.00000   84.90701  15.1%  48.0 2517s
 62862 25777   96.00000   50  338  100.00000   84.90701  15.1%  48.0 2521s
 62863 25778   92.00000   42  167  100.00000   84.90701  15.1%  48.0 2526s
 62864 25779   99.00000   72  380  100.00000   84.90701  15.1%  48.0 2530s
 62865 25779   93.00000   39  231  100.00000   84.90701  15.1%  48.0 2535s
 62867 25781   95.00000   56  203  100.00000   84.90701  15.1%  48.0 2544s
 62868 25781   85.80000   36  358  100.00000   84.90701  15.1%  48.0 2548s
 62869 25782   87.00000   32  147  100.00000   84.90701  15.1%  48.0 2554s
 62871 25783   91.00000   63  273  100.00000   84.90701  15.1%  48.0 2558s
 62872 25784   97.15021  101  158  100.00000   84.90701  15.1%  48.0 2564s
 62873 25785   97.00000   62  270  100.00000   84.90701  15.1%  48.0 2568s
 62874 25785   98.00000   55  131  100.00000   84.90701  15.1%  48.0 2573s
 62875 25786   96.00000   69  229  100.00000   84.90701  15.1%  48.0 2577s
 62876 25787   96.00000   59  121  100.00000   84.90701  15.1%  48.0 2586s
 62877 25787   98.00000   55  195  100.00000   84.90701  15.1%  48.0 2590s
 62878 25788   99.00000   46  139  100.00000   84.90701  15.1%  48.0 2596s
 62879 25789   92.00000   43  251  100.00000   84.90701  15.1%  48.0 2600s
 62880 25789   89.00000   36  121  100.00000   84.90701  15.1%  48.0 2605s
 62882 25791   89.90701   35   63  100.00000   84.90701  15.1%  48.0 2614s
 62883 25791   87.01770   42  226  100.00000   84.90701  15.1%  48.0 2618s
 62884 25792   95.00000   53  282  100.00000   84.90701  15.1%  48.0 2627s
 62885 25793   95.00000   71  273  100.00000   84.90701  15.1%  48.0 2632s
 62886 25793   96.00000   28  125  100.00000   84.90701  15.1%  48.0 2638s
 62887 25794   96.00000   50  273  100.00000   84.90701  15.1%  48.0 2642s
 62888 25795   99.00000   77  109  100.00000   84.90701  15.1%  48.0 2647s
 62889 25795   86.00000   32  254  100.00000   84.90701  15.1%  48.0 2651s
 62890 25796   97.00000   44  145  100.00000   84.90701  15.1%  48.0 2658s
 62891 25797   88.00000   43  251  100.00000   84.90701  15.1%  48.0 2662s
 62892 25797   86.00000   44  156  100.00000   84.90701  15.1%  48.0 2671s
 62893 25798   92.00000   53  228  100.00000   84.90701  15.1%  48.0 2675s
 62894 25799   98.00000   32  149  100.00000   84.90701  15.1%  48.0 2682s
 62895 25799   96.00000   61  217  100.00000   84.90701  15.1%  48.0 2686s
 62896 25800   97.00000   55  153  100.00000   84.90701  15.1%  48.0 2727s
 62897 25801   88.00000   38  281  100.00000   84.90701  15.1%  48.0 2731s
 62898 25801   96.00000   85  156  100.00000   84.90701  15.1%  48.0 2737s
 62899 25802   94.00000   51  228  100.00000   84.90701  15.1%  48.0 2740s
 62900 25803   94.24948   71  157  100.00000   84.90701  15.1%  48.0 2746s
 62901 25803   98.00000   91  277  100.00000   84.90701  15.1%  48.0 2750s
 62902 25804   92.00000   34  176  100.00000   84.90701  15.1%  48.0 2755s
 62904 25805   85.00000   32  150  100.00000   84.90701  15.1%  48.0 2764s
 62905 25806   96.00000   57  243  100.00000   84.90701  15.1%  48.0 2768s
 62906 25807   94.00000   47  130  100.00000   84.90701  15.1%  48.0 2777s
 62907 25807   92.00000   47  191  100.00000   84.90701  15.1%  48.0 2781s
 62908 25808   91.00000   24  175  100.00000   84.90701  15.1%  48.0 2786s
 62909 25809   99.00000   50  243  100.00000   84.90701  15.1%  48.0 2790s
 62910 25809   92.00000   35  202  100.00000   84.90701  15.1%  48.0 2797s
 62911 25810   89.00000   38  362  100.00000   84.90701  15.1%  48.0 2801s
 62912 25811   91.00000   45  227  100.00000   84.90701  15.1%  48.0 2806s
 62913 25811   95.00000   68  331  100.00000   84.90701  15.1%  48.0 2810s
 62914 25812   90.00000   44  222  100.00000   84.90701  15.1%  48.0 2817s
 62915 25813   88.00000   40  311  100.00000   84.90701  15.1%  48.0 2821s
 62916 25813   99.00000   67  226  100.00000   84.90701  15.1%  48.0 2826s
 62917 25814   89.00000   51  309  100.00000   84.90701  15.1%  48.0 2830s
 62918 25815   95.00000   67  183  100.00000   84.90701  15.1%  48.0 2836s
 62919 25815   98.27273   96  306  100.00000   84.90701  15.1%  48.0 2840s
 62920 25816   92.00000   56  175  100.00000   84.90701  15.1%  48.0 2846s
 62921 25817   92.00000   44  294  100.00000   84.90701  15.1%  48.0 2850s
 62922 25817   88.00000   34  205  100.00000   84.90701  15.1%  48.0 2856s
 62923 25818   90.00000   47  307  100.00000   84.90701  15.1%  48.0 2860s
 62924 25819   99.00000   50  170  100.00000   84.90701  15.1%  48.0 2866s
 62925 25819   96.00000   47  311  100.00000   84.90701  15.1%  48.0 2870s
 62926 25820   86.00000   35  169  100.00000   84.90701  15.1%  48.0 2878s
 62927 25821   96.00000   53  278  100.00000   84.90701  15.1%  48.0 2882s
 62928 25821   99.00000   59  194  100.00000   84.90701  15.1%  48.0 2888s
 62929 25822   99.00000   81  278  100.00000   84.90701  15.1%  48.0 2892s
 62930 25823   99.00000   61  164  100.00000   84.90701  15.1%  48.0 2897s
 62931 25823   93.00000   40  296  100.00000   84.90701  15.1%  48.0 2902s
 62932 25824   87.00000   43  124  100.00000   84.90701  15.1%  48.0 2908s
 62933 25825   91.00000   48  223  100.00000   84.90701  15.1%  48.0 2912s
 62934 25825   96.00000   77  147  100.00000   84.90701  15.1%  48.0 2919s
 62935 25826   99.00000   69  241  100.00000   84.90701  15.1%  48.0 2922s
 62936 25827   94.00000   42  182  100.00000   84.90701  15.1%  48.0 2927s
 62937 25827   91.00000   41  275  100.00000   84.90701  15.1%  48.0 2931s
 62938 25828   90.00000   40  158  100.00000   84.90701  15.1%  48.0 2939s
 62939 25829   96.00000   36  268  100.00000   84.90701  15.1%  48.0 2943s
 62940 25829   93.00000   45  182  100.00000   84.90701  15.1%  48.0 2949s
 62941 25830   89.00000   41  274  100.00000   84.90701  15.1%  48.0 2953s
 62942 25831   95.00000   42  185  100.00000   84.90701  15.1%  48.0 2958s
 62943 25831   96.00000   56  325  100.00000   84.90701  15.1%  48.0 2962s
 62944 25832   95.00000   48  218  100.00000   84.90701  15.1%  48.0 2968s
 62945 25833   95.00000   66  330  100.00000   84.90701  15.1%  48.0 2972s
 62946 25833   86.71158   30  193  100.00000   84.90701  15.1%  48.0 2978s
 62947 25834   97.00000   98  300  100.00000   84.90701  15.1%  48.0 2982s
 62948 25835   97.00000   90  181  100.00000   84.90701  15.1%  48.0 2987s
 62949 25835   98.00000   83  240  100.00000   84.90701  15.1%  48.0 2991s
 62950 25836   97.00000   61  171  100.00000   84.90701  15.1%  48.0 2996s
 62951 25837   96.00000   60  242  100.00000   84.90701  15.1%  48.0 3000s
 62952 25837   98.00000   59  140  100.00000   84.90701  15.1%  48.0 3006s
 62953 25838   88.00000   45  272  100.00000   84.90701  15.1%  48.0 3011s
 62954 25839   95.00000   63  147  100.00000   84.90701  15.1%  48.0 3019s
 62955 25839   95.00000   55  259  100.00000   84.90701  15.1%  48.0 3023s
 62956 25840   95.00000   39  178  100.00000   84.90701  15.1%  48.0 3030s
 62957 25841   97.00000   37  315  100.00000   84.90701  15.1%  48.0 3035s
 62958 25841   96.00000   55  209  100.00000   84.90701  15.1%  48.0 3042s
 62960 25843   90.00000   48  129  100.00000   84.90701  15.1%  48.0 3055s
 62961 25846   84.90701   28  142  100.00000   84.90701  15.1%  53.3 3162s
 62963 25850   84.90701   29  125  100.00000   84.90701  15.1%  53.3 3374s
 62967 25856   84.90701   30  133  100.00000   84.90701  15.1%  53.3 3775s

Cutting planes:
  Learned: 18
  Gomory: 1
  Cover: 84
  Implied bound: 1
  Clique: 159
  MIR: 35
  StrongCG: 14
  Flow cover: 67
  Zero half: 11
  RLT: 2
  Relax-and-lift: 56

Explored 62975 nodes (3382647 simplex iterations) in 3872.70 seconds (281.82 work units)
Thread count was 32 (of 32 available processors)

Solution count 10: 100 100 101 ... 113

Time limit reached
Best objective 9.999999998990e+01, best bound 8.490701297466e+01, gap 15.0930%

Wrote result file 'RCPSP_729.sol'

