
Gurobi 10.0.3 (linux64, gurobi_cl) logging started Thu Nov  2 11:37:31 2023

Set parameter Username
Set parameter TimeLimit to value 3600
Set parameter LogFile to value "RCPSP_792.log"
Set parameter Threads to value 32
Academic license - for non-commercial use only - expires 2024-10-30
Using license file /home/jrivera6/gurobi-licenses/v1003/compute-0-39/gurobi.lic

Gurobi Optimizer version 10.0.3 build v10.0.3rc0 (linux64)
Copyright (c) 2023, Gurobi Optimization, LLC

Read MPS format model from file RCPSP_792.mps
Reading time = 0.03 seconds
RCPSP_792: 19643 rows, 7750 columns, 71917 nonzeros

CPU model: Intel(R) Xeon(R) Gold 6242 CPU @ 2.80GHz, instruction set [SSE2|AVX|AVX2|AVX512]
Thread count: 32 physical cores, 32 logical processors, using up to 32 threads

Optimize a model with 19643 rows, 7750 columns and 71917 nonzeros
Model fingerprint: 0x4e2c7158
Variable types: 62 continuous, 7688 integer (7688 binary)
Coefficient statistics:
  Matrix range     [1e+00, 3e+02]
  Objective range  [1e+00, 1e+00]
  Bounds range     [1e+00, 1e+00]
  RHS range        [1e+00, 4e+02]
Found heuristic solution: objective 114.0000000
Presolve removed 10507 rows and 4212 columns
Presolve time: 4.20s
Presolved: 9136 rows, 3538 columns, 33739 nonzeros
Variable types: 61 continuous, 3477 integer (3477 binary)

Explored 0 nodes (0 simplex iterations) in 4.24 seconds (3.02 work units)
Thread count was 32 (of 32 available processors)

Solution count 1: 114 

Optimal solution found (tolerance 1.00e-04)
Best objective 1.140000000000e+02, best bound 1.140000000000e+02, gap 0.0000%

Wrote result file 'RCPSP_792.sol'

