
Gurobi 10.0.3 (linux64, gurobi_cl) logging started Thu Nov  2 11:36:33 2023

Set parameter Username
Set parameter TimeLimit to value 3600
Set parameter LogFile to value "RCPSP_758.log"
Set parameter Threads to value 32
Academic license - for non-commercial use only - expires 2024-10-30
Using license file /home/jrivera6/gurobi-licenses/v1003/compute-0-39/gurobi.lic

Gurobi Optimizer version 10.0.3 build v10.0.3rc0 (linux64)
Copyright (c) 2023, Gurobi Optimization, LLC

Read MPS format model from file RCPSP_758.mps
Reading time = 0.02 seconds
RCPSP_758: 19643 rows, 7750 columns, 68318 nonzeros

CPU model: Intel(R) Xeon(R) Gold 6242 CPU @ 2.80GHz, instruction set [SSE2|AVX|AVX2|AVX512]
Thread count: 32 physical cores, 32 logical processors, using up to 32 threads

Optimize a model with 19643 rows, 7750 columns and 68318 nonzeros
Model fingerprint: 0x61bcdb28
Variable types: 62 continuous, 7688 integer (7688 binary)
Coefficient statistics:
  Matrix range     [1e+00, 3e+02]
  Objective range  [1e+00, 1e+00]
  Bounds range     [1e+00, 1e+00]
  RHS range        [1e+00, 3e+02]
Found heuristic solution: objective 62.0000000
Presolve removed 11605 rows and 4797 columns
Presolve time: 3.81s
Presolved: 8038 rows, 2953 columns, 27679 nonzeros
Variable types: 61 continuous, 2892 integer (2892 binary)

Explored 0 nodes (0 simplex iterations) in 3.84 seconds (2.77 work units)
Thread count was 32 (of 32 available processors)

Solution count 1: 62 

Optimal solution found (tolerance 1.00e-04)
Best objective 6.200000000000e+01, best bound 6.200000000000e+01, gap 0.0000%

Wrote result file 'RCPSP_758.sol'

