
Gurobi 10.0.3 (linux64, gurobi_cl) logging started Thu Nov  9 11:40:47 2023

Set parameter Username
Set parameter TimeLimit to value 3600
Set parameter LogFile to value "RCPSP_84.log"
Set parameter Threads to value 32
Academic license - for non-commercial use only - expires 2024-10-30
Using license file /home/jrivera6/gurobi-licenses/v1003/compute-0-34/gurobi.lic

Gurobi Optimizer version 10.0.3 build v10.0.3rc0 (linux64)
Copyright (c) 2023, Gurobi Optimization, LLC

Read MPS format model from file RCPSP_84.mps
Reading time = 0.05 seconds
RCPSP_84: 5329 rows, 2080 columns, 17974 nonzeros

CPU model: Intel(R) Xeon(R) Gold 6130 CPU @ 2.10GHz, instruction set [SSE2|AVX|AVX2|AVX512]
Thread count: 32 physical cores, 32 logical processors, using up to 32 threads

Optimize a model with 5329 rows, 2080 columns and 17974 nonzeros
Model fingerprint: 0xc09c5d1a
Variable types: 32 continuous, 2048 integer (2048 binary)
Coefficient statistics:
  Matrix range     [1e+00, 2e+02]
  Objective range  [1e+00, 1e+00]
  Bounds range     [1e+00, 1e+00]
  RHS range        [1e+00, 2e+02]
Presolve removed 2884 rows and 1075 columns
Presolve time: 0.14s
Presolved: 2445 rows, 1005 columns, 8324 nonzeros
Variable types: 31 continuous, 974 integer (974 binary)

Root relaxation: objective 5.200000e+01, 374 iterations, 0.00 seconds (0.00 work units)

    Nodes    |    Current Node    |     Objective Bounds      |     Work
 Expl Unexpl |  Obj  Depth IntInf | Incumbent    BestBd   Gap | It/Node Time

     0     0   52.00000    0   25          -   52.00000      -     -    0s
     0     0   52.00000    0  167          -   52.00000      -     -    0s
     0     0   52.00000    0  142          -   52.00000      -     -    0s
     0     0   52.51395    0   70          -   52.51395      -     -    1s
     0     0   53.00000    0   85          -   53.00000      -     -    1s
     0     0   53.00000    0  102          -   53.00000      -     -    1s
     0     0   53.00000    0  118          -   53.00000      -     -    1s
     0     0   53.01411    0  150          -   53.01411      -     -    1s
     0     0   53.32301    0  133          -   53.32301      -     -    1s
     0     0   53.32783    0  128          -   53.32783      -     -    1s
     0     0   53.32783    0  112          -   53.32783      -     -    1s
     0     0   53.32783    0  151          -   53.32783      -     -    2s
H    0     0                      83.0000000   53.32783  35.7%     -    2s
     0     0   53.33920    0  127   83.00000   53.33920  35.7%     -    2s
     0     0   53.68000    0  101   83.00000   53.68000  35.3%     -    2s
     0     0   53.68000    0   94   83.00000   53.68000  35.3%     -    2s
     0     0   54.81979    0   99   83.00000   54.81979  34.0%     -    2s
     0     0   54.81979    0  106   83.00000   54.81979  34.0%     -    2s
     0     0   55.34643    0  125   83.00000   55.34643  33.3%     -    2s
     0     0   55.34643    0   92   83.00000   55.34643  33.3%     -    2s
     0     0   55.37489    0  108   83.00000   55.37489  33.3%     -    2s
     0     0   55.37594    0  114   83.00000   55.37594  33.3%     -    3s
     0     0   55.37594    0  116   83.00000   55.37594  33.3%     -    3s
     0     0   55.45469    0  115   83.00000   55.45469  33.2%     -    3s
     0     0   55.45469    0  105   83.00000   55.45469  33.2%     -    3s
     0     0   55.51673    0  130   83.00000   55.51673  33.1%     -    3s
     0     0   55.52639    0  140   83.00000   55.52639  33.1%     -    3s
     0     0   55.52639    0  144   83.00000   55.52639  33.1%     -    3s
     0     0   55.69837    0  119   83.00000   55.69837  32.9%     -    3s
     0     0   55.69837    0  129   83.00000   55.69837  32.9%     -    3s
     0     0   55.72504    0  120   83.00000   55.72504  32.9%     -    4s
     0     0   55.85268    0   99   83.00000   55.85268  32.7%     -    4s
     0     0   55.86485    0  143   83.00000   55.86485  32.7%     -    4s
     0     0   55.87377    0  158   83.00000   55.87377  32.7%     -    4s
     0     0   55.87495    0  133   83.00000   55.87495  32.7%     -    4s
     0     0   55.87909    0  130   83.00000   55.87909  32.7%     -    4s
     0     0   55.88635    0  119   83.00000   55.88635  32.7%     -    4s
     0     0   55.88635    0  129   83.00000   55.88635  32.7%     -    4s
H    0     0                      82.0000000   55.88635  31.8%     -    4s
     0     0   56.16070    0  127   82.00000   56.16070  31.5%     -    4s
     0     0   56.16070    0  131   82.00000   56.16070  31.5%     -    4s
     0     0   56.19613    0  142   82.00000   56.19613  31.5%     -    4s
     0     0   56.19613    0  130   82.00000   56.19613  31.5%     -    4s
     0     0   56.25624    0  143   82.00000   56.25624  31.4%     -    5s
     0     0   56.26247    0  162   82.00000   56.26247  31.4%     -    5s
     0     0   56.26247    0  144   82.00000   56.26247  31.4%     -    5s
     0     0   56.37753    0  125   82.00000   56.37753  31.2%     -    5s
     0     0   56.38006    0  157   82.00000   56.38006  31.2%     -    5s
     0     0   56.38298    0  157   82.00000   56.38298  31.2%     -    5s
     0     0   56.38298    0  148   82.00000   56.38298  31.2%     -    5s
     0     0   56.40525    0  123   82.00000   56.40525  31.2%     -    5s
     0     0   56.40589    0  141   82.00000   56.40589  31.2%     -    5s
     0     0   56.41938    0  132   82.00000   56.41938  31.2%     -    5s
     0     0   56.41938    0  115   82.00000   56.41938  31.2%     -    6s
     0     0   56.41938    0  124   82.00000   56.41938  31.2%     -    6s
     0     0   56.41938    0  120   82.00000   56.41938  31.2%     -    6s
     0     0   56.41938    0   68   82.00000   56.41938  31.2%     -    6s
     0     0   56.41938    0   89   82.00000   56.41938  31.2%     -    6s
     0     0   56.41938    0   76   82.00000   56.41938  31.2%     -    6s
     0     0   56.41938    0   47   82.00000   56.41938  31.2%     -    7s
     0     2   56.41938    0   47   82.00000   56.41938  31.2%     -    7s
H    8    12                      81.0000000   56.87144  29.8%   110    8s
H   27    40                      75.0000000   59.00000  21.3%   129    9s
    47    60   63.00000    6   97   75.00000   59.00000  21.3%   117   10s
H   48    60                      73.0000000   59.00000  19.2%   115   10s
  1258   857   70.00000   30   36   73.00000   59.00000  19.2%  20.9   20s
H 1261   857                      72.0000000   59.00000  18.1%  20.9   20s
H 1315   982                      70.0000000   59.00000  15.7%  20.5   20s
H 1424   982                      67.0000000   59.00000  11.9%  19.8   20s
  3378  1496 infeasible   48        67.00000   60.05217  10.4%  17.7   25s
  6277  1672   62.19685   51   63   67.00000   61.00000  8.96%  15.3   33s
H 6278  1672                      66.0000000   61.00000  7.58%  15.3   33s
  6977  1328   61.48485   18   87   66.00000   61.00000  7.58%  15.0   35s
  8223   566 infeasible   47        66.00000   61.00000  7.58%  14.1   40s
  9121    25 infeasible   27        66.00000   62.19048  5.77%  13.5   46s

Cutting planes:
  Gomory: 11
  Cover: 156
  Implied bound: 366
  Clique: 7
  MIR: 777
  StrongCG: 6
  Inf proof: 82
  Zero half: 3
  RLT: 260
  Relax-and-lift: 156

Explored 9368 nodes (140108 simplex iterations) in 48.55 seconds (2.47 work units)
Thread count was 32 (of 32 available processors)

Solution count 9: 66 67 70 ... 83

Optimal solution found (tolerance 1.00e-04)
Best objective 6.600000000000e+01, best bound 6.600000000000e+01, gap 0.0000%

Wrote result file 'RCPSP_84.sol'

