
Gurobi 10.0.3 (linux64, gurobi_cl) logging started Thu Nov  2 11:37:30 2023

Set parameter Username
Set parameter TimeLimit to value 3600
Set parameter LogFile to value "RCPSP_790.log"
Set parameter Threads to value 32
Academic license - for non-commercial use only - expires 2024-10-30
Using license file /home/jrivera6/gurobi-licenses/v1003/compute-0-38/gurobi.lic

Gurobi Optimizer version 10.0.3 build v10.0.3rc0 (linux64)
Copyright (c) 2023, Gurobi Optimization, LLC

Read MPS format model from file RCPSP_790.mps
Reading time = 0.04 seconds
RCPSP_790: 19643 rows, 7750 columns, 71917 nonzeros

CPU model: Intel(R) Xeon(R) Gold 6242 CPU @ 2.80GHz, instruction set [SSE2|AVX|AVX2|AVX512]
Thread count: 32 physical cores, 32 logical processors, using up to 32 threads

Optimize a model with 19643 rows, 7750 columns and 71917 nonzeros
Model fingerprint: 0x2e08886d
Variable types: 62 continuous, 7688 integer (7688 binary)
Coefficient statistics:
  Matrix range     [1e+00, 3e+02]
  Objective range  [1e+00, 1e+00]
  Bounds range     [1e+00, 1e+00]
  RHS range        [1e+00, 3e+02]
Presolve removed 7821 rows and 2815 columns
Presolve time: 2.78s
Presolved: 11822 rows, 4935 columns, 45182 nonzeros
Variable types: 61 continuous, 4874 integer (4874 binary)

Root relaxation: objective 5.600000e+01, 1737 iterations, 0.03 seconds (0.02 work units)

    Nodes    |    Current Node    |     Objective Bounds      |     Work
 Expl Unexpl |  Obj  Depth IntInf | Incumbent    BestBd   Gap | It/Node Time

     0     0   56.00000    0    4          -   56.00000      -     -    3s
     0     0   56.00000    0   44          -   56.00000      -     -    4s
     0     0   56.00000    0    2          -   56.00000      -     -    5s
     0     0   56.00000    0    6          -   56.00000      -     -    5s
     0     0   56.00000    0    6          -   56.00000      -     -    5s
     0     0   56.00000    0    6          -   56.00000      -     -    6s
     0     0   56.00000    0   14          -   56.00000      -     -    6s
     0     0   56.00000    0    6          -   56.00000      -     -    6s
     0     0   56.00000    0    6          -   56.00000      -     -    6s
     0     0   56.00000    0   16          -   56.00000      -     -    7s
     0     0   56.00000    0   16          -   56.00000      -     -    7s
     0     0   56.00000    0    6          -   56.00000      -     -    7s
H    0     0                     314.0000000   56.00000  82.2%     -    7s
     0     0   56.00000    0    6  314.00000   56.00000  82.2%     -    8s
     0     2   56.00000    0    6  314.00000   56.00000  82.2%     -    9s
     1     4   56.00000    1   16  314.00000   56.00000  82.2%  15.0   10s
    40    53   56.00000    6   24  314.00000   56.00000  82.2%  66.0   36s
H   41    53                     313.0000000   56.00000  82.1%  64.4   36s
H   48    53                     217.0000000   56.00000  74.2%  61.5   36s
    72    76   56.00000    7   22  217.00000   56.00000  74.2%   102   62s
H  104   102                     170.0000000   56.00000  67.1%   101   97s
H  107   102                     167.0000000   56.00000  66.5%   100   97s
H  115   102                     163.0000000   56.00000  65.6%  96.9   97s
H  118   102                     159.0000000   56.00000  64.8%  96.2   97s
   168   173   56.00000   10    4  159.00000   56.00000  64.8%  79.5  100s
   395   387   56.00000   15   10  159.00000   56.00000  64.8%  65.7  105s
*  630   536              20      56.0000000   56.00000  0.00%  55.5  109s

Cutting planes:
  Gomory: 6
  Cover: 18
  Implied bound: 103
  MIR: 58
  StrongCG: 2
  RLT: 61
  Relax-and-lift: 31

Explored 651 nodes (44997 simplex iterations) in 109.91 seconds (8.16 work units)
Thread count was 32 (of 32 available processors)

Solution count 8: 56 159 163 ... 314

Optimal solution found (tolerance 1.00e-04)
Best objective 5.600000000000e+01, best bound 5.600000000000e+01, gap 0.0000%

Wrote result file 'RCPSP_790.sol'

