
Gurobi 10.0.3 (linux64, gurobi_cl) logging started Thu Nov  2 11:34:51 2023

Set parameter Username
Set parameter TimeLimit to value 3600
Set parameter LogFile to value "RCPSP_610.log"
Set parameter Threads to value 32
Academic license - for non-commercial use only - expires 2024-10-30
Using license file /home/jrivera6/gurobi-licenses/v1003/compute-0-34/gurobi.lic

Gurobi Optimizer version 10.0.3 build v10.0.3rc0 (linux64)
Copyright (c) 2023, Gurobi Optimization, LLC

Read MPS format model from file RCPSP_610.mps
Reading time = 0.03 seconds
RCPSP_610: 19624 rows, 7750 columns, 71898 nonzeros

CPU model: Intel(R) Xeon(R) Gold 6130 CPU @ 2.10GHz, instruction set [SSE2|AVX|AVX2|AVX512]
Thread count: 32 physical cores, 32 logical processors, using up to 32 threads

Optimize a model with 19624 rows, 7750 columns and 71898 nonzeros
Model fingerprint: 0x9d36884f
Variable types: 62 continuous, 7688 integer (7688 binary)
Coefficient statistics:
  Matrix range     [1e+00, 4e+02]
  Objective range  [1e+00, 1e+00]
  Bounds range     [1e+00, 1e+00]
  RHS range        [1e+00, 4e+02]
Presolve removed 6931 rows and 2377 columns
Presolve time: 2.91s
Presolved: 12693 rows, 5373 columns, 48833 nonzeros
Variable types: 61 continuous, 5312 integer (5312 binary)

Root relaxation: objective 6.300000e+01, 1852 iterations, 0.04 seconds (0.02 work units)

    Nodes    |    Current Node    |     Objective Bounds      |     Work
 Expl Unexpl |  Obj  Depth IntInf | Incumbent    BestBd   Gap | It/Node Time

     0     0   63.00000    0  425          -   63.00000      -     -    3s
     0     0   63.00000    0  765          -   63.00000      -     -    6s
     0     0   63.00000    0  695          -   63.00000      -     -    7s
     0     0   63.42993    0  622          -   63.42993      -     -   10s
     0     0   63.43215    0  658          -   63.43215      -     -   16s
     0     0   63.61488    0  816          -   63.61488      -     -   17s
     0     0   63.69954    0  766          -   63.69954      -     -   17s
     0     0   63.71030    0  803          -   63.71030      -     -   18s
     0     0   63.71030    0  786          -   63.71030      -     -   18s
     0     0   63.99591    0  850          -   63.99591      -     -   19s
     0     0   64.00684    0  871          -   64.00684      -     -   20s
     0     0   64.04425    0  829          -   64.04425      -     -   20s
     0     0   64.05614    0  843          -   64.05614      -     -   21s
     0     0   64.05614    0  901          -   64.05614      -     -   21s
     0     0   64.06218    0  933          -   64.06218      -     -   22s
     0     0   64.06218    0  905          -   64.06218      -     -   23s
     0     0   64.06218    0  861          -   64.06218      -     -   25s
     0     0   64.06218    0  821          -   64.06218      -     -   26s
     0     0   64.07322    0  504          -   64.07322      -     -   31s
     0     0   64.07322    0  671          -   64.07322      -     -   32s
     0     0   64.08126    0  796          -   64.08126      -     -   34s
     0     0   64.08126    0  808          -   64.08126      -     -   34s
     0     0   64.11327    0  834          -   64.11327      -     -   36s
     0     0   64.11839    0  858          -   64.11839      -     -   37s
     0     0   64.11839    0  826          -   64.11839      -     -   38s
     0     0   64.19148    0  899          -   64.19148      -     -   40s
     0     0   64.19235    0  852          -   64.19235      -     -   41s
     0     0   64.19235    0  821          -   64.19235      -     -   42s
     0     0   64.19584    0  831          -   64.19584      -     -   44s
     0     0   64.25245    0  864          -   64.25245      -     -   45s
     0     0   64.26063    0  832          -   64.26063      -     -   46s
     0     0   64.27323    0  847          -   64.27323      -     -   47s
     0     0   64.28295    0  916          -   64.28295      -     -   47s
     0     0   64.29002    0  916          -   64.29002      -     -   48s
     0     0   64.29183    0  851          -   64.29183      -     -   48s
     0     0   64.29405    0  871          -   64.29405      -     -   48s
     0     0   64.29420    0  874          -   64.29420      -     -   49s
     0     0   64.30088    0  877          -   64.30088      -     -   50s
     0     0   64.30104    0  873          -   64.30104      -     -   50s
     0     0   64.32922    0  875          -   64.32922      -     -   52s
     0     0   64.33223    0  858          -   64.33223      -     -   52s
     0     0   64.33223    0  868          -   64.33223      -     -   53s
     0     0   64.34701    0  858          -   64.34701      -     -   54s
     0     0   64.34975    0  873          -   64.34975      -     -   55s
     0     0   64.35051    0  963          -   64.35051      -     -   55s
     0     0   64.35070    0  946          -   64.35070      -     -   56s
     0     0   64.37626    0  935          -   64.37626      -     -   58s
     0     0   64.38516    0  950          -   64.38516      -     -   58s
     0     0   64.38805    0  907          -   64.38805      -     -   59s
     0     0   64.38942    0  882          -   64.38942      -     -   60s
     0     0   64.39009    0  866          -   64.39009      -     -   61s
     0     0   64.39016    0  856          -   64.39016      -     -   61s
     0     0   64.39695    0  884          -   64.39695      -     -   63s
     0     0   64.39895    0  891          -   64.39895      -     -   63s
     0     0   64.39901    0  885          -   64.39901      -     -   63s
     0     0   64.40721    0  864          -   64.40721      -     -   65s
     0     0   64.40861    0  925          -   64.40861      -     -   65s
     0     0   64.41006    0  886          -   64.41006      -     -   66s
     0     0   64.41021    0  890          -   64.41021      -     -   66s
     0     0   64.41256    0  896          -   64.41256      -     -   68s
     0     0   64.41262    0  883          -   64.41262      -     -   69s
     0     0   64.41709    0  820          -   64.41709      -     -   71s
     0     0   64.41985    0  814          -   64.41985      -     -   72s
     0     0   64.42081    0  894          -   64.42081      -     -   73s
     0     0   64.42081    0  838          -   64.42081      -     -   74s
     0     0   64.42423    0  891          -   64.42423      -     -   75s
     0     0   64.42458    0  881          -   64.42458      -     -   76s
     0     0   64.42694    0  878          -   64.42694      -     -   77s
H    0     0                     354.0000000   64.42694  81.8%     -   78s
     0     0   64.42694    0  542  354.00000   64.42694  81.8%     -   79s
H    0     0                     322.0000000   66.00000  79.5%     -   82s
     0     2   66.00000    0  503  322.00000   66.00000  79.5%     -   86s
     3     8   66.00000    2  555  322.00000   66.00000  79.5%   784   92s
     7    15   66.00000    3  656  322.00000   66.00000  79.5%   852   96s
    15    27   66.00000    4  719  322.00000   66.00000  79.5%   862  101s
    30    52   66.00000    5  705  322.00000   66.00000  79.5%   836  161s
H   35    52                     312.0000000   66.00000  78.8%   798  161s
H   49    52                     299.0000000   66.00000  77.9%   796  162s
    57    82   66.00000    6  644  299.00000   66.00000  77.9%   807  169s
H   89   111                     228.0000000   66.00000  71.1%   762  217s
H   90   111                     226.0000000   66.00000  70.8%   767  218s
H   91   111                     220.0000000   66.00000  70.0%   764  218s
H   92   111                     216.0000000   66.00000  69.4%   772  218s
H  108   111                     214.0000000   66.00000  69.2%   739  218s
H  112   111                     213.0000000   66.00000  69.0%   729  218s
   121   134   66.00000    8  648  213.00000   66.00000  69.0%   697  222s
   153   157   66.00000    9  629  213.00000   66.00000  69.0%   583  227s
   185   193   66.00000    9  659  213.00000   66.00000  69.0%   542  233s
   238   225   66.00000   10  700  213.00000   66.00000  69.0%   468  282s
   270   273   66.00000   11  698  213.00000   66.00000  69.0%   457  288s
   325   352   66.47828   12  680  213.00000   66.00000  69.0%   401  290s
   410   420   66.53398   12  745  213.00000   66.00000  69.0%   333  300s
   580   594   67.66667   14  581  213.00000   66.00000  69.0%   265  307s
   685   675   68.00000   15  586  213.00000   66.00000  69.0%   235  312s
   774   750   68.00000   16  608  213.00000   66.00000  69.0%   223  317s
   855   837   70.00000   16  608  213.00000   66.00000  69.0%   215  320s
  1072  1074   70.00000   18  585  213.00000   66.00000  69.0%   189  327s
H 1222  1104                     189.0000000   66.00000  65.1%   173  347s
H 1227  1104                     186.0000000   66.00000  64.5%   173  348s
H 1230  1104                     185.0000000   66.00000  64.3%   173  348s
H 1244  1104                     184.0000000   66.00000  64.1%   172  348s
  1256  1248   70.00000   20  566  184.00000   66.00000  64.1%   171  350s
  1430  1393   71.00000   24  525  184.00000   66.00000  64.1%   155  360s
  1617  1543   71.00000   29  506  184.00000   66.00000  64.1%   145  367s
  1805  1748   74.00000   31  477  184.00000   66.00000  64.1%   137  371s
  2047  1907   74.00000   32  486  184.00000   66.00000  64.1%   125  379s
  2275  2119   74.00000   38  478  184.00000   66.00000  64.1%   120  383s
  2524  2328   74.00000   53  456  184.00000   66.00000  64.1%   113  391s
  2797  2519   74.00000   56  502  184.00000   66.00000  64.1%   106  398s
  3038  2784   74.00000   64  480  184.00000   66.00000  64.1%   102  402s
  3338  2976   74.00000   65  476  184.00000   66.00000  64.1%  96.6  412s
  3618  3196   77.00000   66  458  184.00000   66.00000  64.1%  94.9  421s
H 3911  3196                     183.0000000   66.00000  63.9%  92.5  462s
H 3913  3038                     173.0000000   66.00000  61.8%  92.5  466s
H 3914  2886                     166.0000000   66.00000  60.2%  92.5  472s
  3915  2887   94.00000  114  510  166.00000   66.00000  60.2%  92.4  475s
H 3918  2744                     165.0000000   66.00000  60.0%  92.4  478s
H 3919  2608                     164.0000000   66.00000  59.8%  92.3  489s
H 3919  2477                     162.0000000   66.00000  59.3%  92.3  489s
H 3919  2353                     158.0000000   67.00000  57.6%  92.3  494s
  3921  2354  100.00000  115  652  158.00000   67.00000  57.6%  92.3  496s
  3923  2355   91.00000   76  733  158.00000   67.00000  57.6%  92.2  503s
  3924  2356   78.00000   16  536  158.00000   67.00000  57.6%  92.2  520s
H 3924  2238                     154.0000000   67.00000  56.5%  92.2  524s
H 3924  2126                     147.0000000   67.00000  54.4%  92.2  524s
  3925  2127   71.00000   14  640  147.00000   67.00000  54.4%  92.2  525s
H 3925  2020                     145.0000000   67.00000  53.8%  92.2  530s
  3927  2021   76.00000   40  589  145.00000   67.00000  53.8%  92.1  545s
H 3927  1920                     143.0000000   67.00000  53.1%  92.1  549s
  3928  1921   73.00000   31  746  143.00000   67.00000  53.1%  92.1  550s
H 3928  1825                     143.0000000   67.00000  53.1%  92.1  559s
H 3929  1733                     142.0000000   67.00000  52.8%  92.1  560s
  3930  1734   86.00000   15  645  142.00000   67.00000  52.8%  92.1  565s
  3931  1735   69.62500    9  710  142.00000   67.00000  52.8%  92.1  574s
  3932  1735   94.00000   75  628  142.00000   67.00000  52.8%  92.0  575s
H 3932  1648                     138.0000000   67.00000  51.4%  92.0  577s
H 3932  1565                     136.0000000   67.00000  50.7%  92.0  579s
  3934  1570   67.00000   16  532  136.00000   67.00000  50.7%   115  621s
  3936  1573   67.05042   17  604  136.00000   67.00000  50.7%   115  658s
  3940  1580   67.06667   18  594  136.00000   67.00000  50.7%   116  682s
  3948  1593   67.06667   19  583  136.00000   67.00000  50.7%   117  711s
  3964  1620   67.70526   20  747  136.00000   67.00000  50.7%   121  749s
H 3965  1541                     131.0000000   67.00000  48.9%   121  749s
  3996  1561   67.74489   21  720  131.00000   67.00000  48.9%   136  762s
H 4028  1507                     129.0000000   67.00000  48.1%   146  884s
H 4037  1433                     128.0000000   67.00000  47.7%   147  884s
H 4056  1359                     126.0000000   67.00000  46.8%   150  884s
  4060  1390   67.74489   22  712  126.00000   67.00000  46.8%   151  893s
  4092  1411   67.74489   22  672  126.00000   67.00000  46.8%   153  914s
  4124  1446   67.74489   23  620  126.00000   67.00000  46.8%   155  927s
  4170  1480   68.40900   23  565  126.00000   67.00000  46.8%   157  940s
  4219  1517   67.74489   24  710  126.00000   67.00000  46.8%   159  955s
  4272  1540   67.74489   24  658  126.00000   67.00000  46.8%   160  972s
  4313  1593   67.74489   25  565  126.00000   67.00000  46.8%   162  993s
  4380  1628   67.74489   25  706  126.00000   67.00000  46.8%   162 1010s
  4437  1673   67.78484   26  609  126.00000   67.00000  46.8%   165 1023s
  4501  1725   67.78484   27  581  126.00000   67.00000  46.8%   165 1034s
  4576  1773   67.79753   28  616  126.00000   67.00000  46.8%   165 1054s
  4653  1820   67.80000   29  645  126.00000   67.00000  46.8%   164 1067s
  4728  1868   69.00000   29  624  126.00000   67.00000  46.8%   164 1078s
  4807  2010   69.00000   30  623  126.00000   67.00000  46.8%   163 1084s
  4975  2131   70.00000   31  567  126.00000   67.00000  46.8%   160 1095s
H 5167  2032                     123.0000000   67.00000  45.5%   156 1137s
H 5168  1970                     122.0000000   67.00000  45.1%   156 1137s
H 5187  1907                     121.0000000   67.00000  44.6%   156 1137s
  5201  1920   70.00000   32  565  121.00000   67.00000  44.6%   156 1166s
H 5259  1868                     121.0000000   67.00000  44.6%   158 1309s
H 5260  1815                     120.0000000   67.00000  44.2%   158 1309s
H 5264  1764                     120.0000000   67.00000  44.2%   158 1309s
H 5274  1714                     119.0000000   67.00000  43.7%   160 1309s
H 5280  1667                     118.0000000   67.00000  43.2%   161 1309s
  5299  1709   76.00000   33  520  118.00000   67.00000  43.2%   162 1347s
  5361  1767   70.00000   34  630  118.00000   67.00000  43.2%   164 1369s
  5440  1815   70.00000   34  566  118.00000   67.00000  43.2%   165 1391s
  5526  1875   74.00000   35  536  118.00000   67.00000  43.2%   166 1408s
  5625  1922   73.00000   36  554  118.00000   67.00000  43.2%   165 1448s
  5717  1978   73.00000   37  495  118.00000   67.00000  43.2%   165 1485s
  5820  2030   73.00000   38  491  118.00000   67.00000  43.2%   166 1504s
  5926  2317   73.00000   39  524  118.00000   67.00000  43.2%   166 1514s
  6270  2219   80.00000   45  446  118.00000   67.00000  43.2%   160 1564s
  6365  2260   76.00000   46  515  118.00000   67.00000  43.2%   164 1586s
  6450  2556   76.00000   48  516  118.00000   67.00000  43.2%   166 1594s
  6798  2584   76.00000   52  564  118.00000   67.00000  43.2%   161 1633s
H 6799  2583                     117.0000000   67.00000  42.7%   161 1633s
H 6803  2570                     116.0000000   67.00000  42.2%   161 1633s
  6830  2569   85.00000   52  526  116.00000   67.00000  42.2%   160 1691s
  6932  2647   87.00000   53  483  116.00000   67.00000  42.2%   165 1722s
  7018  2752   83.00000   55  479  116.00000   67.00000  42.2%   168 1744s
  7127  3175   94.00000   57  487  116.00000   67.00000  42.2%   169 1756s
  7618  3559   78.00000   67  502  116.00000   67.00000  42.2%   161 1786s
  8180  3534  103.00000   78  350  116.00000   67.00000  42.2%   155 1844s
  8281  3604  103.00000   79  377  116.00000   67.00000  42.2%   165 1873s
  8353  3682  104.00000   80  336  116.00000   67.00000  42.2%   169 1923s
  8449  3775  103.00000   81  332  116.00000   67.00000  42.2%   173 1947s
  8566  4092  103.00000   84  328  116.00000   67.00000  42.2%   175 1975s
  8933  4152  104.00000   98  264  116.00000   67.00000  42.2%   173 2019s
  9021  4252  104.00000   99  264  116.00000   67.00000  42.2%   177 2079s
  9137  4754  104.00000  102  256  116.00000   67.00000  42.2%   180 2110s
  9721  4793 infeasible  118       116.00000   67.00000  42.2%   173 2172s
  9850  4904   67.00000   22  707  116.00000   67.00000  42.2%   178 2207s
  9977  5435   67.00000   22  667  116.00000   67.00000  42.2%   180 2255s
 10636  5466   67.01685   23  697  116.00000   67.00000  42.2%   174 2320s
 10759  5496   67.22857   24  673  116.00000   67.00000  42.2%   180 2401s
H10766  5482                     116.0000000   67.00000  42.2%   180 2401s
H10772  5265                     113.0000000   67.00000  40.7%   180 2401s
H10790  5178                     112.0000000   67.00000  40.2%   181 2401s
 10797  5270   67.00000   24  662  112.00000   67.00000  40.2%   182 2467s
 10940  5358   67.00000   26  677  112.00000   67.00000  40.2%   186 2513s
H10941  5358                     112.0000000   67.00000  40.2%   186 2514s
 11044  5512   67.00000   26  653  112.00000   67.00000  40.2%   186 2554s
 11227  6227   67.00000   27  651  112.00000   67.00000  40.2%   186 2615s
 12211  6267   73.00111   29  584  112.00000   67.00000  40.2%   177 2690s
 12359  6425   77.00000   30  493  112.00000   67.00000  40.2%   183 2728s
 12537  7172   77.00000   32  511  112.00000   67.00000  40.2%   185 2798s
 13516  7250   77.00000   36  465  112.00000   67.00000  40.2%   179 2874s
 13692  7465   84.00000   38  460  112.00000   67.00000  40.2%   184 2917s
 13919  7496   84.00000   40  459  112.00000   67.00000  40.2%   185 2986s
 13951  7707   88.00000   40  499  112.00000   67.00000  40.2%   185 3043s
 14205  7982   84.00000   43  443  112.00000   67.00000  40.2%   185 3099s
 14528  9015   89.00000   47  406  112.00000   67.00000  40.2%   183 3177s
 16056  9096   67.00000   22  770  112.00000   67.00000  40.2%   173 3262s
 16215  9295   67.00000   25  718  112.00000   67.00000  40.2%   178 3310s
H16231  8973                     111.0000000   67.00000  39.6%   179 3313s
 16422 10198   72.37313   28  554  111.00000   67.00000  39.6%   181 3457s
 18086 10316 infeasible   99       111.00000   67.00000  39.6%   172 3540s
H18096 10316                     111.0000000   67.00000  39.6%   172 3541s
H18230 10232                     110.0000000   67.00000  39.1%   175 3541s
 18287 10468   67.03684   28  838  110.00000   67.00000  39.1%   176 3597s
 18530 10540   67.33659   30  802  110.00000   67.00000  39.1%   179 3600s

Cutting planes:
  Learned: 13
  Gomory: 111
  Cover: 333
  Implied bound: 275
  Projected implied bound: 21
  Clique: 57
  MIR: 984
  StrongCG: 20
  Flow cover: 1110
  Inf proof: 223
  Zero half: 21
  Mod-K: 1
  RLT: 628
  Relax-and-lift: 987

Explored 18602 nodes (3410709 simplex iterations) in 3612.89 seconds (196.73 work units)
Thread count was 32 (of 32 available processors)

Solution count 10: 110 111 111 ... 118

Time limit reached
Best objective 1.100000000000e+02, best bound 6.700000000000e+01, gap 39.0909%

Wrote result file 'RCPSP_610.sol'

