
Gurobi 10.0.3 (linux64, gurobi_cl) logging started Fri Nov 10 22:23:29 2023

Set parameter Username
Set parameter TimeLimit to value 3600
Set parameter LogFile to value "RCPSP_2006.log"
Set parameter Threads to value 32
Academic license - for non-commercial use only - expires 2024-11-06
Using license file /home/jrivera6/gurobi-licenses/v1003/compute-0-36/gurobi.lic

Gurobi Optimizer version 10.0.3 build v10.0.3rc0 (linux64)
Copyright (c) 2023, Gurobi Optimization, LLC

Read MPS format model from file RCPSP_2006.mps
Reading time = 0.11 seconds
RCPSP_2006: 75288 rows, 29890 columns, 280622 nonzeros

CPU model: Intel(R) Xeon(R) Gold 6130 CPU @ 2.10GHz, instruction set [SSE2|AVX|AVX2|AVX512]
Thread count: 32 physical cores, 32 logical processors, using up to 32 threads

Optimize a model with 75288 rows, 29890 columns and 280622 nonzeros
Model fingerprint: 0x23f12c77
Variable types: 122 continuous, 29768 integer (29768 binary)
Coefficient statistics:
  Matrix range     [1e+00, 6e+02]
  Objective range  [1e+00, 1e+00]
  Bounds range     [1e+00, 1e+00]
  RHS range        [1e+00, 6e+02]
Presolve removed 11496 rows and 1745 columns (presolve time = 5s) ...
Presolve removed 11496 rows and 1745 columns (presolve time = 10s) ...
Presolve removed 11496 rows and 1745 columns (presolve time = 15s) ...
Presolve removed 15701 rows and 3500 columns
Presolve time: 18.86s
Presolved: 59587 rows, 26390 columns, 234244 nonzeros
Variable types: 121 continuous, 26269 integer (26269 binary)

Deterministic concurrent LP optimizer: primal and dual simplex (primal and dual model)
Showing first log only...

Root relaxation presolved: 59587 rows, 26390 columns, 234244 nonzeros


Root simplex log...

Iteration    Objective       Primal Inf.    Dual Inf.      Time
       0    9.9450783e+01   6.726450e-03   1.905430e+08     21s
    3052    9.9000000e+01   0.000000e+00   0.000000e+00     22s
Concurrent spin time: 1.15s

Solved with dual simplex (dual model)

Root relaxation: objective 9.900000e+01, 30309 iterations, 3.39 seconds (0.32 work units)
Total elapsed time = 28.41s
Total elapsed time = 30.85s

    Nodes    |    Current Node    |     Objective Bounds      |     Work
 Expl Unexpl |  Obj  Depth IntInf | Incumbent    BestBd   Gap | It/Node Time

     0     0   99.00000    0  694          -   99.00000      -     -   40s
     0     0   99.00000    0 1687          -   99.00000      -     -  156s
     0     0   99.00000    0 1581          -   99.00000      -     -  160s
     0     0   99.00000    0 1577          -   99.00000      -     -  161s
     0     0   99.00000    0 1575          -   99.00000      -     -  161s
     0     0   99.00000    0 1713          -   99.00000      -     -  177s
     0     0   99.00000    0 1716          -   99.00000      -     -  182s
     0     0   99.00000    0 1592          -   99.00000      -     -  188s
     0     0   99.00000    0 1568          -   99.00000      -     -  192s
     0     0   99.00000    0 1475          -   99.00000      -     -  192s
     0     0   99.00000    0  953          -   99.00000      -     -  246s
     0     0   99.00000    0 1413          -   99.00000      -     -  276s
     0     0   99.00000    0 1316          -   99.00000      -     -  279s
     0     0   99.00000    0 1307          -   99.00000      -     -  280s
     0     0   99.00000    0 1305          -   99.00000      -     -  280s
     0     0   99.00000    0 1169          -   99.00000      -     -  331s
     0     0   99.00000    0 1165          -   99.00000      -     -  332s
     0     0   99.00000    0 1727          -   99.00000      -     -  381s
     0     0   99.00000    0 1792          -   99.00000      -     -  394s
     0     0   99.00000    0 1700          -   99.00000      -     -  396s
     0     0   99.00000    0 1824          -   99.00000      -     -  400s
     0     0   99.00000    0  703          -   99.00000      -     -  470s
     0     0   99.00000    0 1533          -   99.00000      -     -  517s
     0     0   99.00000    0 1564          -   99.00000      -     -  525s
     0     0   99.00000    0 1559          -   99.00000      -     -  526s
     0     0   99.00000    0 1609          -   99.00000      -     -  550s
     0     0   99.00000    0 1631          -   99.00000      -     -  556s
     0     0   99.00000    0 1680          -   99.00000      -     -  563s
     0     0   99.00000    0 1646          -   99.00000      -     -  563s
     0     0   99.00000    0 1276          -   99.00000      -     -  660s
     0     0   99.00316    0 1655          -   99.00316      -     -  741s
     0     0   99.00316    0 1635          -   99.00316      -     -  741s
     0     0   99.60000    0 1363          -   99.60000      -     -  779s
     0     0   99.60000    0 1368          -   99.60000      -     -  781s
     0     0   99.60000    0 1609          -   99.60000      -     -  790s
     0     0   99.60000    0 1604          -   99.60000      -     -  790s
     0     0  100.00000    0 1830          -  100.00000      -     -  819s
     0     0  100.00000    0 1826          -  100.00000      -     -  820s
     0     0  100.00000    0 1824          -  100.00000      -     -  821s
     0     0  100.00000    0 1980          -  100.00000      -     -  849s
     0     0  100.00000    0 1997          -  100.00000      -     -  856s
     0     0  100.00000    0 2034          -  100.00000      -     -  862s
     0     0  100.00000    0 2046          -  100.00000      -     -  864s
     0     0  100.00000    0 1916          -  100.00000      -     -  902s
     0     0  100.00000    0 2006          -  100.00000      -     -  924s
     0     0  100.00000    0 1975          -  100.00000      -     -  928s
     0     0  100.00000    0 1969          -  100.00000      -     -  928s
     0     0  100.00000    0 1393          -  100.00000      -     -  996s
     0     0  100.00000    0 1398          -  100.00000      -     -  997s
     0     0  100.00002    0 1825          -  100.00002      -     - 1037s
     0     0  100.00002    0 1726          -  100.00002      -     - 1039s
     0     0  100.00002    0 1724          -  100.00002      -     - 1039s
     0     0  100.00030    0 1174          -  100.00030      -     - 1092s
     0     0  100.00030    0 1172          -  100.00030      -     - 1093s
     0     0  100.00036    0 1670          -  100.00036      -     - 1126s
     0     0  100.00036    0 1570          -  100.00036      -     - 1128s
     0     0  100.00067    0 1646          -  100.00067      -     - 1166s
     0     0  100.00067    0 1610          -  100.00067      -     - 1167s
     0     0  100.01135    0 1790          -  100.01135      -     - 1203s
     0     0  100.01135    0 1774          -  100.01135      -     - 1204s
     0     0  100.01135    0 1774          -  100.01135      -     - 1204s
     0     0  100.01302    0 1957          -  100.01302      -     - 1219s
     0     0  100.01302    0 1798          -  100.01302      -     - 1220s
     0     0  100.01321    0 1879          -  100.01321      -     - 1231s
     0     0  100.01321    0 1833          -  100.01321      -     - 1231s
     0     0  100.01321    0 1893          -  100.01321      -     - 1236s
     0     0  100.01321    0 1882          -  100.01321      -     - 1237s
     0     0  100.01878    0 1865          -  100.01878      -     - 1247s
     0     0  100.01878    0 1852          -  100.01878      -     - 1247s
     0     0  100.01995    0 1979          -  100.01995      -     - 1252s
     0     0  100.01995    0 1972          -  100.01995      -     - 1252s
     0     0  100.01995    0 2064          -  100.01995      -     - 1261s
     0     0  100.01995    0 2050          -  100.01995      -     - 1261s
     0     0  100.03119    0 1971          -  100.03119      -     - 1276s
     0     0  100.03119    0 1916          -  100.03119      -     - 1277s
     0     0  100.03311    0 1997          -  100.03311      -     - 1300s
     0     0  100.03311    0 1987          -  100.03311      -     - 1300s
     0     0  100.03344    0 2005          -  100.03344      -     - 1347s
     0     0  100.03344    0 1981          -  100.03344      -     - 1348s
     0     0  100.03344    0 2128          -  100.03344      -     - 1360s
     0     0  100.03344    0 2027          -  100.03344      -     - 1360s
     0     0  100.03653    0 2012          -  100.03653      -     - 1395s
     0     0  100.03653    0 1928          -  100.03653      -     - 1403s
     0     0  100.03886    0 2096          -  100.03886      -     - 1644s
     0     0  100.03886    0 2054          -  100.03886      -     - 1669s
     0     0  100.03927    0 2097          -  100.03927      -     - 1677s
     0     0  100.03927    0 2052          -  100.03927      -     - 1677s
     0     0  100.03927    0 2190          -  100.03927      -     - 1682s
     0     0  100.03927    0 2081          -  100.03927      -     - 1682s
     0     0  100.04055    0 2076          -  100.04055      -     - 1743s
     0     0  100.04055    0 1964          -  100.04055      -     - 1745s
     0     0  100.04055    0 1962          -  100.04055      -     - 1745s
     0     0  100.04055    0 1987          -  100.04055      -     - 1754s
     0     0  100.04055    0 1976          -  100.04055      -     - 1754s
     0     0  100.04282    0 1901          -  100.04282      -     - 1790s
     0     0  100.04282    0 1893          -  100.04282      -     - 1790s
     0     0  100.04308    0 1971          -  100.04308      -     - 1843s
     0     0  100.04308    0 1969          -  100.04308      -     - 1843s
     0     0  100.04308    0 2103          -  100.04308      -     - 1877s
     0     0  100.04308    0 1934          -  100.04308      -     - 1880s
     0     0  100.04308    0 1845          -  100.04308      -     - 1882s
     0     0  100.04308    0 1843          -  100.04308      -     - 1882s
     0     0  100.04308    0 1899          -  100.04308      -     - 1978s
     0     0  100.04308    0 1833          -  100.04308      -     - 1979s
     0     0  100.05014    0 1896          -  100.05014      -     - 2122s
     0     0  100.05014    0 1961          -  100.05014      -     - 2205s
     0     0  100.05014    0 1891          -  100.05014      -     - 2205s
     0     0  100.05014    0 1885          -  100.05014      -     - 2293s
     0     0  100.05014    0 1883          -  100.05014      -     - 2293s
     0     0  100.05363    0 2048          -  100.05363      -     - 2367s
     0     0  100.05363    0 2042          -  100.05363      -     - 2368s
     0     0  100.05363    0 2154          -  100.05363      -     - 2398s
     0     0  100.05363    0 2071          -  100.05363      -     - 2400s
     0     0  100.05363    0 2101          -  100.05363      -     - 2447s
     0     0  100.05363    0 2015          -  100.05363      -     - 2449s
     0     0  100.05363    0 2013          -  100.05363      -     - 2449s
     0     0  100.05363    0 2008          -  100.05363      -     - 2470s
     0     0  100.05363    0 1995          -  100.05363      -     - 2471s
     0     0  100.05363    0 1908          -  100.05363      -     - 2486s
     0     0  100.05363    0 1881          -  100.05363      -     - 2491s
     0     0  100.05363    0 1960          -  100.05363      -     - 2516s
     0     0  100.05363    0 1876          -  100.05363      -     - 2516s
     0     0  100.05567    0 1111          -  100.05567      -     - 2562s
     0     0  100.05589    0 1601          -  100.05589      -     - 2579s
     0     0  100.05589    0 1597          -  100.05589      -     - 2579s
     0     0  100.05594    0 1673          -  100.05594      -     - 2747s
     0     0  100.05594    0 1669          -  100.05594      -     - 2747s
     0     0  100.05594    0 1786          -  100.05594      -     - 2786s
     0     0  100.05622    0 1761          -  100.05622      -     - 2829s
     0     0  100.05622    0 1672          -  100.05622      -     - 2830s
     0     0  100.05622    0 1851          -  100.05622      -     - 2856s
     0     0  100.05622    0 1835          -  100.05622      -     - 2857s
     0     0  100.05622    0 1815          -  100.05622      -     - 2901s
     0     0  100.05622    0 1812          -  100.05622      -     - 2901s

Cutting planes:
  Learned: 3
  Gomory: 5
  Cover: 148
  Implied bound: 1
  Clique: 62
  MIR: 340
  StrongCG: 27
  Inf proof: 3
  RLT: 171
  Relax-and-lift: 316

Explored 1 nodes (386673 simplex iterations) in 4242.88 seconds (241.57 work units)
Thread count was 32 (of 32 available processors)

Solution count 0

Time limit reached
Best objective -, best bound 1.000562222123e+02, gap -

Unable to retrieve attribute 'X'

