
Gurobi 10.0.3 (linux64, gurobi_cl) logging started Thu Nov  2 11:38:43 2023

Set parameter TimeLimit to value 3600
Set parameter LogFile to value "RCPSP_156.log"
Set parameter Threads to value 32

Gurobi 10.0.3 (linux64, gurobi_cl) logging started Thu Nov  9 11:43:34 2023

Set parameter Username
Set parameter TimeLimit to value 3600
Set parameter LogFile to value "RCPSP_156.log"
Set parameter Threads to value 32
Academic license - for non-commercial use only - expires 2024-10-30
Using license file /home/jrivera6/gurobi-licenses/v1003/compute-0-34/gurobi.lic

Gurobi Optimizer version 10.0.3 build v10.0.3rc0 (linux64)
Copyright (c) 2023, Gurobi Optimization, LLC

Read MPS format model from file RCPSP_156.mps
Reading time = 0.02 seconds
RCPSP_156: 5329 rows, 2080 columns, 18873 nonzeros

CPU model: Intel(R) Xeon(R) Gold 6130 CPU @ 2.10GHz, instruction set [SSE2|AVX|AVX2|AVX512]
Thread count: 32 physical cores, 32 logical processors, using up to 32 threads

Optimize a model with 5329 rows, 2080 columns and 18873 nonzeros
Model fingerprint: 0x4b5913c5
Variable types: 32 continuous, 2048 integer (2048 binary)
Coefficient statistics:
  Matrix range     [1e+00, 2e+02]
  Objective range  [1e+00, 1e+00]
  Bounds range     [1e+00, 1e+00]
  RHS range        [1e+00, 2e+02]
Found heuristic solution: objective 51.0000000
Presolve removed 2829 rows and 1109 columns
Presolve time: 0.18s
Presolved: 2500 rows, 971 columns, 9093 nonzeros
Variable types: 31 continuous, 940 integer (940 binary)

Explored 0 nodes (0 simplex iterations) in 0.19 seconds (0.14 work units)
Thread count was 32 (of 32 available processors)

Solution count 1: 51 

Optimal solution found (tolerance 1.00e-04)
Best objective 5.100000000000e+01, best bound 5.100000000000e+01, gap 0.0000%

Wrote result file 'RCPSP_156.sol'

