
Gurobi 10.0.3 (linux64, gurobi_cl) logging started Fri Nov 10 20:14:16 2023

Set parameter Username
Set parameter TimeLimit to value 3600
Set parameter LogFile to value "RCPSP_1787.log"
Set parameter Threads to value 32

Gurobi 10.0.3 (linux64, gurobi_cl) logging started Wed Nov 15 04:45:12 2023

Set parameter Username
Set parameter TimeLimit to value 3600
Set parameter LogFile to value "RCPSP_1787.log"
Set parameter Threads to value 32
Academic license - for non-commercial use only - expires 2024-10-30
Using license file /home/jrivera6/gurobi-licenses/v1003/compute-0-37/gurobi.lic

Gurobi Optimizer version 10.0.3 build v10.0.3rc0 (linux64)
Copyright (c) 2023, Gurobi Optimization, LLC

Read MPS format model from file RCPSP_1787.mps
Reading time = 0.69 seconds
RCPSP_1787: 75251 rows, 29890 columns, 266065 nonzeros

CPU model: Intel(R) Xeon(R) Gold 6242 CPU @ 2.80GHz, instruction set [SSE2|AVX|AVX2|AVX512]
Thread count: 32 physical cores, 32 logical processors, using up to 32 threads

Optimize a model with 75251 rows, 29890 columns and 266065 nonzeros
Model fingerprint: 0x7fde15bc
Variable types: 122 continuous, 29768 integer (29768 binary)
Coefficient statistics:
  Matrix range     [1e+00, 7e+02]
  Objective range  [1e+00, 1e+00]
  Bounds range     [1e+00, 1e+00]
  RHS range        [1e+00, 7e+02]
Presolve removed 11163 rows and 1597 columns (presolve time = 5s) ...
Presolve removed 11774 rows and 2208 columns
Presolve time: 6.89s
Presolved: 63477 rows, 27682 columns, 235894 nonzeros
Variable types: 121 continuous, 27561 integer (27561 binary)

Deterministic concurrent LP optimizer: primal and dual simplex (primal and dual model)
Showing first log only...

Root relaxation presolved: 63477 rows, 27682 columns, 235894 nonzeros


Root simplex log...

Iteration    Objective       Primal Inf.    Dual Inf.      Time
       0    1.0086442e+02   8.398528e-02   3.361143e+08      9s
    3519    9.9000000e+01   0.000000e+00   0.000000e+00     11s
Concurrent spin time: 3.04s

Solved with dual simplex (primal model)

Root relaxation: objective 9.900000e+01, 10465 iterations, 5.92 seconds (0.60 work units)
Total elapsed time = 16.67s

    Nodes    |    Current Node    |     Objective Bounds      |     Work
 Expl Unexpl |  Obj  Depth IntInf | Incumbent    BestBd   Gap | It/Node Time

     0     0   99.00000    0  168          -   99.00000      -     -   20s
     0     0   99.00000    0  583          -   99.00000      -     -   69s
     0     0   99.00000    0  576          -   99.00000      -     -   69s
     0     0   99.00000    0  744          -   99.00000      -     -   76s
     0     0   99.00000    0  197          -   99.00000      -     -   96s
     0     0   99.00000    0  204          -   99.00000      -     -   97s
     0     0   99.00000    0  384          -   99.00000      -     -  127s
     0     0   99.00000    0  382          -   99.00000      -     -  128s
     0     0   99.00000    0   54          -   99.00000      -     -  164s
     0     0   99.00000    0  420          -   99.00000      -     -  174s
     0     0   99.00000    0  414          -   99.00000      -     -  175s
     0     0   99.00000    0   64          -   99.00000      -     -  213s
     0     0   99.00000    0  307          -   99.00000      -     -  221s
     0     0   99.00000    0  277          -   99.00000      -     -  222s
     0     0   99.00000    0   90          -   99.00000      -     -  252s
     0     0   99.00000    0  143          -   99.00000      -     -  339s
     0     0   99.00000    0   68          -   99.00000      -     -  352s
     0     0   99.00000    0  328          -   99.00000      -     -  355s
     0     0   99.00000    0   79          -   99.00000      -     -  368s
     0     0   99.00000    0   31          -   99.00000      -     -  375s
     0     2   99.00000    0   12          -   99.00000      -     -  447s
     1     4   99.00000    1   12          -   99.00000      -  2004  454s
     3     8   99.00000    2   20          -   99.00000      -   717  468s
     7    16   99.00000    3  160          -   99.00000      -   462  483s
    15    32   99.00000    4  202          -   99.00000      -   403  509s
    31    63   99.00000    5  194          -   99.00000      -   467  537s
    63    95   99.00000    6  225          -   99.00000      -   392  572s
    95   125   99.00000    7  191          -   99.00000      -   397  592s
   127   156   99.00000    8  173          -   99.00000      -   338  610s
   159   187   99.00000    9  169          -   99.00000      -   285  621s
   191   221  102.00000   10  317          -   99.00000      -   250  661s
   226   255   99.00000   10   35          -   99.00000      -   635  690s
   262   366   99.00000   11   40          -   99.00000      -   713  724s
   377   556   99.00000   14   50          -   99.00000      -   581  768s
   572   847   99.00000   20   41          -   99.00000      -   449  828s
   880  1456   99.00000   33   36          -   99.00000      -   402  933s
  1538  2545   99.00000   51   38          -   99.00000      -   324 1328s
  1628  2545   99.00000   32  228          -   99.00000      -   326 1330s
  2778  4378   99.00000   81   46          -   99.00000      -   261 3327s
  2858  4378   99.00000   51   79          -   99.00000      -   256 3341s
  2894  4378   99.00000   61  136          -   99.00000      -   258 3347s
  3297  4378   99.00000   49  249          -   99.00000      -   250 3480s
  4317  4378   99.00000   61   28          -   99.00000      -   223 3797s
  4399  4378   99.00000   50   66          -   99.00000      -   225 3812s

Cutting planes:
  Gomory: 22
  Cover: 62
  Implied bound: 307
  MIR: 1060
  StrongCG: 4
  RLT: 1129
  Relax-and-lift: 181

Explored 5069 nodes (1174128 simplex iterations) in 3963.97 seconds (82.27 work units)
Thread count was 32 (of 32 available processors)

Solution count 0

Time limit reached
Best objective -, best bound 9.900000000000e+01, gap -

Unable to retrieve attribute 'X'

