
Gurobi 10.0.3 (linux64, gurobi_cl) logging started Thu Nov  2 11:34:37 2023

Set parameter Username
Set parameter TimeLimit to value 3600
Set parameter LogFile to value "RCPSP_567.log"
Set parameter Threads to value 32
Academic license - for non-commercial use only - expires 2024-10-30
Using license file /home/jrivera6/gurobi-licenses/v1003/compute-0-34/gurobi.lic

Gurobi Optimizer version 10.0.3 build v10.0.3rc0 (linux64)
Copyright (c) 2023, Gurobi Optimization, LLC

Read MPS format model from file RCPSP_567.mps
Reading time = 0.03 seconds
RCPSP_567: 19624 rows, 7750 columns, 68299 nonzeros

CPU model: Intel(R) Xeon(R) Gold 6130 CPU @ 2.10GHz, instruction set [SSE2|AVX|AVX2|AVX512]
Thread count: 32 physical cores, 32 logical processors, using up to 32 threads

Optimize a model with 19624 rows, 7750 columns and 68299 nonzeros
Model fingerprint: 0x494b2992
Variable types: 62 continuous, 7688 integer (7688 binary)
Coefficient statistics:
  Matrix range     [1e+00, 4e+02]
  Objective range  [1e+00, 1e+00]
  Bounds range     [1e+00, 1e+00]
  RHS range        [1e+00, 4e+02]
Presolve removed 6898 rows and 2348 columns
Presolve time: 2.60s
Presolved: 12726 rows, 5402 columns, 46335 nonzeros
Variable types: 61 continuous, 5341 integer (5341 binary)

Root relaxation: objective 7.400000e+01, 1976 iterations, 0.06 seconds (0.03 work units)

    Nodes    |    Current Node    |     Objective Bounds      |     Work
 Expl Unexpl |  Obj  Depth IntInf | Incumbent    BestBd   Gap | It/Node Time

     0     0   74.00000    0  277          -   74.00000      -     -    3s
     0     0   74.00000    0  621          -   74.00000      -     -    7s
     0     0   74.00000    0  600          -   74.00000      -     -    7s
     0     0   74.00000    0  234          -   74.00000      -     -   13s
     0     0   74.00000    0  341          -   74.00000      -     -   15s
     0     0   74.00000    0  407          -   74.00000      -     -   20s
     0     0   74.00000    0  503          -   74.00000      -     -   20s
     0     0   74.00000    0  378          -   74.00000      -     -   26s
     0     0   74.00000    0  462          -   74.00000      -     -   27s
     0     0   74.00000    0  364          -   74.00000      -     -   33s
H    0     0                     351.0000000   74.00000  78.9%     -   34s
     0     0   74.00000    0  192  351.00000   74.00000  78.9%     -   34s
H    0     0                     253.0000000   74.00000  70.8%     -   43s
     0     2   74.00000    0  190  253.00000   74.00000  70.8%     -   46s
     3     8   74.00000    2  366  253.00000   74.00000  70.8%   714   51s
    15    18   74.00000    4  452  253.00000   74.00000  70.8%   689   58s
    27    32   74.00000    5  445  253.00000   74.00000  70.8%   658   63s
H   42    32                     250.0000000   74.00000  70.4%   470   63s
    45    44   74.00000    6  536  250.00000   74.00000  70.4%   484   69s
H   77    71                     208.0000000   74.00000  64.4%   493  111s
H   80    71                     195.0000000   74.00000  62.1%   509  111s
H   86    71                     194.0000000   74.00000  61.9%   494  111s
   141   124   74.00000    9  599  194.00000   74.00000  61.9%   400  116s
   173   169   74.00000   10  407  194.00000   74.00000  61.9%   376  136s
   226   200   74.00000   11  415  194.00000   74.00000  61.9%   390  187s
H  227   200                     183.0000000   74.00000  59.6%   389  187s
H  233   200                     172.0000000   74.00000  57.0%   380  187s
H  255   200                     170.0000000   74.00000  56.5%   353  187s
   319   308   74.00000   14  501  170.00000   74.00000  56.5%   295  192s
   379   335   74.00000   15  496  170.00000   74.00000  56.5%   254  215s
   495   493   74.00000   18  494  170.00000   74.00000  56.5%   204  226s
   586   571   77.00000   20  450  170.00000   74.00000  56.5%   188  231s
   671   667   77.00000   21  433  170.00000   74.00000  56.5%   173  238s
   778   774   77.00000   22  455  170.00000   74.00000  56.5%   158  240s
   903   979   77.00000   23  457  170.00000   74.00000  56.5%   139  247s
  1131  1160   80.00000   27  459  170.00000   74.00000  56.5%   121  253s
H 1335  1186                     155.0000000   74.00000  52.3%   114  299s
H 1373  1216                     153.0000000   74.00000  51.6%   119  456s
H 1377  1216                     150.0000000   74.00000  50.7%   119  456s
H 1386  1216                     145.0000000   74.00000  49.0%   120  456s
H 1407  1247                     131.0000000   74.00000  43.5%   130  671s
H 1408  1247                     129.0000000   74.00000  42.6%   130  671s
H 1411  1247                     127.0000000   74.00000  41.7%   130  671s
H 1419  1247                     126.0000000   74.00000  41.3%   130  671s
H 1420  1247                     122.0000000   74.00000  39.3%   129  671s
  1440  1474   80.00000   31  487  122.00000   74.00000  39.3%   128  692s
  1692  1653   80.00000   33  489  122.00000   74.00000  39.3%   121  708s
  1896  1840   83.00000   40  522  122.00000   74.00000  39.3%   122  730s
  2114  2021   83.00000   41  589  122.00000   74.00000  39.3%   124  737s
  2354  2195   83.00000   42  584  122.00000   74.00000  39.3%   123  746s
H 2581  2195                     118.0000000   74.00000  37.3%   123  856s
  2620  2337   83.00000   44  574  118.00000   74.00000  37.3%   133  875s
  2793  2580   83.00000   45  557  118.00000   74.00000  37.3%   137  891s
  3065  2949   83.00000   46  557  118.00000   74.00000  37.3%   135  901s
  3493  3190   83.00000   49  540  118.00000   74.00000  37.3%   128  917s
  3768  3568   83.00000   51  556  118.00000   74.00000  37.3%   128  940s
  4239  3569   84.00000   42  192  118.00000   74.00000  37.3%   124  987s
  4241  3570   89.00000   81  182  118.00000   74.00000  37.3%   124  990s
  4243  3572   98.00000   43  448  118.00000   74.00000  37.3%   124  995s
  4244  3572   87.00000   16  439  118.00000   74.00000  37.3%   124 1002s
  4245  3573   95.00000    9  673  118.00000   74.00000  37.3%   124 1005s
H 4245  3394                     118.0000000   74.00000  37.3%   124 1013s
  4247  3395   88.00000   57  656  118.00000   74.00000  37.3%   124 1019s
  4248  3396   85.00000   51  528  118.00000   74.00000  37.3%   124 1035s
  4249  3397   93.00000   52  739  118.00000   74.00000  37.3%   124 1041s
  4250  3397  107.00000   71  574  118.00000   74.00000  37.3%   124 1060s
  4252  3399   87.00000   56  466  118.00000   74.00000  37.3%   124 1066s
  4253  3402   74.00000   13  373  118.00000   74.00000  37.3%   141 1089s
  4255  3406   74.00000   14  417  118.00000   74.00000  37.3%   141 1100s
  4259  3412   74.00000   15  433  118.00000   74.00000  37.3%   142 1114s
  4267  3424   74.00000   16  450  118.00000   74.00000  37.3%   143 1124s
  4283  3448   74.00000   17  452  118.00000   74.00000  37.3%   145 1143s
  4313  3470   74.00000   18  437  118.00000   74.00000  37.3%   147 1153s
  4345  3490   74.22472   19  409  118.00000   74.00000  37.3%   148 1242s
H 4353  3317                     116.0000000   74.00000  36.2%   148 1242s
  4377  3341   74.00000   19  520  116.00000   74.00000  36.2%   149 1251s
  4409  3357   79.00000   20  410  116.00000   74.00000  36.2%   149 1327s
H 4416  3193                     115.0000000   74.00000  35.7%   149 1327s
H 4418  3038                     114.0000000   74.00000  35.1%   149 1327s
H 4422  2891                     113.0000000   74.00000  34.5%   149 1328s
  4441  2931   78.00000   20  337  113.00000   74.00000  34.5%   150 1336s
  4489  2969   78.00000   21  335  113.00000   74.00000  34.5%   150 1346s
  4543  2998   78.00000   22  359  113.00000   74.00000  34.5%   150 1357s
  4592  3033   78.00000   23  390  113.00000   74.00000  34.5%   150 1366s
  4646  3075   78.00000   23  367  113.00000   74.00000  34.5%   150 1377s
  4706  3113   78.00000   24  353  113.00000   74.00000  34.5%   149 1387s
  4764  3160   81.00000   25  416  113.00000   74.00000  34.5%   148 1398s
  4830  3199   78.00000   26  372  113.00000   74.00000  34.5%   147 1407s
  4893  3234   78.00000   27  395  113.00000   74.00000  34.5%   146 1416s
  4953  3281   78.00000   28  398  113.00000   74.00000  34.5%   145 1428s
  5020  3542   78.00000   29  426  113.00000   74.00000  34.5%   144 1435s
  5331  3469   85.00000   32  396  113.00000   74.00000  34.5%   137 1452s
  5402  3782   85.00000   33  383  113.00000   74.00000  34.5%   137 1458s
  5774  3679   85.00000   39  372  113.00000   74.00000  34.5%   130 1478s
H 5787  3537                     112.0000000   74.00000  33.9%   130 1478s
H 5800  3401                     111.0000000   74.00000  33.3%   130 1478s
  5827  3446   85.00000   40  372  111.00000   74.00000  33.3%   130 1496s
  5927  3634   85.00000   43  374  111.00000   74.00000  33.3%   129 1501s
  6177  3858   85.00000   48  366  111.00000   74.00000  33.3%   125 1507s
  6570  3705   89.00000   55  342  111.00000   74.00000  33.3%   119 1526s
  6639  4049   85.00000   56  381  111.00000   74.00000  33.3%   119 1533s
  7067  3909   91.00000   63  322  111.00000   74.00000  33.3%   114 1559s
H 7091  3714                     110.0000000   74.00000  32.7%   114 1559s
  7136  3913   91.00000   63  373  110.00000   74.00000  32.7%   114 1566s
  7419  3836   97.00000   69  301  110.00000   74.00000  32.7%   111 1582s
  7474  4024   92.00000   69  351  110.00000   74.00000  32.7%   111 1589s
  7727  3966   97.00000   73  249  110.00000   74.00000  32.7%   109 1604s
  7796  4267 infeasible   73       110.00000   74.00000  32.7%   109 1611s
  8161  4370   97.00000   82  273  110.00000   74.00000  32.7%   106 1620s
H 8374  4180                     110.0000000   74.00000  32.7%   104 1621s
  8486  4155 infeasible   91       110.00000   74.00000  32.7%   103 1640s
  8577  4451   74.00000   20  475  110.00000   74.00000  32.7%   103 1648s
  8966  4357   78.00000   26  577  110.00000   74.00000  32.7%   101 1666s
  9060  4774   78.00000   27  575  110.00000   74.00000  32.7%   101 1675s
  9665  5147   93.00000   40  445  110.00000   74.00000  32.7%  96.4 1691s
H 9855  4824                     109.0000000   74.00000  32.1%  95.1 1691s
H10149  4619                     109.0000000   74.00000  32.1%  93.1 1691s
H10232  4368                     107.0000000   74.00000  30.8%  92.7 1692s
 10475  4327     cutoff   71       107.00000   74.00000  30.8%  91.3 1706s
 10579  4744   74.00000   21  511  107.00000   74.00000  30.8%  92.0 1715s
 11106  4813   76.00000   26  500  107.00000   74.00000  30.8%  90.0 1733s
 11219  5553   76.00000   29  477  107.00000   74.00000  30.8%  90.7 1745s
H12084  6449                     107.0000000   74.00000  30.8%  87.4 1759s
 13303  6486 infeasible  111       107.00000   74.00000  30.8%  82.7 1780s
 13398  7718   80.00000   24  483  107.00000   74.00000  30.8%  83.5 1793s
 14984  7774   74.00000   26  527  107.00000   74.00000  30.8%  77.9 1821s
 15131  8541   78.00000   30  456  107.00000   74.00000  30.8%  78.6 1876s
 16034  8619   85.00000   49  409  107.00000   74.00000  30.8%  75.6 1898s
 16208  9980   85.00000   57  403  107.00000   74.00000  30.8%  76.2 1926s
 17936 10542 infeasible  144       107.00000   74.00000  30.8%  72.3 1946s
 18683 10614   78.00000   24  511  107.00000   74.00000  30.8%  71.6 2030s
 18817 10782   78.00000   28  447  107.00000   74.00000  30.8%  72.2 2056s
H18837 10774                     106.0000000   74.00000  30.2%  72.3 2056s
 19028 10959   78.00000   30  408  106.00000   74.00000  30.2%  72.2 2086s
H19238 10211                     105.0000000   74.00000  29.5%  72.2 2150s
H19270 10241                     105.0000000   74.00000  29.5%  72.2 2393s
H19315  9925                     104.0000000   74.00000  28.8%  72.3 2393s
 19333 10103   83.00000   40  433  104.00000   74.00000  28.8%  72.3 2427s
 19563 10298   98.00000   47  518  104.00000   74.00000  28.8%  72.3 2461s
 19809 10480 infeasible   53       104.00000   74.00000  28.8%  72.3 2494s
H20048 10162                     103.0000000   74.00000  28.2%  72.1 2568s
H20055  9868                     102.0000000   74.00000  27.5%  72.2 2568s
 20085 10002 infeasible   57       102.00000   74.00000  27.5%  72.3 2608s
 20292 10196 infeasible   28       102.00000   74.00000  27.5%  72.5 2645s
 20543 10374   84.00000   36  371  102.00000   74.00000  27.5%  72.4 2685s
 20811 12153   93.00000   45  357  102.00000   74.00000  27.5%  72.5 2710s
 23411 12215   74.00000   26  513  102.00000   74.00000  27.5%  68.3 2782s
H23489 12215                     102.0000000   74.00000  27.5%  68.7 2782s
 23537 12429   82.00000   34  452  102.00000   74.00000  27.5%  68.9 2825s
 23791 14142   87.00000   41  474  102.00000   74.00000  27.5%  69.3 2849s
 26625 14632   84.00000   31  624  102.00000   74.00000  27.5%  66.1 2902s
 27305 14816   79.00000   43  604  102.00000   74.00000  27.5%  66.4 2944s
 27551 16985   79.00000   48  536  102.00000   74.00000  27.5%  67.5 2974s
 30650 17849   86.00000   83  475  102.00000   74.00000  27.5%  65.3 3124s
 31942 19939   90.00000  100  419  102.00000   74.00000  27.5%  66.0 3266s
 35105 23852   76.00000   43  570  102.00000   74.00000  27.5%  63.8 3481s
 41281 24114   80.00000   36  497  102.00000   74.00000  27.5%  60.9 3545s
 41677 25279   92.00000   46  475  102.00000   74.00000  27.5%  61.5 3600s

Cutting planes:
  Gomory: 17
  Cover: 42
  Implied bound: 148
  Clique: 15
  MIR: 90
  StrongCG: 4
  Flow cover: 167
  Zero half: 9
  RLT: 38
  Relax-and-lift: 209

Explored 43377 nodes (2688744 simplex iterations) in 3623.75 seconds (152.78 work units)
Thread count was 32 (of 32 available processors)

Solution count 10: 102 102 103 ... 109

Time limit reached
Best objective 1.019999999897e+02, best bound 7.400000000000e+01, gap 27.4510%

Wrote result file 'RCPSP_567.sol'

