
Gurobi 10.0.3 (linux64, gurobi_cl) logging started Thu Nov  9 11:49:53 2023

Set parameter Username
Set parameter TimeLimit to value 3600
Set parameter LogFile to value "RCPSP_1256.log"
Set parameter Threads to value 32
Academic license - for non-commercial use only - expires 2024-10-30
Using license file /home/jrivera6/gurobi-licenses/v1003/compute-0-34/gurobi.lic

Gurobi Optimizer version 10.0.3 build v10.0.3rc0 (linux64)
Copyright (c) 2023, Gurobi Optimization, LLC

Read MPS format model from file RCPSP_1256.mps
Reading time = 0.08 seconds
RCPSP_1256: 42947 rows, 17020 columns, 159151 nonzeros

CPU model: Intel(R) Xeon(R) Gold 6130 CPU @ 2.10GHz, instruction set [SSE2|AVX|AVX2|AVX512]
Thread count: 32 physical cores, 32 logical processors, using up to 32 threads

Optimize a model with 42947 rows, 17020 columns and 159151 nonzeros
Model fingerprint: 0x41d1f717
Variable types: 92 continuous, 16928 integer (16928 binary)
Coefficient statistics:
  Matrix range     [1e+00, 5e+02]
  Objective range  [1e+00, 1e+00]
  Bounds range     [1e+00, 1e+00]
  RHS range        [1e+00, 5e+02]
Presolve removed 7032 rows and 1201 columns (presolve time = 5s) ...
Presolve removed 7979 rows and 2148 columns
Presolve time: 7.43s
Presolved: 34968 rows, 14872 columns, 135848 nonzeros
Variable types: 91 continuous, 14781 integer (14781 binary)

Deterministic concurrent LP optimizer: primal and dual simplex (primal and dual model)
Showing first log only...

Root relaxation presolved: 34968 rows, 14872 columns, 135848 nonzeros


Root simplex log...

Iteration    Objective       Primal Inf.    Dual Inf.      Time
       0    9.0125767e+01   5.506537e-03   1.744238e+08      9s
    1810    9.0000000e+01   0.000000e+00   0.000000e+00     10s
Concurrent spin time: 1.84s

Solved with dual simplex (dual model)

Root relaxation: objective 9.000000e+01, 17142 iterations, 3.78 seconds (0.14 work units)
Total elapsed time = 16.09s

    Nodes    |    Current Node    |     Objective Bounds      |     Work
 Expl Unexpl |  Obj  Depth IntInf | Incumbent    BestBd   Gap | It/Node Time

     0     0   90.00000    0   64          -   90.00000      -     -   19s
     0     0   90.00000    0  765          -   90.00000      -     -   48s
     0     0   90.00000    0  746          -   90.00000      -     -   49s
     0     0   90.00000    0    2          -   90.00000      -     -   62s
     0     0   90.00000    0    6          -   90.00000      -     -   71s
     0     0   90.00000    0   44          -   90.00000      -     -   73s
H    0     0                      90.0000000   90.00000  0.00%     -   80s
     0     0   90.00000    0    2   90.00000   90.00000  0.00%     -   80s

Cutting planes:
  Gomory: 2
  Implied bound: 50
  MIR: 91
  RLT: 132
  Relax-and-lift: 45
  PSD: 1

Explored 1 nodes (35031 simplex iterations) in 80.98 seconds (7.90 work units)
Thread count was 32 (of 32 available processors)

Solution count 1: 90 

Optimal solution found (tolerance 1.00e-04)
Best objective 9.000000000000e+01, best bound 9.000000000000e+01, gap 0.0000%

Wrote result file 'RCPSP_1256.sol'

