
Gurobi 10.0.3 (linux64, gurobi_cl) logging started Thu Nov  2 11:34:50 2023

Set parameter Username
Set parameter TimeLimit to value 3600
Set parameter LogFile to value "RCPSP_612.log"
Set parameter Threads to value 32
Academic license - for non-commercial use only - expires 2024-10-30
Using license file /home/jrivera6/gurobi-licenses/v1003/compute-0-39/gurobi.lic

Gurobi Optimizer version 10.0.3 build v10.0.3rc0 (linux64)
Copyright (c) 2023, Gurobi Optimization, LLC

Read MPS format model from file RCPSP_612.mps
Reading time = 0.03 seconds
RCPSP_612: 19624 rows, 7750 columns, 71898 nonzeros

CPU model: Intel(R) Xeon(R) Gold 6242 CPU @ 2.80GHz, instruction set [SSE2|AVX|AVX2|AVX512]
Thread count: 32 physical cores, 32 logical processors, using up to 32 threads

Optimize a model with 19624 rows, 7750 columns and 71898 nonzeros
Model fingerprint: 0x0f41ac19
Variable types: 62 continuous, 7688 integer (7688 binary)
Coefficient statistics:
  Matrix range     [1e+00, 3e+02]
  Objective range  [1e+00, 1e+00]
  Bounds range     [1e+00, 1e+00]
  RHS range        [1e+00, 3e+02]
Presolve removed 6958 rows and 2393 columns
Presolve time: 2.24s
Presolved: 12666 rows, 5357 columns, 48742 nonzeros
Variable types: 61 continuous, 5296 integer (5296 binary)

Root relaxation: objective 6.500000e+01, 1784 iterations, 0.04 seconds (0.02 work units)

    Nodes    |    Current Node    |     Objective Bounds      |     Work
 Expl Unexpl |  Obj  Depth IntInf | Incumbent    BestBd   Gap | It/Node Time

     0     0   65.00000    0    4          -   65.00000      -     -    2s
H    0     0                      65.0000000   65.00000  0.00%     -    4s

Cutting planes:
  Learned: 1

Explored 1 nodes (6931 simplex iterations) in 4.59 seconds (2.36 work units)
Thread count was 32 (of 32 available processors)

Solution count 1: 65 

Optimal solution found (tolerance 1.00e-04)
Best objective 6.500000000000e+01, best bound 6.500000000000e+01, gap 0.0000%

Wrote result file 'RCPSP_612.sol'

