
Gurobi 10.0.3 (linux64, gurobi_cl) logging started Thu Nov  2 11:51:01 2023

Set parameter Username
Set parameter TimeLimit to value 3600
Set parameter LogFile to value "RCPSP_941.log"
Set parameter Threads to value 32
Academic license - for non-commercial use only - expires 2024-10-30
Using license file /home/jrivera6/gurobi-licenses/v1003/compute-0-34/gurobi.lic

Gurobi Optimizer version 10.0.3 build v10.0.3rc0 (linux64)
Copyright (c) 2023, Gurobi Optimization, LLC

Read MPS format model from file RCPSP_941.mps
Reading time = 0.04 seconds
RCPSP_941: 19662 rows, 7750 columns, 71936 nonzeros

CPU model: Intel(R) Xeon(R) Gold 6130 CPU @ 2.10GHz, instruction set [SSE2|AVX|AVX2|AVX512]
Thread count: 32 physical cores, 32 logical processors, using up to 32 threads

Optimize a model with 19662 rows, 7750 columns and 71936 nonzeros
Model fingerprint: 0x37dc2306
Variable types: 62 continuous, 7688 integer (7688 binary)
Coefficient statistics:
  Matrix range     [1e+00, 3e+02]
  Objective range  [1e+00, 1e+00]
  Bounds range     [1e+00, 1e+00]
  RHS range        [1e+00, 4e+02]
Presolve removed 9206 rows and 3497 columns
Presolve time: 4.74s
Presolved: 10456 rows, 4253 columns, 39412 nonzeros
Variable types: 61 continuous, 4192 integer (4192 binary)

Root relaxation: objective 7.500000e+01, 1457 iterations, 0.02 seconds (0.01 work units)

    Nodes    |    Current Node    |     Objective Bounds      |     Work
 Expl Unexpl |  Obj  Depth IntInf | Incumbent    BestBd   Gap | It/Node Time

H    0     0                      75.0000000   75.00000  0.00%     -    4s
     0     0   75.00000    0    2   75.00000   75.00000  0.00%     -    4s

Explored 1 nodes (2801 simplex iterations) in 4.97 seconds (3.14 work units)
Thread count was 32 (of 32 available processors)

Solution count 1: 75 

Optimal solution found (tolerance 1.00e-04)
Best objective 7.500000000000e+01, best bound 7.500000000000e+01, gap 0.0000%

Wrote result file 'RCPSP_941.sol'

