
Gurobi 10.0.3 (linux64, gurobi_cl) logging started Fri Nov 10 18:47:36 2023

Set parameter Username
Set parameter TimeLimit to value 3600
Set parameter LogFile to value "RCPSP_1677.log"
Set parameter Threads to value 32
Academic license - for non-commercial use only - expires 2024-11-06
Using license file /home/jrivera6/gurobi-licenses/v1003/compute-0-36/gurobi.lic

Gurobi Optimizer version 10.0.3 build v10.0.3rc0 (linux64)
Copyright (c) 2023, Gurobi Optimization, LLC

Read MPS format model from file RCPSP_1677.mps
Reading time = 0.13 seconds
RCPSP_1677: 75251 rows, 29890 columns, 237025 nonzeros

CPU model: Intel(R) Xeon(R) Gold 6130 CPU @ 2.10GHz, instruction set [SSE2|AVX|AVX2|AVX512]
Thread count: 32 physical cores, 32 logical processors, using up to 32 threads

Optimize a model with 75251 rows, 29890 columns and 237025 nonzeros
Model fingerprint: 0x607654c0
Variable types: 122 continuous, 29768 integer (29768 binary)
Coefficient statistics:
  Matrix range     [1e+00, 7e+02]
  Objective range  [1e+00, 1e+00]
  Bounds range     [1e+00, 1e+00]
  RHS range        [1e+00, 7e+02]
Presolve removed 11163 rows and 1597 columns (presolve time = 5s) ...
Presolve removed 12709 rows and 2490 columns
Presolve time: 9.68s
Presolved: 62542 rows, 27400 columns, 205339 nonzeros
Variable types: 121 continuous, 27279 integer (27279 binary)

Deterministic concurrent LP optimizer: primal and dual simplex (primal and dual model)
Showing first log only...

Root relaxation presolved: 62542 rows, 27400 columns, 205339 nonzeros


Root simplex log...

Iteration    Objective       Primal Inf.    Dual Inf.      Time
       0    1.0901824e+02   7.149033e-03   2.259375e+08     12s
    3812    1.0900000e+02   0.000000e+00   0.000000e+00     13s
Concurrent spin time: 1.82s

Solved with dual simplex (dual model)

Root relaxation: objective 1.090000e+02, 29857 iterations, 4.11 seconds (0.34 work units)
Total elapsed time = 19.76s
Total elapsed time = 20.63s

    Nodes    |    Current Node    |     Objective Bounds      |     Work
 Expl Unexpl |  Obj  Depth IntInf | Incumbent    BestBd   Gap | It/Node Time

     0     0  109.00000    0   18          -  109.00000      -     -   21s
     0     0  109.00000    0 1965          -  109.00000      -     -   64s
     0     0  109.00000    0 1963          -  109.00000      -     -   70s
     0     0  109.00000    0   47          -  109.00000      -     -  105s
     0     0  109.00000    0  148          -  109.00000      -     -  117s
     0     0  109.00000    0   11          -  109.00000      -     -  141s
     0     0  109.00000    0  143          -  109.00000      -     -  164s
     0     0  109.00000    0   12          -  109.00000      -     -  187s
     0     0  109.00000    0   12          -  109.00000      -     -  189s
     0     0  109.00000    0    8          -  109.00000      -     -  201s
     0     0  109.00000    0   24          -  109.00000      -     -  206s
     0     0  109.00000    0    8          -  109.00000      -     -  217s
     0     0  109.00000    0  467          -  109.00000      -     -  222s
H    0     0                     109.0000000  109.00000  0.00%     -  238s
     0     0  109.00000    0    4  109.00000  109.00000  0.00%     -  238s

Cutting planes:
  Cover: 14
  Implied bound: 55
  Clique: 1
  MIR: 1345
  StrongCG: 6
  RLT: 871
  Relax-and-lift: 24

Explored 1 nodes (90148 simplex iterations) in 239.44 seconds (27.51 work units)
Thread count was 32 (of 32 available processors)

Solution count 1: 109 

Optimal solution found (tolerance 1.00e-04)
Best objective 1.090000000000e+02, best bound 1.090000000000e+02, gap 0.0000%

Wrote result file 'RCPSP_1677.sol'

