
Gurobi 10.0.3 (linux64, gurobi_cl) logging started Thu Nov  2 11:33:57 2023

Set parameter Username
Set parameter TimeLimit to value 3600
Set parameter LogFile to value "RCPSP_2.log"
Set parameter Threads to value 32
Academic license - for non-commercial use only - expires 2024-10-30
Using license file /home/jrivera6/gurobi-licenses/v1003/compute-0-34/gurobi.lic

Gurobi Optimizer version 10.0.3 build v10.0.3rc0 (linux64)
Copyright (c) 2023, Gurobi Optimization, LLC

Read MPS format model from file RCPSP_2.mps
Reading time = 0.01 seconds
RCPSP_2: 5329 rows, 2080 columns, 16083 nonzeros

CPU model: Intel(R) Xeon(R) Gold 6130 CPU @ 2.10GHz, instruction set [SSE2|AVX|AVX2|AVX512]
Thread count: 32 physical cores, 32 logical processors, using up to 32 threads

Optimize a model with 5329 rows, 2080 columns and 16083 nonzeros
Model fingerprint: 0x53eda4bf
Variable types: 32 continuous, 2048 integer (2048 binary)
Coefficient statistics:
  Matrix range     [1e+00, 2e+02]
  Objective range  [1e+00, 1e+00]
  Bounds range     [1e+00, 1e+00]
  RHS range        [1e+00, 2e+02]
Presolve removed 2520 rows and 908 columns
Presolve time: 0.14s
Presolved: 2809 rows, 1172 columns, 8761 nonzeros
Variable types: 31 continuous, 1141 integer (1141 binary)

Root relaxation: objective 4.200000e+01, 435 iterations, 0.00 seconds (0.00 work units)

    Nodes    |    Current Node    |     Objective Bounds      |     Work
 Expl Unexpl |  Obj  Depth IntInf | Incumbent    BestBd   Gap | It/Node Time

     0     0   42.00000    0   22          -   42.00000      -     -    0s
H    0     0                      51.0000000   42.00000  17.6%     -    0s
     0     0   42.02290    0  136   51.00000   42.02290  17.6%     -    0s
     0     0   45.00000    0   63   51.00000   45.00000  11.8%     -    0s
H    0     0                      48.0000000   45.00000  6.25%     -    0s
     0     0   45.00000    0   60   48.00000   45.00000  6.25%     -    0s
     0     0   45.00000    0    4   48.00000   45.00000  6.25%     -    7s
H    0     0                      47.0000000   45.00000  4.26%     -    7s
     0     0   45.00000    0    4   47.00000   45.00000  4.26%     -    7s

Explored 1 nodes (2233 simplex iterations) in 7.53 seconds (0.33 work units)
Thread count was 32 (of 32 available processors)

Solution count 3: 47 48 51 

Optimal solution found (tolerance 1.00e-04)
Best objective 4.700000000000e+01, best bound 4.700000000000e+01, gap 0.0000%

Wrote result file 'RCPSP_2.sol'

