
Gurobi 10.0.3 (linux64, gurobi_cl) logging started Thu Nov  2 12:02:19 2023

Set parameter Username
Set parameter TimeLimit to value 3600
Set parameter LogFile to value "RCPSP_995.log"
Set parameter Threads to value 32
Academic license - for non-commercial use only - expires 2024-10-30
Using license file /home/jrivera6/gurobi-licenses/v1003/compute-0-34/gurobi.lic

Gurobi Optimizer version 10.0.3 build v10.0.3rc0 (linux64)
Copyright (c) 2023, Gurobi Optimization, LLC

Read MPS format model from file RCPSP_995.mps
Reading time = 0.06 seconds
RCPSP_995: 42919 rows, 17020 columns, 134553 nonzeros

CPU model: Intel(R) Xeon(R) Gold 6130 CPU @ 2.10GHz, instruction set [SSE2|AVX|AVX2|AVX512]
Thread count: 32 physical cores, 32 logical processors, using up to 32 threads

Optimize a model with 42919 rows, 17020 columns and 134553 nonzeros
Model fingerprint: 0x930bf493
Variable types: 92 continuous, 16928 integer (16928 binary)
Coefficient statistics:
  Matrix range     [1e+00, 5e+02]
  Objective range  [1e+00, 1e+00]
  Bounds range     [1e+00, 1e+00]
  RHS range        [1e+00, 5e+02]
Found heuristic solution: objective 88.0000000
Presolve removed 6780 rows and 1089 columns (presolve time = 5s) ...
Presolve removed 11772 rows and 4141 columns
Presolve time: 6.16s
Presolved: 31147 rows, 12879 columns, 99240 nonzeros
Variable types: 91 continuous, 12788 integer (12788 binary)

Explored 0 nodes (0 simplex iterations) in 6.27 seconds (4.07 work units)
Thread count was 32 (of 32 available processors)

Solution count 1: 88 

Optimal solution found (tolerance 1.00e-04)
Best objective 8.800000000000e+01, best bound 8.800000000000e+01, gap 0.0000%

Wrote result file 'RCPSP_995.sol'

