
Gurobi 10.0.3 (linux64, gurobi_cl) logging started Thu Nov  2 11:36:06 2023

Set parameter Username
Set parameter TimeLimit to value 3600
Set parameter LogFile to value "RCPSP_721.log"
Set parameter Threads to value 32
Academic license - for non-commercial use only - expires 2024-10-30
Using license file /home/jrivera6/gurobi-licenses/v1003/compute-0-35/gurobi.lic

Gurobi Optimizer version 10.0.3 build v10.0.3rc0 (linux64)
Copyright (c) 2023, Gurobi Optimization, LLC

Read MPS format model from file RCPSP_721.mps
Reading time = 0.04 seconds
RCPSP_721: 19643 rows, 7750 columns, 68318 nonzeros

CPU model: Intel(R) Xeon(R) Gold 6130 CPU @ 2.10GHz, instruction set [SSE2|AVX|AVX2|AVX512]
Thread count: 32 physical cores, 32 logical processors, using up to 32 threads

Optimize a model with 19643 rows, 7750 columns and 68318 nonzeros
Model fingerprint: 0x48e52b2e
Variable types: 62 continuous, 7688 integer (7688 binary)
Coefficient statistics:
  Matrix range     [1e+00, 3e+02]
  Objective range  [1e+00, 1e+00]
  Bounds range     [1e+00, 1e+00]
  RHS range        [1e+00, 3e+02]
Presolve removed 10697 rows and 4112 columns
Presolve time: 3.29s
Presolved: 8946 rows, 3638 columns, 31151 nonzeros
Variable types: 61 continuous, 3577 integer (3577 binary)

Root relaxation: objective 7.800000e+01, 1208 iterations, 0.01 seconds (0.01 work units)

    Nodes    |    Current Node    |     Objective Bounds      |     Work
 Expl Unexpl |  Obj  Depth IntInf | Incumbent    BestBd   Gap | It/Node Time

     0     0   78.00000    0   65          -   78.00000      -     -    3s
     0     0   78.01824    0  280          -   78.01824      -     -    5s
     0     0   78.01824    0  225          -   78.01824      -     -    6s
     0     0   78.85891    0  294          -   78.85891      -     -    7s
     0     0   79.72611    0  315          -   79.72611      -     -    8s
     0     0   79.72611    0  346          -   79.72611      -     -    9s
     0     0   80.19458    0  344          -   80.19458      -     -   10s
     0     0   80.45013    0  293          -   80.45013      -     -   10s
     0     0   80.45013    0  299          -   80.45013      -     -   11s
     0     0   81.40873    0  298          -   81.40873      -     -   11s
     0     0   81.98307    0  314          -   81.98307      -     -   12s
     0     0   81.98307    0  283          -   81.98307      -     -   12s
     0     0   82.12447    0  331          -   82.12447      -     -   13s
     0     0   82.12447    0  358          -   82.12447      -     -   14s
     0     0   82.12447    0  311          -   82.12447      -     -   15s
     0     0   82.12447    0  274          -   82.12447      -     -   15s
     0     0   82.12447    0  173          -   82.12447      -     -   17s
     0     0   82.12447    0  238          -   82.12447      -     -   18s
     0     0   82.61283    0  147          -   82.61283      -     -   20s
     0     0   82.61283    0  248          -   82.61283      -     -   20s
     0     0   82.74374    0  262          -   82.74374      -     -   20s
     0     0   83.08868    0  264          -   83.08868      -     -   21s
     0     0   83.08868    0  260          -   83.08868      -     -   21s
     0     0   83.08868    0  335          -   83.08868      -     -   21s
     0     0   83.08868    0  300          -   83.08868      -     -   30s
     0     0   83.08871    0  357          -   83.08871      -     -   31s
     0     0   83.08871    0  307          -   83.08871      -     -   31s
     0     0   83.08992    0  303          -   83.08992      -     -   32s
     0     0   83.08992    0   96          -   83.08992      -     -   34s
     0     2   83.08992    0   87          -   83.08992      -     -   39s
     1     4   85.72611    1   72          -   83.09755      -  1537   40s
    31    59   85.72611    5  314          -   85.00000      -   264   45s
   126   148   87.00000    8  335          -   85.72611      -   289   50s
   294   335   89.36145   11  335          -   85.72611      -   176   55s
   725   767   90.66667   26  295          -   85.72611      -  88.4   61s
  1098  1103 infeasible   40               -   85.72959      -  76.0   65s
  1613  1553   93.00000   12  279          -   85.72959      -  63.9   71s
  1991  1908   94.00000   18  259          -   85.72959      -  57.0   75s
  2633  2358   94.00000   36  258          -   85.72959      -  49.5   80s
  3375  2763   94.72611   14   96          -   85.76162      -  43.9  104s
  3376  2764   99.39506   15   96          -   85.76162      -  43.9  106s
  3377  2764  107.00000   72   56          -   85.76162      -  43.9  125s
  3381  2767  100.00000   56   56          -   85.92823      -  43.8  133s
  3383  2768   96.00000   57  100          -   86.09064      -  43.8  139s
  3386  2770  102.00000   20  276          -   87.00000      -  43.8  140s
  3390  2773   91.00000   35  280          -   87.00660      -  43.7  145s
  3395  2776   94.00000    7  124          -   87.02489      -  43.6  152s
  3396  2780   87.29417   10  147          -   87.08258      -  10.5  168s
  3398  2783   89.39791   11  117          -   87.08258      -  10.7  171s
  3410  2802   97.00000   13  111          -   87.11318      -  11.1  177s
  3426  2826   97.00000   14  111          -   88.00000      -  11.4  182s
  3489  2869   97.00000   16  111          -   90.81481      -  12.1  186s
H 3553  2770                     292.0000000   90.81481  68.9%  12.4  208s
H 3585  2655                     141.0000000   90.81481  35.6%  12.5  243s
H 3586  2530                     139.0000000   90.81481  34.7%  12.5  243s
H 3587  2409                     138.0000000   90.81481  34.2%  12.5  243s
H 3591  2295                     136.0000000   90.81481  33.2%  12.6  243s
  3617  2323   97.00000   18  113  136.00000   90.81481  33.2%  12.7  247s
H 3658  2234                     132.0000000   90.81481  31.2%  13.1  271s
H 3660  2131                     131.0000000   90.81481  30.7%  13.1  271s
H 3661  2034                     129.0000000   90.81481  29.6%  13.1  271s
H 3664  1940                     128.0000000   90.81481  29.1%  13.1  271s
H 3673  1850                     123.0000000   90.81481  26.2%  13.1  271s
H 3678  1764                     122.0000000   90.81481  25.6%  13.1  271s
  3690  1805  104.00000   19  104  122.00000   90.81481  25.6%  13.2  276s
  3801  1888  101.00000   21  116  122.00000   90.81481  25.6%  13.4  282s
  3859  1930   97.00000   22  147  122.00000   90.81481  25.6%  13.5  286s
  3921  1970   99.00000   22  117  122.00000   90.81481  25.6%  13.5  290s
  4053  2059   97.00000   25  131  122.00000   90.81481  25.6%  13.6  298s
  4130  2157  104.00000   26  122  122.00000   90.81481  25.6%  13.6  304s
  4258  2279   97.00000   29  133  122.00000   90.81481  25.6%  13.6  305s
  4814  2375   99.00000   35  157  122.00000   90.81481  25.6%  14.1  316s
  4866  2389 infeasible   35       122.00000   90.81481  25.6%  14.9  321s
  4923  2404  104.00000   37  101  122.00000   90.81481  25.6%  15.6  326s
  4987  2446  103.00000   38   96  122.00000   90.81481  25.6%  15.9  330s
  5371  2579  103.00000   46  138  122.00000   90.81481  25.6%  15.9  338s
  5440  2609  103.00000   47  130  122.00000   90.81481  25.6%  16.7  343s
  5514  2911  103.00000   48  130  122.00000   90.81481  25.6%  17.0  346s
  5897  3063  104.00000   55  122  122.00000   90.81481  25.6%  16.8  350s
  6291  3073   92.00000   19  279  122.00000   90.81481  25.6%  16.9  359s
  6552  2975   92.00000   20  276  122.00000   90.81481  25.6%  17.9  366s
  6629  2987   92.00000   22  221  122.00000   90.81481  25.6%  18.9  371s
  7081  3489   99.00000   27  183  122.00000   90.81481  25.6%  19.4  378s
  7588  3322  107.00000   49  132  122.00000   90.81481  25.6%  19.2  385s
  8145  3508  119.00000   77  138  122.00000   90.81481  25.6%  19.8  398s
  8222  3975  119.00000   79  121  122.00000   90.81481  25.6%  20.6  401s
  8812  3978 infeasible  103       122.00000   90.89286  25.5%  20.4  407s
  8899  4426   91.00000   17  273  122.00000   90.93004  25.5%  20.8  415s
  9472  4465   95.00000   23  208  122.00000   90.93004  25.5%  20.9  422s
  9591  4738   95.00000   25  207  122.00000   90.93004  25.5%  21.3  425s
  9904  5295   96.00000   31  222  122.00000   90.93004  25.5%  21.3  431s
 10660  5281 infeasible   45       122.00000   90.93004  25.5%  21.5  439s
 10758  5967  119.00000   45  176  122.00000   90.93004  25.5%  22.6  446s
 11691  5969 infeasible  103       122.00000   90.93004  25.5%  22.5  455s
 11787  6587  102.00000   33  201  122.00000   90.93004  25.5%  23.7  465s
 12566  6624   98.93004   33  180  122.00000   90.93004  25.5%  24.2  476s
 12663  7226  105.00000   38  149  122.00000   90.93004  25.5%  25.0  483s
 13471  7241 infeasible   65       122.00000   90.93004  25.5%  24.7  493s
 13577  8037  113.00000   61  148  122.00000   90.93004  25.5%  25.4  499s
 14766  8043 infeasible  127       122.00000   90.93004  25.5%  24.8  509s
*14917  7564             180     121.0000000   90.93004  24.9%  25.6  509s
 14938  8331   98.00000   37  290  121.00000   90.93004  24.9%  25.6  516s
 15961  8351  110.00000   77  205  121.00000   90.93004  24.9%  25.7  528s
 16049  9271  111.00000   80  203  121.00000   90.93004  24.9%  26.6  536s
 17247  9315  105.00000   32  164  121.00000   90.93004  24.9%  26.5  546s
 17379 10383  105.00000   33  186  121.00000   90.93004  24.9%  27.3  555s
*17538  9535             196     119.0000000   90.93004  23.6%  27.2  555s
 18815  9397   93.93004   26  174  119.00000   90.93004  23.6%  27.0  567s
 18941 10514   90.93004   27  166  119.00000   90.93004  23.6%  27.7  577s
 20479 10527   90.93004   21  252  119.00000   90.93004  23.6%  27.4  585s
 20616 11464   91.00000   26  187  119.00000   90.93004  23.6%  28.0  593s
 22051 11517   91.00000   25  296  119.00000   90.93004  23.6%  28.1  606s
 22200 11895  100.00000   28  267  119.00000   90.93004  23.6%  28.8  616s
 22764 11975  107.00000   42  217  119.00000   90.93004  23.6%  28.7  628s
 22938 13089  107.00000   47  224  119.00000   90.93004  23.6%  29.4  639s
 24616 13179  103.00000   33  260  119.00000   90.93004  23.6%  29.3  657s
 24794 14533  107.00000   39  233  119.00000   90.93004  23.6%  30.0  670s
 27140 15553  113.00000   60  178  119.00000   90.93004  23.6%  29.7  683s
 29009 15789  101.00000   29  230  119.00000   90.93004  23.6%  30.1  748s
 29357 19973  111.00000   35  178  119.00000   90.93004  23.6%  31.0  809s
 32256 19973  110.00000   44  217  119.00000   90.93004  23.6%  30.4  810s
 36493 20111 infeasible   96       119.00000   90.93004  23.6%  30.8  830s
 36789 20288  110.00000   60  183  119.00000   90.93004  23.6%  31.7  855s
H36801 19348                     118.0000000   90.93004  22.9%  31.7  855s
H36834 18050                     116.0000000   90.93004  21.6%  31.7  855s
 37030 19263     cutoff   71       116.00000   90.93004  21.6%  31.9  877s
 39607 19255 infeasible   55       116.00000   90.93004  21.6%  32.6  959s
H39608 15877                     112.0000000   90.93004  18.8%  32.6  959s
 39712 15946  109.00000   58  157  112.00000   90.93004  18.8%  33.2  987s
 39990 16108  109.00000   51  147  112.00000   90.93004  18.8%  34.2 1014s
 40326 16233 infeasible   71       112.00000   90.93004  18.8%  35.0 1043s
 40680 17587   93.00000   31  315  112.00000   90.93004  18.8%  35.9 1069s
 43603 17698 infeasible   48       112.00000   90.93004  18.8%  36.6 1106s
 43911 19409  101.00000   27  242  112.00000   90.93004  18.8%  37.8 1137s
 47421 19587   94.00000   27  212  112.00000   90.93004  18.8%  38.1 1170s
 47789 20908  110.00000   42  151  112.00000   90.93004  18.8%  38.9 1200s
 50374 21048 infeasible   33       112.00000   90.93004  18.8%  39.5 1242s
 50762 23320  101.00000   35  179  112.00000   90.93004  18.8%  40.7 1278s
 55863 23377 infeasible   34       112.00000   90.93004  18.8%  40.6 1316s
 56112 23583  103.00000   36  242  112.00000   90.93004  18.8%  41.2 1357s
 56655 25504   98.00000   35  244  112.00000   90.93004  18.8%  42.0 1393s
 59453 25504  108.00000   38  281  112.00000   90.93004  18.8%  42.3 1395s
 60927 25505  109.00000   65   96  112.00000   90.93004  18.8%  42.5 1441s
 60930 25507   92.93004   36  157  112.00000   90.93004  18.8%  42.5 1445s
 60934 25510  108.00000   55  158  112.00000   90.93004  18.8%  42.5 1450s
 60938 25512   94.00000   32  271  112.00000   90.93004  18.8%  42.5 1455s
 60939 25513  103.00000   41  120  112.00000   90.93004  18.8%  42.5 1482s
 60941 25514   97.20000   31  131  112.00000   90.93004  18.8%  42.5 1488s
 60944 25516  100.00000   44  195  112.00000   90.93004  18.8%  42.5 1490s
 60947 25518   97.00000   35  116  112.00000   90.93004  18.8%  42.5 1497s
 60949 25520   91.75000   35  132  112.00000   90.93004  18.8%  42.5 1501s
 60952 25522   91.00000   59  219  112.00000   90.93004  18.8%  42.5 1506s
 60954 25523  105.00000   38  245  112.00000   90.93004  18.8%  42.5 1510s
 60958 25526  110.00000   76  207  112.00000   90.93004  18.8%  42.5 1517s
 60959 25526  106.00000   42  151  112.00000   90.93004  18.8%  42.5 1521s
 60961 25528   96.00000   44  134  112.00000   90.93004  18.8%  42.5 1525s
 60965 25530   96.00000   38   76  112.00000   90.93004  18.8%  42.5 1530s
 60968 25532  106.00000   66  204  112.00000   90.93004  18.8%  42.5 1535s
 60969 25533  111.00000   52  130  112.00000   90.93004  18.8%  42.5 1540s
 60973 25536  108.00000   58  260  112.00000   90.93004  18.8%  42.5 1545s
 60974 25536   94.00000   32  155  112.00000   90.93004  18.8%  42.5 1551s
 60978 25539  109.00000   43  147  112.00000   90.93004  18.8%  42.4 1560s
 60980 25540  106.00000   46   72  112.00000   90.93004  18.8%  42.4 1565s
 60981 25544   90.93004   20  133  112.00000   90.93004  18.8%  44.0 1665s
 60983 25547   90.93004   21  131  112.00000   90.93004  18.8%  44.0 1887s
 60987 25554   90.93004   22  136  112.00000   90.93004  18.8%  44.0 2162s
 60995 25567   90.93004   23  133  112.00000   90.93004  18.8%  44.0 2268s
 61011 25594   90.93004   24  152  112.00000   90.93004  18.8%  44.0 2530s
 61043 25613   90.93004   25  140  112.00000   90.93004  18.8%  44.0 2562s
 61075 25633   96.00000   25  196  112.00000   90.93004  18.8%  44.0 2592s
 61107 25654   92.00000   26  170  112.00000   90.93004  18.8%  44.1 2601s
 61139 25669   94.00000   26  184  112.00000   90.93004  18.8%  44.1 2625s
 61171 25689   92.00000   27  171  112.00000   90.93004  18.8%  44.1 2705s
 61203 25712   98.00000   27  182  112.00000   90.93004  18.8%  44.1 2712s
 61237 25736   92.00000   28  176  112.00000   90.93004  18.8%  44.1 2724s
 61272 25758   96.00000   28  161  112.00000   90.93004  18.8%  44.1 2730s
 61310 25776   92.00000   29  181  112.00000   90.93004  18.8%  44.1 3606s

Cutting planes:
  Gomory: 4
  Cover: 27
  Implied bound: 4
  Clique: 9
  MIR: 25
  StrongCG: 6
  Flow cover: 50
  Inf proof: 2
  Zero half: 1
  RLT: 2
  Relax-and-lift: 13

Explored 61343 nodes (2876387 simplex iterations) in 3652.83 seconds (86.10 work units)
Thread count was 32 (of 32 available processors)

Solution count 10: 112 116 118 ... 131

Time limit reached
Best objective 1.120000000000e+02, best bound 9.093004115226e+01, gap 18.8125%

Wrote result file 'RCPSP_721.sol'

