
Gurobi 10.0.3 (linux64, gurobi_cl) logging started Thu Nov  2 11:51:55 2023

Set parameter Username
Set parameter TimeLimit to value 3600
Set parameter LogFile to value "RCPSP_945.log"
Set parameter Threads to value 32
Academic license - for non-commercial use only - expires 2024-10-30
Using license file /home/jrivera6/gurobi-licenses/v1003/compute-0-34/gurobi.lic

Gurobi Optimizer version 10.0.3 build v10.0.3rc0 (linux64)
Copyright (c) 2023, Gurobi Optimization, LLC

Read MPS format model from file RCPSP_945.mps
Reading time = 0.04 seconds
RCPSP_945: 19662 rows, 7750 columns, 71936 nonzeros

CPU model: Intel(R) Xeon(R) Gold 6130 CPU @ 2.10GHz, instruction set [SSE2|AVX|AVX2|AVX512]
Thread count: 32 physical cores, 32 logical processors, using up to 32 threads

Optimize a model with 19662 rows, 7750 columns and 71936 nonzeros
Model fingerprint: 0xbbe7df4b
Variable types: 62 continuous, 7688 integer (7688 binary)
Coefficient statistics:
  Matrix range     [1e+00, 3e+02]
  Objective range  [1e+00, 1e+00]
  Bounds range     [1e+00, 1e+00]
  RHS range        [1e+00, 3e+02]
Presolve removed 3972 rows and 881 columns (presolve time = 5s) ...
Presolve removed 10147 rows and 3964 columns
Presolve time: 5.59s
Presolved: 9515 rows, 3786 columns, 35341 nonzeros
Variable types: 61 continuous, 3725 integer (3725 binary)

Root simplex log...

Iteration    Objective       Primal Inf.    Dual Inf.      Time
       0    8.7000000e+01   1.796800e+04   0.000000e+00      6s
    1230    8.7000000e+01   0.000000e+00   0.000000e+00      6s

Root relaxation: objective 8.700000e+01, 1230 iterations, 0.02 seconds (0.01 work units)

    Nodes    |    Current Node    |     Objective Bounds      |     Work
 Expl Unexpl |  Obj  Depth IntInf | Incumbent    BestBd   Gap | It/Node Time

     0     0   87.00000    0   10          -   87.00000      -     -    6s
     0     0   87.00000    0   72          -   87.00000      -     -    9s
H    0     0                      87.0000000   87.00000  0.00%     -    9s
     0     0   87.00000    0    2   87.00000   87.00000  0.00%     -    9s

Cutting planes:
  Gomory: 17
  Cover: 3
  Implied bound: 20
  MIR: 45
  StrongCG: 1
  RLT: 89
  Relax-and-lift: 33

Explored 1 nodes (6903 simplex iterations) in 9.80 seconds (4.20 work units)
Thread count was 32 (of 32 available processors)

Solution count 1: 87 

Optimal solution found (tolerance 1.00e-04)
Best objective 8.700000000000e+01, best bound 8.700000000000e+01, gap 0.0000%

Wrote result file 'RCPSP_945.sol'

