
Gurobi 10.0.3 (linux64, gurobi_cl) logging started Thu Nov  9 11:40:47 2023

Set parameter Username
Set parameter TimeLimit to value 3600
Set parameter LogFile to value "RCPSP_94.log"
Set parameter Threads to value 32
Academic license - for non-commercial use only - expires 2024-10-30
Using license file /home/jrivera6/gurobi-licenses/v1003/compute-0-34/gurobi.lic

Gurobi Optimizer version 10.0.3 build v10.0.3rc0 (linux64)
Copyright (c) 2023, Gurobi Optimization, LLC

Read MPS format model from file RCPSP_94.mps
Reading time = 0.01 seconds
RCPSP_94: 5329 rows, 2080 columns, 17974 nonzeros

CPU model: Intel(R) Xeon(R) Gold 6130 CPU @ 2.10GHz, instruction set [SSE2|AVX|AVX2|AVX512]
Thread count: 32 physical cores, 32 logical processors, using up to 32 threads

Optimize a model with 5329 rows, 2080 columns and 17974 nonzeros
Model fingerprint: 0xe597b857
Variable types: 32 continuous, 2048 integer (2048 binary)
Coefficient statistics:
  Matrix range     [1e+00, 2e+02]
  Objective range  [1e+00, 1e+00]
  Bounds range     [1e+00, 1e+00]
  RHS range        [1e+00, 2e+02]
Presolve removed 2549 rows and 948 columns
Presolve time: 0.23s
Presolved: 2780 rows, 1132 columns, 9736 nonzeros
Variable types: 31 continuous, 1101 integer (1101 binary)

Root relaxation: objective 5.300000e+01, 394 iterations, 0.00 seconds (0.00 work units)

    Nodes    |    Current Node    |     Objective Bounds      |     Work
 Expl Unexpl |  Obj  Depth IntInf | Incumbent    BestBd   Gap | It/Node Time

     0     0   53.00000    0    4          -   53.00000      -     -    0s
H    0     0                      55.0000000   53.00000  3.64%     -    0s
     0     0   53.00000    0   10   55.00000   53.00000  3.64%     -    0s
     0     0   53.00000    0   14   55.00000   53.00000  3.64%     -    3s
H    0     0                      54.0000000   53.00000  1.85%     -    4s
     0     0   54.00000    0   58   54.00000   54.00000  0.00%     -    4s

Cutting planes:
  Gomory: 6
  Cover: 5
  Implied bound: 1
  Clique: 4
  MIR: 8
  RLT: 5
  Relax-and-lift: 6

Explored 1 nodes (2336 simplex iterations) in 4.87 seconds (0.32 work units)
Thread count was 32 (of 32 available processors)

Solution count 2: 54 55 

Optimal solution found (tolerance 1.00e-04)
Best objective 5.400000000000e+01, best bound 5.400000000000e+01, gap 0.0000%

Wrote result file 'RCPSP_94.sol'

