
Gurobi 10.0.3 (linux64, gurobi_cl) logging started Fri Nov 10 22:23:23 2023

Set parameter Username
Set parameter TimeLimit to value 3600
Set parameter LogFile to value "RCPSP_2005.log"
Set parameter Threads to value 32
Academic license - for non-commercial use only - expires 2024-11-06
Using license file /home/jrivera6/gurobi-licenses/v1003/compute-0-36/gurobi.lic

Gurobi Optimizer version 10.0.3 build v10.0.3rc0 (linux64)
Copyright (c) 2023, Gurobi Optimization, LLC

Read MPS format model from file RCPSP_2005.mps
Reading time = 0.13 seconds
RCPSP_2005: 75288 rows, 29890 columns, 280622 nonzeros

CPU model: Intel(R) Xeon(R) Gold 6130 CPU @ 2.10GHz, instruction set [SSE2|AVX|AVX2|AVX512]
Thread count: 32 physical cores, 32 logical processors, using up to 32 threads

Optimize a model with 75288 rows, 29890 columns and 280622 nonzeros
Model fingerprint: 0x1e1f134e
Variable types: 122 continuous, 29768 integer (29768 binary)
Coefficient statistics:
  Matrix range     [1e+00, 7e+02]
  Objective range  [1e+00, 1e+00]
  Bounds range     [1e+00, 1e+00]
  RHS range        [1e+00, 7e+02]
Presolve removed 11496 rows and 1745 columns (presolve time = 5s) ...
Presolve removed 11496 rows and 1745 columns (presolve time = 10s) ...
Presolve removed 15123 rows and 3238 columns
Presolve time: 14.98s
Presolved: 60165 rows, 26652 columns, 236724 nonzeros
Variable types: 121 continuous, 26531 integer (26531 binary)

Deterministic concurrent LP optimizer: primal and dual simplex (primal and dual model)
Showing first log only...

Root relaxation presolved: 60165 rows, 26652 columns, 236724 nonzeros


Root simplex log...

Iteration    Objective       Primal Inf.    Dual Inf.      Time
       0    9.7548645e+01   1.056505e-02   3.291133e+08     17s
    3530    9.6000000e+01   0.000000e+00   0.000000e+00     19s
Concurrent spin time: 1.17s

Solved with dual simplex (primal model)

Root relaxation: objective 9.600000e+01, 9532 iterations, 4.17 seconds (0.46 work units)
Total elapsed time = 25.59s

    Nodes    |    Current Node    |     Objective Bounds      |     Work
 Expl Unexpl |  Obj  Depth IntInf | Incumbent    BestBd   Gap | It/Node Time

     0     0   96.00000    0 1252          -   96.00000      -     -   34s
     0     0   96.00000    0 1243          -   96.00000      -     -   35s
     0     0   96.00000    0 1961          -   96.00000      -     -  217s
     0     0   96.00000    0 2032          -   96.00000      -     -  229s
     0     0   96.00000    0 2002          -   96.00000      -     -  236s
     0     0   96.00000    0 1893          -   96.00000      -     -  236s
     0     0   96.01486    0 2205          -   96.01486      -     -  240s
     0     0   96.01486    0 1263          -   96.01486      -     -  313s
     0     0   96.01486    0 1261          -   96.01486      -     -  322s
     0     0   96.01486    0 1456          -   96.01486      -     -  327s
     0     0   96.01486    0 1906          -   96.01486      -     -  381s
     0     0   96.01486    0 1904          -   96.01486      -     -  382s
     0     0   96.01486    0 2239          -   96.01486      -     -  515s
     0     0   96.01486    0 2099          -   96.01486      -     -  522s
     0     0   96.01486    0 2115          -   96.01486      -     -  533s
     0     0   96.01486    0 2082          -   96.01486      -     -  544s
     0     0   96.01486    0 1946          -   96.01486      -     -  548s
     0     0   97.00000    0 1710          -   97.00000      -     -  598s
     0     0   97.00000    0 1699          -   97.00000      -     -  599s
     0     0   97.00000    0 2016          -   97.00000      -     -  611s
     0     0   97.00000    0 2005          -   97.00000      -     -  612s
     0     0   97.04105    0 2123          -   97.04105      -     -  629s
     0     0   97.04105    0 2024          -   97.04105      -     -  631s
     0     0   97.13606    0 2275          -   97.13606      -     -  650s
     0     0   97.13606    0 2167          -   97.13606      -     -  657s
     0     0   97.13606    0 2157          -   97.13606      -     -  657s
     0     0   97.13606    0 2147          -   97.13606      -     -  658s
     0     0   97.14612    0 2211          -   97.14612      -     -  664s
     0     0   97.14612    0 2208          -   97.14612      -     -  666s
     0     0   97.14612    0 2192          -   97.14612      -     -  675s
     0     0   97.14612    0 2114          -   97.14612      -     -  678s
     0     0   97.14612    0 2087          -   97.14612      -     -  678s
     0     0   97.65880    0 2080          -   97.65880      -     -  691s
     0     0   97.65880    0 2079          -   97.65880      -     -  691s
     0     0   97.65880    0 2183          -   97.65880      -     -  702s
     0     0   97.65880    0 2048          -   97.65880      -     -  710s
     0     0   97.65880    0 1995          -   97.65880      -     -  713s
     0     0   97.65880    0 2122          -   97.65880      -     -  730s
     0     0   97.65880    0 2120          -   97.65880      -     -  731s
     0     0   97.67575    0 2157          -   97.67575      -     -  743s
     0     0   97.67575    0 2181          -   97.67575      -     -  746s
     0     0   97.67575    0 2177          -   97.67575      -     -  746s
     0     0   97.67575    0 2291          -   97.67575      -     -  764s
     0     0   97.67575    0 2188          -   97.67575      -     -  770s
     0     0   97.67575    0 2122          -   97.67575      -     -  771s
     0     0   97.67575    0 1028          -   97.67575      -     -  842s
     0     0   97.67575    0 1907          -   97.67575      -     -  956s
     0     0   97.67575    0 1775          -   97.67575      -     -  961s
     0     0   97.67575    0 1757          -   97.67575      -     -  963s
     0     0   97.67575    0 1861          -   97.67575      -     -  981s
     0     0   97.67575    0 1855          -   97.67575      -     -  982s
     0     0   97.67575    0 1854          -   97.67575      -     -  983s
     0     0   97.67575    0 1828          -   97.67575      -     -  983s
     0     0   97.68784    0 2066          -   97.68784      -     -  997s
     0     0   97.68784    0 2073          -   97.68784      -     - 1006s
     0     0   97.68784    0 1970          -   97.68784      -     - 1011s
     0     0   97.68784    0 1962          -   97.68784      -     - 1011s
     0     0   97.68784    0 2093          -   97.68784      -     - 1037s
     0     0   97.68784    0 2083          -   97.68784      -     - 1037s
     0     0   97.68784    0 1589          -   97.68784      -     - 1072s
     0     0   97.68784    0 1816          -   97.68784      -     - 1076s
     0     0   97.68784    0 1805          -   97.68784      -     - 1077s
     0     0   97.68784    0 1955          -   97.68784      -     - 1088s
     0     0   97.68784    0 1953          -   97.68784      -     - 1089s
     0     0   97.68784    0 1882          -   97.68784      -     - 1108s
     0     0   97.68784    0 1877          -   97.68784      -     - 1109s
     0     0   97.69923    0 2056          -   97.69923      -     - 1125s
     0     0   97.69923    0 2048          -   97.69923      -     - 1125s
     0     0   97.69979    0 2119          -   97.69979      -     - 1135s
     0     0   97.69979    0 2115          -   97.69979      -     - 1135s
     0     0   97.69979    0 2136          -   97.69979      -     - 1145s
     0     0   97.69979    0 2163          -   97.69979      -     - 1148s
     0     0   97.74700    0 1524          -   97.74700      -     - 1189s
     0     0   97.74700    0 1459          -   97.74700      -     - 1190s
     0     0   97.74851    0 1742          -   97.74851      -     - 1218s
     0     0   97.74851    0 1886          -   97.74851      -     - 1232s
     0     0   97.74851    0 1875          -   97.74851      -     - 1233s
     0     0   97.74851    0 1873          -   97.74851      -     - 1233s
     0     0   97.74851    0 2000          -   97.74851      -     - 1257s
     0     0   97.74851    0 1985          -   97.74851      -     - 1257s
     0     0   97.74851    0 2080          -   97.74851      -     - 1282s
     0     0   97.74851    0 2037          -   97.74851      -     - 1283s
     0     0   97.74851    0 2047          -   97.74851      -     - 1403s
     0     0   97.74851    0 2004          -   97.74851      -     - 1403s
     0     0   97.74851    0 1407          -   97.74851      -     - 1896s
     0     2   99.00000    0 1284          -   99.00000      -     - 2320s
     1     5   99.00000    1 1281          -   99.00000      -  5711 3678s

Cutting planes:
  Cover: 34
  Clique: 3
  MIR: 63
  StrongCG: 4
  RLT: 25
  Relax-and-lift: 74

Explored 3 nodes (274251 simplex iterations) in 3684.39 seconds (142.95 work units)
Thread count was 32 (of 32 available processors)

Solution count 0

Time limit reached
Best objective -, best bound 9.900000000000e+01, gap -

Unable to retrieve attribute 'X'

