
Gurobi 10.0.3 (linux64, gurobi_cl) logging started Fri Nov 10 20:46:45 2023

Set parameter Username
Set parameter TimeLimit to value 3600
Set parameter LogFile to value "RCPSP_1894.log"
Set parameter Threads to value 32
Academic license - for non-commercial use only - expires 2024-10-30
Using license file /home/jrivera6/gurobi-licenses/v1003/compute-0-34/gurobi.lic

Gurobi Optimizer version 10.0.3 build v10.0.3rc0 (linux64)
Copyright (c) 2023, Gurobi Optimization, LLC

Read MPS format model from file RCPSP_1894.mps
Reading time = 0.13 seconds
RCPSP_1894: 75288 rows, 29890 columns, 251703 nonzeros

CPU model: Intel(R) Xeon(R) Gold 6130 CPU @ 2.10GHz, instruction set [SSE2|AVX|AVX2|AVX512]
Thread count: 32 physical cores, 32 logical processors, using up to 32 threads

Optimize a model with 75288 rows, 29890 columns and 251703 nonzeros
Model fingerprint: 0xdf6fb61a
Variable types: 122 continuous, 29768 integer (29768 binary)
Coefficient statistics:
  Matrix range     [1e+00, 6e+02]
  Objective range  [1e+00, 1e+00]
  Bounds range     [1e+00, 1e+00]
  RHS range        [1e+00, 7e+02]
Presolve removed 19357 rows and 5114 columns (presolve time = 5s) ...
Presolve removed 19357 rows and 5114 columns (presolve time = 10s) ...
Presolve removed 23437 rows and 6424 columns
Presolve time: 13.74s
Presolved: 51851 rows, 23466 columns, 178706 nonzeros
Variable types: 121 continuous, 23345 integer (23345 binary)

Deterministic concurrent LP optimizer: primal and dual simplex (primal and dual model)
Showing first log only...

Root relaxation presolved: 51845 rows, 23472 columns, 178694 nonzeros


Root simplex log...

Iteration    Objective       Primal Inf.    Dual Inf.      Time
       0    9.0423794e+01   7.951768e-03   1.715859e+08     15s
    2935    9.0000000e+01   0.000000e+00   0.000000e+00     16s
    2935    9.0000000e+01   0.000000e+00   0.000000e+00     16s
Concurrent spin time: 1.32s

Solved with dual simplex (primal model)

Root relaxation: objective 9.000000e+01, 7456 iterations, 3.16 seconds (0.27 work units)
Total elapsed time = 23.28s
Total elapsed time = 25.59s

    Nodes    |    Current Node    |     Objective Bounds      |     Work
 Expl Unexpl |  Obj  Depth IntInf | Incumbent    BestBd   Gap | It/Node Time

     0     0   90.00000    0  634          -   90.00000      -     -   32s
     0     0   90.00000    0  653          -   90.00000      -     -   32s
     0     0   91.92308    0 1562          -   91.92308      -     -   73s
     0     0   91.92308    0 1520          -   91.92308      -     -   74s
     0     0   91.92308    0 1694          -   91.92308      -     -   85s
     0     0   91.92308    0 1491          -   91.92308      -     -   87s
     0     0   91.92308    0 1480          -   91.92308      -     -   89s
     0     0   91.92308    0 1474          -   91.92308      -     -   89s
     0     0   95.00000    0 1531          -   95.00000      -     -   99s
     0     0   95.00000    0 1507          -   95.00000      -     -  105s
     0     0   95.00000    0 1493          -   95.00000      -     -  106s
     0     0   98.62773    0 1328          -   98.62773      -     -  133s
     0     0   98.62773    0 1192          -   98.62773      -     -  136s
     0     0   98.62773    0 1188          -   98.62773      -     -  137s
     0     0   98.93803    0 1303          -   98.93803      -     -  152s
     0     0   98.93803    0 1266          -   98.93803      -     -  153s
     0     0   98.93803    0 1208          -   98.93803      -     -  160s
     0     0   98.93803    0 1185          -   98.93803      -     -  162s
     0     0   98.93803    0 1381          -   98.93803      -     -  164s
     0     0   98.93803    0  438          -   98.93803      -     -  214s
     0     0   98.93803    0 1037          -   98.93803      -     -  234s
     0     0   99.46837    0 1122          -   99.46837      -     -  247s
     0     0   99.46837    0 1114          -   99.46837      -     -  251s
     0     0   99.46837    0 1063          -   99.46837      -     -  251s
     0     0  102.20404    0  486          -  102.20404      -     -  305s
     0     0  103.90282    0  796          -  103.90282      -     -  328s
     0     0  103.90282    0  794          -  103.90282      -     -  328s
     0     0  103.90282    0  979          -  103.90282      -     -  334s
     0     0  103.90282    0  966          -  103.90282      -     -  336s
     0     0  103.90282    0  963          -  103.90282      -     -  336s
     0     0  103.90282    0 1251          -  103.90282      -     -  340s
     0     0  103.90282    0 1240          -  103.90282      -     -  340s
     0     0  103.90282    0 1116          -  103.90282      -     -  344s
     0     0  103.90282    0 1039          -  103.90282      -     -  345s
     0     0  103.90282    0 1103          -  103.90282      -     -  354s
     0     0  103.90282    0 1112          -  103.90282      -     -  358s
     0     0  103.90282    0 1083          -  103.90282      -     -  360s
     0     0  103.90282    0 1010          -  103.90282      -     -  362s
     0     0  103.90282    0 1308          -  103.90282      -     -  365s
     0     0  103.90282    0 1142          -  103.90282      -     -  367s
     0     0  103.90282    0 1244          -  103.90282      -     -  368s
     0     0  103.90282    0 1236          -  103.90282      -     -  369s
     0     0  103.90283    0 1408          -  103.90283      -     -  376s
     0     0  103.90283    0 1399          -  103.90283      -     -  376s
     0     0  103.90283    0 1416          -  103.90283      -     -  388s
     0     0  103.90283    0 1261          -  103.90283      -     -  391s
     0     0  103.90283    0 1199          -  103.90283      -     -  391s
     0     0  103.90283    0 1197          -  103.90283      -     -  391s
     0     0  103.90412    0 1533          -  103.90412      -     -  405s
     0     0  103.90412    0 1323          -  103.90412      -     -  409s
     0     0  103.90412    0 1391          -  103.90412      -     -  413s
     0     0  103.90412    0 1390          -  103.90412      -     -  421s
     0     0  103.90412    0 1334          -  103.90412      -     -  424s
     0     0  103.90412    0 1396          -  103.90412      -     -  428s
     0     0  103.90412    0 1398          -  103.90412      -     -  430s
     0     0  103.90412    0 1362          -  103.90412      -     -  430s
     0     0  103.90577    0 1356          -  103.90577      -     -  443s
     0     0  103.90577    0 1355          -  103.90577      -     -  447s
     0     0  103.90577    0 1356          -  103.90577      -     -  450s
     0     0  103.90577    0 1317          -  103.90577      -     -  450s
     0     0  103.90577    0 1364          -  103.90577      -     -  453s
     0     0  103.90577    0 1295          -  103.90577      -     -  454s
     0     0  103.90577    0 1280          -  103.90577      -     -  454s
     0     0  103.90745    0 1358          -  103.90745      -     -  461s
     0     0  103.90745    0 1456          -  103.90745      -     -  463s
     0     0  103.90745    0 1398          -  103.90745      -     -  466s
     0     0  103.90745    0 1395          -  103.90745      -     -  466s
     0     0  103.90745    0 1424          -  103.90745      -     -  479s
     0     0  103.90745    0 1395          -  103.90745      -     -  481s
     0     0  103.90745    0 1307          -  103.90745      -     -  482s
     0     0  103.90745    0 1375          -  103.90745      -     -  490s
     0     0  103.90745    0 1286          -  103.90745      -     -  493s
     0     0  103.90745    0 1248          -  103.90745      -     -  496s
     0     0  103.90745    0 1291          -  103.90745      -     -  499s
     0     0  103.90745    0 1287          -  103.90745      -     -  499s
     0     0  103.90745    0  845          -  103.90745      -     -  520s
     0     2  103.90745    0  381          -  103.90745      -     -  582s
     1     5  103.91099    1  458          -  103.91099      - 10875  588s
     3     8  106.34101    2  628          -  104.90282      -  3864  603s
     7    16  106.34101    3 1223          -  104.90282      -  1982  642s
    15    21  107.62773    4 1423          -  104.90282      -  1823  689s
    31    26  108.46837    5 1353          -  104.90282      -  1772  730s
    52    28  108.46837    6 1207          -  104.90282      -  1474  768s
    78    46  108.46837    7 1205          -  104.90282      -  1269  807s
   106    62  108.46837    8 1341          -  104.90282      -  1264  836s
   138    85  108.46837    9 1365          -  104.90282      -  1236  876s
   170   111  108.46837   10 1391          -  104.90282      -  1268  916s
   204   142  108.46837   11 1410          -  104.90282      -  1255  940s
   242   181 infeasible   11               -  104.90282      -  1192  964s
   287   218  108.46837   13 1253          -  104.90282      -  1072  981s
   333   257  108.46837   14 1258          -  104.90282      -   981 1020s
   387   309  108.46837   15 1221          -  104.90282      -   901 1041s
   444   366  108.46837   16 1214          -  104.90282      -   828 1063s
   503   428  108.46837   17 1212          -  104.90282      -   771 1083s
   565   507  113.00000   18 1080          -  104.90282      -   739 1114s
   644   588  113.00000   19 1079          -  104.90282      -   689 1142s
   730   666  113.00000   21 1102          -  104.90282      -   641 1165s
   812   803  113.00000   25  968          -  104.90282      -   613 1195s
   960   878  113.00000   29  969          -  104.90282      -   566 1429s
  1038  1115  113.00000   30  992          -  104.90282      -   550 1572s
  1297  1416  113.00000   46  937          -  104.90282      -   489 1811s
  1528  1416  117.93751   29 1320          -  104.90282      -   454 1818s
  1634  1763  113.00000   66  925          -  104.90282      -   440 2477s
  1675  1763  107.93751   24 1006          -  104.90282      -   434 2481s
  2055  2198  113.00000   97  936          -  104.90282      -   399 3287s
  2149  2198  122.43421   32 1179          -  104.90282      -   396 3290s
  2532  2637  114.00000  132  927          -  104.90282      -   371 3767s
  2639  2637  107.93751   59 1255          -  104.90282      -   369 3774s

Cutting planes:
  Learned: 5
  Gomory: 24
  Cover: 243
  Implied bound: 215
  Clique: 18
  MIR: 2461
  StrongCG: 43
  Zero half: 4
  RLT: 1090
  Relax-and-lift: 80

Explored 3050 nodes (1216115 simplex iterations) in 4008.87 seconds (157.08 work units)
Thread count was 32 (of 32 available processors)

Solution count 0

Time limit reached
Best objective -, best bound 1.049028170172e+02, gap -

Unable to retrieve attribute 'X'

