
Gurobi 10.0.3 (linux64, gurobi_cl) logging started Fri Nov 10 20:46:20 2023

Set parameter Username
Set parameter TimeLimit to value 3600
Set parameter LogFile to value "RCPSP_1892.log"
Set parameter Threads to value 32
Academic license - for non-commercial use only - expires 2024-10-30
Using license file /home/jrivera6/gurobi-licenses/v1003/compute-0-34/gurobi.lic

Gurobi Optimizer version 10.0.3 build v10.0.3rc0 (linux64)
Copyright (c) 2023, Gurobi Optimization, LLC

Read MPS format model from file RCPSP_1892.mps
Reading time = 0.12 seconds
RCPSP_1892: 75288 rows, 29890 columns, 251703 nonzeros

CPU model: Intel(R) Xeon(R) Gold 6130 CPU @ 2.10GHz, instruction set [SSE2|AVX|AVX2|AVX512]
Thread count: 32 physical cores, 32 logical processors, using up to 32 threads

Optimize a model with 75288 rows, 29890 columns and 251703 nonzeros
Model fingerprint: 0x36303e57
Variable types: 122 continuous, 29768 integer (29768 binary)
Coefficient statistics:
  Matrix range     [1e+00, 7e+02]
  Objective range  [1e+00, 1e+00]
  Bounds range     [1e+00, 1e+00]
  RHS range        [1e+00, 7e+02]
Presolve removed 21961 rows and 6230 columns (presolve time = 5s) ...
Presolve removed 21961 rows and 6230 columns (presolve time = 10s) ...
Presolve removed 26760 rows and 7831 columns (presolve time = 15s) ...
Presolve removed 26760 rows and 7831 columns
Presolve time: 15.22s
Presolved: 48528 rows, 22059 columns, 166054 nonzeros
Variable types: 121 continuous, 21938 integer (21938 binary)

Deterministic concurrent LP optimizer: primal and dual simplex (primal and dual model)
Showing first log only...

Root relaxation presolved: 48521 rows, 22066 columns, 166040 nonzeros


Root simplex log...

Iteration    Objective       Primal Inf.    Dual Inf.      Time
       0    1.1704712e+02   4.838478e-03   9.352343e+07     17s
    2889    1.1700000e+02   0.000000e+00   0.000000e+00     17s
    2889    1.1700000e+02   0.000000e+00   0.000000e+00     18s
Concurrent spin time: 1.12s

Solved with dual simplex (primal model)

Root relaxation: objective 1.170000e+02, 6659 iterations, 2.95 seconds (0.24 work units)
Total elapsed time = 22.78s

    Nodes    |    Current Node    |     Objective Bounds      |     Work
 Expl Unexpl |  Obj  Depth IntInf | Incumbent    BestBd   Gap | It/Node Time

     0     0  117.00000    0  448          -  117.00000      -     -   28s
     0     0  117.00000    0  520          -  117.00000      -     -   29s
     0     0  119.59259    0 1229          -  119.59259      -     -   64s
     0     0  119.59259    0 1216          -  119.59259      -     -   64s
     0     0  119.59259    0 1285          -  119.59259      -     -   69s
     0     0  119.59259    0 1176          -  119.59259      -     -   71s
     0     0  119.59259    0 1174          -  119.59259      -     -   72s
     0     0  121.69934    0 1296          -  121.69934      -     -  100s
     0     0  126.83219    0 1181          -  126.83219      -     -  117s
     0     0  126.83219    0 1151          -  126.83219      -     -  118s
     0     0  126.83219    0 1128          -  126.83219      -     -  122s
     0     0  126.83219    0 1127          -  126.83219      -     -  122s
     0     0  126.83219    0 1257          -  126.83219      -     -  142s
     0     0  126.83219    0 1116          -  126.83219      -     -  143s
     0     0  126.83219    0 1101          -  126.83219      -     -  151s
     0     0  126.83219    0  335          -  126.83219      -     -  202s
     0     0  126.83219    0  335          -  126.83219      -     -  202s
     0     0  126.83219    0 1000          -  126.83219      -     -  228s
     0     0  126.83219    0 1015          -  126.83219      -     -  232s
     0     0  126.83219    0  988          -  126.83219      -     -  232s
     0     0  126.83219    0  952          -  126.83219      -     -  234s
     0     0  126.83219    0  954          -  126.83219      -     -  234s
     0     0  126.83219    0  463          -  126.83219      -     -  299s
     0     0  126.83219    0  461          -  126.83219      -     -  299s
     0     0  126.83219    0  961          -  126.83219      -     -  326s
     0     0  127.51298    0  302          -  127.51298      -     -  353s
     0     0  127.67415    0  771          -  127.67415      -     -  375s
     0     0  129.07675    0 1016          -  129.07675      -     -  386s
     0     0  129.07675    0 1065          -  129.07675      -     -  387s
     0     0  129.07675    0  999          -  129.07675      -     -  389s
     0     0  129.07675    0  995          -  129.07675      -     -  389s
     0     0  129.19044    0  882          -  129.19044      -     -  396s
     0     0  129.19044    0  870          -  129.19044      -     -  396s
     0     0  129.36552    0 1106          -  129.36552      -     -  398s
     0     0  129.36552    0 1097          -  129.36552      -     -  398s
     0     0  129.36552    0  944          -  129.36552      -     -  400s
     0     0  129.36552    0  920          -  129.36552      -     -  400s
     0     0  129.37688    0 1189          -  129.37688      -     -  415s
     0     0  129.37688    0  995          -  129.37688      -     -  417s
     0     0  129.37688    0  966          -  129.37688      -     -  418s
     0     0  129.52464    0 1079          -  129.52464      -     -  420s
     0     0  129.52464    0 1068          -  129.52464      -     -  420s
     0     0  129.52464    0 1068          -  129.52464      -     -  425s
     0     0  129.52464    0  985          -  129.52464      -     -  426s
     0     0  129.52464    0  983          -  129.52464      -     -  426s
     0     0  129.58883    0 1138          -  129.58883      -     -  440s
     0     0  129.58883    0 1216          -  129.58883      -     -  445s
     0     0  129.58883    0 1166          -  129.58883      -     -  449s
     0     0  129.58883    0 1132          -  129.58883      -     -  450s
     0     0  129.58883    0 1136          -  129.58883      -     -  450s
     0     0  129.59037    0 1247          -  129.59037      -     -  454s
     0     0  129.59037    0 1190          -  129.59037      -     -  456s
     0     0  129.59037    0 1171          -  129.59037      -     -  456s
     0     0  129.59037    0 1276          -  129.59037      -     -  461s
     0     0  129.59037    0 1187          -  129.59037      -     -  464s
     0     0  129.59037    0 1324          -  129.59037      -     -  466s
     0     0  129.59037    0 1263          -  129.59037      -     -  468s
     0     0  129.59037    0 1238          -  129.59037      -     -  468s
     0     0  129.79791    0 1083          -  129.79791      -     -  478s
     0     0  129.79791    0 1068          -  129.79791      -     -  478s
     0     0  129.79971    0 1063          -  129.79971      -     -  495s
     0     0  129.79971    0  964          -  129.79971      -     -  496s
     0     0  129.79971    0 1116          -  129.79971      -     -  499s
     0     0  129.79971    0 1062          -  129.79971      -     -  501s
     0     0  129.79971    0 1009          -  129.79971      -     -  501s
     0     0  130.49266    0 1244          -  130.49266      -     -  506s
     0     0  130.49266    0 1059          -  130.49266      -     -  508s
     0     0  130.49266    0 1051          -  130.49266      -     -  508s
     0     0  130.57922    0 1025          -  130.57922      -     -  517s
     0     0  130.57922    0  958          -  130.57922      -     -  518s
     0     0  130.57922    0 1160          -  130.57922      -     -  519s
     0     0  130.57922    0 1137          -  130.57922      -     -  526s
     0     0  130.57922    0 1115          -  130.57922      -     -  529s
     0     0  130.57922    0 1088          -  130.57922      -     -  530s
     0     0  130.57922    0 1140          -  130.57922      -     -  542s
     0     0  130.57922    0 1052          -  130.57922      -     -  543s
     0     0  130.57922    0 1005          -  130.57922      -     -  587s
     0     0  130.57922    0  995          -  130.57922      -     -  588s
     0     0  130.57922    0 1059          -  130.57922      -     -  593s
     0     0  130.57922    0  995          -  130.57922      -     -  595s
     0     0  130.57922    0  991          -  130.57922      -     -  596s
     0     0  130.57922    0 1194          -  130.57922      -     -  599s
     0     0  130.57922    0 1063          -  130.57922      -     -  600s
     0     0  130.57922    0 1059          -  130.57922      -     -  600s
     0     0  130.57922    0  491          -  130.57922      -     -  621s
     0     0  130.57922    0  813          -  130.57922      -     -  627s
     0     0  130.57922    0  810          -  130.57922      -     -  627s
     0     0  130.57922    0  384          -  130.57922      -     -  664s
     0     0  130.57922    0  857          -  130.57922      -     -  670s
     0     0  130.57922    0  929          -  130.57922      -     -  671s
     0     0  130.57922    0  748          -  130.57922      -     -  693s
     0     0  130.57922    0  726          -  130.57922      -     -  693s
     0     0  130.57922    0 1024          -  130.57922      -     -  699s
     0     0  130.57922    0  961          -  130.57922      -     -  699s
     0     0  130.57922    0  357          -  130.57922      -     -  716s
     0     0  130.57922    0  357          -  130.57922      -     -  735s
     0     2  130.57922    0  357          -  130.57922      -     -  780s
     1     5  132.83219    1  413          -  130.69522      -  3136  790s
     3     6  136.83219    2  461          -  132.31261      -  1250  801s
     7    11  140.83219    3  433          -  132.89935      -   701  811s
    13    19  140.83219    4  433          -  132.89935      -   434  823s
    24    32  140.83219    5  764          -  136.89935      -   369  849s
    43    60  140.83219    6  968          -  136.89935      -   633  895s
    75    89  143.83219    7  917          -  136.89935      -   886  948s
   107   120  143.83219    8 1023          -  136.89935      -  1042  979s
   139   150  143.83219    9  835          -  136.89935      -  1015  990s
   171   178  143.83219   10  823          -  136.89935      -   843 1007s
   203   207  143.83219   11  821          -  136.89935      -   724 1021s
   235   239  143.83219   12  819          -  136.89935      -   645 1040s
   268   270  143.83219   13  808          -  136.89935      -   578 1057s
   305   304  143.83219   14  807          -  136.89935      -   523 1074s
   343   336  143.83219   15  807          -  136.89935      -   473 1084s
   380   371  143.83219   16  807          -  136.89935      -   435 1104s
   415   408  143.83219   17  769          -  136.89935      -   406 1113s
   452   448  143.83219   18  767          -  136.89935      -   379 1131s
   495   488  143.83219   19  767          -  136.89935      -   351 1150s
   537   529  143.83219   20  786          -  136.89935      -   333 1182s
   580   573  143.83219   21  886          -  136.89935      -   317 1239s
   627   624  145.83219   21  787          -  136.89935      -   307 1331s
   682   673  149.83219   23  788          -  136.89935      -   293 1451s
   742   732  149.83219   25  777          -  136.89935      -   280 1496s
   808   798  149.83219   27  771          -  136.89935      -   265 1531s
   882   862  149.83219   29  775          -  136.89935      -   252 1575s
   954   928  149.83219   31  774          -  136.89935      -   242 1711s
  1028   985  149.83219   32  897          -  136.89935      -   230 1824s
  1098  1060  156.83219   33  845          -  136.89935      -   225 2013s
  1195  1107  151.83219   35  793          -  136.89935      -   219 2426s
  1250  1159  151.83219   36  791          -  136.89935      -   238 2488s
  1315  1237  151.83219   37  789          -  136.89935      -   238 2619s
  1399  1321  151.83219   39  791          -  136.89935      -   236 2793s
  1496  1389  151.83219   41  945          -  136.89935      -   231 3148s
  1574  1491  154.83219   42  874          -  136.89935      -   243 3491s
  1686  1620  151.83219   43  892          -  136.89935      -   235 3944s

Cutting planes:
  Learned: 9
  Gomory: 8
  Cover: 146
  Implied bound: 149
  Clique: 13
  MIR: 1518
  StrongCG: 30
  Zero half: 4
  RLT: 682
  Relax-and-lift: 110

Explored 1821 nodes (622645 simplex iterations) in 4055.84 seconds (168.67 work units)
Thread count was 32 (of 32 available processors)

Solution count 0

Time limit reached
Best objective -, best bound 1.368993501732e+02, gap -

Unable to retrieve attribute 'X'

