
Gurobi 10.0.3 (linux64, gurobi_cl) logging started Thu Nov  2 11:34:00 2023

Set parameter Username
Set parameter TimeLimit to value 3600
Set parameter LogFile to value "RCPSP_294.log"
Set parameter Threads to value 32
Academic license - for non-commercial use only - expires 2024-10-30
Using license file /home/jrivera6/gurobi-licenses/v1003/compute-0-34/gurobi.lic

Gurobi Optimizer version 10.0.3 build v10.0.3rc0 (linux64)
Copyright (c) 2023, Gurobi Optimization, LLC

Read MPS format model from file RCPSP_294.mps
Reading time = 0.01 seconds
RCPSP_294: 5339 rows, 2080 columns, 18883 nonzeros

CPU model: Intel(R) Xeon(R) Gold 6130 CPU @ 2.10GHz, instruction set [SSE2|AVX|AVX2|AVX512]
Thread count: 32 physical cores, 32 logical processors, using up to 32 threads

Optimize a model with 5339 rows, 2080 columns and 18883 nonzeros
Model fingerprint: 0x2f46c74e
Variable types: 32 continuous, 2048 integer (2048 binary)
Coefficient statistics:
  Matrix range     [1e+00, 2e+02]
  Objective range  [1e+00, 1e+00]
  Bounds range     [1e+00, 1e+00]
  RHS range        [1e+00, 2e+02]
Presolve removed 2949 rows and 1144 columns
Presolve time: 0.29s
Presolved: 2390 rows, 936 columns, 8604 nonzeros
Variable types: 31 continuous, 905 integer (905 binary)

Root relaxation: objective 5.000000e+01, 329 iterations, 0.00 seconds (0.00 work units)

    Nodes    |    Current Node    |     Objective Bounds      |     Work
 Expl Unexpl |  Obj  Depth IntInf | Incumbent    BestBd   Gap | It/Node Time

     0     0   50.00000    0   32          -   50.00000      -     -    0s
H    0     0                      56.0000000   50.00000  10.7%     -    0s
     0     0   50.00000    0   85   56.00000   50.00000  10.7%     -    0s
     0     0   50.00000    0   93   56.00000   50.00000  10.7%     -    0s
     0     0   50.00000    0   16   56.00000   50.00000  10.7%     -    0s
H    0     0                      53.0000000   50.00000  5.66%     -    1s
     0     0   50.00000    0   57   53.00000   50.00000  5.66%     -    1s
     0     0   50.00000    0   14   53.00000   50.00000  5.66%     -    2s
     0     0   50.00000    0   26   53.00000   50.00000  5.66%     -    3s
H    0     0                      51.0000000   50.00000  1.96%     -    3s
     0     0   50.00000    0   54   51.00000   50.00000  1.96%     -    4s
     0     0   50.00000    0   32   51.00000   50.00000  1.96%     -    4s
     0     0   50.00000    0   11   51.00000   50.00000  1.96%     -    5s
     0     0   50.00000    0   31   51.00000   50.00000  1.96%     -    6s
     0     0   50.00000    0   29   51.00000   50.00000  1.96%     -    6s
     0     0   50.00000    0   29   51.00000   50.00000  1.96%     -    6s
     0     0   50.00000    0   22   51.00000   50.00000  1.96%     -    7s
     0     0   50.03030    0   33   51.00000   50.03030  1.90%     -    7s
     0     0   50.16667    0   15   51.00000   50.16667  1.63%     -    8s
     0     0   50.25000    0   23   51.00000   50.25000  1.47%     -    8s
     0     0   50.25000    0   25   51.00000   50.25000  1.47%     -    8s
     0     0 infeasible    0        51.00000   51.00000  0.00%     -    9s

Cutting planes:
  Gomory: 3
  Cover: 53
  Implied bound: 12
  Clique: 65
  MIR: 44
  StrongCG: 7
  Flow cover: 1
  RLT: 15
  Relax-and-lift: 12

Explored 1 nodes (4320 simplex iterations) in 9.77 seconds (0.47 work units)
Thread count was 32 (of 32 available processors)

Solution count 3: 51 53 56 

Optimal solution found (tolerance 1.00e-04)
Best objective 5.100000000000e+01, best bound 5.100000000000e+01, gap 0.0000%

Wrote result file 'RCPSP_294.sol'

