
Gurobi 10.0.3 (linux64, gurobi_cl) logging started Thu Nov  2 11:34:02 2023

Set parameter Username
Set parameter TimeLimit to value 3600
Set parameter LogFile to value "RCPSP_309.log"
Set parameter Threads to value 32
Academic license - for non-commercial use only - expires 2024-10-30
Using license file /home/jrivera6/gurobi-licenses/v1003/compute-0-35/gurobi.lic

Gurobi Optimizer version 10.0.3 build v10.0.3rc0 (linux64)
Copyright (c) 2023, Gurobi Optimization, LLC

Read MPS format model from file RCPSP_309.mps
Reading time = 0.01 seconds
RCPSP_309: 5339 rows, 2080 columns, 18883 nonzeros

CPU model: Intel(R) Xeon(R) Gold 6130 CPU @ 2.10GHz, instruction set [SSE2|AVX|AVX2|AVX512]
Thread count: 32 physical cores, 32 logical processors, using up to 32 threads

Optimize a model with 5339 rows, 2080 columns and 18883 nonzeros
Model fingerprint: 0x430051ff
Variable types: 32 continuous, 2048 integer (2048 binary)
Coefficient statistics:
  Matrix range     [1e+00, 2e+02]
  Objective range  [1e+00, 1e+00]
  Bounds range     [1e+00, 1e+00]
  RHS range        [1e+00, 2e+02]
Presolve removed 2831 rows and 1086 columns
Presolve time: 0.26s
Presolved: 2508 rows, 994 columns, 9102 nonzeros
Variable types: 31 continuous, 963 integer (963 binary)

Root relaxation: objective 4.600000e+01, 334 iterations, 0.00 seconds (0.00 work units)

    Nodes    |    Current Node    |     Objective Bounds      |     Work
 Expl Unexpl |  Obj  Depth IntInf | Incumbent    BestBd   Gap | It/Node Time

     0     0   46.00000    0    6          -   46.00000      -     -    0s
     0     0   46.00000    0   18          -   46.00000      -     -    0s
H    0     0                      56.0000000   46.00000  17.9%     -    0s
     0     0   46.00000    0    8   56.00000   46.00000  17.9%     -    0s
H    0     0                      53.0000000   46.00000  13.2%     -    0s
     0     0   46.00000    0    8   53.00000   46.00000  13.2%     -    0s
H    0     0                      52.0000000   46.00000  11.5%     -    1s
     0     0   46.00000    0   20   52.00000   46.00000  11.5%     -    1s
     0     0   46.00000    0    6   52.00000   46.00000  11.5%     -    2s
H    0     0                      51.0000000   46.00000  9.80%     -    3s
H    0     0                      49.0000000   46.00000  6.12%     -    3s
     0     0   46.00000    0   29   49.00000   46.00000  6.12%     -    3s
     0     0   46.00000    0   27   49.00000   46.00000  6.12%     -    3s
     0     0   46.00000    0   10   49.00000   46.00000  6.12%     -    4s
     0     0   46.00000    0   23   49.00000   46.00000  6.12%     -    4s
     0     0   46.50000    0   14   49.00000   46.50000  5.10%     -    5s
     0     0   46.50000    0   20   49.00000   46.50000  5.10%     -    5s
     0     0   46.50000    0   14   49.00000   46.50000  5.10%     -    6s
     0     0   46.50000    0   16   49.00000   46.50000  5.10%     -    6s
H    0     0                      48.0000000   46.50000  3.13%     -    7s
     0     0   47.00000    0    6   48.00000   47.00000  2.08%     -    7s
     0     0   47.00000    0    6   48.00000   47.00000  2.08%     -    7s
     0     0   47.00000    0   13   48.00000   47.00000  2.08%     -    8s
     0     0   47.00000    0   22   48.00000   47.00000  2.08%     -    8s
     0     0   47.00000    0   14   48.00000   47.00000  2.08%     -    8s
     0     0   47.00000    0   20   48.00000   47.00000  2.08%     -    9s
     0     0     cutoff    0        48.00000   48.00000  0.00%     -   11s

Explored 1 nodes (3332 simplex iterations) in 11.32 seconds (0.48 work units)
Thread count was 32 (of 32 available processors)

Solution count 6: 48 49 51 ... 56

Optimal solution found (tolerance 1.00e-04)
Best objective 4.800000000000e+01, best bound 4.800000000000e+01, gap 0.0000%

Wrote result file 'RCPSP_309.sol'

