
Gurobi 10.0.3 (linux64, gurobi_cl) logging started Thu Nov  2 11:34:04 2023

Set parameter Username
Set parameter TimeLimit to value 3600
Set parameter LogFile to value "RCPSP_338.log"
Set parameter Threads to value 32
Academic license - for non-commercial use only - expires 2024-10-30
Using license file /home/jrivera6/gurobi-licenses/v1003/compute-0-34/gurobi.lic

Gurobi Optimizer version 10.0.3 build v10.0.3rc0 (linux64)
Copyright (c) 2023, Gurobi Optimization, LLC

Read MPS format model from file RCPSP_338.mps
Reading time = 0.01 seconds
RCPSP_338: 5349 rows, 2080 columns, 16103 nonzeros

CPU model: Intel(R) Xeon(R) Gold 6130 CPU @ 2.10GHz, instruction set [SSE2|AVX|AVX2|AVX512]
Thread count: 32 physical cores, 32 logical processors, using up to 32 threads

Optimize a model with 5349 rows, 2080 columns and 16103 nonzeros
Model fingerprint: 0xcefe8c3a
Variable types: 32 continuous, 2048 integer (2048 binary)
Coefficient statistics:
  Matrix range     [1e+00, 2e+02]
  Objective range  [1e+00, 1e+00]
  Bounds range     [1e+00, 1e+00]
  RHS range        [1e+00, 2e+02]
Presolve removed 3253 rows and 1267 columns
Presolve time: 0.29s
Presolved: 2096 rows, 813 columns, 6314 nonzeros
Variable types: 31 continuous, 782 integer (782 binary)

Root relaxation: objective 5.600000e+01, 282 iterations, 0.00 seconds (0.00 work units)

    Nodes    |    Current Node    |     Objective Bounds      |     Work
 Expl Unexpl |  Obj  Depth IntInf | Incumbent    BestBd   Gap | It/Node Time

     0     0   56.00000    0    6          -   56.00000      -     -    0s
H    0     0                      58.0000000   57.00000  1.72%     -    0s

Cutting planes:
  RLT: 1

Explored 1 nodes (650 simplex iterations) in 0.44 seconds (0.22 work units)
Thread count was 32 (of 32 available processors)

Solution count 1: 58 

Optimal solution found (tolerance 1.00e-04)
Best objective 5.800000000000e+01, best bound 5.800000000000e+01, gap 0.0000%

Wrote result file 'RCPSP_338.sol'

