
Gurobi 10.0.3 (linux64, gurobi_cl) logging started Fri Nov 10 23:18:55 2023

Set parameter Username
Set parameter TimeLimit to value 3600
Set parameter LogFile to value "RCPSP_1974.log"
Set parameter Threads to value 32
Academic license - for non-commercial use only - expires 2024-10-30
Using license file /home/jrivera6/gurobi-licenses/v1003/compute-0-34/gurobi.lic

Gurobi Optimizer version 10.0.3 build v10.0.3rc0 (linux64)
Copyright (c) 2023, Gurobi Optimization, LLC

Read MPS format model from file RCPSP_1974.mps
Reading time = 0.10 seconds
RCPSP_1974: 75288 rows, 29890 columns, 266102 nonzeros

CPU model: Intel(R) Xeon(R) Gold 6130 CPU @ 2.10GHz, instruction set [SSE2|AVX|AVX2|AVX512]
Thread count: 32 physical cores, 32 logical processors, using up to 32 threads

Optimize a model with 75288 rows, 29890 columns and 266102 nonzeros
Model fingerprint: 0x5f4ad594
Variable types: 122 continuous, 29768 integer (29768 binary)
Coefficient statistics:
  Matrix range     [1e+00, 6e+02]
  Objective range  [1e+00, 1e+00]
  Bounds range     [1e+00, 1e+00]
  RHS range        [1e+00, 6e+02]
Presolve removed 11496 rows and 1745 columns (presolve time = 5s) ...
Presolve removed 11496 rows and 1745 columns (presolve time = 10s) ...
Presolve removed 14397 rows and 3118 columns
Presolve time: 13.76s
Presolved: 60891 rows, 26772 columns, 226084 nonzeros
Variable types: 121 continuous, 26651 integer (26651 binary)

Deterministic concurrent LP optimizer: primal and dual simplex (primal and dual model)
Showing first log only...

Root relaxation presolved: 60891 rows, 26772 columns, 226084 nonzeros


Root simplex log...

Iteration    Objective       Primal Inf.    Dual Inf.      Time
       0    1.1959330e+02   4.203104e-03   7.636134e+07     16s
    3034    1.1900000e+02   0.000000e+00   0.000000e+00     16s
Concurrent spin time: 1.36s

Solved with dual simplex (dual model)

Root relaxation: objective 1.190000e+02, 30304 iterations, 3.24 seconds (0.27 work units)
Total elapsed time = 23.04s
Total elapsed time = 26.05s

    Nodes    |    Current Node    |     Objective Bounds      |     Work
 Expl Unexpl |  Obj  Depth IntInf | Incumbent    BestBd   Gap | It/Node Time

     0     0  119.00000    0  183          -  119.00000      -     -   28s
     0     0  119.00000    0 1283          -  119.00000      -     -   70s
     0     0  119.00000    0 1282          -  119.00000      -     -   78s
     0     0  119.00000    0 1192          -  119.00000      -     -   84s
     0     0  119.00000    0 1174          -  119.00000      -     -   84s
     0     0  119.00000    0 1450          -  119.00000      -     -  104s
     0     0  119.00000    0  194          -  119.00000      -     -  153s
     0     0  119.00000    0 1123          -  119.00000      -     -  180s
     0     0  119.00000    0  988          -  119.00000      -     -  182s
     0     0  119.00000    0  986          -  119.00000      -     -  185s
     0     0  119.00000    0  976          -  119.00000      -     -  185s
     0     0  119.00000    0 1133          -  119.00000      -     -  188s
     0     0  119.00000    0 1129          -  119.00000      -     -  189s
     0     0  119.00000    0   35          -  119.00000      -     -  224s
     0     0  119.00000    0   42          -  119.00000      -     -  239s
     0     0  119.00000    0   70          -  119.00000      -     -  269s
     0     0  119.00000    0  274          -  119.00000      -     -  280s
     0     0  119.00000    0   55          -  119.00000      -     -  295s
     0     0  119.00000    0   95          -  119.00000      -     -  297s
     0     0  119.00000    0   72          -  119.00000      -     -  308s
     0     0  119.00000    0  198          -  119.00000      -     -  310s
     0     0  119.00000    0   52          -  119.00000      -     -  319s
     0     0  119.00000    0  282          -  119.00000      -     -  332s
     0     0  119.00000    0   72          -  119.00000      -     -  341s
     0     0  119.00000    0   59          -  119.00000      -     -  346s
     0     2  119.00000    0   59          -  119.00000      -     -  374s
     1     4  119.00000    1   59          -  119.00000      -  1432  391s
     3     5  119.00000    2   58          -  119.00000      -   717  396s
     6    10  119.00000    3  168          -  119.00000      -   387  406s
    11    20  119.00000    4  593          -  119.00000      -   336  435s
    21    39  119.00000    5  983          -  119.00000      -   444  497s
    41    65  119.00000    6  850          -  119.00000      -   621  547s
    73    93  119.00000    7  687          -  119.00000      -   573  595s
   105   122  119.00000    8  677          -  119.00000      -   501  610s
   137   152  119.00000    9  633          -  119.00000      -   420  650s
   169   186  119.00000    9  731          -  119.00000      -   355  703s
   209   220  119.00000   10   73          -  119.00000      -   684  752s
   250   257  119.00000   11  331          -  119.00000      -   740  795s
   298   301  119.00000   11  361          -  119.00000      -   669  807s
   346   451  119.00000   12  316          -  119.00000      -   582  835s
   507   648  119.00000   14  288          -  119.00000      -   405  888s
   714   939  119.00000   17  285          -  119.00000      -   331  947s
  1027  1489  120.00000   20  525          -  119.00000      -   284 1011s
  1658  2113  119.00000   27  147          -  119.00000      -   212 1094s
  2396  2611  119.00000   39  179          -  119.00000      -   190 1352s
  3024  3993  119.00000   41  181          -  119.00000      -   195 1488s
  4975  5759  119.00000   51   76          -  119.00000      -   159 1625s
  5854  5759  119.00000   70  122          -  119.00000      -   148 1631s
  7312  7706  119.00000   93   98          -  119.00000      -   137 1795s
  9970 10070  119.00000   31   42          -  119.00000      -   127 1952s
 13168 10071  119.38805   44 1450          -  119.00000      -   120 2124s
 13169 10072  130.00000   41 1450          -  119.00000      -   120 2127s
 13170 10072  134.00000  181   79          -  119.00000      -   120 2152s
 13171 10073  119.00000   51  606          -  119.00000      -   120 2156s
 13172 10074  119.45207   99  690          -  119.00000      -   120 2161s
 13173 10074  130.00000  114   33          -  119.00000      -   120 2175s
 13175 10076  123.00000   68   43          -  119.00000      -   120 2195s
 13176 10076  125.00000  110  588          -  119.00000      -   120 2202s
 13177 10077  128.00000  129   98          -  119.00000      -   120 2215s
 13178 10078  128.00000   65  239          -  119.00000      -   120 2220s
 13179 10078  119.00000   88   65          -  119.00000      -   120 2232s
 13180 10079  128.00000  158  918          -  119.00000      -   120 2236s
 13181 10080  125.00000  128   61          -  119.00000      -   120 2244s
 13182 10080  119.00000   61  878          -  119.00000      -   120 2247s
 13183 10081  130.00000  200   50          -  119.00000      -   120 2255s
 13185 10082  122.00000   79   55          -  119.00000      -   120 2265s
 13187 10084  119.00000  100   53          -  119.00000      -   120 2276s
 13189 10085  119.00000  123   46          -  119.00000      -   120 2285s
 13190 10089  119.00000   11   46          -  119.00000      -   136 2329s
 13192 10092  119.00000   12   46          -  119.00000      -   136 2338s
 13196 10099  119.00000   13   46          -  119.00000      -   136 2350s
 13204 10111  119.00000   14   50          -  119.00000      -   136 2380s
 13220 10135  119.00000   15   52          -  119.00000      -   136 2490s
 13251 10149  119.00000   16   50          -  119.00000      -   136 2503s
 13283 10171  119.00000   17   52          -  119.00000      -   136 2513s
 13315 10187  119.00000   17   82          -  119.00000      -   136 2532s
 13347 10207  119.00000   18   54          -  119.00000      -   136 2564s
 13379 10232  120.00000   18  122          -  119.00000      -   135 2601s
 13417 10257  119.00000   19   52          -  119.00000      -   138 2624s
 13456 10288  119.00000   19  101          -  119.00000      -   138 2646s
 13504 10311  119.00000   20   70          -  119.00000      -   138 2662s
 13546 10410  119.00000   20   78          -  119.00000      -   138 2695s
 13666 10520  119.00000   22   70          -  119.00000      -   138 2745s
 13830 10780  119.00000   24  198          -  119.00000      -   139 2789s
 14158 10966  119.00000   27  348          -  119.00000      -   138 2879s
 14474 11361  132.00000   30  506          -  119.00000      -   137 2952s
 15034 11825  129.00000   36  499          -  119.00000      -   136 3036s
 15797 11907  127.00000   41  565          -  119.00000      -   133 3142s
 16250 13099  119.00000   46  204          -  119.00000      -   134 3447s
 17921 14477  119.00768   51   73          -  119.00000      -   126 3653s

Cutting planes:
  Gomory: 36
  Cover: 16
  Implied bound: 85
  MIR: 40
  StrongCG: 4
  Flow cover: 471
  Zero half: 1
  RLT: 58
  Relax-and-lift: 121

Explored 20412 nodes (2437121 simplex iterations) in 3656.16 seconds (266.78 work units)
Thread count was 32 (of 32 available processors)

Solution count 0

Time limit reached
Best objective -, best bound 1.190000000000e+02, gap -

Unable to retrieve attribute 'X'

