
Gurobi 10.0.3 (linux64, gurobi_cl) logging started Thu Nov  2 11:35:31 2023

Set parameter Username
Set parameter TimeLimit to value 3600
Set parameter LogFile to value "RCPSP_679.log"
Set parameter Threads to value 32
Academic license - for non-commercial use only - expires 2024-10-30
Using license file /home/jrivera6/gurobi-licenses/v1003/compute-0-34/gurobi.lic

Gurobi Optimizer version 10.0.3 build v10.0.3rc0 (linux64)
Copyright (c) 2023, Gurobi Optimization, LLC

Read MPS format model from file RCPSP_679.mps
Reading time = 0.02 seconds
RCPSP_679: 19643 rows, 7750 columns, 60937 nonzeros

CPU model: Intel(R) Xeon(R) Gold 6130 CPU @ 2.10GHz, instruction set [SSE2|AVX|AVX2|AVX512]
Thread count: 32 physical cores, 32 logical processors, using up to 32 threads

Optimize a model with 19643 rows, 7750 columns and 60937 nonzeros
Model fingerprint: 0xfc4ba70f
Variable types: 62 continuous, 7688 integer (7688 binary)
Coefficient statistics:
  Matrix range     [1e+00, 4e+02]
  Objective range  [1e+00, 1e+00]
  Bounds range     [1e+00, 1e+00]
  RHS range        [1e+00, 4e+02]
Found heuristic solution: objective 74.0000000
Presolve removed 3857 rows and 829 columns (presolve time = 5s) ...
Presolve removed 11466 rows and 4730 columns
Presolve time: 6.08s
Presolved: 8177 rows, 3020 columns, 24721 nonzeros
Variable types: 61 continuous, 2959 integer (2959 binary)

Explored 0 nodes (0 simplex iterations) in 6.12 seconds (3.86 work units)
Thread count was 32 (of 32 available processors)

Solution count 1: 74 

Optimal solution found (tolerance 1.00e-04)
Best objective 7.400000000000e+01, best bound 7.400000000000e+01, gap 0.0000%

Wrote result file 'RCPSP_679.sol'

