
Gurobi 10.0.3 (linux64, gurobi_cl) logging started Thu Nov  9 11:40:47 2023

Set parameter Username
Set parameter TimeLimit to value 3600
Set parameter LogFile to value "RCPSP_92.log"
Set parameter Threads to value 32
Academic license - for non-commercial use only - expires 2024-10-30
Using license file /home/jrivera6/gurobi-licenses/v1003/compute-0-34/gurobi.lic

Gurobi Optimizer version 10.0.3 build v10.0.3rc0 (linux64)
Copyright (c) 2023, Gurobi Optimization, LLC

Read MPS format model from file RCPSP_92.mps
Reading time = 0.02 seconds
RCPSP_92: 5329 rows, 2080 columns, 17974 nonzeros

CPU model: Intel(R) Xeon(R) Gold 6130 CPU @ 2.10GHz, instruction set [SSE2|AVX|AVX2|AVX512]
Thread count: 32 physical cores, 32 logical processors, using up to 32 threads

Optimize a model with 5329 rows, 2080 columns and 17974 nonzeros
Model fingerprint: 0x91c2bc8f
Variable types: 32 continuous, 2048 integer (2048 binary)
Coefficient statistics:
  Matrix range     [1e+00, 2e+02]
  Objective range  [1e+00, 1e+00]
  Bounds range     [1e+00, 1e+00]
  RHS range        [1e+00, 2e+02]
Presolve removed 2609 rows and 981 columns
Presolve time: 0.21s
Presolved: 2720 rows, 1099 columns, 9529 nonzeros
Variable types: 31 continuous, 1068 integer (1068 binary)

Root relaxation: objective 5.200000e+01, 365 iterations, 0.00 seconds (0.00 work units)

    Nodes    |    Current Node    |     Objective Bounds      |     Work
 Expl Unexpl |  Obj  Depth IntInf | Incumbent    BestBd   Gap | It/Node Time

     0     0   52.00000    0    6          -   52.00000      -     -    0s
     0     0   52.00000    0   28          -   52.00000      -     -    0s
     0     0   52.00000    0   10          -   52.00000      -     -    0s
H    0     0                      65.0000000   52.00000  20.0%     -    0s
H    0     0                      61.0000000   52.00000  14.8%     -    0s
     0     0   52.00000    0    2   61.00000   52.00000  14.8%     -    1s
H    0     0                      58.0000000   52.00000  10.3%     -    1s
     0     0   52.00000    0    4   58.00000   52.00000  10.3%     -    1s
     0     0   52.00000    0    6   58.00000   52.00000  10.3%     -    1s
     0     0   52.00000    0   26   58.00000   52.00000  10.3%     -    1s
H    0     0                      57.0000000   52.00000  8.77%     -    1s
     0     0   52.00000    0   42   57.00000   52.00000  8.77%     -    1s
     0     0   52.00000    0    9   57.00000   52.00000  8.77%     -    4s
     0     0   52.00000    0   48   57.00000   52.00000  8.77%     -    4s
     0     0   52.00000    0   45   57.00000   52.00000  8.77%     -    5s
     0     0   52.00000    0    6   57.00000   52.00000  8.77%     -    7s
H    0     0                      54.0000000   52.00000  3.70%     -    7s
     0     0   52.00000    0   44   54.00000   52.00000  3.70%     -    8s
     0     0   52.00000    0   48   54.00000   52.00000  3.70%     -    8s
     0     0   52.00000    0   20   54.00000   52.00000  3.70%     -   10s
     0     0   52.00000    0   64   54.00000   52.00000  3.70%     -   10s
     0     0   52.00000    0   68   54.00000   52.00000  3.70%     -   10s
     0     0   52.00000    0   58   54.00000   52.00000  3.70%     -   11s
     0     0   52.00000    0   37   54.00000   52.00000  3.70%     -   13s
     0     0   52.00000    0   50   54.00000   52.00000  3.70%     -   14s
     0     0   52.00000    0   45   54.00000   52.00000  3.70%     -   14s
     0     0   54.00000    0   16   54.00000   54.00000  0.00%     -   16s

Cutting planes:
  Cover: 58
  Implied bound: 47
  Clique: 52
  MIR: 49
  StrongCG: 8
  Mod-K: 2
  RLT: 20
  Relax-and-lift: 13

Explored 1 nodes (7758 simplex iterations) in 17.20 seconds (0.67 work units)
Thread count was 32 (of 32 available processors)

Solution count 5: 54 57 58 ... 65

Optimal solution found (tolerance 1.00e-04)
Best objective 5.400000000000e+01, best bound 5.400000000000e+01, gap 0.0000%

Wrote result file 'RCPSP_92.sol'

