
Gurobi 10.0.3 (linux64, gurobi_cl) logging started Thu Nov  9 11:47:19 2023

Set parameter Username
Set parameter TimeLimit to value 3600
Set parameter LogFile to value "RCPSP_1044.log"
Set parameter Threads to value 32
Academic license - for non-commercial use only - expires 2024-11-06
Using license file /home/jrivera6/gurobi-licenses/v1003/compute-0-36/gurobi.lic

Gurobi Optimizer version 10.0.3 build v10.0.3rc0 (linux64)
Copyright (c) 2023, Gurobi Optimization, LLC

Read MPS format model from file RCPSP_1044.mps
Reading time = 0.11 seconds
RCPSP_1044: 42919 rows, 17020 columns, 151024 nonzeros

CPU model: Intel(R) Xeon(R) Gold 6130 CPU @ 2.10GHz, instruction set [SSE2|AVX|AVX2|AVX512]
Thread count: 32 physical cores, 32 logical processors, using up to 32 threads

Optimize a model with 42919 rows, 17020 columns and 151024 nonzeros
Model fingerprint: 0x8483803c
Variable types: 92 continuous, 16928 integer (16928 binary)
Coefficient statistics:
  Matrix range     [1e+00, 5e+02]
  Objective range  [1e+00, 1e+00]
  Bounds range     [1e+00, 1e+00]
  RHS range        [1e+00, 5e+02]
Presolve removed 10033 rows and 2446 columns
Presolve time: 4.95s
Presolved: 32886 rows, 14574 columns, 121683 nonzeros
Variable types: 91 continuous, 14483 integer (14483 binary)

Deterministic concurrent LP optimizer: primal and dual simplex (primal and dual model)
Showing first log only...

Root relaxation presolved: 32886 rows, 14574 columns, 121683 nonzeros


Root simplex log...

Iteration    Objective       Primal Inf.    Dual Inf.      Time
       0    8.6259405e+01   4.478944e-03   2.478574e+08      6s
    2694    8.1000000e+01   0.000000e+00   0.000000e+00      7s
Concurrent spin time: 0.16s

Solved with dual simplex (dual model)

Root relaxation: objective 8.100000e+01, 15842 iterations, 1.50 seconds (0.13 work units)
Total elapsed time = 11.25s

    Nodes    |    Current Node    |     Objective Bounds      |     Work
 Expl Unexpl |  Obj  Depth IntInf | Incumbent    BestBd   Gap | It/Node Time

     0     0   81.00000    0  721          -   81.00000      -     -   17s
     0     0   81.00000    0  719          -   81.00000      -     -   18s
     0     0   81.00000    0 1608          -   81.00000      -     -   44s
     0     0   81.00000    0 1570          -   81.00000      -     -   46s
     0     0   81.00000    0 1555          -   81.00000      -     -   49s
     0     0   81.00000    0 1427          -   81.00000      -     -   51s
     0     0   81.00000    0 1311          -   81.00000      -     -   78s
     0     0   81.00000    0 1232          -   81.00000      -     -   80s
     0     0   81.00000    0 1230          -   81.00000      -     -   80s
     0     0   81.00000    0  766          -   81.00000      -     -   94s
     0     0   81.00000    0  918          -   81.00000      -     -   97s
     0     0   81.00000    0  889          -   81.00000      -     -   97s
     0     0   81.00000    0 1161          -   81.00000      -     -  117s
     0     0   81.00000    0 1159          -   81.00000      -     -  117s
     0     0   81.00000    0 1435          -   81.00000      -     -  122s
     0     0   81.00000    0 1387          -   81.00000      -     -  123s
     0     0   81.00000    0 1401          -   81.00000      -     -  124s
     0     0   81.00000    0 1393          -   81.00000      -     -  124s
     0     0   81.07536    0 1197          -   81.07536      -     -  140s
     0     0   81.10261    0 1580          -   81.10261      -     -  152s
     0     0   81.10261    0 1532          -   81.10261      -     -  153s
     0     0   81.10261    0 1502          -   81.10261      -     -  154s
     0     0   81.10261    0 1484          -   81.10261      -     -  155s
     0     0   81.13145    0 1007          -   81.13145      -     -  169s
     0     0   81.13145    0  980          -   81.13145      -     -  169s
     0     0   81.13145    0 1531          -   81.13145      -     -  187s
     0     0   81.13145    0 1416          -   81.13145      -     -  188s
     0     0   81.13145    0 1393          -   81.13145      -     -  190s
     0     0   81.13145    0 1354          -   81.13145      -     -  190s
     0     0   81.13145    0 1435          -   81.13145      -     -  203s
     0     0   81.13145    0 1325          -   81.13145      -     -  204s
     0     0   81.13145    0 1605          -   81.13145      -     -  213s
     0     0   81.13145    0 1517          -   81.13145      -     -  214s
     0     0   81.13145    0 1511          -   81.13145      -     -  214s
     0     0   81.33898    0 1142          -   81.33898      -     -  243s
     0     0   81.33898    0 1138          -   81.33898      -     -  244s
     0     0   81.33898    0 1144          -   81.33898      -     -  244s
     0     0   81.34286    0 1572          -   81.34286      -     -  323s
     0     0   81.34286    0 1528          -   81.34286      -     -  324s
     0     0   81.34286    0 1536          -   81.34286      -     -  324s
     0     0   81.34286    0 1528          -   81.34286      -     -  324s
     0     0   81.34286    0 1561          -   81.34286      -     -  333s
     0     0   81.34286    0 1483          -   81.34286      -     -  334s
     0     0   81.34286    0 1588          -   81.34286      -     -  344s
     0     0   81.34286    0 1513          -   81.34286      -     -  346s
     0     0   81.34286    0 1461          -   81.34286      -     -  348s
     0     0   81.34286    0 1443          -   81.34286      -     -  348s
     0     0   81.34783    0 1596          -   81.34783      -     -  359s
     0     0   81.34783    0 1488          -   81.34783      -     -  360s
     0     0   81.34783    0 1611          -   81.34783      -     -  371s
     0     0   81.34783    0 1549          -   81.34783      -     -  371s
     0     0   81.34783    0 1760          -   81.34783      -     -  374s
     0     0   81.34783    0  980          -   81.34783      -     -  424s
     0     0   81.34783    0  978          -   81.34783      -     -  424s
     0     0   81.34783    0 1672          -   81.34783      -     -  439s
     0     0   81.34783    0 1661          -   81.34783      -     -  439s
     0     0   81.34783    0 1827          -   81.34783      -     -  451s
     0     0   81.34783    0 1733          -   81.34783      -     -  452s
     0     0   81.34783    0 1723          -   81.34783      -     -  453s
     0     0   81.34783    0 1122          -   81.34783      -     -  478s
     0     0   81.34783    0 1278          -   81.34783      -     -  498s
     0     0   81.34783    0 1259          -   81.34783      -     -  498s
     0     0   81.36474    0 1497          -   81.36474      -     -  501s
     0     0   81.37037    0 1509          -   81.37037      -     -  503s
     0     0   81.37037    0 1499          -   81.37037      -     -  503s
     0     0   81.38158    0 1534          -   81.38158      -     -  511s
     0     0   81.38158    0 1531          -   81.38158      -     -  511s
     0     0   81.38158    0 1652          -   81.38158      -     -  516s
     0     0   81.38158    0 1565          -   81.38158      -     -  517s
     0     0   81.38158    0 1595          -   81.38158      -     -  526s
     0     0   81.38158    0 1607          -   81.38158      -     -  532s
     0     0   81.38158    0 1546          -   81.38158      -     -  532s
     0     0   81.38158    0 1093          -   81.38158      -     -  551s
     0     0   81.38158    0 1341          -   81.38158      -     -  557s
     0     0   81.38158    0 1340          -   81.38158      -     -  557s
     0     0   81.38158    0  985          -   81.38158      -     -  572s
     0     0   81.38158    0 1368          -   81.38158      -     -  580s
     0     0   81.38158    0 1304          -   81.38158      -     -  581s
     0     0   81.38158    0 1303          -   81.38158      -     -  581s
     0     0   81.38158    0  732          -   81.38158      -     -  598s
     0     0   81.38158    0 1152          -   81.38158      -     -  602s
     0     0   81.38158    0 1150          -   81.38158      -     -  602s
     0     0   81.38158    0  959          -   81.38158      -     -  615s
     0     0   81.38158    0 1275          -   81.38158      -     -  617s
     0     0   81.38158    0 1258          -   81.38158      -     -  618s
     0     0   81.38158    0  941          -   81.38158      -     -  637s
     0     0   81.38158    0  941          -   81.38158      -     -  637s
     0     0   81.38158    0  941          -   81.38158      -     -  640s
     0     2   81.38158    0  779          -   81.38158      -     -  700s
     1     5   81.63043    1  772          -   81.63043      -  3886  717s
     3     8   81.70732    2  769          -   81.70732      -  1537  737s
     7    16   82.03571    3 1034          -   82.00000      -  1025  772s
    15    29   82.26087    4 1221          -   82.00000      -  1572  800s
    31    50   82.52632    5 1308          -   82.00000      -  1828  851s
    60    75   91.00000    6 1251          -   82.00000      -  1807  872s
    92   105   91.00000    7 1210          -   82.00000      -  1674  885s
   124   134   91.57895    8 1320          -   82.00000      -  1503  912s
   156   164   91.57895    9 1303          -   82.00000      -  1260  923s
   188   211   92.00000   10 1251          -   82.00000      -  1097  931s
   237   255   93.00000   11 1184          -   82.00000      -   919  946s
   289   298   93.00000   12 1203          -   82.00000      -   786  977s
   340   352   98.00000   13  979          -   82.00000      -   707  985s
   397   414  104.00000   13  952          -   82.00000      -   640 1015s
   464   470   98.00000   14  994          -   82.00000      -   575 1022s
   522   544   98.00000   15  945          -   82.00000      -   534 1030s
   601   612   98.00000   16  954          -   82.00000      -   489 1045s
   681   707   98.00000   17  954          -   82.00000      -   453 1056s
   785   794   98.00000   21  920          -   82.00000      -   410 1067s
   879   889  104.00000   23 1010          -   82.00000      -   379 1077s
   974   995  100.00000   24  922          -   82.00000      -   357 1084s
  1085  1111  100.00000   31  941          -   82.00000      -   332 1095s
  1210  1239  105.00000   32  867          -   82.00000      -   309 1136s
  1347  1384  100.00000   32  938          -   82.00000      -   287 1144s
  1501  1472  100.00000   36  910          -   82.00000      -   267 1151s
  1599  1573  101.00000   37  879          -   82.00000      -   259 1168s
  1708  1693  100.00000   38  994          -   82.00000      -   254 1176s
  1834  1829  100.00000   43  998          -   82.00000      -   247 1192s
  1987  1959  100.00000   48 1068          -   82.00000      -   238 1200s
  2136  2055  100.00000   49 1072          -   82.00000      -   230 1208s
  2241  2186  100.00000   50 1033          -   82.00000      -   229 1219s
  2402  2414  100.00000   51 1031          -   82.00000      -   224 1235s
  2653  2645  100.00000   58  976          -   82.00000      -   212 1244s
  2901  2851  100.00000   59  897          -   82.00000      -   201 1253s
  3139  3082  100.00000   62  950          -   82.00000      -   193 1268s
  3412  3334  100.00000   63 1000          -   82.00000      -   184 1278s
  3689  3576  100.00000   72  990          -   82.00000      -   177 1309s
  3982  3801  100.00000   74 1060          -   82.00000      -   171 1320s
  4255  4066  100.00000   88  984          -   82.00000      -   166 1330s
  4578  4287  100.00000   89  993          -   82.00000      -   160 1344s
  4851  4543  100.00000   90  991          -   82.00000      -   157 1355s
  5203  4768  100.00000  117  943          -   82.00000      -   151 1371s
  5518  4888  100.00000  123  964          -   82.00000      -   148 1386s
  5698  5191  100.00000  132  908          -   82.00000      -   150 1400s
  6067  5478  100.00000  160  887          -   82.00000      -   147 1415s
  6466  5675 infeasible  161               -   82.00000      -   143 1438s
  6770  5983   82.60000    9 1303          -   82.00000      -   142 1462s
  7187  6332   85.00610   15 1117          -   82.00000      -   140 1478s
  7617  6722   87.00610   19 1087          -   82.00000      -   137 1493s
  8084  7138   93.00000   22 1138          -   82.00000      -   134 1509s
  8584  7593   91.00000   27  937          -   82.00000      -   131 1529s
  9191  7714   95.00000   28  864          -   82.00000      -   127 1549s
  9389  7714   90.00000  128  890          -   82.00000      -   128 1550s
  9534  7943   96.00000   30  937          -   82.00000      -   127 1587s
  9865  7944   95.00000   83 1760          -   82.00000      -   129 1660s
  9867  7945  101.00000  105  578          -   82.00000      -   129 1848s
  9868  7946   98.00000   25 1195          -   82.00000      -   129 1852s
  9869  7947   91.00000   71 1301          -   82.00000      -   129 2015s
  9870  7947   97.00000   13 1324          -   82.00000      -   129 2047s
  9871  7948   96.00000   45 1428          -   82.00000      -   129 2053s
  9872  7949  108.00000   70 1373          -   82.00000      -   129 2056s
  9873  7949   89.00000  111 1455          -   82.00000      -   129 2062s
  9875  7951  111.00000   29 1470          -   82.00000      -   129 2068s
  9876  7951   95.00000   54 1459          -   82.00000      -   129 2073s
  9877  7952   92.00000   73 1516          -   82.00000      -   129 2197s
  9878  7953   90.00000   32 1535          -   82.00000      -   129 2214s
  9879  7953   89.00000   93 1601          -   82.00000      -   128 2243s
  9880  7954   93.00000   93 1490          -   82.00000      -   128 2255s
  9881  7955  100.00000  132 1548          -   82.00000      -   128 2268s
  9882  7955  104.00000   46 1558          -   82.00000      -   128 2281s
  9883  7956  101.00000  155 1518          -   82.00000      -   128 2292s
  9884  7957  100.00000   99 1546          -   82.00000      -   128 2306s
  9885  7957   92.03394  116  996          -   82.00000      -   128 2311s
  9886  7958   97.00000   46  996          -   82.00000      -   128 2321s
  9887  7962   82.00000   14  996          -   82.00000      -   152 2404s
  9889  7965   82.00000   15  966          -   82.00000      -   152 2453s
  9893  7972   91.00000   16  829          -   82.00000      -   153 3421s
  9901  7977   91.00000   17 1069          -   82.00000      -   153 4193s

Cutting planes:
  Learned: 17
  Gomory: 26
  Cover: 63
  Implied bound: 2
  Projected implied bound: 1
  Clique: 6
  MIR: 96
  StrongCG: 1
  Flow cover: 180
  Inf proof: 1
  Zero half: 6
  RLT: 47
  Relax-and-lift: 96

Explored 9909 nodes (1689269 simplex iterations) in 4260.72 seconds (185.82 work units)
Thread count was 32 (of 32 available processors)

Solution count 0

Time limit reached
Best objective -, best bound 8.200000000000e+01, gap -

Unable to retrieve attribute 'X'

