
Gurobi 10.0.3 (linux64, gurobi_cl) logging started Thu Nov  2 11:34:01 2023

Set parameter Username
Set parameter TimeLimit to value 3600
Set parameter LogFile to value "RCPSP_296.log"
Set parameter Threads to value 32
Academic license - for non-commercial use only - expires 2024-10-30
Using license file /home/jrivera6/gurobi-licenses/v1003/compute-0-35/gurobi.lic

Gurobi Optimizer version 10.0.3 build v10.0.3rc0 (linux64)
Copyright (c) 2023, Gurobi Optimization, LLC

Read MPS format model from file RCPSP_296.mps
Reading time = 0.01 seconds
RCPSP_296: 5339 rows, 2080 columns, 18883 nonzeros

CPU model: Intel(R) Xeon(R) Gold 6130 CPU @ 2.10GHz, instruction set [SSE2|AVX|AVX2|AVX512]
Thread count: 32 physical cores, 32 logical processors, using up to 32 threads

Optimize a model with 5339 rows, 2080 columns and 18883 nonzeros
Model fingerprint: 0xec169c87
Variable types: 32 continuous, 2048 integer (2048 binary)
Coefficient statistics:
  Matrix range     [1e+00, 2e+02]
  Objective range  [1e+00, 1e+00]
  Bounds range     [1e+00, 1e+00]
  RHS range        [1e+00, 2e+02]
Presolve removed 2833 rows and 1088 columns
Presolve time: 0.24s
Presolved: 2506 rows, 992 columns, 9088 nonzeros
Variable types: 31 continuous, 961 integer (961 binary)

Root relaxation: objective 5.400000e+01, 334 iterations, 0.00 seconds (0.00 work units)

    Nodes    |    Current Node    |     Objective Bounds      |     Work
 Expl Unexpl |  Obj  Depth IntInf | Incumbent    BestBd   Gap | It/Node Time

     0     0   54.00000    0   14          -   54.00000      -     -    0s
     0     0   54.00000    0   38          -   54.00000      -     -    0s
H    0     0                      72.0000000   54.00000  25.0%     -    0s
H    0     0                      69.0000000   54.00000  21.7%     -    0s
     0     0   54.00000    0   20   69.00000   54.00000  21.7%     -    0s
     0     0   54.00000    0   23   69.00000   54.00000  21.7%     -    1s
     0     0   54.00000    0   36   69.00000   54.00000  21.7%     -    1s
     0     0   54.00000    0   34   69.00000   54.00000  21.7%     -    1s
     0     0   54.00000    0   34   69.00000   54.00000  21.7%     -    1s
H    0     0                      68.0000000   54.00000  20.6%     -    1s
H    0     0                      67.0000000   54.00000  19.4%     -    1s
     0     0   54.00000    0   17   67.00000   54.00000  19.4%     -    3s
H    0     0                      64.0000000   54.00000  15.6%     -    4s
     0     0   54.00000    0   40   64.00000   54.00000  15.6%     -    4s
     0     0   54.00000    0   65   64.00000   54.00000  15.6%     -    5s
H    0     0                      63.0000000   54.00000  14.3%     -    5s
H    0     0                      62.0000000   54.00000  12.9%     -    8s
     0     0   54.00000    0   35   62.00000   54.00000  12.9%     -    8s
     0     0   54.01271    0   82   62.00000   54.01271  12.9%     -    9s
     0     0   54.12680    0   43   62.00000   54.12680  12.7%     -   11s
H    0     0                      61.0000000   54.12680  11.3%     -   12s
     0     0   54.13953    0   99   61.00000   54.13953  11.2%     -   12s
     0     0   54.13953    0   95   61.00000   54.13953  11.2%     -   12s
     0     0   54.35821    0   67   61.00000   54.35821  10.9%     -   13s
H    0     0                      58.0000000   54.35821  6.28%     -   14s
     0     0   54.36364    0   79   58.00000   54.36364  6.27%     -   14s
     0     0   54.36364    0   87   58.00000   54.36364  6.27%     -   15s
     0     0     cutoff    0        58.00000   58.00000  0.00%     -   18s

Explored 1 nodes (6518 simplex iterations) in 18.66 seconds (0.71 work units)
Thread count was 32 (of 32 available processors)

Solution count 9: 58 61 62 ... 72

Optimal solution found (tolerance 1.00e-04)
Best objective 5.800000000000e+01, best bound 5.800000000000e+01, gap 0.0000%

Wrote result file 'RCPSP_296.sol'

