
Gurobi 10.0.3 (linux64, gurobi_cl) logging started Thu Nov  9 11:50:10 2023

Set parameter Username
Set parameter TimeLimit to value 3600
Set parameter LogFile to value "RCPSP_1257.log"
Set parameter Threads to value 32
Academic license - for non-commercial use only - expires 2024-10-30
Using license file /home/jrivera6/gurobi-licenses/v1003/compute-0-37/gurobi.lic

Gurobi Optimizer version 10.0.3 build v10.0.3rc0 (linux64)
Copyright (c) 2023, Gurobi Optimization, LLC

Read MPS format model from file RCPSP_1257.mps
Reading time = 0.10 seconds
RCPSP_1257: 42947 rows, 17020 columns, 159151 nonzeros

CPU model: Intel(R) Xeon(R) Gold 6242 CPU @ 2.80GHz, instruction set [SSE2|AVX|AVX2|AVX512]
Thread count: 32 physical cores, 32 logical processors, using up to 32 threads

Optimize a model with 42947 rows, 17020 columns and 159151 nonzeros
Model fingerprint: 0xed1c4225
Variable types: 92 continuous, 16928 integer (16928 binary)
Coefficient statistics:
  Matrix range     [1e+00, 5e+02]
  Objective range  [1e+00, 1e+00]
  Bounds range     [1e+00, 1e+00]
  RHS range        [1e+00, 5e+02]
Presolve removed 7762 rows and 1931 columns
Presolve time: 4.23s
Presolved: 35185 rows, 15089 columns, 137150 nonzeros
Variable types: 91 continuous, 14998 integer (14998 binary)

Deterministic concurrent LP optimizer: primal and dual simplex (primal and dual model)
Showing first log only...

Root relaxation presolved: 35185 rows, 15089 columns, 137150 nonzeros


Root simplex log...

Iteration    Objective       Primal Inf.    Dual Inf.      Time
       0    8.5213483e+01   2.062939e-02   2.253574e+08      5s
    2508    8.4000000e+01   0.000000e+00   0.000000e+00      6s
Concurrent spin time: 0.86s

Solved with dual simplex (dual model)

Root relaxation: objective 8.400000e+01, 17394 iterations, 2.53 seconds (0.22 work units)
Total elapsed time = 10.31s

    Nodes    |    Current Node    |     Objective Bounds      |     Work
 Expl Unexpl |  Obj  Depth IntInf | Incumbent    BestBd   Gap | It/Node Time

     0     0   84.00000    0  175          -   84.00000      -     -   12s
     0     0   84.00000    0 1146          -   84.00000      -     -   37s
     0     0   84.00000    0 1052          -   84.00000      -     -   38s
     0     0   84.00000    0 1021          -   84.00000      -     -   38s
     0     0   84.00000    0 1030          -   84.00000      -     -   40s
     0     0   84.00000    0 1038          -   84.00000      -     -   41s
     0     0   84.00000    0   87          -   84.00000      -     -   53s
     0     0   84.00000    0   81          -   84.00000      -     -   53s
     0     0   84.00000    0   34          -   84.00000      -     -   70s
     0     0   84.00000    0   92          -   84.00000      -     -   78s
     0     0   84.00000    0   41          -   84.00000      -     -   86s
     0     0   84.00000    0   93          -   84.00000      -     -   87s
     0     0   84.00000    0   46          -   84.00000      -     -   94s
     0     0   84.00000    0  130          -   84.00000      -     -   97s
     0     0   84.00000    0   42          -   84.00000      -     -  105s
     0     0   84.00000    0  310          -   84.00000      -     -  113s
     0     0   84.00000    0   74          -   84.00000      -     -  124s
     0     0   84.00000    0   58          -   84.00000      -     -  127s
     0     2   84.00000    0   58          -   84.00000      -     -  144s
     1     4   84.00000    1   58          -   84.00000      -   948  148s
     3     6   84.00000    2  268          -   84.00000      -   489  157s
     7    12   84.00000    3  437          -   84.00000      -   386  169s
    13    24   84.00000    4  442          -   84.00000      -   446  177s
    25    43   84.00000    5  639          -   84.00000      -   346  202s
    49    72   84.00000    6  522          -   84.00000      -   687  218s
    81   104   84.00000    7  428          -   84.00000      -   631  238s
   113   133   84.00000    8  426          -   84.00000      -   580  249s
   145   164   84.00000    9  428          -   84.00000      -   464  259s
   177   198   84.00000   10  347          -   84.00000      -   401  282s
   212   234   84.00000   11  345          -   84.00000      -   531  288s
   250   269   84.00000   12  343          -   84.00000      -   454  300s
   287   305   84.00000   13  351          -   84.00000      -   400  309s
   325   343   84.00000   14  343          -   84.00000      -   356  319s
   364   385   84.00000   15  341          -   84.00000      -   320  324s
   407   427   84.00000   16  339          -   84.00000      -   288  335s
   452   472   84.00000   17  339          -   84.00000      -   261  409s
   463   472   86.00000   17  407          -   84.00000      -   256  418s
   503   514   84.00000   18  339          -   84.00000      -   242  427s
   552   567   84.00000   19  339          -   84.00000      -   221  461s
   608   613   84.00000   20   99          -   84.00000      -   220  536s
   661   716   84.00000   21   99          -   84.00000      -   204  579s
   771   860   84.00000   24   99          -   84.00000      -   183  860s
   926  1155   84.00000   27  103          -   84.00000      -   158 1218s
   932  1155   84.00000   31  134          -   84.00000      -   160 1220s
  1227  1491   84.00000   31  122          -   84.00000      -   129 1895s
  1577  1914   84.00000   35  124          -   84.00000      -   106 2720s
  1645  1914   84.00000   35  140          -   84.00000      -   105 2884s
  1849  1914   84.00000   38  283          -   84.00000      -  97.5 2891s
  2019  2330   84.00000   40  119          -   84.00000      -  98.0 3714s
  2051  2330   84.00000   41  158          -   84.00000      -  97.9 3718s

Cutting planes:
  Gomory: 8
  Lift-and-project: 1
  Cover: 56
  Implied bound: 228
  MIR: 682
  StrongCG: 1
  RLT: 376
  Relax-and-lift: 184

Explored 2458 nodes (291468 simplex iterations) in 3860.14 seconds (34.79 work units)
Thread count was 32 (of 32 available processors)

Solution count 0

Time limit reached
Best objective -, best bound 8.400000000000e+01, gap -

Unable to retrieve attribute 'X'

