
Gurobi 10.0.3 (linux64, gurobi_cl) logging started Thu Nov  2 11:34:00 2023

Set parameter Username
Set parameter TimeLimit to value 3600
Set parameter LogFile to value "RCPSP_310.log"
Set parameter Threads to value 32
Academic license - for non-commercial use only - expires 2024-10-30
Using license file /home/jrivera6/gurobi-licenses/v1003/compute-0-38/gurobi.lic

Gurobi Optimizer version 10.0.3 build v10.0.3rc0 (linux64)
Copyright (c) 2023, Gurobi Optimization, LLC

Read MPS format model from file RCPSP_310.mps
Reading time = 0.01 seconds
RCPSP_310: 5339 rows, 2080 columns, 18883 nonzeros

CPU model: Intel(R) Xeon(R) Gold 6242 CPU @ 2.80GHz, instruction set [SSE2|AVX|AVX2|AVX512]
Thread count: 32 physical cores, 32 logical processors, using up to 32 threads

Optimize a model with 5339 rows, 2080 columns and 18883 nonzeros
Model fingerprint: 0xe9dd4fc0
Variable types: 32 continuous, 2048 integer (2048 binary)
Coefficient statistics:
  Matrix range     [1e+00, 2e+02]
  Objective range  [1e+00, 1e+00]
  Bounds range     [1e+00, 1e+00]
  RHS range        [1e+00, 2e+02]
Presolve removed 2916 rows and 1128 columns
Presolve time: 0.22s
Presolved: 2423 rows, 952 columns, 8737 nonzeros
Variable types: 31 continuous, 921 integer (921 binary)

Root relaxation: objective 4.900000e+01, 330 iterations, 0.00 seconds (0.00 work units)

    Nodes    |    Current Node    |     Objective Bounds      |     Work
 Expl Unexpl |  Obj  Depth IntInf | Incumbent    BestBd   Gap | It/Node Time

     0     0   49.00000    0   10          -   49.00000      -     -    0s
H    0     0                      58.0000000   49.00000  15.5%     -    0s
     0     0   49.00000    0   26   58.00000   49.00000  15.5%     -    0s
H    0     0                      57.0000000   49.00000  14.0%     -    0s
     0     0   49.00000    0   28   57.00000   49.00000  14.0%     -    0s
     0     0   49.00000    0   10   57.00000   49.00000  14.0%     -    0s
     0     0   49.00000    0   10   57.00000   49.00000  14.0%     -    0s
H    0     0                      56.0000000   49.00000  12.5%     -    0s
H    0     0                      54.0000000   49.00000  9.26%     -    0s
     0     0   49.00000    0   35   54.00000   49.00000  9.26%     -    0s
     0     0   49.00000    0    9   54.00000   49.00000  9.26%     -    2s
     0     0   49.00000    0   67   54.00000   49.00000  9.26%     -    2s
     0     0   49.00000    0   68   54.00000   49.00000  9.26%     -    3s
H    0     0                      53.0000000   49.00000  7.55%     -    5s
     0     0   49.40000    0   34   53.00000   49.40000  6.79%     -    5s
     0     0   50.00000    0   38   53.00000   50.00000  5.66%     -    6s
     0     0   50.00000    0   68   53.00000   50.00000  5.66%     -    7s
     0     0   50.00000    0   64   53.00000   50.00000  5.66%     -    7s
     0     0   50.00000    0   61   53.00000   50.00000  5.66%     -    8s
     0     0   51.00000    0   64   53.00000   51.00000  3.77%     -    8s
     0     0   51.00000    0   36   53.00000   51.00000  3.77%     -   10s
     0     0   51.00000    0   62   53.00000   51.00000  3.77%     -   10s
     0     0   51.00000    0   54   53.00000   51.00000  3.77%     -   10s
     0     0   51.00000    0   28   53.00000   51.00000  3.77%     -   12s
     0     0   51.00000    0   49   53.00000   51.00000  3.77%     -   12s
     0     0   51.00000    0   32   53.00000   51.00000  3.77%     -   12s
H    0     0                      52.0000000   51.00000  1.92%     -   12s
     0     0   51.00000    0   64   52.00000   51.00000  1.92%     -   12s
     0     0   51.00000    0   60   52.00000   51.00000  1.92%     -   12s
     0     0   51.00000    0   57   52.00000   51.00000  1.92%     -   12s
     0     0   51.00000    0   51   52.00000   51.00000  1.92%     -   12s
     0     0   51.00000    0   26   52.00000   51.00000  1.92%     -   13s
     0     0   51.00000    0   26   52.00000   51.00000  1.92%     -   15s
     0     0   51.00000    0   42   52.00000   51.00000  1.92%     -   16s
     0     0   51.00000    0   44   52.00000   51.00000  1.92%     -   16s
     0     0   51.00000    0   33   52.00000   51.00000  1.92%     -   17s
     0     0   51.00000    0   32   52.00000   51.00000  1.92%     -   18s
     0     0   51.00000    0   81   52.00000   51.00000  1.92%     -   19s
     0     0   51.00000    0   67   52.00000   51.00000  1.92%     -   19s
     0     0   51.00000    0   76   52.00000   51.00000  1.92%     -   20s
     0     0   51.00000    0   20   52.00000   51.00000  1.92%     -   21s
     0     2   51.00000    0   13   52.00000   51.00000  1.92%     -   22s

Cutting planes:
  Learned: 1
  Gomory: 3
  Cover: 42
  Implied bound: 10
  Clique: 8
  MIR: 21
  StrongCG: 1
  Inf proof: 1
  Zero half: 1
  RLT: 2
  Relax-and-lift: 3

Explored 15 nodes (10149 simplex iterations) in 23.39 seconds (0.89 work units)
Thread count was 32 (of 32 available processors)

Solution count 6: 52 53 54 ... 58

Optimal solution found (tolerance 1.00e-04)
Best objective 5.200000000000e+01, best bound 5.200000000000e+01, gap 0.0000%

Wrote result file 'RCPSP_310.sol'

