
Gurobi 10.0.3 (linux64, gurobi_cl) logging started Thu Nov  2 11:34:48 2023

Set parameter Username
Set parameter TimeLimit to value 3600
Set parameter LogFile to value "RCPSP_605.log"
Set parameter Threads to value 32
Academic license - for non-commercial use only - expires 2024-10-30
Using license file /home/jrivera6/gurobi-licenses/v1003/compute-0-39/gurobi.lic

Gurobi Optimizer version 10.0.3 build v10.0.3rc0 (linux64)
Copyright (c) 2023, Gurobi Optimization, LLC

Read MPS format model from file RCPSP_605.mps
Reading time = 0.02 seconds
RCPSP_605: 19624 rows, 7750 columns, 71898 nonzeros

CPU model: Intel(R) Xeon(R) Gold 6242 CPU @ 2.80GHz, instruction set [SSE2|AVX|AVX2|AVX512]
Thread count: 32 physical cores, 32 logical processors, using up to 32 threads

Optimize a model with 19624 rows, 7750 columns and 71898 nonzeros
Model fingerprint: 0x769fc374
Variable types: 62 continuous, 7688 integer (7688 binary)
Coefficient statistics:
  Matrix range     [1e+00, 3e+02]
  Objective range  [1e+00, 1e+00]
  Bounds range     [1e+00, 1e+00]
  RHS range        [1e+00, 3e+02]
Presolve removed 6287 rows and 2061 columns
Presolve time: 2.08s
Presolved: 13337 rows, 5689 columns, 51579 nonzeros
Variable types: 61 continuous, 5628 integer (5628 binary)

Root relaxation: objective 5.300000e+01, 2123 iterations, 0.08 seconds (0.04 work units)

    Nodes    |    Current Node    |     Objective Bounds      |     Work
 Expl Unexpl |  Obj  Depth IntInf | Incumbent    BestBd   Gap | It/Node Time

     0     0   53.00000    0  411          -   53.00000      -     -    3s
     0     0   53.00000    0  773          -   53.00000      -     -    5s
     0     0   53.00000    0  728          -   53.00000      -     -    6s
     0     0   53.00000    0  682          -   53.00000      -     -   11s
     0     0   53.00000    0  681          -   53.00000      -     -   11s
     0     0   53.00000    0  799          -   53.00000      -     -   12s
     0     0   53.11562    0  714          -   53.11562      -     -   16s
     0     0   53.12026    0  814          -   53.12026      -     -   21s
     0     0   53.27907    0  885          -   53.27907      -     -   22s
     0     0   53.27907    0  985          -   53.27907      -     -   23s
     0     0   53.27907    0  891          -   53.27907      -     -   23s
     0     0   53.28484    0 1078          -   53.28484      -     -   25s
     0     0   53.28653    0  996          -   53.28653      -     -   27s
     0     0   53.33440    0 1072          -   53.33440      -     -   29s
     0     0   53.35800    0 1032          -   53.35800      -     -   31s
     0     0   53.35800    0 1031          -   53.35800      -     -   31s
     0     0   53.37798    0 1042          -   53.37798      -     -   35s
     0     0   53.38350    0 1023          -   53.38350      -     -   36s
     0     0   53.38680    0 1069          -   53.38680      -     -   40s
     0     0   53.38680    0 1088          -   53.38680      -     -   43s
     0     0   53.41861    0 1068          -   53.41861      -     -   48s
     0     0   53.41861    0 1029          -   53.41861      -     -   53s
     0     0   53.41861    0 1014          -   53.41861      -     -   58s
     0     0   53.41861    0 1065          -   53.41861      -     -   60s
     0     0   53.41861    0  752          -   53.41861      -     -   69s
     0     0   53.41861    0  951          -   53.41861      -     -   71s
     0     0   53.41861    0  817          -   53.41861      -     -   78s
H    0     0                     330.0000000   53.41861  83.8%     -   79s
     0     0   53.41861    0  659  330.00000   53.41861  83.8%     -   80s
H    0     0                     266.0000000   53.42240  79.9%     -   81s
H    0     2                     244.0000000   53.42240  78.1%     -   93s
     0     2   53.42240    0  536  244.00000   53.42240  78.1%     -   93s
     1     4   53.48848    1  518  244.00000   53.48848  78.1%  4120   95s
     7    16   53.62938    3  811  244.00000   53.62938  78.0%  1623  103s
    15    32   54.42864    4  904  244.00000   53.77254  78.0%  1420  116s
H   31    63                     220.0000000   53.88889  75.5%  1535  157s
H   32    63                     215.0000000   53.88889  74.9%  1544  157s
H   42    63                     213.0000000   54.00000  74.6%  1543  157s
H   42    63                     211.0000000   54.00000  74.4%  1543  157s
H   50    63                     210.0000000   54.00000  74.3%  1567  157s
H   56    63                     209.0000000   54.00000  74.2%  1607  157s
    63    91   58.00000    6  871  209.00000   54.00000  74.2%  1611  196s
H   95   121                     202.0000000   54.00000  73.3%  1464  282s
H   96   121                     191.0000000   54.00000  71.7%  1469  282s
H   98   121                     177.0000000   54.00000  69.5%  1461  282s
H  120   121                     170.0000000   54.00000  68.2%  1271  282s
   127   147   56.96587    7  819  170.00000   54.00000  68.2%  1220  293s
H  159   171                     140.0000000   54.00000  61.4%  1128  398s
H  160   171                     139.0000000   54.00000  61.2%  1126  398s
H  161   171                     134.0000000   54.00000  59.7%  1129  398s
H  165   171                     129.0000000   54.00000  58.1%  1112  398s
H  168   171                     121.0000000   54.00000  55.4%  1099  398s
   191   217   57.00000    9  814  121.00000   54.00000  55.4%  1010  405s
   253   265   57.00000   11  804  121.00000   54.00000  55.4%   833  410s
   313   312   57.00000   12  793  121.00000   54.00000  55.4%   719  416s
   377   372   57.00000   14  791  121.00000   54.00000  55.4%   625  428s
   449   413   57.00000   17  801  121.00000   54.00000  55.4%   565  443s
   505   468   57.00000   18  834  121.00000   54.00000  55.4%   551  456s
   574   527   57.01267   19  847  121.00000   54.00000  55.4%   527  465s
   649   596   57.05713   20  831  121.00000   54.00000  55.4%   503  470s
   723   692   57.10500   22  826  121.00000   54.00000  55.4%   483  477s
   841   766   57.10868   24  835  121.00000   54.00000  55.4%   434  485s
   933   849   57.18847   25  826  121.00000   54.00000  55.4%   418  493s
  1024   920   58.10636   25  776  121.00000   54.00000  55.4%   406  503s
  1112  1023   57.22373   26  787  121.00000   54.00000  55.4%   399  513s
H 1232  1050                     111.0000000   54.00000  51.4%   381  565s
H 1253  1050                     111.0000000   54.00000  51.4%   382  565s
H 1255  1050                     110.9999960   54.00000  51.4%   382  565s
  1268  1199   62.00000   29  706  111.00000   54.00000  51.4%   383  571s
  1422  1354   57.75910   30  711  111.00000   54.00000  51.4%   359  577s
  1601  1511   59.00000   33  677  111.00000   54.00000  51.4%   335  591s
  1805  1646   59.00000   34  666  111.00000   54.00000  51.4%   314  607s
  1955  1804   62.00000   35  722  111.00000   54.00000  51.4%   308  623s
  2163  1935   62.00000   36  647  111.00000   54.00000  51.4%   293  639s
  2347  2088   62.00000   37  610  111.00000   54.00000  51.4%   288  653s
  2536  2253   66.00000   39  513  111.00000   54.00000  51.4%   281  665s
  2746  2463   66.30769   42  500  111.00000   54.00000  51.4%   273  682s
H 3013  2449                     108.0000000   54.00000  50.0%   262  699s
  3014  2450   65.00000   15  659  108.00000   54.00000  50.0%   262  704s
  3016  2451   65.00000   24  374  108.00000   54.00000  50.0%   262  706s
  3017  2452   68.00000   46  658  108.00000   54.00000  50.0%   262  714s
  3018  2453   74.00000   24  912  108.00000   54.00000  50.0%   262  719s
  3019  2453   65.00000   37  948  108.00000   54.00000  50.0%   262  722s
  3020  2454   63.00000   22  969  108.00000   54.00000  50.0%   262  728s
H 3020  2331                     108.0000000   54.00000  50.0%   262  736s
  3021  2332   57.26087   12  845  108.00000   54.00000  50.0%   261  743s
  3022  2332   73.00000   70 1059  108.00000   54.00000  50.0%   261  747s
  3023  2333   72.00000   36 1128  108.00000   54.00000  50.0%   261  752s
  3024  2334   60.00000    9 1123  108.00000   54.00000  50.0%   261  758s
  3025  2334   57.00000   17  811  108.00000   54.00000  50.0%   261  770s
  3027  2336   62.00000   21  839  108.00000   54.00000  50.0%   261  781s
  3029  2337   80.00000   64 1051  108.00000   54.00000  50.0%   261  785s
H 3029  2220                     105.0000000   54.00000  48.6%   261  791s
H 3030  2109                     105.0000000   54.00000  48.6%   261  796s
H 3030  2004                     103.0000000   54.00000  47.6%   261  796s
  3032  2005   69.00000   92 1112  103.00000   54.00000  47.6%   261  801s
  3033  2006   79.00000   36 1144  103.00000   54.00000  47.6%   260  805s
H 3033  1905                     102.0000000   54.00000  47.1%   260  812s
  3035  1906   56.33333   26  888  102.00000   54.00000  47.1%   260  816s
  3036  1907   61.00000   35  752  102.00000   54.00000  47.1%   260  822s
  3037  1907   79.00000   73  909  102.00000   54.00000  47.1%   260  827s
  3038  1908   60.00000   18  944  102.00000   54.00000  47.1%   260  830s
  3041  1910   86.00000  128 1051  102.00000   54.00000  47.1%   260  839s
  3042  1911   59.00000    9  774  102.00000   54.00000  47.1%   260  845s
H 3042  1815                     101.0000000   54.00000  46.5%   260  847s
  3044  1816   79.00000   42  824  101.00000   54.00000  46.5%   259  856s
H 3045  1726                     100.0000000   54.00000  46.0%   259  866s
  3047  1727   74.00000   55  615  100.00000   54.00000  46.0%   259  870s
  3049  1731   54.00000   16  544  100.00000   54.00000  46.0%   309  900s
  3051  1735   55.00000   17  631  100.00000   54.00000  46.0%   310  917s
  3055  1741   55.00000   18  687  100.00000   54.03182  46.0%   312  944s
  3063  1755   55.00000   19  705  100.00000   54.05467  45.9%   323  966s
H 3079  1694                      99.0000000   54.05924  45.4%   331 1005s
H 3106  1602                      98.0000000   54.12685  44.8%   342 1005s
  3111  1633   55.00000   21  744   98.00000   54.12685  44.8%   346 1068s
  3143  1654   55.00000   21  756   98.00000   54.12707  44.8%   363 1298s
H 3145  1575                      98.0000000   54.12707  44.8%   364 1298s
  3175  1593   55.00000   22  753   98.00000   54.12707  44.8%   367 1319s
  3207  1613   55.00000   22  723   98.00000   54.12707  44.8%   376 1421s
  3239  1664   55.00000   23  804   98.00000   54.12707  44.8%   379 1444s
  3301  1699   55.00000   23  719   98.00000   54.12707  44.8%   382 1465s
  3363  1738   55.00000   24  728   98.00000   54.12707  44.8%   381 1481s
  3422  1804   55.00000   24  763   98.00000   54.12707  44.8%   382 1502s
  3508  1854   57.00000   25  647   98.00000   54.12707  44.8%   381 1518s
  3587  1915   55.00000   25  709   98.00000   54.12707  44.8%   380 1540s
  3682  1973   57.00000   26  632   98.00000   54.12707  44.8%   376 1564s
  3780  2037   57.00000   27  671   98.00000   54.12707  44.8%   372 1584s
  3880  2099   57.00000   27  655   98.00000   54.12707  44.8%   368 1600s
  3980  2143   57.00000   28  641   98.00000   54.12707  44.8%   363 1617s
  4075  2226   60.00000   29  623   98.00000   54.12707  44.8%   359 1640s
  4208  2289   60.00000   30  628   98.00000   54.12707  44.8%   351 1685s
  4329  2351   60.00000   31  613   98.00000   54.12707  44.8%   346 1703s
  4453  2419   60.00000   32  611   98.00000   54.12707  44.8%   340 1786s
  4583  2508   60.00000   33  601   98.00000   54.12707  44.8%   336 1806s
  4723  2575   60.00000   35  635   98.00000   54.12707  44.8%   330 1827s
  4863  2660   60.00000   36  597   98.00000   54.12707  44.8%   325 1852s
  5033  2733   60.00000   37  575   98.00000   54.12707  44.8%   318 1903s
  5206  2808   60.00000   38  586   98.00000   54.12707  44.8%   312 2045s
  5387  2869   60.00000   39  603   98.00000   54.12707  44.8%   308 2104s
  5548  2957   65.00000   40  585   98.00000   54.12707  44.8%   305 2176s
  5754  3035   60.00000   41  615   98.00000   54.12707  44.8%   300 2216s
  5947  3114   60.00000   42  594   98.00000   54.12707  44.8%   296 2281s
  6139  3214   60.00000   44  555   98.00000   54.12707  44.8%   293 2528s
  6337  3361   60.00000   46  544   98.00000   54.12707  44.8%   290 2746s
  6598  3765   60.00000   48  566   98.00000   54.12707  44.8%   285 3178s
  7002  3631   91.00000   72  418   98.00000   54.12707  44.8%   273 3180s
  7199  3598   63.00000   51  550   98.00000   54.12707  44.8%   267 3794s

Cutting planes:
  Learned: 3
  Gomory: 88
  Cover: 125
  Implied bound: 30
  Projected implied bound: 1
  Clique: 43
  MIR: 454
  StrongCG: 12
  Flow cover: 677
  Inf proof: 5
  Zero half: 14
  RLT: 264
  Relax-and-lift: 604

Explored 7356 nodes (2075936 simplex iterations) in 4026.20 seconds (244.69 work units)
Thread count was 32 (of 32 available processors)

Solution count 10: 98 98 99 ... 108

Time limit reached
Best objective 9.799999999010e+01, best bound 5.412707030890e+01, gap 44.7683%

Wrote result file 'RCPSP_605.sol'

