
Gurobi 10.0.3 (linux64, gurobi_cl) logging started Thu Nov  2 11:34:00 2023

Set parameter Username
Set parameter TimeLimit to value 3600
Set parameter LogFile to value "RCPSP_281.log"
Set parameter Threads to value 32
Academic license - for non-commercial use only - expires 2024-10-30
Using license file /home/jrivera6/gurobi-licenses/v1003/compute-0-35/gurobi.lic

Gurobi Optimizer version 10.0.3 build v10.0.3rc0 (linux64)
Copyright (c) 2023, Gurobi Optimization, LLC

Read MPS format model from file RCPSP_281.mps
Reading time = 0.01 seconds
RCPSP_281: 5339 rows, 2080 columns, 18883 nonzeros

CPU model: Intel(R) Xeon(R) Gold 6130 CPU @ 2.10GHz, instruction set [SSE2|AVX|AVX2|AVX512]
Thread count: 32 physical cores, 32 logical processors, using up to 32 threads

Optimize a model with 5339 rows, 2080 columns and 18883 nonzeros
Model fingerprint: 0x6a972d6e
Variable types: 32 continuous, 2048 integer (2048 binary)
Coefficient statistics:
  Matrix range     [1e+00, 2e+02]
  Objective range  [1e+00, 1e+00]
  Bounds range     [1e+00, 1e+00]
  RHS range        [1e+00, 2e+02]
Presolve removed 3323 rows and 1277 columns
Presolve time: 0.15s
Presolved: 2016 rows, 803 columns, 6908 nonzeros
Variable types: 31 continuous, 772 integer (772 binary)

Root relaxation: objective 6.600000e+01, 287 iterations, 0.00 seconds (0.00 work units)

    Nodes    |    Current Node    |     Objective Bounds      |     Work
 Expl Unexpl |  Obj  Depth IntInf | Incumbent    BestBd   Gap | It/Node Time

     0     0   66.00000    0   37          -   66.00000      -     -    0s
     0     0   66.00000    0  103          -   66.00000      -     -    0s
     0     0   66.00000    0  103          -   66.00000      -     -    0s
     0     0   66.43902    0   35          -   66.43902      -     -    0s
     0     0   66.43902    0   41          -   66.43902      -     -    0s
     0     0   68.00443    0   87          -   68.00443      -     -    1s
H    0     0                     100.0000000   68.00842  32.0%     -    1s
     0     0   68.00842    0   79  100.00000   68.00842  32.0%     -    1s
     0     0   68.00842    0   76  100.00000   68.00842  32.0%     -    1s
H    0     0                      97.0000000   68.00842  29.9%     -    1s
     0     0   68.50000    0   71   97.00000   68.50000  29.4%     -    1s
     0     0   68.50000    0   66   97.00000   68.50000  29.4%     -    1s
     0     0   68.60000    0   76   97.00000   68.60000  29.3%     -    1s
     0     0   68.60000    0   88   97.00000   68.60000  29.3%     -    1s
     0     0   68.60000    0  103   97.00000   68.60000  29.3%     -    1s
H    0     0                      96.0000000   68.60000  28.5%     -    1s
     0     0   68.60000    0   80   96.00000   68.60000  28.5%     -    1s
     0     0   68.60000    0   40   96.00000   68.60000  28.5%     -    2s
     0     0   68.60000    0   39   96.00000   68.60000  28.5%     -    2s
     0     0   68.60000    0   36   96.00000   68.60000  28.5%     -    2s
     0     0   68.61538    0   42   96.00000   68.61538  28.5%     -    2s
     0     0   68.93333    0   60   96.00000   68.93333  28.2%     -    2s
     0     0   68.95833    0   65   96.00000   68.95833  28.2%     -    2s
     0     0   68.97879    0   66   96.00000   68.97879  28.1%     -    2s
     0     0   68.97879    0   65   96.00000   68.97879  28.1%     -    2s
     0     0   69.13684    0   38   96.00000   69.13684  28.0%     -    2s
     0     0   69.35849    0   78   96.00000   69.35849  27.8%     -    3s
     0     0   69.35849    0   70   96.00000   69.35849  27.8%     -    3s
     0     0   69.81025    0   80   96.00000   69.81025  27.3%     -    3s
     0     0   69.81818    0   80   96.00000   69.81818  27.3%     -    3s
     0     0   69.81818    0  112   96.00000   69.81818  27.3%     -    3s
     0     0   69.81818    0   95   96.00000   69.81818  27.3%     -    3s
H    0     0                      95.0000000   69.81818  26.5%     -    3s
     0     0   69.81818    0   76   95.00000   69.81818  26.5%     -    3s
     0     0   69.81818    0   94   95.00000   69.81818  26.5%     -    3s
     0     0   69.81818    0   91   95.00000   69.81818  26.5%     -    3s
     0     0   69.81818    0   37   95.00000   69.81818  26.5%     -    4s
     0     0   69.81818    0   53   95.00000   69.81818  26.5%     -    4s
     0     0   69.81818    0   41   95.00000   69.81818  26.5%     -    4s
     0     0   69.81818    0   44   95.00000   69.81818  26.5%     -    4s
H    0     0                      91.0000000   69.81818  23.3%     -    4s
     0     0   69.81818    0   23   91.00000   69.81818  23.3%     -    5s
     0     0   69.81818    0   70   91.00000   69.81818  23.3%     -    5s
     0     0   69.81818    0   37   91.00000   69.81818  23.3%     -    5s
     0     0   69.81818    0   21   91.00000   69.81818  23.3%     -    5s
H    0     0                      90.0000000   69.81818  22.4%     -    5s
H    0     2                      89.0000000   69.81818  21.6%     -    6s
     0     2   69.81818    0   21   89.00000   69.81818  21.6%     -    6s
H   35    52                      88.0000000   74.00000  15.9%  68.8    7s
  1049   871   85.00000   33   18   88.00000   74.00000  15.9%  13.1   13s
H 1084   871                      88.0000000   74.00000  15.9%  13.1   13s
H 1088   894                      86.0000000   74.00000  14.0%  13.2   32s
H 1102   894                      84.0000000   74.00000  11.9%  13.3   32s
  1126   931     cutoff   34        84.00000   76.00000  9.52%  13.5   37s
H 1150   931                      83.0000000   76.00000  8.43%  13.4   37s
  3433  1860 infeasible   37        83.00000   79.00000  4.82%  13.0   40s
  6764  2447   81.00000   26   39   83.00000   79.00000  4.82%  11.9   45s
  8929  2745   81.00000   15   21   83.00000   79.00000  4.82%  11.4   54s
  8931  2746   81.00000   46   26   83.00000   79.00000  4.82%  11.4   56s
  8935  2752   79.00000   14   33   83.00000   79.00000  4.82%  11.6   60s
  9308  2780 infeasible   27        83.00000   79.00000  4.82%  12.0   65s
  9401  2770   79.00000   33   49   83.00000   79.00000  4.82%  12.2   71s
 10254  2362 infeasible   35        83.00000   79.00000  4.82%  12.8   75s

Cutting planes:
  Learned: 2

Explored 10763 nodes (153889 simplex iterations) in 75.74 seconds (2.62 work units)
Thread count was 32 (of 32 available processors)

Solution count 10: 83 84 86 ... 96

Optimal solution found (tolerance 1.00e-04)
Best objective 8.300000000000e+01, best bound 8.300000000000e+01, gap 0.0000%

Wrote result file 'RCPSP_281.sol'

