
Gurobi 10.0.3 (linux64, gurobi_cl) logging started Thu Nov  2 11:34:10 2023

Set parameter Username
Set parameter TimeLimit to value 3600
Set parameter LogFile to value "RCPSP_465.log"
Set parameter Threads to value 32
Academic license - for non-commercial use only - expires 2024-10-30
Using license file /home/jrivera6/gurobi-licenses/v1003/compute-0-39/gurobi.lic

Gurobi Optimizer version 10.0.3 build v10.0.3rc0 (linux64)
Copyright (c) 2023, Gurobi Optimization, LLC

Read MPS format model from file RCPSP_465.mps
Reading time = 0.01 seconds
RCPSP_465: 5349 rows, 2080 columns, 18893 nonzeros

CPU model: Intel(R) Xeon(R) Gold 6242 CPU @ 2.80GHz, instruction set [SSE2|AVX|AVX2|AVX512]
Thread count: 32 physical cores, 32 logical processors, using up to 32 threads

Optimize a model with 5349 rows, 2080 columns and 18893 nonzeros
Model fingerprint: 0x6b448594
Variable types: 32 continuous, 2048 integer (2048 binary)
Coefficient statistics:
  Matrix range     [1e+00, 1e+02]
  Objective range  [1e+00, 1e+00]
  Bounds range     [1e+00, 1e+00]
  RHS range        [1e+00, 2e+02]
Presolve removed 3171 rows and 1249 columns
Presolve time: 0.25s
Presolved: 2178 rows, 831 columns, 7696 nonzeros
Variable types: 31 continuous, 800 integer (800 binary)

Root relaxation: objective 4.400000e+01, 288 iterations, 0.00 seconds (0.00 work units)

    Nodes    |    Current Node    |     Objective Bounds      |     Work
 Expl Unexpl |  Obj  Depth IntInf | Incumbent    BestBd   Gap | It/Node Time

     0     0   44.00000    0    2          -   44.00000      -     -    0s
     0     0   44.00000    0    2          -   44.00000      -     -    0s
H    0     0                      53.0000000   44.00000  17.0%     -    0s
     0     0   44.00000    0    2   53.00000   44.00000  17.0%     -    0s
H    0     0                      45.0000000   44.00000  2.22%     -    0s
     0     0   44.00000    0   22   45.00000   44.00000  2.22%     -    0s
     0     0   44.00000    0    5   45.00000   44.00000  2.22%     -    2s
H    0     0                      44.9999990   44.00000  2.22%     -    2s
     0     0 infeasible    0        45.00000   45.00000  0.00%     -    2s

Cutting planes:
  Gomory: 1
  Cover: 2
  Clique: 2
  MIR: 3
  RLT: 2
  Relax-and-lift: 2

Explored 1 nodes (1551 simplex iterations) in 2.93 seconds (0.34 work units)
Thread count was 32 (of 32 available processors)

Solution count 3: 45 45 53 

Optimal solution found (tolerance 1.00e-04)
Best objective 4.499999900460e+01, best bound 4.499999900460e+01, gap 0.0000%

Wrote result file 'RCPSP_465.sol'

