
Gurobi 10.0.3 (linux64, gurobi_cl) logging started Thu Nov  9 12:54:15 2023

Set parameter Username
Set parameter TimeLimit to value 3600
Set parameter LogFile to value "RCPSP_1417.log"
Set parameter Threads to value 32
Academic license - for non-commercial use only - expires 2024-10-30
Using license file /home/jrivera6/gurobi-licenses/v1003/compute-0-38/gurobi.lic

Gurobi Optimizer version 10.0.3 build v10.0.3rc0 (linux64)
Copyright (c) 2023, Gurobi Optimization, LLC

Read MPS format model from file RCPSP_1417.mps
Reading time = 0.06 seconds
RCPSP_1417: 42975 rows, 17020 columns, 159179 nonzeros

CPU model: Intel(R) Xeon(R) Gold 6242 CPU @ 2.80GHz, instruction set [SSE2|AVX|AVX2|AVX512]
Thread count: 32 physical cores, 32 logical processors, using up to 32 threads

Optimize a model with 42975 rows, 17020 columns and 159179 nonzeros
Model fingerprint: 0x9a185ce2
Variable types: 92 continuous, 16928 integer (16928 binary)
Coefficient statistics:
  Matrix range     [1e+00, 5e+02]
  Objective range  [1e+00, 1e+00]
  Bounds range     [1e+00, 1e+00]
  RHS range        [1e+00, 5e+02]
Presolve removed 8235 rows and 2264 columns (presolve time = 5s) ...
Presolve removed 8235 rows and 2264 columns
Presolve time: 5.21s
Presolved: 34740 rows, 14756 columns, 134872 nonzeros
Variable types: 91 continuous, 14665 integer (14665 binary)

Deterministic concurrent LP optimizer: primal and dual simplex (primal and dual model)
Showing first log only...

Root relaxation presolved: 34740 rows, 14756 columns, 134872 nonzeros


Root simplex log...

Iteration    Objective       Primal Inf.    Dual Inf.      Time
       0    9.0089504e+01   8.537601e-03   1.986231e+08      6s
    1951    8.9000000e+01   0.000000e+00   0.000000e+00      7s
Concurrent spin time: 0.79s

Solved with dual simplex (dual model)

Root relaxation: objective 8.900000e+01, 17326 iterations, 1.96 seconds (0.17 work units)
Total elapsed time = 10.26s

    Nodes    |    Current Node    |     Objective Bounds      |     Work
 Expl Unexpl |  Obj  Depth IntInf | Incumbent    BestBd   Gap | It/Node Time

     0     0   89.00000    0   77          -   89.00000      -     -   11s
     0     0   89.00000    0  336          -   89.00000      -     -   21s
     0     0   89.00000    0  455          -   89.00000      -     -   23s
     0     0   89.00000    0   58          -   89.00000      -     -   36s
     0     0   89.00000    0  256          -   89.00000      -     -   39s
     0     0   89.00000    0   58          -   89.00000      -     -   46s
     0     0   89.00000    0   69          -   89.00000      -     -   47s
     0     0   89.00000    0   50          -   89.00000      -     -   53s
     0     0   89.00000    0   94          -   89.00000      -     -   59s
     0     0   89.00000    0   20          -   89.00000      -     -   65s
     0     0   89.00000    0   27          -   89.00000      -     -   65s
     0     0   89.00000    0   32          -   89.00000      -     -   73s
     0     0   89.00000    0  357          -   89.00000      -     -   75s
     0     0   89.00000    0   68          -   89.00000      -     -   83s
     0     0   89.00000    0  207          -   89.00000      -     -   85s
     0     0   89.00000    0  213          -   89.00000      -     -   94s
     0     0   89.00000    0  211          -   89.00000      -     -   94s
     0     0   89.00000    0  352          -   89.00000      -     -   97s
     0     0   89.00000    0   59          -   89.00000      -     -  108s
H    0     0                     453.0000000   89.00000  80.4%     -  110s
     0     0   89.00000    0   56  453.00000   89.00000  80.4%     -  111s
H    0     0                     370.0000000   89.00000  75.9%     -  135s
     0     2   89.00000    0   22  370.00000   89.00000  75.9%     -  147s
     1     4   89.00000    1   64  370.00000   89.00000  75.9%  4602  152s
     3     7   89.00000    2  116  370.00000   89.00000  75.9%  1632  160s
     7    13   89.00000    3  195  370.00000   89.00000  75.9%   885  170s
    14    22   89.00000    4  109  370.00000   89.00000  75.9%   596  178s
    27    37   89.00000    5   66  370.00000   89.00000  75.9%   434  189s
    49    59   89.00000    6  110  370.00000   89.00000  75.9%   289  202s
H   81    81                     290.0000000   89.00000  69.3%   265  345s
H   82    81                     284.0000000   89.00000  68.7%   262  345s
H   83    81                     281.0000000   89.00000  68.3%   261  345s
H   84    81                     275.0000000   89.00000  67.6%   259  345s
H  101    81                     272.0000000   89.00000  67.3%   248  345s
H  104    81                     271.0000000   89.00000  67.2%   253  345s
   113   101 infeasible    7       271.00000   89.00000  67.2%   255  572s
H  114   101                     248.0000000   89.00000  64.1%   252  572s
H  123   101                     241.0000000   89.00000  63.1%   235  572s
H  131   101                     235.0000000   89.00000  62.1%   223  572s
H  133   101                     221.0000000   89.00000  59.7%   220  572s
   145   125   89.00000    8   76  221.00000   89.00000  59.7%   211  577s
   177   163   89.00000    9   74  221.00000   89.00000  59.7%   179  593s
   234   207   89.00000   10   74  221.00000   89.00000  59.7%   197  756s
   289   257   89.00000   11   95  221.00000   89.00000  59.7%   186  762s
   350   320   89.00000   11  136  221.00000   89.00000  59.7%   157  770s
   425   387   89.00000   13   94  221.00000   89.00000  59.7%   133  786s
   501   460   89.00000   15   96  221.00000   89.00000  59.7%   123  793s
   586   547   89.00000   17   96  221.00000   89.00000  59.7%   109  800s
   684   631   89.00000   21   97  221.00000   89.00000  59.7%  97.7  816s
   779   725   89.00000   23  104  221.00000   89.00000  59.7%  94.1  824s
   891   845   89.00000   26  110  221.00000   89.00000  59.7%  84.9  841s
  1032   990   89.00000   27  108  221.00000   89.00000  59.7%  89.4  857s
H 1193  1018                     208.0000000   89.00000  57.2%  84.2  881s
H 1195  1018                     201.0000000   89.00000  55.7%  85.8  881s
H 1213  1018                     199.0000000   89.00000  55.3%  85.3  881s
H 1215  1018                     197.0000000   89.00000  54.8%  85.2  881s
  1226  1296   89.00000   31   37  197.00000   89.00000  54.8%  89.4  898s
  1535  1529   89.00000   36  110  197.00000   89.00000  54.8%  77.0  916s
  1811  1876   89.00000   40   48  197.00000   89.00000  54.8%  73.7  938s
H 2221  1971                     185.0000000   89.00000  51.9%  68.0  962s
H 2233  1971                     183.0000000   89.00000  51.4%  68.1  962s
H 2324  1971                     182.0000000   89.00000  51.1%  67.8  963s
  2327  2559   89.00000   43   52  182.00000   89.00000  51.1%  67.7  976s
  2978  3039   90.00000   48  211  182.00000   89.00000  51.1%  57.1  998s
H 3539  3249                     175.0000000   89.00000  49.1%  55.7 1026s
H 3540  3249                     174.0000000   89.00000  48.9%  56.2 1026s
H 3553  3249                     172.0000000   89.00000  48.3%  56.2 1026s
H 3559  3249                     170.0000000   89.00000  47.6%  56.4 1026s
  3778  3989   90.00000   51   68  170.00000   89.00000  47.6%  57.1 1051s
H 4586  4379                     164.0000000   89.00000  45.7%  53.1 1080s
H 4597  4379                     162.0000000   89.00000  45.1%  53.1 1080s
H 4618  4376                     157.0000000   89.00000  43.3%  53.0 1080s
  5048  5192   90.00000   69  126  157.00000   89.00000  43.3%  52.7 1107s
H 6055  5696                     150.0000000   89.00000  40.7%  53.0 1143s
H 6091  5694                     149.0000000   89.00000  40.3%  52.9 1143s
  6699  5695   94.00000   36   56  149.00000   89.00000  40.3%  53.6 1194s
  6701  5696  100.00000   53  107  149.00000   89.00000  40.3%  53.6 1198s
  6702  5697  109.00000   23   53  149.00000   89.00000  40.3%  53.6 1257s
H 6702  5412                     144.0000000   89.00000  38.2%  53.6 1257s
H 6702  5141                     140.0000000   89.00000  36.4%  53.6 1257s
H 6702  4884                     137.0000000   89.00000  35.0%  53.6 1257s
H 6702  4640                     135.0000000   89.00000  34.1%  53.6 1257s
H 6702  4408                     132.0000000   89.00000  32.6%  53.6 1257s
H 6703  4188                     130.0000000   89.00000  31.5%  53.6 1261s
H 6703  3979                     128.0000000   89.00000  30.5%  53.6 1263s
  6705  3980   98.00000   73  269  128.00000   89.00000  30.5%  53.6 1265s
  6707  3981   95.00000   56  308  128.00000   89.00000  30.5%  53.6 1271s
  6708  3982  100.00000    7   20  128.00000   89.00000  30.5%  53.6 1276s
  6710  3983   95.00000   97   10  128.00000   89.00000  30.5%  53.5 1280s
H 6711  3784                     124.0000000   89.00000  28.2%  53.5 1284s
H 6711  3595                     121.0000000   89.00000  26.4%  53.5 1285s
H 6713  3416                     116.0000000   89.00000  23.3%  53.5 1289s
  6714  3417  116.00000  140    4  116.00000   89.00000  23.3%  53.5 1290s
H 6714  3246                     114.0000000   89.00000  21.9%  53.5 1290s
H 6715  3084                     113.0000000   89.00000  21.2%  53.5 1293s
H 6716  2929                     109.0000000   89.00000  18.3%  53.5 1295s
  6719  2931  109.00000   54    8  109.00000   89.00000  18.3%  53.5 1301s
H 6720  2785                     108.0000000   89.00000  17.6%  53.5 1304s
  6722  2786  108.00000   78    2  108.00000   89.00000  17.6%  53.4 1306s
  6724  2788  108.00000   92    2  108.00000   89.00000  17.6%  53.4 1311s
  6725  2791   89.00000   11    6  108.00000   89.00000  17.6%  61.1 1340s
H 6726  2652                      97.0000000   89.00000  8.25%  61.1 1340s
  6739  2676   89.00000   14    6   97.00000   89.00000  8.25%  61.0 1357s
  6755  2700   89.00000   15    6   97.00000   89.00000  8.25%  61.4 1364s
  6787  2721   89.00000   16    4   97.00000   89.00000  8.25%  61.6 1371s
H 6819  2606                      93.0000000   89.00000  4.30%  61.5 1475s
H 6820  2480                      91.0000000   89.00000  2.20%  61.5 1475s
H 6833  2355                      90.0000000   89.00000  1.11%  61.5 1475s
H 6841  2239                      89.0000000   89.00000  0.00%  61.5 1475s

Cutting planes:
  Gomory: 22
  Lift-and-project: 5
  Cover: 18
  Implied bound: 162
  MIR: 70
  StrongCG: 6
  Flow cover: 404
  RLT: 68
  Relax-and-lift: 377

Explored 6851 nodes (509649 simplex iterations) in 1476.68 seconds (119.73 work units)
Thread count was 32 (of 32 available processors)

Solution count 10: 89 90 91 ... 116

Optimal solution found (tolerance 1.00e-04)
Best objective 8.900000000000e+01, best bound 8.900000000000e+01, gap 0.0000%

Wrote result file 'RCPSP_1417.sol'

