
Gurobi 10.0.3 (linux64, gurobi_cl) logging started Thu Nov  2 11:41:06 2023

Set parameter Username
Set parameter TimeLimit to value 3600
Set parameter LogFile to value "RCPSP_864.log"
Set parameter Threads to value 32
Academic license - for non-commercial use only - expires 2024-10-30
Using license file /home/jrivera6/gurobi-licenses/v1003/compute-0-39/gurobi.lic

Gurobi Optimizer version 10.0.3 build v10.0.3rc0 (linux64)
Copyright (c) 2023, Gurobi Optimization, LLC

Read MPS format model from file RCPSP_864.mps
Reading time = 0.03 seconds
RCPSP_864: 19662 rows, 7750 columns, 64677 nonzeros

CPU model: Intel(R) Xeon(R) Gold 6242 CPU @ 2.80GHz, instruction set [SSE2|AVX|AVX2|AVX512]
Thread count: 32 physical cores, 32 logical processors, using up to 32 threads

Optimize a model with 19662 rows, 7750 columns and 64677 nonzeros
Model fingerprint: 0x01efa2e7
Variable types: 62 continuous, 7688 integer (7688 binary)
Coefficient statistics:
  Matrix range     [1e+00, 3e+02]
  Objective range  [1e+00, 1e+00]
  Bounds range     [1e+00, 1e+00]
  RHS range        [1e+00, 3e+02]
Presolve removed 9387 rows and 3611 columns
Presolve time: 4.25s
Presolved: 10275 rows, 4139 columns, 34491 nonzeros
Variable types: 61 continuous, 4078 integer (4078 binary)

Root relaxation: objective 9.200000e+01, 1299 iterations, 0.02 seconds (0.01 work units)

    Nodes    |    Current Node    |     Objective Bounds      |     Work
 Expl Unexpl |  Obj  Depth IntInf | Incumbent    BestBd   Gap | It/Node Time

     0     0   92.00000    0    4          -   92.00000      -     -    4s
H    0     0                      92.0000000   92.00000  0.00%     -    6s

Cutting planes:
  Gomory: 1

Explored 1 nodes (3603 simplex iterations) in 6.46 seconds (3.49 work units)
Thread count was 32 (of 32 available processors)

Solution count 1: 92 

Optimal solution found (tolerance 1.00e-04)
Best objective 9.200000000000e+01, best bound 9.200000000000e+01, gap 0.0000%

Wrote result file 'RCPSP_864.sol'

