
Gurobi 10.0.3 (linux64, gurobi_cl) logging started Thu Nov  2 11:39:12 2023

Set parameter Username
Set parameter TimeLimit to value 3600
Set parameter LogFile to value "RCPSP_842.log"
Set parameter Threads to value 32
Academic license - for non-commercial use only - expires 2024-10-30
Using license file /home/jrivera6/gurobi-licenses/v1003/compute-0-39/gurobi.lic

Gurobi Optimizer version 10.0.3 build v10.0.3rc0 (linux64)
Copyright (c) 2023, Gurobi Optimization, LLC

Read MPS format model from file RCPSP_842.mps
Reading time = 0.03 seconds
RCPSP_842: 19662 rows, 7750 columns, 64677 nonzeros

CPU model: Intel(R) Xeon(R) Gold 6242 CPU @ 2.80GHz, instruction set [SSE2|AVX|AVX2|AVX512]
Thread count: 32 physical cores, 32 logical processors, using up to 32 threads

Optimize a model with 19662 rows, 7750 columns and 64677 nonzeros
Model fingerprint: 0xa6d6484a
Variable types: 62 continuous, 7688 integer (7688 binary)
Coefficient statistics:
  Matrix range     [1e+00, 3e+02]
  Objective range  [1e+00, 1e+00]
  Bounds range     [1e+00, 1e+00]
  RHS range        [1e+00, 3e+02]
Presolve removed 10821 rows and 4237 columns
Presolve time: 4.41s
Presolved: 8841 rows, 3513 columns, 29096 nonzeros
Variable types: 61 continuous, 3452 integer (3452 binary)

Root relaxation: objective 7.100000e+01, 1187 iterations, 0.01 seconds (0.01 work units)

    Nodes    |    Current Node    |     Objective Bounds      |     Work
 Expl Unexpl |  Obj  Depth IntInf | Incumbent    BestBd   Gap | It/Node Time

     0     0   71.00000    0  124          -   71.00000      -     -    4s
     0     0   72.00000    0  121          -   72.00000      -     -    4s
     0     0   72.00000    0  330          -   72.00000      -     -    6s
     0     0   72.00000    0  337          -   72.00000      -     -    7s
     0     0   72.00000    0  139          -   72.00000      -     -    9s
     0     0   72.00000    0  122          -   72.00000      -     -    9s
     0     0   72.00000    0  197          -   72.00000      -     -   10s
     0     0   72.00000    0  296          -   72.00000      -     -   10s
     0     0   72.00000    0  231          -   72.00000      -     -   12s
     0     0   72.00266    0  320          -   72.00266      -     -   13s
     0     0   72.18002    0  163          -   72.18002      -     -   14s
     0     0   72.64166    0  209          -   72.64166      -     -   14s
     0     0   73.30303    0  235          -   73.30303      -     -   15s
     0     0   73.30303    0  222          -   73.30303      -     -   15s
     0     0   74.40000    0  247          -   74.40000      -     -   15s
     0     0   74.40000    0  255          -   74.40000      -     -   15s
     0     0   75.00000    0  334          -   75.00000      -     -   16s
     0     0   75.00007    0  367          -   75.00007      -     -   17s
     0     0   75.00403    0  339          -   75.00403      -     -   17s
     0     0   75.00538    0  386          -   75.00538      -     -   18s
     0     0   75.00571    0  372          -   75.00571      -     -   18s
     0     0   75.00951    0  402          -   75.00951      -     -   18s
     0     0   75.00959    0  372          -   75.00959      -     -   19s
     0     0   75.00982    0  418          -   75.00982      -     -   19s
     0     0   75.01200    0  371          -   75.01200      -     -   19s
     0     0   75.01200    0  366          -   75.01200      -     -   19s
     0     0   75.01350    0  402          -   75.01350      -     -   20s
     0     0   75.01350    0  128          -   75.01350      -     -   21s
     0     2   75.01999    0   85          -   75.01999      -     -   25s
    15    29   75.88493    4  217          -   75.88493      -   323   30s
    91    80   84.00358    7  395          -   76.66667      -   433   35s
   247   231   84.01190   12  291          -   76.66667      -   203   40s
   561   561   88.71429   17  301          -   76.66667      -   121   45s
  1147  1178   91.00000   30  275          -   76.66667      -  75.2   50s
  1772  1691   91.00000   60  224          -   76.66667      -  64.0   55s
  2232  2090  111.25427   60  221          -   76.66667      -  59.1   60s
  3004  2670   98.00000   14  255          -   76.66667      -  53.3   66s
  3190  2832   96.00000   14  247          -   76.66667      -  52.6   80s
  3655  3245   94.00000   14  245          -   76.66667      -  50.8   85s
  3956  3246   96.00000   17  128          -   76.66667      -  49.1   98s
  3958  3247   91.00000   66   67          -   76.66667      -  49.1  101s
  3960  3249   87.97561   18  332          -   76.66667      -  49.1  105s
  3963  3251   98.00000   70  109          -   76.66667      -  49.0  111s
  3966  3253   94.00000   23  256          -   76.66667      -  49.0  115s
  3971  3256   91.00000  120  123          -   78.00000      -  48.9  121s
  3977  3260   95.00000   22  173          -   78.00000      -  48.9  126s
  3981  3263   82.00000   41  176          -   78.00000      -  48.8  132s
  3984  3265  103.32231  107  151          -   78.22842      -  48.8  137s
  3987  3267   98.00000   19  171          -   78.57257      -  48.7  141s
  3990  3269   92.00000   65  336          -   78.73628      -  48.7  145s
  3993  3271   90.00000   18  293          -   78.97572      -  48.7  150s
  3996  3273   86.02586   18  102          -   78.97601      -  48.6  155s
  4000  3275   97.00000   35  102          -   79.00000      -  48.6  161s
  4003  3280   79.00000   15  147          -   79.00000      -  21.5  179s
H 4005  3119                     300.0000000   79.00000  73.7%  21.6  191s
H 4009  2969                     120.0000000   79.00000  34.2%  22.1  217s
  4017  2983   79.00000   18  279  120.00000   79.00000  34.2%  23.1  224s
  4033  3008   80.00000   19  303  120.00000   79.00000  34.2%  25.0  232s
  4065  3030   80.00000   20  335  120.00000   79.00000  34.2%  28.1  239s
H 4067  2880                     118.0000000   79.00000  33.1%  28.3  239s
H 4087  2732                     117.0000000   79.00000  32.5%  30.5  239s
  4097  2761   87.00000   20  360  117.00000   79.00000  32.5%  31.4  249s
H 4129  2648                     116.0000000   79.00000  31.9%  32.6  273s
H 4130  2520                     115.0000000   79.00000  31.3%  32.7  273s
H 4132  2398                     113.0000000   79.00000  30.1%  32.7  273s
H 4134  2283                     108.0000000   79.00000  26.9%  32.7  273s
  4161  2306   87.00000   21  358  108.00000   79.00000  26.9%  33.4  281s
  4193  2327   87.00000   22  370  108.00000   79.00000  26.9%  34.6  287s
  4229  2352   80.00000   22  386  108.00000   79.00000  26.9%  35.4  293s
  4267  2376   83.00000   23  328  108.00000   79.00000  26.9%  36.1  300s
  4304  2400   82.00000   23  386  108.00000   79.00000  26.9%  36.9  311s
  4342  2421   83.00000   24  311  108.00000   79.00000  26.9%  37.7  319s
  4387  2451   87.00000   24  289  108.00000   79.00000  26.9%  38.9  325s
  4436  2487   83.00000   25  326  108.00000   79.00000  26.9%  39.3  333s
  4488  2519   83.00000   25  313  108.00000   79.00000  26.9%  39.6  341s
  4544  2549 infeasible   26       108.00000   79.00000  26.9%  39.9  352s
H 4605  2455                     108.0000000   79.00000  26.9%  40.6  359s
H 4611  2350                     107.0000000   79.00000  26.2%  40.8  359s
H 4635  2243                     106.0000000   79.00000  25.5%  40.7  359s
  4650  2287   83.00000   28  277  106.00000   79.00000  25.5%  40.7  364s
  4781  2262   84.00000   31  268  106.00000   79.00000  25.5%  41.0  370s
  4976  2336   84.00000   33  323  106.00000   79.00000  25.5%  42.0  385s
H 5019  2260                     105.0000000   79.00000  24.8%  43.8  424s
H 5033  2166                     104.0000000   79.00000  24.0%  44.1  424s
  5051  2178   86.00000   34  227  104.00000   79.00000  24.0%  44.3  437s
  5110  2211   86.00000   35  221  104.00000   79.00000  24.0%  45.3  444s
  5171  2257   86.00000   36  216  104.00000   79.00000  24.0%  45.7  455s
  5242  2285   86.00000   37  205  104.00000   79.00000  24.0%  46.1  466s
  5308  2357   87.50000   38  218  104.00000   79.00000  24.0%  46.4  476s
  5414  2568   86.00000   39  229  104.00000   79.00000  24.0%  46.7  480s
  6030  2937   88.00000   49  236  104.00000   79.00000  24.0%  45.0  487s
  6417  2928   86.00000   56  236  104.00000   79.00000  24.0%  43.6  493s
  6807  3098   86.00000   61  234  104.00000   79.00000  24.0%  42.7  498s
  7273  3125   87.00000   69  228  104.00000   79.00000  24.0%  41.6  505s
  7625  3028   94.00000   72  195  104.00000   79.00000  24.0%  40.9  514s
  7730  3325   87.00000   73  225  104.00000   79.00000  24.0%  42.1  520s
  8245  3133   94.50000   85  212  104.00000   79.00000  24.0%  41.5  534s
  8317  3169   91.50000   85  237  104.00000   79.00000  24.0%  43.0  545s
  8394  3521   92.00000   87  235  104.00000   79.00000  24.0%  43.4  550s
  8941  3650   93.00000   94  199  104.00000   79.00000  24.0%  42.9  555s
  9498  3610 infeasible  108       104.00000   79.00000  24.0%  42.7  565s
  9567  3679   98.00000  108  167  104.00000   79.00000  24.0%  44.2  573s
  9654  4031   98.00000  109  163  104.00000   79.00000  24.0%  45.2  576s
H10112  3838                     103.0000000   79.00000  23.3%  45.1  633s
H10115  2999                     100.0000000   79.00000  21.0%  45.0  633s
 10152  2988 infeasible  122       100.00000   79.31691  20.7%  45.1  646s
 10239  3021   86.00000   21  337  100.00000   79.46758  20.5%  46.3  657s
 10289  3069   91.00000   22  337  100.00000   79.46758  20.5%  47.5  668s
 10352  3123   91.00000   24  309  100.00000   79.46758  20.5%  48.2  679s
 10430  3172   95.00000   27  242  100.00000   79.46758  20.5%  48.8  698s
 10505  3224 infeasible   29       100.00000   79.46758  20.5%  49.3  710s
 10590  3280   95.00000   31  270  100.00000   79.46758  20.5%  49.8  725s
 10684  3810   96.00000   34  243  100.00000   79.46758  20.5%  50.4  731s
 11493  4214 infeasible   42       100.00000   80.00000  20.0%  49.5  739s
H11634  4214                     100.0000000   80.00000  20.0%  49.6  739s
 12277  4207   83.00000   22  477  100.00000   80.00000  20.0%  48.6  755s
 12348  4267   83.00000   23  454  100.00000   80.00000  20.0%  50.2  767s
 12430  4621   84.00000   25  359  100.00000   80.00000  20.0%  50.8  775s
 13041  4873 infeasible   38       100.00000   80.44223  19.6%  51.5  786s
 13527  4886   93.00000   25  266  100.00000   80.44223  19.6%  52.6  807s
 13588  5313   93.00000   27  271  100.00000   80.44223  19.6%  54.2  817s
 14460  5319   85.00000   26  319  100.00000   80.44223  19.6%  53.9  834s
 14537  5513   85.00000   30  348  100.00000   80.44223  19.6%  55.5  844s
 14835  5515   91.00000   37  221  100.00000   80.44223  19.6%  55.7  856s
 14927  5798   97.00000   40  204  100.00000   81.00000  19.0%  56.7  871s
 15428  5823   90.00000   26  263  100.00000   81.00000  19.0%  57.6  886s
 15513  6327   90.00000   27  261  100.00000   81.00000  19.0%  58.7  896s
 16422  6403 infeasible   48       100.00000   81.00000  19.0%  58.3  913s
 16601  6843   85.00000   29  280  100.00000   81.00000  19.0%  59.3  923s
 17405  6837 infeasible   42       100.00000   81.00000  19.0%  58.4  944s
 17523  7305   82.00000   30  349  100.00000   81.00000  19.0%  59.9  957s
 18565  7288   84.00000   32  450  100.00000   81.00000  19.0%  59.8  976s
 18662  7646   84.00000   34  385  100.00000   81.00000  19.0%  61.7  985s
 19384  7644 infeasible   51       100.00000   81.00000  19.0%  62.1 1006s
 19486  7709   86.00000   33  319  100.00000   81.00000  19.0%  63.6 1020s
 19614  8317   87.00000   36  286  100.00000   81.00000  19.0%  64.2 1033s
 20865  8867   90.00000   41  301  100.00000   81.68673  18.3%  63.6 1046s
 22102  8904     cutoff   43       100.00000   81.68673  18.3%  63.6 1072s
 22225  9417   97.00000   43  202  100.00000   81.81818  18.2%  65.0 1084s
 23091  9417   83.00000   36  347  100.00000   81.81818  18.2%  64.8 1086s
 23418  9410 infeasible   45       100.00000   81.81818  18.2%  65.0 1113s
 23533  9515   85.00000   33  376  100.00000   81.81818  18.2%  66.6 1131s
 23753  9960   86.00000   37  294  100.00000   81.81818  18.2%  67.0 1145s
*24523  9361             122      99.0000000   81.81818  17.4%  66.4 1146s
 24781  9859   81.81818   34  428   99.00000   81.81818  17.4%  66.4 1161s
*25683  9859              75      99.0000000   81.81818  17.4%  66.6 1161s
 26145  9802   85.00000   34  316   99.00000   81.81818  17.4%  66.7 1185s
 26274  9957   85.00000   36  327   99.00000   81.81818  17.4%  68.3 1210s
 26568 10714   85.00000   39  340   99.00000   81.81818  17.4%  69.3 1226s
 28306 10710   87.00000   41  334   99.00000   81.81818  17.4%  68.6 1249s
 28444 10800   87.00000   43  333   99.00000   81.81818  17.4%  69.8 1272s
 28655 11591   96.00000   47  249   99.00000   81.81818  17.4%  70.4 1291s
 30793 12892   86.00000   44  430   99.00000   81.81818  17.4%  68.9 1353s
 33822 12878 infeasible   66        99.00000   81.81818  17.4%  68.3 1382s
 33963 12970 infeasible   46        99.00000   81.81818  17.4%  69.6 1407s
 34200 13039   96.00000   32  279   99.00000   81.81818  17.4%  70.3 1434s
 34528 13551 infeasible   42        99.00000   81.81818  17.4%  71.2 1453s
 35657 13556 infeasible   62        99.00000   82.00000  17.2%  71.0 1487s
 35886 14250   95.00000   48  204   99.00000   82.00000  17.2%  72.6 1514s
 37881 14309 infeasible   59        99.00000   82.00000  17.2%  72.0 1544s
 38133 15466   90.00000   39  273   99.00000   82.08264  17.1%  73.4 1579s
 41087 15498 infeasible   39        99.00000   82.27273  16.9%  73.1 1614s
 41291 15512 infeasible   42        99.00000   82.27273  16.9%  74.5 1697s
H41317 13534                      97.0000000   82.27273  15.2%  74.6 1702s
 41343 13508 infeasible   41        97.00000   82.27273  15.2%  74.7 1733s
 41605 13584   87.00000   41  251   97.00000   82.27273  15.2%  76.1 1767s
*41686 13584              75      97.0000000   82.27273  15.2%  76.4 1767s
 41889 14570   90.00000   46  229   97.00000   82.27273  15.2%  77.3 1843s
 44836 14602   87.00000   32  406   97.00000   82.27273  15.2%  77.0 1880s
 45114 14718   93.00000   35  227   97.00000   82.58722  14.9%  78.4 1915s
*45385 13612             112      96.0000000   82.60000  14.0%  79.1 1917s
 45545 14852   89.00000   42  259   96.00000   82.60000  14.0%  79.5 2086s
 48753 14904   85.00000   39  328   96.00000   83.00000  13.5%  79.3 2138s
 49115 16119   92.00000   41  306   96.00000   83.00000  13.5%  80.8 2232s
 52331 16084 infeasible   48        96.00000   83.00000  13.5%  79.2 2284s
 52776 16167   93.00000   30  308   96.00000   83.00000  13.5%  81.1 2336s
*52863 16155              65      96.0000000   83.00000  13.5%  81.2 2342s
 53453 18664   83.00000   31  386   96.00000   83.00000  13.5%  82.3 2790s
 60154 18666   91.00000   44  265   96.00000   83.00000  13.5%  79.1 3125s
 60776 21689   93.00000   41  405   96.00000   83.00000  13.5%  81.4 3615s

Cutting planes:
  Learned: 20
  Gomory: 172
  Cover: 323
  Implied bound: 381
  Projected implied bound: 10
  Clique: 15
  MIR: 668
  StrongCG: 16
  Flow cover: 1773
  Inf proof: 653
  Zero half: 5
  RLT: 321
  Relax-and-lift: 137

Explored 69741 nodes (5846598 simplex iterations) in 3706.68 seconds (126.17 work units)
Thread count was 32 (of 32 available processors)

Solution count 10: 96 96 97 ... 104

Time limit reached
Best objective 9.599999999030e+01, best bound 8.300000000000e+01, gap 13.5417%

Wrote result file 'RCPSP_842.sol'

