
Gurobi 10.0.3 (linux64, gurobi_cl) logging started Thu Nov  9 11:40:47 2023

Set parameter Username
Set parameter TimeLimit to value 3600
Set parameter LogFile to value "RCPSP_82.log"
Set parameter Threads to value 32
Academic license - for non-commercial use only - expires 2024-10-30
Using license file /home/jrivera6/gurobi-licenses/v1003/compute-0-34/gurobi.lic

Gurobi Optimizer version 10.0.3 build v10.0.3rc0 (linux64)
Copyright (c) 2023, Gurobi Optimization, LLC

Read MPS format model from file RCPSP_82.mps
Reading time = 0.05 seconds
RCPSP_82: 5329 rows, 2080 columns, 17974 nonzeros

CPU model: Intel(R) Xeon(R) Gold 6130 CPU @ 2.10GHz, instruction set [SSE2|AVX|AVX2|AVX512]
Thread count: 32 physical cores, 32 logical processors, using up to 32 threads

Optimize a model with 5329 rows, 2080 columns and 17974 nonzeros
Model fingerprint: 0x85fb826f
Variable types: 32 continuous, 2048 integer (2048 binary)
Coefficient statistics:
  Matrix range     [1e+00, 2e+02]
  Objective range  [1e+00, 1e+00]
  Bounds range     [1e+00, 1e+00]
  RHS range        [1e+00, 2e+02]
Presolve removed 3521 rows and 1349 columns
Presolve time: 0.11s
Presolved: 1808 rows, 731 columns, 5793 nonzeros
Variable types: 31 continuous, 700 integer (700 binary)

Root relaxation: objective 5.300000e+01, 264 iterations, 0.00 seconds (0.00 work units)

    Nodes    |    Current Node    |     Objective Bounds      |     Work
 Expl Unexpl |  Obj  Depth IntInf | Incumbent    BestBd   Gap | It/Node Time

     0     0   53.00000    0   32          -   53.00000      -     -    0s
     0     0   53.00000    0   89          -   53.00000      -     -    0s
     0     0   53.00000    0  118          -   53.00000      -     -    0s
     0     0   53.03124    0   94          -   53.03124      -     -    0s
     0     0   55.84121    0   90          -   55.84121      -     -    1s
     0     0   55.84158    0   78          -   55.84158      -     -    1s
     0     0   55.84158    0   69          -   55.84158      -     -    1s
     0     0   55.89807    0   78          -   55.89807      -     -    1s
     0     0   55.89807    0   75          -   55.89807      -     -    1s
H    0     0                     116.0000000   55.89807  51.8%     -    1s
     0     0   55.90920    0   94  116.00000   55.90920  51.8%     -    1s
     0     0   55.92807    0   71  116.00000   55.92807  51.8%     -    2s
     0     0   55.92816    0  100  116.00000   55.92816  51.8%     -    2s
     0     0   55.92820    0   83  116.00000   55.92820  51.8%     -    2s
     0     0   55.92820    0   75  116.00000   55.92820  51.8%     -    2s
     0     0   55.92828    0   89  116.00000   55.92828  51.8%     -    2s
H    0     0                     108.0000000   55.92828  48.2%     -    2s
     0     0   55.92828    0  103  108.00000   55.92828  48.2%     -    2s
     0     0   55.94899    0   88  108.00000   55.94899  48.2%     -    2s
H    0     0                     103.0000000   55.94899  45.7%     -    2s
     0     0   55.94899    0  107  103.00000   55.94899  45.7%     -    2s
     0     0   55.94899    0  127  103.00000   55.94899  45.7%     -    3s
     0     0   55.94992    0   91  103.00000   55.94992  45.7%     -    3s
     0     0   55.95197    0   96  103.00000   55.95197  45.7%     -    3s
     0     0   55.95623    0  124  103.00000   55.95623  45.7%     -    3s
     0     0   55.95623    0  125  103.00000   55.95623  45.7%     -    3s
     0     0   56.01121    0   70  103.00000   56.01121  45.6%     -    3s
     0     0   56.02401    0   76  103.00000   56.02401  45.6%     -    3s
     0     0   56.02648    0   79  103.00000   56.02648  45.6%     -    3s
     0     0   56.02648    0   74  103.00000   56.02648  45.6%     -    3s
     0     0   56.11651    0   76  103.00000   56.11651  45.5%     -    3s
     0     0   56.12549    0   65  103.00000   56.12549  45.5%     -    3s
     0     0   56.12549    0   64  103.00000   56.12549  45.5%     -    3s
H    0     0                      99.0000000   56.12549  43.3%     -    3s
     0     0   56.19851    0   95   99.00000   56.19851  43.2%     -    4s
     0     0   56.19851    0   76   99.00000   56.19851  43.2%     -    4s
H    0     0                      98.0000000   56.19851  42.7%     -    4s
     0     0   56.22837    0   94   98.00000   56.22837  42.6%     -    4s
     0     0   56.23257    0   98   98.00000   56.23257  42.6%     -    4s
     0     0   56.25850    0   84   98.00000   56.25850  42.6%     -    4s
     0     0   56.25914    0   85   98.00000   56.25914  42.6%     -    4s
     0     0   56.28030    0   96   98.00000   56.28030  42.6%     -    4s
     0     0   56.28310    0   89   98.00000   56.28310  42.6%     -    4s
     0     0   56.28310    0   96   98.00000   56.28310  42.6%     -    4s
     0     0   56.28310    0   98   98.00000   56.28310  42.6%     -    4s
     0     0   56.28310    0   91   98.00000   56.28310  42.6%     -    4s
     0     0   56.28310    0   86   98.00000   56.28310  42.6%     -    4s
H    0     0                      98.0000000   56.28310  42.6%     -    4s
     0     0   56.28413    0   97   98.00000   56.28413  42.6%     -    4s
     0     0   56.28439    0  111   98.00000   56.28439  42.6%     -    4s
     0     0   56.28846    0   84   98.00000   56.28846  42.6%     -    5s
     0     0   56.28846    0   83   98.00000   56.28846  42.6%     -    5s
H    0     0                      97.0000000   56.28846  42.0%     -    5s
H    0     0                      96.0000000   56.28846  41.4%     -    5s
     0     2   56.28846    0   73   96.00000   56.28846  41.4%     -    6s
H   38    45                      96.0000000   57.78285  39.8%   143    8s
   190   228   65.19539   10  101   96.00000   59.78688  37.7%  81.8   10s
  1042   894   72.65625   28   79   96.00000   59.78688  37.7%  25.5   37s
  1078  1012   75.00000   29   71   96.00000   59.78688  37.7%  25.2   40s
  2159  1575   62.46667    9   93   96.00000   60.39680  37.1%  19.1   47s
H 2168  1575                      94.0000000   60.39680  35.7%  19.2   47s
  3168  2193   71.00000   16   83   94.00000   60.40185  35.7%  16.3   77s
  3170  2194   74.00000   28   25   94.00000   60.40185  35.7%  16.3   80s
  3190  2208   78.00000   32  100   94.00000   60.40185  35.7%  16.2   85s
H 3225  2153                      94.0000000   60.40185  35.7%  21.8   90s
  3506  2323   75.00000   23   94   94.00000   60.40185  35.7%  27.6   95s
  4241  2438   76.00000   34   49   94.00000   60.40185  35.7%  29.1  106s
  4959  2549   92.00000   44   30   94.00000   60.40185  35.7%  29.2  110s
  5183  2707   85.00000   45   48   94.00000   60.40185  35.7%  31.3  115s
  6163  2991   69.00000   29   68   94.00000   60.40185  35.7%  31.5  120s
  7283  3321   67.00000   26   78   94.00000   60.40185  35.7%  31.6  125s
  8706  3234   65.92593   25   88   94.00000   60.40185  35.7%  30.9  130s
  9718  3617   82.00000   29   70   94.00000   60.40185  35.7%  31.1  135s
 12099  4327   67.00000   27   98   94.00000   60.40185  35.7%  29.8  140s
 13363  4710 infeasible   34        94.00000   60.40185  35.7%  29.8  151s
 13597  4833 infeasible   36        94.00000   61.00000  35.1%  30.5  155s
 14165  4930   84.00000   38   61   94.00000   61.00000  35.1%  31.6  199s
 14221  4985 infeasible   39        94.00000   61.00000  35.1%  31.7  200s
 14922  5117   77.00000   36   70   94.00000   61.00000  35.1%  32.4  206s
 15374  5218   74.00000   31   70   94.00000   63.00000  33.0%  33.1  210s
 15859  5314 infeasible   38        94.00000   63.00000  33.0%  33.6  219s
 15909  5361 infeasible   38        94.00000   63.00000  33.0%  33.7  222s
 16429  5464 infeasible   33        94.00000   63.53846  32.4%  34.3  226s
 16989  5601 infeasible   37        94.00000   64.00000  31.9%  35.0  231s
 17707  5807 infeasible   37        94.00000   64.00000  31.9%  35.5  236s
 18487  6035 infeasible   37        94.00000   64.00000  31.9%  35.8  242s
 18920  6168   64.00000   23   97   94.00000   64.00000  31.9%  36.0  245s
 19802  6447   79.00000   24   89   94.00000   64.59047  31.3%  36.5  252s
 20315  6521   75.00000   32   65   94.00000   64.59224  31.3%  36.7  255s
 23101  7424 infeasible   56        94.00000   65.00000  30.9%  35.5  262s
 23562  7514   82.00000   32   53   94.00000   65.00000  30.9%  35.9  265s
 27082  8436   73.00000   28   82   94.00000   65.00000  30.9%  34.0  272s
 27518  9396   81.00000   33   52   94.00000   65.00000  30.9%  34.3  275s
 30266  9591   72.00000   29   67   94.00000   66.00000  29.8%  33.0  284s
 31141 11437   75.00000   31   66   94.00000   66.00000  29.8%  33.4  292s
 36672 11481 infeasible   43        94.00000   66.00000  29.8%  31.6  296s
 37542 11640 infeasible   29        94.00000   66.00000  29.8%  32.1  302s
 37998 12501   76.01964   27   82   94.00000   66.23688  29.5%  32.3  306s
 40766 12603   75.00000   29   77   94.00000   66.84121  28.9%  31.6  310s
*41356 12637              52      93.0000000   66.96352  28.0%  31.8  314s
 41901 13496   78.11765   32   60   93.00000   66.96352  28.0%  32.0  318s
 44826 13584   78.00000   30   59   93.00000   67.00000  28.0%  31.4  322s
H45344 13584                      93.0000000   67.00000  28.0%  31.6  322s
 45376 14675   79.00000   29   49   93.00000   67.00000  28.0%  31.7  326s
*48223 14500              65      92.0000000   67.00000  27.2%  31.0  326s
 48637 14507   83.00000   30   67   92.00000   67.00000  27.2%  30.9  330s
 49174 14573 infeasible   30        92.00000   67.00000  27.2%  31.2  335s
 49768 15818   70.00000   34   81   92.00000   67.00000  27.2%  31.5  340s
H51818 15818                      92.0000000   67.00000  27.2%  31.0  340s
 53370 15875 infeasible   36        92.00000   67.21392  26.9%  30.7  345s
 53949 15955   70.00000   31   80   92.00000   67.50000  26.6%  30.9  350s
 54622 17197   77.00000   27   61   92.00000   68.00000  26.1%  31.2  355s
 59495 17198   70.47806   34   83   92.00000   68.00000  26.1%  30.2  404s
 59498 17200   74.00000   28   67   92.00000   68.00000  26.1%  30.2  405s
 59506 17205   76.43978   23   94   92.00000   68.00000  26.1%  30.2  411s
 59510 17208   74.00000   37  129   92.00000   68.00000  26.1%  30.2  415s
 59513 17210   91.00000   64  148   92.00000   68.00000  26.1%  30.2  420s
 59516 17212   87.00000   50  108   92.00000   68.00000  26.1%  30.2  425s
 59519 17214   72.87967   33  160   92.00000   68.00000  26.1%  30.2  431s
 59521 17215   77.11582   36  176   92.00000   68.00000  26.1%  30.2  437s
 59523 17217   90.00000   39  177   92.00000   68.00000  26.1%  30.2  440s
 59525 17218   87.00000   33  137   92.00000   68.00000  26.1%  30.2  445s
 59528 17220   84.00000   37  155   92.00000   68.00000  26.1%  30.2  451s
 59530 17221   83.00000   35  143   92.00000   68.00000  26.1%  30.2  457s
 59532 17223   88.00000   53  137   92.00000   68.00000  26.1%  30.2  461s
 59534 17224   70.00000   33  124   92.00000   68.00000  26.1%  30.2  465s
 59538 17227   68.09069   33  178   92.00000   68.00000  26.1%  30.2  471s
 59540 17228   84.00000   33  173   92.00000   68.00000  26.1%  30.2  475s
 59543 17230   70.93333   31  107   92.00000   68.00000  26.1%  30.2  481s
 59545 17231   81.00000   44   96   92.00000   68.00000  26.1%  30.2  486s
 59548 17233   73.00000   36  164   92.00000   68.00000  26.1%  30.2  491s
 59550 17235   80.00000   33  177   92.00000   68.00000  26.1%  30.2  495s
 59553 17237   75.00000   30  137   92.00000   68.00000  26.1%  30.2  501s
 59556 17239   89.00000   45  151   92.00000   68.00000  26.1%  30.2  505s
 59558 17240   75.00000   31  114   92.00000   68.00000  26.1%  30.2  510s
 59561 17242   75.00000   41  182   92.00000   68.00000  26.1%  30.2  515s
 59563 17243   90.00000   49  169   92.00000   68.00000  26.1%  30.2  520s
 59566 17245   75.00000   39  159   92.00000   68.00000  26.1%  30.2  527s
 59568 17247   74.54237   28  132   92.00000   68.00000  26.1%  30.2  530s
 59571 17249   69.00000   29  162   92.00000   68.00000  26.1%  30.2  535s
 59574 17251   83.00000   33  162   92.00000   68.00000  26.1%  30.2  541s
 59576 17252   69.88645   26  123   92.00000   68.00000  26.1%  30.2  546s
 59578 17253   73.00000   31  147   92.00000   68.00000  26.1%  30.2  551s
 59581 17255   75.00000   27  168   92.00000   68.00000  26.1%  30.2  555s
 59584 17257   74.00000   34  142   92.00000   68.00000  26.1%  30.2  560s
 59586 17259   70.00000   30  126   92.00000   68.00000  26.1%  30.2  565s
 59589 17261   69.87155   33  207   92.00000   68.00000  26.1%  30.2  571s
 59591 17262   91.00000   44  171   92.00000   68.00000  26.1%  30.2  575s
 59594 17264   74.93785   32  181   92.00000   68.00000  26.1%  30.2  582s
 59596 17265   69.87967   29  162   92.00000   68.00000  26.1%  30.2  585s
 59598 17267   74.00000   28  126   92.00000   68.00000  26.1%  30.2  590s
 59601 17269   80.00000   36  159   92.00000   68.00000  26.1%  30.2  596s
 59603 17270   71.00000   27  202   92.00000   68.00000  26.1%  30.2  601s
 59605 17271   72.00000   28  185   92.00000   68.00000  26.1%  30.2  605s
 59608 17273   76.07925   33  132   92.00000   68.00000  26.1%  30.2  610s
 59611 17275   89.00000   63  177   92.00000   68.00000  26.1%  30.2  615s
 59614 17277   80.41827   41  154   92.00000   68.00000  26.1%  30.2  621s
 59616 17279   87.00000   50  149   92.00000   68.00000  26.1%  30.2  625s
 59619 17281   72.87967   33  192   92.00000   68.00000  26.1%  30.2  630s
 59622 17283   69.00000   35  154   92.00000   68.00000  26.1%  30.2  635s
 59625 17285   87.00000   33  156   92.00000   68.00000  26.1%  30.2  641s
 59628 17287   84.00000   37  155   92.00000   68.00000  26.1%  30.1  646s
 59631 17289   69.18750   38  183   92.00000   68.00000  26.1%  30.1  651s
 59634 17291   70.00000   33  134   92.00000   68.00000  26.1%  30.1  657s
 59636 17292   87.00000   34  141   92.00000   68.00000  26.1%  30.1  661s
 59639 17294   68.00000   32  184   92.00000   68.00000  26.1%  30.1  666s
 59642 17296   73.00000   34  154   92.00000   68.00000  26.1%  30.1  673s
 59643 17297   70.93333   31  197   92.00000   68.00000  26.1%  30.1  675s
 59646 17299   69.00000   24  155   92.00000   68.00000  26.1%  30.1  682s
 59648 17300   73.00000   36  133   92.00000   68.00000  26.1%  30.1  686s
 59650 17301   80.00000   33  134   92.00000   68.00000  26.1%  30.1  690s
 59653 17303   75.00000   30  182   92.00000   68.00000  26.1%  30.1  695s
 59656 17305   89.00000   45  167   92.00000   68.00000  26.1%  30.1  701s
 59659 17307   81.00000   36  193   92.00000   68.00000  26.1%  30.1  705s
 59662 17309   80.00000   40  131   92.00000   68.00000  26.1%  30.1  712s
 59664 17311   73.00000   30  150   92.00000   68.00000  26.1%  30.1  715s
 59667 17313   74.05380   31  174   92.00000   68.00000  26.1%  30.1  720s
 59671 17315   69.00000   29  175   92.00000   68.00000  26.1%  30.1  726s
 59673 17317   73.00000   35  163   92.00000   68.00000  26.1%  30.1  730s
 59675 17318   73.00000   39  203   92.00000   68.00000  26.1%  30.1  735s
 59678 17320   73.00000   31  149   92.00000   68.00000  26.1%  30.1  741s
 59680 17321   68.17386   24  146   92.00000   68.00000  26.1%  30.1  746s
 59683 17323   84.00000   36  183   92.00000   68.00000  26.1%  30.1  750s
 59686 17325   70.00000   30  124   92.00000   68.00000  26.1%  30.1  755s
 59690 17328   82.00000   35  145   92.00000   68.00000  26.1%  30.1  761s
 59692 17329   70.00000   30  135   92.00000   68.00000  26.1%  30.1  765s
 59695 17331   70.47806   34  175   92.00000   68.00000  26.1%  30.1  770s
 59698 17333   74.00000   28  147   92.00000   68.00000  26.1%  30.1  776s
 59700 17335   77.00000   32  160   92.00000   68.00000  26.1%  30.1  780s
 59703 17337   71.00000   27  172   92.00000   68.00000  26.1%  30.1  785s
 59706 17342   68.00000   24  126   92.00000   68.00000  26.1%  32.4  794s
 59708 17345   68.00000   25  103   92.00000   68.00000  26.1%  32.4  796s
 59736 17386   68.00000   28   89   92.00000   68.00000  26.1%  32.5  806s
 59766 17402   68.00000   29   94   92.00000   68.00000  26.1%  32.5  810s
 59830 17431   77.00000   30   44   92.00000   68.00000  26.1%  32.5  822s
 59952 17497   68.00000   32   70   92.00000   68.00000  26.1%  32.6  825s
 60221 17525   71.01489   35   76   92.00000   68.00000  26.1%  32.6  831s
 60564 17520   75.00000   40   60   92.00000   68.00000  26.1%  32.7  836s
 60839 17510   75.01489   43   64   92.00000   68.00000  26.1%  32.7  841s
 61228 17430 infeasible   48        92.00000   68.00000  26.1%  32.7  846s
 61428 17427   68.00000   31  103   92.00000   68.00000  26.1%  32.7  850s
 61780 17407   79.00000   35   61   92.00000   68.00000  26.1%  32.7  856s
 62036 17369   84.00000   38   58   92.00000   68.00000  26.1%  32.8  860s
 62442 17333 infeasible   40        92.00000   68.00000  26.1%  32.8  865s
 62729 17277 infeasible   41        92.00000   68.00000  26.1%  32.8  870s
 63218 17152   68.00000   34   68   92.00000   68.00000  26.1%  32.8  876s
 63597 17060   85.00000   42   69   92.00000   68.00000  26.1%  32.9  881s
 63979 16979   73.92593   35   76   92.00000   68.00000  26.1%  32.9  891s
 64277 16936 infeasible   37        92.00000   68.00000  26.1%  32.9  896s
 64517 16873 infeasible   40        92.00000   68.00000  26.1%  32.9  903s
 64582 16880   70.00000   35   76   92.00000   68.00000  26.1%  32.9  906s
 65087 16779 infeasible   42        92.00000   68.00000  26.1%  33.0  917s
 65144 16805   85.51127   43   50   92.00000   68.00000  26.1%  33.0  920s
 65669 16706   80.00000   43   50   92.00000   68.00000  26.1%  33.0  926s
 65927 16684   89.00000   46   27   92.00000   68.00000  26.1%  33.0  930s
 66534 16560 infeasible   46        92.00000   68.00000  26.1%  33.0  937s
 66812 16498   70.00000   38   78   92.00000   68.00000  26.1%  33.1  941s
 67143 16427 infeasible   45        92.00000   68.00000  26.1%  33.1  946s
 67490 16362 infeasible   43        92.00000   68.00000  26.1%  33.1  950s
 71411 16105 infeasible   53        92.00000   70.00000  23.9%  32.0  956s
 73975 16202   86.20000   39   55   92.00000   70.97615  22.9%  31.3  961s
 76840 15755   86.00000   40   39   92.00000   70.97615  22.9%  30.6  966s
 79750 15152   72.92593   33   48   92.00000   71.00000  22.8%  29.9  971s
 82101 14907   76.00000   39   81   92.00000   71.00000  22.8%  29.3  975s
 86323 14222   85.00000   33   67   92.00000   71.68180  22.1%  28.5  982s
 87268 14404   87.22456   38   57   92.00000   72.00000  21.7%  28.4  986s
 89547 14631 infeasible   41        92.00000   72.00000  21.7%  27.9  995s
 95589 12596   84.00000   37   68   92.00000   72.00000  21.7%  26.9 1002s
 98342 12888   72.73180   43   99   92.00000   72.00000  21.7%  26.5 1005s
 103515 11618 infeasible   45        92.00000   73.00000  20.7%  25.7 1012s
 106118 11237 infeasible   50        92.00000   73.00000  20.7%  25.4 1016s
 108475 10784 infeasible   45        92.00000   73.02778  20.6%  25.1 1021s
 111744 10308 infeasible   46        92.00000   73.36657  20.3%  24.7 1025s
 115225 10756 infeasible   48        92.00000   74.00000  19.6%  24.3 1030s
 118446 11302 infeasible   48        92.00000   74.00000  19.6%  23.9 1044s
 119296 13004   85.95820   41   60   92.00000   74.00000  19.6%  24.0 1054s
 131232 12978   78.00000   42   68   92.00000   74.20000  19.3%  22.7 1058s
 131540 13629   79.00000   45   70   92.00000   74.20000  19.3%  22.7 1062s
 134884 13579 infeasible   45        92.00000   75.00000  18.5%  22.4 1065s
 140021 14221 infeasible   48        92.00000   75.00000  18.5%  21.9 1072s
 140342 14967   81.00000   47   84   92.00000   75.00000  18.5%  22.0 1076s
 145042 14912   81.00000   44   80   92.00000   75.00000  18.5%  21.6 1080s
 149579 15516 infeasible   41        92.00000   75.16112  18.3%  21.3 1095s
 150392 19703 infeasible   45        92.00000   75.22456  18.2%  21.3 1885s
 170412 19703   77.20000   43   72   92.00000   76.00000  17.4%  19.9 1891s
 182424 19621 infeasible   45        92.00000   76.00000  17.4%  19.2 1917s
 183119 19396 infeasible   50        92.00000   76.00000  17.4%  19.3 1951s
 186275 22994   86.00000   47   73   92.00000   76.95820  16.3%  19.6 2001s
 218307 24070   78.51404   44   71   92.00000   77.00000  16.3%  18.0 2016s
 228300 24007 infeasible   53        92.00000   77.72869  15.5%  17.6 2020s
 228940 24047   84.00000   46   61   92.00000   78.00000  15.2%  17.7 2062s
H228953 24047                      91.9999990   78.00000  15.2%  17.7 2076s
 229451 23962   88.00000   47   36   92.00000   78.00000  15.2%  17.6 2081s
 229896 23930 infeasible   43        92.00000   78.00000  15.2%  17.7 2085s
 230378 23892   82.00000   42   48   92.00000   78.00000  15.2%  17.7 2090s
 230812 24712   79.00000   39   51   92.00000   78.00000  15.2%  17.7 2095s
 237652 24590 infeasible   42        92.00000   78.00000  15.2%  17.5 2100s
 238068 24522 infeasible   47        92.00000   78.00000  15.2%  17.5 2105s
 238546 25178   79.00000   40   85   92.00000   78.00000  15.2%  17.6 2111s
 244806 25083 infeasible   44        92.00000   78.00000  15.2%  17.3 2115s
 251018 25621   88.00000   51   51   92.00000   78.00000  15.2%  17.2 2129s
 251681 28719   84.00000   45   55   92.00000   78.02778  15.2%  17.2 2195s
 283713 28569 infeasible   47        92.00000   79.00000  14.1%  16.3 2209s
 284457 28275   88.00000   44   28   92.00000   79.00000  14.1%  16.3 2242s
 288242 31423   88.00000   53   31   92.00000   79.00000  14.1%  16.5 2264s
 320274 32567 infeasible   48        92.00000   79.08327  14.0%  15.7 2276s
 329748 33001   89.00000   51   40   92.00000   80.00000  13.0%  15.5 2280s
 339001 33385 infeasible   48        92.00000   80.00000  13.0%  15.2 2286s
 343971 33735   84.00000   58   46   92.00000   80.00000  13.0%  15.2 2292s
 344254 34219   86.00000   61   45   92.00000   80.00000  13.0%  15.2 2295s
 348703 34601   88.00000   45   49   92.00000   80.00000  13.0%  15.1 2300s
 352990 34506 infeasible   44        92.00000   80.00000  13.0%  15.0 2309s
 355056 35510   85.00000   42   36   92.00000   80.11111  12.9%  15.0 2318s
 369962 35395 infeasible   45        92.00000   81.00000  12.0%  14.7 2323s
 370424 35319 infeasible   50        92.00000   81.00000  12.0%  14.7 2328s
 370906 36037   85.00000   46   40   92.00000   81.00000  12.0%  14.8 2332s
 376144 35897 infeasible   43        92.00000   81.00000  12.0%  14.7 2337s
 376671 36556   85.00000   49   56   92.00000   81.00000  12.0%  14.7 2342s
 385628 36269 infeasible   56        92.00000   81.00000  12.0%  14.5 2354s
 386585 37950   91.00000   62   29   92.00000   81.00000  12.0%  14.6 2378s
 402601 37950   85.00000   47   42   92.00000   81.00000  12.0%  14.3 2380s
 418617 37784 infeasible   51        92.00000   81.00000  12.0%  14.1 2391s
 419232 36805 infeasible   48        92.00000   81.00000  12.0%  14.1 2417s
 422977 38435   83.53333   46   72   92.00000   81.22456  11.7%  14.2 2439s
 442997 38435   84.00000   46   57   92.00000   81.43377  11.5%  14.0 2440s
 455009 38140 infeasible   51        92.00000   82.00000  10.9%  13.8 2453s
 455960 39390 infeasible   47        92.00000   82.00000  10.9%  13.8 2473s
 480985 39390   86.20000   53   78   92.00000   82.00000  10.9%  13.6 2475s
 487992 39181 infeasible   56        92.00000   82.00000  10.9%  13.5 2485s
 488648 38186 infeasible   51        92.00000   82.00000  10.9%  13.5 2507s
 492094 39612   84.00000   59   60   92.00000   82.92593  9.86%  13.6 2533s
 523900 39671 infeasible   60        92.00000   83.00000  9.78%  13.3 2546s
 525176 40928   83.20000   47   59   92.00000   83.00000  9.78%  13.3 2570s
 557208 40801 infeasible   48        92.00000   83.00000  9.78%  13.0 2576s
 557525 40763   91.00000   51   29   92.00000   83.00000  9.78%  13.0 2583s
 557722 40626 infeasible   52        92.00000   83.00000  9.78%  13.0 2586s
 558584 40299   85.00000   51   33   92.00000   83.00000  9.78%  13.0 2592s
 559055 40193 infeasible   53        92.00000   83.00000  9.78%  13.0 2624s
 559221 40134   87.00000   54   44   92.00000   83.00000  9.78%  13.0 2628s
 559907 39911 infeasible   56        92.00000   83.00000  9.78%  13.0 2632s
 560516 39621   88.00000   55   33   92.00000   83.00000  9.78%  13.0 2636s
 561082 39291 infeasible   41        92.00000   84.00000  8.70%  13.1 2644s
 562159 39015 infeasible   50        92.00000   84.00000  8.70%  13.1 2652s
 563479 40145 infeasible   47        92.00000   84.00000  8.70%  13.1 2663s
 578395 39866 infeasible   57        92.00000   84.00000  8.70%  13.0 2674s
 579496 40744   84.00000   55   47   92.00000   84.00000  8.70%  13.0 2694s
 611528 40535 infeasible   53        92.00000   84.00000  8.70%  12.7 2700s
 612462 40231     cutoff   45        92.00000   84.00000  8.70%  12.7 2708s
 612926 40043 infeasible   47        92.00000   84.00000  8.70%  12.7 2712s
 613478 39816 infeasible   38        92.00000   84.00000  8.70%  12.8 2716s
 614041 40085 infeasible   42        92.00000   84.00000  8.70%  12.8 2721s
 620220 39897 infeasible   45        92.00000   84.00000  8.70%  12.7 2730s
 620959 40054   87.00000   50   52   92.00000   84.00000  8.70%  12.8 2749s
 636975 40054   85.00000   45   55   92.00000   84.00000  8.70%  12.6 2750s
 652991 39509     cutoff   56        92.00000   85.00000  7.61%  12.5 2762s
 654247 38407 infeasible   44        92.00000   85.00000  7.61%  12.5 2788s
 658776 38751   89.00000   53   49   92.00000   85.00000  7.61%  12.6 2810s
 690791 38842 infeasible   57        92.00000   85.00000  7.61%  12.3 2818s
 691761 39040   89.00000   48   35   92.00000   85.00000  7.61%  12.3 2830s
 706501 39020   85.00000   49   53   92.00000   85.00000  7.61%  12.2 2838s
 712894 38827 infeasible   49        92.00000   85.00000  7.61%  12.2 2841s
 713394 38869   91.00000   49   35   92.00000   85.00000  7.61%  12.2 2845s
 719928 38519   85.00000   41   57   92.00000   85.00000  7.61%  12.2 2851s
 720369 38683 infeasible   47        92.00000   85.00000  7.61%  12.2 2855s
 726096 38403 infeasible   53        92.00000   85.00000  7.61%  12.1 2863s
 726830 37844   91.00000   56   35   92.00000   85.00000  7.61%  12.2 2883s
 758546 37462 infeasible   51        92.00000   86.00000  6.52%  11.9 2889s
 759249 37256 infeasible   51        92.00000   86.00000  6.52%  11.9 2893s
 760201 36898   86.00000   53   35   92.00000   86.00000  6.52%  12.0 2898s
 761203 36547     cutoff   63        92.00000   86.00000  6.52%  12.0 2903s
 762397 36366   88.00000   61   50   92.00000   86.00000  6.52%  12.0 2910s
 772851 36363 infeasible   63        92.00000   86.00000  6.52%  11.9 2916s
 773937 36448 infeasible   44        92.00000   86.00000  6.52%  11.9 2928s
 788834 36204 infeasible   59        92.00000   86.00000  6.52%  11.8 2932s
 789407 35956   91.00000   52   25   92.00000   86.00000  6.52%  11.8 2935s
 797568 35600 infeasible   56        92.00000   86.00000  6.52%  11.8 2944s
 798292 35481   90.00000   63   28   92.00000   86.00000  6.52%  11.8 2949s
 805088 35209 infeasible   51        92.00000   86.00000  6.52%  11.7 2953s
 805799 35123   86.00000   43   58   92.00000   86.00000  6.52%  11.7 2958s
 814211 34738 infeasible   65        92.00000   86.00000  6.52%  11.7 2962s
 815002 34449   88.00000   59   27   92.00000   86.00000  6.52%  11.7 2967s
 815924 34504 infeasible   48        92.00000   86.00000  6.52%  11.7 2972s
 823353 34046 infeasible   46        92.00000   86.00000  6.52%  11.7 2982s
 824559 32920   86.00000   56   49   92.00000   86.00000  6.52%  11.7 3002s
 854654 32542 infeasible   49        92.00000   86.11078  6.40%  11.5 3019s
 855108 30150 infeasible   41        92.00000   86.20000  6.30%  11.5 3060s
 863059 28275   87.00000   47   47   92.00000   87.00000  5.43%  11.5 3082s
 893394 27927 infeasible   57        92.00000   87.00000  5.43%  11.4 3090s
 894691 27551 infeasible   53        92.00000   87.00000  5.43%  11.4 3096s
 896181 26921   87.26056   47   58   92.00000   87.00000  5.43%  11.4 3103s
 907730 26632 infeasible   62        92.00000   87.00000  5.43%  11.3 3107s
 908397 26238   87.00000   52   52   92.00000   87.00000  5.43%  11.3 3110s
 914066 25586   88.00000   59   12   92.00000   87.00000  5.43%  11.3 3115s
 914925 25221 infeasible   53        92.00000   87.00000  5.43%  11.3 3131s
 916777 24159   91.00000   62   18   92.00000   88.00000  4.35%  11.3 3141s
 919601 23076   91.00000   56   18   92.00000   88.00000  4.35%  11.3 3150s
 936027 22338 infeasible   62        92.00000   88.00000  4.35%  11.2 3156s
 937444 21614     cutoff   58        92.00000   88.00000  4.35%  11.2 3162s
 947500 21007 infeasible   58        92.00000   88.00000  4.35%  11.2 3168s
 948691 21012   91.00000   58   29   92.00000   88.00000  4.35%  11.2 3173s
 950303 20365 infeasible   62        92.00000   88.00000  4.35%  11.2 3180s
 961688 19895 infeasible   56        92.00000   88.00000  4.35%  11.1 3185s
 968113 19152 infeasible   57        92.00000   88.00000  4.35%  11.1 3192s
 968873 18497 infeasible   60        92.00000   88.00000  4.35%  11.1 3195s
 976624 17096 infeasible   51        92.00000   89.00000  3.26%  11.1 3204s
 978696 16115 infeasible   52        92.00000   89.00000  3.26%  11.1 3210s
 989262 15238   91.00000   60   25   92.00000   89.00000  3.26%  11.0 3215s
 990655 14284 infeasible   53        92.00000   89.00000  3.26%  11.0 3221s
 992338 12932 infeasible   66        92.00000   89.00000  3.26%  11.0 3228s
 1005863 12207 infeasible   53        92.00000   89.00000  3.26%  11.0 3232s
 1006998 11587 infeasible   47        92.00000   89.00000  3.26%  11.0 3267s
 1008099 10938 infeasible   44        92.00000   89.00000  3.26%  11.0 3272s
 1014475 10612 infeasible   60        92.00000   89.00000  3.26%  11.0 3275s
 1017749  9773   91.00000   66   15   92.00000   89.02082  3.24%  10.9 3282s
 1024839  8575 infeasible   59        92.00000   90.00000  2.17%  10.9 3288s
 1034323  7608     cutoff   66        92.00000   90.00000  2.17%  10.9 3292s
 1035975  6264   91.00000   54   10   92.00000   90.00000  2.17%  10.9 3296s
 1044240  4193 infeasible   49        92.00000   91.00000  1.09%  10.8 3304s
 1054051  3464   91.00000   65   25   92.00000   91.00000  1.09%  10.8 3309s
 1056450   985   91.00000   65   24   92.00000   91.00000  1.09%  10.8 3315s

Cutting planes:
  Learned: 1
  Gomory: 8
  Cover: 7
  Clique: 1
  MIR: 24
  StrongCG: 2
  Flow cover: 58
  Inf proof: 5
  RLT: 1
  Relax-and-lift: 15

Explored 1066739 nodes (11431084 simplex iterations) in 3351.01 seconds (102.73 work units)
Thread count was 32 (of 32 available processors)

Solution count 10: 92 92 92 ... 97

Optimal solution found (tolerance 1.00e-04)
Best objective 9.200000000000e+01, best bound 9.200000000000e+01, gap 0.0000%

Wrote result file 'RCPSP_82.sol'

