
Gurobi 10.0.3 (linux64, gurobi_cl) logging started Fri Nov 10 18:50:27 2023

Set parameter Username
Set parameter TimeLimit to value 3600
Set parameter LogFile to value "RCPSP_1685.log"
Set parameter Threads to value 32
Academic license - for non-commercial use only - expires 2024-11-06
Using license file /home/jrivera6/gurobi-licenses/v1003/compute-0-36/gurobi.lic

Gurobi Optimizer version 10.0.3 build v10.0.3rc0 (linux64)
Copyright (c) 2023, Gurobi Optimization, LLC

Read MPS format model from file RCPSP_1685.mps
Reading time = 0.15 seconds
RCPSP_1685: 75251 rows, 29890 columns, 237025 nonzeros

CPU model: Intel(R) Xeon(R) Gold 6130 CPU @ 2.10GHz, instruction set [SSE2|AVX|AVX2|AVX512]
Thread count: 32 physical cores, 32 logical processors, using up to 32 threads

Optimize a model with 75251 rows, 29890 columns and 237025 nonzeros
Model fingerprint: 0x0950e43d
Variable types: 122 continuous, 29768 integer (29768 binary)
Coefficient statistics:
  Matrix range     [1e+00, 7e+02]
  Objective range  [1e+00, 1e+00]
  Bounds range     [1e+00, 1e+00]
  RHS range        [1e+00, 7e+02]
Presolve removed 11163 rows and 1597 columns (presolve time = 5s) ...
Presolve removed 12230 rows and 2282 columns
Presolve time: 8.42s
Presolved: 63021 rows, 27608 columns, 207002 nonzeros
Variable types: 121 continuous, 27487 integer (27487 binary)

Deterministic concurrent LP optimizer: primal and dual simplex (primal and dual model)
Showing first log only...

Root relaxation presolved: 63021 rows, 27608 columns, 207002 nonzeros


Root simplex log...

Iteration    Objective       Primal Inf.    Dual Inf.      Time
       0    1.0001662e+02   4.346657e-03   7.396777e+07     11s
    3912    1.0000000e+02   0.000000e+00   0.000000e+00     13s
Concurrent spin time: 3.14s

Solved with dual simplex (dual model)

Root relaxation: objective 1.000000e+02, 30594 iterations, 6.73 seconds (0.37 work units)
Total elapsed time = 22.42s
Total elapsed time = 25.24s

    Nodes    |    Current Node    |     Objective Bounds      |     Work
 Expl Unexpl |  Obj  Depth IntInf | Incumbent    BestBd   Gap | It/Node Time

H    0     0                     100.0000000  100.00000  0.00%     -   25s
     0     0  100.00000    0    2  100.00000  100.00000  0.00%     -   25s

Explored 1 nodes (38902 simplex iterations) in 25.92 seconds (6.19 work units)
Thread count was 32 (of 32 available processors)

Solution count 1: 100 

Optimal solution found (tolerance 1.00e-04)
Best objective 1.000000000000e+02, best bound 1.000000000000e+02, gap 0.0000%

Wrote result file 'RCPSP_1685.sol'

