
Gurobi 10.0.3 (linux64, gurobi_cl) logging started Thu Nov  9 12:53:45 2023

Set parameter Username
Set parameter TimeLimit to value 3600
Set parameter LogFile to value "RCPSP_1413.log"
Set parameter Threads to value 32
Academic license - for non-commercial use only - expires 2024-10-30
Using license file /home/jrivera6/gurobi-licenses/v1003/compute-0-37/gurobi.lic

Gurobi Optimizer version 10.0.3 build v10.0.3rc0 (linux64)
Copyright (c) 2023, Gurobi Optimization, LLC

Read MPS format model from file RCPSP_1413.mps
Reading time = 0.08 seconds
RCPSP_1413: 42975 rows, 17020 columns, 159179 nonzeros

CPU model: Intel(R) Xeon(R) Gold 6242 CPU @ 2.80GHz, instruction set [SSE2|AVX|AVX2|AVX512]
Thread count: 32 physical cores, 32 logical processors, using up to 32 threads

Optimize a model with 42975 rows, 17020 columns and 159179 nonzeros
Model fingerprint: 0xce5c43e4
Variable types: 92 continuous, 16928 integer (16928 binary)
Coefficient statistics:
  Matrix range     [1e+00, 5e+02]
  Objective range  [1e+00, 1e+00]
  Bounds range     [1e+00, 1e+00]
  RHS range        [1e+00, 5e+02]
Presolve removed 8259 rows and 2288 columns
Presolve time: 3.67s
Presolved: 34716 rows, 14732 columns, 134728 nonzeros
Variable types: 91 continuous, 14641 integer (14641 binary)

Deterministic concurrent LP optimizer: primal and dual simplex (primal and dual model)
Showing first log only...

Root relaxation presolved: 34716 rows, 14732 columns, 134728 nonzeros

Concurrent spin time: 0.24s

Solved with dual simplex (dual model)

Root relaxation: objective 1.120000e+02, 17324 iterations, 1.03 seconds (0.14 work units)

    Nodes    |    Current Node    |     Objective Bounds      |     Work
 Expl Unexpl |  Obj  Depth IntInf | Incumbent    BestBd   Gap | It/Node Time

     0     0  112.00000    0  140          -  112.00000      -     -    7s
     0     0  112.00000    0  774          -  112.00000      -     -   17s
     0     0  112.00000    0  766          -  112.00000      -     -   17s
     0     0  112.00000    0  764          -  112.00000      -     -   17s
     0     0  112.00000    0  689          -  112.00000      -     -   18s
     0     0  112.00000    0   37          -  112.00000      -     -   22s
     0     0  112.00000    0   41          -  112.00000      -     -   22s
     0     0  112.00000    0   22          -  112.00000      -     -   25s
     0     0  112.00000    0  100          -  112.00000      -     -   26s
     0     0  112.00000    0   37          -  112.00000      -     -   30s
     0     0  112.00000    0   79          -  112.00000      -     -   30s
     0     0  112.00000    0   32          -  112.00000      -     -   33s
     0     0  112.00000    0   64          -  112.00000      -     -   34s
     0     0  112.00000    0   60          -  112.00000      -     -   37s
     0     0  112.00000    0  102          -  112.00000      -     -   38s
     0     0  112.00000    0   20          -  112.00000      -     -   41s
H    0     0                     515.0000000  112.00000  78.3%     -   42s
     0     0  112.00000    0   20  515.00000  112.00000  78.3%     -   43s
H    0     0                     137.0000000  112.00000  18.2%     -   48s
     0     0  112.00000    0  132  137.00000  112.00000  18.2%     -   61s
     0     0  112.00000    0  331  137.00000  112.00000  18.2%     -   66s
     0     0  112.00000    0  311  137.00000  112.00000  18.2%     -   66s
     0     0  112.00000    0  311  137.00000  112.00000  18.2%     -   66s
H    0     0                     129.0000000  112.00000  13.2%     -   67s
     0     0  112.00000    0  359  129.00000  112.00000  13.2%     -   68s
H    0     0                     123.0000000  112.00000  8.94%     -   71s
     0     0  112.00000    0   91  123.00000  112.00000  8.94%     -   72s
H    0     0                     121.0000000  112.00000  7.44%     -   72s
     0     0  112.00000    0  199  121.00000  112.00000  7.44%     -   73s
     0     0  112.00000    0  335  121.00000  112.00000  7.44%     -   74s
     0     0  112.00000    0   87  121.00000  112.00000  7.44%     -   88s
     0     0  112.00000    0  243  121.00000  112.00000  7.44%     -   89s
H    0     0                     120.0000000  112.00000  6.67%     -   90s
     0     0  112.00000    0  247  120.00000  112.00000  6.67%     -   91s
     0     0  112.00000    0  131  120.00000  112.00000  6.67%     -   95s
     0     0  112.00000    0  129  120.00000  112.00000  6.67%     -   96s
     0     0  112.00000    0  167  120.00000  112.00000  6.67%     -   97s
H    0     0                     119.0000000  112.00000  5.88%     -  101s
H    0     0                     118.0000000  112.00000  5.08%     -  102s
     0     0  112.00000    0   63  118.00000  112.00000  5.08%     -  102s
     0     0  112.00000    0  157  118.00000  112.00000  5.08%     -  104s
H    0     0                     117.0000000  112.00000  4.27%     -  106s
     0     0  112.00000    0   30  117.00000  112.00000  4.27%     -  107s
     0     0  112.00000    0  156  117.00000  112.00000  4.27%     -  109s
     0     0  112.00000    0   37  117.00000  112.00000  4.27%     -  111s
     0     0  112.00000    0   62  117.00000  112.00000  4.27%     -  112s
     0     0  112.00000    0   47  117.00000  112.00000  4.27%     -  113s
     0     0  112.00000    0   36  117.00000  112.00000  4.27%     -  115s
     0     2  112.00000    0   25  117.00000  112.00000  4.27%     -  123s
     1     4  112.00000    1   37  117.00000  112.00000  4.27%   626  126s
     3     8  112.00000    2   46  117.00000  112.00000  4.27%   228  135s
     7    14  112.00000    3  214  117.00000  112.00000  4.27%   303  142s
    15    25  112.00000    4  240  117.00000  112.00000  4.27%   320  150s
    29    48  112.00000    5  230  117.00000  112.00000  4.27%   354  160s
    54    74  112.00000    6  178  117.00000  112.00000  4.27%   241  170s
H   86   100                     117.0000000  112.00000  4.27%   275  428s
H   86   100                     116.0000000  112.00000  3.45%   275  428s
H   87   100                     115.0000000  112.00000  2.61%   276  428s
H   88   100                     113.0000000  112.00000  0.88%   274  428s
   118    85  112.00000    8  147  113.00000  112.00000  0.88%   263  431s
   182    59  112.00000    9  147  113.00000  112.00000  0.88%   175  447s
   226    79  112.00000    7  287  113.00000  112.00000  0.88%   260  463s
   260   104  112.00000    8  391  113.00000  112.00000  0.88%   345  480s
   293   129  112.00000    9  391  113.00000  112.00000  0.88%   383  495s
   326   163  112.00000   10  155  113.00000  112.00000  0.88%   394  511s
   444   311  112.00000   12  160  113.00000  112.00000  0.88%   317  532s
   565   392  112.00000   15  182  113.00000  112.00000  0.88%   312  570s
   667   840  112.00000   17  200  113.00000  112.00000  0.88%   314  605s
  1358  1306  112.08333   22  336  113.00000  112.00000  0.88%   240  661s
  2894  1302  112.00000   10   20  113.00000  112.00000  0.88%   179  679s
  2896  1303  112.00000   34  127  113.00000  112.00000  0.88%   179  681s
  2899  1305  112.00000   29   85  113.00000  112.00000  0.88%   179  687s
  2901  1307  112.00000   22   23  113.00000  112.00000  0.88%   179  690s
  2905  1309  112.00000   37   31  113.00000  112.00000  0.88%   179  696s
  2909  1312  112.00000   52    8  113.00000  112.00000  0.88%   178  700s
  2913  1315  112.00000   26    4  113.00000  112.00000  0.88%   178  705s
  2916  1317  112.00000   32    9  113.00000  112.00000  0.88%   178  710s
  2918  1321  112.00000   13    8  113.00000  112.00000  0.88%   209  717s
  2924  1330  112.00000   15    8  113.00000  112.00000  0.88%   208  722s
  2932  1342  112.00000   16   43  113.00000  112.00000  0.88%   208  728s
  2947  1363  112.00000   17   54  113.00000  112.00000  0.88%   207  737s
  2977  1377  112.00000   18   56  113.00000  112.00000  0.88%   206  743s
  3009  1395  112.00000   19   46  113.00000  112.00000  0.88%   205 1775s
  3014  1393  112.00000   19   36  113.00000  112.00000  0.88%   204 1790s
H 3015  1326                     112.9999990  112.00000  0.88%   204 1863s
  3017  1325  112.00000   19   36  113.00000  112.00000  0.88%   204 1868s
  3020  1324  112.00000   19   20  113.00000  112.00000  0.88%   204 1895s
  3028  1321  112.00000   18   99  113.00000  112.00000  0.88%   204 1927s
  3041  1337  112.00000   19   67  113.00000  112.00000  0.88%   203 2550s
  3073  1348  112.00000   20   36  113.00000  112.00000  0.88%   201 2772s
  3104  1338  112.00000   21  153  113.00000  112.00000  0.88%   200 2777s
  3105  1359  112.00000   20   48  113.00000  112.00000  0.88%   200 3610s

Cutting planes:
  Learned: 9
  Gomory: 13
  Cover: 476
  Implied bound: 41
  Projected implied bound: 7
  Clique: 167
  MIR: 90
  StrongCG: 23
  Flow cover: 168
  GUB cover: 10
  Inf proof: 1
  Zero half: 11
  RLT: 39
  Relax-and-lift: 45

Explored 3148 nodes (711141 simplex iterations) in 3937.97 seconds (66.74 work units)
Thread count was 32 (of 32 available processors)

Solution count 10: 113 113 115 ... 121

Time limit reached
Best objective 1.129999990114e+02, best bound 1.120000000000e+02, gap 0.8850%

Wrote result file 'RCPSP_1413.sol'

