
Gurobi 10.0.3 (linux64, gurobi_cl) logging started Thu Nov  2 11:33:56 2023

Set parameter Username
Set parameter TimeLimit to value 3600
Set parameter LogFile to value "RCPSP_169.log"
Set parameter Threads to value 32
Academic license - for non-commercial use only - expires 2024-10-30
Using license file /home/jrivera6/gurobi-licenses/v1003/compute-0-38/gurobi.lic

Gurobi Optimizer version 10.0.3 build v10.0.3rc0 (linux64)
Copyright (c) 2023, Gurobi Optimization, LLC

Read MPS format model from file RCPSP_169.mps
Reading time = 0.01 seconds
RCPSP_169: 5339 rows, 2080 columns, 16093 nonzeros

CPU model: Intel(R) Xeon(R) Gold 6242 CPU @ 2.80GHz, instruction set [SSE2|AVX|AVX2|AVX512]
Thread count: 32 physical cores, 32 logical processors, using up to 32 threads

Optimize a model with 5339 rows, 2080 columns and 16093 nonzeros
Model fingerprint: 0x67a71730
Variable types: 32 continuous, 2048 integer (2048 binary)
Coefficient statistics:
  Matrix range     [1e+00, 1e+02]
  Objective range  [1e+00, 1e+00]
  Bounds range     [1e+00, 1e+00]
  RHS range        [1e+00, 1e+02]
Presolve removed 3042 rows and 1162 columns
Presolve time: 0.19s
Presolved: 2297 rows, 918 columns, 7003 nonzeros
Variable types: 31 continuous, 887 integer (887 binary)

Root relaxation: objective 4.600000e+01, 333 iterations, 0.00 seconds (0.00 work units)

    Nodes    |    Current Node    |     Objective Bounds      |     Work
 Expl Unexpl |  Obj  Depth IntInf | Incumbent    BestBd   Gap | It/Node Time

     0     0   46.00000    0   24          -   46.00000      -     -    0s
H    0     0                      53.0000000   46.00000  13.2%     -    0s
H    0     0                      52.0000000   46.00000  11.5%     -    0s
     0     0   46.00000    0   76   52.00000   46.00000  11.5%     -    0s
     0     0   46.00000    0   70   52.00000   46.00000  11.5%     -    0s
     0     0   46.00000    0   65   52.00000   46.00000  11.5%     -    0s
H    0     0                      50.0000000   46.00000  8.00%     -    0s
     0     0   47.00000    0   17   50.00000   47.00000  6.00%     -    0s
     0     0   47.00000    0    7   50.00000   47.00000  6.00%     -    0s
     0     0   47.00000    0   53   50.00000   47.00000  6.00%     -    1s
     0     0   47.00000    0   46   50.00000   47.00000  6.00%     -    1s
H    0     0                      48.0000000   47.00000  2.08%     -    2s
     0     0   48.00000    0   81   48.00000   48.00000  0.00%     -    3s

Explored 1 nodes (3227 simplex iterations) in 3.01 seconds (0.37 work units)
Thread count was 32 (of 32 available processors)

Solution count 4: 48 50 52 53 

Optimal solution found (tolerance 1.00e-04)
Best objective 4.800000000000e+01, best bound 4.800000000000e+01, gap 0.0000%

Wrote result file 'RCPSP_169.sol'

