
Gurobi 10.0.3 (linux64, gurobi_cl) logging started Thu Nov  9 11:54:29 2023

Set parameter Username
Set parameter TimeLimit to value 3600
Set parameter LogFile to value "RCPSP_1327.log"
Set parameter Threads to value 32
Academic license - for non-commercial use only - expires 2024-10-30
Using license file /home/jrivera6/gurobi-licenses/v1003/compute-0-38/gurobi.lic

Gurobi Optimizer version 10.0.3 build v10.0.3rc0 (linux64)
Copyright (c) 2023, Gurobi Optimization, LLC

Read MPS format model from file RCPSP_1327.mps
Reading time = 0.06 seconds
RCPSP_1327: 42975 rows, 17020 columns, 142890 nonzeros

CPU model: Intel(R) Xeon(R) Gold 6242 CPU @ 2.80GHz, instruction set [SSE2|AVX|AVX2|AVX512]
Thread count: 32 physical cores, 32 logical processors, using up to 32 threads

Optimize a model with 42975 rows, 17020 columns and 142890 nonzeros
Model fingerprint: 0x3b1dd797
Variable types: 92 continuous, 16928 integer (16928 binary)
Coefficient statistics:
  Matrix range     [1e+00, 5e+02]
  Objective range  [1e+00, 1e+00]
  Bounds range     [1e+00, 1e+00]
  RHS range        [1e+00, 5e+02]
Presolve removed 9923 rows and 2444 columns (presolve time = 5s) ...
Presolve removed 9923 rows and 2444 columns (presolve time = 10s) ...
Presolve removed 15477 rows and 4498 columns
Presolve time: 10.30s
Presolved: 27498 rows, 12522 columns, 93877 nonzeros
Variable types: 91 continuous, 12431 integer (12431 binary)

Root simplex log...

Iteration    Objective       Primal Inf.    Dual Inf.      Time
       0    9.7000000e+01   9.582456e+04   0.000000e+00     11s
    3967    9.7000000e+01   0.000000e+00   0.000000e+00     11s

Root relaxation: objective 9.700000e+01, 3967 iterations, 0.15 seconds (0.05 work units)

    Nodes    |    Current Node    |     Objective Bounds      |     Work
 Expl Unexpl |  Obj  Depth IntInf | Incumbent    BestBd   Gap | It/Node Time

     0     0   97.00000    0  159          -   97.00000      -     -   12s
     0     0  101.00000    0  138          -  101.00000      -     -   12s
     0     0  101.00000    0  444          -  101.00000      -     -   27s
     0     0  101.00000    0  455          -  101.00000      -     -   28s
     0     0  101.00000    0  449          -  101.00000      -     -   28s
     0     0  105.51852    0  280          -  105.51852      -     -   42s
     0     0  105.51852    0  277          -  105.51852      -     -   42s
     0     0  105.51852    0  275          -  105.51852      -     -   42s
     0     0  105.51852    0  545          -  105.51852      -     -   47s
     0     0  105.51852    0  399          -  105.51852      -     -   48s
     0     0  105.51852    0  406          -  105.51852      -     -   49s
     0     0  105.51852    0  459          -  105.51852      -     -   51s
     0     0  105.51852    0  439          -  105.51852      -     -   51s
     0     0  105.51852    0  452          -  105.51852      -     -   57s
     0     0  105.51852    0  375          -  105.51852      -     -   57s
     0     0  105.51852    0  114          -  105.51852      -     -   70s
     0     0  105.51852    0  182          -  105.51852      -     -   71s
     0     0  105.51852    0  219          -  105.51852      -     -   81s
     0     0  105.51852    0  215          -  105.51852      -     -   81s
     0     0  105.51852    0  394          -  105.51852      -     -   83s
     0     0  105.51852    0  390          -  105.51852      -     -   83s
     0     0  105.51852    0  110          -  105.51852      -     -   93s
     0     0  105.51852    0  215          -  105.51852      -     -   96s
     0     0  105.51852    0  213          -  105.51852      -     -   96s
     0     0  105.51852    0  240          -  105.51852      -     -  102s
     0     0  105.51852    0  243          -  105.51852      -     -  102s
     0     0  105.51852    0  372          -  105.51852      -     -  104s
     0     0  105.51852    0  247          -  105.51852      -     -  111s
     0     0  105.51852    0  238          -  105.51852      -     -  111s
H    0     0                     425.0000000  105.51852  75.2%     -  117s
     0     0  105.51852    0  238  425.00000  105.51852  75.2%     -  118s
H    0     0                     424.0000000  105.51852  75.1%     -  123s
H    0     2                     378.0000000  105.51852  72.1%     -  137s
     0     2  105.51852    0   83  378.00000  105.51852  72.1%     -  137s
     1     4  111.00000    1  175  378.00000  105.51852  72.1%  4326  140s
     3     7  111.00000    2  526  378.00000  105.51852  72.1%  1634  147s
     7    11  111.00794    3  710  378.00000  105.51852  72.1%  1122  156s
    14    19  114.20000    4  613  378.00000  105.51852  72.1%   794  168s
    25    34  115.00000    5  456  378.00000  105.51852  72.1%   691  183s
H   44    45                     371.0000000  105.51852  71.6%   621  272s
H   44    45                     349.0000000  105.51852  69.8%   621  272s
H   45    45                     331.0000000  105.51852  68.1%   617  272s
H   49    45                     329.0000000  105.51852  67.9%   636  272s
H   50    45                     269.0000000  105.51852  60.8%   624  273s
    76    64  115.00000    7  528  269.00000  105.51852  60.8%   618  285s
   108    86  115.00000    8  473  269.00000  105.51852  60.8%   567  296s
   172   139  115.00000   10  465  269.00000  105.51852  60.8%   465  418s
   204   177  115.01471   11  477  269.00000  105.51852  60.8%   407  433s
H  212   177                     259.0000000  105.51852  59.3%   398  433s
H  235   177                     257.0000000  105.51852  58.9%   365  433s
   252   232  117.00000   13  371  257.00000  105.51852  58.9%   343  440s
   311   280  117.00000   14  365  257.00000  105.51852  58.9%   295  450s
   368   341  117.00000   16  366  257.00000  105.51852  58.9%   262  457s
   443   399  117.00000   19  357  257.00000  105.51852  58.9%   225  468s
   516   445  117.00000   22  358  257.00000  105.51852  58.9%   206  484s
   583   508  125.00000   24  284  257.00000  105.51852  58.9%   201  495s
   651   584  125.00000   27  275  257.00000  105.51852  58.9%   192  506s
   746   670  125.00000   30  265  257.00000  105.51852  58.9%   175  513s
   838   776  125.00000   33  261  257.00000  105.51852  58.9%   162  520s
   956   899  125.00000   38  264  257.00000  105.51852  58.9%   146  525s
  1089  1084  125.00000   44  283  257.00000  105.51852  58.9%   131  530s
H 1289  1114                     219.0000000  105.51852  51.8%   114  544s
H 1290  1114                     217.0000000  105.51852  51.4%   114  544s
H 1300  1114                     216.0000000  105.51852  51.1%   113  544s
H 1321  1146                     176.0000000  105.51852  40.0%   111 1163s
H 1324  1146                     159.0000000  105.51852  33.6%   111 1163s
  1353  1172  125.00000   51  397  159.00000  105.51852  33.6%   109 1216s
H 1359  1172                     153.0000000  105.51852  31.0%   109 1216s
  1389  1366  125.00000   52  381  153.00000  105.51852  31.0%   108 1223s
H 1609  1395                     151.0000000  105.51852  30.1%   100 1372s
H 1622  1395                     148.0000000  105.51852  28.7%   100 1372s
  1643  1627  125.00000   62  384  148.00000  105.51852  28.7%   101 1383s
  1914  1858  125.00000   72  328  148.00000  105.51852  28.7%  91.6 1400s
  2187  2052  125.00000   83  346  148.00000  105.51852  28.7%  88.3 1412s
  2459  2268  125.00000   94  334  148.00000  105.51852  28.7%  84.0 1425s
H 2754  2291                     147.0000000  105.51852  28.2%  81.3 1456s
  2790  2523  128.00000  102  337  147.00000  105.51852  28.2%  82.6 1473s
  3119  2524  108.00000   13  238  147.00000  105.51852  28.2%  79.9 1505s
  3121  2525  131.00000   41   77  147.00000  105.51852  28.2%  79.8 1513s
  3122  2526  105.65432   13   88  147.00000  105.51852  28.2%  79.8 1525s
H 3122  2399                     147.0000000  105.51852  28.2%  79.8 1527s
H 3123  2280                     146.0000000  105.51852  27.7%  79.8 1536s
  3126  2282  125.00000   25  268  146.00000  105.51852  27.7%  79.7 1548s
  3127  2282  131.00000   80  324  146.00000  105.51852  27.7%  79.7 1551s
  3128  2283  118.00000   55  166  146.00000  105.51852  27.7%  79.6 1562s
  3129  2284  119.00000   38  317  146.00000  105.51852  27.7%  79.6 1567s
  3130  2284  123.00000   83  308  146.00000  105.53391  27.7%  79.6 1575s
H 3131  2171                     145.0000000  105.54027  27.2%  79.6 1592s
  3133  2172  110.00000   32  449  145.00000  105.54027  27.2%  79.5 1598s
  3134  2173  120.00000   64  157  145.00000  105.54761  27.2%  79.5 1612s
  3135  2174  125.00000   47  378  145.00000  105.54778  27.2%  79.5 1615s
  3136  2174  116.00000   13  479  145.00000  105.57493  27.2%  79.4 1622s
  3137  2175  121.00000   61  731  145.00000  105.57493  27.2%  79.4 1626s
  3138  2176  107.00000   16  218  145.00000  105.57861  27.2%  79.4 1639s
  3139  2176  116.00000   11  332  145.00000  105.58016  27.2%  79.4 1642s
  3140  2177  115.00000   79  323  145.00000  105.60809  27.2%  79.3 1651s
  3141  2178  117.00000   14  557  145.00000  105.62458  27.2%  79.3 1657s
H 3141  2068                     144.0000000  105.62458  26.6%  79.3 1664s
  3142  2068  135.00000   74  150  144.00000  105.63610  26.6%  79.3 1672s
  3143  2069  112.00000   10  339  144.00000  105.63610  26.6%  79.3 1677s
H 3143  1965                     140.0000000  105.71555  24.5%  79.3 1688s
  3145  1966  119.00000   79  465  140.00000  105.71595  24.5%  79.2 1692s
  3146  1967  118.00000   47  284  140.00000  105.71718  24.5%  79.2 1710s
H 3146  1869                     139.0000000  105.71718  23.9%  79.2 1712s
H 3146  1775                     136.0000000  105.71726  22.3%  79.2 1715s
H 3147  1686                     135.0000000  105.71726  21.7%  79.2 1731s
  3148  1686  112.00000   22  222  135.00000  105.71756  21.7%  79.1 1735s
  3150  1688  110.00000   14  275  135.00000  105.72356  21.7%  79.1 1751s
  3151  1688  111.00000   16  499  135.00000  105.73703  21.7%  79.1 1755s
  3152  1689  115.00000  108  329  135.00000  105.78089  21.6%  79.0 1770s
  3153  1690  129.00000   38  534  135.00000  105.78183  21.6%  79.0 1776s
H 3153  1605                     134.0000000  105.79149  21.1%  79.0 1790s
  3155  1606  112.00000   12  431  134.00000  105.79679  21.0%  79.0 1797s
  3156  1607  134.00000   79  335  134.00000  105.79808  21.0%  78.9 1809s
  3157  1607  119.00000   68  558  134.00000  105.79826  21.0%  78.9 1817s
  3158  1608  132.00000   24  254  134.00000  105.80003  21.0%  78.9 1832s
  3159  1609  128.00000   64  347  134.00000  105.80144  21.0%  78.9 1838s
H 3159  1528                     133.0000000  105.80389  20.4%  78.9 1851s
  3161  1529  116.00000   38  353  133.00000  105.80389  20.4%  78.8 1855s
  3162  1530  119.00000   16  383  133.00000  105.80775  20.4%  78.8 1869s
  3163  1530  119.00000   65  566  133.00000  105.80971  20.4%  78.8 1875s
  3164  1531  133.00000   99  175  133.00000  105.80972  20.4%  78.7 1889s
H 3164  1454                     132.0000000  105.80972  19.8%  78.7 1891s
  3165  1455  117.00000   34  442  132.00000  105.80998  19.8%  78.7 1895s
  3166  1455  132.00000   18  203  132.00000  105.80998  19.8%  78.7 1905s
  3168  1457  119.00000   88  239  132.00000  105.81075  19.8%  78.6 1923s
  3169  1457  132.00000   84  412  132.00000  105.81076  19.8%  78.6 1926s
  3170  1458  132.00000  103  274  132.00000  105.81098  19.8%  78.6 1935s
  3171  1459  121.00000   60  455  132.00000  105.81098  19.8%  78.6 1943s
  3172  1459  132.00000  108  303  132.00000  105.81107  19.8%  78.5 1956s
  3174  1461  110.00000   35  279  132.00000  105.81200  19.8%  78.5 1973s
  3175  1461  115.00000   81  437  132.00000  105.81200  19.8%  78.5 1978s
  3176  1462  112.00000   26  301  132.00000  105.81200  19.8%  78.4 1987s
  3177  1463  123.00000   32  465  132.00000  105.81200  19.8%  78.4 1992s
  3178  1463  129.00000  108  215  132.00000  105.81216  19.8%  78.4 2012s
  3179  1464  116.00000   15  363  132.00000  105.81216  19.8%  78.4 2023s
  3180  1465  124.00000   66  219  132.00000  105.81216  19.8%  78.3 2032s
  3181  1465  124.00000   78  343  132.00000  105.81216  19.8%  78.3 2035s
  3185  1469  132.00000   27  238  132.00000  105.81217  19.8%   158 2052s
  3187  1470  124.00000   73   98  132.00000  105.86603  19.8%   158 2062s
  3188  1471  132.00000   64  131  132.00000  105.86603  19.8%   158 2067s
  3189  1472  115.00000    7  239  132.00000  105.86603  19.8%   158 2070s
H 3189  1398                     132.0000000  105.86603  19.8%   158 2077s
  3190  1398  121.00000   65  166  132.00000  105.86876  19.8%   158 2083s
  3191  1399  124.00000   61  368  132.00000  105.88317  19.8%   158 2086s
  3192  1400  116.00000   29  221  132.00000  105.90149  19.8%   158 2095s
  3194  1401  115.00000   55  200  132.00000  105.95383  19.7%   158 2112s
  3195  1402  126.00000   65  315  132.00000  105.95416  19.7%   158 2115s
  3196  1402  132.00000   30  206  132.00000  105.95451  19.7%   158 2128s
  3197  1403  108.00000   19  382  132.00000  105.95632  19.7%   158 2133s
  3198  1404  126.00000   90  123  132.00000  105.98500  19.7%   158 2142s
  3199  1404  129.00000  114  314  132.00000  105.98639  19.7%   158 2145s
  3200  1405  132.00000   66  156  132.00000  105.98658  19.7%   158 2154s
  3201  1406  124.00000   35  263  132.00000  105.98658  19.7%   158 2158s
  3202  1406  114.00000   58  158  132.00000  105.98720  19.7%   158 2165s
  3204  1408  132.00000   70  112  132.00000  105.98720  19.7%   157 2179s
  3205  1408  118.00000   42  259  132.00000  105.98720  19.7%   157 2186s
  3206  1409  119.00000   15  116  132.00000  105.98720  19.7%   157 2196s
  3208  1410  115.00000   92  108  132.00000  105.98720  19.7%   157 2208s
  3209  1411  110.00000   27  314  132.00000  105.98720  19.7%   157 2211s
  3210  1412  125.00000   80  156  132.00000  105.98720  19.7%   157 2219s
  3211  1412  118.00000   34  288  132.00000  105.98723  19.7%   157 2223s
  3212  1413  132.00000  127  306  132.00000  105.98723  19.7%   157 2232s
  3213  1414  117.00000   17  324  132.00000  105.98725  19.7%   157 2235s
  3214  1414  122.00000   15  158  132.00000  105.99029  19.7%   157 2244s
  3215  1415  123.00000   78  368  132.00000  105.99131  19.7%   157 2247s
  3216  1416  132.00000   26  263  132.00000  105.99398  19.7%   157 2256s
  3218  1417  131.00000   68  197  132.00000  106.01409  19.7%   157 2267s
  3219  1418  108.00000   13  347  132.00000  106.02501  19.7%   157 2271s
  3220  1418  123.00000   73  258  132.00000  106.04577  19.7%   157 2280s
  3221  1419  131.00000   41  441  132.00000  106.12541  19.6%   157 2285s
  3222  1420  106.13674   13  228  132.00000  106.13674  19.6%   157 2297s
  3223  1420  125.00000   84  343  132.00000  106.13683  19.6%   157 2301s
  3224  1421  132.00000   45  179  132.00000  106.13719  19.6%   156 2326s
  3225  1422  132.00000   64  346  132.00000  106.13719  19.6%   156 2339s
  3226  1422  125.00000   25  127  132.00000  106.16815  19.6%   156 2348s
  3227  1423  131.00000   80  229  132.00000  106.18575  19.6%   156 2351s
  3228  1424  118.00000   55  295  132.00000  106.19466  19.5%   156 2358s
  3229  1424  119.00000   38  354  132.00000  106.19466  19.5%   156 2364s
  3230  1425  123.00000   83  287  132.00000  106.19988  19.5%   156 2376s
H 3230  1353                     131.0000000  106.20252  18.9%   156 2381s
  3232  1354  131.00000   31   93  131.00000  106.20252  18.9%   156 2394s
  3233  1355  110.00000   32  203  131.00000  106.20252  18.9%   156 2397s
H 3233  1286                     129.0000000  106.20252  17.7%   156 2402s
  3234  1287  120.00000   64  108  129.00000  106.20252  17.7%   156 2406s
  3235  1287  125.00000   47  202  129.00000  106.20252  17.7%   156 2412s
  3236  1288  116.00000   13  302  129.00000  106.21054  17.7%   156 2421s
  3237  1289  121.00000   61  295  129.00000  106.21105  17.7%   156 2427s
  3238  1289  107.00000   16  311  129.00000  106.21234  17.7%   156 2435s
  3240  1291  115.00000   79  200  129.00000  106.22552  17.7%   156 2450s
  3241  1291  117.00000   14  397  129.00000  106.22608  17.7%   156 2455s
  3242  1292  129.00000   74  278  129.00000  106.22936  17.7%   156 2468s
  3243  1293  112.00000   10  465  129.00000  106.23004  17.7%   156 2474s
  3244  1293  129.00000   47  243  129.00000  106.23004  17.7%   156 2488s
  3245  1294  119.00000   79  485  129.00000  106.23004  17.7%   155 2497s
  3246  1295  118.00000   47  229  129.00000  106.26967  17.6%   155 2506s
  3247  1295  129.00000   11  541  129.00000  106.30868  17.6%   155 2512s
  3248  1296  112.00000   22  157  129.00000  106.34819  17.6%   155 2522s
  3249  1297  119.00000   37  358  129.00000  106.37738  17.5%   155 2526s
  3250  1297  110.00000   14  249  129.00000  106.44581  17.5%   155 2540s
  3251  1298  111.00000   16  416  129.00000  106.44581  17.5%   155 2545s
  3252  1299  115.00000  108  186  129.00000  106.45226  17.5%   155 2556s
  3253  1299  129.00000   38  360  129.00000  106.47250  17.5%   155 2560s
  3254  1300  110.00000   25  275  129.00000  106.50369  17.4%   155 2567s
  3255  1301  112.00000   12  610  129.00000  106.51965  17.4%   155 2572s
  3256  1301  129.00000   79  299  129.00000  106.56522  17.4%   155 2593s
  3257  1302  119.00000   68  460  129.00000  106.56780  17.4%   155 2600s
  3258  1303  129.00000   24  229  129.00000  106.58920  17.4%   155 2615s
  3259  1303  128.00000   64  358  129.00000  106.60124  17.4%   155 2622s
  3260  1304  129.00000   75  125  129.00000  106.61961  17.3%   155 2634s
  3261  1305  116.00000   38  296  129.00000  106.62982  17.3%   155 2642s
  3262  1305  119.00000   16  267  129.00000  106.64622  17.3%   155 2657s
  3263  1306  119.00000   65  423  129.00000  106.65538  17.3%   155 2660s
  3264  1307  129.00000   99  273  129.00000  106.65833  17.3%   155 2673s
  3265  1307  117.00000   34  469  129.00000  106.65945  17.3%   155 2681s
  3266  1308  129.00000   18  271  129.00000  106.69840  17.3%   154 2699s
  3267  1309  108.01527   11  430  129.00000  106.70633  17.3%   154 2707s
  3268  1309  119.00000   88  272  129.00000  106.70900  17.3%   154 2716s
  3269  1310  129.00000   84  446  129.00000  106.70900  17.3%   154 2721s
  3270  1311  129.00000  103  132  129.00000  106.71639  17.3%   154 2735s
  3271  1311  121.00000   60  408  129.00000  106.71642  17.3%   154 2742s
  3272  1312  129.00000  108  308  129.00000  106.72158  17.3%   154 2756s
  3273  1313  129.00000   54  523  129.00000  106.72158  17.3%   154 2761s
  3274  1313  110.00000   35   98  129.00000  106.72362  17.3%   154 2772s
  3275  1314  115.00000   81  390  129.00000  106.72369  17.3%   154 2776s
  3276  1315  112.00000   26  359  129.00000  106.72370  17.3%   154 2790s
  3277  1315  123.00000   32  509  129.00000  106.72370  17.3%   154 2798s
  3278  1316  129.00000  108  240  129.00000  106.72370  17.3%   154 2809s
  3281  1319  124.00000   78  238  129.00000  106.72370  17.3%   256 2823s
  3283  1320  113.00000   21   87  129.00000  106.72370  17.3%   256 2838s
  3284  1321  127.00000   27   97  129.00000  106.72370  17.3%   256 2851s
  3286  1322  114.00000   41  144  129.00000  106.72370  17.3%   255 2862s
  3288  1324  129.00000   64  122  129.00000  106.72688  17.3%   255 2876s
  3290  1325  121.00000   65  252  129.00000  106.72688  17.3%   255 2884s
  3291  1326  124.00000   61  237  129.00000  106.72688  17.3%   255 2885s
  3292  1326  116.00000   29  221  129.00000  106.72688  17.3%   255 2898s
  3293  1327  124.00000   73  345  129.00000  106.72688  17.3%   255 2900s
  3294  1328  115.00000   55  150  129.00000  106.72688  17.3%   255 2905s
  3296  1329  129.00000   30  227  129.00000  106.72688  17.3%   255 2914s
  3297  1330  108.00000   19  362  129.00000  106.72688  17.3%   254 2916s
H 3297  1263                     129.0000000  106.72688  17.3%   254 2925s
  3300  1265  129.00000   66  284  129.00000  106.72688  17.3%   254 2938s
  3301  1265  124.00000   35  371  129.00000  106.72688  17.3%   254 2940s
  3302  1266  114.00000   58  259  129.00000  106.72688  17.3%   254 2945s
  3305  1271  106.77286   39  124  129.00000  106.73841  17.3%   275 3199s
  3307  1274  106.77286   40  291  129.00000  106.73841  17.3%   275 3370s
  3311  1281  106.77286   41  379  129.00000  106.77286  17.2%   276 3412s
  3319  1292  108.00000   42  385  129.00000  106.77286  17.2%   275 3471s
  3335  1313  108.00000   43  384  129.00000  106.77286  17.2%   275 3550s
  3365  1330  108.00000   44  384  129.00000  106.77286  17.2%   275 3574s
  3397  1349  118.00000   45  410  129.00000  106.77286  17.2%   274 3611s

Cutting planes:
  Learned: 6
  Gomory: 13
  Lift-and-project: 1
  Cover: 30
  Implied bound: 4
  Projected implied bound: 1
  Clique: 12
  MIR: 20
  StrongCG: 3
  Flow cover: 91
  Zero half: 2
  RLT: 20
  Relax-and-lift: 63

Explored 3427 nodes (994060 simplex iterations) in 3612.54 seconds (326.68 work units)
Thread count was 32 (of 32 available processors)

Solution count 10: 129 129 131 ... 139

Time limit reached
Best objective 1.289999999870e+02, best bound 1.067728626185e+02, gap 17.2303%

Wrote result file 'RCPSP_1327.sol'

