
Gurobi 10.0.3 (linux64, gurobi_cl) logging started Thu Nov  9 12:51:44 2023

Set parameter Username
Set parameter TimeLimit to value 3600
Set parameter LogFile to value "RCPSP_1398.log"
Set parameter Threads to value 32
Academic license - for non-commercial use only - expires 2024-10-30
Using license file /home/jrivera6/gurobi-licenses/v1003/compute-0-38/gurobi.lic

Gurobi Optimizer version 10.0.3 build v10.0.3rc0 (linux64)
Copyright (c) 2023, Gurobi Optimization, LLC

Read MPS format model from file RCPSP_1398.mps
Reading time = 0.05 seconds
RCPSP_1398: 42975 rows, 17020 columns, 151080 nonzeros

CPU model: Intel(R) Xeon(R) Gold 6242 CPU @ 2.80GHz, instruction set [SSE2|AVX|AVX2|AVX512]
Thread count: 32 physical cores, 32 logical processors, using up to 32 threads

Optimize a model with 42975 rows, 17020 columns and 151080 nonzeros
Model fingerprint: 0x3dc15435
Variable types: 92 continuous, 16928 integer (16928 binary)
Coefficient statistics:
  Matrix range     [1e+00, 5e+02]
  Objective range  [1e+00, 1e+00]
  Bounds range     [1e+00, 1e+00]
  RHS range        [1e+00, 5e+02]
Found heuristic solution: objective 99.0000000
Presolve removed 7284 rows and 1313 columns (presolve time = 5s) ...
Presolve removed 10897 rows and 4215 columns
Presolve time: 6.10s
Presolved: 32078 rows, 12805 columns, 114582 nonzeros
Variable types: 91 continuous, 12714 integer (12714 binary)

Explored 0 nodes (0 simplex iterations) in 6.19 seconds (5.15 work units)
Thread count was 32 (of 32 available processors)

Solution count 1: 99 

Optimal solution found (tolerance 1.00e-04)
Best objective 9.900000000000e+01, best bound 9.900000000000e+01, gap 0.0000%

Wrote result file 'RCPSP_1398.sol'

