
Gurobi 10.0.3 (linux64, gurobi_cl) logging started Thu Nov  2 11:35:13 2023

Set parameter Username
Set parameter TimeLimit to value 3600
Set parameter LogFile to value "RCPSP_642.log"
Set parameter Threads to value 32
Academic license - for non-commercial use only - expires 2024-10-30
Using license file /home/jrivera6/gurobi-licenses/v1003/compute-0-34/gurobi.lic

Gurobi Optimizer version 10.0.3 build v10.0.3rc0 (linux64)
Copyright (c) 2023, Gurobi Optimization, LLC

Read MPS format model from file RCPSP_642.mps
Reading time = 0.02 seconds
RCPSP_642: 19643 rows, 7750 columns, 60937 nonzeros

CPU model: Intel(R) Xeon(R) Gold 6130 CPU @ 2.10GHz, instruction set [SSE2|AVX|AVX2|AVX512]
Thread count: 32 physical cores, 32 logical processors, using up to 32 threads

Optimize a model with 19643 rows, 7750 columns and 60937 nonzeros
Model fingerprint: 0xe8911a9d
Variable types: 62 continuous, 7688 integer (7688 binary)
Coefficient statistics:
  Matrix range     [1e+00, 3e+02]
  Objective range  [1e+00, 1e+00]
  Bounds range     [1e+00, 1e+00]
  RHS range        [1e+00, 3e+02]
Presolve removed 8949 rows and 3322 columns
Presolve time: 3.37s
Presolved: 10694 rows, 4428 columns, 33936 nonzeros
Variable types: 61 continuous, 4367 integer (4367 binary)

Root relaxation: objective 6.700000e+01, 1493 iterations, 0.02 seconds (0.01 work units)

    Nodes    |    Current Node    |     Objective Bounds      |     Work
 Expl Unexpl |  Obj  Depth IntInf | Incumbent    BestBd   Gap | It/Node Time

     0     0   67.00000    0   12          -   67.00000      -     -    3s
     0     0   67.00000    0  108          -   67.00000      -     -    5s
     0     0   67.00000    0  109          -   67.00000      -     -    5s
     0     0   67.00000    0   26          -   67.00000      -     -    7s
     0     0   67.00000    0   18          -   67.00000      -     -    8s
     0     0   67.00000    0   31          -   67.00000      -     -    9s
     0     0   67.00000    0    4          -   67.00000      -     -   10s
     0     0   67.00000    0   41          -   67.00000      -     -   11s
     0     0   67.00000    0  114          -   67.00000      -     -   12s
     0     0   67.00000    0   44          -   67.00000      -     -   13s
     0     0   67.00000    0  131          -   67.00000      -     -   13s
     0     0   67.00000    0   69          -   67.00000      -     -   14s
H    0     0                     305.0000000   67.00000  78.0%     -   15s
     0     0   67.00000    0   68  305.00000   67.00000  78.0%     -   15s
     0     2   67.00000    0   12  305.00000   67.00000  78.0%     -   22s
     7    13   67.00000    3   58  305.00000   67.00000  78.0%   283   25s
    27    50   67.00000    5  151  305.00000   67.00000  78.0%   162   91s
H   29    50                      78.0000000   67.00000  14.1%   154   91s
H   31    50                      71.0000000   67.00000  5.63%   147   91s
    53    68   67.00000    6  124   71.00000   67.00000  5.63%   173   95s
H   86    93                      70.0000000   67.00000  4.29%   141  105s
   150   144   67.00000    9   48   70.00000   67.00000  4.29%   120  147s
   182   192   67.00315   10   53   70.00000   67.00000  4.29%   107  151s
   239   343   67.00000   11   40   70.00000   67.00000  4.29%   100  156s
   446   620   67.00000   17   40   70.00000   67.00000  4.29%  67.3  163s
   851  1287   69.00000   25   43   70.00000   67.00000  4.29%  49.9  173s
  2003  1668   67.00000   19   81   70.00000   67.00000  4.29%  35.7  185s
H 2524  1668                      69.0000000   67.00000  2.90%  35.9  185s
  2833  2117 infeasible   27        69.00000   67.00000  2.90%  35.0  197s
  4636  1632   67.00000   16  107   69.00000   67.00000  2.90%  32.3  210s
* 5233  1632              60      69.0000000   67.00000  2.90%  36.9  210s
  5626  1539 infeasible   22        69.00000   67.00000  2.90%  38.5  224s
  6572  1503 infeasible   34        69.00000   67.00000  2.90%  42.9  237s
  7465  1374     cutoff   33        69.00000   67.00000  2.90%  45.5  248s
  8530  1233   67.24377   65  167   69.00000   67.00000  2.90%  49.0  258s
  9149  1130   67.54167   45  131   69.00000   67.00000  2.90%  50.8  268s
  9700  1030   67.00000    8  259   69.00000   67.00000  2.90%  52.3  277s
 10368   925 infeasible   22        69.00000   67.00000  2.90%  53.4  285s
 11021   627   67.25455   21   83   69.00000   67.00000  2.90%  53.7  292s
 11877   249     cutoff   16        69.00000   67.00000  2.90%  52.7  299s
 12843    17   67.57143   14   62   69.00000   67.00000  2.90%  51.1  305s

Cutting planes:
  Gomory: 10
  Cover: 1109
  Implied bound: 523
  Clique: 2
  MIR: 425
  StrongCG: 13
  Inf proof: 102
  RLT: 210
  Relax-and-lift: 101
  PSD: 1

Explored 13229 nodes (688423 simplex iterations) in 309.95 seconds (13.43 work units)
Thread count was 32 (of 32 available processors)

Solution count 6: 69 69 70 ... 305

Optimal solution found (tolerance 1.00e-04)
Warning: max constraint violation (2.0000e-06) exceeds tolerance
Best objective 6.899999999300e+01, best bound 6.899999999300e+01, gap 0.0000%

Wrote result file 'RCPSP_642.sol'

