
Gurobi 10.0.3 (linux64, gurobi_cl) logging started Thu Nov  2 11:33:56 2023

Set parameter Username
Set parameter TimeLimit to value 3600
Set parameter LogFile to value "RCPSP_134.log"
Set parameter Threads to value 32
Academic license - for non-commercial use only - expires 2024-10-30
Using license file /home/jrivera6/gurobi-licenses/v1003/compute-0-38/gurobi.lic

Gurobi Optimizer version 10.0.3 build v10.0.3rc0 (linux64)
Copyright (c) 2023, Gurobi Optimization, LLC

Read MPS format model from file RCPSP_134.mps
Reading time = 0.01 seconds
RCPSP_134: 5329 rows, 2080 columns, 18873 nonzeros

CPU model: Intel(R) Xeon(R) Gold 6242 CPU @ 2.80GHz, instruction set [SSE2|AVX|AVX2|AVX512]
Thread count: 32 physical cores, 32 logical processors, using up to 32 threads

Optimize a model with 5329 rows, 2080 columns and 18873 nonzeros
Model fingerprint: 0x42476ee0
Variable types: 32 continuous, 2048 integer (2048 binary)
Coefficient statistics:
  Matrix range     [1e+00, 1e+02]
  Objective range  [1e+00, 1e+00]
  Bounds range     [1e+00, 1e+00]
  RHS range        [1e+00, 2e+02]
Presolve removed 2458 rows and 905 columns
Presolve time: 0.15s
Presolved: 2871 rows, 1175 columns, 10642 nonzeros
Variable types: 31 continuous, 1144 integer (1144 binary)

Root relaxation: objective 4.500000e+01, 408 iterations, 0.00 seconds (0.00 work units)

    Nodes    |    Current Node    |     Objective Bounds      |     Work
 Expl Unexpl |  Obj  Depth IntInf | Incumbent    BestBd   Gap | It/Node Time

     0     0   45.00000    0   16          -   45.00000      -     -    0s
     0     0   45.00000    0   77          -   45.00000      -     -    0s
     0     0   45.00000    0   12          -   45.00000      -     -    0s
H    0     0                      67.0000000   45.00000  32.8%     -    1s
     0     0   45.00000    0   16   67.00000   45.00000  32.8%     -    1s
H    0     0                      58.0000000   45.00000  22.4%     -    1s
     0     0   45.00000    0   16   58.00000   45.00000  22.4%     -    1s
     0     0   45.00000    0   30   58.00000   45.00000  22.4%     -    1s
H    0     0                      54.0000000   45.00000  16.7%     -    1s
     0     0   45.00000    0  117   54.00000   45.00000  16.7%     -    1s
     0     0   45.00000    0   18   54.00000   45.00000  16.7%     -    1s
     0     0   45.00000    0    8   54.00000   45.00000  16.7%     -    1s
H    0     0                      53.0000000   45.00000  15.1%     -    2s
     0     0   45.00000    0   21   53.00000   45.00000  15.1%     -    3s
     0     0   45.00000    0   41   53.00000   45.00000  15.1%     -    4s
     0     0   45.00000    0   72   53.00000   45.00000  15.1%     -    5s
     0     0   45.00000    0   13   53.00000   45.00000  15.1%     -    7s
H    0     0                      51.0000000   45.00000  11.8%     -    8s
     0     0   45.00000    0   66   51.00000   45.00000  11.8%     -    8s
H    0     0                      50.0000000   45.00000  10.0%     -   10s
     0     0   45.00000    0   19   50.00000   45.00000  10.0%     -   10s
     0     0   45.00000    0   28   50.00000   45.00000  10.0%     -   11s
     0     0   45.00000    0   14   50.00000   45.00000  10.0%     -   13s
     0     0   45.00000    0   47   50.00000   45.00000  10.0%     -   14s
     0     0   45.00000    0   24   50.00000   45.00000  10.0%     -   14s
     0     0   45.00000    0   18   50.00000   45.00000  10.0%     -   14s
     0     2   45.00000    0   18   50.00000   45.00000  10.0%     -   15s
H  100    84                      49.9999996   46.00000  8.00%  53.5   19s
H  100    84                      49.0000000   46.00000  6.12%  53.5   19s
   234    19   47.00000   11   67   49.00000   47.00000  4.08%  36.5   20s
  1648   634   48.00000   35   38   49.00000   47.00000  4.08%  22.3   25s
  6176  1291   47.08494   31   91   49.00000   47.00000  4.08%  17.5   30s
  9360   802   48.00000   30   65   49.00000   48.00000  2.04%  16.3   35s
 13788   296   48.00000   30   46   49.00000   48.00000  2.04%  16.2   53s
 14383    56   48.03846   54   95   49.00000   48.00000  2.04%  16.2   55s

Cutting planes:
  Gomory: 5
  Cover: 763
  Implied bound: 295
  Clique: 35
  MIR: 194
  StrongCG: 21
  Flow cover: 1
  Inf proof: 105
  Zero half: 1
  Mod-K: 1
  RLT: 94
  Relax-and-lift: 60

Explored 14846 nodes (249883 simplex iterations) in 55.86 seconds (2.34 work units)
Thread count was 32 (of 32 available processors)

Solution count 7: 49 50 51 ... 67

Optimal solution found (tolerance 1.00e-04)
Best objective 4.900000000000e+01, best bound 4.900000000000e+01, gap 0.0000%

Wrote result file 'RCPSP_134.sol'

