
Gurobi 10.0.3 (linux64, gurobi_cl) logging started Thu Nov  2 11:48:06 2023

Set parameter Username
Set parameter TimeLimit to value 3600
Set parameter LogFile to value "RCPSP_931.log"
Set parameter Threads to value 32
Academic license - for non-commercial use only - expires 2024-10-30
Using license file /home/jrivera6/gurobi-licenses/v1003/compute-0-35/gurobi.lic

Gurobi Optimizer version 10.0.3 build v10.0.3rc0 (linux64)
Copyright (c) 2023, Gurobi Optimization, LLC

Read MPS format model from file RCPSP_931.mps
Reading time = 0.04 seconds
RCPSP_931: 19662 rows, 7750 columns, 71936 nonzeros

CPU model: Intel(R) Xeon(R) Gold 6130 CPU @ 2.10GHz, instruction set [SSE2|AVX|AVX2|AVX512]
Thread count: 32 physical cores, 32 logical processors, using up to 32 threads

Optimize a model with 19662 rows, 7750 columns and 71936 nonzeros
Model fingerprint: 0x5de98506
Variable types: 62 continuous, 7688 integer (7688 binary)
Coefficient statistics:
  Matrix range     [1e+00, 3e+02]
  Objective range  [1e+00, 1e+00]
  Bounds range     [1e+00, 1e+00]
  RHS range        [1e+00, 3e+02]
Presolve removed 3972 rows and 881 columns (presolve time = 5s) ...
Presolve removed 9560 rows and 3689 columns
Presolve time: 5.37s
Presolved: 10102 rows, 4061 columns, 38156 nonzeros
Variable types: 61 continuous, 4000 integer (4000 binary)

Root simplex log...

Iteration    Objective       Primal Inf.    Dual Inf.      Time
       0    7.8000000e+01   1.883200e+04   0.000000e+00      5s
    1304    7.8000000e+01   0.000000e+00   0.000000e+00      6s

Root relaxation: objective 7.800000e+01, 1304 iterations, 0.02 seconds (0.01 work units)

    Nodes    |    Current Node    |     Objective Bounds      |     Work
 Expl Unexpl |  Obj  Depth IntInf | Incumbent    BestBd   Gap | It/Node Time

     0     0   78.00000    0   84          -   78.00000      -     -    5s
     0     0   78.00000    0  227          -   78.00000      -     -    9s
     0     0   78.00000    0  268          -   78.00000      -     -   10s
     0     0   78.00000    0   74          -   78.00000      -     -   12s
     0     0   78.00000    0   74          -   78.00000      -     -   12s
     0     0   78.00000    0   15          -   78.00000      -     -   13s
     0     0   78.00000    0   15          -   78.00000      -     -   13s
     0     0   78.00000    0   25          -   78.00000      -     -   14s
     0     0   78.00000    0   70          -   78.00000      -     -   14s
     0     0   78.00000    0   24          -   78.00000      -     -   15s
     0     0   78.00000    0   22          -   78.00000      -     -   15s
     0     0   78.00000    0   72          -   78.00000      -     -   16s
     0     0   78.00000    0   91          -   78.00000      -     -   16s
     0     0   78.00000    0   10          -   78.00000      -     -   18s
     0     0   78.00000    0   24          -   78.00000      -     -   18s
     0     0   78.00000    0   22          -   78.00000      -     -   19s
H    0     0                     320.0000000   78.00000  75.6%     -   19s
     0     0   78.00000    0   22  320.00000   78.00000  75.6%     -   19s
H    0     0                     109.0000000   78.00000  28.4%     -   24s
H    0     2                     103.0000000   78.00000  24.3%     -   27s
     0     2   78.00000    0   22  103.00000   78.00000  24.3%     -   27s
     3     8   78.00000    2   75  103.00000   78.00000  24.3%   214   30s
H   28    35                     100.0000000   78.00000  22.0%   171   36s
H   30    35                      97.0000000   78.00000  19.6%   165   36s
    85    82   78.00000    7   73   97.00000   78.00000  19.6%   145   44s
H   86    82                      96.0000000   78.00000  18.7%   144   44s
H  103    82                      95.0000000   78.00000  17.9%   129   44s
H  117   107                      89.0000000   78.00000  12.4%   117   49s
   149   118   78.00000    9   73   89.00000   78.00000  12.4%  95.7   50s
   237   176   78.00000   11   43   89.00000   78.00000  12.4%  73.6   56s
   426   344   79.00000   14   22   89.00000   78.00000  12.4%  49.9   60s
   880   791   79.09449   22   50   89.00000   78.00000  12.4%  32.9   65s
H 1042   820                      81.0000000   78.00000  3.70%  29.7  114s
H 1075   637                      80.0000000   78.00000  2.50%  29.3  176s
  1271   516     cutoff   23        80.00000   78.00000  2.50%  25.7  180s
  1590   683   79.00000   19  443   80.00000   78.00000  2.50%  25.8  189s
  1746   741   79.00000   21  386   80.00000   78.00000  2.50%  27.5  190s
  2044  1072   79.00000   25  364   80.00000   78.00000  2.50%  26.9  196s
  2280  1106   79.00000   28  254   80.00000   78.00000  2.50%  27.6  201s
  2676  1656   79.00000   34  153   80.00000   78.00000  2.50%  29.5  209s
  3129  1223   79.00000   34   22   80.00000   78.00000  2.50%  28.7  250s
  3136  1228   79.00000   17   62   80.00000   78.00000  2.50%  28.7  255s
  3142  1232   79.00000   19   27   80.00000   78.00000  2.50%  28.6  260s
  3146  1234   78.00000   71   37   80.00000   78.00000  2.50%  28.6  265s
  3150  1240   78.00000   11   19   80.00000   78.00000  2.50%  36.7  271s
  3176  1267   78.00000   15   29   80.00000   78.00000  2.50%  36.7  276s
  3229  1304   78.00000   17   30   80.00000   78.00000  2.50%  36.4  324s
H 3232  1240                      79.0000000   78.00000  1.27%  36.4  324s
  3261  1225     cutoff   17        79.00000   78.00000  1.27%  36.3  336s
  3293  1213   78.00000   18   30   79.00000   78.00000  1.27%  36.2  394s
H 3310  1149                      78.9999990   78.00000  1.27%  36.2  394s
  3325  1160   78.00000   18   94   79.00000   78.00000  1.27%  36.1  398s
  3376  1162   78.00000   19   31   79.00000   78.00000  1.27%  39.6  403s
  3433  1171     cutoff   20        79.00000   78.00000  1.27%  42.0  405s
  3557  1229   78.00000   23   93   79.00000   78.00000  1.27%  42.4  412s
  3726  1234   78.00000   25   35   79.00000   78.00000  1.27%  43.3  422s
  3953  1225   78.00000   33   29   79.00000   78.00000  1.27%  49.4  431s
  4282  1174 infeasible   38        79.00000   78.00000  1.27%  54.8  442s
  4816  1075 infeasible   41        79.00000   78.00000  1.27%  60.7  454s
  5441   969     cutoff   31        79.00000   78.00000  1.27%  63.4  466s
* 5588   864              50      78.0000000   78.00000  0.00%  63.7  466s

Cutting planes:
  Gomory: 5
  Cover: 66
  Implied bound: 58
  Clique: 48
  MIR: 28
  StrongCG: 5
  Flow cover: 83
  GUB cover: 1
  RLT: 22
  Relax-and-lift: 109

Explored 6129 nodes (434573 simplex iterations) in 467.12 seconds (26.48 work units)
Thread count was 32 (of 32 available processors)

Solution count 10: 78 79 79 ... 100

Optimal solution found (tolerance 1.00e-04)
Best objective 7.800000000000e+01, best bound 7.800000000000e+01, gap 0.0000%

Wrote result file 'RCPSP_931.sol'

