
Gurobi 10.0.3 (linux64, gurobi_cl) logging started Thu Nov  2 11:34:00 2023

Set parameter Username
Set parameter TimeLimit to value 3600
Set parameter LogFile to value "RCPSP_251.log"
Set parameter Threads to value 32
Academic license - for non-commercial use only - expires 2024-10-30
Using license file /home/jrivera6/gurobi-licenses/v1003/compute-0-37/gurobi.lic

Gurobi Optimizer version 10.0.3 build v10.0.3rc0 (linux64)
Copyright (c) 2023, Gurobi Optimization, LLC

Read MPS format model from file RCPSP_251.mps
Reading time = 0.01 seconds
RCPSP_251: 5339 rows, 2080 columns, 17984 nonzeros

CPU model: Intel(R) Xeon(R) Gold 6242 CPU @ 2.80GHz, instruction set [SSE2|AVX|AVX2|AVX512]
Thread count: 32 physical cores, 32 logical processors, using up to 32 threads

Optimize a model with 5339 rows, 2080 columns and 17984 nonzeros
Model fingerprint: 0x9e5a7815
Variable types: 32 continuous, 2048 integer (2048 binary)
Coefficient statistics:
  Matrix range     [1e+00, 1e+02]
  Objective range  [1e+00, 1e+00]
  Bounds range     [1e+00, 1e+00]
  RHS range        [1e+00, 2e+02]
Presolve removed 3236 rows and 1272 columns
Presolve time: 0.18s
Presolved: 2103 rows, 808 columns, 7008 nonzeros
Variable types: 31 continuous, 777 integer (777 binary)

Root relaxation: objective 5.900000e+01, 300 iterations, 0.00 seconds (0.00 work units)

    Nodes    |    Current Node    |     Objective Bounds      |     Work
 Expl Unexpl |  Obj  Depth IntInf | Incumbent    BestBd   Gap | It/Node Time

     0     0   59.00000    0    1          -   59.00000      -     -    0s
H    0     0                      60.0000000   59.00000  1.67%     -    0s
     0     0   59.00000    0   21   60.00000   59.00000  1.67%     -    0s
     0     0   59.00000    0   12   60.00000   59.00000  1.67%     -    3s
     0     0   59.00000    0   45   60.00000   59.00000  1.67%     -    4s
     0     0   59.00000    0   38   60.00000   59.00000  1.67%     -    4s
     0     0   59.00000    0   39   60.00000   59.00000  1.67%     -    4s
H    0     0                      59.0000000   59.00000  0.00%     -    5s
     0     0   59.00000    0    4   59.00000   59.00000  0.00%     -    5s

Cutting planes:
  Learned: 3
  Gomory: 11
  Cover: 27
  Implied bound: 45
  Clique: 40
  MIR: 60
  StrongCG: 5
  Zero half: 3
  RLT: 5
  Relax-and-lift: 12

Explored 1 nodes (1962 simplex iterations) in 5.27 seconds (0.32 work units)
Thread count was 32 (of 32 available processors)

Solution count 2: 59 60 

Optimal solution found (tolerance 1.00e-04)
Best objective 5.900000000000e+01, best bound 5.900000000000e+01, gap 0.0000%

Wrote result file 'RCPSP_251.sol'

