
Gurobi 10.0.3 (linux64, gurobi_cl) logging started Fri Nov 10 18:48:21 2023

Set parameter Username
Set parameter TimeLimit to value 3600
Set parameter LogFile to value "RCPSP_1679.log"
Set parameter Threads to value 32
Academic license - for non-commercial use only - expires 2024-10-30
Using license file /home/jrivera6/gurobi-licenses/v1003/compute-0-37/gurobi.lic

Gurobi Optimizer version 10.0.3 build v10.0.3rc0 (linux64)
Copyright (c) 2023, Gurobi Optimization, LLC

Read MPS format model from file RCPSP_1679.mps
Reading time = 0.12 seconds
RCPSP_1679: 75251 rows, 29890 columns, 237025 nonzeros

CPU model: Intel(R) Xeon(R) Gold 6242 CPU @ 2.80GHz, instruction set [SSE2|AVX|AVX2|AVX512]
Thread count: 32 physical cores, 32 logical processors, using up to 32 threads

Optimize a model with 75251 rows, 29890 columns and 237025 nonzeros
Model fingerprint: 0x5c2d9a62
Variable types: 122 continuous, 29768 integer (29768 binary)
Coefficient statistics:
  Matrix range     [1e+00, 6e+02]
  Objective range  [1e+00, 1e+00]
  Bounds range     [1e+00, 1e+00]
  RHS range        [1e+00, 6e+02]
Presolve removed 11765 rows and 1855 columns (presolve time = 5s) ...
Presolve removed 11765 rows and 1855 columns (presolve time = 10s) ...
Presolve removed 14800 rows and 2902 columns
Presolve time: 10.79s
Presolved: 60451 rows, 26988 columns, 199046 nonzeros
Variable types: 121 continuous, 26867 integer (26867 binary)

Deterministic concurrent LP optimizer: primal and dual simplex (primal and dual model)
Showing first log only...

Root relaxation presolved: 60451 rows, 26988 columns, 199046 nonzeros


Root simplex log...

Iteration    Objective       Primal Inf.    Dual Inf.      Time
       0    7.7366531e+01   1.422589e-02   2.905889e+08     13s
    4017    7.6000000e+01   0.000000e+00   0.000000e+00     15s
Concurrent spin time: 1.13s

Solved with dual simplex (primal model)

Root relaxation: objective 7.600000e+01, 9182 iterations, 4.41 seconds (0.29 work units)
Total elapsed time = 20.90s

    Nodes    |    Current Node    |     Objective Bounds      |     Work
 Expl Unexpl |  Obj  Depth IntInf | Incumbent    BestBd   Gap | It/Node Time

     0     0   76.00000    0   81          -   76.00000      -     -   25s
     0     0   76.00000    0  499          -   76.00000      -     -   66s
     0     0   76.00000    0  645          -   76.00000      -     -   69s
     0     0   76.00367    0   58          -   76.00367      -     -   97s
     0     0   76.00367    0   57          -   76.00367      -     -  107s
     0     0   77.00000    0  603          -   77.00000      -     -  139s
     0     0   77.00000    0  537          -   77.00000      -     -  142s
     0     0   77.00000    0  532          -   77.00000      -     -  142s
     0     0   77.00002    0  851          -   77.00002      -     -  163s
     0     0   77.00002    0  653          -   77.00002      -     -  164s
     0     0   77.00002    0  651          -   77.00002      -     -  164s
     0     0   77.00180    0  835          -   77.00180      -     -  191s
     0     0   77.00180    0  886          -   77.00180      -     -  194s
     0     0   77.00180    0  785          -   77.00180      -     -  196s
     0     0   77.00180    0  773          -   77.00180      -     -  196s
     0     0   77.00180    0  855          -   77.00180      -     -  198s
     0     0   77.00180    0  851          -   77.00180      -     -  199s
     0     0   77.00180    0  841          -   77.00180      -     -  199s
     0     0   77.00180    0  844          -   77.00180      -     -  209s
     0     0   77.00180    0  643          -   77.00180      -     -  210s
     0     0   77.00180    0  687          -   77.00180      -     -  211s
     0     0   77.00180    0  611          -   77.00180      -     -  212s
     0     0   77.00180    0  608          -   77.00180      -     -  213s
     0     0   77.00180    0  774          -   77.00180      -     -  266s
     0     0   77.00180    0  758          -   77.00180      -     -  267s
     0     0   77.00180    0  752          -   77.00180      -     -  267s
     0     0   77.00183    0  953          -   77.00183      -     -  274s
     0     0   77.00183    0  680          -   77.00183      -     -  300s
     0     0   77.00183    0  600          -   77.00183      -     -  300s
     0     0   77.00183    0  835          -   77.00183      -     -  304s
     0     0   77.00183    0  707          -   77.00183      -     -  304s
     0     0   77.00183    0  695          -   77.00183      -     -  305s
     0     0   77.00183    0  693          -   77.00183      -     -  305s
     0     0   77.00183    0  951          -   77.00183      -     -  313s
     0     0   77.00183    0 1010          -   77.00183      -     -  317s
     0     0   77.00183    0  802          -   77.00183      -     -  317s
     0     0   77.00184    0 1052          -   77.00184      -     -  331s
     0     0   77.00184    0  918          -   77.00184      -     -  331s
     0     0   77.00184    0  924          -   77.00184      -     -  334s
     0     0   77.00184    0   53          -   77.00184      -     -  406s
     0     0   77.00184    0  839          -   77.00184      -     -  434s
     0     0   77.00185    0  593          -   77.00185      -     -  445s
     0     0   77.14286    0   27          -   77.14286      -     -  496s
     0     0   77.14286    0   43          -   77.14286      -     -  498s
     0     0   78.00000    0  261          -   78.00000      -     -  533s
     0     0   78.00000    0  179          -   78.00000      -     -  536s
     0     0   78.00000    0  146          -   78.00000      -     -  604s
     0     0   78.00000    0  334          -   78.00000      -     -  605s
     0     0   78.00000    0  305          -   78.00000      -     -  605s
     0     0   78.00000    0   58          -   78.00000      -     -  635s
     0     0   78.00000    0  259          -   78.00000      -     -  637s
     0     0   78.00000    0   31          -   78.00000      -     -  639s
     0     0   78.00000    0  195          -   78.00000      -     -  639s
     0     0   78.00000    0   14          -   78.00000      -     -  672s
     0     0   78.00000    0  145          -   78.00000      -     -  674s
     0     0   78.00000    0   39          -   78.00000      -     -  682s
     0     0   78.00000    0  191          -   78.00000      -     -  691s
     0     0   78.00000    0  187          -   78.00000      -     -  691s
     0     0   78.00000    0   10          -   78.00000      -     -  699s
     0     0   78.00000    0   13          -   78.00000      -     -  701s
     0     0   78.00000    0   10          -   78.00000      -     -  708s
     0     0   78.00000    0   54          -   78.00000      -     -  713s
     0     0   78.00000    0   81          -   78.00000      -     -  741s
H    0     0                      91.0000000   78.00000  14.3%     -  846s
     0     0   78.00000    0   80   91.00000   78.00000  14.3%     -  846s
H    0     0                      90.0000000   78.00000  13.3%     -  848s
     0     0   78.00000    0   45   90.00000   78.00000  13.3%     -  872s
     0     0   78.00000    0  247   90.00000   78.00000  13.3%     - 1000s
     0     0   78.00000    0  308   90.00000   78.00000  13.3%     - 1006s
     0     0   80.00000    0   51   90.00000   80.00000  11.1%     - 1022s
     0     0   80.00000    0  130   90.00000   80.00000  11.1%     - 1026s
     0     0   80.00000    0   18   90.00000   80.00000  11.1%     - 1050s
H    0     0                      88.0000000   80.00000  9.09%     - 1055s
     0     0   80.00000    0  172   88.00000   80.00000  9.09%     - 1056s
     0     0   80.00000    0   24   88.00000   80.00000  9.09%     - 1064s
     0     0   80.00000    0   24   88.00000   80.00000  9.09%     - 1066s
     0     0   80.00000    0   38   88.00000   80.00000  9.09%     - 1073s
     0     0   80.00000    0   32   88.00000   80.00000  9.09%     - 1075s
     0     0   80.00000    0   23   88.00000   80.00000  9.09%     - 1082s
     0     0   80.00000    0   39   88.00000   80.00000  9.09%     - 1084s
     0     0   80.00000    0   22   88.00000   80.00000  9.09%     - 1155s
     0     0   80.00000    0   22   88.00000   80.00000  9.09%     - 1162s
H    0     0                      83.0000000   80.00000  3.61%     - 1163s
     0     0   80.00000    0   19   83.00000   80.00000  3.61%     - 1181s
     0     0   80.00000    0  589   83.00000   80.00000  3.61%     - 1183s
     0     0   80.00000    0  579   83.00000   80.00000  3.61%     - 1183s
     0     0   80.00000    0  352   83.00000   80.00000  3.61%     - 1214s
     0     0   80.00000    0  352   83.00000   80.00000  3.61%     - 1214s
     0     0   82.00000    0   20   83.00000   82.00000  1.20%     - 1219s
     0     0   82.00000    0   63   83.00000   82.00000  1.20%     - 1221s
H    0     0                      83.0000000   82.00000  1.20%     - 1224s
     0     0   82.00000    0  333   83.00000   82.00000  1.20%     - 1224s
     0     0   82.00000    0  282   83.00000   82.00000  1.20%     - 1225s
     0     0   82.00000    0  275   83.00000   82.00000  1.20%     - 1225s
     0     0   82.00000    0  316   83.00000   82.00000  1.20%     - 1228s
     0     0   82.00000    0  260   83.00000   82.00000  1.20%     - 1228s
     0     0   82.00000    0  263   83.00000   82.00000  1.20%     - 1229s
     0     0   82.00000    0  383   83.00000   82.00000  1.20%     - 1232s
     0     0   82.00000    0  375   83.00000   82.00000  1.20%     - 1232s
     0     0   82.00000    0   27   83.00000   82.00000  1.20%     - 1234s
H    0     2                      82.0000000   82.00000  0.00%     - 1266s
     0     2   82.00000    0   25   82.00000   82.00000  0.00%     - 1266s

Cutting planes:
  Gomory: 2
  Cover: 112
  Implied bound: 11
  Clique: 263
  MIR: 30
  StrongCG: 9
  Zero half: 1
  RLT: 11
  Relax-and-lift: 15

Explored 1 nodes (218845 simplex iterations) in 1364.15 seconds (86.79 work units)
Thread count was 32 (of 32 available processors)

Solution count 6: 82 83 83 ... 91

Optimal solution found (tolerance 1.00e-04)
Best objective 8.200000000000e+01, best bound 8.200000000000e+01, gap 0.0000%

Wrote result file 'RCPSP_1679.sol'

