
Gurobi 10.0.3 (linux64, gurobi_cl) logging started Thu Nov  2 11:34:00 2023

Set parameter Username
Set parameter TimeLimit to value 3600
Set parameter LogFile to value "RCPSP_282.log"
Set parameter Threads to value 32
Academic license - for non-commercial use only - expires 2024-10-30
Using license file /home/jrivera6/gurobi-licenses/v1003/compute-0-35/gurobi.lic

Gurobi Optimizer version 10.0.3 build v10.0.3rc0 (linux64)
Copyright (c) 2023, Gurobi Optimization, LLC

Read MPS format model from file RCPSP_282.mps
Reading time = 0.01 seconds
RCPSP_282: 5339 rows, 2080 columns, 18883 nonzeros

CPU model: Intel(R) Xeon(R) Gold 6130 CPU @ 2.10GHz, instruction set [SSE2|AVX|AVX2|AVX512]
Thread count: 32 physical cores, 32 logical processors, using up to 32 threads

Optimize a model with 5339 rows, 2080 columns and 18883 nonzeros
Model fingerprint: 0x98146827
Variable types: 32 continuous, 2048 integer (2048 binary)
Coefficient statistics:
  Matrix range     [1e+00, 2e+02]
  Objective range  [1e+00, 1e+00]
  Bounds range     [1e+00, 1e+00]
  RHS range        [1e+00, 2e+02]
Presolve removed 3365 rows and 1300 columns
Presolve time: 0.16s
Presolved: 1974 rows, 780 columns, 6820 nonzeros
Variable types: 31 continuous, 749 integer (749 binary)

Root relaxation: objective 6.000000e+01, 304 iterations, 0.00 seconds (0.00 work units)

    Nodes    |    Current Node    |     Objective Bounds      |     Work
 Expl Unexpl |  Obj  Depth IntInf | Incumbent    BestBd   Gap | It/Node Time

     0     0   60.00000    0   66          -   60.00000      -     -    0s
     0     0   60.00000    0  103          -   60.00000      -     -    0s
     0     0   60.00000    0   95          -   60.00000      -     -    0s
     0     0   62.50000    0   59          -   62.50000      -     -    0s
H    0     0                     108.0000000   62.50000  42.1%     -    1s
     0     0   64.33333    0   59  108.00000   64.33333  40.4%     -    1s
     0     0   65.00000    0   81  108.00000   65.00000  39.8%     -    1s
H    0     0                     107.0000000   65.00008  39.3%     -    1s
     0     0   65.00008    0  103  107.00000   65.00008  39.3%     -    1s
     0     0   65.25688    0  118  107.00000   65.25688  39.0%     -    1s
     0     0   65.36364    0   98  107.00000   65.36364  38.9%     -    1s
     0     0   65.36364    0   92  107.00000   65.36364  38.9%     -    1s
H    0     0                     106.0000000   65.36364  38.3%     -    1s
     0     0   65.53846    0   87  106.00000   65.53846  38.2%     -    1s
     0     0   65.53846    0   99  106.00000   65.53846  38.2%     -    2s
     0     0   65.53846    0  115  106.00000   65.53846  38.2%     -    2s
     0     0   66.08213    0  110  106.00000   66.08213  37.7%     -    2s
     0     0   66.08213    0   92  106.00000   66.08213  37.7%     -    2s
     0     0   66.26126    0   59  106.00000   66.26126  37.5%     -    2s
     0     0   66.26126    0   78  106.00000   66.26126  37.5%     -    2s
     0     0   66.27676    0   96  106.00000   66.27676  37.5%     -    2s
     0     0   66.27676    0   79  106.00000   66.27676  37.5%     -    3s
     0     0   66.28834    0  102  106.00000   66.28834  37.5%     -    3s
H    0     0                     104.0000000   66.28834  36.3%     -    3s
     0     0   66.28834    0   88  104.00000   66.28834  36.3%     -    3s
     0     0   66.28834    0   86  104.00000   66.28834  36.3%     -    3s
     0     0   66.28834    0  107  104.00000   66.28834  36.3%     -    3s
H    0     0                     103.9999969   66.28834  36.3%     -    3s
     0     0   66.28834    0   93  104.00000   66.28834  36.3%     -    3s
     0     0   66.28834    0   64  104.00000   66.28834  36.3%     -    4s
     0     0   66.28834    0   87  104.00000   66.28834  36.3%     -    4s
H    0     0                     103.0000000   66.28834  35.6%     -    4s
     0     0   66.28834    0   86  103.00000   66.28834  35.6%     -    4s
     0     0   66.28834    0   86  103.00000   66.28834  35.6%     -    4s
H    0     0                      98.0000000   66.28834  32.4%     -    6s
H    0     2                      93.0000000   66.28834  28.7%     -    7s
     0     2   66.28834    0   86   93.00000   66.28834  28.7%     -    7s
    15    28   71.00960    4   91   93.00000   69.00000  25.8%   194   10s
H   31    49                      91.0000000   69.00000  24.2%   157   11s
H   32    49                      88.0000000   69.00000  21.6%   160   11s
   858   621   78.00000   28   82   88.00000   73.00000  17.0%  34.0   15s
  3708  1718 infeasible   22        88.00000   73.00000  17.0%  21.7   20s
* 4775  1915              35      88.0000000   73.00000  17.0%  21.4   21s
* 5725  1821              44      87.0000000   73.00000  16.1%  21.3   22s
H 5813  1688                      87.0000000   73.00000  16.1%  21.3   23s
  6639  1726   76.00000   21   98   87.00000   73.00000  16.1%  22.0   25s
  9207  1884 infeasible   23        87.00000   77.00000  11.5%  22.5   30s
 11721  1976   85.00000   26   51   87.00000   78.57143  9.69%  22.5   35s
 14869  2115   86.00000   35   39   87.00000   79.02273  9.17%  22.0   40s
 16653  2217   83.00000   30   86   87.00000   80.00000  8.05%  21.3   54s
 16655  2218   84.00000   36   33   87.00000   80.00000  8.05%  21.3   56s
 16659  2224   80.00000   16   19   87.00000   80.00000  8.05%  21.5   60s
 16725  2216   80.00000   24   79   87.00000   80.00000  8.05%  21.6   65s
 17655  2026 infeasible   45        87.00000   80.00000  8.05%  21.0   70s
 18689  1808 infeasible   51        87.00000   80.00000  8.05%  20.4   78s
 18839  1740   80.00000   29   64   87.00000   80.00000  8.05%  20.5   85s
 19323  1462     cutoff   47        87.00000   80.00000  8.05%  20.5   90s

Cutting planes:
  Learned: 4

Explored 19853 nodes (413721 simplex iterations) in 92.54 seconds (3.77 work units)
Thread count was 32 (of 32 available processors)

Solution count 10: 87 87 88 ... 104

Optimal solution found (tolerance 1.00e-04)
Best objective 8.699999999120e+01, best bound 8.699999999120e+01, gap 0.0000%

Wrote result file 'RCPSP_282.sol'

