
Gurobi 10.0.3 (linux64, gurobi_cl) logging started Thu Nov  2 11:33:58 2023

Set parameter Username
Set parameter TimeLimit to value 3600
Set parameter LogFile to value "RCPSP_199.log"
Set parameter Threads to value 32
Academic license - for non-commercial use only - expires 2024-10-30
Using license file /home/jrivera6/gurobi-licenses/v1003/compute-0-34/gurobi.lic

Gurobi Optimizer version 10.0.3 build v10.0.3rc0 (linux64)
Copyright (c) 2023, Gurobi Optimization, LLC

Read MPS format model from file RCPSP_199.mps
Reading time = 0.01 seconds
RCPSP_199: 5339 rows, 2080 columns, 16093 nonzeros

CPU model: Intel(R) Xeon(R) Gold 6130 CPU @ 2.10GHz, instruction set [SSE2|AVX|AVX2|AVX512]
Thread count: 32 physical cores, 32 logical processors, using up to 32 threads

Optimize a model with 5339 rows, 2080 columns and 16093 nonzeros
Model fingerprint: 0x3eb00930
Variable types: 32 continuous, 2048 integer (2048 binary)
Coefficient statistics:
  Matrix range     [1e+00, 2e+02]
  Objective range  [1e+00, 1e+00]
  Bounds range     [1e+00, 1e+00]
  RHS range        [1e+00, 2e+02]
Found heuristic solution: objective 41.0000000
Presolve removed 3806 rows and 1575 columns
Presolve time: 0.31s
Presolved: 1533 rows, 505 columns, 4320 nonzeros
Variable types: 31 continuous, 474 integer (474 binary)

Explored 0 nodes (0 simplex iterations) in 0.32 seconds (0.20 work units)
Thread count was 32 (of 32 available processors)

Solution count 1: 41 

Optimal solution found (tolerance 1.00e-04)
Best objective 4.100000000000e+01, best bound 4.100000000000e+01, gap 0.0000%

Wrote result file 'RCPSP_199.sol'

