
Gurobi 10.0.3 (linux64, gurobi_cl) logging started Fri Nov 10 17:26:38 2023

Set parameter Username
Set parameter TimeLimit to value 3600
Set parameter LogFile to value "RCPSP_1546.log"
Set parameter Threads to value 32
Academic license - for non-commercial use only - expires 2024-10-30
Using license file /home/jrivera6/gurobi-licenses/v1003/compute-0-37/gurobi.lic

Gurobi Optimizer version 10.0.3 build v10.0.3rc0 (linux64)
Copyright (c) 2023, Gurobi Optimization, LLC

Read MPS format model from file RCPSP_1546.mps
Reading time = 1.05 seconds
RCPSP_1546: 75214 rows, 29890 columns, 266028 nonzeros

CPU model: Intel(R) Xeon(R) Gold 6242 CPU @ 2.80GHz, instruction set [SSE2|AVX|AVX2|AVX512]
Thread count: 32 physical cores, 32 logical processors, using up to 32 threads

Optimize a model with 75214 rows, 29890 columns and 266028 nonzeros
Model fingerprint: 0x3238c6b6
Variable types: 122 continuous, 29768 integer (29768 binary)
Coefficient statistics:
  Matrix range     [1e+00, 7e+02]
  Objective range  [1e+00, 1e+00]
  Bounds range     [1e+00, 1e+00]
  RHS range        [1e+00, 7e+02]
Presolve removed 17837 rows and 4452 columns (presolve time = 5s) ...
Presolve removed 20818 rows and 5609 columns
Presolve time: 8.32s
Presolved: 54396 rows, 24281 columns, 200004 nonzeros
Variable types: 121 continuous, 24160 integer (24160 binary)

Deterministic concurrent LP optimizer: primal and dual simplex (primal and dual model)
Showing first log only...

Root relaxation presolved: 54386 rows, 24291 columns, 199984 nonzeros


Root simplex log...

Iteration    Objective       Primal Inf.    Dual Inf.      Time
       0    9.1402591e+01   6.730856e-03   2.738135e+08     11s
    3944    9.1000000e+01   0.000000e+00   0.000000e+00     12s
    3944    9.1000000e+01   0.000000e+00   0.000000e+00     12s
Concurrent spin time: 1.43s

Solved with dual simplex (primal model)

Root relaxation: objective 9.100000e+01, 8626 iterations, 4.33 seconds (0.36 work units)
Total elapsed time = 18.77s
Total elapsed time = 23.90s

    Nodes    |    Current Node    |     Objective Bounds      |     Work
 Expl Unexpl |  Obj  Depth IntInf | Incumbent    BestBd   Gap | It/Node Time

     0     0   91.00000    0 1547          -   91.00000      -     -   62s
     0     0   91.00000    0 1517          -   91.00000      -     -   62s
     0     0   91.04348    0 2368          -   91.04348      -     -  175s
     0     0   91.04348    0 2322          -   91.04348      -     -  175s
     0     0   93.20000    0 2460          -   93.20000      -     -  198s
     0     0   93.20000    0 2427          -   93.20000      -     -  209s
     0     0   93.20000    0 2354          -   93.20000      -     -  218s
     0     0   93.20000    0 2279          -   93.20000      -     -  219s
     0     0   94.00007    0 2577          -   94.00007      -     -  234s
     0     0   94.00007    0 2568          -   94.00007      -     -  234s
     0     0   94.03967    0 2564          -   94.03967      -     -  271s
     0     0   94.03967    0 2604          -   94.03967      -     -  282s
     0     0   94.03967    0 2559          -   94.03967      -     -  284s
     0     0   94.03967    0 2557          -   94.03967      -     -  284s
     0     0   95.00000    0 2476          -   95.00000      -     -  292s
     0     0   95.00000    0 2380          -   95.00000      -     -  297s
     0     0   95.00000    0 2378          -   95.00000      -     -  297s
     0     0   95.00000    0 2424          -   95.00000      -     -  307s
     0     0   95.00000    0 2436          -   95.00000      -     -  313s
     0     0   95.00000    0 2514          -   95.00000      -     -  317s
     0     0   95.00000    0 2457          -   95.00000      -     -  318s
     0     0   95.77778    0 2250          -   95.77778      -     -  345s
     0     0   95.77778    0 2154          -   95.77778      -     -  348s
     0     0   95.79439    0 2342          -   95.79439      -     -  405s
     0     0   95.79439    0 2231          -   95.79439      -     -  407s
     0     0   95.79439    0 2384          -   95.79439      -     -  409s
     0     0   95.79439    0 1309          -   95.79439      -     -  476s
     0     0   95.79439    0 1304          -   95.79439      -     -  477s
     0     0   95.79439    0 2028          -   95.79439      -     -  558s
     0     0   95.79439    0 2026          -   95.79439      -     -  559s
     0     0   95.79439    0 2130          -   95.79439      -     -  589s
     0     0   95.79439    0 2077          -   95.79439      -     -  596s
     0     0   95.79439    0 2006          -   95.79439      -     -  597s
     0     0   95.79439    0 1826          -   95.79439      -     -  601s
     0     0   95.79439    0 1777          -   95.79439      -     -  603s
     0     0  101.28395    0 1981          -  101.28395      -     -  624s
     0     0  101.28395    0 1838          -  101.28395      -     -  653s
     0     0  101.28395    0 1835          -  101.28395      -     -  653s
     0     0  101.28395    0 2167          -  101.28395      -     -  698s
     0     0  101.28395    0 2023          -  101.28395      -     -  708s
     0     0  101.28395    0 2194          -  101.28395      -     -  724s
     0     0  101.28395    0 2079          -  101.28395      -     -  726s
     0     0  101.28395    0 2075          -  101.28395      -     -  727s
     0     0  101.28395    0 1843          -  101.28395      -     -  762s
     0     0  101.28395    0 1874          -  101.28395      -     -  765s
     0     0  101.28395    0 1756          -  101.28395      -     -  766s
     0     0  101.28395    0 1494          -  101.28395      -     -  850s
     0     0  101.28395    0 1498          -  101.28395      -     -  854s
     0     0  101.28395    0 1489          -  101.28395      -     -  855s
     0     0  101.28395    0 1801          -  101.28395      -     -  925s
     0     0  101.28395    0 1825          -  101.28395      -     -  929s
     0     0  101.28395    0 1745          -  101.28395      -     -  931s
     0     0  101.28395    0 1387          -  101.28395      -     - 1021s
     0     0  101.28395    0 1320          -  101.28395      -     - 1021s
     0     0  101.28395    0 1806          -  101.28395      -     - 1060s
     0     0  101.28395    0 1804          -  101.28395      -     - 1063s
     0     0  101.28395    0 1723          -  101.28395      -     - 1064s
     0     0  101.28395    0 1322          -  101.28395      -     - 1117s
     0     0  101.28395    0 1388          -  101.28395      -     - 1119s
     0     0  101.28395    0 1861          -  101.28395      -     - 1156s
     0     0  101.28395    0 1773          -  101.28395      -     - 1162s
     0     0  101.28395    0 1664          -  101.28395      -     - 1166s
     0     0  101.28395    0 1552          -  101.28395      -     - 1167s
     0     0  101.28395    0 1595          -  101.28395      -     - 1170s
     0     0  101.28395    0 1574          -  101.28395      -     - 1171s
     0     0  101.28395    0 1430          -  101.28395      -     - 1211s
     0     0  101.28395    0 1426          -  101.28395      -     - 1211s
     0     0  101.28395    0 1870          -  101.28395      -     - 1228s
     0     0  101.28395    0 1756          -  101.28395      -     - 1231s
     0     0  101.28395    0 1754          -  101.28395      -     - 1232s
     0     0  101.31924    0 1333          -  101.31924      -     - 1276s
     0     0  101.31924    0 1329          -  101.31924      -     - 1276s
     0     0  101.35611    0 1742          -  101.35611      -     - 1312s
     0     0  101.35611    0 1738          -  101.35611      -     - 1313s
     0     0  101.35611    0 1739          -  101.35611      -     - 1326s
     0     0  101.35611    0 1713          -  101.35611      -     - 1328s
     0     0  101.35611    0 1565          -  101.35611      -     - 1330s
     0     0  101.35611    0 1557          -  101.35611      -     - 1330s
     0     0  101.52979    0 1843          -  101.52979      -     - 1355s
     0     0  101.52979    0 1829          -  101.52979      -     - 1356s
     0     0  101.52979    0 1896          -  101.52979      -     - 1366s
     0     0  101.52979    0 1774          -  101.52979      -     - 1368s
     0     0  101.52979    0 1772          -  101.52979      -     - 1368s
     0     0  101.53944    0 1899          -  101.53944      -     - 1393s
     0     0  101.53944    0 1969          -  101.53944      -     - 1395s
     0     0  101.53944    0 1967          -  101.53944      -     - 1396s
     0     0  101.53944    0 1867          -  101.53944      -     - 1426s
     0     0  101.53944    0 1962          -  101.53944      -     - 1429s
     0     0  101.53944    0 1931          -  101.53944      -     - 1430s
     0     0  101.53944    0 1822          -  101.53944      -     - 1432s
     0     0  101.53944    0 1901          -  101.53944      -     - 1468s
     0     0  101.53944    0 2036          -  101.53944      -     - 1473s
     0     0  101.53944    0 1916          -  101.53944      -     - 1474s
     0     0  101.53944    0 1320          -  101.53944      -     - 2040s
     0     2  101.53944    0 1143          -  101.53944      -     - 2487s
     1     5  105.00000    1 1240          -  101.58017      -  6679 3462s
     3     6  105.90001    2 1301          -  101.78918      -  2420 4229s

Cutting planes:
  Learned: 5
  Gomory: 19
  Lift-and-project: 1
  Cover: 97
  Implied bound: 35
  Clique: 61
  MIR: 1198
  StrongCG: 11
  Zero half: 9
  RLT: 324
  Relax-and-lift: 99

Explored 5 nodes (326777 simplex iterations) in 4266.22 seconds (192.56 work units)
Thread count was 32 (of 32 available processors)

Solution count 0

Time limit reached
Best objective -, best bound 1.017891834305e+02, gap -

Unable to retrieve attribute 'X'

