
Gurobi 10.0.3 (linux64, gurobi_cl) logging started Thu Nov  2 11:37:02 2023

Set parameter Username
Set parameter TimeLimit to value 3600
Set parameter LogFile to value "RCPSP_777.log"
Set parameter Threads to value 32
Academic license - for non-commercial use only - expires 2024-10-30
Using license file /home/jrivera6/gurobi-licenses/v1003/compute-0-35/gurobi.lic

Gurobi Optimizer version 10.0.3 build v10.0.3rc0 (linux64)
Copyright (c) 2023, Gurobi Optimization, LLC

Read MPS format model from file RCPSP_777.mps
Reading time = 0.03 seconds
RCPSP_777: 19643 rows, 7750 columns, 71917 nonzeros

CPU model: Intel(R) Xeon(R) Gold 6130 CPU @ 2.10GHz, instruction set [SSE2|AVX|AVX2|AVX512]
Thread count: 32 physical cores, 32 logical processors, using up to 32 threads

Optimize a model with 19643 rows, 7750 columns and 71917 nonzeros
Model fingerprint: 0xd62f881f
Variable types: 62 continuous, 7688 integer (7688 binary)
Coefficient statistics:
  Matrix range     [1e+00, 4e+02]
  Objective range  [1e+00, 1e+00]
  Bounds range     [1e+00, 1e+00]
  RHS range        [1e+00, 4e+02]
Presolve removed 8552 rows and 3178 columns
Presolve time: 4.10s
Presolved: 11091 rows, 4572 columns, 42047 nonzeros
Variable types: 61 continuous, 4511 integer (4511 binary)

Root relaxation: objective 7.700000e+01, 1520 iterations, 0.02 seconds (0.01 work units)

    Nodes    |    Current Node    |     Objective Bounds      |     Work
 Expl Unexpl |  Obj  Depth IntInf | Incumbent    BestBd   Gap | It/Node Time

     0     0   77.00000    0   85          -   77.00000      -     -    4s
     0     0   77.00000    0  232          -   77.00000      -     -    6s
     0     0   77.00000    0  206          -   77.00000      -     -    7s
     0     0   77.00000    0   75          -   77.00000      -     -    9s
     0     0   77.00000    0   65          -   77.00000      -     -   10s
     0     0   77.00000    0   58          -   77.00000      -     -   11s
     0     0   77.00000    0   87          -   77.00000      -     -   11s
     0     0   77.00000    0  138          -   77.00000      -     -   12s
     0     0   77.00000    0  259          -   77.00000      -     -   13s
     0     0   77.00000    0  138          -   77.00000      -     -   14s
     0     0   77.00000    0  157          -   77.00000      -     -   14s
     0     0   77.00000    0   62          -   77.00000      -     -   16s
     0     0   77.00000    0  118          -   77.00000      -     -   16s
H    0     0                     110.0000000   77.00000  30.0%     -   18s
     0     0   77.00000    0   85  110.00000   77.00000  30.0%     -   18s
     0     0   77.00000    0   83  110.00000   77.00000  30.0%     -   19s
H    0     0                     104.0000000   77.00000  26.0%     -   24s
     0     2   77.00000    0   58  104.00000   77.00000  26.0%     -   26s
    14    20   77.00000    4  129  104.00000   77.00000  26.0%   100   32s
    45    63   77.00000    6  163  104.00000   77.00000  26.0%   203   43s
    77    93   77.00000    7  169  104.00000   77.00000  26.0%   172   45s
H  109   124                      94.0000000   77.00000  18.1%   172  107s
H  132   124                      90.0000000   77.00000  14.4%   147  107s
H  141   120                      88.0000000   77.00000  12.5%   139  110s
   225   130     cutoff    9        88.00000   77.00000  12.5%  94.4  115s
H  236   130                      88.0000000   77.00000  12.5%  96.6  115s
H  299   183                      87.0000000   77.00000  11.5%   102  228s
H  301   183                      85.0000000   77.00000  9.41%   102  228s
H  303   183                      84.0000000   77.00000  8.33%   102  228s
H  316   183                      83.9999993   77.00000  8.33%   101  228s
H  321   183                      83.0000000   77.00000  7.23%   101  228s
   332   127   81.00000   13  166   83.00000   77.00000  7.23%   100  230s
   466   116   81.00000   13  183   83.00000   77.00000  7.23%  84.6  235s
   640   316   81.00000   16  278   83.00000   77.00000  7.23%  89.5  241s
   750   389   81.00000   17  272   83.00000   77.00000  7.23%  81.0  246s
   984   639   81.00000   21  265   83.00000   77.00000  7.23%  68.7  250s
H 1479   912                      82.0000000   77.00000  6.10%  55.8  269s
  1519   928   81.00000   27  310   82.00000   77.00000  6.10%  56.9  272s
  1694   987   81.00000   29  242   82.00000   77.00000  6.10%  56.9  275s
  2021  1282   81.00000   38  210   82.00000   77.00000  6.10%  57.9  283s
  2192  1476   81.00447   47  199   82.00000   77.00000  6.10%  58.8  286s
  2480  1507   77.00000   14  207   82.00000   77.00000  6.10%  56.2  342s
H 2500  1507                      82.0000000   77.00000  6.10%  57.6  342s
  2544  1653   77.00000   15  204   82.00000   77.00000  6.10%  58.0  345s
  3081  1553   81.00000   71   83   82.00000   77.00000  6.10%  55.2  388s
  3084  1555   77.00000   19   90   82.00000   77.00000  6.10%  55.1  391s
  3088  1558   81.00000   77  122   82.00000   77.00000  6.10%  55.1  395s
  3092  1560   80.00000   62  131   82.00000   77.00000  6.10%  55.0  400s
  3095  1565   77.00000   10   61   82.00000   77.00000  6.10%  63.6  406s
  3109  1589   77.00000   13   71   82.00000   77.00000  6.10%  63.7  411s
  3157  1628   77.00000   15  107   82.00000   77.00000  6.10%  65.2  416s
  3189  1642   77.00000   16  107   82.00000   77.00000  6.10%  65.1  503s
H 3210  1556                      80.0000000   77.00000  3.75%  65.1  503s
  3221  1541 infeasible   16        80.00000   77.00000  3.75%  65.0  532s
  3253  1535 infeasible   17        80.00000   77.00000  3.75%  65.2  535s
  3333  1554 infeasible   18        80.00000   77.00000  3.75%  65.4  542s
  3377  1572   79.00000   19  151   80.00000   77.00000  3.75%  65.4  547s
  3473  1563   79.00000   21  159   80.00000   77.00000  3.75%  66.3  553s
  3529  1556   79.00000   21  157   80.00000   77.00000  3.75%  66.1  556s
  3646  1552     cutoff   22        80.00000   77.00000  3.75%  65.7  562s
  3704  1540 infeasible   24        80.00000   77.00000  3.75%  65.5  566s
  3775  1542   79.00000   24  153   80.00000   77.00000  3.75%  65.5  571s
  3907  1556 infeasible   25        80.00000   77.00000  3.75%  65.4  576s
  3990  1538     cutoff   26        80.00000   77.00000  3.75%  65.0  584s
  4065  1541   77.00000   16  141   80.00000   77.00000  3.75%  65.0  588s
  4152  1552   79.00000   18  112   80.00000   77.00000  3.75%  65.1  594s
  4247  1532 infeasible   19        80.00000   77.00000  3.75%  65.2  658s
H 4253  1456                      79.0000000   77.00000  2.53%  65.4  658s
  4297  1193 infeasible   18        79.00000   77.00000  2.53%  65.6  662s

Cutting planes:
  Learned: 6
  Gomory: 18
  Cover: 102
  Implied bound: 51
  Projected implied bound: 1
  Clique: 79
  MIR: 48
  StrongCG: 5
  Flow cover: 124
  Zero half: 4
  RLT: 15
  Relax-and-lift: 87

Explored 4726 nodes (315308 simplex iterations) in 663.44 seconds (34.62 work units)
Thread count was 32 (of 32 available processors)

Solution count 10: 79 80 82 ... 88

Optimal solution found (tolerance 1.00e-04)
Best objective 7.900000000000e+01, best bound 7.900000000000e+01, gap 0.0000%

Wrote result file 'RCPSP_777.sol'

