
Gurobi 10.0.3 (linux64, gurobi_cl) logging started Thu Nov  2 11:34:07 2023

Set parameter Username
Set parameter TimeLimit to value 3600
Set parameter LogFile to value "RCPSP_402.log"
Set parameter Threads to value 32
Academic license - for non-commercial use only - expires 2024-10-30
Using license file /home/jrivera6/gurobi-licenses/v1003/compute-0-34/gurobi.lic

Gurobi Optimizer version 10.0.3 build v10.0.3rc0 (linux64)
Copyright (c) 2023, Gurobi Optimization, LLC

Read MPS format model from file RCPSP_402.mps
Reading time = 0.01 seconds
RCPSP_402: 5349 rows, 2080 columns, 17994 nonzeros

CPU model: Intel(R) Xeon(R) Gold 6130 CPU @ 2.10GHz, instruction set [SSE2|AVX|AVX2|AVX512]
Thread count: 32 physical cores, 32 logical processors, using up to 32 threads

Optimize a model with 5349 rows, 2080 columns and 17994 nonzeros
Model fingerprint: 0x0a96f5ef
Variable types: 32 continuous, 2048 integer (2048 binary)
Coefficient statistics:
  Matrix range     [1e+00, 2e+02]
  Objective range  [1e+00, 1e+00]
  Bounds range     [1e+00, 1e+00]
  RHS range        [1e+00, 2e+02]
Presolve removed 3810 rows and 1522 columns
Presolve time: 0.20s
Presolved: 1539 rows, 558 columns, 4797 nonzeros
Variable types: 31 continuous, 527 integer (527 binary)

Root relaxation: objective 5.900000e+01, 195 iterations, 0.00 seconds (0.00 work units)

    Nodes    |    Current Node    |     Objective Bounds      |     Work
 Expl Unexpl |  Obj  Depth IntInf | Incumbent    BestBd   Gap | It/Node Time

     0     0   59.00000    0   24          -   59.00000      -     -    0s
     0     0   61.00000    0   22          -   61.00000      -     -    0s
     0     0   61.00000    0   59          -   61.00000      -     -    0s
H    0     0                     111.0000000   61.00000  45.0%     -    0s
     0     0   61.00000    0   55  111.00000   61.00000  45.0%     -    0s
H    0     0                     106.0000000   61.00000  42.5%     -    0s
     0     0   65.01802    0   39  106.00000   65.01802  38.7%     -    1s
     0     0   65.01802    0   41  106.00000   65.01802  38.7%     -    1s
     0     0   65.01802    0   52  106.00000   65.01802  38.7%     -    1s
     0     0   65.01802    0   67  106.00000   65.01802  38.7%     -    1s
     0     0   65.01802    0   87  106.00000   65.01802  38.7%     -    1s
H    0     0                     104.0000000   65.01802  37.5%     -    1s
     0     0   65.01802    0   80  104.00000   65.01802  37.5%     -    1s
     0     0   65.01802    0   40  104.00000   65.01802  37.5%     -    1s
     0     0   65.02032    0   59  104.00000   65.02032  37.5%     -    1s
     0     0   65.02036    0   58  104.00000   65.02036  37.5%     -    1s
     0     0   65.08168    0   60  104.00000   65.08168  37.4%     -    2s
     0     0   65.09439    0   74  104.00000   65.09439  37.4%     -    2s
     0     0   65.09439    0   78  104.00000   65.09439  37.4%     -    2s
     0     0   65.23704    0   78  104.00000   65.23704  37.3%     -    2s
H    0     0                     103.0000000   65.23704  36.7%     -    2s
     0     0   65.33614    0   79  103.00000   65.33614  36.6%     -    2s
     0     0   65.36838    0   72  103.00000   65.36838  36.5%     -    2s
     0     0   65.36838    0   78  103.00000   65.36838  36.5%     -    2s
     0     0   65.68083    0   86  103.00000   65.68083  36.2%     -    2s
     0     0   65.68083    0   67  103.00000   65.68083  36.2%     -    2s
     0     0   65.68250    0   75  103.00000   65.68250  36.2%     -    2s
     0     0   65.68250    0   69  103.00000   65.68250  36.2%     -    2s
     0     0   65.69515    0   98  103.00000   65.69515  36.2%     -    3s
     0     0   65.77897    0   79  103.00000   65.77897  36.1%     -    3s
     0     0   65.78139    0  103  103.00000   65.78139  36.1%     -    3s
     0     0   65.78139    0   90  103.00000   65.78139  36.1%     -    3s
     0     0   65.84099    0   95  103.00000   65.84099  36.1%     -    3s
     0     0   65.84099    0   75  103.00000   65.84099  36.1%     -    3s
     0     0   65.90340    0   94  103.00000   65.90340  36.0%     -    3s
     0     0   65.90340    0  106  103.00000   65.90340  36.0%     -    3s
     0     0   65.91181    0  106  103.00000   65.91181  36.0%     -    3s
     0     0   65.91656    0  100  103.00000   65.91656  36.0%     -    3s
     0     0   65.91656    0   97  103.00000   65.91656  36.0%     -    3s
     0     0   65.92411    0   96  103.00000   65.92411  36.0%     -    3s
     0     0   65.92543    0   90  103.00000   65.92543  36.0%     -    4s
     0     0   65.92543    0   89  103.00000   65.92543  36.0%     -    4s
     0     0   65.93513    0   89  103.00000   65.93513  36.0%     -    4s
     0     0   65.93513    0   75  103.00000   65.93513  36.0%     -    4s
     0     0   65.93685    0   80  103.00000   65.93685  36.0%     -    4s
     0     0   65.93685    0   94  103.00000   65.93685  36.0%     -    4s
H    0     0                     102.0000000   65.95510  35.3%     -    4s
     0     0   65.95510    0   77  102.00000   65.95510  35.3%     -    4s
     0     0   65.96361    0   82  102.00000   65.96361  35.3%     -    4s
     0     0   65.96361    0   80  102.00000   65.96361  35.3%     -    4s
     0     0   65.96707    0  104  102.00000   65.96707  35.3%     -    4s
     0     0   65.96707    0   88  102.00000   65.96707  35.3%     -    4s
     0     0   65.97673    0   82  102.00000   65.97673  35.3%     -    4s
     0     0   65.97673    0   89  102.00000   65.97673  35.3%     -    4s
     0     0   66.00801    0  112  102.00000   66.00801  35.3%     -    4s
     0     0   66.01464    0  109  102.00000   66.01464  35.3%     -    5s
     0     0   66.01464    0   98  102.00000   66.01464  35.3%     -    5s
     0     0   66.02799    0   98  102.00000   66.02799  35.3%     -    5s
     0     0   66.09266    0  100  102.00000   66.09266  35.2%     -    5s
     0     0   66.09487    0   97  102.00000   66.09487  35.2%     -    5s
     0     0   66.09487    0   91  102.00000   66.09487  35.2%     -    5s
     0     0   66.13751    0   99  102.00000   66.13751  35.2%     -    5s
     0     0   66.16767    0   88  102.00000   66.16767  35.1%     -    5s
     0     0   66.16767    0   95  102.00000   66.16767  35.1%     -    5s
     0     0   66.20892    0   95  102.00000   66.20892  35.1%     -    5s
H    0     0                     102.0000000   66.20892  35.1%     -    5s
     0     0   66.21130    0  109  102.00000   66.21130  35.1%     -    5s
     0     0   66.21130    0  104  102.00000   66.21130  35.1%     -    5s
     0     0   66.21694    0   84  102.00000   66.21694  35.1%     -    5s
     0     0   66.21694    0   98  102.00000   66.21694  35.1%     -    5s
     0     0   66.21694    0   89  102.00000   66.21694  35.1%     -    5s
     0     0   66.21694    0   80  102.00000   66.21694  35.1%     -    6s
H    0     0                      95.0000000   66.21694  30.3%     -    6s
     0     0   66.21694    0   66   95.00000   66.21694  30.3%     -    6s
     0     0   66.21694    0   93   95.00000   66.21694  30.3%     -    6s
     0     0   66.21694    0   75   95.00000   66.21694  30.3%     -    6s
     0     0   66.21694    0   72   95.00000   66.21694  30.3%     -    6s
     0     2   66.21694    0   47   95.00000   66.21694  30.3%     -    7s
    84   110   70.65562    7   56   95.00000   68.27412  28.1%   146   10s
H  116   140                      95.0000000   68.44602  28.0%   130   13s
H  118   140                      92.0000000   68.44602  25.6%   128   13s
   468   459   72.81432   17   61   92.00000   68.44602  25.6%  50.1   15s
H 1022   718                      89.0000000   68.44602  23.1%  35.3   62s
  1761   869   70.31761    8   54   89.00000   70.11656  21.2%  32.4   65s
H 2070   893                      89.0000000   70.53290  20.7%  31.2   67s
  2116   905   77.11656    9   53   89.00000   70.53290  20.7%  31.2   76s
  3556  1324   75.80691   13   57   89.00000   72.00124  19.1%  26.7   80s
  6577  1731   83.61940   14   55   89.00000   76.07984  14.5%  22.8   85s
  9503  1959 infeasible   17        89.00000   77.18921  13.3%  20.6   90s
 12756  2096 infeasible   21        89.00000   78.07984  12.3%  19.1   95s
 15854  2163   85.70795   12   79   89.00000   79.07984  11.1%  18.6  106s
 15901  2164   86.07984   21   72   89.00000   79.07984  11.1%  18.6  118s
 15903  2165   84.07984   29   33   89.00000   79.07984  11.1%  18.6  121s
 15906  2170   79.07984   11   32   89.00000   79.07984  11.1%  18.6  125s
 16092  2242   79.07984   18   27   89.00000   79.07984  11.1%  18.6  132s
 16124  2221   79.07984   19   26   89.00000   79.07984  11.1%  18.6  136s
 16417  2170   79.07984   23   26   89.00000   79.07984  11.1%  18.6  140s
 17143  1985   79.07984   18   64   89.00000   79.07984  11.1%  18.8  148s
 17375  1898 infeasible   19        89.00000   79.07984  11.1%  18.7  150s
 20180  1130 infeasible   30        89.00000   79.07984  11.1%  17.4  155s

Explored 24471 nodes (394589 simplex iterations) in 159.42 seconds (5.48 work units)
Thread count was 32 (of 32 available processors)

Solution count 10: 89 89 92 ... 106

Optimal solution found (tolerance 1.00e-04)
Best objective 8.899999999100e+01, best bound 8.899999999100e+01, gap 0.0000%

Wrote result file 'RCPSP_402.sol'

