
Gurobi 10.0.3 (linux64, gurobi_cl) logging started Thu Nov  2 11:34:01 2023

Set parameter Username
Set parameter TimeLimit to value 3600
Set parameter LogFile to value "RCPSP_328.log"
Set parameter Threads to value 32
Academic license - for non-commercial use only - expires 2024-10-30
Using license file /home/jrivera6/gurobi-licenses/v1003/compute-0-38/gurobi.lic

Gurobi Optimizer version 10.0.3 build v10.0.3rc0 (linux64)
Copyright (c) 2023, Gurobi Optimization, LLC

Read MPS format model from file RCPSP_328.mps
Reading time = 0.00 seconds
RCPSP_328: 5349 rows, 2080 columns, 16103 nonzeros

CPU model: Intel(R) Xeon(R) Gold 6242 CPU @ 2.80GHz, instruction set [SSE2|AVX|AVX2|AVX512]
Thread count: 32 physical cores, 32 logical processors, using up to 32 threads

Optimize a model with 5349 rows, 2080 columns and 16103 nonzeros
Model fingerprint: 0x582641f0
Variable types: 32 continuous, 2048 integer (2048 binary)
Coefficient statistics:
  Matrix range     [1e+00, 2e+02]
  Objective range  [1e+00, 1e+00]
  Bounds range     [1e+00, 1e+00]
  RHS range        [1e+00, 2e+02]
Presolve removed 3467 rows and 1365 columns
Presolve time: 0.21s
Presolved: 1882 rows, 715 columns, 5612 nonzeros
Variable types: 31 continuous, 684 integer (684 binary)

Root relaxation: objective 5.200000e+01, 252 iterations, 0.00 seconds (0.00 work units)

    Nodes    |    Current Node    |     Objective Bounds      |     Work
 Expl Unexpl |  Obj  Depth IntInf | Incumbent    BestBd   Gap | It/Node Time

     0     0   52.00000    0    3          -   52.00000      -     -    0s
     0     0   54.00000    0    2          -   54.00000      -     -    0s
H    0     0                      61.0000000   54.00000  11.5%     -    0s

Cutting planes:
  Gomory: 2
  Implied bound: 1
  MIR: 7

Explored 1 nodes (812 simplex iterations) in 0.48 seconds (0.23 work units)
Thread count was 32 (of 32 available processors)

Solution count 1: 61 

Optimal solution found (tolerance 1.00e-04)
Best objective 6.100000000000e+01, best bound 6.100000000000e+01, gap 0.0000%

Wrote result file 'RCPSP_328.sol'

