
Gurobi 10.0.3 (linux64, gurobi_cl) logging started Thu Nov  2 11:35:08 2023

Set parameter Username
Set parameter TimeLimit to value 3600
Set parameter LogFile to value "RCPSP_633.log"
Set parameter Threads to value 32
Academic license - for non-commercial use only - expires 2024-10-30
Using license file /home/jrivera6/gurobi-licenses/v1003/compute-0-35/gurobi.lic

Gurobi Optimizer version 10.0.3 build v10.0.3rc0 (linux64)
Copyright (c) 2023, Gurobi Optimization, LLC

Read MPS format model from file RCPSP_633.mps
Reading time = 0.02 seconds
RCPSP_633: 19624 rows, 7750 columns, 71898 nonzeros

CPU model: Intel(R) Xeon(R) Gold 6130 CPU @ 2.10GHz, instruction set [SSE2|AVX|AVX2|AVX512]
Thread count: 32 physical cores, 32 logical processors, using up to 32 threads

Optimize a model with 19624 rows, 7750 columns and 71898 nonzeros
Model fingerprint: 0x6170abb4
Variable types: 62 continuous, 7688 integer (7688 binary)
Coefficient statistics:
  Matrix range     [1e+00, 3e+02]
  Objective range  [1e+00, 1e+00]
  Bounds range     [1e+00, 1e+00]
  RHS range        [1e+00, 3e+02]
Found heuristic solution: objective 53.0000000
Presolve removed 11020 rows and 4547 columns
Presolve time: 4.98s
Presolved: 8604 rows, 3203 columns, 31364 nonzeros
Variable types: 61 continuous, 3142 integer (3142 binary)

Explored 0 nodes (0 simplex iterations) in 5.02 seconds (3.21 work units)
Thread count was 32 (of 32 available processors)

Solution count 1: 53 

Optimal solution found (tolerance 1.00e-04)
Best objective 5.300000000000e+01, best bound 5.300000000000e+01, gap 0.0000%

Wrote result file 'RCPSP_633.sol'

