
Gurobi 10.0.3 (linux64, gurobi_cl) logging started Thu Nov  9 11:49:39 2023

Set parameter Username
Set parameter TimeLimit to value 3600
Set parameter LogFile to value "RCPSP_1248.log"
Set parameter Threads to value 32
Academic license - for non-commercial use only - expires 2024-10-30
Using license file /home/jrivera6/gurobi-licenses/v1003/compute-0-38/gurobi.lic

Gurobi Optimizer version 10.0.3 build v10.0.3rc0 (linux64)
Copyright (c) 2023, Gurobi Optimization, LLC

Read MPS format model from file RCPSP_1248.mps
Reading time = 0.08 seconds
RCPSP_1248: 42947 rows, 17020 columns, 159151 nonzeros

CPU model: Intel(R) Xeon(R) Gold 6242 CPU @ 2.80GHz, instruction set [SSE2|AVX|AVX2|AVX512]
Thread count: 32 physical cores, 32 logical processors, using up to 32 threads

Optimize a model with 42947 rows, 17020 columns and 159151 nonzeros
Model fingerprint: 0xbe60ec71
Variable types: 92 continuous, 16928 integer (16928 binary)
Coefficient statistics:
  Matrix range     [1e+00, 5e+02]
  Objective range  [1e+00, 1e+00]
  Bounds range     [1e+00, 1e+00]
  RHS range        [1e+00, 5e+02]
Presolve removed 7032 rows and 1201 columns (presolve time = 5s) ...
Presolve removed 11179 rows and 2904 columns
Presolve time: 7.72s
Presolved: 31768 rows, 14116 columns, 123772 nonzeros
Variable types: 91 continuous, 14025 integer (14025 binary)

Deterministic concurrent LP optimizer: primal and dual simplex (primal and dual model)
Showing first log only...

Root relaxation presolved: 31768 rows, 14116 columns, 123772 nonzeros


Root simplex log...

Iteration    Objective       Primal Inf.    Dual Inf.      Time
       0    9.3000486e+01   3.547817e-03   1.470840e+08      9s
    2040    9.3000000e+01   0.000000e+00   0.000000e+00      9s
Concurrent spin time: 0.67s

Solved with dual simplex (primal model)

Root relaxation: objective 9.300000e+01, 4718 iterations, 1.62 seconds (0.13 work units)
Total elapsed time = 11.88s

    Nodes    |    Current Node    |     Objective Bounds      |     Work
 Expl Unexpl |  Obj  Depth IntInf | Incumbent    BestBd   Gap | It/Node Time

     0     0   93.00000    0  579          -   93.00000      -     -   18s
     0     0   93.00000    0  571          -   93.00000      -     -   19s
     0     0   93.00000    0 1115          -   93.00000      -     -   35s
     0     0   93.00000    0 1062          -   93.00000      -     -   36s
     0     0   93.00000    0 1051          -   93.00000      -     -   36s
     0     0   93.00000    0 1219          -   93.00000      -     -   39s
     0     0   93.00000    0 1178          -   93.00000      -     -   39s
     0     0   93.00000    0 1176          -   93.00000      -     -   39s
     0     0   93.00000    0  750          -   93.00000      -     -   53s
     0     0   93.00000    0  746          -   93.00000      -     -   53s
     0     0   93.00000    0  893          -   93.00000      -     -   60s
     0     0   93.00000    0  689          -   93.00000      -     -   75s
     0     0   93.00000    0  679          -   93.00000      -     -   75s
     0     0   93.00000    0  677          -   93.00000      -     -   75s
     0     0   93.00000    0 1002          -   93.00000      -     -   82s
     0     0   93.00000    0  921          -   93.00000      -     -   83s
     0     0   93.00000    0  942          -   93.00000      -     -   83s
     0     0   93.00000    0  951          -   93.00000      -     -   84s
     0     0   93.00000    0  726          -   93.00000      -     -   97s
     0     0   93.00000    0 1060          -   93.00000      -     -  104s
     0     0   93.00000    0 1033          -   93.00000      -     -  105s
     0     0   93.00000    0 1023          -   93.00000      -     -  106s
     0     0   93.00000    0  596          -   93.00000      -     -  119s
H    0     0                     520.0000000   93.00000  82.1%     -  121s
     0     0   93.00000    0  536  520.00000   93.00000  82.1%     -  122s
H    0     0                     392.0000000   93.00000  76.3%     -  135s
     0     2   93.00000    0  515  392.00000   93.00000  76.3%     -  147s
     1     4   93.00000    1  490  392.00000   93.00000  76.3%  2206  153s
     3     8   93.00000    2  905  392.00000   93.00000  76.3%  1466  165s
     7    10   93.00000    3 1043  392.00000   93.00000  76.3%  1239  178s
    15    16   93.00000    4 1157  392.00000   93.00000  76.3%  1001  191s
    25    31   93.00000    5 1107  392.00000   93.00000  76.3%   818  203s
    41    58   93.00000    6 1206  392.00000   93.00000  76.3%   679  224s
H   49    58                     388.0000000   93.00000  76.0%   693  224s
H   52    58                     387.0000000   93.00000  76.0%   688  224s
    72    86   93.00000    7 1277  387.00000   93.00000  76.0%   850  242s
H  104   109                     282.0000000   93.00000  67.0%   817  536s
H  105   109                     275.0000000   93.00000  66.2%   839  536s
H  106   109                     271.0000000   93.00000  65.7%   841  536s
H  111   109                     268.0000000   93.00000  65.3%   821  536s
H  116   109                     264.0000000   93.00000  64.8%   798  536s
H  117   109                     263.0000000   93.00000  64.6%   791  536s
H  121   109                     262.0000000   93.00000  64.5%   780  536s
H  136   140                     248.0000000   93.00000  62.5%   732  988s
H  141   140                     245.0000000   93.00000  62.0%   707  988s
H  153   140                     240.0000000   93.00000  61.2%   653  988s
   168   189   93.00000   10  934  240.00000   93.00000  61.2%   659 1005s
   231   244   93.00000   11  900  240.00000   93.00000  61.2%   482 1012s
   295   295   93.00000   13  896  240.00000   93.00000  61.2%   382 1027s
   358   353   93.00000   15  899  240.00000   93.00000  61.2%   324 1043s
   433   388   93.00000   16 1191  240.00000   93.00000  61.2%   288 1063s
   493   444   93.00000   17 1423  240.00000   93.00000  61.2%   290 1083s
   553   495   93.00000   18 1424  240.00000   93.00000  61.2%   292 1105s
   607   566   93.00000   19 1424  240.00000   93.00000  61.2%   332 1127s
   681   649   93.00000   21  800  240.00000   93.00000  61.2%   337 1146s
   775   716   93.12190   23  931  240.00000   93.00000  61.2%   320 1160s
   847   792   99.00000   24  801  240.00000   93.00000  61.2%   318 1177s
   954   877   99.00000   25  825  240.00000   93.00000  61.2%   303 1190s
  1041   996   99.00000   26  822  240.00000   93.00000  61.2%   300 1201s
H 1173  1028                     233.0000000   93.00000  60.1%   277 1225s
H 1174  1028                     229.0000000   93.00000  59.4%   277 1225s
H 1176  1028                     228.0000000   93.00000  59.2%   277 1225s
H 1184  1028                     227.0000000   93.00000  59.0%   276 1225s
H 1206  1028                     226.0000000   93.00000  58.8%   273 1225s
  1207  1162   99.00000   30  790  226.00000   93.00000  58.8%   273 1237s
  1361  1289   99.00000   32  774  226.00000   93.00000  58.8%   251 1257s
  1516  1396   99.00357   33 1016  226.00000   93.00000  58.8%   239 1281s
  1652  1515   99.00357   34  986  226.00000   93.00000  58.8%   245 1302s
  1802  1637   99.02286   36  885  226.00000   93.00000  58.8%   241 1326s
  1962  1754  100.11028   42  745  226.00000   93.00000  58.8%   245 1351s
  2104  1913  100.11028   50  749  226.00000   93.00000  58.8%   254 1369s
H 2285  1990                     225.0000000   93.00000  58.7%   248 1397s
H 2288  1990                     218.0000000   93.00000  57.3%   248 1397s
H 2318  1990                     217.0000000   93.00000  57.1%   248 1397s
H 2361  1990                     216.0000000   93.00000  56.9%   247 1397s
H 2372  1990                     214.0000000   93.00000  56.5%   247 1397s
  2378  2174  105.00000   61  652  214.00000   93.00000  56.5%   248 1414s
  2588  2377  105.00000   68  647  214.00000   93.00000  56.5%   240 1437s
  2826  2578  111.00000   76  683  214.00000   93.00000  56.5%   232 1458s
H 3059  2578                     212.0000000   93.00000  56.1%   227 1495s
  3060  2579  128.00000   46  536  212.00000   93.00000  56.1%   227 1525s
  3062  2580  154.00000   46  349  212.00000   93.00000  56.1%   226 1534s
  3063  2581  136.00000   55  401  212.00000   93.00000  56.1%   226 1554s
H 3063  2451                     210.0000000   93.00000  55.7%   226 1555s
H 3063  2329                     208.0000000   93.00000  55.3%   226 1557s
H 3064  2213                     203.0000000   93.00000  54.2%   226 1564s
H 3064  2102                     200.0000000   93.00000  53.5%   226 1573s
  3066  2103  111.00000   58 1054  200.00000   93.00000  53.5%   226 1578s
H 3066  1998                     197.0000000   93.00000  52.8%   226 1599s
  3067  1999  127.00000   56  683  197.00000   93.00000  52.8%   226 1611s
H 3067  1899                     195.0000000   93.00000  52.3%   226 1615s
  3069  1900  124.00000   28  724  195.00000   93.00000  52.3%   226 1653s
  3070  1901  112.00000   21  947  195.00000   93.00000  52.3%   226 1666s
H 3070  1806                     194.0000000   93.00000  52.1%   226 1693s
H 3070  1715                     193.0000000   93.00000  51.8%   226 1693s
H 3070  1629                     189.0000000   93.00000  50.8%   226 1695s
  3071  1629  114.00000   43  771  189.00000   93.00000  50.8%   226 1712s
H 3071  1548                     187.0000000   93.00000  50.3%   226 1724s
  3072  1549  128.77551   80  955  187.00000   93.00000  50.3%   226 1728s
H 3072  1471                     186.0000000   93.00000  50.0%   226 1754s
H 3072  1397                     185.0000000   93.00000  49.7%   226 1754s
  3073  1398  113.00000   56  793  185.00000   93.00000  49.7%   226 1774s
  3074  1398  133.00000  125  624  185.00000   93.00000  49.7%   226 1777s
  3075  1399  130.00000   37  624  185.00000   93.00000  49.7%   225 1783s
  3076  1403   93.00000   15  515  185.00000   93.00000  49.7%   279 1811s
  3078  1406   93.00000   16  514  185.00000   93.00000  49.7%   279 1824s
  3082  1413   93.00000   17  519  185.00000   93.00000  49.7%   279 1837s
  3090  1426   93.00000   18  519  185.00000   93.00000  49.7%   279 1853s
  3106  1453   93.00000   19  514  185.00000   93.00000  49.7%   280 1912s
H 3109  1382                     184.0000000   93.00000  49.5%   280 1912s
H 3111  1314                     183.0000000   93.00000  49.2%   280 1912s
  3138  1337   93.00000   20  519  183.00000   93.00000  49.2%   280 1930s
  3170  1358   93.01960   20  648  183.00000   93.00000  49.2%   278 1966s
H 3172  1295                     182.0000000   93.00000  48.9%   278 1966s
  3202  1317   93.00000   21  601  182.00000   93.00000  48.9%   277 1986s
  3234  1338   93.00593   21  632  182.00000   93.00000  48.9%   276 2002s
  3266  1385   93.41069   22  560  182.00000   93.00000  48.9%   274 2007s
  3324  1422   93.00593   22  857  182.00000   93.00000  48.9%   271 2010s
  3383  1459   93.00593   23  845  182.00000   93.00000  48.9%   267 2016s
  3441  1508   93.00593   24  954  182.00000   93.00000  48.9%   264 2020s
  3596  1547   93.00593   26  893  182.00000   93.00000  48.9%   255 2062s
  3634  1560  100.94247   26  764  182.00000   93.00000  48.9%   253 2087s
  3669  1575   93.02217   27  804  182.00000   93.00000  48.9%   251 2105s
  3704  1593   96.94247   27  765  182.00000   93.00000  48.9%   250 2124s
  3736  1697   98.00000   28  736  182.00000   93.00000  48.9%   249 2130s
  3856  1774   96.94247   28  763  182.00000   93.00000  48.9%   242 2136s
  3982  1839   96.94247   29  710  182.00000   93.00000  48.9%   236 2142s
  4105  1894   96.94247   30  727  182.00000   93.00000  48.9%   230 2149s
  4226  1890   97.00000   30  648  182.00000   93.00000  48.9%   224 2158s
H 4234  1828                     181.0000000   93.00000  48.6%   224 2158s
  4291  1913   97.00000   31  638  181.00000   93.00000  48.6%   222 2164s
  4435  1958   97.00000   32  636  181.00000   93.00000  48.6%   215 2171s
  4578  1927   99.00000   33  706  181.00000   93.00000  48.6%   210 2195s
  4619  1940   97.00000   33  634  181.00000   93.00000  48.6%   209 2272s
H 4624  1882                     180.0000000   93.00000  48.3%   209 2272s
H 4656  1844                     178.0000000   93.00000  47.8%   209 2510s
H 4658  1792                     174.0000000   93.00000  46.6%   209 2510s
H 4660  1742                     172.0000000   93.00000  45.9%   209 2510s
H 4683  1688                     171.0000000   93.00000  45.6%   208 2510s
  4688  1723   99.00000   34  694  171.00000   93.00000  45.6%   208 2535s
  4727  1753   99.00000   35  690  171.00000   93.00000  45.6%   207 2560s
  4772  1792   99.00000   35  705  171.00000   93.00000  45.6%   206 2586s
  4828  1830   99.01802   36  738  171.00000   93.00000  45.6%   204 2612s
  4884  1867   99.05257   36  731  171.00000   93.00000  45.6%   203 2640s
  4945  1912   99.01802   37  742  171.00000   93.00000  45.6%   201 2664s
  5015  2206  111.00000   37  646  171.00000   93.00000  45.6%   199 2676s
  5351  2384  102.00000   39  691  171.00000   93.00000  45.6%   188 2689s
  5697  2477  102.00000   41  689  171.00000   93.00000  45.6%   178 2708s
  5953  2739  102.00000   44  665  171.00000   93.00000  45.6%   172 2719s
  6279  3003  108.00000   47  674  171.00000   93.00000  45.6%   165 2735s
  6611  3003 infeasible   51       171.00000   93.00000  45.6%   159 2764s
  6693  3047   93.00000   21  581  171.00000   93.00000  45.6%   159 2786s
  6747  3298   93.00000   22  585  171.00000   93.00000  45.6%   158 2798s
  7019  3322   98.00000   24  535  171.00000   93.00000  45.6%   154 2826s
  7095  3666   98.00000   25  510  171.00000   93.00000  45.6%   153 2840s
  7464  3706 infeasible   35       171.00000   93.00000  45.6%   148 2873s
  7530  4087  111.00000   37  503  171.00000   93.00000  45.6%   148 2887s
  7933  4122 infeasible   45       171.00000   93.00000  45.6%   142 2921s
  8022  4506  129.00000   45  641  171.00000   93.00000  45.6%   141 2939s
  8475  4488  133.00000   62  575  171.00000   93.00000  45.6%   135 3020s
  8555  4568  133.00000   63  575  171.00000   93.00000  45.6%   135 3053s
  8641  4670  133.00000   66  584  171.00000   93.00000  45.6%   135 3088s
  8749  5245  133.00000   70  560  171.00000   93.00000  45.6%   134 3111s
  9359  5763  143.00000   90  496  171.00000   93.00000  45.6%   127 3141s
  9961  6111  143.00000  114  496  171.00000   93.00000  45.6%   121 3308s
 10374  6428  147.00000  136  490  171.00000   93.00000  45.6%   117 3349s
 10763  6467 infeasible  150       171.00000   93.00000  45.6%   114 3404s
 10902  7484   93.01960   23  826  171.00000   93.00000  45.6%   114 3455s
 12009  8025  103.00000   35  759  171.00000   93.00000  45.6%   106 3519s
 12735  8044  118.00000   50  681  171.00000   93.00000  45.6%   101 3555s
 12864  8997  118.00000   51  675  171.00000   93.00000  45.6%   102 3593s
 14025  8986   98.00000   31  521  171.00000   93.00000  45.6%  96.4 3603s

Cutting planes:
  Gomory: 47
  Cover: 47
  Implied bound: 129
  Clique: 15
  MIR: 69
  StrongCG: 5
  Flow cover: 312
  Inf proof: 1
  Zero half: 6
  RLT: 53
  Relax-and-lift: 261

Explored 14068 nodes (1449531 simplex iterations) in 3618.24 seconds (247.68 work units)
Thread count was 32 (of 32 available processors)

Solution count 10: 171 172 174 ... 185

Time limit reached
Best objective 1.710000000000e+02, best bound 9.300000000000e+01, gap 45.6140%

Wrote result file 'RCPSP_1248.sol'

