
Gurobi 10.0.3 (linux64, gurobi_cl) logging started Thu Nov  2 11:35:31 2023

Set parameter Username
Set parameter TimeLimit to value 3600
Set parameter LogFile to value "RCPSP_685.log"
Set parameter Threads to value 32
Academic license - for non-commercial use only - expires 2024-10-30
Using license file /home/jrivera6/gurobi-licenses/v1003/compute-0-39/gurobi.lic

Gurobi Optimizer version 10.0.3 build v10.0.3rc0 (linux64)
Copyright (c) 2023, Gurobi Optimization, LLC

Read MPS format model from file RCPSP_685.mps
Reading time = 0.02 seconds
RCPSP_685: 19643 rows, 7750 columns, 64658 nonzeros

CPU model: Intel(R) Xeon(R) Gold 6242 CPU @ 2.80GHz, instruction set [SSE2|AVX|AVX2|AVX512]
Thread count: 32 physical cores, 32 logical processors, using up to 32 threads

Optimize a model with 19643 rows, 7750 columns and 64658 nonzeros
Model fingerprint: 0x1cb98f4f
Variable types: 62 continuous, 7688 integer (7688 binary)
Coefficient statistics:
  Matrix range     [1e+00, 3e+02]
  Objective range  [1e+00, 1e+00]
  Bounds range     [1e+00, 1e+00]
  RHS range        [1e+00, 3e+02]
Presolve removed 9052 rows and 3365 columns
Presolve time: 3.37s
Presolved: 10591 rows, 4385 columns, 35682 nonzeros
Variable types: 61 continuous, 4324 integer (4324 binary)

Root relaxation: objective 7.500000e+01, 1415 iterations, 0.02 seconds (0.01 work units)

    Nodes    |    Current Node    |     Objective Bounds      |     Work
 Expl Unexpl |  Obj  Depth IntInf | Incumbent    BestBd   Gap | It/Node Time

     0     0   75.00000    0  136          -   75.00000      -     -    3s
     0     0   75.00000    0  364          -   75.00000      -     -    8s
     0     0   75.00000    0  342          -   75.00000      -     -    8s
     0     0   75.00000    0  209          -   75.00000      -     -   10s
     0     0   75.00000    0  270          -   75.00000      -     -   10s
     0     0   75.00000    0  196          -   75.00000      -     -   12s
     0     0   75.00000    0  278          -   75.00000      -     -   12s
     0     0   75.00000    0  261          -   75.00000      -     -   14s
     0     0   75.00000    0  348          -   75.00000      -     -   14s
     0     0   75.00000    0  238          -   75.00000      -     -   16s
     0     0   75.00000    0  208          -   75.00000      -     -   17s
     0     2   75.00000    0  157          -   75.00000      -     -   21s
     7    10   75.00000    3  404          -   75.00000      -   269   25s
    43    71   75.00000    6  464          -   75.00000      -   271   31s
   139   151   75.00000    9  429          -   75.00000      -   234   35s
   171   190   75.00000   10  343          -   75.00000      -   220   40s
   416   388   75.00000   14  328          -   75.00000      -   104   45s
   719   698   75.00000   20  316          -   75.00000      -  69.8   50s
  1149  1133   75.00000   26  365          -   75.00000      -  55.5   55s
  1646  1590   75.00063   34  349          -   75.00000      -  49.5   60s
  2284  2188   77.00000   41  325          -   75.00000      -  45.1   65s
  2843  2601   77.00000   50  298          -   75.00000      -  44.5   72s
  3162  2806   77.00000   51  319          -   75.00000      -  45.5   76s
  3293  2937   77.00000   53  347          -   75.00000      -  47.1   85s
  3636  3193   77.23738   57  317          -   75.00000      -  49.1   92s
  3982  3491   83.00000   71  270          -   75.00000      -  50.3   96s
  4206  3738   83.00000   82  279          -   75.00000      -  50.0  100s
  4769  4068   84.00000    9  323          -   75.00000      -  48.9  105s
  4957  4069   75.52941   46  208          -   75.00000      -  50.1  119s
  4959  4070   81.00000   13   96          -   75.00000      -  50.1  121s
  4961  4072  103.05263  146  329          -   75.00000      -  50.1  125s
  4963  4073   98.00000  154  379          -   75.01659      -  50.1  131s
  4966  4075   84.00000   36  316          -   75.18209      -  50.0  138s
  4968  4076   88.00000   27  208          -   75.85714      -  50.0  140s
  4971  4078   88.00000   68  398          -   75.85714      -  50.0  145s
  4973  4080   87.00000   54  392          -   75.85714      -  50.0  150s
  4976  4082   82.00000   26  370          -   75.85714      -  49.9  156s
  4978  4083   78.00000   39  385          -   77.00000      -  49.9  161s
  4980  4084   98.00000   57  317          -   77.00000      -  49.9  166s
  4983  4086   81.13534   32  364          -   77.00000      -  49.9  170s
  4986  4088   92.00000   70  240          -   77.00000      -  49.8  177s
  4988  4090   95.00000  134  121          -   77.00000      -  49.8  182s
  4990  4091   92.00000   27  128          -   77.00000      -  49.8  187s
  4992  4092   93.99983   31  131          -   77.00000      -  49.8  191s
  4994  4094   93.00000   84   84          -   77.00000      -  49.8  196s
  4996  4095   94.00000   77  100          -   77.00000      -  49.7  200s
  5000  4098   91.00000  111  105          -   77.00000      -  49.7  207s
  5003  4101   87.00000   76  208          -   77.00000      -  73.4  213s
  5004  4102   91.00000   85  208          -   77.00000      -  73.4  215s
  5005  4102   83.00000   24  123          -   77.00000      -  73.4  222s
  5006  4103   92.00000  132  256          -   77.00000      -  73.3  225s
  5010  4106   97.00000  113  167          -   77.00000      -  73.3  233s
  5012  4107   87.99983   78  112          -   77.00000      -  73.2  237s
  5014  4108   85.58824   46  123          -   77.00000      -  73.2  241s
  5017  4110   87.99983   67  372          -   77.00000      -  73.2  245s
  5019  4112   89.00000   66  437          -   77.00000      -  73.1  250s
  5021  4113   79.00000   66  323          -   77.00000      -  73.1  256s
  5024  4115   78.06923   53  249          -   77.00000      -  73.1  264s
  5025  4119   77.00000   31  227          -   77.00000      -  33.6  277s
  5027  4122   77.00000   32  228          -   77.00000      -  33.6  286s
  5031  4129   77.00000   33  207          -   77.00000      -  33.8  290s
  5055  4169   81.00000   35  229          -   77.00000      -  34.6  300s
  5119  4208   81.00000   36  178          -   77.00000      -  35.6  306s
  5151  4230   81.00000   37  177          -   77.00000      -  35.7  311s
  5215  4262   81.00000   38  175          -   77.00000      -  36.4  316s
  5359  4352   81.00000   40  347          -   77.00000      -  36.5  337s
  5391  4367   81.00000   40  353          -   77.00000      -  36.6  346s
  5423  4382   83.00000   41  347          -   77.00000      -  36.7  352s
  5459  4409   81.00000   41  355          -   77.00000      -  36.8  358s
  5500  4472   81.00000   42  352          -   77.00000      -  36.8  360s
  5898  4653   83.00000   48  366          -   77.00000      -  35.4  365s
  6009  4635   90.00000   50  339          -   77.00000      -  35.0  370s
  6425  4906   98.00000   54  344          -   77.00000      -  33.9  376s
  6553  4880   95.00000   55  358          -   77.00000      -  33.6  384s
  6592  4965   95.00000   56  370          -   77.00000      -  33.6  385s
  7005  5203   99.00000   62  348          -   77.00000      -  32.7  390s
  7449  5287   95.00000   67  342          -   77.00000      -  31.5  403s
  7489  5528   95.00000   68  342          -   77.00000      -  31.6  405s
  8530  6091   95.00000   83  332          -   77.00000      -  29.9  410s
  9414  6145   99.00000   93  378          -   77.00000      -  28.3  421s
  9853  6650   95.00000  100  363          -   77.00000      -  27.8  425s
 11535  7450 infeasible  116               -   77.00336      -  25.6  431s
 12060  7276   77.00890   37  268          -   77.00336      -  25.1  441s
 12608  7953   78.00000   39  195          -   77.00336      -  24.9  445s
 14407  8675   80.04776   56  206          -   77.00336      -  23.5  452s
 15600  8713   83.00752   79  218          -   77.00336      -  22.8  472s
 16357  9548   87.00000   97  218          -   77.00336      -  22.5  477s
 17116  9633   89.00000  106  300          -   77.00336      -  22.2  480s
 18363 10526   77.27285   38  191          -   77.00561      -  22.0  485s
 19028 10543   87.00000   52  208          -   77.00561      -  21.9  501s
 19972 11940   88.00000   83  207          -   77.00561      -  21.8  507s
 20929 12129   88.00000  103  211          -   77.00561      -  21.4  510s
 22211 13410   97.00000  119  206          -   77.00561      -  21.2  516s
 23112 14180  102.00000  160  207          -   77.00561      -  21.0  520s
 24125 14146 infeasible  184               -   77.65746      -  20.8  539s
 24197 14821   81.00000   38  218          -   77.65746      -  20.9  543s
 25161 15463   86.00000   42  202          -   77.91922      -  20.8  547s
 26053 16516   91.00000   68  215          -   77.91922      -  20.6  551s
 27330 16501   92.00000  132  219          -   77.91922      -  20.3  567s
 27393 17491   91.00000  131  216          -   77.91922      -  20.4  571s
 28685 18488 infeasible  163               -   77.97850      -  20.1  576s
 29979 19954   87.00000   52  269          -   78.00000      -  19.8  597s
 31934 20707   84.00000   54  186          -   78.00000      -  19.6  601s
 33036 20711   78.00000   48  254          -   78.00000      -  19.6  626s
 33118 21760   78.03937   52  301          -   78.00000      -  19.6  631s
 34533 22818   86.00000   96  367          -   78.00000      -  19.5  637s
 35928 23998   95.00000   54  369          -   78.00000      -  19.4  642s
 37510 24986   87.00000   41  340          -   78.00000      -  19.3  647s
 38905 26250   89.00000   74  254          -   78.00000      -  19.3  653s
 40557 27670 infeasible   89               -   78.00000      -  19.1  659s
 42479 27669  168.00000  135  231          -   78.00000      -  18.9  692s
H42509 27666                     327.0000000   78.00000  76.1%  18.9  692s
 42536 27670 infeasible  134       327.00000   78.00000  76.1%  18.9  765s
H42541 27665                     123.0000000   78.00000  36.6%  18.9  765s
H42563 27663                     122.0000000   78.00000  36.1%  18.9  765s
 42592 27725     cutoff  136       122.00000   78.00000  36.1%  18.9  783s
H42710 27670                     111.0000000   78.00000  29.7%  19.0  808s
H42711 27635                     110.0000000   78.00000  29.1%  19.0  808s
H42724 27598                     109.0000000   78.00000  28.4%  19.0  808s
 42743 27683   85.00000   43  168  109.00000   78.00000  28.4%  19.0  828s
 42850 27777   85.00000   49  164  109.00000   78.00000  28.4%  19.1  841s
H42962 26882                     104.0000000   78.00000  25.0%  19.1  908s
H42964 25404                     100.0000000   78.00000  22.0%  19.1  908s
H42991 21994                      96.0000000   78.00000  18.8%  19.1  908s
 42995 21990   85.00000   53  187   96.00000   78.00000  18.8%  19.1  923s
 43198 22113   90.00000   55  187   96.00000   78.00000  18.8%  19.2  935s
 43354 22239   90.00000   59  208   96.00000   78.00000  18.8%  19.3  953s
*43486 22213             115      96.0000000   78.00000  18.7%  19.3  953s
 43530 23613   91.20000   64  168   96.00000   78.00000  18.7%  19.3  962s
 45734 24373   83.00000   67  309   96.00000   78.00000  18.7%  19.2  984s
H46199 20803                      93.0000000   78.00000  16.1%  19.2  984s
 46971 20503   83.00000   68  309   93.00000   78.00000  16.1%  19.2 1002s
 47131 21639   90.00000   70  240   93.00000   78.03937  16.1%  19.4 1012s
 48840 22936   89.02703   60  244   93.00000   78.97850  15.1%  19.5 1024s
 51177 22944   85.00000   51  270   93.00000   78.97850  15.1%  19.7 1042s
 51327 25145   85.00000   53  265   93.00000   78.97850  15.1%  19.9 1054s
 55180 25133   90.00000   61  255   93.00000   78.97850  15.1%  19.8 1070s
 55332 28042     cutoff   65        93.00000   78.97850  15.1%  19.9 1081s
 59676 28043   91.00000   64  208   93.00000   78.97850  15.1%  19.5 1100s
 59681 28046   86.00000   59  146   93.00000   78.97850  15.1%  19.5 1107s
 59683 28048   85.00000   62  255   93.00000   78.97850  15.1%  19.5 1111s
 59685 28049   87.00000   60  252   93.00000   78.97850  15.1%  19.5 1118s
 59687 28050   86.00000   71  256   93.00000   78.97850  15.1%  19.5 1125s
 59689 28052   85.00000   78  253   93.00000   78.97850  15.1%  19.5 1130s
 59692 28054   87.00000  120  352   93.00000   78.97850  15.1%  19.5 1135s
 59694 28055   91.00000   80  331   93.00000   78.97850  15.1%  19.5 1140s
H59695 26652                      92.0000000   78.97850  14.2%  19.5 1144s
 59696 26652   90.00000   98  314   92.00000   78.97850  14.2%  19.5 1145s
 59699 26654   87.00000   76  332   92.00000   78.97850  14.2%  19.5 1152s
 59701 26656   90.00000   83  237   92.00000   78.97850  14.2%  19.5 1157s
 59703 26657   82.00000   68  187   92.00000   78.97850  14.2%  19.5 1162s
 59705 26658   86.00000   92  244   92.00000   78.97850  14.2%  19.5 1167s
 59707 26660   89.00000  149  321   92.00000   78.97850  14.2%  19.5 1173s
 59708 26660   87.00000  116  397   92.00000   78.97850  14.2%  19.5 1175s
 59710 26662   91.00000   69  437   92.00000   78.97850  14.2%  19.5 1182s
 59711 26662   87.00000   54  308   92.00000   78.97850  14.2%  19.5 1187s
 59713 26664   86.00000   49  266   92.00000   78.97850  14.2%  19.5 1194s
 59714 26664   86.00000   82  391   92.00000   78.97850  14.2%  19.5 1197s
 59715 26665   92.00000   88  355   92.00000   78.97850  14.2%  19.5 1200s
 59717 26666   86.00000   68  246   92.00000   78.97850  14.2%  19.5 1206s
 59719 26668   86.00000   82  327   92.00000   78.97850  14.2%  19.5 1210s
 59722 26670   86.00000   55  492   92.00000   78.97850  14.2%  19.5 1215s
 59724 26671   84.00000   69  292   92.00000   78.97850  14.2%  19.5 1220s
H59726 25341                      92.0000000   78.97850  14.2%  21.5 1238s
 59728 25345   78.97850   42  241   92.00000   78.97850  14.2%  21.5 1245s
 59732 25351   78.97850   43  243   92.00000   78.97850  14.2%  21.5 1251s
 59740 25365   78.97850   44  235   92.00000   78.97850  14.2%  21.5 1258s
 59756 25378   78.97850   45  213   92.00000   78.97850  14.2%  21.6 1269s
 59788 25394   78.97850   46  226   92.00000   78.97850  14.2%  21.7 1279s
 59820 25411   78.97850   47  237   92.00000   78.97850  14.2%  21.7 1300s
 59852 25426   85.00000   47  240   92.00000   78.97850  14.2%  21.7 1306s
 59884 25442   78.97850   48  204   92.00000   78.97850  14.2%  21.8 1314s
 59916 25458   78.97850   48  267   92.00000   78.97850  14.2%  21.8 1322s
 59952 25473   78.97850   49  251   92.00000   78.97850  14.2%  21.8 1329s
 59987 25495   83.00000   49  232   92.00000   78.97850  14.2%  21.9 1334s
 60028 25509 infeasible   50        92.00000   78.97850  14.2%  21.9 1342s
 60067 25524   78.97850   50  286   92.00000   78.97850  14.2%  21.9 1346s
 60109 25546   78.97850   51  283   92.00000   78.97850  14.2%  21.9 1352s
 60242 25590   88.00000   52  266   92.00000   78.97850  14.2%  22.0 1360s
 60499 25672   78.97850   54  291   92.00000   78.97850  14.2%  22.0 1370s
 60665 25720   78.97850   55  286   92.00000   78.97850  14.2%  22.1 1378s
 60717 25803   78.97850   55  291   92.00000   78.97850  14.2%  22.1 1380s
 60845 25757   78.97850   56  283   92.00000   78.97850  14.2%  22.1 1397s
 60894 25756   85.00000   56  271   92.00000   78.97850  14.2%  22.2 1409s
 60935 25817   78.97850   57  302   92.00000   78.97850  14.2%  22.2 1423s
 61022 25804   84.00000   57  273   92.00000   78.97850  14.2%  22.3 1433s
 61071 25967   78.97850   58  339   92.00000   78.97850  14.2%  22.3 1436s
 61290 25904   78.97850   59  269   92.00000   78.97850  14.2%  22.3 1442s
 61345 25917   83.36363   59  286   92.00000   78.97850  14.2%  22.3 1476s
 61377 25937   78.97850   60  268   92.00000   78.97850  14.2%  22.3 1486s
 61425 25953   81.00000   61  300   92.00000   78.97850  14.2%  22.4 1498s
 61481 25984   78.97850   61  263   92.00000   78.97850  14.2%  22.4 1509s
 61548 26008   78.97850   62  297   92.00000   78.97850  14.2%  22.4 1514s
 61616 26227   78.97850   63  278   92.00000   78.97850  14.2%  22.5 1520s
 61893 26145   78.97850   65  276   92.00000   78.97850  14.2%  22.4 1528s
 61959 26410   78.97850   66  279   92.00000   78.97850  14.2%  22.5 1533s
 62298 26542   78.97850   68  276   92.00000   78.97850  14.2%  22.5 1537s
 62681 26400   83.00000   71  265   92.00000   78.97850  14.2%  22.4 1547s
 62765 26716   78.97850   72  283   92.00000   78.97850  14.2%  22.5 1551s
 63227 26541   81.00000   77  298   92.00000   78.97850  14.2%  22.5 1560s
 63312 26977   86.00000   77  291   92.00000   78.97850  14.2%  22.6 1566s
 63925 27003   81.00000   86  277   92.00000   78.97850  14.2%  22.6 1574s
 64331 26861 infeasible   93        92.00000   78.97850  14.2%  22.6 1585s
 64400 27230   83.00000   93  260   92.00000   78.97850  14.2%  22.7 1609s
 64885 27416   83.00000   99  250   92.00000   78.97850  14.2%  22.7 1631s
 65399 27211 infeasible  110        92.00000   78.97850  14.2%  22.7 1644s
 65494 27829   86.00000   78  246   92.00000   78.97850  14.2%  22.7 1677s
 66459 28158   90.00000  104  195   92.00000   78.97850  14.2%  22.7 1691s
 67443 27813   87.00000   68  270   92.00000   78.97850  14.2%  22.6 1708s
 67534 28453   87.00000   71  267   92.00000   78.97850  14.2%  22.7 1722s
 68482 28748   82.00000   67  237   92.00000   78.97850  14.2%  22.7 1740s
 69439 28382   86.00000   82  241   92.00000   78.97850  14.2%  22.7 1751s
 69538 29130 infeasible   83        92.00000   78.97850  14.2%  22.7 1766s
 70704 29372   86.00000  102  261   92.00000   78.97850  14.2%  22.7 1776s
 71812 28980 infeasible  127        92.00000   78.97850  14.2%  22.6 1786s
 71925 29728   82.00000   54  289   92.00000   78.97850  14.2%  22.7 1825s
*72207 27441             165      91.0000000   78.97850  13.2%  22.7 1825s
 74290 27067   82.00000   71  241   91.00000   78.97850  13.2%  22.6 1897s
 74377 27069 infeasible   72        91.00000   78.97850  13.2%  22.7 1910s
 74446 27082   86.00000   73  272   91.00000   78.97850  13.2%  22.8 1926s
 74514 27765   86.00000   74  272   91.00000   78.97850  13.2%  22.8 2014s
 75885 27969   82.00000   77  277   91.00000   78.97850  13.2%  22.8 2230s
 77283 28033   90.00000  125  177   91.00000   78.97850  13.2%  22.7 2289s
 78296 27611   89.00000   82  285   91.00000   78.97850  13.2%  22.7 2362s
 78437 28425   89.00000   83  283   91.00000   78.97850  13.2%  22.8 2572s
 79684 27937 infeasible   90        91.00000   78.97850  13.2%  22.7 2598s
 79819 28952   86.00000   89  278   91.00000   78.97850  13.2%  22.8 2816s
 81603 29160   89.80000   92  197   91.00000   78.97850  13.2%  22.7 2875s
 83357 28513     cutoff  105        91.00000   79.00000  13.2%  22.6 2916s
 83471 29605   79.00000  105  363   91.00000   79.00000  13.2%  22.7 3225s
 85684 29700   89.00000   74  321   91.00000   79.00000  13.2%  22.6 3477s
 87191 29113 infeasible  111        91.00000   79.00000  13.2%  22.5 3739s
 87205 29109 infeasible  118        91.00000   79.00000  13.2%  22.5 3740s

Cutting planes:
  Gomory: 3
  Cover: 25
  Implied bound: 2
  Clique: 27
  MIR: 20
  StrongCG: 2
  Flow cover: 102
  Zero half: 6
  RLT: 7
  Relax-and-lift: 158

Explored 87315 nodes (2245335 simplex iterations) in 3901.96 seconds (109.51 work units)
Thread count was 32 (of 32 available processors)

Solution count 10: 91 92 92 ... 110

Time limit reached
Best objective 9.100000000000e+01, best bound 7.900000000000e+01, gap 13.1868%

Wrote result file 'RCPSP_685.sol'

