
Gurobi 10.0.3 (linux64, gurobi_cl) logging started Thu Nov  9 12:09:46 2023

Set parameter Username
Set parameter TimeLimit to value 3600
Set parameter LogFile to value "RCPSP_1347.log"
Set parameter Threads to value 32
Academic license - for non-commercial use only - expires 2024-11-06
Using license file /home/jrivera6/gurobi-licenses/v1003/compute-0-36/gurobi.lic

Gurobi Optimizer version 10.0.3 build v10.0.3rc0 (linux64)
Copyright (c) 2023, Gurobi Optimization, LLC

Read MPS format model from file RCPSP_1347.mps
Reading time = 0.10 seconds
RCPSP_1347: 42975 rows, 17020 columns, 142890 nonzeros

CPU model: Intel(R) Xeon(R) Gold 6130 CPU @ 2.10GHz, instruction set [SSE2|AVX|AVX2|AVX512]
Thread count: 32 physical cores, 32 logical processors, using up to 32 threads

Optimize a model with 42975 rows, 17020 columns and 142890 nonzeros
Model fingerprint: 0x6ba951c9
Variable types: 92 continuous, 16928 integer (16928 binary)
Coefficient statistics:
  Matrix range     [1e+00, 5e+02]
  Objective range  [1e+00, 1e+00]
  Bounds range     [1e+00, 1e+00]
  RHS range        [1e+00, 5e+02]
Presolve removed 8223 rows and 2252 columns
Presolve time: 4.38s
Presolved: 34752 rows, 14768 columns, 119590 nonzeros
Variable types: 91 continuous, 14677 integer (14677 binary)

Deterministic concurrent LP optimizer: primal and dual simplex (primal and dual model)
Showing first log only...

Root relaxation presolved: 34752 rows, 14768 columns, 119590 nonzeros


Root simplex log...

Iteration    Objective       Primal Inf.    Dual Inf.      Time
       0    8.5185531e+01   4.277143e-03   1.731738e+08      8s
    2003    8.5000000e+01   0.000000e+00   0.000000e+00      9s
Concurrent spin time: 0.32s

Solved with dual simplex (dual model)

Root relaxation: objective 8.500000e+01, 16397 iterations, 4.21 seconds (0.12 work units)
Total elapsed time = 10.31s

    Nodes    |    Current Node    |     Objective Bounds      |     Work
 Expl Unexpl |  Obj  Depth IntInf | Incumbent    BestBd   Gap | It/Node Time

     0     0   85.00000    0    2          -   85.00000      -     -   11s
H    0     0                      86.0000000   85.00000  1.16%     -   15s
H    0     0                      85.0000000   85.00000  0.00%     -   18s

Cutting planes:
  Gomory: 1

Explored 1 nodes (21589 simplex iterations) in 18.26 seconds (4.15 work units)
Thread count was 32 (of 32 available processors)

Solution count 2: 85 86 

Optimal solution found (tolerance 1.00e-04)
Best objective 8.500000000000e+01, best bound 8.500000000000e+01, gap 0.0000%

Wrote result file 'RCPSP_1347.sol'

