
Gurobi 10.0.3 (linux64, gurobi_cl) logging started Fri Nov 10 17:26:42 2023

Set parameter Username
Set parameter TimeLimit to value 3600
Set parameter LogFile to value "RCPSP_1524.log"
Set parameter Threads to value 32
Academic license - for non-commercial use only - expires 2024-11-06
Using license file /home/jrivera6/gurobi-licenses/v1003/compute-0-36/gurobi.lic

Gurobi Optimizer version 10.0.3 build v10.0.3rc0 (linux64)
Copyright (c) 2023, Gurobi Optimization, LLC

Read MPS format model from file RCPSP_1524.mps
Reading time = 1.04 seconds
RCPSP_1524: 75214 rows, 29890 columns, 251629 nonzeros

CPU model: Intel(R) Xeon(R) Gold 6130 CPU @ 2.10GHz, instruction set [SSE2|AVX|AVX2|AVX512]
Thread count: 32 physical cores, 32 logical processors, using up to 32 threads

Optimize a model with 75214 rows, 29890 columns and 251629 nonzeros
Model fingerprint: 0xab63ca16
Variable types: 122 continuous, 29768 integer (29768 binary)
Coefficient statistics:
  Matrix range     [1e+00, 7e+02]
  Objective range  [1e+00, 1e+00]
  Bounds range     [1e+00, 1e+00]
  RHS range        [1e+00, 7e+02]
Presolve removed 10830 rows and 1449 columns (presolve time = 5s) ...
Presolve removed 11988 rows and 2135 columns
Presolve time: 7.41s
Presolved: 63226 rows, 27755 columns, 221715 nonzeros
Variable types: 121 continuous, 27634 integer (27634 binary)

Deterministic concurrent LP optimizer: primal and dual simplex (primal and dual model)
Showing first log only...

Root relaxation presolved: 63226 rows, 27755 columns, 221715 nonzeros


Root simplex log...

Iteration    Objective       Primal Inf.    Dual Inf.      Time
       0    8.4440789e+01   2.302081e-02   3.667324e+08     11s
    4817    8.0000000e+01   0.000000e+00   0.000000e+00     13s
Concurrent spin time: 1.81s

Solved with dual simplex (dual model)

Root relaxation: objective 8.000000e+01, 31095 iterations, 6.22 seconds (0.52 work units)
Total elapsed time = 22.12s
Total elapsed time = 26.14s

    Nodes    |    Current Node    |     Objective Bounds      |     Work
 Expl Unexpl |  Obj  Depth IntInf | Incumbent    BestBd   Gap | It/Node Time

     0     0   80.00000    0  287          -   80.00000      -     -   33s
     0     0   80.00000    0 1498          -   80.00000      -     -  310s
     0     0   80.00000    0 1449          -   80.00000      -     -  312s
     0     0   80.00000    0 1448          -   80.00000      -     -  312s
     0     0   80.00000    0 2174          -   80.00000      -     -  321s
     0     0   80.00000    0 2066          -   80.00000      -     -  322s
     0     0   80.00000    0  286          -   80.00000      -     -  360s
     0     0   80.00000    0  438          -   80.00000      -     -  363s
     0     0   80.00000    0  438          -   80.00000      -     -  365s
     0     0   80.00000    0  434          -   80.00000      -     -  365s
     0     0   80.00000    0  245          -   80.00000      -     -  391s
     0     0   80.00000    0  690          -   80.00000      -     -  403s
     0     0   80.00000    0  686          -   80.00000      -     -  403s
     0     0   80.00000    0  429          -   80.00000      -     -  449s
     0     0   80.00000    0  425          -   80.00000      -     -  449s
     0     0   80.00000    0 1908          -   80.00000      -     -  459s
     0     0   80.00000    0 1908          -   80.00000      -     -  460s
     0     0   80.00000    0 1906          -   80.00000      -     -  460s
     0     0   80.00000    0  389          -   80.00000      -     -  503s
     0     0   80.00000    0 1170          -   80.00000      -     -  512s
     0     0   80.00000    0  390          -   80.00000      -     -  538s
     0     0   80.00000    0  390          -   80.00000      -     -  539s
     0     0   80.00000    0  384          -   80.00000      -     -  539s
     0     0   80.00000    0  249          -   80.00000      -     -  546s
     0     2   80.00000    0  249          -   80.00000      -     -  641s
     1     4   80.00000    1  251          -   80.00000      -  2775  659s
     3     8   80.00000    2  251          -   80.00000      -  1146  676s
     7    16   80.00000    3  809          -   80.00000      -   707 3419s
     8    16   86.00000    3 1251          -   80.00000      -   854 3504s

Cutting planes:
  Gomory: 15
  Cover: 75
  Implied bound: 151
  Clique: 1
  MIR: 1100
  StrongCG: 3
  RLT: 694
  Relax-and-lift: 376

Explored 15 nodes (182137 simplex iterations) in 4487.63 seconds (72.17 work units)
Thread count was 32 (of 32 available processors)

Solution count 0

Time limit reached
Best objective -, best bound 8.000000000000e+01, gap -

Unable to retrieve attribute 'X'

