
Gurobi 10.0.3 (linux64, gurobi_cl) logging started Thu Nov  2 11:33:56 2023

Set parameter Username
Set parameter TimeLimit to value 3600
Set parameter LogFile to value "RCPSP_226.log"
Set parameter Threads to value 32
Academic license - for non-commercial use only - expires 2024-10-30
Using license file /home/jrivera6/gurobi-licenses/v1003/compute-0-39/gurobi.lic

Gurobi Optimizer version 10.0.3 build v10.0.3rc0 (linux64)
Copyright (c) 2023, Gurobi Optimization, LLC

Read MPS format model from file RCPSP_226.mps
Reading time = 0.01 seconds
RCPSP_226: 5339 rows, 2080 columns, 17054 nonzeros

CPU model: Intel(R) Xeon(R) Gold 6242 CPU @ 2.80GHz, instruction set [SSE2|AVX|AVX2|AVX512]
Thread count: 32 physical cores, 32 logical processors, using up to 32 threads

Optimize a model with 5339 rows, 2080 columns and 17054 nonzeros
Model fingerprint: 0xf1191119
Variable types: 32 continuous, 2048 integer (2048 binary)
Coefficient statistics:
  Matrix range     [1e+00, 2e+02]
  Objective range  [1e+00, 1e+00]
  Bounds range     [1e+00, 1e+00]
  RHS range        [1e+00, 2e+02]
Presolve removed 2852 rows and 1087 columns
Presolve time: 0.20s
Presolved: 2487 rows, 993 columns, 8036 nonzeros
Variable types: 31 continuous, 962 integer (962 binary)

Root relaxation: objective 4.700000e+01, 357 iterations, 0.00 seconds (0.00 work units)

    Nodes    |    Current Node    |     Objective Bounds      |     Work
 Expl Unexpl |  Obj  Depth IntInf | Incumbent    BestBd   Gap | It/Node Time

     0     0   47.00000    0    3          -   47.00000      -     -    0s
H    0     0                      50.0000000   47.00000  6.00%     -    0s
     0     0   47.50000    0   29   50.00000   47.50000  5.00%     -    0s
     0     0   48.00000    0    4   50.00000   48.00000  4.00%     -    3s
H    0     0                      49.9999970   48.00000  4.00%     -    3s
H    0     0                      49.0000000   48.00000  2.04%     -    4s
H    0     0                      48.0000000   48.00000  0.00%     -    4s

Cutting planes:
  MIR: 1
  StrongCG: 1
  GUB cover: 1

Explored 1 nodes (1764 simplex iterations) in 4.21 seconds (0.33 work units)
Thread count was 32 (of 32 available processors)

Solution count 4: 48 49 50 50 

Optimal solution found (tolerance 1.00e-04)
Best objective 4.800000000000e+01, best bound 4.800000000000e+01, gap 0.0000%

Wrote result file 'RCPSP_226.sol'

