
Gurobi 10.0.3 (linux64, gurobi_cl) logging started Thu Nov  2 11:46:01 2023

Set parameter Username
Set parameter TimeLimit to value 3600
Set parameter LogFile to value "RCPSP_910.log"
Set parameter Threads to value 32
Academic license - for non-commercial use only - expires 2024-10-30
Using license file /home/jrivera6/gurobi-licenses/v1003/compute-0-35/gurobi.lic

Gurobi Optimizer version 10.0.3 build v10.0.3rc0 (linux64)
Copyright (c) 2023, Gurobi Optimization, LLC

Read MPS format model from file RCPSP_910.mps
Reading time = 0.03 seconds
RCPSP_910: 19662 rows, 7750 columns, 68337 nonzeros

CPU model: Intel(R) Xeon(R) Gold 6130 CPU @ 2.10GHz, instruction set [SSE2|AVX|AVX2|AVX512]
Thread count: 32 physical cores, 32 logical processors, using up to 32 threads

Optimize a model with 19662 rows, 7750 columns and 68337 nonzeros
Model fingerprint: 0x37070d20
Variable types: 62 continuous, 7688 integer (7688 binary)
Coefficient statistics:
  Matrix range     [1e+00, 3e+02]
  Objective range  [1e+00, 1e+00]
  Bounds range     [1e+00, 1e+00]
  RHS range        [1e+00, 3e+02]
Presolve removed 9474 rows and 3633 columns
Presolve time: 4.67s
Presolved: 10188 rows, 4117 columns, 36240 nonzeros
Variable types: 61 continuous, 4056 integer (4056 binary)

Root relaxation: objective 7.800000e+01, 1382 iterations, 0.02 seconds (0.01 work units)

    Nodes    |    Current Node    |     Objective Bounds      |     Work
 Expl Unexpl |  Obj  Depth IntInf | Incumbent    BestBd   Gap | It/Node Time

     0     0   78.00000    0    6          -   78.00000      -     -    4s
     0     0   78.00000    0   26          -   78.00000      -     -    7s
     0     0   78.00000    0   22          -   78.00000      -     -    8s
     0     0   78.00000    0   78          -   78.00000      -     -    8s
     0     0   78.00000    0    4          -   78.00000      -     -    9s
     0     0   78.00000    0    2          -   78.00000      -     -   10s
H    0     0                      78.0000000   78.00000  0.00%     -   10s
     0     0   78.00000    0   18   78.00000   78.00000  0.00%     -   10s

Cutting planes:
  Cover: 1
  Implied bound: 18
  MIR: 13
  RLT: 8
  Relax-and-lift: 7

Explored 1 nodes (6410 simplex iterations) in 10.96 seconds (3.80 work units)
Thread count was 32 (of 32 available processors)

Solution count 1: 78 

Optimal solution found (tolerance 1.00e-04)
Best objective 7.800000000000e+01, best bound 7.800000000000e+01, gap 0.0000%

Wrote result file 'RCPSP_910.sol'

