
Gurobi 10.0.3 (linux64, gurobi_cl) logging started Thu Nov  9 11:47:15 2023

Set parameter Username
Set parameter TimeLimit to value 3600
Set parameter LogFile to value "RCPSP_1024.log"
Set parameter Threads to value 32
Academic license - for non-commercial use only - expires 2024-10-30
Using license file /home/jrivera6/gurobi-licenses/v1003/compute-0-34/gurobi.lic

Gurobi Optimizer version 10.0.3 build v10.0.3rc0 (linux64)
Copyright (c) 2023, Gurobi Optimization, LLC

Read MPS format model from file RCPSP_1024.mps
Reading time = 0.16 seconds
RCPSP_1024: 42919 rows, 17020 columns, 142834 nonzeros

CPU model: Intel(R) Xeon(R) Gold 6130 CPU @ 2.10GHz, instruction set [SSE2|AVX|AVX2|AVX512]
Thread count: 32 physical cores, 32 logical processors, using up to 32 threads

Optimize a model with 42919 rows, 17020 columns and 142834 nonzeros
Model fingerprint: 0x9fb794f7
Variable types: 92 continuous, 16928 integer (16928 binary)
Coefficient statistics:
  Matrix range     [1e+00, 5e+02]
  Objective range  [1e+00, 1e+00]
  Bounds range     [1e+00, 1e+00]
  RHS range        [1e+00, 5e+02]
Presolve removed 7442 rows and 1751 columns
Presolve time: 3.04s
Presolved: 35477 rows, 15269 columns, 122928 nonzeros
Variable types: 91 continuous, 15178 integer (15178 binary)

Deterministic concurrent LP optimizer: primal and dual simplex (primal and dual model)
Showing first log only...

Root relaxation presolved: 35477 rows, 15269 columns, 122928 nonzeros

Concurrent spin time: 1.57s

Solved with primal simplex (primal model)

Root relaxation: objective 8.600000e+01, 2732 iterations, 2.78 seconds (0.14 work units)

    Nodes    |    Current Node    |     Objective Bounds      |     Work
 Expl Unexpl |  Obj  Depth IntInf | Incumbent    BestBd   Gap | It/Node Time

H    0     0                      86.0000000   86.00000  0.00%     -    8s
     0     0   86.00000    0    2   86.00000   86.00000  0.00%     -    8s

Explored 1 nodes (4755 simplex iterations) in 8.14 seconds (2.20 work units)
Thread count was 32 (of 32 available processors)

Solution count 1: 86 

Optimal solution found (tolerance 1.00e-04)
Best objective 8.600000000000e+01, best bound 8.600000000000e+01, gap 0.0000%

Wrote result file 'RCPSP_1024.sol'

