
Gurobi 10.0.3 (linux64, gurobi_cl) logging started Fri Nov 10 19:06:33 2023

Set parameter Username
Set parameter TimeLimit to value 3600
Set parameter LogFile to value "RCPSP_1697.log"
Set parameter Threads to value 32
Academic license - for non-commercial use only - expires 2024-11-06
Using license file /home/jrivera6/gurobi-licenses/v1003/compute-0-36/gurobi.lic

Gurobi Optimizer version 10.0.3 build v10.0.3rc0 (linux64)
Copyright (c) 2023, Gurobi Optimization, LLC

Read MPS format model from file RCPSP_1697.mps
Reading time = 2.11 seconds
RCPSP_1697: 75251 rows, 29890 columns, 251666 nonzeros

CPU model: Intel(R) Xeon(R) Gold 6130 CPU @ 2.10GHz, instruction set [SSE2|AVX|AVX2|AVX512]
Thread count: 32 physical cores, 32 logical processors, using up to 32 threads

Optimize a model with 75251 rows, 29890 columns and 251666 nonzeros
Model fingerprint: 0x3144bca1
Variable types: 122 continuous, 29768 integer (29768 binary)
Coefficient statistics:
  Matrix range     [1e+00, 6e+02]
  Objective range  [1e+00, 1e+00]
  Bounds range     [1e+00, 1e+00]
  RHS range        [1e+00, 6e+02]
Presolve removed 17435 rows and 4285 columns (presolve time = 5s) ...
Presolve removed 17435 rows and 4285 columns (presolve time = 10s) ...
Presolve removed 20898 rows and 5448 columns
Presolve time: 11.46s
Presolved: 54353 rows, 24442 columns, 188433 nonzeros
Variable types: 121 continuous, 24321 integer (24321 binary)

Deterministic concurrent LP optimizer: primal and dual simplex (primal and dual model)
Showing first log only...

Root relaxation presolved: 54348 rows, 24447 columns, 188423 nonzeros


Root simplex log...

Iteration    Objective       Primal Inf.    Dual Inf.      Time
       0    8.5059257e+01   2.041972e-02   3.564805e+08     40s
    3569    8.3000000e+01   0.000000e+00   0.000000e+00     41s
    3569    8.3000000e+01   0.000000e+00   0.000000e+00     42s
Concurrent spin time: 1.73s

Solved with dual simplex (primal model)

Root relaxation: objective 8.300000e+01, 8187 iterations, 31.29 seconds (0.41 work units)
Total elapsed time = 49.08s
Total elapsed time = 50.34s

    Nodes    |    Current Node    |     Objective Bounds      |     Work
 Expl Unexpl |  Obj  Depth IntInf | Incumbent    BestBd   Gap | It/Node Time

     0     0   83.00000    0  772          -   83.00000      -     -   71s
     0     0   90.00000    0  685          -   90.00000      -     -   71s
     0     0   90.28571    0 1373          -   90.28571      -     -  106s
     0     0   90.28571    0 1441          -   90.28571      -     -  111s
     0     0   90.28571    0 1374          -   90.28571      -     -  115s
     0     0   90.28571    0 1365          -   90.28571      -     -  115s
     0     0   90.28571    0 1365          -   90.28571      -     -  115s
     0     0   90.28571    0 1452          -   90.28571      -     -  117s
     0     0   90.28571    0 1357          -   90.28571      -     -  119s
     0     0   90.28571    0 1363          -   90.28571      -     -  119s
     0     0   90.28571    0 1485          -   90.28571      -     -  171s
     0     0   90.28571    0 1466          -   90.28571      -     -  174s
     0     0   90.28571    0 1398          -   90.28571      -     -  176s
     0     0   90.28571    0 1396          -   90.28571      -     -  176s
     0     0   91.08971    0 1678          -   91.08971      -     -  206s
     0     0   91.08971    0 1493          -   91.08971      -     -  208s
     0     0   91.08971    0 1484          -   91.08971      -     -  209s
     0     0   91.08971    0 1484          -   91.08971      -     -  209s
     0     0   91.08971    0 1484          -   91.08971      -     -  209s
     0     0   91.08971    0 1484          -   91.08971      -     -  209s
     0     0   92.00000    0 1714          -   92.00000      -     -  229s
     0     0   92.00000    0 1671          -   92.00000      -     -  231s
     0     0   92.00000    0 1668          -   92.00000      -     -  232s
     0     0   92.00000    0 1665          -   92.00000      -     -  232s
     0     0   92.63889    0 1694          -   92.63889      -     -  236s
     0     0   92.63889    0 1643          -   92.63889      -     -  238s
     0     0   92.63889    0 1589          -   92.63889      -     -  240s
     0     0   92.63889    0 1480          -   92.63889      -     -  241s
     0     0   92.63889    0 1472          -   92.63889      -     -  241s
     0     0   92.63889    0 1589          -   92.63889      -     -  251s
     0     0   92.63889    0 1646          -   92.63889      -     -  255s
     0     0   92.63889    0 1631          -   92.63889      -     -  256s
     0     0   93.50370    0 1700          -   93.50370      -     -  274s
     0     0   93.50370    0 1694          -   93.50370      -     -  275s
     0     0   93.51228    0 1818          -   93.51228      -     -  284s
     0     0   93.51228    0 1697          -   93.51228      -     -  287s
     0     0   93.51228    0 1673          -   93.51228      -     -  288s
     0     0   93.51228    0 1668          -   93.51228      -     -  288s
     0     0   93.51228    0 1557          -   93.51228      -     -  299s
     0     0   93.51228    0 1666          -   93.51228      -     -  301s
     0     0   93.51228    0 1489          -   93.51228      -     -  302s
     0     0   93.51228    0 1488          -   93.51228      -     -  302s
     0     0   94.04038    0 1654          -   94.04038      -     -  326s
     0     0   94.04038    0 1604          -   94.04038      -     -  327s
     0     0   94.38725    0 1560          -   94.38725      -     -  339s
     0     0   94.38725    0 1583          -   94.38725      -     -  340s
     0     0   94.38725    0 1552          -   94.38725      -     -  344s
     0     0   94.38725    0  530          -   94.38725      -     -  446s
     0     0   94.38725    0 1338          -   94.38725      -     -  481s
     0     0   94.38725    0 1386          -   94.38725      -     -  484s
     0     0   94.38725    0 1350          -   94.38725      -     -  485s
     0     0   94.39256    0 1172          -   94.39256      -     -  487s
     0     0   94.39256    0 1170          -   94.39256      -     -  487s
     0     0   96.02180    0 1457          -   96.02180      -     -  494s
     0     0   96.02180    0 1403          -   96.02180      -     -  496s
     0     0   96.02180    0 1403          -   96.02180      -     -  497s
     0     0   96.02180    0 1401          -   96.02180      -     -  497s
     0     0  100.33673    0 1470          -  100.33673      -     -  521s
     0     0  100.33673    0 1445          -  100.33673      -     -  522s
     0     0  100.33673    0 1296          -  100.33673      -     -  529s
     0     0  100.33673    0 1485          -  100.33673      -     -  548s
     0     0  100.33673    0 1346          -  100.33673      -     -  551s
     0     0  100.33673    0 1238          -  100.33673      -     -  554s
     0     0  100.33673    0 1241          -  100.33673      -     -  556s
     0     0  100.33673    0 1222          -  100.33673      -     -  556s
     0     0  100.33673    0 1120          -  100.33673      -     -  569s
     0     0  100.33673    0 1294          -  100.33673      -     -  571s
     0     0  100.33673    0 1280          -  100.33673      -     -  571s
     0     0  100.33673    0 1361          -  100.33673      -     -  590s
     0     0  100.33673    0 1247          -  100.33673      -     -  593s
     0     0  100.33673    0 1321          -  100.33673      -     -  595s
     0     0  100.33673    0 1318          -  100.33673      -     -  596s
     0     0  100.33673    0 1198          -  100.33673      -     -  614s
     0     0  100.33673    0 1125          -  100.33673      -     -  616s
     0     0  100.33673    0 1084          -  100.33673      -     -  616s
     0     0  100.33673    0  499          -  100.33673      -     -  646s
     0     0  100.33673    0  499          -  100.33673      -     -  647s
     0     0  100.33673    0  829          -  100.33673      -     -  658s
     0     0  100.33673    0  827          -  100.33673      -     -  658s
     0     0  100.33673    0  825          -  100.33673      -     -  658s
     0     0  100.33673    0  584          -  100.33673      -     -  675s
     0     0  100.33673    0  577          -  100.33673      -     -  675s
     0     0  100.33673    0  967          -  100.33673      -     -  678s
     0     0  100.33673    0  794          -  100.33673      -     -  680s
     0     0  100.33673    0  901          -  100.33673      -     -  682s
     0     0  100.33673    0  853          -  100.33673      -     -  683s
     0     0  100.33673    0  826          -  100.33673      -     -  683s
     0     0  100.36851    0  947          -  100.36851      -     -  707s
     0     0  100.37962    0 1432          -  100.37962      -     -  737s
     0     0  100.38037    0 1488          -  100.38037      -     -  739s
     0     0  100.38037    0 1432          -  100.38037      -     -  739s
     0     0  100.38808    0 1313          -  100.38808      -     -  742s
     0     0  100.38808    0 1383          -  100.38808      -     -  744s
     0     0  100.38808    0 1355          -  100.38808      -     -  744s
     0     0  100.39074    0 1443          -  100.39074      -     -  745s
     0     0  100.39074    0 1436          -  100.39074      -     -  746s
     0     0  100.39074    0 1366          -  100.39074      -     -  746s
     0     0  100.45969    0 1532          -  100.45969      -     -  753s
     0     0  100.45969    0 1540          -  100.45969      -     -  755s
     0     0  100.45969    0 1572          -  100.45969      -     -  757s
     0     0  100.45969    0 1568          -  100.45969      -     -  757s
     0     0  100.52584    0 1507          -  100.52584      -     -  761s
     0     0  100.52584    0 1330          -  100.52584      -     -  762s
     0     0  100.52584    0 1328          -  100.52584      -     -  762s
     0     0  100.61900    0 1249          -  100.61900      -     -  766s
     0     0  100.61900    0 1203          -  100.61900      -     -  766s
     0     0  100.61900    0 1480          -  100.61900      -     -  771s
     0     0  100.61900    0 1341          -  100.61900      -     -  773s
     0     0  100.61900    0 1337          -  100.61900      -     -  773s
     0     0  101.08227    0 1456          -  101.08227      -     -  783s
     0     0  101.08227    0 1395          -  101.08227      -     -  783s
     0     0  101.08227    0 1407          -  101.08227      -     -  785s
     0     0  101.08227    0 1398          -  101.08227      -     -  786s
     0     0  101.23427    0 1679          -  101.23427      -     -  794s
     0     0  101.23427    0 1682          -  101.23427      -     -  794s
     0     0  101.23427    0 1522          -  101.23427      -     -  801s
     0     0  101.23427    0 1410          -  101.23427      -     -  802s
     0     0  101.93627    0 1513          -  101.93627      -     -  809s
     0     0  101.93627    0 1500          -  101.93627      -     -  809s
     0     0  101.93627    0 1598          -  101.93627      -     -  813s
     0     0  101.93627    0 1598          -  101.93627      -     -  814s
     0     0  102.22099    0 1526          -  102.22099      -     -  820s
     0     0  102.22099    0 1429          -  102.22099      -     -  820s
     0     0  102.22691    0 1434          -  102.22691      -     -  824s
     0     0  102.22691    0 1394          -  102.22691      -     -  826s
     0     0  102.22691    0 1371          -  102.22691      -     -  826s
     0     0  102.22823    0 1413          -  102.22823      -     -  829s
     0     0  102.22823    0 1378          -  102.22823      -     -  830s
     0     0  102.22823    0 1329          -  102.22823      -     -  832s
     0     0  102.22823    0 1348          -  102.22823      -     -  833s
     0     0  102.28825    0 1573          -  102.28825      -     -  841s
     0     0  102.28825    0 1514          -  102.28825      -     -  845s
     0     0  102.28825    0 1401          -  102.28825      -     -  845s
     0     0  102.28825    0 1511          -  102.28825      -     -  862s
     0     0  102.28825    0 1490          -  102.28825      -     -  862s
     0     0  102.28825    0 1597          -  102.28825      -     -  872s
     0     0  102.28825    0 1416          -  102.28825      -     -  872s
     0     0  102.28825    0 1477          -  102.28825      -     -  879s
     0     0  102.28825    0 1385          -  102.28825      -     -  879s
     0     0  102.34901    0  875          -  102.34901      -     -  903s
     0     0  102.34901    0  870          -  102.34901      -     -  904s
     0     0  102.35276    0 1371          -  102.35276      -     -  917s
     0     0  102.35276    0 1164          -  102.35276      -     -  922s
     0     0  102.35276    0 1159          -  102.35276      -     -  922s
     0     0  102.60738    0 1222          -  102.60738      -     -  931s
     0     0  102.61801    0 1284          -  102.61801      -     -  936s
     0     0  102.61801    0 1330          -  102.61801      -     -  944s
     0     0  102.61801    0 1241          -  102.61801      -     -  945s
     0     0  102.61801    0 1249          -  102.61801      -     -  952s
     0     0  102.61801    0 1290          -  102.61801      -     -  957s
     0     0  102.61801    0 1287          -  102.61801      -     -  958s
     0     0  102.61801    0 1307          -  102.61801      -     -  968s
     0     0  102.61801    0 1303          -  102.61801      -     -  969s
     0     0  102.61801    0 1196          -  102.61801      -     -  972s
     0     0  102.61801    0 1210          -  102.61801      -     -  972s
     0     0  102.61801    0 1193          -  102.61801      -     -  972s
     0     0  102.61801    0  737          -  102.61801      -     -  990s
     0     0  102.61801    0  735          -  102.61801      -     -  991s
     0     0  102.61801    0  735          -  102.61801      -     -  991s
     0     0  102.61801    0  944          -  102.61801      -     -  994s
     0     0  102.61801    0  906          -  102.61801      -     -  994s
     0     0  102.61801    0  884          -  102.61801      -     - 1008s
     0     0  102.61801    0  537          -  102.61801      -     - 1023s
     0     2  102.61801    0  376          -  102.61801      -     - 1060s
     1     5  104.27778    1  515          -  103.33387      -  3320 1068s
     3     8  104.32162    2  515          -  104.32162      -  1251 1076s
     7    16  104.81057    3  529          -  104.32162      -   655 1180s
    15    32  104.81057    4  530          -  104.81057      -   366 1232s
    31    62  108.76672    5 1113          -  108.27778      -   292 1756s
    63    92  114.76672    6 1084          -  108.76672      -  1474 1790s
    95   121  114.76672    7 1088          -  110.65344      -  1100 1871s
   127   147  114.76672    8 1033          -  110.65344      -   863 1878s
   159   173  114.76672    9  985          -  110.65344      -   704 1888s
   191   205  114.76672   10  985          -  110.65344      -   611 1900s
   229   240  114.76672   11  976          -  110.65344      -   535 1910s
   269   276  114.76672   12  970          -  110.65344      -   472 1924s
   314   318  114.76672   13  978          -  110.65344      -   421 1940s
   363   361  114.76672   14  947          -  110.65344      -   381 1964s
   416   404  114.76672   15 1037          -  110.65344      -   345 1982s
   466   453  114.99735   16 1154          -  110.65344      -   325 2063s
   522   508  114.76672   16 1122          -  110.65344      -   303 2094s
   578   551  114.76672   17  967          -  110.65344      -   298 2137s
   628   610  114.76672   18  954          -  110.65344      -   295 2153s
   692   668  114.76672   20  963          -  110.65344      -   286 2194s
   755   743  114.76672   22  972          -  110.65344      -   276 2218s
   833   824  114.76672   24  964          -  110.65344      -   265 2238s
   919   908  114.76672   26  968          -  110.65344      -   254 2252s
  1005   979 infeasible   29               -  110.65344      -   240 2310s
  1083  1058  121.65344    8 1141          -  110.65344      -   236 2328s
  1162  1134  124.97935    9 1060          -  110.65344      -   231 2393s
  1238  1237  124.97935   10 1060          -  110.65344      -   228 2472s
  1344  1324  124.97935   13 1018          -  110.65344      -   222 2487s
  1432  1404  124.97935   15 1011          -  110.65344      -   218 2507s
  1512  1491  126.00000   16 1052          -  110.65344      -   220 2522s
  1603  1638  126.00000   17 1054          -  110.65344      -   218 2559s
  1753  1804  126.00000   26  976          -  110.65344      -   207 2576s
  1922  2040  126.00000   33  929          -  110.65344      -   195 2629s
  2167  2344  126.00000   46  939          -  110.65344      -   179 2655s
  2484  2649  126.50000   49  933          -  110.65344      -   164 2679s
  2810  2904  130.00000   52  806          -  110.65344      -   152 2697s
  3092  3123  130.00000   64  852          -  110.65344      -   147 2723s
  3337  3193  130.00000   65 1210          -  110.65344      -   144 2783s
  3410  3323  130.49793   64 1674          -  110.65344      -   151 2811s
  3548  3535  130.00000   67 1210          -  110.65344      -   155 2871s
  3772  3747  130.00000   82  994          -  110.65344      -   154 2971s
  4015  4014  130.00000   96 1019          -  110.65344      -   152 2996s
  4317  4341  130.00000  115 1001          -  110.65344      -   149 3031s
  4684  4644  130.00000  129  971          -  110.65344      -   144 3060s
  5048  4829  130.00000  148  968          -  110.65344      -   141 3096s
  5289  5034  130.00000  168 1033          -  110.65344      -   144 3128s
  5551  5354  130.00000  177  962          -  110.65344      -   145 3164s
  5954  5686 infeasible  197               -  110.65344      -   143 3198s
  6353  5948  120.65423   11 1177          -  110.65344      -   141 3233s
  6660  6328  124.65423   12 1028          -  110.65344      -   142 3277s
  7119  6726  124.65423   13  959          -  110.65344      -   139 3314s
  7571  7193  129.00000   34  925          -  110.65344      -   137 3349s
  8085  7672  129.00000   66 1086          -  110.65344      -   134 3415s
  8649  8113  129.00000   89 1171          -  110.65344      -   132 3475s
  9184  8860  133.00000  109  945          -  110.65344      -   130 3540s
 10021  9634 infeasible  144               -  110.65344      -   125 3604s
 10504  9634  130.00000   74 1020          -  110.65344      -   123 3605s

Cutting planes:
  Learned: 6
  Gomory: 9
  Cover: 173
  Implied bound: 128
  Clique: 19
  MIR: 1566
  StrongCG: 18
  Inf proof: 3
  Zero half: 10
  RLT: 633
  Relax-and-lift: 59

Explored 10903 nodes (1602671 simplex iterations) in 3605.96 seconds (255.12 work units)
Thread count was 32 (of 32 available processors)

Solution count 0

Time limit reached
Best objective -, best bound 1.106534385262e+02, gap -

Unable to retrieve attribute 'X'

