
Gurobi 10.0.3 (linux64, gurobi_cl) logging started Fri Nov 10 18:50:53 2023

Set parameter Username
Set parameter TimeLimit to value 3600
Set parameter LogFile to value "RCPSP_1687.log"
Set parameter Threads to value 32
Academic license - for non-commercial use only - expires 2024-11-06
Using license file /home/jrivera6/gurobi-licenses/v1003/compute-0-36/gurobi.lic

Gurobi Optimizer version 10.0.3 build v10.0.3rc0 (linux64)
Copyright (c) 2023, Gurobi Optimization, LLC

Read MPS format model from file RCPSP_1687.mps
Reading time = 0.13 seconds
RCPSP_1687: 75251 rows, 29890 columns, 237025 nonzeros

CPU model: Intel(R) Xeon(R) Gold 6130 CPU @ 2.10GHz, instruction set [SSE2|AVX|AVX2|AVX512]
Thread count: 32 physical cores, 32 logical processors, using up to 32 threads

Optimize a model with 75251 rows, 29890 columns and 237025 nonzeros
Model fingerprint: 0x0eec58ce
Variable types: 122 continuous, 29768 integer (29768 binary)
Coefficient statistics:
  Matrix range     [1e+00, 7e+02]
  Objective range  [1e+00, 1e+00]
  Bounds range     [1e+00, 1e+00]
  RHS range        [1e+00, 7e+02]
Presolve removed 11261 rows and 1639 columns (presolve time = 5s) ...
Presolve removed 12856 rows and 2434 columns
Presolve time: 9.41s
Presolved: 62395 rows, 27456 columns, 205186 nonzeros
Variable types: 121 continuous, 27335 integer (27335 binary)

Deterministic concurrent LP optimizer: primal and dual simplex (primal and dual model)
Showing first log only...

Root relaxation presolved: 62395 rows, 27456 columns, 205186 nonzeros


Root simplex log...

Iteration    Objective       Primal Inf.    Dual Inf.      Time
       0    9.6199171e+01   5.457959e-03   3.045195e+08     14s
    4322    9.6000000e+01   0.000000e+00   8.493750e+01     15s
    4562    9.1000000e+01   0.000000e+00   0.000000e+00     18s
Concurrent spin time: 0.90s

Solved with dual simplex (primal model)

Root relaxation: objective 9.100000e+01, 9791 iterations, 7.47 seconds (0.41 work units)
Total elapsed time = 26.04s

    Nodes    |    Current Node    |     Objective Bounds      |     Work
 Expl Unexpl |  Obj  Depth IntInf | Incumbent    BestBd   Gap | It/Node Time

     0     0   91.00000    0  151          -   91.00000      -     -   32s
     0     0   91.00000    0  869          -   91.00000      -     -  110s
     0     0   91.00000    0  722          -   91.00000      -     -  110s
     0     0   91.00000    0 1559          -   91.00000      -     -  142s
     0     0   91.00000    0  102          -   91.00000      -     -  199s
     0     0   91.00000    0  101          -   91.00000      -     -  203s
     0     0   91.00000    0   93          -   91.00000      -     -  226s
     0     0   91.00000    0  498          -   91.00000      -     -  326s
     0     0   91.00000    0  483          -   91.00000      -     -  326s
     0     0   91.00000    0  481          -   91.00000      -     -  327s
     0     0   91.00000    0   77          -   91.00000      -     -  389s
     0     0   91.00000    0   97          -   91.00000      -     -  389s
     0     0   91.00000    0   44          -   91.00000      -     -  438s
     0     0   91.00000    0  166          -   91.00000      -     -  439s
     0     0   91.00000    0  165          -   91.00000      -     -  440s
     0     0   91.00000    0  165          -   91.00000      -     -  440s
     0     0   91.00000    0  163          -   91.00000      -     -  440s
     0     0   91.00000    0   92          -   91.00000      -     -  449s
     0     0   91.00000    0  677          -   91.00000      -     -  451s
     0     0   91.00000    0  125          -   91.00000      -     -  459s
     0     0   91.00000    0  363          -   91.00000      -     -  460s
     0     0   91.00000    0  236          -   91.00000      -     -  469s
     0     0   91.00000    0  449          -   91.00000      -     -  470s
     0     0   91.00000    0  173          -   91.00000      -     -  475s
H    0     0                     103.0000000   91.00000  11.7%     -  476s
     0     0   91.00000    0  141  103.00000   91.00000  11.7%     -  479s
     0     0   91.00000    0   67  103.00000   91.00000  11.7%     -  481s
     0     0   91.00000    0   40  103.00000   91.00000  11.7%     -  529s
     0     0   91.00000    0  593  103.00000   91.00000  11.7%     -  535s
     0     0   91.00000    0  287  103.00000   91.00000  11.7%     -  539s
H    0     0                     102.0000000   91.00000  10.8%     -  552s
     0     0   91.00000    0   30  102.00000   91.00000  10.8%     -  552s
     0     0   91.00000    0   30  102.00000   91.00000  10.8%     -  555s
H    0     0                     101.0000000   91.00000  9.90%     -  563s
H    0     0                     100.0000000   91.00000  9.00%     -  563s
     0     0   91.00000    0   15  100.00000   91.00000  9.00%     -  565s
H    0     0                      94.0000000   91.00000  3.19%     -  566s
     0     0   91.00000    0  107   94.00000   91.00000  3.19%     -  572s
     0     0   91.00000    0  249   94.00000   91.00000  3.19%     -  575s
     0     0   91.00000    0   17   94.00000   91.00000  3.19%     -  618s
     0     0   91.00000    0  375   94.00000   91.00000  3.19%     -  623s
     0     0   91.00000    0  258   94.00000   91.00000  3.19%     -  623s
     0     0   92.00000    0  207   94.00000   92.00000  2.13%     -  624s
     0     0   92.00000    0   53   94.00000   92.00000  2.13%     -  635s
     0     0   92.00000    0  246   94.00000   92.00000  2.13%     -  636s
     0     0   92.00000    0  224   94.00000   92.00000  2.13%     -  636s
     0     0   92.00000    0  328   94.00000   92.00000  2.13%     -  638s
     0     0   92.00000    0   19   94.00000   92.00000  2.13%     -  643s
     0     0   92.00000    0  239   94.00000   92.00000  2.13%     -  645s
     0     0   92.00000    0  229   94.00000   92.00000  2.13%     -  645s
     0     0   92.00000    0    2   94.00000   92.00000  2.13%     -  651s
     0     0   92.00000    0    8   94.00000   92.00000  2.13%     -  652s
H    0     0                      93.0000000   92.00000  1.08%     -  653s
     0     0   92.00000    0    2   93.00000   92.00000  1.08%     -  655s
H    0     0                      92.0000000   92.00000  0.00%     -  657s
     0     0   92.00000    0    4   92.00000   92.00000  0.00%     -  657s

Cutting planes:
  Gomory: 11
  Cover: 149
  Implied bound: 31
  Clique: 770
  MIR: 63
  StrongCG: 11
  RLT: 65
  Relax-and-lift: 54

Explored 1 nodes (199362 simplex iterations) in 658.11 seconds (48.01 work units)
Thread count was 32 (of 32 available processors)

Solution count 7: 92 93 94 ... 103

Optimal solution found (tolerance 1.00e-04)
Best objective 9.200000000000e+01, best bound 9.200000000000e+01, gap 0.0000%

Wrote result file 'RCPSP_1687.sol'

