
Gurobi 10.0.3 (linux64, gurobi_cl) logging started Thu Nov  9 12:54:58 2023

Set parameter Username
Set parameter TimeLimit to value 3600
Set parameter LogFile to value "RCPSP_1438.log"
Set parameter Threads to value 32
Academic license - for non-commercial use only - expires 2024-10-30
Using license file /home/jrivera6/gurobi-licenses/v1003/compute-0-37/gurobi.lic

Gurobi Optimizer version 10.0.3 build v10.0.3rc0 (linux64)
Copyright (c) 2023, Gurobi Optimization, LLC

Read MPS format model from file RCPSP_1438.mps
Reading time = 0.04 seconds
RCPSP_1438: 42975 rows, 17020 columns, 159179 nonzeros

CPU model: Intel(R) Xeon(R) Gold 6242 CPU @ 2.80GHz, instruction set [SSE2|AVX|AVX2|AVX512]
Thread count: 32 physical cores, 32 logical processors, using up to 32 threads

Optimize a model with 42975 rows, 17020 columns and 159179 nonzeros
Model fingerprint: 0x5fcdcec8
Variable types: 92 continuous, 16928 integer (16928 binary)
Coefficient statistics:
  Matrix range     [1e+00, 5e+02]
  Objective range  [1e+00, 1e+00]
  Bounds range     [1e+00, 1e+00]
  RHS range        [1e+00, 5e+02]
Found heuristic solution: objective 74.0000000
Presolve removed 7284 rows and 1313 columns (presolve time = 5s) ...
Presolve removed 12018 rows and 4958 columns
Presolve time: 7.92s
Presolved: 30957 rows, 12062 columns, 116945 nonzeros
Variable types: 91 continuous, 11971 integer (11971 binary)

Explored 0 nodes (0 simplex iterations) in 8.01 seconds (6.22 work units)
Thread count was 32 (of 32 available processors)

Solution count 1: 74 

Optimal solution found (tolerance 1.00e-04)
Best objective 7.400000000000e+01, best bound 7.400000000000e+01, gap 0.0000%

Wrote result file 'RCPSP_1438.sol'

