
Gurobi 10.0.3 (linux64, gurobi_cl) logging started Thu Nov  9 11:47:25 2023

Set parameter Username
Set parameter TimeLimit to value 3600
Set parameter LogFile to value "RCPSP_1111.log"
Set parameter Threads to value 32
Academic license - for non-commercial use only - expires 2024-11-06
Using license file /home/jrivera6/gurobi-licenses/v1003/compute-0-36/gurobi.lic

Gurobi Optimizer version 10.0.3 build v10.0.3rc0 (linux64)
Copyright (c) 2023, Gurobi Optimization, LLC

Read MPS format model from file RCPSP_1111.mps
Reading time = 0.06 seconds
RCPSP_1111: 42919 rows, 17020 columns, 159123 nonzeros

CPU model: Intel(R) Xeon(R) Gold 6130 CPU @ 2.10GHz, instruction set [SSE2|AVX|AVX2|AVX512]
Thread count: 32 physical cores, 32 logical processors, using up to 32 threads

Optimize a model with 42919 rows, 17020 columns and 159123 nonzeros
Model fingerprint: 0x2267d64d
Variable types: 92 continuous, 16928 integer (16928 binary)
Coefficient statistics:
  Matrix range     [1e+00, 5e+02]
  Objective range  [1e+00, 1e+00]
  Bounds range     [1e+00, 1e+00]
  RHS range        [1e+00, 5e+02]
Found heuristic solution: objective 85.0000000
Presolve removed 6780 rows and 1089 columns (presolve time = 5s) ...
Presolve removed 13005 rows and 4698 columns
Presolve time: 6.68s
Presolved: 29914 rows, 12322 columns, 116062 nonzeros
Variable types: 91 continuous, 12231 integer (12231 binary)

Explored 0 nodes (0 simplex iterations) in 6.79 seconds (4.55 work units)
Thread count was 32 (of 32 available processors)

Solution count 1: 85 

Optimal solution found (tolerance 1.00e-04)
Best objective 8.500000000000e+01, best bound 8.500000000000e+01, gap 0.0000%

Wrote result file 'RCPSP_1111.sol'

