
Gurobi 10.0.3 (linux64, gurobi_cl) logging started Fri Nov 10 20:48:06 2023

Set parameter Username
Set parameter TimeLimit to value 3600
Set parameter LogFile to value "RCPSP_1896.log"
Set parameter Threads to value 32
Academic license - for non-commercial use only - expires 2024-10-30
Using license file /home/jrivera6/gurobi-licenses/v1003/compute-0-34/gurobi.lic

Gurobi Optimizer version 10.0.3 build v10.0.3rc0 (linux64)
Copyright (c) 2023, Gurobi Optimization, LLC

Read MPS format model from file RCPSP_1896.mps
Reading time = 0.12 seconds
RCPSP_1896: 75288 rows, 29890 columns, 251703 nonzeros

CPU model: Intel(R) Xeon(R) Gold 6130 CPU @ 2.10GHz, instruction set [SSE2|AVX|AVX2|AVX512]
Thread count: 32 physical cores, 32 logical processors, using up to 32 threads

Optimize a model with 75288 rows, 29890 columns and 251703 nonzeros
Model fingerprint: 0xd1cad24b
Variable types: 122 continuous, 29768 integer (29768 binary)
Coefficient statistics:
  Matrix range     [1e+00, 6e+02]
  Objective range  [1e+00, 1e+00]
  Bounds range     [1e+00, 1e+00]
  RHS range        [1e+00, 6e+02]
Presolve removed 22080 rows and 6281 columns (presolve time = 5s) ...
Presolve removed 22080 rows and 6281 columns (presolve time = 10s) ...
Presolve removed 26793 rows and 7872 columns
Presolve time: 14.52s
Presolved: 48495 rows, 22018 columns, 166206 nonzeros
Variable types: 121 continuous, 21897 integer (21897 binary)

Deterministic concurrent LP optimizer: primal and dual simplex (primal and dual model)
Showing first log only...

Root relaxation presolved: 48483 rows, 22030 columns, 166182 nonzeros


Root simplex log...

Iteration    Objective       Primal Inf.    Dual Inf.      Time
       0    9.7401332e+01   6.174145e-02   1.635459e+08     16s
    2870    9.7000000e+01   0.000000e+00   0.000000e+00     17s
    2870    9.7000000e+01   0.000000e+00   0.000000e+00     17s
Concurrent spin time: 0.88s

Solved with dual simplex (dual model)

Root relaxation: objective 9.700000e+01, 21315 iterations, 2.86 seconds (0.25 work units)
Total elapsed time = 23.71s
Total elapsed time = 25.53s

    Nodes    |    Current Node    |     Objective Bounds      |     Work
 Expl Unexpl |  Obj  Depth IntInf | Incumbent    BestBd   Gap | It/Node Time

     0     0   97.00000    0  761          -   97.00000      -     -   31s
     0     0   99.00000    0  724          -   99.00000      -     -   32s
     0     0   99.00000    0 1410          -   99.00000      -     -   71s
     0     0   99.00000    0 1520          -   99.00000      -     -   81s
     0     0   99.00000    0 1417          -   99.00000      -     -   85s
     0     0   99.00000    0 1392          -   99.00000      -     -   89s
     0     0   99.00000    0 1585          -   99.00000      -     -   94s
     0     0   99.00000    0 1480          -   99.00000      -     -   96s
     0     0   99.00000    0 1548          -   99.00000      -     -  100s
     0     0   99.00000    0 1490          -   99.00000      -     -  103s
     0     0   99.00000    0 1334          -   99.00000      -     -  104s
     0     0   99.00000    0 1392          -   99.00000      -     -  106s
     0     0   99.00000    0 1329          -   99.00000      -     -  106s
     0     0   99.00000    0 1501          -   99.00000      -     -  134s
     0     0   99.00000    0 1284          -   99.00000      -     -  135s
     0     0   99.00000    0 1272          -   99.00000      -     -  136s
     0     0   99.00000    0 1271          -   99.00000      -     -  137s
     0     0  107.00000    0  721          -  107.00000      -     -  167s
     0     0  107.00000    0  779          -  107.00000      -     -  168s
     0     0  107.00000    0  897          -  107.00000      -     -  174s
     0     0  107.00000    0  950          -  107.00000      -     -  177s
     0     0  107.00000    0  950          -  107.00000      -     -  177s
     0     0  107.04437    0 1502          -  107.04437      -     -  192s
     0     0  107.04437    0 1402          -  107.04437      -     -  194s
     0     0  107.04437    0 1290          -  107.04437      -     -  195s
     0     0  107.04437    0 1651          -  107.04437      -     -  204s
     0     0  107.04437    0 1581          -  107.04437      -     -  205s
     0     0  108.00000    0 1523          -  108.00000      -     -  212s
     0     0  108.00000    0 1508          -  108.00000      -     -  212s
     0     0  108.00000    0 1401          -  108.00000      -     -  228s
     0     0  108.00000    0 1428          -  108.00000      -     -  230s
H    0     0                     599.0000000  108.00000  82.0%     -  234s
     0     0  108.00000    0 1317  599.00000  108.00000  82.0%     -  236s
     0     0  108.00000    0  305  599.00000  108.00000  82.0%     -  282s
     0     0  108.00000    0 1379  599.00000  108.00000  82.0%     -  313s
     0     0  108.00000    0 1344  599.00000  108.00000  82.0%     -  315s
     0     0  108.00000    0 1336  599.00000  108.00000  82.0%     -  316s
     0     0  108.00000    0 1332  599.00000  108.00000  82.0%     -  316s
H    0     0                     397.0000000  108.00000  72.8%     -  330s
H    0     0                     395.0000000  108.00000  72.7%     -  331s
     0     0  108.00000    0 1409  395.00000  108.00000  72.7%     -  332s
     0     0  108.00000    0 1450  395.00000  108.00000  72.7%     -  334s
H    0     0                     393.0000000  108.00000  72.5%     -  337s
H    0     0                     383.0000000  108.00000  71.8%     -  357s
     0     0  108.00000    0  417  383.00000  108.00000  71.8%     -  368s
     0     0  108.00000    0  415  383.00000  108.00000  71.8%     -  368s
H    0     0                     361.0000000  108.00000  70.1%     -  374s
     0     0  109.19116    0  913  361.00000  109.19116  69.8%     -  376s
     0     0  109.19116    0  810  361.00000  109.19116  69.8%     -  377s
     0     0  109.69589    0 1008  361.00000  109.69589  69.6%     -  383s
     0     0  109.69589    0  929  361.00000  109.69589  69.6%     -  385s
     0     0  109.69589    0  922  361.00000  109.69589  69.6%     -  386s
     0     0  110.61009    0 1147  361.00000  110.61009  69.4%     -  393s
     0     0  110.61009    0 1143  361.00000  110.61009  69.4%     -  393s
     0     0  110.61009    0 1068  361.00000  110.61009  69.4%     -  395s
H    0     0                     351.0000000  110.61009  68.5%     -  400s
     0     0  111.96567    0 1145  351.00000  111.96567  68.1%     -  403s
     0     0  111.96567    0 1101  351.00000  111.96567  68.1%     -  405s
     0     0  111.96567    0 1072  351.00000  111.96567  68.1%     -  406s
     0     0  111.96567    0 1070  351.00000  111.96567  68.1%     -  406s
H    0     0                     343.0000000  111.96567  67.4%     -  438s
H    0     0                     338.0000000  111.96567  66.9%     -  439s
H    0     0                     333.0000000  111.96567  66.4%     -  439s
     0     0  111.96567    0 1060  333.00000  111.96567  66.4%     -  441s
     0     0  111.96567    0 1034  333.00000  111.96567  66.4%     -  441s
     0     0  111.96567    0 1032  333.00000  111.96567  66.4%     -  441s
     0     0  111.96567    0 1400  333.00000  111.96567  66.4%     -  451s
     0     0  111.96567    0 1236  333.00000  111.96567  66.4%     -  454s
     0     0  111.96567    0 1175  333.00000  111.96567  66.4%     -  454s
     0     0  111.96567    0 1213  333.00000  111.96567  66.4%     -  463s
     0     0  111.96567    0 1228  333.00000  111.96567  66.4%     -  465s
     0     0  111.96567    0 1154  333.00000  111.96567  66.4%     -  466s
     0     0  111.96567    0 1150  333.00000  111.96567  66.4%     -  466s
     0     0  111.96615    0  435  333.00000  111.96615  66.4%     -  493s
     0     0  111.96615    0  433  333.00000  111.96615  66.4%     -  493s
H    0     0                     330.0000000  111.96615  66.1%     -  502s
     0     0  111.96615    0  881  330.00000  111.96615  66.1%     -  503s
     0     0  111.96615    0 1008  330.00000  111.96615  66.1%     -  505s
     0     0  111.96615    0  991  330.00000  111.96615  66.1%     -  505s
     0     0  111.96615    0 1149  330.00000  111.96615  66.1%     -  516s
     0     0  111.96615    0 1090  330.00000  111.96615  66.1%     -  518s
     0     0  111.96615    0 1069  330.00000  111.96615  66.1%     -  519s
H    0     0                     324.0000000  111.96615  65.4%     -  536s
     0     0  111.96615    0 1015  324.00000  111.96615  65.4%     -  539s
     0     0  111.96615    0  977  324.00000  111.96615  65.4%     -  539s
     0     0  111.96672    0  536  324.00000  111.96672  65.4%     -  564s
H    0     0                     317.0000000  111.96672  64.7%     -  569s
     0     0  111.96672    0  796  317.00000  111.96672  64.7%     -  572s
     0     0  112.13280    0  872  317.00000  112.13280  64.6%     -  578s
     0     0  112.13280    0  867  317.00000  112.13280  64.6%     -  578s
     0     0  112.13280    0 1028  317.00000  112.13280  64.6%     -  581s
     0     0  112.13280    0  881  317.00000  112.13280  64.6%     -  582s
     0     0  112.13280    0  854  317.00000  112.13280  64.6%     -  582s
     0     0  112.19720    0 1242  317.00000  112.19720  64.6%     -  588s
     0     0  112.19720    0 1193  317.00000  112.19720  64.6%     -  588s
     0     0  112.19723    0 1080  317.00000  112.19723  64.6%     -  595s
     0     0  112.19723    0  939  317.00000  112.19723  64.6%     -  596s
     0     0  112.19731    0 1096  317.00000  112.19731  64.6%     -  603s
     0     0  112.19731    0 1005  317.00000  112.19731  64.6%     -  605s
     0     0  112.19731    0  999  317.00000  112.19731  64.6%     -  605s
     0     0  112.19731    0 1027  317.00000  112.19731  64.6%     -  614s
     0     0  112.19731    0  982  317.00000  112.19731  64.6%     -  614s
     0     0  112.19731    0  980  317.00000  112.19731  64.6%     -  614s
     0     0  112.20550    0 1095  317.00000  112.20550  64.6%     -  623s
     0     0  112.20550    0 1084  317.00000  112.20550  64.6%     -  623s
H    0     0                     314.0000000  112.20550  64.3%     -  629s
     0     0  112.20550    0 1132  314.00000  112.20550  64.3%     -  634s
     0     0  112.20550    0 1083  314.00000  112.20550  64.3%     -  635s
H    0     0                     298.0000000  112.20550  62.3%     -  657s
     0     0  112.20550    0 1115  298.00000  112.20550  62.3%     -  658s
     0     0  112.20550    0 1113  298.00000  112.20550  62.3%     -  661s
     0     0  112.20550    0 1150  298.00000  112.20550  62.3%     -  665s
     0     0  112.20550    0 1077  298.00000  112.20550  62.3%     -  667s
     0     0  112.20550    0 1061  298.00000  112.20550  62.3%     -  667s
     0     0  112.20550    0 1254  298.00000  112.20550  62.3%     -  690s
     0     0  112.20550    0 1197  298.00000  112.20550  62.3%     -  692s
     0     0  112.20550    0 1195  298.00000  112.20550  62.3%     -  692s
     0     0  112.20550    0  520  298.00000  112.20550  62.3%     -  723s
H    0     0                     292.0000000  112.20550  61.6%     -  734s
     0     0  112.20550    0  905  292.00000  112.20550  61.6%     -  735s
     0     0  112.20550    0  898  292.00000  112.20550  61.6%     -  735s
     0     0  112.21350    0  717  292.00000  112.21350  61.6%     -  753s
     0     0  112.21350    0  844  292.00000  112.21350  61.6%     -  754s
     0     0  112.21350    0 1115  292.00000  112.21350  61.6%     -  790s
     0     0  112.21350    0 1135  292.00000  112.21350  61.6%     -  792s
     0     0  112.21350    0 1115  292.00000  112.21350  61.6%     -  792s
H    0     0                     287.0000000  112.21350  60.9%     -  797s
     0     0  112.21350    0 1133  287.00000  112.21350  60.9%     -  798s
     0     0  112.21350    0 1124  287.00000  112.21350  60.9%     -  798s
H    0     0                     283.0000000  112.21350  60.3%     -  803s
     0     0  112.21350    0 1212  283.00000  112.21350  60.3%     -  805s
     0     0  112.21350    0 1323  283.00000  112.21350  60.3%     -  807s
     0     0  112.21350    0 1268  283.00000  112.21350  60.3%     -  808s
     0     0  112.21350    0  689  283.00000  112.21350  60.3%     -  822s
     0     0  112.21350    0  686  283.00000  112.21350  60.3%     -  823s
     0     0  112.21350    0 1039  283.00000  112.21350  60.3%     -  843s
     0     0  112.21350    0 1056  283.00000  112.21350  60.3%     -  844s
     0     0  112.21350    0 1092  283.00000  112.21350  60.3%     -  846s
     0     0  112.21350    0 1085  283.00000  112.21350  60.3%     -  846s
     0     0  112.21350    0  687  283.00000  112.21350  60.3%     -  858s
H    0     0                     281.0000000  112.21350  60.1%     -  860s
     0     0  112.21350    0  974  281.00000  112.21350  60.1%     -  861s
     0     0  112.21350    0  971  281.00000  112.21350  60.1%     -  861s
     0     0  112.21350    0  753  281.00000  112.21350  60.1%     -  874s
     0     0  112.21350    0  746  281.00000  112.21350  60.1%     -  874s
     0     0  112.21350    0  547  281.00000  112.21350  60.1%     -  901s
     0     2  112.21350    0  349  281.00000  112.21350  60.1%     -  948s
     1     3  113.46410    1  525  281.00000  112.37727  60.0%  9875  958s
     3     6  113.46410    2 1041  281.00000  112.47854  60.0%  3998  996s
     6    11  115.19116    3 1047  281.00000  112.72129  59.9%  3254 1142s
    12    18  115.19116    4  966  281.00000  112.91107  59.8%  2754 1358s
    18    18  118.72129    4 1038  281.00000  112.91107  59.8%  2658 1361s
    21    18  122.72129    4 1062  281.00000  112.91107  59.8%  2660 1368s
    23    29  115.19116    5  998  281.00000  112.91107  59.8%  2699 1538s
H   41    49                     276.0000000  112.91107  59.1%  2287 2359s
H   42    49                     273.0000000  112.91107  58.6%  2292 2377s
H   67    49                     272.0000000  112.91107  58.5%  2230 2390s
    70    76  115.23810    7 1011  272.00000  112.91107  58.5%  2290 2529s
    99    76  112.91107    7 1012  272.00000  112.91107  58.5%  2204 2530s
   102   105  119.19116    8  989  272.00000  112.91107  58.5%  2190 2587s
   134   134  120.33402    9  971  272.00000  112.91107  58.5%  2050 2649s
   166   166  123.19116   10  961  272.00000  112.91107  58.5%  1917 2675s
   205   195  123.19116   11  804  272.00000  112.91107  58.5%  1612 3964s

Cutting planes:
  Learned: 21
  Gomory: 14
  Cover: 353
  Implied bound: 1145
  Clique: 43
  MIR: 3677
  StrongCG: 65
  Zero half: 8
  RLT: 1754
  Relax-and-lift: 690

Explored 237 nodes (665956 simplex iterations) in 4101.94 seconds (223.26 work units)
Thread count was 32 (of 32 available processors)

Solution count 10: 272 273 276 ... 317

Time limit reached
Best objective 2.720000000000e+02, best bound 1.129110745048e+02, gap 58.4886%

Wrote result file 'RCPSP_1896.sol'

