
Gurobi 10.0.3 (linux64, gurobi_cl) logging started Thu Nov  2 11:34:21 2023

Set parameter Username
Set parameter TimeLimit to value 3600
Set parameter LogFile to value "RCPSP_522.log"
Set parameter Threads to value 32
Academic license - for non-commercial use only - expires 2024-10-30
Using license file /home/jrivera6/gurobi-licenses/v1003/compute-0-34/gurobi.lic

Gurobi Optimizer version 10.0.3 build v10.0.3rc0 (linux64)
Copyright (c) 2023, Gurobi Optimization, LLC

Read MPS format model from file RCPSP_522.mps
Reading time = 0.02 seconds
RCPSP_522: 19624 rows, 7750 columns, 64639 nonzeros

CPU model: Intel(R) Xeon(R) Gold 6130 CPU @ 2.10GHz, instruction set [SSE2|AVX|AVX2|AVX512]
Thread count: 32 physical cores, 32 logical processors, using up to 32 threads

Optimize a model with 19624 rows, 7750 columns and 64639 nonzeros
Model fingerprint: 0x84feaa13
Variable types: 62 continuous, 7688 integer (7688 binary)
Coefficient statistics:
  Matrix range     [1e+00, 3e+02]
  Objective range  [1e+00, 1e+00]
  Bounds range     [1e+00, 1e+00]
  RHS range        [1e+00, 4e+02]
Presolve removed 8608 rows and 3127 columns
Presolve time: 2.40s
Presolved: 11016 rows, 4623 columns, 37173 nonzeros
Variable types: 61 continuous, 4562 integer (4562 binary)

Root relaxation: objective 8.000000e+01, 1599 iterations, 0.04 seconds (0.02 work units)

    Nodes    |    Current Node    |     Objective Bounds      |     Work
 Expl Unexpl |  Obj  Depth IntInf | Incumbent    BestBd   Gap | It/Node Time

     0     0   80.00000    0  129          -   80.00000      -     -    3s
     0     0   87.00000    0   92          -   87.00000      -     -    3s
     0     0   87.00000    0  248          -   87.00000      -     -    4s
     0     0   87.00000    0  291          -   87.00000      -     -    5s
     0     0   87.00000    0  172          -   87.00000      -     -    9s
     0     0   87.00000    0  191          -   87.00000      -     -   10s
     0     0   88.93378    0  114          -   88.93378      -     -   12s
     0     0   88.93378    0  133          -   88.93378      -     -   13s
     0     0   89.32011    0  196          -   89.32011      -     -   14s
     0     0   89.77675    0  157          -   89.77675      -     -   14s
     0     0   89.77675    0  224          -   89.77675      -     -   14s
     0     0   89.78480    0  227          -   89.78480      -     -   15s
     0     0   89.78480    0  166          -   89.78480      -     -   15s
     0     0   89.78480    0  289          -   89.78480      -     -   16s
     0     0   89.78585    0  317          -   89.78585      -     -   16s
     0     0   89.78585    0  267          -   89.78585      -     -   17s
     0     0   89.78585    0  232          -   89.78585      -     -   19s
     0     0   89.78585    0  257          -   89.78585      -     -   19s
     0     0   89.79736    0  395          -   89.79736      -     -   20s
     0     0   89.79736    0  386          -   89.79736      -     -   23s
     0     0   89.80827    0  457          -   89.80827      -     -   24s
     0     0   89.80827    0  393          -   89.80827      -     -   24s
     0     0   89.80827    0  430          -   89.80827      -     -   25s
     0     0   89.80828    0  457          -   89.80828      -     -   25s
     0     0   89.81073    0  235          -   89.81073      -     -   28s
     0     0   89.81073    0  291          -   89.81073      -     -   29s
     0     0   89.81073    0  416          -   89.81073      -     -   29s
H    0     0                     345.0000000   89.81073  74.0%     -   30s
     0     0   89.81073    0  312  345.00000   89.81073  74.0%     -   31s
H    0     0                     320.0000000   89.81073  71.9%     -   34s
H    0     2                     298.0000000   89.81073  69.9%     -   41s
     0     2   89.81073    0  204  298.00000   89.81073  69.9%     -   41s
     3     7   89.91286    2  323  298.00000   89.91286  69.8%   683   46s
    14    24  100.00000    4  328  298.00000   90.00000  69.8%   538   51s
H   27    41                     262.0000000   90.68831  65.4%   481  101s
    51    69  100.00000    6  314  262.00000   91.85714  64.9%   474  140s
   147   143  100.00000    9  286  262.00000   92.00000  64.9%   303  145s
   299   292  101.00000   13  283  262.00000   92.00000  64.9%   167  151s
   423   415  101.00000   17  251  262.00000   92.00000  64.9%   128  156s
   618   586  101.42857   24  328  262.00000   92.00000  64.9%   104  160s
   879   875  103.00000   34  263  262.00000   92.00000  64.9%  85.2  165s
  1156  1009 infeasible   38       262.00000   92.00000  64.9%  74.4  195s
H 1158  1009                     207.0000000   92.00000  55.6%  74.3  195s
  1520  1438  102.00000   41  336  207.00000   92.00000  55.6%  64.9  201s
  1932  1759  102.00000   46  336  207.00000   92.00000  55.6%  57.4  205s
  2925  2693  111.00000   57  411  207.00000   92.00000  55.6%  46.3  211s
  3621  3256  111.00000   66  358  207.00000   92.00000  55.6%  40.8  217s
  4282  3813  111.00000   75  319  207.00000   92.00000  55.6%  38.1  222s
H 4647  3813                     199.0000000   92.00000  53.8%  36.9  264s
  4648  3814  158.00000  243  312  199.00000   92.00000  53.8%  36.9  265s
  4651  3816   96.00000   33   95  199.00000   92.00000  53.8%  36.9  270s
H 4653  3626                     195.0000000   92.00000  52.8%  36.9  273s
H 4653  3444                     191.0000000   92.00000  51.8%  36.9  275s
H 4655  3274                     190.0000000   92.00000  51.6%  36.9  278s
  4656  3274  124.00000  125  202  190.00000   92.00000  51.6%  36.9  280s
H 4657  3111                     184.0000000   92.00000  50.0%  36.9  287s
  4660  3113  132.00000   56   92  184.00000   92.00000  50.0%  36.8  290s
H 4664  2960                     178.0000000   92.00000  48.3%  36.8  296s
H 4664  2811                     171.0000000   92.00000  46.2%  36.8  296s
H 4665  2673                     166.0000000   92.00000  44.6%  44.3  304s
  4666  2675   92.00000   11  217  166.00000   92.00000  44.6%  44.5  311s
  4668  2678   92.00000   12  298  166.00000   92.00000  44.6%  44.7  318s
  4672  2685   92.00000   13  288  166.00000   92.00000  44.6%  45.1  323s
  4680  2698   95.00000   14  360  166.00000   92.00000  44.6%  45.5  330s
H 4696  2591                     161.0000000   92.00000  42.9%  46.6  340s
H 4707  2460                     158.0000000   92.00000  41.8%  47.3  340s
  4760  2507  100.00000   16  382  158.00000   92.00000  41.8%  50.2  351s
H 4762  2385                     157.0000000   92.00000  41.4%  50.2  351s
H 4766  2269                     156.0000000   92.00000  41.0%  50.3  351s
  4824  2313   95.00000   17  392  156.00000   92.00000  41.0%  50.9  358s
  4856  2337   95.00000   18  413  156.00000   92.00000  41.0%  51.2  366s
  4944  2410   95.17647   19  380  156.00000   92.00000  41.0%  51.8  370s
  5067  2438   97.00000   20  388  156.00000   92.00000  41.0%  52.2  378s
  5106  2463   95.00000   21  394  156.00000   92.00000  41.0%  52.9  384s
  5144  2508   96.23529   21  367  156.00000   92.00000  41.0%  53.4  399s
  5203  2530  102.00000   22  375  156.00000   92.00000  41.0%  53.4  404s
  5251  2606   96.23529   22  367  156.00000   92.00000  41.0%  53.4  406s
H 5389  2520                     155.0000000   92.00000  40.6%  53.0  494s
H 5392  2415                     153.0000000   92.00000  39.9%  53.0  494s
H 5394  2316                     151.0000000   92.00000  39.1%  53.0  494s
H 5398  2222                     149.0000000   92.00000  38.3%  53.0  494s
  5421  2257  103.00000   25  395  149.00000   92.00000  38.3%  53.0  511s
H 5425  2167                     148.0000000   92.00000  37.8%  53.0  511s
H 5460  2070                     140.0000000   92.00000  34.3%  52.9  511s
  5468  2120  102.00000   26  424  140.00000   92.00000  34.3%  52.8  528s
  5522  2156  102.00000   27  422  140.00000   92.00000  34.3%  52.8  536s
  5584  2197  102.00000   28  422  140.00000   92.00000  34.3%  52.5  543s
  5648  2242  105.00000   29  405  140.00000   92.00000  34.3%  52.3  551s
  5717  2286  102.00000   30  368  140.00000   92.00000  34.3%  52.1  558s
  5786  2332  102.00000   31  364  140.00000   92.00000  34.3%  51.8  567s
  5856  2520  102.00000   32  364  140.00000   92.00000  34.3%  51.5  570s
  6330  2579  103.00000   36  337  140.00000   92.00000  34.3%  49.0  591s
  6400  2721  102.00000   36  294  140.00000   92.00000  34.3%  49.2  614s
H 6588  2578                     138.0000000   92.00000  33.3%  48.6  614s
  6593  2598  103.00000   38  329  138.00000   92.00000  33.3%  48.6  624s
  6667  2857  103.00000   39  330  138.00000   92.00000  33.3%  49.1  627s
  7001  2725  108.00000   44  277  138.00000   92.00000  33.3%  48.0  636s
  7074  3033  105.00000   45  324  138.00000   92.00000  33.3%  48.4  640s
  7447  2932  110.00000   53  315  138.00000   92.00000  33.3%  47.4  652s
  7528  3228  105.90909   53  285  138.00000   92.00000  33.3%  48.2  658s
  7935  3082 infeasible   62       138.00000   92.00000  33.3%  47.2  785s
H 7938  2538                     131.0000000   92.00000  29.8%  47.1  785s
H 7939  2348                     128.0000000   92.00000  28.1%  47.2  785s
H 7991  2054                     123.0000000   92.00000  25.2%  48.2  785s
  8004  2035   92.00000   17  361  123.00000   92.00000  25.2%  48.5  798s
  8098  2051   92.00000   18  359  123.00000   92.00000  25.2%  50.0  809s
  8165  2103   92.00000   20  350  123.00000   92.00000  25.2%  51.2  821s
  8251  2148   92.00000   24  382  123.00000   92.00000  25.2%  51.7  831s
  8337  2200   92.00000   28  352  123.00000   92.00000  25.2%  52.3  842s
  8434  2257   92.00000   31  405  123.00000   92.00000  25.2%  52.6  854s
  8529  2315  119.00000   35  322  123.00000   92.00000  25.2%  52.9  867s
  8634  2381  119.00000   37  318  123.00000   92.00000  25.2%  53.1  879s
  8725  2458  119.00000   40  240  123.00000   92.00000  25.2%  53.3  891s
  8823  2740  119.00000   42  221  123.00000   92.00000  25.2%  53.8  903s
H 9032  2641                     121.0000000   92.00000  24.0%  53.2  903s
  9184  2612 infeasible   49       121.00000   92.00000  24.0%  52.6  918s
  9287  2788   92.00000   18  364  121.00000   92.00000  24.0%  53.7  931s
  9554  3288  101.00000   25  198  121.00000   92.00000  24.0%  54.2  940s
H10328  3185                     120.0000000   92.00000  23.3%  52.9  960s
H10335  3038                     119.0000000   92.00000  22.7%  53.0  960s
 10397  3092   92.00000   24  373  119.00000   92.00000  22.7%  54.4  974s
 10499  3357   97.00000   27  429  119.00000   92.00000  22.7%  55.6  987s
 10846  3932   97.00000   33  382  119.00000   92.00000  22.7%  55.6 1003s
 11689  3956   92.00000   19  308  119.00000   92.00000  22.7%  54.4 1025s
 11787  4115   92.00000   20  305  119.00000   92.00000  22.7%  55.3 1080s
H11812  3834                     117.0000000   92.00000  21.4%  55.3 1080s
 11979  4404   92.00000   23  376  117.00000   92.00000  21.4%  55.8 1092s
H12885  3972                     115.0000000   92.00000  20.0%  54.7 1118s
 12942  4013   98.00000   45  301  115.00000   92.00000  20.0%  55.8 1131s
 13050  4112  102.00000   49  354  115.00000   92.00000  20.0%  57.7 1153s
 13164  4744  102.00000   53  317  115.00000   92.00000  20.0%  58.6 1165s
 14166  4792   96.00000   23  309  115.00000   92.00000  20.0%  57.8 1183s
 14282  5127  100.00000   28  317  115.00000   92.00000  20.0%  59.1 1196s
 14780  5186  100.00000   35  324  115.00000   92.00000  20.0%  59.0 1212s
 14896  5936  100.00000   38  290  115.00000   92.00000  20.0%  60.0 1229s
 16108  5986 infeasible   55       115.00000   92.00000  20.0%  58.3 1245s
 16250  6388   92.00000   23  403  115.00000   92.00000  20.0%  59.4 1261s
 16784  6458   94.00000   29  343  115.00000   92.00000  20.0%  58.8 1284s
 16912  7236   97.00000   33  298  115.00000   92.00000  20.0%  59.6 1300s
 18141  7265 infeasible   68       115.00000   92.00000  20.0%  57.6 1322s
 18284  7457   94.00000   25  334  115.00000   92.00000  20.0%  58.7 1340s
H18339  6911                     114.0000000   92.00000  19.3%  58.6 1340s
 18508  7584   99.29412   28  281  114.00000   92.00000  19.3%  59.0 1358s
 19741  8165  104.00000   43  332  114.00000   92.00000  19.3%  58.1 1376s
 21029  8223   96.22222   28  330  114.00000   92.00000  19.3%  57.9 1397s
 21163  8753   93.57143   28  338  114.00000   92.00000  19.3%  59.2 1411s
 22094  8798   92.03553   40  347  114.00000   92.00000  19.3%  59.3 1441s
 22259  9646  109.00000   42  309  114.00000   92.00000  19.3%  60.5 1461s
 23937  9659  111.00000   43  305  114.00000   92.00000  19.3%  59.2 1492s
 24132 10353  106.00000   44  368  114.00000   92.00000  19.3%  60.6 1513s
H24232  9408                     113.0000000   92.00000  18.6%  60.4 1513s
 25813  9263 infeasible   50       113.00000   92.00000  18.6%  59.4 1550s
H25816  8748                     112.0000000   92.00000  17.9%  59.4 1550s
 25938  8854  102.00000   41  257  112.00000   92.00000  17.9%  60.3 1581s
 26100  9309  102.00000   43  248  112.00000   92.00000  17.9%  61.0 1599s
 27204  9443  108.00000   39  302  112.00000   92.00000  17.9%  60.5 1626s
 27384 10079  110.00000   44  202  112.00000   92.00000  17.9%  61.4 1647s
H27687  9476                     111.0000000   92.00000  17.1%  61.1 1647s
 28630  9430     cutoff  156       111.00000   92.00000  17.1%  61.4 1673s
 28812 10149   94.00000   33  375  111.00000   92.00000  17.1%  62.5 1700s
 30278 10333 infeasible   47       111.00000   92.00000  17.1%  62.5 1792s
 30567 13245  104.00000   34  282  111.00000   92.00000  17.1%  63.8 1894s
 30931 13245  101.00000   38  299  111.00000   92.00000  17.1%  63.7 1895s
 36389 13321 infeasible   41       111.00000   92.00000  17.1%  63.0 1936s
 36693 13537   95.00000   29  348  111.00000   92.00000  17.1%  64.3 1982s
H37081 12487                     110.0000000   92.00000  16.4%  64.7 1982s
 37142 12465  103.00000   39  265  110.00000   92.00000  16.4%  64.9 2024s
 37432 13280  106.00000   43  264  110.00000   92.00000  16.4%  66.2 2058s
 39331 13466   95.00000   28  342  110.00000   92.00000  16.4%  66.1 2115s
H39413 12475                     109.0000000   92.00000  15.6%  66.3 2115s
 39690 13468   99.00000   38  297  109.00000   92.00000  15.6%  67.5 2154s
 41378 13468   96.00000   34  371  109.00000   92.00000  15.6%  67.9 2155s
 42210 13547 infeasible   38       109.00000   92.00000  15.6%  68.1 2209s
 42491 13759 infeasible   43       109.00000   92.00000  15.6%  69.8 2265s
 42955 14873   94.00000   27  367  109.00000   92.00000  15.6%  71.0 2315s
*44031 13940             126     108.0000000   92.00000  14.8%  71.1 2316s
 45601 13843   94.00000   37  361  108.00000   92.00000  14.8%  71.2 2375s
 45930 13953  100.00000   42  298  108.00000   92.00000  14.8%  72.8 2437s
 46410 14883 infeasible   32       108.00000   92.00000  14.8%  74.5 2485s
 49031 14990  102.00000   32  275  108.00000   92.00000  14.8%  74.9 2552s
 49476 15059  105.00000   35  222  108.00000   92.00000  14.8%  76.8 2622s
 49951 16443  103.00000   37  486  108.00000   92.00000  14.8%  78.6 2684s
 53106 16443  107.00000   37  251  108.00000   92.00000  14.8%  78.6 2685s
 53454 16563 infeasible   46       108.00000   92.00000  14.8%  78.6 2768s
 53967 16878   98.00000   51  324  108.00000   92.00000  14.8%  80.6 2855s
 54638 18297  102.00000   35  304  108.00000   92.00000  14.8%  81.9 2919s
 57113 18297  106.00000   43  316  108.00000   92.00000  14.8%  81.2 2921s
*57750 16842             162     107.0000000   92.00000  14.0%  80.9 2922s
 58030 16775   98.00000   31  341  107.00000   92.00000  14.0%  80.8 3007s
 58565 18619   92.00000   40  383  107.00000   92.00000  14.0%  82.8 3083s
 63029 18620   96.51634   34  312  107.00000   92.00000  14.0%  82.4 3142s
 63031 18621   96.70588   30   64  107.00000   92.00000  14.0%  82.4 3147s
H63031 17689                     106.0000000   92.00000  13.2%  82.4 3149s
H63031 16805                     105.0000000   92.00000  12.4%  82.4 3149s
 63032 16806   97.93378   27  201  105.00000   92.00000  12.4%  82.4 3151s
 63035 16808  100.22222   40  211  105.00000   92.00000  12.4%  82.4 3156s
 63039 16811   97.22222   35  398  105.00000   92.00000  12.4%  82.4 3160s
 63042 16813  105.00000   40  128  105.00000   92.00000  12.4%  82.4 3167s
 63044 16814  102.00000   67  269  105.00000   92.00000  12.4%  82.4 3174s
 63045 16815  105.00000   62  238  105.00000   92.00000  12.4%  82.4 3175s
 63048 16817   98.52941   33  353  105.00000   92.00000  12.4%  82.4 3181s
 63049 16817   98.00000   32  185  105.00000   92.00000  12.4%  82.4 3196s
 63051 16819   94.00000   24  349  105.00000   92.00000  12.4%  82.4 3200s
 63053 16820  105.00000   38  207  105.00000   92.00000  12.4%  82.4 3206s
 63055 16821   99.00000   24  181  105.00000   92.00000  12.4%  82.4 3213s
 63056 16822  105.00000   55  316  105.00000   92.00000  12.4%  82.4 3215s
 63057 16823  101.00000   36  195  105.00000   92.00000  12.4%  82.4 3220s
 63059 16824   95.00000   43  207  105.00000   92.00000  12.4%  82.4 3233s
 63060 16825  100.00000   61  299  105.00000   92.00000  12.4%  82.4 3235s
 63061 16825  105.00000   20  242  105.00000   92.00000  12.4%  82.4 3240s
 63063 16827  104.00000   44  207  105.00000   92.00000  12.4%  82.4 3251s
 63066 16832   92.13621   22  188  105.00000   92.00000  12.4%  83.7 3270s
 63068 16835  100.00000   23  151  105.00000   92.00000  12.4%  83.7 3286s
 63072 16841  103.00000   24  197  105.00000   92.00000  12.4%  83.7 3302s
 63080 16849  103.00000   25  195  105.00000   92.00000  12.4%  83.8 3319s
H63095 16021                     105.0000000   92.00000  12.4%  83.9 3342s
 63121 16033  103.00000   27  205  105.00000   92.00000  12.4%  84.0 3354s
 63153 16046  103.00000   28  213  105.00000   92.00000  12.4%  84.1 3386s
 63185 16055     cutoff   28       105.00000   92.00000  12.4%  84.1 3398s
 63217 16062 infeasible   29       105.00000   92.00000  12.4%  84.1 3471s
 63249 16082 infeasible   29       105.00000   92.00000  12.4%  84.1 3546s
 63289 16111  100.00000   32  258  105.00000   92.00000  12.4%  84.2 3555s
 63345 16132  100.00000   33  250  105.00000   92.00000  12.4%  84.2 3566s
 63389 16169  100.00000   35  250  105.00000   92.00000  12.4%  84.2 3576s
 63451 16195  100.00000   38  239  105.00000   92.00000  12.4%  84.2 3586s
 63517 16220  100.00000   40  219  105.00000   92.00000  12.4%  84.1 3596s
 63582 16237  100.00000   42  251  105.00000   92.00000  12.4%  84.1 3600s

Cutting planes:
  Learned: 2
  Gomory: 15
  Cover: 35
  Implied bound: 18
  Projected implied bound: 15
  Clique: 10
  MIR: 49
  StrongCG: 1
  Flow cover: 126
  Inf proof: 20
  Zero half: 3
  RLT: 33
  Relax-and-lift: 60

Explored 63638 nodes (5386393 simplex iterations) in 3607.12 seconds (145.94 work units)
Thread count was 32 (of 32 available processors)

Solution count 10: 105 105 106 ... 113

Time limit reached
Best objective 1.049999999894e+02, best bound 9.200000000000e+01, gap 12.3810%

Wrote result file 'RCPSP_522.sol'

