
Gurobi 10.0.3 (linux64, gurobi_cl) logging started Thu Nov  2 11:34:26 2023

Set parameter Username
Set parameter TimeLimit to value 3600
Set parameter LogFile to value "RCPSP_545.log"
Set parameter Threads to value 32
Academic license - for non-commercial use only - expires 2024-10-30
Using license file /home/jrivera6/gurobi-licenses/v1003/compute-0-39/gurobi.lic

Gurobi Optimizer version 10.0.3 build v10.0.3rc0 (linux64)
Copyright (c) 2023, Gurobi Optimization, LLC

Read MPS format model from file RCPSP_545.mps
Reading time = 0.02 seconds
RCPSP_545: 19624 rows, 7750 columns, 64639 nonzeros

CPU model: Intel(R) Xeon(R) Gold 6242 CPU @ 2.80GHz, instruction set [SSE2|AVX|AVX2|AVX512]
Thread count: 32 physical cores, 32 logical processors, using up to 32 threads

Optimize a model with 19624 rows, 7750 columns and 64639 nonzeros
Model fingerprint: 0x4d61b368
Variable types: 62 continuous, 7688 integer (7688 binary)
Coefficient statistics:
  Matrix range     [1e+00, 3e+02]
  Objective range  [1e+00, 1e+00]
  Bounds range     [1e+00, 1e+00]
  RHS range        [1e+00, 3e+02]
Presolve removed 8350 rows and 3087 columns
Presolve time: 3.42s
Presolved: 11274 rows, 4663 columns, 38217 nonzeros
Variable types: 61 continuous, 4602 integer (4602 binary)

Root relaxation: objective 7.100000e+01, 1520 iterations, 0.04 seconds (0.01 work units)

    Nodes    |    Current Node    |     Objective Bounds      |     Work
 Expl Unexpl |  Obj  Depth IntInf | Incumbent    BestBd   Gap | It/Node Time

     0     0   71.00000    0    2          -   71.00000      -     -    3s
H    0     0                      72.0000000   71.00000  1.39%     -    4s
     0     0   71.00000    0    2   72.00000   71.00000  1.39%     -    5s
H    0     0                      71.0000000   71.00000  0.00%     -   10s
     0     0   71.00000    0    1   71.00000   71.00000  0.00%     -   10s

Explored 1 nodes (6010 simplex iterations) in 10.58 seconds (3.27 work units)
Thread count was 32 (of 32 available processors)

Solution count 2: 71 72 

Optimal solution found (tolerance 1.00e-04)
Best objective 7.100000000000e+01, best bound 7.100000000000e+01, gap 0.0000%

Wrote result file 'RCPSP_545.sol'

