
Gurobi 10.0.3 (linux64, gurobi_cl) logging started Fri Nov 10 20:14:21 2023

Set parameter Username
Set parameter TimeLimit to value 3600
Set parameter LogFile to value "RCPSP_1854.log"
Set parameter Threads to value 32
Academic license - for non-commercial use only - expires 2024-10-30
Using license file /home/jrivera6/gurobi-licenses/v1003/compute-0-37/gurobi.lic

Gurobi Optimizer version 10.0.3 build v10.0.3rc0 (linux64)
Copyright (c) 2023, Gurobi Optimization, LLC

Read MPS format model from file RCPSP_1854.mps
Reading time = 0.14 seconds
RCPSP_1854: 75288 rows, 29890 columns, 237062 nonzeros

CPU model: Intel(R) Xeon(R) Gold 6242 CPU @ 2.80GHz, instruction set [SSE2|AVX|AVX2|AVX512]
Thread count: 32 physical cores, 32 logical processors, using up to 32 threads

Optimize a model with 75288 rows, 29890 columns and 237062 nonzeros
Model fingerprint: 0x84222236
Variable types: 122 continuous, 29768 integer (29768 binary)
Coefficient statistics:
  Matrix range     [1e+00, 7e+02]
  Objective range  [1e+00, 1e+00]
  Bounds range     [1e+00, 1e+00]
  RHS range        [1e+00, 7e+02]
Presolve removed 13652 rows and 2669 columns (presolve time = 5s) ...
Presolve removed 13652 rows and 2669 columns (presolve time = 10s) ...
Presolve removed 17402 rows and 3805 columns
Presolve time: 12.82s
Presolved: 57886 rows, 26085 columns, 190146 nonzeros
Variable types: 121 continuous, 25964 integer (25964 binary)

Deterministic concurrent LP optimizer: primal and dual simplex (primal and dual model)
Showing first log only...

Root relaxation presolved: 57884 rows, 26087 columns, 190142 nonzeros


Root simplex log...

Iteration    Objective       Primal Inf.    Dual Inf.      Time
       0    1.0294947e+02   5.038898e-02   3.161943e+08     15s
    3202    1.0200000e+02   0.000000e+00   0.000000e+00     16s
    3202    1.0200000e+02   0.000000e+00   0.000000e+00     17s
Concurrent spin time: 1.75s

Solved with dual simplex (primal model)

Root relaxation: objective 1.020000e+02, 8422 iterations, 4.74 seconds (0.27 work units)
Total elapsed time = 22.99s
Total elapsed time = 26.48s

    Nodes    |    Current Node    |     Objective Bounds      |     Work
 Expl Unexpl |  Obj  Depth IntInf | Incumbent    BestBd   Gap | It/Node Time

     0     0  102.00000    0  370          -  102.00000      -     -   34s
     0     0  102.00000    0  360          -  102.00000      -     -   34s
     0     0  102.00000    0 1096          -  102.00000      -     -   95s
     0     0  102.00000    0 1210          -  102.00000      -     -  118s
     0     0  102.00000    0 1224          -  102.00000      -     -  144s
     0     0  102.00000    0 1114          -  102.00000      -     -  145s
H    0     0                     658.0000000  102.00000  84.5%     -  184s
     0     0  102.00000    0 1144  658.00000  102.00000  84.5%     -  185s
     0     0  102.00000    0  192  658.00000  102.00000  84.5%     -  209s
     0     0  102.00000    0 1053  658.00000  102.00000  84.5%     -  253s
H    0     0                     291.0000000  102.00000  64.9%     -  278s
H    0     0                     288.0000000  102.00000  64.6%     -  281s
H    0     0                     283.0000000  102.00000  64.0%     -  281s
H    0     0                     270.0000000  102.00000  62.2%     -  281s
     0     0  102.00000    0 1023  270.00000  102.00000  62.2%     -  283s
     0     0  102.00000    0  109  270.00000  102.00000  62.2%     -  313s
H    0     0                     238.0000000  102.00000  57.1%     -  319s
     0     0  102.00000    0  245  238.00000  102.00000  57.1%     -  322s
     0     0  102.00000    0   96  238.00000  102.00000  57.1%     -  349s
     0     0  102.00000    0  129  238.00000  102.00000  57.1%     -  352s
H    0     0                     230.0000000  102.00000  55.7%     -  356s
H    0     0                     222.0000000  102.00000  54.1%     -  373s
     0     0  102.00000    0  118  222.00000  102.00000  54.1%     -  376s
     0     0  102.00000    0  118  222.00000  102.00000  54.1%     -  376s
     0     0  102.00000    0  118  222.00000  102.00000  54.1%     -  377s
H    0     0                     208.0000000  102.00000  51.0%     -  389s
     0     0  102.00000    0  279  208.00000  102.00000  51.0%     -  390s
     0     0  102.00000    0   35  208.00000  102.00000  51.0%     -  405s
     0     0  102.00000    0   37  208.00000  102.00000  51.0%     -  419s
     0     0  102.00000    0   42  208.00000  102.00000  51.0%     -  432s
     0     0  102.00000    0  362  208.00000  102.00000  51.0%     -  438s
H    0     0                     199.0000000  102.00000  48.7%     -  457s
     0     0  102.00000    0  104  199.00000  102.00000  48.7%     -  459s
     0     0  102.00000    0  439  199.00000  102.00000  48.7%     -  465s
     0     0  102.00000    0   72  199.00000  102.00000  48.7%     -  485s
H    0     0                     189.0000000  102.00000  46.0%     -  495s
     0     0  102.00000    0  467  189.00000  102.00000  46.0%     -  497s
     0     0  102.00000    0   73  189.00000  102.00000  46.0%     -  505s
     0     0  102.00000    0   46  189.00000  102.00000  46.0%     -  523s
     0     2  102.00000    0   46  189.00000  102.00000  46.0%     -  544s
     1     4  102.00000    1   48  189.00000  102.00000  46.0%  2227  557s
     3     6  102.00000    2  532  189.00000  102.00000  46.0%  1658  572s
     7     8  102.00000    3  323  189.00000  102.00000  46.0%  1184  587s
    13    16  102.00000    4  400  189.00000  102.00000  46.0%   928  608s
    21    26  102.00000    5  331  189.00000  102.00000  46.0%  1086  634s
H   37    49                     186.0000000  102.00000  45.2%   869 4304s
H   37    49                     176.0000000  102.00000  42.0%   869 4307s
    38    49  108.00000    6  551  176.00000  102.00000  42.0%   896 4313s
H   48    49                     171.0000000  102.00000  40.4%   833 4330s
    54    49  110.00000    6  549  171.00000  102.00000  40.4%   837 4347s

Cutting planes:
  Learned: 3
  Gomory: 15
  Lift-and-project: 1
  Cover: 102
  Implied bound: 493
  Clique: 4
  MIR: 2103
  StrongCG: 23
  Zero half: 2
  RLT: 623
  Relax-and-lift: 240

Explored 63 nodes (220249 simplex iterations) in 4373.44 seconds (103.71 work units)
Thread count was 32 (of 32 available processors)

Solution count 10: 171 176 186 ... 270

Time limit reached
Best objective 1.710000000000e+02, best bound 1.020000000000e+02, gap 40.3509%

Wrote result file 'RCPSP_1854.sol'

