
Gurobi 10.0.3 (linux64, gurobi_cl) logging started Thu Nov  9 12:53:47 2023

Set parameter Username
Set parameter TimeLimit to value 3600
Set parameter LogFile to value "RCPSP_1414.log"
Set parameter Threads to value 32
Academic license - for non-commercial use only - expires 2024-10-30
Using license file /home/jrivera6/gurobi-licenses/v1003/compute-0-37/gurobi.lic

Gurobi Optimizer version 10.0.3 build v10.0.3rc0 (linux64)
Copyright (c) 2023, Gurobi Optimization, LLC

Read MPS format model from file RCPSP_1414.mps
Reading time = 0.07 seconds
RCPSP_1414: 42975 rows, 17020 columns, 159179 nonzeros

CPU model: Intel(R) Xeon(R) Gold 6242 CPU @ 2.80GHz, instruction set [SSE2|AVX|AVX2|AVX512]
Thread count: 32 physical cores, 32 logical processors, using up to 32 threads

Optimize a model with 42975 rows, 17020 columns and 159179 nonzeros
Model fingerprint: 0x47f005eb
Variable types: 92 continuous, 16928 integer (16928 binary)
Coefficient statistics:
  Matrix range     [1e+00, 5e+02]
  Objective range  [1e+00, 1e+00]
  Bounds range     [1e+00, 1e+00]
  RHS range        [1e+00, 5e+02]
Presolve removed 8284 rows and 2313 columns
Presolve time: 3.83s
Presolved: 34691 rows, 14707 columns, 134578 nonzeros
Variable types: 91 continuous, 14616 integer (14616 binary)

Deterministic concurrent LP optimizer: primal and dual simplex (primal and dual model)
Showing first log only...

Root relaxation presolved: 34691 rows, 14707 columns, 134578 nonzeros

Concurrent spin time: 0.02s

Solved with dual simplex (dual model)

Root relaxation: objective 8.800000e+01, 9583 iterations, 0.79 seconds (0.10 work units)
Total elapsed time = 6.47s

    Nodes    |    Current Node    |     Objective Bounds      |     Work
 Expl Unexpl |  Obj  Depth IntInf | Incumbent    BestBd   Gap | It/Node Time

     0     0   88.00000    0   77          -   88.00000      -     -    7s
     0     0   88.00000    0  583          -   88.00000      -     -   16s
     0     0   88.00000    0  447          -   88.00000      -     -   17s
     0     0   88.00000    0   99          -   88.00000      -     -   26s
     0     0   88.00000    0  165          -   88.00000      -     -   26s
     0     0   88.00000    0  152          -   88.00000      -     -   31s
     0     0   88.00000    0  138          -   88.00000      -     -   31s
     0     0   88.00000    0  168          -   88.00000      -     -   31s
     0     0   88.00000    0   37          -   88.00000      -     -   36s
     0     0   88.00000    0  124          -   88.00000      -     -   39s
     0     0   88.00000    0   45          -   88.00000      -     -   43s
     0     0   88.00000    0  235          -   88.00000      -     -   44s
     0     0   88.00000    0   63          -   88.00000      -     -   49s
H    0     0                     514.0000000   88.00000  82.9%     -   50s
     0     0   88.00000    0   62  514.00000   88.00000  82.9%     -   50s
H    0     0                     124.0000000   88.00000  29.0%     -   60s
     0     0   88.00000    0  217  124.00000   88.00000  29.0%     -   75s
     0     0   88.00000    0  707  124.00000   88.00000  29.0%     -   79s
     0     0   88.00000    0  705  124.00000   88.00000  29.0%     -   80s
H    0     0                     121.0000000   88.00000  27.3%     -   85s
H    0     0                     117.0000000   88.00000  24.8%     -   86s
     0     0   88.00000    0  511  117.00000   88.00000  24.8%     -   87s
H    0     0                     115.0000000   88.00000  23.5%     -   99s
H    0     0                     114.0000000   88.00000  22.8%     -   99s
     0     0   88.00000    0  149  114.00000   88.00000  22.8%     -  100s
H    0     0                     112.0000000   88.00000  21.4%     -  103s
     0     0   88.00000    0  200  112.00000   88.00000  21.4%     -  104s
     0     0   88.00000    0  160  112.00000   88.00000  21.4%     -  110s
     0     0   88.00000    0  232  112.00000   88.00000  21.4%     -  114s
     0     0   88.00000    0  127  112.00000   88.00000  21.4%     -  121s
H    0     0                     110.0000000   88.00000  20.0%     -  125s
     0     0   88.00000    0  295  110.00000   88.00000  20.0%     -  126s
     0     0   88.00000    0  293  110.00000   88.00000  20.0%     -  126s
H    0     0                     109.0000000   88.00000  19.3%     -  135s
H    0     0                     108.0000000   88.00000  18.5%     -  135s
H    0     0                     106.0000000   88.00000  17.0%     -  135s
     0     0   88.00000    0  112  106.00000   88.00000  17.0%     -  138s
H    0     0                     105.0000000   88.00000  16.2%     -  142s
H    0     0                     103.0000000   88.00000  14.6%     -  142s
     0     0   88.00000    0  222  103.00000   88.00000  14.6%     -  142s
     0     0   88.00000    0  406  103.00000   88.00000  14.6%     -  144s
     0     0   88.00000    0   77  103.00000   88.00000  14.6%     -  158s
     0     0   88.00000    0  382  103.00000   88.00000  14.6%     -  162s
     0     0   88.00000    0  367  103.00000   88.00000  14.6%     -  165s
     0     0   88.00000    0  110  103.00000   88.00000  14.6%     -  173s
     0     0   88.00000    0  206  103.00000   88.00000  14.6%     -  176s
     0     0   88.00000    0  140  103.00000   88.00000  14.6%     -  181s
     0     0   88.00000    0  138  103.00000   88.00000  14.6%     -  181s
     0     0   88.00000    0  328  103.00000   88.00000  14.6%     -  185s
     0     0   88.00000    0  139  103.00000   88.00000  14.6%     -  193s
H    0     0                     102.0000000   88.00000  13.7%     -  195s
     0     0   88.00000    0  399  102.00000   88.00000  13.7%     -  196s
H    0     0                     101.0000000   88.00000  12.9%     -  202s
     0     0   88.00000    0   79  101.00000   88.00000  12.9%     -  203s
H    0     0                     100.0000000   88.00000  12.0%     -  205s
     0     0   88.00000    0   79  100.00000   88.00000  12.0%     -  206s
     0     2   88.00000    0   48  100.00000   88.00000  12.0%     -  220s
     1     4   88.00000    1   48  100.00000   88.00000  12.0%  3236  230s
     3     8   88.00000    2  234  100.00000   88.00000  12.0%  1501  239s
     7    15   88.00000    3  292  100.00000   88.00000  12.0%   916  252s
    15    30   88.00000    4  248  100.00000   88.00000  12.0%   626  263s
    30    56   88.00000    5  230  100.00000   88.00000  12.0%   402  278s
H   53    56                      99.0000000   88.00000  11.1%   429  279s
    60    51   88.00000    6  302   99.00000   88.00000  11.1%   442  292s
   102    80   88.00000    7  237   99.00000   88.00000  11.1%   381  810s
H  103    80                      99.0000000   88.00000  11.1%   377  810s
H  104    80                      95.0000000   88.00000  7.37%   380  810s
   134    70   88.00000    8  232   95.00000   88.00000  7.37%   391  821s
   166    49   88.00000    9  228   95.00000   88.00000  7.37%   320  826s
   208    64   93.00000    8  284   95.00000   88.00000  7.37%   260  860s
   242    88   93.00000    9  325   95.00000   88.00000  7.37%   314  927s
   275   125   93.00000   10  535   95.00000   88.00000  7.37%   329  947s
   328   183   93.00000   11  529   95.00000   88.00000  7.37%   293  982s
   395   227   93.00000   13  499   95.00000   88.00000  7.37%   250 1264s
   460   292   93.00000   15  501   95.00000   88.00000  7.37%   218 1275s
   539   355   93.00000   17  505   95.00000   88.00000  7.37%   192 1316s
   622   428   93.00000   19  501   95.00000   88.00000  7.37%   173 1352s
   714   508   93.00000   21  495   95.00000   88.00000  7.37%   155 1497s
   823   614   93.00000   23  479   95.00000   88.00000  7.37%   143 1742s
   957   743   93.00000   25  473   95.00000   88.00000  7.37%   126 1753s
  1109   772   93.00000   26  473   95.00000   88.00000  7.37%   113 2087s
  1142   944   93.00000   27  473   95.00000   88.00000  7.37%   112 2131s
  1334  1105   93.00000   29  369   95.00000   88.00000  7.37%   100 2245s
  1516  1278   93.00000   31  379   95.00000   88.00000  7.37%  94.5 2329s
  1727  1509   93.00000   34  389   95.00000   88.00000  7.37%  88.0 2449s
  1992  1756   93.00000   36  416   95.00000   88.00000  7.37%  79.3 2584s
  2306  1974   93.00000   37  414   95.00000   88.00000  7.37%  72.4 2821s
  2575  2201   93.00000   42  414   95.00000   88.00000  7.37%  68.2 3085s
  2872  2414   93.00000   45  396   95.00000   88.00000  7.37%  64.0 3394s
  3005  2414   94.00000   81  457   95.00000   88.00000  7.37%  63.1 3395s

Cutting planes:
  Gomory: 33
  Cover: 564
  Implied bound: 533
  Clique: 107
  MIR: 975
  StrongCG: 23
  Zero half: 5
  RLT: 446
  Relax-and-lift: 333

Explored 3165 nodes (366088 simplex iterations) in 3831.50 seconds (74.09 work units)
Thread count was 32 (of 32 available processors)

Solution count 10: 95 99 99 ... 108

Time limit reached
Best objective 9.500000000000e+01, best bound 8.800000000000e+01, gap 7.3684%

Wrote result file 'RCPSP_1414.sol'

