
Gurobi 10.0.3 (linux64, gurobi_cl) logging started Thu Nov  9 11:48:17 2023

Set parameter Username
Set parameter TimeLimit to value 3600
Set parameter LogFile to value "RCPSP_1153.log"
Set parameter Threads to value 32
Academic license - for non-commercial use only - expires 2024-10-30
Using license file /home/jrivera6/gurobi-licenses/v1003/compute-0-37/gurobi.lic

Gurobi Optimizer version 10.0.3 build v10.0.3rc0 (linux64)
Copyright (c) 2023, Gurobi Optimization, LLC

Read MPS format model from file RCPSP_1153.mps
Reading time = 0.05 seconds
RCPSP_1153: 42947 rows, 17020 columns, 134581 nonzeros

CPU model: Intel(R) Xeon(R) Gold 6242 CPU @ 2.80GHz, instruction set [SSE2|AVX|AVX2|AVX512]
Thread count: 32 physical cores, 32 logical processors, using up to 32 threads

Optimize a model with 42947 rows, 17020 columns and 134581 nonzeros
Model fingerprint: 0x55ef359c
Variable types: 92 continuous, 16928 integer (16928 binary)
Coefficient statistics:
  Matrix range     [1e+00, 5e+02]
  Objective range  [1e+00, 1e+00]
  Bounds range     [1e+00, 1e+00]
  RHS range        [1e+00, 5e+02]
Found heuristic solution: objective 86.0000000
Presolve removed 7032 rows and 1201 columns (presolve time = 5s) ...
Presolve removed 15525 rows and 6241 columns
Presolve time: 8.30s
Presolved: 27422 rows, 10779 columns, 85446 nonzeros
Variable types: 91 continuous, 10688 integer (10688 binary)

Explored 0 nodes (0 simplex iterations) in 8.38 seconds (6.14 work units)
Thread count was 32 (of 32 available processors)

Solution count 1: 86 

Optimal solution found (tolerance 1.00e-04)
Best objective 8.600000000000e+01, best bound 8.600000000000e+01, gap 0.0000%

Wrote result file 'RCPSP_1153.sol'

