
Gurobi 10.0.3 (linux64, gurobi_cl) logging started Thu Nov  2 11:36:18 2023

Set parameter Username
Set parameter TimeLimit to value 3600
Set parameter LogFile to value "RCPSP_738.log"
Set parameter Threads to value 32
Academic license - for non-commercial use only - expires 2024-10-30
Using license file /home/jrivera6/gurobi-licenses/v1003/compute-0-34/gurobi.lic

Gurobi Optimizer version 10.0.3 build v10.0.3rc0 (linux64)
Copyright (c) 2023, Gurobi Optimization, LLC

Read MPS format model from file RCPSP_738.mps
Reading time = 0.02 seconds
RCPSP_738: 19643 rows, 7750 columns, 68318 nonzeros

CPU model: Intel(R) Xeon(R) Gold 6130 CPU @ 2.10GHz, instruction set [SSE2|AVX|AVX2|AVX512]
Thread count: 32 physical cores, 32 logical processors, using up to 32 threads

Optimize a model with 19643 rows, 7750 columns and 68318 nonzeros
Model fingerprint: 0x3c960a37
Variable types: 62 continuous, 7688 integer (7688 binary)
Coefficient statistics:
  Matrix range     [1e+00, 3e+02]
  Objective range  [1e+00, 1e+00]
  Bounds range     [1e+00, 1e+00]
  RHS range        [1e+00, 4e+02]
Presolve removed 8732 rows and 3268 columns
Presolve time: 4.09s
Presolved: 10911 rows, 4482 columns, 39097 nonzeros
Variable types: 61 continuous, 4421 integer (4421 binary)

Root relaxation: objective 8.900000e+01, 1503 iterations, 0.03 seconds (0.01 work units)

    Nodes    |    Current Node    |     Objective Bounds      |     Work
 Expl Unexpl |  Obj  Depth IntInf | Incumbent    BestBd   Gap | It/Node Time

     0     0   89.00000    0   14          -   89.00000      -     -    4s
     0     0   89.00000    0   64          -   89.00000      -     -    6s
     0     0   89.00000    0   64          -   89.00000      -     -    6s
     0     0   89.00000    0   14          -   89.00000      -     -    7s
H    0     0                      89.0000000   89.00000  0.00%     -    8s
     0     0   89.00000    0    2   89.00000   89.00000  0.00%     -    8s

Cutting planes:
  Gomory: 6
  Cover: 1
  Implied bound: 22
  Clique: 1
  MIR: 103
  StrongCG: 3
  RLT: 20
  Relax-and-lift: 15

Explored 1 nodes (6212 simplex iterations) in 8.48 seconds (3.35 work units)
Thread count was 32 (of 32 available processors)

Solution count 1: 89 

Optimal solution found (tolerance 1.00e-04)
Best objective 8.900000000000e+01, best bound 8.900000000000e+01, gap 0.0000%

Wrote result file 'RCPSP_738.sol'

