
Gurobi 10.0.3 (linux64, gurobi_cl) logging started Fri Nov 10 20:14:19 2023

Set parameter Username
Set parameter TimeLimit to value 3600
Set parameter LogFile to value "RCPSP_1823.log"
Set parameter Threads to value 32

Gurobi 10.0.3 (linux64, gurobi_cl) logging started Wed Nov 15 04:44:31 2023

Set parameter Username
Set parameter TimeLimit to value 3600
Set parameter LogFile to value "RCPSP_1823.log"
Set parameter Threads to value 32
Academic license - for non-commercial use only - expires 2024-10-30
Using license file /home/jrivera6/gurobi-licenses/v1003/compute-0-38/gurobi.lic

Gurobi Optimizer version 10.0.3 build v10.0.3rc0 (linux64)
Copyright (c) 2023, Gurobi Optimization, LLC

Read MPS format model from file RCPSP_1823.mps
Reading time = 0.25 seconds
RCPSP_1823: 75251 rows, 29890 columns, 280585 nonzeros

CPU model: Intel(R) Xeon(R) Gold 6242 CPU @ 2.80GHz, instruction set [SSE2|AVX|AVX2|AVX512]
Thread count: 32 physical cores, 32 logical processors, using up to 32 threads

Optimize a model with 75251 rows, 29890 columns and 280585 nonzeros
Model fingerprint: 0xf264dade
Variable types: 122 continuous, 29768 integer (29768 binary)
Coefficient statistics:
  Matrix range     [1e+00, 6e+02]
  Objective range  [1e+00, 1e+00]
  Bounds range     [1e+00, 1e+00]
  RHS range        [1e+00, 6e+02]
Presolve removed 11163 rows and 1597 columns (presolve time = 5s) ...
Presolve removed 11834 rows and 2268 columns
Presolve time: 6.69s
Presolved: 63417 rows, 27622 columns, 249488 nonzeros
Variable types: 121 continuous, 27501 integer (27501 binary)

Deterministic concurrent LP optimizer: primal and dual simplex (primal and dual model)
Showing first log only...

Root relaxation presolved: 63417 rows, 27622 columns, 249488 nonzeros


Root simplex log...

Iteration    Objective       Primal Inf.    Dual Inf.      Time
       0    1.0103063e+02   7.919633e-03   1.998955e+08      9s
    3392    1.0000000e+02   0.000000e+00   0.000000e+00     10s
Concurrent spin time: 2.01s

Solved with primal simplex (primal model)

Root relaxation: objective 1.000000e+02, 3392 iterations, 4.43 seconds (0.48 work units)
Total elapsed time = 16.61s

    Nodes    |    Current Node    |     Objective Bounds      |     Work
 Expl Unexpl |  Obj  Depth IntInf | Incumbent    BestBd   Gap | It/Node Time

     0     0  100.00000    0  253          -  100.00000      -     -   24s
     0     0  100.00000    0 1086          -  100.00000      -     -   78s
     0     0  100.00000    0 1241          -  100.00000      -     -   85s
     0     0  100.00000    0  994          -  100.00000      -     -   86s
     0     0  100.00000    0  902          -  100.00000      -     -   89s
     0     0  100.00000    0  892          -  100.00000      -     -   90s
     0     0  100.00000    0  386          -  100.00000      -     -  131s
     0     0  100.00000    0 1111          -  100.00000      -     -  152s
     0     0  100.00000    0 1018          -  100.00000      -     -  153s
     0     0  100.00000    0  346          -  100.00000      -     -  175s
     0     0  100.00000    0  582          -  100.00000      -     -  182s
     0     0  100.00000    0  521          -  100.00000      -     -  183s
     0     0  100.00000    0  355          -  100.00000      -     -  210s
     0     0  100.00000    0  343          -  100.00000      -     -  210s
     0     0  100.00000    0  741          -  100.00000      -     -  233s
     0     0  100.00000    0  732          -  100.00000      -     -  233s
     0     0  100.00000    0  300          -  100.00000      -     -  260s
     0     0  100.00000    0  300          -  100.00000      -     -  262s
     0     0  100.00000    0  296          -  100.00000      -     -  263s
     0     0  100.00000    0  577          -  100.00000      -     -  269s
     0     0  100.00000    0  570          -  100.00000      -     -  269s
     0     0  100.00000    0  281          -  100.00000      -     -  297s
     0     0  100.00000    0  264          -  100.00000      -     -  369s
     0     2  100.00000    0  258          -  100.00000      -     -  466s
     1     4  100.00000    1  258          -  100.00000      -  2241  477s
     3     8  100.00000    2  337          -  100.00000      -   862  491s
     7    14  100.00000    3 1868          -  100.00000      -  1018  509s
    15    27  100.00000    4 1149          -  100.00000      -  1238  551s
    29    53  100.00000    5 1252          -  100.00000      -  1397  622s
    56    85  100.00000    6 1021          -  100.00000      -  1409  670s
    88   116  100.00000    7  987          -  100.00000      -  1294  704s
   120   146  100.00000    8  815          -  100.00000      -  1209  727s
   152   177  100.00000    9  813          -  100.00000      -  1001  748s
   184   215  100.00000   10  455          -  100.00000      -   910  817s
   223   263  100.00000   11  452          -  100.00000      -  1765  839s
   273   310  100.00000   12  450          -  100.00000      -  1492  862s
   320   439  100.00000   13  450          -  100.00000      -  1283  900s
   455   607  100.00000   15  434          -  100.00000      -   918  949s
   627   894  100.00000   20  402          -  100.00000      -   697 1020s
   932  1394  100.00000   30  419          -  100.00000      -   492 1129s
  1448  2378  100.00000   46  405          -  100.00000      -   337 1415s
  1488  2378  100.00000   49  537          -  100.00000      -   328 1446s
  1706  2378  100.00000   41  572          -  100.00000      -   297 1469s
  2483  4276  100.00000   85  460          -  100.00000      -   244 3669s
  2566  4276  106.00000   48  602          -  100.00000      -   248 3831s
  2729  4276  100.00000   53  349          -  100.00000      -   239 3903s

Cutting planes:
  Gomory: 8
  Lift-and-project: 1
  Cover: 288
  Implied bound: 413
  MIR: 2983
  StrongCG: 5
  Zero half: 1
  RLT: 1986
  Relax-and-lift: 328

Explored 4571 nodes (1008969 simplex iterations) in 4090.38 seconds (105.20 work units)
Thread count was 32 (of 32 available processors)

Solution count 0

Time limit reached
Best objective -, best bound 1.000000000000e+02, gap -

Unable to retrieve attribute 'X'

