
Gurobi 10.0.3 (linux64, gurobi_cl) logging started Thu Nov  2 11:35:36 2023

Set parameter Username
Set parameter TimeLimit to value 3600
Set parameter LogFile to value "RCPSP_690.log"
Set parameter Threads to value 32
Academic license - for non-commercial use only - expires 2024-10-30
Using license file /home/jrivera6/gurobi-licenses/v1003/compute-0-34/gurobi.lic

Gurobi Optimizer version 10.0.3 build v10.0.3rc0 (linux64)
Copyright (c) 2023, Gurobi Optimization, LLC

Read MPS format model from file RCPSP_690.mps
Reading time = 0.02 seconds
RCPSP_690: 19643 rows, 7750 columns, 64658 nonzeros

CPU model: Intel(R) Xeon(R) Gold 6130 CPU @ 2.10GHz, instruction set [SSE2|AVX|AVX2|AVX512]
Thread count: 32 physical cores, 32 logical processors, using up to 32 threads

Optimize a model with 19643 rows, 7750 columns and 64658 nonzeros
Model fingerprint: 0x2d0266bb
Variable types: 62 continuous, 7688 integer (7688 binary)
Coefficient statistics:
  Matrix range     [1e+00, 3e+02]
  Objective range  [1e+00, 1e+00]
  Bounds range     [1e+00, 1e+00]
  RHS range        [1e+00, 3e+02]
Presolve removed 9177 rows and 3407 columns
Presolve time: 3.10s
Presolved: 10466 rows, 4343 columns, 35172 nonzeros
Variable types: 61 continuous, 4282 integer (4282 binary)

Root relaxation: objective 6.000000e+01, 1429 iterations, 0.02 seconds (0.01 work units)

    Nodes    |    Current Node    |     Objective Bounds      |     Work
 Expl Unexpl |  Obj  Depth IntInf | Incumbent    BestBd   Gap | It/Node Time

     0     0   60.00000    0   83          -   60.00000      -     -    3s
     0     0   60.00000    0  288          -   60.00000      -     -    5s
     0     0   60.00000    0  281          -   60.00000      -     -    6s
     0     0   60.96610    0  143          -   60.96610      -     -   10s
     0     0   61.36446    0  143          -   61.36446      -     -   10s
     0     0   63.09036    0  131          -   63.09036      -     -   11s
     0     0   63.09893    0  267          -   63.09893      -     -   12s
     0     0   63.27143    0  199          -   63.27143      -     -   12s
     0     0   63.27143    0  187          -   63.27143      -     -   12s
     0     0   67.36446    0  325          -   67.36446      -     -   13s
     0     0   67.36446    0  334          -   67.36446      -     -   13s
     0     0   67.37013    0  484          -   67.37013      -     -   15s
     0     0   67.48595    0  332          -   67.48595      -     -   15s
     0     0   67.49175    0  364          -   67.49175      -     -   16s
     0     0   67.49175    0  361          -   67.49175      -     -   16s
     0     0   67.86381    0  410          -   67.86381      -     -   17s
     0     0   67.86381    0  324          -   67.86381      -     -   18s
     0     0   67.86381    0  364          -   67.86381      -     -   19s
     0     0   67.86381    0  334          -   67.86381      -     -   19s
     0     0   67.86381    0   69          -   67.86381      -     -   22s
     0     0   67.86381    0  185          -   67.86381      -     -   22s
     0     0   67.86381    0   42          -   67.86381      -     -   24s
     0     0   67.86381    0   91          -   67.86381      -     -   24s
     0     0   67.86381    0  143          -   67.86381      -     -   27s
     0     0   67.86381    0  189          -   67.86381      -     -   27s
     0     0   67.86381    0  109          -   67.86381      -     -   30s
     0     0   67.86381    0  304          -   67.86381      -     -   30s
     0     0   67.86381    0   50          -   67.86381      -     -   33s
     0     0   67.86381    0   50          -   67.86381      -     -   34s
     0     2   67.86381    0   48          -   67.86381      -     -   39s
     1     3   68.09036    1   36          -   68.09036      -   497   40s
    12    23   68.09036    4  272          -   68.09036      -   307   46s
    47    58   68.09036    6  261          -   68.09036      -   337   51s
   111   107   68.22694    8  341          -   68.09036      -   310   56s
   211   207   68.44575   11  269          -   68.09036      -   192   62s
   250   239   69.20351   11  239          -   68.09036      -   175   65s
   364   351   71.00000   14  448          -   68.09036      -   147   71s
   520   546   71.88889   16  411          -   68.09036      -   113   75s
   858   919   71.88889   28  380          -   68.09036      -  78.1   80s
  1167  1135   72.15828   36  376          -   68.09036      -  62.7  136s
  1379  1361   72.15828   37  374          -   68.09036      -  60.5  140s
  1663  1680   75.00000   52  389          -   68.09036      -  59.6  145s
  2309  2175   75.00000   69  365          -   68.09036      -  53.6  151s
  2701  2618   75.00000   80  285          -   68.09036      -  52.7  155s
  3611  3411   75.00000   11  265          -   68.09036      -  46.8  161s
  4410  3816   77.36446   13   50          -   68.09036      -  42.7  191s
  4412  3817   76.00000   27   53          -   68.09036      -  42.7  206s
  4413  3818   73.92146   15   59          -   68.09036      -  42.7  210s
  4415  3819   75.00000   25   54          -   68.09036      -  42.7  216s
  4418  3821   71.88889   27  179          -   68.09337      -  42.7  220s
  4419  3822   75.00000   46  127          -   68.40183      -  42.7  225s
  4422  3824   75.00000   41  162          -   68.60111      -  42.6  230s
  4424  3825   71.88889   19  346          -   68.60118      -  42.6  235s
  4426  3827   75.00000   38  347          -   68.60122      -  42.6  240s
  4429  3829   71.88889   18  108          -   68.60139      -  42.6  246s
  4432  3831   71.88889   33  344          -   68.61012      -  42.5  250s
  4437  3834   75.50235   56  242          -   68.65682      -  42.5  256s
  4440  3836   73.77972   43  138          -   68.67347      -  42.5  260s
  4443  3838   81.50235   26  327          -   68.68342      -  42.4  265s
  4444  3839   73.98130   48  246          -   68.68753      -  42.4  271s
  4446  3840   84.00000   56  130          -   68.88864      -  42.4  275s
  4450  3843   78.00000   32  273          -   68.88864      -  42.4  281s
  4451  3843   78.09036   12  220          -   68.88864      -  42.3  286s
  4454  3845   85.00000   49  190          -   68.88864      -  42.3  293s
  4455  3846   84.77778   60  377          -   68.88864      -  42.3  295s
  4457  3847   72.00000   20  323          -   68.88929      -  42.3  300s
  4459  3849   74.09036    8  421          -   68.89046      -  42.3  305s
  4460  3849   73.00000   66  154          -   68.90024      -  42.3  311s
  4462  3851   75.00000   24  103          -   68.90462      -  42.2  316s
  4465  3853   76.99549   36   67          -   68.91739      -  42.2  321s
  4467  3854   72.00000   14  193          -   68.91811      -  42.2  325s
  4469  3855   73.92146   17  212          -   68.91857      -  42.2  331s
  4471  3857   77.00000   48  152          -   68.91863      -  42.2  337s
  4473  3858   82.00000   54  207          -   68.91863      -  42.1  341s
H 4474  3665                     145.0000000   68.91863  52.5%  42.1  345s
H 4474  3480                     135.0000000   68.91863  48.9%  42.1  346s
  4476  3484   68.91863   15  149  135.00000   68.91863  48.9%  73.2  365s
  4478  3487   68.92279   16  232  135.00000   68.92279  48.9%  73.3  378s
  4482  3494   68.92500   17  316  135.00000   68.92500  48.9%  73.6  391s
  4490  3507   69.17289   18  287  135.00000   68.95274  48.9%  74.6  403s
H 4506  3359                     131.0000000   69.00000  47.3%  76.4  430s
H 4507  3193                     129.0000000   69.00000  46.5%  76.5  430s
H 4512  3033                     127.0000000   69.00000  45.7%  77.1  430s
  4538  3056   70.60111   20  282  127.00000   69.17289  45.5%  81.0  438s
H 4570  2927                     118.0000000   69.17289  41.4%  84.2  533s
H 4572  2784                     115.0000000   69.17289  39.8%  84.5  533s
  4602  2806   70.60111   21  283  115.00000   69.17289  39.8%  86.0  540s
H 4634  2691                     112.0000000   69.17289  38.2%  86.5  636s
H 4635  2563                     110.0000000   69.17289  37.1%  86.6  636s
H 4639  2439                      97.0000000   69.17289  28.7%  86.7  636s
  4666  2474   70.60111   22  313   97.00000   69.17289  28.7%  87.0  647s
  4716  2501   70.60111   23  308   97.00000   69.17289  28.7%  88.4  669s
  4765  2532   75.98416   24  306   97.00000   69.17289  28.7%  89.3  679s
  4818  2559   70.60111   24  315   97.00000   69.17289  28.7%  89.9  693s
  4866  2598   75.00000   25  268   97.00000   69.17289  28.7%  91.3  704s
  4933  2632   70.60111   25  312   97.00000   69.17289  28.7%  91.3  716s
  4997  2671   70.60111   26  299   97.00000   69.17289  28.7%  91.6  727s
  5063  2713   70.60111   27  306   97.00000   69.17289  28.7%  91.9  741s
  5136  2753   70.60111   28  325   97.00000   69.17289  28.7%  91.9  751s
  5219  2791   76.00000   28  295   97.00000   69.17289  28.7%  91.4  763s
  5305  2833   71.00000   29  315   97.00000   69.17289  28.7%  91.4  772s
  5388  2886   70.60111   29  316   97.00000   69.17289  28.7%  91.5  784s
  5487  2952   71.00000   30  315   97.00000   69.17289  28.7%  90.9  797s
  5600  3016   71.00000   32  306   97.00000   69.17289  28.7%  89.7  809s
H 5718  2887                      94.0000000   69.17289  26.4%  88.7  836s
  5752  2872   71.00000   34  288   94.00000   69.17289  26.4%  88.6  851s
  5864  2899   71.00000   35  328   94.00000   69.17289  26.4%  89.9  865s
  5936  2951   73.00000   36  291   94.00000   69.17289  26.4%  91.4  878s
  6023  3013   71.00000   37  350   94.00000   69.17289  26.4%  91.7  892s
  6121  3075   72.05405   38  326   94.00000   69.17289  26.4%  91.7  905s
  6220  3309   72.05405   39  326   94.00000   69.17289  26.4%  91.8  912s
  6524  3285   75.00000   44  275   94.00000   69.17289  26.4%  89.6  924s
  6636  3549   75.00000   45  269   94.00000   69.17289  26.4%  89.7  931s
  7018  3260   75.00000   51  360   94.00000   69.17289  26.4%  86.7  947s
H 7024  3058                      92.0000000   69.17289  24.8%  86.7  947s
H 7075  2936                      91.0000000   69.17289  24.0%  86.6  947s
  7076  2852   75.00000   53  341   91.00000   69.17289  24.0%  86.6  964s
H 7191  2714                      90.0000000   69.17289  23.1%  88.1  966s
  7212  2732   81.00000   54  320   90.00000   69.17289  23.1%  88.2  981s
  7292  2747   84.00000   56  286   90.00000   69.17289  23.1%  91.8  992s
  7376  2931   80.00000   59  298   90.00000   69.17289  23.1%  94.2 1005s
  7650  2739   83.00000   67  255   90.00000   69.17289  23.1%  93.6 1020s
H 7760  2608                      89.0000000   69.17289  22.3%  94.4 1020s
  7789  2887   83.00000   71  226   89.00000   69.17289  22.3%  94.3 1029s
  8314  2667   83.00000   81  241   89.00000   69.17289  22.3%  92.1 1047s
  8444  3129   83.00000   84  211   89.00000   69.17289  22.3%  93.6 1055s
H 9046  2639                      88.0000000   69.17289  21.4%  90.5 1081s
H 9054  2341                      87.0000000   69.17289  20.5%  90.6 1081s
  9120  2325 infeasible   97        87.00000   70.60111  18.8%  91.6 1105s
  9244  2374   71.00000   21  362   87.00000   70.60111  18.8%  93.2 1123s
  9356  3049   73.00000   24  300   87.00000   70.60111  18.8%  94.5 1134s
 10012  3049   85.00000   52  296   87.00000   70.60111  18.8%  90.7 1135s
 10241  3115   78.00000   55  273   87.00000   70.60111  18.8%  89.8 1153s
 10411  3144   79.00000   56  246   87.00000   70.60111  18.8%  89.8 1182s
 10524  3241   79.00000   60  223   87.00000   70.60111  18.8%  91.6 1197s
 10633  3977   79.00000   68  215   87.00000   70.60111  18.8%  91.8 1209s
 11716  4359   83.00000  103  184   87.00000   70.60111  18.8%  86.5 1224s
H11737  3887                      86.0000000   70.60111  17.9%  86.4 1224s
 12409  3734     cutoff  148        86.00000   70.60111  17.9%  84.5 1251s
 12538  3840   70.60387   25  397   86.00000   70.60111  17.9%  86.6 1272s
 12690  4427   70.60387   28  389   86.00000   70.60111  17.9%  87.2 1287s
H13129  4029                      85.0000000   70.60111  16.9%  85.8 1287s
 13757  4199   83.00000   46  235   85.00000   70.60111  16.9%  83.7 1305s
 14468  4177   71.48649   29  344   85.00000   70.60111  16.9%  83.0 1335s
H14469  3763                      84.0000000   70.60111  16.0%  83.0 1335s
 14574  3832   78.00000   30  270   84.00000   70.60111  16.0%  85.4 1358s
 14694  4495   80.00000   35  223   84.00000   70.60211  15.9%  86.7 1380s
 15960  4491 infeasible   32        84.00000   70.60211  15.9%  83.6 1415s
H15962  3917                      83.0000000   70.60211  14.9%  83.6 1415s
 16041  3976     cutoff   33        83.00000   70.60211  14.9%  85.6 1441s
 16177  4113   75.00000   29  285   83.00000   70.60211  14.9%  87.0 1465s
 16370  4965   77.00000   35  293   83.00000   70.60211  14.9%  86.9 1485s
 17872  5257   81.00000   35  238   83.00000   70.60437  14.9%  83.0 1506s
 18437  5301   75.00000   33  308   83.00000   70.60437  14.9%  82.9 1542s
*18530  4383             148      82.0000000   70.60437  13.9%  83.4 1542s
 18619  4920   75.00000   34  309   82.00000   70.60437  13.9%  84.4 1577s
 19809  4906 infeasible   61        82.00000   70.61002  13.9%  83.1 1626s
H19812  4044                      81.0000000   70.61002  12.8%  83.2 1626s
H19844  3411                      80.0000000   70.61002  11.7%  83.6 1626s
 19908  3398   77.00000   30  393   80.00000   70.61002  11.7%  84.7 1665s
 20079  3493     cutoff   32        80.00000   70.61002  11.7%  86.5 1710s
*20195  3491              97      80.0000000   70.61002  11.7%  86.6 1710s
 20350  3535   78.00000   35  309   80.00000   70.61002  11.7%  87.8 1743s
 20674  4114   78.00000   39  311   80.00000   70.62532  11.7%  88.8 1765s
H22142  3511                      79.0000000   70.74657  10.4%  86.8 1766s
 22178  3129 infeasible   38        79.00000   70.88639  10.3%  86.8 1804s
 22322  3145   76.00000   36  300   79.00000   70.97470  10.2%  90.0 1836s
 22523  3203     cutoff   36        79.00000   71.00000  10.1%  92.3 1866s
 22780  3550   77.00000   40  283   79.00000   71.00000  10.1%  93.8 1894s
*23239  3550              94      79.0000000   71.00000  10.1%  93.4 1894s
 23766  3412 infeasible   37        79.00000   71.00000  10.1%  92.8 1937s
 23961  3440 infeasible   77        79.00000   71.00000  10.1%  95.9 1980s
 24219  3520   74.00000   35  279   79.00000   71.00000  10.1%  98.0 2016s
 24575  3556     cutoff   44        79.00000   71.00000  10.1%  99.5 2052s
 24840  3683   78.00000   44  372   79.00000   71.00000  10.1%   100 2091s
 25256  4601   78.00000   50  241   79.00000   71.39391  9.63%   101 2124s
 27602  4577 infeasible   27        79.00000   71.97414  8.89%  97.2 2163s
 27870  4869   78.00000   33  289   79.00000   72.00000  8.86%  99.4 2204s
 28697  5761   73.48741   26  382   79.00000   72.00000  8.86%  98.9 2238s
 31261  5902 infeasible   41        79.00000   72.11134  8.72%  95.6 2342s
 31880  7372   76.00000   49  247   79.00000   72.11134  8.72%  97.4 2424s
H33885  5319                      78.0000000   72.11134  7.55%  95.7 2425s
 36738  4812 infeasible   51        78.00000   72.11134  7.55%  92.8 2472s
H36745  4812                      78.0000000   72.11134  7.55%  92.8 2472s
 37046  4576   73.03850   25  368   78.00000   72.11134  7.55%  95.2 2513s
 37439  4222   77.00000   30  297   78.00000   73.00000  6.41%  97.8 2570s
 37926  4021 infeasible   46        78.00000   73.00000  6.41%   101 2626s
 38324  3698   74.00000   33  315   78.00000   73.59524  5.65%   103 2677s
 38968  3478   74.00000   37  407   78.00000   73.59524  5.65%   105 2738s
 39624  3207 infeasible   39        78.00000   73.59524  5.65%   107 2809s
 40445  3122     cutoff   52        78.00000   74.02223  5.10%   108 2886s
 41409  2845 infeasible   32        78.00000   75.00000  3.85%   108 2977s
 42746  2279     cutoff   47        78.00000   75.00000  3.85%   107 3064s
 44046  2279     cutoff   47        78.00000   75.00000  3.85%   106 3065s
 44137  4466   75.00000   48  232   78.00000   75.00000  3.85%   106 3188s
 52233  4776   75.02586   64  189   78.00000   75.00000  3.85%  92.2 3261s
 61576  3694 infeasible   62        78.00000   75.00000  3.85%  80.2 3554s
 62983  2424 infeasible   40        78.00000   75.00000  3.85%  81.0 3600s

Cutting planes:
  Learned: 9
  Gomory: 82
  Cover: 275
  Implied bound: 316
  Projected implied bound: 13
  Clique: 14
  MIR: 769
  StrongCG: 31
  Flow cover: 2291
  Inf proof: 396
  Zero half: 18
  RLT: 169
  Relax-and-lift: 197

Explored 64686 nodes (5283051 simplex iterations) in 3607.13 seconds (163.83 work units)
Thread count was 32 (of 32 available processors)

Solution count 10: 78 78 79 ... 84

Time limit reached
Best objective 7.799999999210e+01, best bound 7.500000000000e+01, gap 3.8462%

Wrote result file 'RCPSP_690.sol'

