
Gurobi 10.0.3 (linux64, gurobi_cl) logging started Thu Nov  9 11:59:35 2023

Set parameter Username
Set parameter TimeLimit to value 3600
Set parameter LogFile to value "RCPSP_1337.log"
Set parameter Threads to value 32
Academic license - for non-commercial use only - expires 2024-10-30
Using license file /home/jrivera6/gurobi-licenses/v1003/compute-0-38/gurobi.lic

Gurobi Optimizer version 10.0.3 build v10.0.3rc0 (linux64)
Copyright (c) 2023, Gurobi Optimization, LLC

Read MPS format model from file RCPSP_1337.mps
Reading time = 0.09 seconds
RCPSP_1337: 42975 rows, 17020 columns, 142890 nonzeros

CPU model: Intel(R) Xeon(R) Gold 6242 CPU @ 2.80GHz, instruction set [SSE2|AVX|AVX2|AVX512]
Thread count: 32 physical cores, 32 logical processors, using up to 32 threads

Optimize a model with 42975 rows, 17020 columns and 142890 nonzeros
Model fingerprint: 0x0d32a94a
Variable types: 92 continuous, 16928 integer (16928 binary)
Coefficient statistics:
  Matrix range     [1e+00, 5e+02]
  Objective range  [1e+00, 1e+00]
  Bounds range     [1e+00, 1e+00]
  RHS range        [1e+00, 5e+02]
Presolve removed 7284 rows and 1313 columns (presolve time = 5s) ...
Presolve removed 8875 rows and 2457 columns
Presolve time: 6.18s
Presolved: 34100 rows, 14563 columns, 117514 nonzeros
Variable types: 91 continuous, 14472 integer (14472 binary)

Deterministic concurrent LP optimizer: primal and dual simplex (primal and dual model)
Showing first log only...

Root relaxation presolved: 34100 rows, 14563 columns, 117514 nonzeros


Root simplex log...

Iteration    Objective       Primal Inf.    Dual Inf.      Time
       0    8.6331605e+01   9.287913e-02   2.954707e+08      7s
    1867    8.5000000e+01   0.000000e+00   0.000000e+00      8s
Concurrent spin time: 0.40s

Solved with dual simplex (primal model)

Root relaxation: objective 8.500000e+01, 5206 iterations, 1.46 seconds (0.12 work units)

    Nodes    |    Current Node    |     Objective Bounds      |     Work
 Expl Unexpl |  Obj  Depth IntInf | Incumbent    BestBd   Gap | It/Node Time

     0     0   85.00000    0   46          -   85.00000      -     -   10s
     0     0   85.00000    0  436          -   85.00000      -     -   23s
     0     0   85.00000    0  365          -   85.00000      -     -   25s
     0     0   85.00000    0   27          -   85.00000      -     -   30s
     0     0   85.00000    0   32          -   85.00000      -     -   32s
     0     0   85.00000    0   73          -   85.00000      -     -   38s
     0     0   85.00000    0   83          -   85.00000      -     -   39s
     0     0   85.00000    0   12          -   85.00000      -     -   41s
     0     0   85.00000    0   22          -   85.00000      -     -   42s
H    0     0                      85.0000000   85.00000  0.00%     -   44s
     0     0   85.00000    0    8   85.00000   85.00000  0.00%     -   44s

Cutting planes:
  Gomory: 15
  Cover: 3
  Implied bound: 54
  MIR: 73
  RLT: 162
  Relax-and-lift: 50

Explored 1 nodes (31705 simplex iterations) in 44.81 seconds (9.28 work units)
Thread count was 32 (of 32 available processors)

Solution count 1: 85 

Optimal solution found (tolerance 1.00e-04)
Best objective 8.500000000000e+01, best bound 8.500000000000e+01, gap 0.0000%

Wrote result file 'RCPSP_1337.sol'

