
Gurobi 10.0.3 (linux64, gurobi_cl) logging started Fri Nov 10 18:39:27 2023

Set parameter Username
Set parameter TimeLimit to value 3600
Set parameter LogFile to value "RCPSP_1630.log"
Set parameter Threads to value 32
Academic license - for non-commercial use only - expires 2024-10-30
Using license file /home/jrivera6/gurobi-licenses/v1003/compute-0-37/gurobi.lic

Gurobi Optimizer version 10.0.3 build v10.0.3rc0 (linux64)
Copyright (c) 2023, Gurobi Optimization, LLC

Read MPS format model from file RCPSP_1630.mps
Reading time = 0.09 seconds
RCPSP_1630: 75214 rows, 29890 columns, 280548 nonzeros

CPU model: Intel(R) Xeon(R) Gold 6242 CPU @ 2.80GHz, instruction set [SSE2|AVX|AVX2|AVX512]
Thread count: 32 physical cores, 32 logical processors, using up to 32 threads

Optimize a model with 75214 rows, 29890 columns and 280548 nonzeros
Model fingerprint: 0x698d6a75
Variable types: 122 continuous, 29768 integer (29768 binary)
Coefficient statistics:
  Matrix range     [1e+00, 7e+02]
  Objective range  [1e+00, 1e+00]
  Bounds range     [1e+00, 1e+00]
  RHS range        [1e+00, 7e+02]
Presolve removed 11264 rows and 1883 columns
Presolve time: 4.56s
Presolved: 63950 rows, 28007 columns, 252168 nonzeros
Variable types: 121 continuous, 27886 integer (27886 binary)

Deterministic concurrent LP optimizer: primal and dual simplex (primal and dual model)
Showing first log only...

Root relaxation presolved: 63950 rows, 28007 columns, 252168 nonzeros


Root simplex log...

Iteration    Objective       Primal Inf.    Dual Inf.      Time
       0    8.8004208e+01   7.536636e-03   2.536484e+08      7s
    4499    8.8000000e+01   0.000000e+00   0.000000e+00      7s
Concurrent spin time: 2.12s

Solved with primal simplex (primal model)

Root relaxation: objective 8.800000e+01, 4499 iterations, 3.81 seconds (0.40 work units)
Total elapsed time = 12.12s
Total elapsed time = 15.28s

    Nodes    |    Current Node    |     Objective Bounds      |     Work
 Expl Unexpl |  Obj  Depth IntInf | Incumbent    BestBd   Gap | It/Node Time

     0     0   88.00000    0   42          -   88.00000      -     -   18s
     0     0   88.00000    0  815          -   88.00000      -     -   54s
     0     0   88.00000    0  880          -   88.00000      -     -   58s
     0     0   88.00000    0   49          -   88.00000      -     -   86s
     0     0   88.00000    0   51          -   88.00000      -     -   87s
     0     0   88.00000    0   16          -   88.00000      -     -  103s
     0     0   88.00000    0   16          -   88.00000      -     -  112s
     0     0   88.00000    0   22          -   88.00000      -     -  126s
     0     0   88.00000    0   32          -   88.00000      -     -  127s
     0     0   88.00000    0   18          -   88.00000      -     -  147s
     0     0   88.00000    0   18          -   88.00000      -     -  151s
     0     0   88.00000    0   70          -   88.00000      -     -  186s
     0     0   88.00000    0  177          -   88.00000      -     -  208s
     0     0   88.00000    0   24          -   88.00000      -     -  251s
     0     0   88.00000    0   22          -   88.00000      -     -  263s
     0     2   88.00000    0   22          -   88.00000      -     -  288s
     1     4   88.00000    1   22          -   88.00000      -  1254  300s
     3     8   88.00000    2 1239          -   88.00000      -   788  317s
     7    16   88.00000    3 1420          -   88.00000      -   954  337s
    15    32   88.00000    4 1085          -   88.00000      -  1066  356s
    31    64   88.00000    5 1544          -   88.00000      -   729  415s
    63    91   88.00000    6 1332          -   88.00000      -   949  466s
    95   120   88.00000    7 1292          -   88.00000      -   971  493s
   127   151   88.00000    8 1190          -   88.00000      -   794  516s
   159   182   88.00000    9 1044          -   88.00000      -   668  542s
   191   214   88.00000   10   27          -   88.00000      -   648  576s
   225   251   88.00000   11  298          -   88.00000      -   751  612s
   264   295   88.00000   11   27          -   88.00000      -   866  638s
   311   415   88.00000   13   27          -   88.00000      -   776  706s
   432   569   88.00000   17   27          -   88.00000      -   574 1137s
   442   569   88.00000   17   42          -   88.00000      -   562 1143s
   510   569   88.00000   14  927          -   88.00000      -   593 1147s
   591   819   88.00000   25  202          -   88.00000      -   548 2601s
   649   819 infeasible   21               -   88.00000      -   537 2685s
   720   819   88.00000   21   28          -   88.00000      -   508 2707s
   733   819   88.00000   17  265          -   88.00000      -   514 2721s

Gurobi 10.0.3 (linux64, gurobi_cl) logging started Wed Nov 15 04:33:50 2023

Set parameter Username
Set parameter TimeLimit to value 3600
Set parameter LogFile to value "RCPSP_1630.log"
Set parameter Threads to value 32
Academic license - for non-commercial use only - expires 2024-11-06
Using license file /home/jrivera6/gurobi-licenses/v1003/compute-0-36/gurobi.lic

Gurobi Optimizer version 10.0.3 build v10.0.3rc0 (linux64)
Copyright (c) 2023, Gurobi Optimization, LLC

Read MPS format model from file RCPSP_1630.mps
Reading time = 0.13 seconds
RCPSP_1630: 75214 rows, 29890 columns, 280548 nonzeros

CPU model: Intel(R) Xeon(R) Gold 6130 CPU @ 2.10GHz, instruction set [SSE2|AVX|AVX2|AVX512]
Thread count: 32 physical cores, 32 logical processors, using up to 32 threads

Optimize a model with 75214 rows, 29890 columns and 280548 nonzeros
Model fingerprint: 0x698d6a75
Variable types: 122 continuous, 29768 integer (29768 binary)
Coefficient statistics:
  Matrix range     [1e+00, 7e+02]
  Objective range  [1e+00, 1e+00]
  Bounds range     [1e+00, 1e+00]
  RHS range        [1e+00, 7e+02]
Presolve removed 11264 rows and 1883 columns
Presolve time: 4.03s
Presolved: 63950 rows, 28007 columns, 252168 nonzeros
Variable types: 121 continuous, 27886 integer (27886 binary)

Deterministic concurrent LP optimizer: primal and dual simplex (primal and dual model)
Showing first log only...

Root relaxation presolved: 63950 rows, 28007 columns, 252168 nonzeros


Root simplex log...

Iteration    Objective       Primal Inf.    Dual Inf.      Time
       0    8.8004208e+01   7.536636e-03   2.536484e+08      6s
    4499    8.8000000e+01   0.000000e+00   0.000000e+00      6s
Concurrent spin time: 1.78s

Solved with primal simplex (primal model)

Root relaxation: objective 8.800000e+01, 4499 iterations, 3.39 seconds (0.40 work units)
Total elapsed time = 12.46s
Total elapsed time = 15.18s

    Nodes    |    Current Node    |     Objective Bounds      |     Work
 Expl Unexpl |  Obj  Depth IntInf | Incumbent    BestBd   Gap | It/Node Time

     0     0   88.00000    0   42          -   88.00000      -     -   17s
     0     0   88.00000    0  815          -   88.00000      -     -   40s
     0     0   88.00000    0  880          -   88.00000      -     -   43s
     0     0   88.00000    0   49          -   88.00000      -     -   59s
     0     0   88.00000    0   51          -   88.00000      -     -   60s
     0     0   88.00000    0   16          -   88.00000      -     -   69s
     0     0   88.00000    0   16          -   88.00000      -     -   76s
     0     0   88.00000    0   22          -   88.00000      -     -   83s
     0     0   88.00000    0   32          -   88.00000      -     -   84s
     0     0   88.00000    0   18          -   88.00000      -     -   94s
     0     0   88.00000    0   18          -   88.00000      -     -   95s
     0     0   88.00000    0   70          -   88.00000      -     -  114s
     0     0   88.00000    0  177          -   88.00000      -     -  128s
     0     0   88.00000    0   24          -   88.00000      -     -  156s
     0     0   88.00000    0   22          -   88.00000      -     -  169s
     0     2   88.00000    0   22          -   88.00000      -     -  190s
     1     4   88.00000    1   22          -   88.00000      -  1254  200s
     3     8   88.00000    2 1239          -   88.00000      -   788  233s
     7    16   88.00000    3 1420          -   88.00000      -   954  271s
    15    32   88.00000    4 1085          -   88.00000      -  1066  293s
    31    64   88.00000    5 1544          -   88.00000      -   729  371s
    63    91   88.00000    6 1332          -   88.00000      -   949  431s
    95   120   88.00000    7 1292          -   88.00000      -   971  473s
   127   151   88.00000    8 1190          -   88.00000      -   794  502s
   159   182   88.00000    9 1044          -   88.00000      -   668  554s
   191   214   88.00000   10   27          -   88.00000      -   648  613s
   225   251   88.00000   11  298          -   88.00000      -   751  676s
   264   295   88.00000   11   27          -   88.00000      -   866  731s
   311   415   88.00000   13   27          -   88.00000      -   776  760s
   432   569   88.00000   17   27          -   88.00000      -   574  868s
   591   819   88.00000   25  202          -   88.00000      -   548 1731s
   649   819 infeasible   21               -   88.00000      -   537 1741s
   852   895   88.00000   30   48          -   88.00000      -   476 4116s

Cutting planes:
  Gomory: 33
  Lift-and-project: 1
  Cover: 157
  Implied bound: 336
  MIR: 390
  StrongCG: 1
  RLT: 636
  Relax-and-lift: 118

Explored 936 nodes (503813 simplex iterations) in 4319.96 seconds (66.71 work units)
Thread count was 32 (of 32 available processors)

Solution count 0

Time limit reached
Best objective -, best bound 8.800000000000e+01, gap -

Unable to retrieve attribute 'X'

