
Gurobi 10.0.3 (linux64, gurobi_cl) logging started Thu Nov  2 11:53:11 2023

Set parameter Username
Set parameter TimeLimit to value 3600
Set parameter LogFile to value "RCPSP_961.log"
Set parameter Threads to value 32
Academic license - for non-commercial use only - expires 2024-10-30
Using license file /home/jrivera6/gurobi-licenses/v1003/compute-0-38/gurobi.lic

Gurobi Optimizer version 10.0.3 build v10.0.3rc0 (linux64)
Copyright (c) 2023, Gurobi Optimization, LLC

Read MPS format model from file RCPSP_961.mps
Reading time = 0.06 seconds
RCPSP_961: 42919 rows, 17020 columns, 134553 nonzeros

CPU model: Intel(R) Xeon(R) Gold 6242 CPU @ 2.80GHz, instruction set [SSE2|AVX|AVX2|AVX512]
Thread count: 32 physical cores, 32 logical processors, using up to 32 threads

Optimize a model with 42919 rows, 17020 columns and 134553 nonzeros
Model fingerprint: 0x04b3c663
Variable types: 92 continuous, 16928 integer (16928 binary)
Coefficient statistics:
  Matrix range     [1e+00, 5e+02]
  Objective range  [1e+00, 1e+00]
  Bounds range     [1e+00, 1e+00]
  RHS range        [1e+00, 5e+02]
Presolve removed 10549 rows and 2669 columns
Presolve time: 3.16s
Presolved: 32370 rows, 14351 columns, 105911 nonzeros
Variable types: 91 continuous, 14260 integer (14260 binary)

Deterministic concurrent LP optimizer: primal and dual simplex (primal and dual model)
Showing first log only...

Root relaxation presolved: 32368 rows, 14353 columns, 105907 nonzeros

Concurrent spin time: 0.31s

Solved with dual simplex (dual model)

Root relaxation: objective 6.700000e+01, 15231 iterations, 1.07 seconds (0.11 work units)
Total elapsed time = 6.31s

    Nodes    |    Current Node    |     Objective Bounds      |     Work
 Expl Unexpl |  Obj  Depth IntInf | Incumbent    BestBd   Gap | It/Node Time

     0     0   67.00000    0  481          -   67.00000      -     -    8s
     0     0   67.00000    0  478          -   67.00000      -     -    8s
     0     0   67.00222    0 1293          -   67.00222      -     -   20s
     0     0   67.00222    0 1330          -   67.00222      -     -   24s
     0     0   67.00222    0 1241          -   67.00222      -     -   26s
     0     0   67.00222    0 1199          -   67.00222      -     -   26s
     0     0   67.01535    0 1255          -   67.01535      -     -   54s
     0     0   68.00000    0 1656          -   68.00000      -     -   59s
     0     0   68.00000    0 1498          -   68.00000      -     -   60s
     0     0   68.00000    0 1501          -   68.00000      -     -   60s
     0     0   68.00000    0 1416          -   68.00000      -     -   63s
     0     0   68.00000    0 1413          -   68.00000      -     -   64s
     0     0   68.00000    0 1424          -   68.00000      -     -   64s
     0     0   68.00000    0 1430          -   68.00000      -     -   65s
     0     0   68.00000    0 1753          -   68.00000      -     -   70s
     0     0   68.00000    0 1691          -   68.00000      -     -   71s
     0     0   68.00000    0 1743          -   68.00000      -     -   73s
     0     0   68.00000    0 1859          -   68.00000      -     -   73s
     0     0   68.00000    0 1859          -   68.00000      -     -   74s
     0     0   68.00000    0  527          -   68.00000      -     -   80s
     0     0   68.00000    0  521          -   68.00000      -     -   80s
     0     0   68.00000    0  799          -   68.00000      -     -   82s
     0     0   68.00000    0  397          -   68.00000      -     -   87s
     0     0   68.00000    0  794          -   68.00000      -     -   88s
     0     0   68.00000    0  698          -   68.00000      -     -   88s
     0     0   68.00000    0  690          -   68.00000      -     -   88s
     0     0   68.00000    0  325          -   68.00000      -     -   93s
     0     0   68.00000    0 1217          -   68.00000      -     -   94s
     0     0   68.00000    0 1212          -   68.00000      -     -   94s
     0     0   68.00000    0  328          -   68.00000      -     -   99s
     0     0   68.00000    0  816          -   68.00000      -     -  100s
     0     0   68.00000    0  814          -   68.00000      -     -  101s
     0     0   68.00000    0  808          -   68.00000      -     -  101s
     0     0   68.00000    0  321          -   68.00000      -     -  107s
     0     0   68.00000    0  207          -   68.00000      -     -  109s
     0     2   68.00000    0  196          -   68.00000      -     -  130s
     1     3   68.00000    1  198          -   68.00000      -  4797  136s
     3     6   68.00000    2  198          -   68.00000      -  1784  140s
     6    11   68.00000    3  523          -   68.00000      -  1028  148s
    12    22   68.00000    4  725          -   68.00000      -   918  162s
    23    42   68.00000    5  719          -   68.00000      -  1015  175s
    45    68   68.00000    6  855          -   68.00000      -   818  195s
    77    92   68.00000    7  859          -   68.00000      -  1014  206s
   109   114   68.00000    8  817          -   68.00000      -   874  212s
   141   138   68.00000    9  817          -   68.00000      -   692  218s
   173   163   68.00000   10  817          -   68.00000      -   598  235s
   209   196   68.00000   11  814          -   68.00000      -   632  241s
   248   228   68.00000   12  873          -   68.00000      -   540  251s
   287   264   68.00000   13  813          -   68.00000      -   478  257s
   328   300   68.00000   14  900          -   68.00000      -   426  265s
   369   341   68.00000   15  842          -   68.00000      -   391  271s
   415   384   68.00000   16  850          -   68.00000      -   355  281s
   462   427   68.00000   17  808          -   68.00000      -   332  291s
   505   481   68.00000   18  798          -   68.00000      -   328  297s
   560   534   68.00000   19  794          -   68.00000      -   300  314s
   614   591   68.00000   21  625          -   68.00000      -   299  331s
   674   650   68.00000   23  568          -   68.00000      -   296  341s
   736   707   68.00000   25  567          -   68.00000      -   276  348s
   795   770   68.00000   26  566          -   68.00000      -   258  358s
   861   832   68.00000   28  772          -   68.00000      -   241  366s
   927   903   68.00000   29  702          -   68.00000      -   227  384s
  1004   986   68.00000   31  336          -   68.00000      -   228  393s
  1090  1134   68.00000   33  311          -   68.00000      -   214  405s
  1242  1269   68.00000   36  309          -   68.00000      -   191  427s
  1389  1438   68.00000   38  305          -   68.00000      -   180  446s
  1571  1673   68.00000   41  310          -   68.00000      -   166  460s
  1828  1873   68.00000   45  697          -   68.00000      -   149  482s
  2045  2249   68.00000   47  624          -   68.00000      -   144  508s
  2436  2716   68.00000   51  325          -   68.00000      -   140  532s
  2921  3078   68.00000   56  377          -   68.00000      -   127  555s
  3313  3555   68.00000   60  445          -   68.00000      -   121  579s
  3855  3933   68.00000   62  449          -   68.00000      -   112  638s
  4290  4254   68.00000   63  806          -   68.00000      -   108  666s
  4684  4743   68.00000   68  793          -   68.00000      -   108  693s
  5276  5125   68.00000   71  587          -   68.00000      -   104  721s
  5708  5693   68.00000   77  639          -   68.00000      -   105  754s
  6344  6491   68.00000   78  588          -   68.00000      -   104  782s
  7189  7241   68.00000   81  532          -   68.00000      -  99.2  814s
  8037  7804   68.00111   91  558          -   68.00000      -  95.9  846s
  8691  8409   68.07692  102  608          -   68.00000      -  97.6  875s
  9418  8799   69.28571  109  944          -   68.00000      -  97.7  909s
  9900  9381   69.28571  110  843          -   68.00000      -   100  942s
 10640  9382   80.00000  251  207          -   68.00000      -   101  977s
 10642  9383   87.00000   79  157          -   68.00000      -   100  993s
 10643  9384   83.00000  264  334          -   68.00000      -   100 1008s
 10644  9385   85.00000  136  908          -   68.00000      -   100 1015s
 10645  9385   73.00000   82  404          -   68.00214      -   100 1033s
 10646  9386   71.00000   26 1136          -   68.18406      -   100 1044s
 10647  9387   71.00000  114  150          -   68.53091      -   100 1059s
 10648  9387   79.00000  242  655          -   68.69378      -   100 1062s
 10649  9388   72.00000  150  321          -   68.70660      -   100 1111s
 10650  9389   88.00000  246  559          -   68.70660      -   100 1115s
 10651  9389   73.00000   37  236          -   69.00000      -   100 1127s
 10652  9390   71.00000   92  668          -   69.00000      -   100 1131s
 10653  9391   74.00000  135  139          -   69.00000      -   100 1143s
 10654  9391   69.00000   68  835          -   69.00000      -   100 1147s
 10655  9392   71.00000   95  120          -   69.00000      -   100 1158s
 10656  9393   74.00000   71  595          -   69.00000      -   100 1162s
 10657  9393   80.00000  130  147          -   69.00000      -   100 1171s
 10658  9394   71.00000   18  838          -   69.00000      -   100 1175s
 10659  9395   71.00000   86  502          -   69.00000      -   100 1182s
 10660  9395   71.00000   32  671          -   69.00000      -   100 1186s
 10661  9396   74.00000  233  573          -   69.00000      -   100 1192s
 10662  9397   72.00000  168 1023          -   69.00000      -   100 1198s
 10663  9397   77.00000   72  515          -   69.00000      -   100 1211s
 10664  9398   85.00000  177 1112          -   69.00000      -   100 1215s
 10665  9399   72.00862  198  226          -   69.00000      -   100 1227s
 10666  9399   71.00000   64  762          -   69.00000      -   100 1232s
 10667  9400   74.00000  190  720          -   69.00000      -   100 1250s
 10670  9403   69.00000   11  207          -   69.00000      -   122 1263s
 10672  9404   76.00000  149   89          -   69.00000      -   122 1280s
 10673  9405   81.00000  244  221          -   69.00000      -   122 1299s
 10674  9406   71.00000   60  559          -   69.00000      -   122 1305s
 10675  9406   74.00000   26  486          -   69.00000      -   122 1323s
 10676  9407   71.00000  208  871          -   69.00000      -   122 1331s
 10677  9408   69.00000  198  630          -   69.00000      -   122 1353s
 10678  9408   69.00000  158 1164          -   69.00000      -   122 1363s
 10679  9409   78.00000  226  691          -   69.00000      -   122 1371s
 10680  9410   71.00000  170  996          -   69.00000      -   122 1375s
 10681  9410   88.00000  143  401          -   69.00000      -   122 1410s
 10683  9412   79.00000  202  648          -   69.00000      -   122 1422s
 10684  9412   75.00000   67 1045          -   69.00000      -   122 1427s
 10685  9413   72.00000  165  438          -   69.00000      -   122 1435s
 10686  9414   71.00000   82 1005          -   69.00000      -   121 1440s
 10687  9414   78.00000   12  338          -   69.00000      -   121 1453s
 10688  9415   83.00000   98  981          -   69.00000      -   121 1460s
 10689  9416   74.00000   23  518          -   69.00000      -   121 1482s
 10690  9416   83.00000   56 1122          -   69.00000      -   121 1487s
 10691  9417   78.00000   84  858          -   69.00000      -   121 1506s
H10692  8946                     156.0000000   69.00000  55.8%   121 1523s
H10692  8499                     155.0000000   69.00000  55.5%   121 1527s
H10693  8075                     149.0000000   69.00000  53.7%   138 1541s
 10694  8077   69.00000   22  484  149.00000   69.00000  53.7%   138 1553s
 10696  8080   69.00000   23 1145  149.00000   69.00000  53.7%   139 1568s
 10700  8087   69.00000   24 1177  149.00000   69.00000  53.7%   139 1585s
 10708  8099   69.00000   25  911  149.00000   69.00000  53.7%   141 1609s
H10724  7721                     142.0000000   69.00000  51.4%   144 1754s
H10735  7333                     138.0000000   69.00000  50.0%   147 1754s
 10748  7329   87.00000   26 1018  138.00000   69.00000  50.0%   150 1755s
 10755  7359   69.07297   27 1139  138.00000   69.00000  50.0%   152 1980s
H10787  7016                     133.0000000   69.00000  48.1%   161 3600s
H10797  6666                     130.0000000   69.00007  46.9%   163 3600s

Cutting planes:
  Learned: 11
  Gomory: 94
  Cover: 308
  Implied bound: 240
  Projected implied bound: 8
  Clique: 19
  MIR: 1836
  StrongCG: 186
  Flow cover: 7634
  Zero half: 64
  RLT: 552
  Relax-and-lift: 343

Explored 10819 nodes (1912760 simplex iterations) in 3601.47 seconds (357.15 work units)
Thread count was 32 (of 32 available processors)

Solution count 7: 130 133 138 ... 156

Time limit reached
Best objective 1.299999999869e+02, best bound 6.900006660196e+01, gap 46.9230%

Wrote result file 'RCPSP_961.sol'

