
Gurobi 10.0.3 (linux64, gurobi_cl) logging started Thu Nov  2 11:47:52 2023

Set parameter Username
Set parameter TimeLimit to value 3600
Set parameter LogFile to value "RCPSP_929.log"
Set parameter Threads to value 32
Academic license - for non-commercial use only - expires 2024-10-30
Using license file /home/jrivera6/gurobi-licenses/v1003/compute-0-34/gurobi.lic

Gurobi Optimizer version 10.0.3 build v10.0.3rc0 (linux64)
Copyright (c) 2023, Gurobi Optimization, LLC

Read MPS format model from file RCPSP_929.mps
Reading time = 0.04 seconds
RCPSP_929: 19662 rows, 7750 columns, 71936 nonzeros

CPU model: Intel(R) Xeon(R) Gold 6130 CPU @ 2.10GHz, instruction set [SSE2|AVX|AVX2|AVX512]
Thread count: 32 physical cores, 32 logical processors, using up to 32 threads

Optimize a model with 19662 rows, 7750 columns and 71936 nonzeros
Model fingerprint: 0xe36e8253
Variable types: 62 continuous, 7688 integer (7688 binary)
Coefficient statistics:
  Matrix range     [1e+00, 3e+02]
  Objective range  [1e+00, 1e+00]
  Bounds range     [1e+00, 1e+00]
  RHS range        [1e+00, 3e+02]
Presolve removed 10047 rows and 3890 columns (presolve time = 5s) ...
Presolve removed 10053 rows and 3890 columns
Presolve time: 5.07s
Presolved: 9609 rows, 3860 columns, 35740 nonzeros
Variable types: 61 continuous, 3799 integer (3799 binary)

Root simplex log...

Iteration    Objective       Primal Inf.    Dual Inf.      Time
       0    7.8000000e+01   2.347975e+04   0.000000e+00      5s
    1333    7.8000000e+01   0.000000e+00   0.000000e+00      5s

Root relaxation: objective 7.800000e+01, 1333 iterations, 0.02 seconds (0.01 work units)

    Nodes    |    Current Node    |     Objective Bounds      |     Work
 Expl Unexpl |  Obj  Depth IntInf | Incumbent    BestBd   Gap | It/Node Time

     0     0   78.00000    0  278          -   78.00000      -     -    5s
     0     0   78.00000    0  510          -   78.00000      -     -   10s
     0     0   78.00000    0  465          -   78.00000      -     -   10s
     0     0   78.00000    0  289          -   78.00000      -     -   15s
     0     0   78.00000    0  283          -   78.00000      -     -   15s
     0     0   78.00000    0  311          -   78.00000      -     -   17s
     0     0   78.00137    0  492          -   78.00137      -     -   18s
     0     0   78.08998    0  397          -   78.08998      -     -   20s
     0     0   78.14024    0  451          -   78.14024      -     -   21s
     0     0   78.17928    0  548          -   78.17928      -     -   22s
     0     0   78.17928    0  582          -   78.17928      -     -   23s
     0     0   78.18505    0  573          -   78.18505      -     -   24s
     0     0   78.20710    0  531          -   78.20710      -     -   24s
     0     0   78.22626    0  601          -   78.22626      -     -   25s
     0     0   78.22675    0  578          -   78.22675      -     -   25s
     0     0   78.22779    0  589          -   78.22779      -     -   26s
     0     0   78.23834    0  611          -   78.23834      -     -   27s
     0     0   78.24061    0  592          -   78.24061      -     -   28s
     0     0   78.24061    0  561          -   78.24061      -     -   29s
     0     0   78.24840    0  580          -   78.24840      -     -   30s
     0     0   78.24840    0  663          -   78.24840      -     -   30s
     0     0   78.24891    0  650          -   78.24891      -     -   32s
     0     0   78.24891    0  631          -   78.24891      -     -   32s
     0     0   78.24891    0  669          -   78.24891      -     -   33s
     0     0   78.24891    0  398          -   78.24891      -     -   35s
     0     2   78.24891    0  271          -   78.24891      -     -   43s
     4     8   82.00000    2  242          -   78.31091      -   578   45s
    15    28   78.32204    4  561          -   78.32204      -   644   52s
    29    48   78.57627    5  592          -   78.45766      -   759   58s
    57    69   78.77043    6  508          -   78.77043      -   817   63s
    89   101   79.00000    7  562          -   78.85039      -   716   68s
   121   133   79.00000    8  598          -   78.88217      -   679   73s
   153   163   79.00000    9  546          -   78.98171      -   622   76s
   236   253   79.38323   11  570          -   79.00000      -   457   80s
   333   343   79.86926   13  530          -   79.00000      -   384   85s
   460   441   80.01639   15  491          -   79.00000      -   310   91s
   589   538   89.05404   16  457          -   79.00000      -   269   96s
   727   662   89.05404   18  434          -   79.00000      -   245  100s
   956   908   92.00000   26  320          -   79.00000      -   220  106s
  1172  1111   92.00000   32  285          -   79.00000      -   198  110s
  1412  1285   92.00000   42  296          -   79.00000      -   184  116s
  1638  1492   92.00000   55  282          -   79.00000      -   175  125s
  1900  1729   79.00000   10  534          -   79.00000      -   166  131s
  2222  1979   79.00000   13  494          -   79.00000      -   155  152s
  2395  2149   79.11146   16  493          -   79.00000      -   150  156s
  2633  2263   79.11146   17  497          -   79.00000      -   142  161s
  2811  2424   79.27119   17  499          -   79.00000      -   139  165s
  3344  2824   80.36364   20  461          -   79.00000      -   127  172s
  3658  3052   80.63636   25  427          -   79.00000      -   120  175s
  4004  3291   80.63636   48  426          -   79.00000      -   114  180s
  4340  3292   99.00000   74  398          -   79.00000      -   109  217s
  4341  3293   87.00000   51  398          -   79.00000      -   109  220s
  4346  3296   93.00000   97  189          -   79.00000      -   109  229s
  4347  3300   79.00000   12  199          -   79.00000      -   2.3  244s
  4349  3303   79.00000   13  199          -   79.00000      -   2.3  246s
  4505  3408   79.00000   18  208          -   79.00000      -   2.9  250s
  4905  3726   79.00000   24  258          -   79.00000      -   3.7  255s
  5110  3781   79.00000   26  274          -   79.00000      -   3.9  291s
  5146  3788   88.00000   26  268          -   79.00000      -   4.0  297s
  5178  3801   79.00000   27  274          -   79.00000      -   4.2  301s
  5223  3821   97.00000   27  255          -   79.00000      -   4.5  305s
  5511  4075   79.00000   31  297          -   79.00000      -   4.7  310s
  5930  4256   79.00000   37  292          -   79.00000      -   5.2  328s
  6092  4401   83.00000   39  409          -   79.00000      -   5.5  330s
  6726  4652   81.00000   47  296          -   79.00000      -   6.3  341s
  7256  5088   81.00000   53  317          -   79.00000      -   7.2  345s
  8183  5529   86.00000   64  321          -   79.00000      -   7.8  350s
  9190  5698 infeasible   74               -   79.00000      -   8.4  367s
  9610  6224   89.00000   57  261          -   79.00000      -   8.9  370s
 11307  6971   79.00000   19  251          -   79.00000      -   9.5  376s
 12546  7109   82.00000   84  274          -   79.00000      -   9.9  401s
 13389  8216   84.00000  101  238          -   79.00000      -  10.2  406s
 15127  9230   90.00000  137  279          -   79.00000      -  10.3  411s
 16776 10277   82.00000   42  296          -   79.00000      -  10.7  418s
 17373 10268   92.00000   60  250          -   79.00000      -  10.8  458s
 17437 11089   86.00000   59  238          -   79.00000      -  10.9  461s
 19545 12586   82.00000   31  291          -   79.00000      -  11.1  468s
 20512 13272   88.00000   82  325          -   79.00000      -  11.2  471s
 21519 14100   92.00000   96  303          -   79.00000      -  11.3  475s
 22630 14072 infeasible  128               -   79.00000      -  11.4  494s
 22704 15002   82.00000   35  324          -   79.00000      -  11.5  498s
 23887 15972   91.00000   65  293          -   79.00000      -  11.7  502s
 25139 16955   88.00000   52  257          -   79.00000      -  11.8  507s
 26470 18088   96.00000   82  243          -   79.00000      -  11.8  511s
 27937 18064 infeasible  100               -   79.00000      -  11.7  534s
 27996 18945   98.00000   99  345          -   79.00000      -  11.8  538s
 29250 21038   85.00000   58  228          -   79.00000      -  11.9  577s
 31999 21822  100.00000  115  248          -   79.00000      -  11.9  582s
 33178 22813  101.00000  152  248          -   79.00000      -  11.9  587s
 34542 22816 infeasible   35               -   79.00000      -  12.0  607s
 34628 24156   85.00000   30  249          -   79.00000      -  12.0  612s
 36327 25394   89.00000   86  321          -   79.00000      -  12.1  618s
 37981 26531   94.00000  113  356          -   79.00000      -  12.1  622s
 39559 27908   90.00000   69  288          -   79.00000      -  12.1  628s
 41383 28477   93.00000  105  352          -   79.00000      -  12.1  641s
 42164 29253 infeasible  136               -   79.00000      -  12.2  648s
 43230 30993   99.00000  148  329          -   79.00000      -  12.2  655s
 45425 30987   89.00000   45  225          -   79.00000      -  12.2  705s
 45509 32724 infeasible   44               -   79.00000      -  12.2  712s
 47708 34445 infeasible   97               -   79.00000      -  12.3  719s
 49991 36144  100.00000  132  266          -   79.00000      -  12.3  726s
 52293 37905 infeasible  150               -   79.00000      -  12.2  733s
 54701 37892 infeasible   39               -   79.00000      -  12.2  757s
 54818 39991   88.00000   41  278          -   79.00000      -  12.3  765s
 57404 41961   87.00000   69  278          -   79.00000      -  12.3  773s
 60039 41962   88.00000   75  398          -   79.00000      -  12.3  849s
 60041 41963   95.00000   96  214          -   79.00000      -  12.3  851s
 60047 41967   90.00000   71  447          -   79.00000      -  12.3  855s
 60049 41969   92.00000   61  418          -   79.00000      -  12.3  860s
 60051 41970   81.00000   47  484          -   79.00000      -  12.3  866s
 60053 41971   91.00000   97  559          -   79.00000      -  12.3  871s
 60054 41972   90.00000   56  231          -   79.00000      -  12.3  875s
 60057 41974  115.00000  162  420          -   79.00000      -  12.3  882s
 60058 41975   88.00000   52  363          -   79.00000      -  12.3  890s
 60059 41975   84.00000   38  450          -   79.00000      -  12.3  895s
 60060 41976   92.00000   82  272          -   79.00000      -  12.3  902s
 60061 41977   93.00000   98  330          -   79.00000      -  12.3  906s
 60062 41977  109.00000  135  362          -   79.00000      -  12.3  911s
 60063 41978   96.00000  107  362          -   79.00000      -  12.3  915s
H60065 39882                     328.0000000   79.00000  75.9%  12.8  932s
H60067 37892                     161.0000000   79.00000  50.9%  12.8  974s
H60070 35996                     160.0000000   79.00000  50.6%  12.8  974s
 60071 36003   79.00000   25  343  160.00000   79.00000  50.6%  12.9  982s
 60079 36014   79.38473   26  339  160.00000   79.00000  50.6%  12.9  991s
 60095 36037   87.00000   27  304  160.00000   79.00000  50.6%  12.9 1001s
H60124 34258                     154.0000000   79.00000  48.7%  13.2 1011s
H60156 32569                     150.0000000   79.00000  47.3%  13.3 1027s
H60188 30966                     144.0000000   79.00000  45.1%  13.4 1078s
 60220 30988   90.00000   30  319  144.00000   79.00000  45.1%  13.5 1083s
 60252 31010   87.00000   30  285  144.00000   79.00000  45.1%  13.6 1088s
 60287 31038   87.00000   31  267  144.00000   79.00000  45.1%  13.6 1094s
 60329 31067   87.00000   31  314  144.00000   79.00000  45.1%  13.7 1098s
 60372 31089   87.00000   32  286  144.00000   79.00000  45.1%  13.7 1103s
H60385 29542                     137.0000000   79.00000  42.3%  13.7 1103s
 60411 29568   87.00000   32  271  137.00000   79.00000  42.3%  13.7 1110s
 60624 29722   87.00000   35  303  137.00000   79.00000  42.3%  13.8 1116s
 60714 29723   87.00000   36  313  137.00000   79.00000  42.3%  13.8 1127s
 60747 29742   87.00000   36  308  137.00000   79.00000  42.3%  13.9 1179s
H60750 28275                     133.0000000   79.00000  40.6%  13.9 1179s
 60779 28299   87.00000   37  309  133.00000   79.00000  40.6%  13.9 1187s
 60831 28325   87.00000   37  302  133.00000   79.00000  40.6%  13.9 1196s
 60877 28365   87.00000   38  323  133.00000   79.00000  40.6%  14.0 1204s
 60938 28392   87.00000   39  298  133.00000   79.00000  40.6%  14.0 1213s
 61001 28430   87.00000   39  278  133.00000   79.00000  40.6%  14.1 1224s
 61069 28536   87.00000   40  318  133.00000   79.00000  40.6%  14.1 1227s
 61224 28524 infeasible   40       133.00000   79.00000  40.6%  14.2 1235s
 61471 28631   89.00000   43  296  133.00000   79.00000  40.6%  14.2 1246s
 61532 28742   87.00000   43  322  133.00000   79.00000  40.6%  14.3 1250s
 61722 28708   91.00000   44  281  133.00000   79.00000  40.6%  14.3 1260s
 61782 28713   89.00000   44  260  133.00000   79.00000  40.6%  14.4 1277s
H61785 27319                     132.0000000   79.00000  40.2%  14.4 1277s
H61790 25994                     131.0000000   79.00000  39.7%  14.4 1277s
H61796 24735                     130.0000000   79.00000  39.2%  14.5 1277s
H61812 23536                     129.0000000   79.00000  38.8%  14.5 1277s
 61814 23552   91.00000   45  285  129.00000   79.00000  38.8%  14.5 1293s
 61871 23692   91.00000   45  281  129.00000   79.00000  38.8%  14.6 1297s
 62062 23669   94.00000   46  287  129.00000   79.00000  38.8%  14.7 1306s
 62126 23858   91.00000   46  285  129.00000   79.00000  38.8%  14.8 1311s
H62376 22575                     128.0000000   79.00000  38.3%  14.8 1394s
H62377 21498                     126.0000000   79.00000  37.3%  14.8 1394s
 62408 21480   93.00000   48  328  126.00000   79.00000  37.3%  14.8 1407s
 62493 21479   91.00000   49  309  126.00000   79.00000  37.3%  15.0 1425s
 62563 21496   91.00000   50  335  126.00000   79.00000  37.3%  15.0 1434s
 62643 21544  102.00000   51  365  126.00000   79.00000  37.3%  15.1 1445s
 62730 21599   91.00000   51  312  126.00000   79.00000  37.3%  15.2 1455s
 62835 21642   91.00000   53  311  126.00000   79.00000  37.3%  15.2 1468s
 62932 22027   91.00000   55  320  126.00000   79.00000  37.3%  15.3 1473s
 63455 21945   91.00000   57  364  126.00000   79.00000  37.3%  15.3 1488s
H63456 20884                     125.0000000   79.00000  36.8%  15.3 1488s
H63481 19864                     124.0000000   79.00000  36.3%  15.3 1488s
 63591 20171   92.00000   57  391  124.00000   79.00000  36.3%  15.4 1496s
 64138 19999  105.00000   60  290  124.00000   79.00000  36.3%  15.6 1512s
 64219 20358   91.00036   60  362  124.00000   79.00000  36.3%  15.9 1518s
 64683 20207 infeasible   63       124.00000   79.00000  36.3%  16.0 1544s
H64689 19184                     123.0000000   79.00000  35.8%  16.1 1544s
H64708 18275                     122.0000000   79.00000  35.2%  16.2 1544s
 64741 18331  100.00000   62  297  122.00000   79.00000  35.2%  16.3 1556s
 64821 18833  114.00000   64  221  122.00000   79.00000  35.2%  16.4 1564s
 65483 18848 infeasible   78       122.00000   79.00000  35.2%  16.7 1588s
 65872 18750   79.21310   34  390  122.00000   79.00000  35.2%  16.8 1608s
 65957 18808   80.00000   36  375  122.00000   79.00000  35.2%  17.2 1618s
 66052 19393   84.00000   39  320  122.00000   79.00000  35.2%  17.3 1628s
 66790 19562   84.40741   46  441  122.00000   79.00000  35.2%  17.5 1639s
 67348 19407  113.00000   59  238  122.00000   79.00000  35.2%  17.6 1655s
H67484 18557                     122.0000000   79.00000  35.2%  17.8 1837s
H67485 17667                     121.0000000   79.00000  34.7%  17.8 1837s
H67495 16912                     120.9999992   79.00000  34.7%  17.8 1837s
H67496 16096                     120.0000000   79.00000  34.2%  17.8 1837s
 67516 16157     cutoff   61       120.00000   79.00000  34.2%  17.9 1853s
 67622 16247  118.00000   64  198  120.00000   79.00000  34.2%  18.0 1866s
 67761 16324  118.00000   70  190  120.00000   79.00000  34.2%  18.2 1879s
*67805 15629             148     120.0000000   79.00000  34.2%  18.2 1879s
 67927 15725 infeasible   72       120.00000   79.00000  34.2%  18.3 1894s
 68084 15831   79.21798   36  414  120.00000   79.00000  34.2%  18.3 1907s
 68255 15911   84.00000   39  327  120.00000   79.00000  34.2%  18.4 1922s
 68431 16010   85.00000   43  336  120.00000   79.00000  34.2%  18.4 1936s
 68611 16073   98.00000   46  274  120.00000   79.00000  34.2%  18.5 1953s
 68804 16121   99.00000   51  255  120.00000   79.00000  34.2%  18.6 1974s
 68969 16918  115.00000   56  177  120.00000   79.00000  34.2%  18.7 1989s
 70392 16478   82.00000   36  364  120.00000   79.17988  34.0%  18.7 2004s
 70538 17367   85.00000   39  303  120.00000   79.21414  34.0%  19.1 2015s
 71896 17005   82.00000   35  420  120.00000   79.21798  34.0%  19.5 2032s
 72100 17774   88.00000   38  343  120.00000   79.21798  34.0%  19.8 2050s
 73349 17424   85.00000   44  370  120.00000   79.21798  34.0%  20.4 2067s
 73458 18367   81.00000   44  342  120.00000   79.21798  34.0%  20.8 2080s
 74803 19032   85.00000   50  473  120.00000   79.21798  34.0%  21.2 2098s
 76402 18534   98.00000   62  287  120.00000   79.21798  34.0%  21.6 2118s
 76559 19959   99.00000   66  267  120.00000   79.21798  34.0%  21.9 2132s
 78441 19354 infeasible  166       120.00000   79.21798  34.0%  22.2 2150s
 78561 20490   82.00000   37  362  120.00000   79.21798  34.0%  22.5 2204s
 80194 19970 infeasible   50       120.00000   79.21798  34.0%  22.7 2224s
 80320 19967   92.00000   51  268  120.00000   79.21798  34.0%  23.0 2256s
H80321 19138                     119.0000000   79.21798  33.4%  23.0 2256s
 80367 19277   92.00000   52  268  119.00000   79.21798  33.4%  23.1 2275s
 80543 20407   99.00000   60  240  119.00000   79.21798  33.4%  23.3 2329s
 82249 19876 infeasible   73       119.00000   79.21798  33.4%  23.6 2354s
H82253 19261                     119.0000000   79.21798  33.4%  23.6 2354s
 82394 20677   79.39164   44  408  119.00000   79.25101  33.4%  23.9 2381s
 84469 20047   85.00000   51  366  119.00000   79.26067  33.4%  24.1 2400s
H84479 19039                     118.0000000   79.26067  32.8%  24.1 2400s
 84644 20673   89.00000   56  295  118.00000   79.26067  32.8%  24.4 2444s
 84887 20592   88.00000   52  321  118.00000   79.26067  32.8%  24.4 2445s
 86949 19950 infeasible  155       118.00000   79.52268  32.6%  24.6 2465s
H86970 19390                     118.0000000   79.90167  32.3%  24.7 2465s
 87088 20760   81.00000   45  416  118.00000   79.90167  32.3%  24.9 2485s
 89049 20469   83.00000   44  371  118.00000   79.90167  32.3%  25.3 2580s
 89574 23930   93.00000   62  265  118.00000   79.90167  32.3%  25.7 2741s
 95465 24781   96.12821   71  294  118.00000   79.90167  32.3%  27.1 2765s
 98183 24936   92.00000   53  304  118.00000   79.90167  32.3%  27.5 2786s
 98396 26544   96.00000   59  253  118.00000   79.90167  32.3%  27.8 2804s
 100856 27224   86.00000   41  356  118.00000   80.00000  32.2%  28.1 2824s
 102005 27411 infeasible   65       118.00000   80.00000  32.2%  28.3 2847s
 102254 29196  102.00000   75  254  118.00000   80.00000  32.2%  28.5 2868s
 105143 30637  104.00000   74  264  118.00000   80.00000  32.2%  29.0 2893s
 107739 30832  105.00000   50  347  118.00000   80.00000  32.2%  29.3 2917s
 108042 33219  113.00000   60  241  118.00000   80.00000  32.2%  29.6 2942s
 111492 34841 infeasible   51       118.00000   80.00000  32.2%  30.0 2967s
 114124 35108   85.00000   47  364  118.00000   80.00000  32.2%  30.6 2996s
 114454 37282  104.00000   58  312  118.00000   80.00000  32.2%  30.9 3018s
 117811 37822   83.00000   59  453  118.00000   80.00000  32.2%  31.2 3053s
 118728 41655  101.00000   81  325  118.00000   80.00000  32.2%  31.6 3133s
 124908 41859 infeasible   93       118.00000   80.00000  32.2%  32.6 3163s
 125238 44754   84.00000   53  369  118.00000   80.00000  32.2%  32.9 3189s
 129621 44957 infeasible   60       118.00000   80.00000  32.2%  33.1 3216s
 129974 48065  115.00000   53  268  118.00000   80.00000  32.2%  33.5 3241s
 134648 50681   87.00000   57  371  118.00000   80.00000  32.2%  33.5 3263s
 139072 50887   96.00000   67  329  118.00000   80.00000  32.2%  33.8 3288s
 139360 54272   98.00000   75  335  118.00000   80.00000  32.2%  34.0 3313s
 144249 54517 infeasible   81       118.00000   80.00000  32.2%  34.0 3340s
 144611 57291   84.00000   53  378  118.00000   80.01510  32.2%  34.2 3365s
 148930 62388  117.00000   85  226  118.00000   80.01526  32.2%  34.3 3447s
 157339 62615  110.00000   82  266  118.00000   80.01526  32.2%  34.5 3473s
 157686 62985  114.00000   87  228  118.00000   80.01526  32.2%  34.7 3506s
 158231 65829  114.00000   94  217  118.00000   80.02239  32.2%  34.8 3530s
 163078 68158   92.00000   53  394  118.00000   80.04029  32.2%  34.9 3552s
 167165 68402   98.00000   57  277  118.00000   80.04477  32.2%  35.1 3577s
 167521 71804   98.00000   65  268  118.00000   80.04477  32.2%  35.3 3600s

Cutting planes:
  Learned: 61
  Gomory: 260
  Cover: 58
  Implied bound: 17
  Projected implied bound: 32
  Clique: 23
  MIR: 115
  StrongCG: 16
  Flow cover: 549
  Zero half: 17
  RLT: 35
  Relax-and-lift: 94

Explored 172863 nodes (6600238 simplex iterations) in 3601.55 seconds (155.08 work units)
Thread count was 32 (of 32 available processors)

Solution count 10: 118 118 119 ... 122

Time limit reached
Best objective 1.179999999881e+02, best bound 8.004947530550e+01, gap 32.1615%

Wrote result file 'RCPSP_929.sol'

