
Gurobi 10.0.3 (linux64, gurobi_cl) logging started Thu Nov  2 11:36:06 2023

Set parameter Username
Set parameter TimeLimit to value 3600
Set parameter LogFile to value "RCPSP_730.log"
Set parameter Threads to value 32
Academic license - for non-commercial use only - expires 2024-10-30
Using license file /home/jrivera6/gurobi-licenses/v1003/compute-0-39/gurobi.lic

Gurobi Optimizer version 10.0.3 build v10.0.3rc0 (linux64)
Copyright (c) 2023, Gurobi Optimization, LLC

Read MPS format model from file RCPSP_730.mps
Reading time = 0.02 seconds
RCPSP_730: 19643 rows, 7750 columns, 68318 nonzeros

CPU model: Intel(R) Xeon(R) Gold 6242 CPU @ 2.80GHz, instruction set [SSE2|AVX|AVX2|AVX512]
Thread count: 32 physical cores, 32 logical processors, using up to 32 threads

Optimize a model with 19643 rows, 7750 columns and 68318 nonzeros
Model fingerprint: 0x60b3ef9b
Variable types: 62 continuous, 7688 integer (7688 binary)
Coefficient statistics:
  Matrix range     [1e+00, 4e+02]
  Objective range  [1e+00, 1e+00]
  Bounds range     [1e+00, 1e+00]
  RHS range        [1e+00, 4e+02]
Presolve removed 9035 rows and 3396 columns
Presolve time: 3.62s
Presolved: 10608 rows, 4354 columns, 38022 nonzeros
Variable types: 61 continuous, 4293 integer (4293 binary)

Root relaxation: objective 7.700000e+01, 1475 iterations, 0.02 seconds (0.01 work units)

    Nodes    |    Current Node    |     Objective Bounds      |     Work
 Expl Unexpl |  Obj  Depth IntInf | Incumbent    BestBd   Gap | It/Node Time

     0     0   77.00000    0  153          -   77.00000      -     -    4s
     0     0   80.00000    0  124          -   80.00000      -     -    4s
     0     0   80.00000    0  364          -   80.00000      -     -    6s
     0     0   80.00000    0  380          -   80.00000      -     -    6s
     0     0   80.00000    0  375          -   80.00000      -     -    6s
     0     0   80.08225    0  202          -   80.08225      -     -    8s
     0     0   80.08225    0  201          -   80.08225      -     -    8s
     0     0   85.00000    0  276          -   85.00000      -     -    8s
     0     0   85.00000    0  160          -   85.00000      -     -   10s
     0     0   85.00000    0  155          -   85.00000      -     -   10s
     0     0   85.00000    0  283          -   85.00000      -     -   10s
     0     0   85.00000    0  193          -   85.00000      -     -   11s
     0     0   85.00000    0  256          -   85.00000      -     -   11s
     0     0   85.00000    0  257          -   85.00000      -     -   11s
     0     0   85.00000    0  256          -   85.00000      -     -   11s
     0     0   85.00000    0  270          -   85.00000      -     -   12s
     0     0   85.00000    0   81          -   85.00000      -     -   13s
     0     0   85.00000    0  192          -   85.00000      -     -   14s
     0     0   85.00000    0  132          -   85.00000      -     -   16s
     0     0   85.00000    0  241          -   85.00000      -     -   16s
     0     0   85.00000    0  124          -   85.00000      -     -   18s
     0     0   85.00000    0  167          -   85.00000      -     -   19s
     0     0   85.00000    0  141          -   85.00000      -     -   20s
H    0     0                     352.0000000   85.00000  75.9%     -   21s
     0     0   85.00000    0   58  352.00000   85.00000  75.9%     -   21s
H    0     0                     298.0000000   85.00000  71.5%     -   25s
     0     2   85.00000    0   58  298.00000   85.00000  71.5%     -   27s
     7    15   85.00000    3  338  298.00000   85.00000  71.5%   369   32s
    15    28   85.00000    4  385  298.00000   85.00000  71.5%   483   45s
    58    73   85.00000    6  328  298.00000   85.00000  71.5%   577   52s
H   90   103                     217.0000000   85.00000  60.8%   542  120s
H   97   103                     213.0000000   85.00000  60.1%   538  120s
H  105   103                     212.0000000   85.00000  59.9%   523  120s
   122   133   85.00000    8  363  212.00000   85.00000  59.9%   481  139s
H  141   133                     194.0000000   85.00000  56.2%   433  139s
H  142   133                     189.0000000   85.00000  55.0%   431  139s
   154   161   85.00000    9  363  189.00000   85.00000  55.0%   400  140s
H  186   191                     146.0000000   85.00000  41.8%   337  384s
H  187   191                     144.0000000   85.00000  41.0%   360  384s
H  192   191                     140.0000000   85.00000  39.3%   440  384s
   218   243   85.00000   11  244  140.00000   85.00000  39.3%   541  391s
   282   443   85.00000   13  234  140.00000   85.00000  39.3%   442  399s
   500   705   85.00000   20  212  140.00000   85.00000  39.3%   274  412s
   815  1340   85.00000   21  259  140.00000   85.00000  39.3%   217  425s
H 1528  1380                     133.0000000   85.00000  36.1%   138  443s
H 1529  1380                     132.0000000   85.00000  35.6%   138  443s
H 1559  1380                     131.0000000   85.00000  35.1%   140  443s
  1581  2036   87.00000   31  201  131.00000   85.00000  35.1%   139  455s
  2394  2590   88.00000   19  350  131.00000   85.00000  35.1%   115  465s
H 3058  2608                     130.0000000   85.00000  34.6%   105  496s
H 3059  2608                     127.0000000   85.00000  33.1%   105  496s
H 3063  2562                     122.0000000   85.00000  30.3%   105  496s
  3118  3405   88.00000   36  347  122.00000   85.00000  30.3%   107  511s
  4225  4404   90.00000   37  404  122.00000   85.00000  30.3%  92.5  526s
  5425  4405   95.00000   26   58  122.00000   85.00000  30.3%  81.8  545s
  5428  4407   90.00000   42  174  122.00000   85.00000  30.3%  81.8  552s
  5430  4408   96.92677   25   98  122.00000   85.00000  30.3%  81.7  556s
H 5431  4188                     122.0000000   85.00000  30.3%  81.7  559s
  5433  4189   93.00000   60  231  122.00000   85.00000  30.3%  81.7  560s
  5435  4191   87.00000   65  232  122.00000   85.00000  30.3%  81.7  566s
  5436  4191   87.97682   23   96  122.00000   85.00000  30.3%  81.6  570s
  5438  4193   91.00000   50  136  122.00000   85.00000  30.3%  81.6  577s
  5440  4194   93.00000    6  159  122.00000   85.00000  30.3%  81.6  584s
  5441  4195   93.00000   57  229  122.00000   85.00000  30.3%  81.6  585s
H 5441  3985                     121.0000000   85.00000  29.8%  81.6  588s
H 5441  3785                     120.0000000   85.00000  29.2%  81.6  588s
  5442  3785   97.00000  105  101  120.00000   85.00000  29.2%  81.6  591s
  5444  3787  105.00000   89  141  120.00000   85.00000  29.2%  81.5  599s
  5445  3787   89.00000   80  217  120.00000   85.00000  29.2%  81.5  601s
H 5445  3598                     118.0000000   85.00000  28.0%  81.5  602s
  5446  3599   87.00000    9  121  118.00000   85.00000  28.0%  81.5  605s
  5449  3604   85.00000   11   94  118.00000   85.00000  28.0%  91.8  618s
  5451  3607   85.00000   12  194  118.00000   85.00000  28.0%  91.9  625s
  5455  3614   85.00000   13  346  118.00000   85.00000  28.0%  92.7  635s
  5463  3627   85.00000   14  465  118.00000   85.00000  28.0%  94.4  651s
H 5479  3473                     118.0000000   85.00000  28.0%   101  672s
  5511  3494   85.00000   16  519  118.00000   85.00000  28.0%   108  690s
  5543  3516   85.00000   16  540  118.00000   85.00000  28.0%   115  985s
H 5546  3344                     116.0000000   85.00000  26.7%   115  985s
H 5554  3178                     115.0000000   85.00000  26.1%   116  985s
  5575  3203   85.00000   17  443  115.00000   85.00000  26.1%   117 1056s
  5607  3224   85.00000   17  520  115.00000   85.00000  26.1%   119 1071s
  5639  3271   85.00000   18  495  115.00000   85.00000  26.1%   122 1091s
  5696  3310   85.00000   18  479  115.00000   85.00000  26.1%   124 1109s
  5756  3347   85.00000   19  483  115.00000   85.00000  26.1%   126 1125s
  5814  3399   85.80328   19  475  115.00000   85.00000  26.1%   127 1144s
  5887  3443   85.00000   20  361  115.00000   85.00000  26.1%   129 1164s
  5958  3496   85.00000   20  377  115.00000   85.00000  26.1%   132 1187s
  6042  3556   85.00000   21  342  115.00000   85.00000  26.1%   135 1200s
  6135  3606   85.00000   22  320  115.00000   85.00000  26.1%   135 1215s
  6236  3651   85.00000   23  310  115.00000   85.00000  26.1%   135 1226s
  6339  3760   85.00000   24  418  115.00000   85.00000  26.1%   135 1251s
  6547  3816   85.00000   24  341  115.00000   85.00000  26.1%   134 1276s
* 6602  3643              56     115.0000000   85.00000  26.1%   134 1276s
  6735  3717   85.00000   25  403  115.00000   85.00000  26.1%   135 1303s
  6941  3748   85.00000   26  436  115.00000   85.00000  26.1%   135 1330s
  7091  3804   87.00000   26  406  115.00000   85.00000  26.1%   138 1356s
* 7133  3643             111     114.0000000   85.00000  25.4%   138 1356s
  7249  3673   87.00000   27  405  114.00000   85.00000  25.4%   141 1388s
  7357  3745   87.60000   27  404  114.00000   85.00000  25.4%   150 1416s
* 7457  3573             114     114.0000000   85.00000  25.4%   154 1416s
  7475  3693   87.00000   28  404  114.00000   85.00000  25.4%   154 1440s
  7632  3820   92.00000   29  287  114.00000   85.00000  25.4%   154 1476s
  7856  3798   92.00000   31  266  114.00000   85.00000  25.4%   155 1515s
  8091  3804   92.00000   33  282  114.00000   85.00000  25.4%   157 1626s
  8396  3897   92.00000   38  283  114.00000   85.00000  25.4%   158 1697s
  8713  3815   95.00000   42  239  114.00000   85.00000  25.4%   161 4004s
H 8718  3603                     113.0000000   85.00000  24.8%   161 4047s
H 8721  3342                     112.0000000   85.00000  24.1%   161 4066s
  8727  3340 infeasible   30       112.00000   85.00000  24.1%   161 4070s

Cutting planes:
  Learned: 23
  Gomory: 273
  Cover: 565
  Implied bound: 649
  Projected implied bound: 37
  Clique: 66
  MIR: 1223
  StrongCG: 136
  Flow cover: 4767
  Inf proof: 26
  Zero half: 14
  RLT: 488
  Relax-and-lift: 368

Explored 8753 nodes (1471656 simplex iterations) in 4122.66 seconds (136.87 work units)
Thread count was 32 (of 32 available processors)

Solution count 10: 112 113 114 ... 120

Time limit reached
Best objective 1.120000000000e+02, best bound 8.500000000000e+01, gap 24.1071%

Wrote result file 'RCPSP_730.sol'

