
Gurobi 10.0.3 (linux64, gurobi_cl) logging started Thu Nov  2 11:33:56 2023

Set parameter Username
Set parameter TimeLimit to value 3600
Set parameter LogFile to value "RCPSP_128.log"
Set parameter Threads to value 32
Academic license - for non-commercial use only - expires 2024-10-30
Using license file /home/jrivera6/gurobi-licenses/v1003/compute-0-38/gurobi.lic

Gurobi Optimizer version 10.0.3 build v10.0.3rc0 (linux64)
Copyright (c) 2023, Gurobi Optimization, LLC

Read MPS format model from file RCPSP_128.mps
Reading time = 0.00 seconds
RCPSP_128: 5329 rows, 2080 columns, 18873 nonzeros

CPU model: Intel(R) Xeon(R) Gold 6242 CPU @ 2.80GHz, instruction set [SSE2|AVX|AVX2|AVX512]
Thread count: 32 physical cores, 32 logical processors, using up to 32 threads

Optimize a model with 5329 rows, 2080 columns and 18873 nonzeros
Model fingerprint: 0x35d74569
Variable types: 32 continuous, 2048 integer (2048 binary)
Coefficient statistics:
  Matrix range     [1e+00, 2e+02]
  Objective range  [1e+00, 1e+00]
  Bounds range     [1e+00, 1e+00]
  RHS range        [1e+00, 2e+02]
Presolve removed 3579 rows and 1373 columns
Presolve time: 0.12s
Presolved: 1750 rows, 707 columns, 5822 nonzeros
Variable types: 31 continuous, 676 integer (676 binary)

Root relaxation: objective 5.700000e+01, 246 iterations, 0.00 seconds (0.00 work units)

    Nodes    |    Current Node    |     Objective Bounds      |     Work
 Expl Unexpl |  Obj  Depth IntInf | Incumbent    BestBd   Gap | It/Node Time

     0     0   57.00000    0   48          -   57.00000      -     -    0s
     0     0   57.00000    0  110          -   57.00000      -     -    0s
     0     0   57.00000    0  104          -   57.00000      -     -    0s
H    0     0                     145.0000000   57.23810  60.5%     -    0s
     0     0   59.31692    0   94  145.00000   59.31692  59.1%     -    0s
     0     0   59.31692    0   90  145.00000   59.31692  59.1%     -    0s
H    0     0                     141.0000000   59.31692  57.9%     -    1s
     0     0   59.31692    0   92  141.00000   59.31692  57.9%     -    1s
H    0     0                     126.0000000   59.31692  52.9%     -    1s
     0     0   60.85863    0  127  126.00000   60.85863  51.7%     -    1s
     0     0   60.85863    0  125  126.00000   60.85863  51.7%     -    1s
     0     0   61.00064    0  146  126.00000   61.00064  51.6%     -    1s
     0     0   61.01224    0  133  126.00000   61.01224  51.6%     -    1s
     0     0   61.01224    0  152  126.00000   61.01224  51.6%     -    1s
     0     0   61.01288    0  138  126.00000   61.01288  51.6%     -    1s
     0     0   61.01734    0  126  126.00000   61.01734  51.6%     -    1s
     0     0   61.01734    0  128  126.00000   61.01734  51.6%     -    1s
     0     0   61.02256    0  144  126.00000   61.02256  51.6%     -    1s
     0     0   61.02256    0  137  126.00000   61.02256  51.6%     -    1s
     0     0   61.15493    0  142  126.00000   61.15493  51.5%     -    1s
     0     0   61.19951    0  120  126.00000   61.19951  51.4%     -    1s
     0     0   61.20546    0  144  126.00000   61.20546  51.4%     -    1s
     0     0   61.20900    0  136  126.00000   61.20900  51.4%     -    1s
     0     0   61.20900    0  127  126.00000   61.20900  51.4%     -    1s
     0     0   61.41115    0  113  126.00000   61.41115  51.3%     -    1s
     0     0   61.45843    0  142  126.00000   61.45843  51.2%     -    1s
     0     0   61.45843    0  127  126.00000   61.45843  51.2%     -    2s
     0     0   61.45843    0  128  126.00000   61.45843  51.2%     -    2s
     0     0   61.45843    0  127  126.00000   61.45843  51.2%     -    2s
     0     0   61.45843    0  132  126.00000   61.45843  51.2%     -    2s
     0     0   61.52869    0  133  126.00000   61.52869  51.2%     -    2s
     0     0   61.52869    0  122  126.00000   61.52869  51.2%     -    2s
     0     0   61.57855    0  120  126.00000   61.57855  51.1%     -    2s
     0     0   61.66676    0  125  126.00000   61.66676  51.1%     -    2s
     0     0   61.66676    0  125  126.00000   61.66676  51.1%     -    2s
     0     0   61.66676    0  146  126.00000   61.66676  51.1%     -    2s
     0     0   61.67700    0  125  126.00000   61.67700  51.0%     -    2s
     0     0   61.68516    0  117  126.00000   61.68516  51.0%     -    2s
     0     0   61.69192    0  119  126.00000   61.69192  51.0%     -    2s
     0     0   61.69198    0  123  126.00000   61.69198  51.0%     -    2s
     0     0   61.91546    0  112  126.00000   61.91546  50.9%     -    2s
     0     0   61.93537    0  133  126.00000   61.93537  50.8%     -    2s
     0     0   61.93537    0  144  126.00000   61.93537  50.8%     -    2s
     0     0   62.63654    0  128  126.00000   62.63654  50.3%     -    2s
     0     0   62.63654    0  127  126.00000   62.63654  50.3%     -    3s
     0     0   62.67185    0  118  126.00000   62.67185  50.3%     -    3s
H    0     0                     123.0000000   62.70977  49.0%     -    3s
H    0     0                     121.0000000   62.70977  48.2%     -    3s
     0     0   62.70977    0  140  121.00000   62.70977  48.2%     -    3s
     0     0   62.72528    0  140  121.00000   62.72528  48.2%     -    3s
     0     0   62.75303    0  130  121.00000   62.75303  48.1%     -    3s
     0     0   62.75303    0  129  121.00000   62.75303  48.1%     -    3s
     0     0   62.76324    0  123  121.00000   62.76324  48.1%     -    3s
     0     0   62.77173    0  125  121.00000   62.77173  48.1%     -    3s
     0     0   62.77223    0  117  121.00000   62.77223  48.1%     -    3s
     0     0   62.77259    0  128  121.00000   62.77259  48.1%     -    3s
     0     0   62.77388    0  137  121.00000   62.77388  48.1%     -    3s
     0     0   62.77388    0  137  121.00000   62.77388  48.1%     -    3s
     0     0   62.80348    0  105  121.00000   62.80348  48.1%     -    3s
     0     0   62.80887    0  112  121.00000   62.80887  48.1%     -    3s
     0     0   62.80887    0  117  121.00000   62.80887  48.1%     -    3s
     0     0   62.80887    0  129  121.00000   62.80887  48.1%     -    3s
     0     0   62.80887    0  126  121.00000   62.80887  48.1%     -    3s
     0     0   62.80887    0  124  121.00000   62.80887  48.1%     -    3s
     0     0   62.80887    0  120  121.00000   62.80887  48.1%     -    3s
     0     2   62.80887    0   78  121.00000   62.80887  48.1%     -    4s
    24    35   64.54309    5  148  121.00000   64.54309  46.7%   146    5s
H   43    64                     119.0000000   65.10625  45.3%   133    6s
   106   117   69.00000    7  136  119.00000   65.25000  45.2%   110   13s
H  109   117                     118.0000000   65.25000  44.7%   109   13s
H  125   117                     117.0000000   65.25000  44.2%  96.6   13s
H  128   117                     116.0000000   65.25000  43.7%  94.5   13s
   138   148   69.00000    8  138  116.00000   65.25000  43.7%  88.5   18s
H  140   148                     114.0000000   65.25000  42.8%  87.3   18s
   682   713   79.00000   22   92  114.00000   65.25000  42.8%  28.1   20s
H 1465  1239                     113.0000000   65.25000  42.3%  17.9   21s
H 2709  2313                     113.0000000   67.38496  40.4%  15.3   23s
  3107  2314  107.00000   71  120  113.00000   67.38496  40.4%  14.9   29s
  3109  2315   74.00000   13   51  113.00000   67.38496  40.4%  14.9   32s
  3111  2317   78.00000   19   96  113.00000   67.38496  40.4%  14.9   35s
  3147  2341   82.66243   16   76  113.00000   68.99870  38.9%  14.8   40s
  3160  2354   69.55764   11  113  113.00000   69.38365  38.6%  22.3   45s
  3252  2440   77.72093   15  107  113.00000   70.85273  37.3%  28.8   92s
H 3255  2320                     109.0000000   70.85273  35.0%  29.1   92s
H 3274  2201                     108.0000000   70.85273  34.4%  29.5   92s
  3284  2230   77.72093   16  112  108.00000   70.85273  34.4%  29.6   95s
  3520  2372   77.72093   19  103  108.00000   70.85273  34.4%  32.5  100s
  3802  2375   78.40000   23   75  108.00000   70.85273  34.4%  35.5  105s
  4122  2444   96.00000   29   38  108.00000   70.85273  34.4%  38.0  110s
H 4328  2331                     107.0000000   70.85273  33.8%  38.9  112s
  4511  2363   98.00000   36   31  107.00000   70.85273  33.8%  39.6  115s
  4845  2323 infeasible   32       107.00000   70.85641  33.8%  41.7  120s
  5352  2366   88.00000   29   62  107.00000   70.85641  33.8%  44.6  126s
H 5364  2261                     107.0000000   70.85641  33.8%  44.6  126s
  5764  2299 infeasible   43       107.00000   70.85641  33.8%  45.4  132s
  6101  2334 infeasible   44       107.00000   71.00000  33.6%  46.7  136s
  6485  2351   82.00000   21   78  107.00000   71.31087  33.4%  47.5  140s
H 6519  2244                     106.0000000   71.31087  32.7%  47.5  140s
  6832  2303   74.09091   21  140  106.00000   71.40994  32.6%  49.0  145s
  7220  2344 infeasible   27       106.00000   71.40994  32.6%  50.2  150s
  7653  2291   72.67936   20  120  106.00000   71.81322  32.3%  51.2  156s
  8113  2276 infeasible   32       106.00000   71.87734  32.2%  52.1  162s
  8366  2275   80.60674   18  101  106.00000   71.87734  32.2%  52.6  165s
  8912  2399   98.09091   38   58  106.00000   72.50217  31.6%  53.7  173s
  9225  2460   81.09091   22  102  106.00000   72.50217  31.6%  54.1  177s
  9483  2554   87.09091   27   68  106.00000   72.50217  31.6%  54.9  180s
 10975  3209   91.00000   25   90  106.00000   73.81103  30.4%  53.1  186s
 11257  3296 infeasible   28       106.00000   73.97095  30.2%  54.2  190s
 13143  4131 infeasible   48       106.00000   74.81103  29.4%  51.5  196s
 13453  4300   74.81103   21   96  106.00000   74.81103  29.4%  52.3  200s
 15616  5095 infeasible   27       106.00000   74.81103  29.4%  49.7  208s
 15922  5178   85.00000   26   73  106.00000   75.00000  29.2%  50.5  212s
 16296  5828   95.00000   31   74  106.00000   75.68852  28.6%  51.1  215s
 18046  5886   91.45089   29   97  106.00000   75.93018  28.4%  48.7  220s
 18793  6011   80.00000   25   89  106.00000   75.93018  28.4%  49.5  228s
 19292  7032   88.00000   31   62  106.00000   75.93018  28.4%  49.5  231s
 22142  7014 infeasible   36       106.00000   75.93018  28.4%  45.5  242s
H22146  7014                     106.0000000   75.93018  28.4%  45.5  242s
 22256  7096   84.00000   29   67  106.00000   76.33174  28.0%  45.7  246s
*22634  7044              42     105.0000000   76.38256  27.3%  45.8  246s
 22691  7081 infeasible   28       105.00000   76.38462  27.3%  45.9  250s
 23517  8048   81.01350   20  133  105.00000   76.72131  26.9%  46.7  258s
 25937  8043   91.00000   24   59  105.00000   77.00000  26.7%  44.6  263s
 26241  8097   94.00000   25   74  105.00000   77.00000  26.7%  45.1  268s
 26657  8169   96.00000   30   52  105.00000   77.00000  26.7%  45.6  272s
 27120  9172   77.02796   25  100  105.00000   77.00000  26.7%  45.9  277s
 30134  9287 infeasible   30       105.00000   77.00000  26.7%  43.5  289s
 30909 11065   93.00000   35   76  105.00000   77.32099  26.4%  44.5  299s
 35547 11065   95.00000   31   53  105.00000   77.93018  25.8%  41.7  300s
 36161 11080   91.00000   27   85  105.00000   77.93018  25.8%  41.5  305s
 36559 11105 infeasible   27       105.00000   78.00000  25.7%  41.9  310s
 37038 11205   94.00000   32   61  105.00000   78.03583  25.7%  42.2  316s
 37566 11259   97.00000   33   62  105.00000   78.08000  25.6%  42.6  322s
 38177 12583   83.00000   24   72  105.00000   78.09879  25.6%  43.0  327s
 42336 12654   89.93018   22   76  105.00000   78.64164  25.1%  40.8  334s
 42831 12686   88.00000   27   69  105.00000   78.78917  25.0%  41.2  339s
 43334 12725 infeasible   28       105.00000   78.81103  24.9%  41.8  346s
 43896 12815 infeasible   31       105.00000   79.00000  24.8%  42.3  352s
 44538 14153   81.00000   30   83  105.00000   79.00000  24.8%  42.7  358s
 48624 14235 infeasible   27       105.00000   79.00000  24.8%  41.1  366s
 49272 14297 infeasible   34       105.00000   79.00000  24.8%  41.4  372s
 49953 15720   89.00000   27   62  105.00000   79.26722  24.5%  41.7  379s
 51775 15720   94.47040   28   49  105.00000   79.45108  24.3%  41.0  380s
 54793 15748     cutoff   33       105.00000   79.78571  24.0%  39.8  387s
 55423 15766   88.93018   24   70  105.00000   79.81103  24.0%  40.2  394s
 56082 15875 infeasible   29       105.00000   79.93018  23.9%  40.6  401s
 56827 16796   95.00000   35   50  105.00000   79.93018  23.9%  41.1  408s
H59931 16796                     105.0000000   79.93018  23.9%  40.3  444s
 59932 16797   88.81103   27  120  105.00000   79.93018  23.9%  40.3  447s
 59944 16805   97.37500   30  143  105.00000   79.93018  23.9%  40.3  450s
 59955 16812   83.00000   33   99  105.00000   79.93018  23.9%  40.3  455s
 59966 16820   80.33792   25  134  105.00000   79.93018  23.9%  40.3  460s
 59975 16826   84.00000   27  184  105.00000   79.93018  23.9%  40.3  465s
 59983 16831   83.09867   24  164  105.00000   79.93018  23.9%  40.3  470s
 59992 16837   83.70806   24  139  105.00000   79.93018  23.9%  40.3  475s
 60000 16842   85.00000   27  101  105.00000   79.93018  23.9%  40.3  480s
 60007 16847   88.64103   33  174  105.00000   79.93018  23.9%  40.3  485s
 60014 16852   92.23837   28  151  105.00000   79.93018  23.9%  40.3  490s
 60021 16856   86.00000   26  192  105.00000   79.93018  23.9%  40.3  495s
 60029 16862   82.57778   28  172  105.00000   79.93018  23.9%  40.3  500s
 60036 16866   92.00000   26  148  105.00000   79.93018  23.9%  40.3  505s
 60042 16870   97.50000   36  123  105.00000   79.93018  23.9%  40.3  510s
 60050 16876   85.00000   26  130  105.00000   79.93018  23.9%  40.3  516s
 60055 16879   83.00000   33  187  105.00000   79.93018  23.9%  40.2  520s
 60062 16884   81.00000   28  115  105.00000   79.93018  23.9%  40.2  525s
 60068 16888   90.00000   24  137  105.00000   79.93018  23.9%  40.2  530s
 60074 16892   90.00000   28  130  105.00000   79.93018  23.9%  40.2  535s
 60081 16896   80.66667   27  191  105.00000   79.93018  23.9%  40.2  540s
 60088 16901   86.09091   25  103  105.00000   79.93018  23.9%  40.2  545s
 60095 16911   79.93018   20  112  105.00000   79.93018  23.9%  42.2  550s
 60155 16963   79.93018   24  143  105.00000   79.93018  23.9%  42.3  556s
 60283 17044   79.93018   26  112  105.00000   79.93018  23.9%  42.3  560s
 60625 17026   83.00000   31  105  105.00000   79.93018  23.9%  42.3  565s
 61016 16974   89.00000   36   81  105.00000   79.93018  23.9%  42.3  570s
 61425 16898   86.00000   45   56  105.00000   79.93018  23.9%  42.3  575s
 61882 16819   79.93018   26  120  105.00000   79.93018  23.9%  42.3  580s
 62321 16734   79.93018   29  111  105.00000   79.93018  23.9%  42.3  585s
 62506 16707 infeasible   33       105.00000   79.93018  23.9%  42.3  590s
 62887 16622   79.93018   29  121  105.00000   79.93018  23.9%  42.4  595s
 63289 16537 infeasible   39       105.00000   79.93018  23.9%  42.4  600s
 63757 16465 infeasible   40       105.00000   79.93018  23.9%  42.4  606s
 64141 16379   86.00000   29   73  105.00000   79.93018  23.9%  42.4  612s
 67512 16072 infeasible   43       105.00000   79.93018  23.9%  41.0  616s
 70882 15621   95.00000   43   72  105.00000   79.93018  23.9%  39.6  620s
 73986 15189 infeasible   46       105.00000   80.07246  23.7%  38.5  630s
 75758 14845 infeasible   33       105.00000   82.00000  21.9%  38.0  635s
 79815 14029 infeasible   37       105.00000   83.00000  21.0%  36.6  641s
 82088 14035   97.00000   35   78  105.00000   84.00000  20.0%  36.0  645s
 86562 13016   90.00000   27   93  105.00000   84.00000  20.0%  34.7  651s
 90507 11880   96.00000   43   50  105.00000   84.81103  19.2%  33.7  660s
 90876 12487   85.04348   35   73  105.00000   85.00000  19.0%  33.7  665s
 97052 10341 infeasible   47       105.00000   85.00000  19.0%  32.2  678s
 97224 10244   90.78571   36   64  105.00000   85.00000  19.0%  32.2  680s
 100570  9397 infeasible   38       105.00000   86.00000  18.1%  31.6  686s
 103930  8510   97.07264   39   62  105.00000   86.00000  18.1%  31.0  692s
 104341  8290 infeasible   36       105.00000   86.49185  17.6%  30.9  695s
 107806  7439   92.00000   36   79  105.00000   86.60000  17.5%  30.3  701s
 110217  6852   99.00000   38   51  105.00000   87.09091  17.1%  30.0  706s
 113627  6898   94.00000   51   55  105.00000   88.00000  16.2%  29.4  710s
 118255  7034 infeasible   39       105.00000   88.00000  16.2%  28.7  715s
 122287  6804 infeasible   34       105.00000   88.01449  16.2%  28.0  722s
 122934  7489   94.00000   42   55  105.00000   88.81103  15.4%  28.1  731s
 135862  7140 infeasible   38       105.00000   89.00000  15.2%  26.3  737s
 136567  7051   96.00000   35   53  105.00000   90.00000  14.3%  26.4  743s
 142382  6777 infeasible   40       105.00000   90.60000  13.7%  25.7  746s
 143223  6328   99.00000   45   51  105.00000   91.00000  13.3%  25.7  752s
 149268  5701 infeasible   43       105.00000   92.00000  12.4%  25.1  757s
 149736  5487   95.00000   37   64  105.00000   92.00000  12.4%  25.1  761s
 156080  4591 infeasible   41       105.00000   93.00000  11.4%  24.5  767s
 156657  4035   95.00000   39   64  105.00000   93.09091  11.3%  24.5  770s
 162710  3009 infeasible   33       105.00000   95.00000  9.52%  23.9  781s
 164273  1175 infeasible   55       105.00000   96.00000  8.57%  23.9  788s
 165569     0 infeasible   44       105.00000   97.01449  7.61%  23.9  790s

Cutting planes:
  Learned: 1
  Gomory: 9
  Cover: 3
  Projected implied bound: 1
  MIR: 25
  Flow cover: 96
  Inf proof: 12
  RLT: 1
  Relax-and-lift: 27

Explored 168474 nodes (3979077 simplex iterations) in 791.40 seconds (59.06 work units)
Thread count was 32 (of 32 available processors)

Solution count 10: 105 105 106 ... 113

Optimal solution found (tolerance 1.00e-04)
Best objective 1.050000000000e+02, best bound 1.050000000000e+02, gap 0.0000%

Wrote result file 'RCPSP_128.sol'

