
Gurobi 10.0.3 (linux64, gurobi_cl) logging started Thu Nov  9 11:48:05 2023

Set parameter Username
Set parameter TimeLimit to value 3600
Set parameter LogFile to value "RCPSP_1091.log"
Set parameter Threads to value 32
Academic license - for non-commercial use only - expires 2024-10-30
Using license file /home/jrivera6/gurobi-licenses/v1003/compute-0-37/gurobi.lic

Gurobi Optimizer version 10.0.3 build v10.0.3rc0 (linux64)
Copyright (c) 2023, Gurobi Optimization, LLC

Read MPS format model from file RCPSP_1091.mps
Reading time = 0.35 seconds
RCPSP_1091: 42919 rows, 17020 columns, 159123 nonzeros

CPU model: Intel(R) Xeon(R) Gold 6242 CPU @ 2.80GHz, instruction set [SSE2|AVX|AVX2|AVX512]
Thread count: 32 physical cores, 32 logical processors, using up to 32 threads

Optimize a model with 42919 rows, 17020 columns and 159123 nonzeros
Model fingerprint: 0x18137f8f
Variable types: 92 continuous, 16928 integer (16928 binary)
Coefficient statistics:
  Matrix range     [1e+00, 5e+02]
  Objective range  [1e+00, 1e+00]
  Bounds range     [1e+00, 1e+00]
  RHS range        [1e+00, 5e+02]
Presolve removed 7424 rows and 1733 columns
Presolve time: 2.53s
Presolved: 35495 rows, 15287 columns, 138618 nonzeros
Variable types: 91 continuous, 15196 integer (15196 binary)

Deterministic concurrent LP optimizer: primal and dual simplex (primal and dual model)
Showing first log only...

Root relaxation presolved: 35495 rows, 15287 columns, 138618 nonzeros

Concurrent spin time: 0.25s

Solved with dual simplex (primal model)

Root relaxation: objective 8.900000e+01, 5533 iterations, 1.26 seconds (0.13 work units)
Total elapsed time = 6.12s

    Nodes    |    Current Node    |     Objective Bounds      |     Work
 Expl Unexpl |  Obj  Depth IntInf | Incumbent    BestBd   Gap | It/Node Time

     0     0   89.00000    0  227          -   89.00000      -     -    8s
     0     0   89.00000    0  222          -   89.00000      -     -    8s
     0     0   89.00000    0  826          -   89.00000      -     -   27s
     0     0   89.00000    0  973          -   89.00000      -     -   30s
     0     0   89.00000    0  968          -   89.00000      -     -   32s
     0     0   89.00000    0   14          -   89.00000      -     -   47s
     0     0   89.00000    0    8          -   89.00000      -     -   56s
H    0     0                      89.0000000   89.00000  0.00%     -   62s
     0     0   89.00000    0    4   89.00000   89.00000  0.00%     -   62s

Cutting planes:
  Gomory: 9
  Cover: 4
  Implied bound: 38
  MIR: 99
  RLT: 64
  Relax-and-lift: 61
  PSD: 1

Explored 1 nodes (40514 simplex iterations) in 62.97 seconds (9.63 work units)
Thread count was 32 (of 32 available processors)

Solution count 1: 89 

Optimal solution found (tolerance 1.00e-04)
Best objective 8.900000000000e+01, best bound 8.900000000000e+01, gap 0.0000%

Wrote result file 'RCPSP_1091.sol'

