
Gurobi 10.0.3 (linux64, gurobi_cl) logging started Fri Nov 10 21:25:15 2023

Set parameter Username
Set parameter TimeLimit to value 3600
Set parameter LogFile to value "RCPSP_1941.log"
Set parameter Threads to value 32
Academic license - for non-commercial use only - expires 2024-10-30
Using license file /home/jrivera6/gurobi-licenses/v1003/compute-0-37/gurobi.lic

Gurobi Optimizer version 10.0.3 build v10.0.3rc0 (linux64)
Copyright (c) 2023, Gurobi Optimization, LLC

Read MPS format model from file RCPSP_1941.mps
Reading time = 0.79 seconds
RCPSP_1941: 75288 rows, 29890 columns, 266102 nonzeros

CPU model: Intel(R) Xeon(R) Gold 6242 CPU @ 2.80GHz, instruction set [SSE2|AVX|AVX2|AVX512]
Thread count: 32 physical cores, 32 logical processors, using up to 32 threads

Optimize a model with 75288 rows, 29890 columns and 266102 nonzeros
Model fingerprint: 0xbda73df2
Variable types: 122 continuous, 29768 integer (29768 binary)
Coefficient statistics:
  Matrix range     [1e+00, 7e+02]
  Objective range  [1e+00, 1e+00]
  Bounds range     [1e+00, 1e+00]
  RHS range        [1e+00, 7e+02]
Presolve removed 21205 rows and 5906 columns (presolve time = 5s) ...
Presolve removed 21205 rows and 5906 columns (presolve time = 10s) ...
Presolve removed 24842 rows and 7179 columns
Presolve time: 10.86s
Presolved: 50446 rows, 22711 columns, 184013 nonzeros
Variable types: 121 continuous, 22590 integer (22590 binary)

Deterministic concurrent LP optimizer: primal and dual simplex (primal and dual model)
Showing first log only...

Root relaxation presolved: 50437 rows, 22720 columns, 183995 nonzeros


Root simplex log...

Iteration    Objective       Primal Inf.    Dual Inf.      Time
       0    1.0002066e+02   7.938816e-03   2.439814e+08     12s
    2725    1.0000000e+02   0.000000e+00   0.000000e+00     13s
    2725    1.0000000e+02   0.000000e+00   0.000000e+00     13s
Concurrent spin time: 1.19s

Solved with dual simplex (primal model)

Root relaxation: objective 1.000000e+02, 7080 iterations, 2.49 seconds (0.28 work units)
Total elapsed time = 17.43s
Total elapsed time = 20.46s

    Nodes    |    Current Node    |     Objective Bounds      |     Work
 Expl Unexpl |  Obj  Depth IntInf | Incumbent    BestBd   Gap | It/Node Time

     0     0  100.00000    0  705          -  100.00000      -     -   29s
     0     0  103.00000    0  787          -  103.00000      -     -   31s
     0     0  103.00693    0 1386          -  103.00693      -     -   69s
     0     0  103.00693    0 1329          -  103.00693      -     -   71s
     0     0  103.00693    0 1327          -  103.00693      -     -   71s
     0     0  103.00693    0 1479          -  103.00693      -     -   78s
     0     0  103.00693    0 1424          -  103.00693      -     -   79s
     0     0  103.00693    0 1416          -  103.00693      -     -   79s
     0     0  103.00693    0 1428          -  103.00693      -     -   79s
     0     0  105.00000    0 1571          -  105.00000      -     -   93s
     0     0  105.00000    0 1472          -  105.00000      -     -   94s
     0     0  105.00000    0 1468          -  105.00000      -     -   94s
     0     0  108.43192    0 1378          -  108.43192      -     -  109s
     0     0  108.43192    0 1278          -  108.43192      -     -  110s
     0     0  108.43192    0 1362          -  108.43192      -     -  112s
     0     0  108.43192    0 1361          -  108.43192      -     -  114s
     0     0  108.43192    0 1359          -  108.43192      -     -  114s
     0     0  108.43192    0 1339          -  108.43192      -     -  123s
     0     0  110.32097    0 1402          -  110.32097      -     -  132s
     0     0  110.32097    0 1461          -  110.32097      -     -  144s
     0     0  110.32097    0 1440          -  110.32097      -     -  146s
     0     0  110.32097    0 1438          -  110.32097      -     -  146s
     0     0  112.46476    0 1380          -  112.46476      -     -  156s
     0     0  112.46476    0 1441          -  112.46476      -     -  160s
     0     0  112.46476    0 1439          -  112.46476      -     -  160s
     0     0  112.46476    0 1560          -  112.46476      -     -  179s
     0     0  112.46476    0 1434          -  112.46476      -     -  180s
     0     0  112.46476    0 1589          -  112.46476      -     -  199s
     0     0  112.46476    0 1538          -  112.46476      -     -  207s
     0     0  112.46476    0 1541          -  112.46476      -     -  211s
     0     0  112.46476    0 1502          -  112.46476      -     -  211s
     0     0  112.46476    0 1556          -  112.46476      -     -  283s
     0     0  112.46476    0 1491          -  112.46476      -     -  285s
H    0     0                     635.0000000  112.46476  82.3%     -  287s
     0     0  112.46476    0 1543  635.00000  112.46476  82.3%     -  288s
     0     0  112.46476    0  613  635.00000  112.46476  82.3%     -  317s
     0     0  112.46476    0  610  635.00000  112.46476  82.3%     -  317s
     0     0  112.46476    0 1148  635.00000  112.46476  82.3%     -  342s
     0     0  112.46476    0 1146  635.00000  112.46476  82.3%     -  342s
H    0     0                     608.0000000  112.46476  81.5%     -  364s
     0     0  112.46476    0 1253  608.00000  112.46476  81.5%     -  370s
     0     0  112.46476    0 1242  608.00000  112.46476  81.5%     -  371s
H    0     0                     514.0000000  112.46476  78.1%     -  375s
     0     0  112.46476    0 1408  514.00000  112.46476  78.1%     -  406s
     0     0  112.46476    0 1281  514.00000  112.46476  78.1%     -  410s
     0     0  112.46476    0 1278  514.00000  112.46476  78.1%     -  410s
H    0     0                     493.0000000  112.46476  77.2%     -  472s
     0     0  112.46476    0 1220  493.00000  112.46476  77.2%     -  487s
     0     0  112.46476    0 1214  493.00000  112.46476  77.2%     -  487s
H    0     0                     492.0000000  112.46476  77.1%     -  530s
     0     0  112.48755    0  991  492.00000  112.48755  77.1%     -  544s
     0     0  112.48755    0  984  492.00000  112.48755  77.1%     -  544s
     0     0  112.48755    0  982  492.00000  112.48755  77.1%     -  544s
     0     0  112.98076    0 1068  492.00000  112.98076  77.0%     -  547s
     0     0  112.98076    0 1063  492.00000  112.98076  77.0%     -  547s
     0     0  112.98076    0 1046  492.00000  112.98076  77.0%     -  549s
     0     0  112.98076    0 1065  492.00000  112.98076  77.0%     -  550s
     0     0  114.72751    0 1298  492.00000  114.72751  76.7%     -  558s
H    0     0                     473.0000000  114.72751  75.7%     -  573s
     0     0  114.72751    0 1374  473.00000  114.72751  75.7%     -  588s
     0     0  114.72751    0 1316  473.00000  114.72751  75.7%     -  592s
     0     0  114.72751    0 1397  473.00000  114.72751  75.7%     -  594s
H    0     0                     469.0000000  114.72751  75.5%     -  598s
     0     0  114.88913    0 1344  469.00000  114.88913  75.5%     -  604s
     0     0  114.88913    0 1311  469.00000  114.88913  75.5%     -  606s
     0     0  115.15499    0 1273  469.00000  115.15499  75.4%     -  611s
     0     0  115.15499    0 1208  469.00000  115.15499  75.4%     -  612s
H    0     0                     444.0000000  115.15499  74.1%     -  616s
     0     0  115.15499    0 1273  444.00000  115.15499  74.1%     -  619s
     0     0  115.15499    0 1255  444.00000  115.15499  74.1%     -  621s
     0     0  115.15499    0 1247  444.00000  115.15499  74.1%     -  621s
     0     0  116.07473    0 1420  444.00000  116.07473  73.9%     -  635s
     0     0  116.07473    0 1369  444.00000  116.07473  73.9%     -  639s
     0     0  116.07473    0 1444  444.00000  116.07473  73.9%     -  644s
     0     0  116.07473    0 1382  444.00000  116.07473  73.9%     -  648s
     0     0  116.07473    0 1382  444.00000  116.07473  73.9%     -  649s
     0     0  116.10185    0 1320  444.00000  116.10185  73.9%     -  653s
     0     0  116.10185    0 1314  444.00000  116.10185  73.9%     -  654s
     0     0  116.10185    0 1311  444.00000  116.10185  73.9%     -  656s
     0     0  116.10185    0 1305  444.00000  116.10185  73.9%     -  656s
     0     0  116.61907    0 1501  444.00000  116.61907  73.7%     -  672s
     0     0  116.61907    0 1367  444.00000  116.61907  73.7%     -  674s
     0     0  116.61907    0 1466  444.00000  116.61907  73.7%     -  675s
     0     0  116.72086    0 1355  444.00000  116.72086  73.7%     -  681s
     0     0  116.72086    0 1347  444.00000  116.72086  73.7%     -  681s
     0     0  116.72086    0 1473  444.00000  116.72086  73.7%     -  685s
     0     0  116.72086    0 1470  444.00000  116.72086  73.7%     -  685s
     0     0  117.14538    0 1479  444.00000  117.14538  73.6%     -  702s
     0     0  117.14538    0 1311  444.00000  117.14538  73.6%     -  710s
     0     0  117.14538    0 1345  444.00000  117.14538  73.6%     -  713s
     0     0  117.14538    0 1288  444.00000  117.14538  73.6%     -  714s
     0     0  117.14538    0 1454  444.00000  117.14538  73.6%     -  717s
     0     0  117.14538    0 1450  444.00000  117.14538  73.6%     -  717s
     0     0  117.41917    0 1386  444.00000  117.41917  73.6%     -  728s
     0     0  117.41917    0 1373  444.00000  117.41917  73.6%     -  728s
H    0     0                     419.0000000  117.41917  72.0%     -  849s
H    0     0                     417.0000000  117.41917  71.8%     - 1409s
H    0     0                     391.0000000  117.41917  70.0%     - 1452s
     0     0  117.41917    0 1416  391.00000  117.41917  70.0%     - 2428s
     0     0  117.41917    0 1428  391.00000  117.41917  70.0%     - 2555s
     0     0  117.41917    0 1380  391.00000  117.41917  70.0%     - 2560s
     0     0  117.41917    0 1342  391.00000  117.41917  70.0%     - 2580s

Cutting planes:
  Learned: 6
  Gomory: 4
  Cover: 86
  Implied bound: 109
  Clique: 30
  MIR: 2163
  StrongCG: 20
  Zero half: 1
  RLT: 543
  Relax-and-lift: 133
  BQP: 1

Explored 1 nodes (144087 simplex iterations) in 4103.56 seconds (149.12 work units)
Thread count was 32 (of 32 available processors)

Solution count 10: 391 417 419 ... 608

Time limit reached
Best objective 3.910000000000e+02, best bound 1.174191689691e+02, gap 69.9695%

Wrote result file 'RCPSP_1941.sol'

