
Gurobi 10.0.3 (linux64, gurobi_cl) logging started Thu Nov  2 11:39:14 2023

Set parameter Username
Set parameter TimeLimit to value 3600
Set parameter LogFile to value "RCPSP_841.log"
Set parameter Threads to value 32
Academic license - for non-commercial use only - expires 2024-10-30
Using license file /home/jrivera6/gurobi-licenses/v1003/compute-0-35/gurobi.lic

Gurobi Optimizer version 10.0.3 build v10.0.3rc0 (linux64)
Copyright (c) 2023, Gurobi Optimization, LLC

Read MPS format model from file RCPSP_841.mps
Reading time = 0.03 seconds
RCPSP_841: 19662 rows, 7750 columns, 64677 nonzeros

CPU model: Intel(R) Xeon(R) Gold 6130 CPU @ 2.10GHz, instruction set [SSE2|AVX|AVX2|AVX512]
Thread count: 32 physical cores, 32 logical processors, using up to 32 threads

Optimize a model with 19662 rows, 7750 columns and 64677 nonzeros
Model fingerprint: 0x397aeda6
Variable types: 62 continuous, 7688 integer (7688 binary)
Coefficient statistics:
  Matrix range     [1e+00, 3e+02]
  Objective range  [1e+00, 1e+00]
  Bounds range     [1e+00, 1e+00]
  RHS range        [1e+00, 3e+02]
Presolve removed 11033 rows and 4327 columns
Presolve time: 4.48s
Presolved: 8629 rows, 3423 columns, 28263 nonzeros
Variable types: 61 continuous, 3362 integer (3362 binary)

Root relaxation: objective 7.600000e+01, 1071 iterations, 0.01 seconds (0.00 work units)

    Nodes    |    Current Node    |     Objective Bounds      |     Work
 Expl Unexpl |  Obj  Depth IntInf | Incumbent    BestBd   Gap | It/Node Time

     0     0   76.00000    0   48          -   76.00000      -     -    4s
     0     0   79.00000    0   58          -   79.00000      -     -    4s
     0     0   79.00000    0  272          -   79.00000      -     -    7s
     0     0   79.03390    0  194          -   79.03390      -     -    7s
     0     0   80.69231    0   77          -   80.69231      -     -   10s
     0     0   83.00000    0   81          -   83.00000      -     -   11s
     0     0   83.00000    0  197          -   83.00000      -     -   12s
     0     0   83.00000    0  143          -   83.00000      -     -   12s
     0     0   83.00000    0  218          -   83.00000      -     -   12s
     0     0   83.00000    0  209          -   83.00000      -     -   12s
     0     0   83.00000    0  219          -   83.00000      -     -   13s
     0     0   83.00000    0  134          -   83.00000      -     -   14s
     0     0   83.00000    0  241          -   83.00000      -     -   15s
     0     0   83.00000    0  289          -   83.00000      -     -   15s
     0     0   83.00000    0  233          -   83.00000      -     -   16s
     0     0   83.00000    0  162          -   83.00000      -     -   17s
     0     0   83.00000    0  214          -   83.00000      -     -   18s
     0     0   83.00001    0   91          -   83.00001      -     -   19s
     0     0   83.00001    0  221          -   83.00001      -     -   19s
     0     0   83.00001    0  229          -   83.00001      -     -   20s
     0     0   83.00001    0  204          -   83.00001      -     -   20s
     0     0   83.00002    0  326          -   83.00002      -     -   21s
H    0     0                     300.0000000   83.00002  72.3%     -   22s
     0     0   83.00002    0  166  300.00000   83.00002  72.3%     -   22s
H    0     0                     291.0000000   83.00002  71.5%     -   26s
H    0     2                     268.0000000   83.00002  69.0%     -   35s
     0     2   83.00002    0  107  268.00000   83.00002  69.0%     -   35s
     7    11   83.04071    3  211  268.00000   83.04071  69.0%   575   42s
    15    19   84.28571    4  230  268.00000   83.29867  68.9%   498   45s
H   26    34                     241.0000000   83.39098  65.4%   450   57s
    45    61   86.00048    6  169  241.00000   83.97325  65.2%   482   84s
H   47    61                     215.0000000   83.97325  60.9%   476   84s
H   60    61                     199.0000000   83.97325  57.8%   466   84s
    77    89   86.00225    7  171  199.00000   83.97325  57.8%   460   86s
   142   146   88.00000    9  178  199.00000   83.97325  57.8%   336   90s
   226   240   88.14769   11  186  199.00000   83.97325  57.8%   233  117s
   335   344   89.33333   15  185  199.00000   83.97325  57.8%   175  120s
   490   452   92.00000   18  184  199.00000   83.97325  57.8%   130  125s
H  491   452                     197.0000000   83.97325  57.4%   130  125s
H  495   452                     194.0000000   83.97325  56.7%   129  125s
H  515   452                     186.0000000   83.97325  54.9%   128  125s
H  546   452                     185.0000000   83.97325  54.6%   125  125s
   737   688   92.00000   26  176  185.00000   83.97325  54.6%   104  131s
  1324  1246   92.00000   44  153  185.00000   83.97325  54.6%  72.4  135s
H 1741  1481                     182.0000000   83.97325  53.9%  59.8  148s
H 1742  1481                     165.0000000   83.97325  49.1%  59.8  148s
H 1743  1481                     163.0000000   83.97325  48.5%  59.8  148s
H 1744  1481                     158.0000000   83.97325  46.9%  59.8  148s
H 1745  1481                     157.0000000   83.97325  46.5%  59.7  149s
H 1750  1481                     154.0000000   83.97325  45.5%  59.8  149s
  1774  1659   92.00000   53  150  154.00000   83.97325  45.5%  59.5  151s
  2215  2041   92.00000   68  132  154.00000   83.97325  45.5%  53.3  157s
  2738  2518   92.00000   78  160  154.00000   83.97325  45.5%  47.6  161s
  3402  3122   92.00000   82  146  154.00000   83.97325  45.5%  41.9  166s
  4111  3672 infeasible   88       154.00000   83.97325  45.5%  37.6  172s
H 4482  3672                     151.0000000   83.97325  44.4%  36.4  203s
  4483  3673   99.00000   72  166  151.00000   83.97325  44.4%  36.4  213s
  4485  3674   99.00000   80   47  151.00000   83.97325  44.4%  36.4  215s
H 4485  3490                     146.0000000   83.97325  42.5%  36.4  216s
H 4486  3316                     144.0000000   83.97325  41.7%  36.4  218s
H 4487  3151                     143.0000000   83.97325  41.3%  36.4  223s
  4490  3153  115.00000   76  152  143.00000   83.97325  41.3%  36.3  226s
H 4490  2995                     139.0000000   83.97325  39.6%  36.3  226s
  4495  2998  106.00000  107  237  139.00000   83.97325  39.6%  36.3  230s
  4500  3001  121.00000   62  145  139.00000   83.97325  39.6%  36.3  236s
H 4501  2852                     137.0000000   83.97325  38.7%  36.3  238s
H 4501  2709                     136.0000000   83.97325  38.3%  36.3  239s
  4502  2710  110.00000  134   61  136.00000   83.97325  38.3%  36.3  240s
H 4502  2574                     134.0000000   83.97325  37.3%  36.3  240s
H 4505  2447                     132.0000000   83.97325  36.4%  36.2  246s
H 4505  2324                     130.0000000   83.97325  35.4%  36.2  246s
H 4506  2208                     129.0000000   83.97325  34.9%  36.2  248s
H 4507  2098                     127.0000000   83.97325  33.9%  36.2  251s
H 4508  1993                     124.0000000   83.97327  32.3%  36.2  254s
  4509  1993  104.00000   67  346  124.00000   83.97330  32.3%  36.2  255s
H 4509  1893                     122.0000000   83.97330  31.2%  36.2  259s
H 4509  1798                     120.0000000   83.97372  30.0%  36.2  261s
  4512  1800   97.00000   68  101  120.00000   83.97755  30.0%  36.2  266s
  4515  1802   92.00000   56   61  120.00000   83.98663  30.0%  36.1  270s
H 4515  1711                     118.0000000   83.98663  28.8%  36.1  274s
  4517  1716   84.01486   16   70  118.00000   83.99192  28.8%  50.2  289s
  4519  1719   84.01625   17  160  118.00000   83.99324  28.8%  50.4  298s
  4523  1726   84.01625   18  169  118.00000   84.00000  28.8%  51.0  305s
  4531  1739   84.41329   19  220  118.00000   84.00000  28.8%  52.2  313s
  4547  1766   84.41993   20  196  118.00000   84.00134  28.8%  53.9  369s
H 4548  1679                     117.0000000   84.00134  28.2%  53.9  369s
H 4553  1596                     116.0000000   84.00134  27.6%  54.4  369s
H 4567  1514                     114.0000000   84.00173  26.3%  56.1  369s
  4579  1542   84.41993   21  214  114.00000   84.00173  26.3%  58.1  414s
H 4611  1488                     111.0000000   84.00173  24.3%  61.5  445s
H 4635  1409                     110.0000000   84.00196  23.6%  62.4  445s
  4707  1493   84.41993   23  198  110.00000   84.00196  23.6%  63.3  451s
  4811  1542   84.95195   24  289  110.00000   84.00196  23.6%  64.6  457s
  4861  1560   84.41993   24  238  110.00000   84.00196  23.6%  65.2  463s
  4900  1587   88.00000   25  270  110.00000   84.00196  23.6%  66.3  469s
  4944  1616  100.00000   25  212  110.00000   84.00196  23.6%  67.3  475s
  4998  1643   89.00000   26  280  110.00000   84.00196  23.6%  68.3  480s
  5057  1682   91.00000   26  224  110.00000   84.00196  23.6%  69.1  487s
  5119  1706   89.00000   27  278  110.00000   84.00196  23.6%  69.7  497s
  5188  1732   89.00000   28  252  110.00000   84.00196  23.6%  70.4  505s
  5361  1791   94.00000   29  227  110.00000   84.00196  23.6%  71.5  514s
  5427  1825   90.03750   30  265  110.00000   84.00196  23.6%  72.2  521s
  5494  1936   92.03750   31  254  110.00000   84.00196  23.6%  73.0  526s
  5657  1890  100.03750   32  207  110.00000   84.00196  23.6%  72.3  537s
H 5666  1821                     109.0000000   84.00196  22.9%  72.5  537s
H 5684  1751                     108.0000000   84.00196  22.2%  73.1  537s
  5713  1750   95.03750   32  247  108.00000   84.00196  22.2%  73.7  572s
H 5716  1689                     106.0000000   84.00196  20.8%  74.0  572s
  5770  1712   98.03750   33  280  106.00000   84.00196  20.8%  75.7  582s
  5849  1746   95.03750   33  310  106.00000   84.00196  20.8%  77.6  597s
  5914  1797   95.03750   34  288  106.00000   84.00196  20.8%  79.7  608s
  5994  1958   95.03750   35  286  106.00000   84.00196  20.8%  80.8  612s
  6231  1922   99.03750   38  242  106.00000   84.00196  20.8%  80.6  627s
  6310  1965   99.03750   39  257  106.00000   84.00196  20.8%  82.4  636s
  6405  2158   95.03750   40  277  106.00000   84.00196  20.8%  83.9  641s
  6673  2049 infeasible   46       106.00000   84.00196  20.8%  82.9  687s
H 6687  1987                     105.0000000   84.00196  20.0%  83.2  687s
H 6724  1921                     104.0000000   84.00196  19.2%  84.1  687s
  6747  1963 infeasible   45       104.00000   84.00196  19.2%  84.6  698s
  6856  2014   84.68423   23  224  104.00000   84.00196  19.2%  86.3  711s
  6967  2032   87.20000   26  168  104.00000   84.00196  19.2%  87.8  722s
  7067  2279   90.20000   30  224  104.00000   84.00196  19.2%  88.7  731s
  7508  1896   95.00000   46  199  104.00000   84.00196  19.2%  86.8  747s
  7611  1926   95.00000   49  211  104.00000   84.00196  19.2%  89.5  763s
  7689  2059   95.00000   51  215  104.00000   84.00196  19.2%  90.7  776s
  7857  2100   96.00000   53  212  104.00000   84.00196  19.2%  91.4  830s
H 7884  2100                     104.0000000   84.00196  19.2%  91.1  830s
H 7901  1907                     103.0000000   84.00196  18.4%  91.2  830s
  7909  1885 infeasible   57       103.00000   84.08858  18.4%  91.1 1071s
H 7913  1756                     101.0000000   84.08858  16.7%  91.1 1071s
H 7914  1756                     100.0000000   84.08858  15.9%  91.3 1071s
  7977  1724   85.51709   23  249  100.00000   84.08858  15.9%  92.8 1162s
H 7995  1724                      99.0000000   84.08858  15.1%  93.5 1162s
  8040  1725   85.51709   24  201   99.00000   84.08858  15.1%  95.4 1185s
  8124  1745   87.00000   26  186   99.00000   84.08858  15.1%  98.1 1201s
  8210  1774   90.00000   28  236   99.00000   84.08858  15.1%   101 1215s
  8330  1791   92.20000   32  226   99.00000   84.08858  15.1%   103 1235s
  8483  1777     cutoff   38        99.00000   84.08858  15.1%   105 1251s
  8670  1803   97.00000   42  254   99.00000   84.08858  15.1%   106 1269s
  8848  1857   97.00000   41  236   99.00000   84.08858  15.1%   107 1291s
  9000  1877   97.00000   44  210   99.00000   84.08858  15.1%   109 1320s
  9060  1967   97.00000   45  219   99.00000   84.08858  15.1%   110 1336s
  9268  2042   97.00000   50  195   99.00000   84.08858  15.1%   112 1356s
  9477  2140   97.00000   52  184   99.00000   84.26331  14.9%   113 1378s
  9714  2276   85.38663   26  312   99.00000   84.26331  14.9%   115 1401s
  9945  2389   89.25210   30  251   99.00000   84.26331  14.9%   117 1420s
 10228  2466   98.00000   34  263   99.00000   84.26331  14.9%   117 1442s
 10469  2542 infeasible   35        99.00000   84.40471  14.7%   118 1469s
 10765  2631   87.00000   26  278   99.00000   84.40471  14.7%   120 1494s
 10996  2631   96.00000   49  249   99.00000   84.40471  14.7%   121 1495s
 11112  2723   94.00000   26  246   99.00000   84.40471  14.7%   121 1548s
 11356  2949   90.00000   26  279   99.00000   84.40471  14.7%   122 1592s
 11748  3183   87.00000   28  288   99.00000   84.40471  14.7%   122 1654s
 11797  3183   97.00000   32  241   99.00000   84.40471  14.7%   122 1655s
*11979  2794             103      98.0000000   84.40471  13.9%   122 1667s
 12189  2681   94.00000   29  322   98.00000   84.40471  13.9%   122 1697s
 12401  2766   92.00000   31  250   98.00000   84.40471  13.9%   125 1762s
 12670  2842 infeasible   31        98.00000   84.40471  13.9%   127 1805s
 12954  2905   96.00000   33  301   98.00000   84.48079  13.8%   129 1935s
 13202  2934 infeasible   27        98.00000   84.48079  13.8%   132 1986s
 13362  3030   87.00000   28  310   98.00000   84.48079  13.8%   134 2028s
 13690  3143     cutoff   32        98.00000   84.57970  13.7%   137 2067s
 14032  3229 infeasible   29        98.00000   84.84096  13.4%   139 2111s
 14443  3302   95.00000   31  280   98.00000   85.10042  13.2%   141 2149s
 14772  3378   87.00000   32  332   98.00000   85.10042  13.2%   143 2229s
 15094  3506   92.00000   39  244   98.00000   85.15275  13.1%   145 2270s
 15529  3673   86.00000   34  289   98.00000   85.26122  13.0%   147 2387s
 16073  3801   87.00000   25  218   98.00000   85.26122  13.0%   148 2437s
*16445  3398             128      97.0000000   85.26122  12.1%   149 2439s
 16508  3428   94.00000   33  220   97.00000   85.26122  12.1%   149 2530s
 16935  3494   94.00000   37  202   97.00000   85.35939  12.0%   153 2659s
 17253  3494   87.25959   28  281   97.00000   85.43904  11.9%   154 2660s
 17354  3608   93.00000   36  225   97.00000   85.50000  11.9%   156 2709s
 17796  4511   92.00000   35  318   97.00000   85.51709  11.8%   158 3096s
 18579  4511   94.00000   30  234   97.00000   85.66667  11.7%   155 3108s
H19001  4492                      97.0000000   85.66667  11.7%   154 3110s
 19884  4492   87.71514   25  282   97.00000   85.66667  11.7%   151 3115s
 19966  4523   94.00000   40  213   97.00000   85.66667  11.7%   151 3172s
 20319  4605   90.00000   30  241   97.00000   85.66667  11.7%   155 3251s
 20723  4675   90.00000   34  263   97.00000   85.66667  11.7%   158 3363s
 21145  4698 infeasible   40        97.00000   85.83526  11.5%   161 3430s
 21511  4787   87.00000   28  272   97.00000   86.00000  11.3%   165 3486s
 22032  4891   91.00000   34  320   97.00000   86.00000  11.3%   167 3562s
 22492  4969   92.00000   40  275   97.00000   86.00000  11.3%   170 3617s

Cutting planes:
  Learned: 21
  Gomory: 129
  Cover: 160
  Implied bound: 246
  Projected implied bound: 19
  Clique: 6
  MIR: 357
  StrongCG: 24
  Flow cover: 826
  Inf proof: 200
  Zero half: 14
  RLT: 401
  Relax-and-lift: 260

Explored 22952 nodes (3967030 simplex iterations) in 3631.14 seconds (111.69 work units)
Thread count was 32 (of 32 available processors)

Solution count 10: 97 97 98 ... 105

Time limit reached
Best objective 9.699999999020e+01, best bound 8.600000000000e+01, gap 11.3402%

Wrote result file 'RCPSP_841.sol'

