
Gurobi 10.0.3 (linux64, gurobi_cl) logging started Thu Nov  9 12:17:39 2023

Set parameter Username
Set parameter TimeLimit to value 3600
Set parameter LogFile to value "RCPSP_1362.log"
Set parameter Threads to value 32
Academic license - for non-commercial use only - expires 2024-10-30
Using license file /home/jrivera6/gurobi-licenses/v1003/compute-0-37/gurobi.lic

Gurobi Optimizer version 10.0.3 build v10.0.3rc0 (linux64)
Copyright (c) 2023, Gurobi Optimization, LLC

Read MPS format model from file RCPSP_1362.mps
Reading time = 3.25 seconds
RCPSP_1362: 42975 rows, 17020 columns, 151080 nonzeros

CPU model: Intel(R) Xeon(R) Gold 6242 CPU @ 2.80GHz, instruction set [SSE2|AVX|AVX2|AVX512]
Thread count: 32 physical cores, 32 logical processors, using up to 32 threads

Optimize a model with 42975 rows, 17020 columns and 151080 nonzeros
Model fingerprint: 0xd436ffef
Variable types: 92 continuous, 16928 integer (16928 binary)
Coefficient statistics:
  Matrix range     [1e+00, 5e+02]
  Objective range  [1e+00, 1e+00]
  Bounds range     [1e+00, 1e+00]
  RHS range        [1e+00, 5e+02]
Presolve removed 10462 rows and 2675 columns (presolve time = 5s) ...
Presolve removed 15720 rows and 4746 columns
Presolve time: 7.26s
Presolved: 27255 rows, 12274 columns, 98581 nonzeros
Variable types: 91 continuous, 12183 integer (12183 binary)

Root simplex log...

Iteration    Objective       Primal Inf.    Dual Inf.      Time
       0    1.0800000e+02   9.110156e+04   0.000000e+00      7s
    3920    1.0800000e+02   0.000000e+00   0.000000e+00      8s

Root relaxation: objective 1.080000e+02, 3920 iterations, 0.11 seconds (0.07 work units)

    Nodes    |    Current Node    |     Objective Bounds      |     Work
 Expl Unexpl |  Obj  Depth IntInf | Incumbent    BestBd   Gap | It/Node Time

     0     0  108.00000    0  315          -  108.00000      -     -    9s
     0     0  111.00000    0  291          -  111.00000      -     -    9s
     0     0  111.33333    0  823          -  111.33333      -     -   26s
     0     0  111.33333    0  784          -  111.33333      -     -   27s
     0     0  111.33333    0  759          -  111.33333      -     -   27s
     0     0  111.33333    0  647          -  111.33333      -     -   28s
     0     0  113.00000    0  849          -  113.00000      -     -   40s
     0     0  113.00000    0  820          -  113.00000      -     -   42s
     0     0  113.00000    0  806          -  113.00000      -     -   42s
     0     0  113.00000    0  808          -  113.00000      -     -   45s
     0     0  113.00000    0  742          -  113.00000      -     -   45s
     0     0  113.00000    0  830          -  113.00000      -     -   49s
     0     0  113.00000    0  874          -  113.00000      -     -   51s
     0     0  113.00000    0  855          -  113.00000      -     -   52s
     0     0  113.00000    0  827          -  113.00000      -     -   53s
     0     0  113.00000    0  821          -  113.00000      -     -   53s
     0     0  113.00015    0  616          -  113.00015      -     -   58s
     0     0  113.00015    0  616          -  113.00015      -     -   59s
     0     0  113.00454    0  775          -  113.00454      -     -   59s
     0     0  113.00454    0  773          -  113.00454      -     -   59s
     0     0  113.00454    0  624          -  113.00454      -     -   60s
     0     0  113.00454    0  619          -  113.00454      -     -   60s
     0     0  113.00454    0  627          -  113.00454      -     -   61s
     0     0  113.00454    0  580          -  113.00454      -     -   61s
     0     0  113.00454    0  673          -  113.00454      -     -   62s
     0     0  113.00454    0  199          -  113.00454      -     -   77s
     0     0  113.00454    0  782          -  113.00454      -     -   83s
     0     0  113.00454    0  777          -  113.00454      -     -   83s
     0     0  113.00454    0  866          -  113.00454      -     -   84s
     0     0  113.37037    0  732          -  113.37037      -     -   90s
     0     0  113.37037    0  596          -  113.37037      -     -   90s
     0     0  113.37037    0  773          -  113.37037      -     -   92s
     0     0  113.37037    0  677          -  113.37037      -     -   92s
     0     0  113.37037    0  678          -  113.37037      -     -   92s
     0     0  113.89948    0  691          -  113.89948      -     -  127s
     0     0  113.89948    0  677          -  113.89948      -     -  127s
     0     0  113.89948    0  667          -  113.89948      -     -  132s
     0     0  114.00000    0  732          -  114.00000      -     -  134s
     0     0  114.00000    0  714          -  114.00000      -     -  136s
     0     0  114.00000    0  637          -  114.00000      -     -  136s
     0     0  114.00000    0  635          -  114.00000      -     -  137s
     0     0  114.00000    0  663          -  114.00000      -     -  138s
     0     0  114.00000    0  632          -  114.00000      -     -  138s
     0     0  114.00000    0  630          -  114.00000      -     -  138s
     0     0  114.00000    0  760          -  114.00000      -     -  143s
     0     0  114.00000    0  692          -  114.00000      -     -  143s
     0     0  114.00000    0  708          -  114.00000      -     -  146s
     0     0  114.00000    0  706          -  114.00000      -     -  146s
     0     0  114.00000    0  313          -  114.00000      -     -  156s
     0     0  114.05218    0  468          -  114.05218      -     -  160s
     0     0  114.05218    0  475          -  114.05218      -     -  161s
     0     0  114.05218    0  470          -  114.05218      -     -  161s
     0     0  114.05376    0  458          -  114.05376      -     -  167s
     0     0  114.05376    0  458          -  114.05376      -     -  168s
     0     0  114.05430    0  657          -  114.05430      -     -  168s
     0     0  114.05519    0  672          -  114.05519      -     -  169s
     0     0  114.05519    0  670          -  114.05519      -     -  169s
     0     0  114.05519    0  595          -  114.05519      -     -  170s
     0     0  114.05519    0  593          -  114.05519      -     -  170s
     0     0  114.05519    0  700          -  114.05519      -     -  172s
     0     0  114.05519    0  686          -  114.05519      -     -  172s
     0     0  114.05519    0  776          -  114.05519      -     -  174s
     0     0  114.05519    0  777          -  114.05519      -     -  174s
     0     0  114.05519    0  829          -  114.05519      -     -  176s
     0     0  114.05519    0  813          -  114.05519      -     -  176s
     0     0  114.05519    0  778          -  114.05519      -     -  178s
     0     0  114.05519    0  775          -  114.05519      -     -  179s
     0     0  114.07104    0  461          -  114.07104      -     -  184s
     0     0  114.07104    0  612          -  114.07104      -     -  184s
     0     0  114.07104    0  856          -  114.07104      -     -  187s
     0     0  114.07104    0  772          -  114.07104      -     -  187s
     0     0  114.07104    0  770          -  114.07104      -     -  187s
     0     0  114.07104    0  741          -  114.07104      -     -  189s
     0     0  114.07104    0  733          -  114.07104      -     -  189s
     0     0  114.09611    0  353          -  114.09611      -     -  196s
     0     0  114.09611    0  349          -  114.09611      -     -  196s
     0     0  114.09611    0  571          -  114.09611      -     -  210s
     0     0  114.09611    0  593          -  114.09611      -     -  210s
     0     0  114.09611    0  591          -  114.09611      -     -  210s
     0     0  114.10340    0  663          -  114.10340      -     -  212s
     0     0  114.10340    0  570          -  114.10340      -     -  213s
     0     0  114.13265    0  545          -  114.13265      -     -  213s
     0     0  114.13265    0  542          -  114.13265      -     -  213s
     0     0  114.13265    0  540          -  114.13265      -     -  213s
     0     0  114.13265    0  614          -  114.13265      -     -  214s
     0     0  114.13265    0  600          -  114.13265      -     -  214s
     0     0  114.23423    0  610          -  114.23423      -     -  216s
     0     0  114.23423    0  600          -  114.23423      -     -  216s
     0     0  114.23423    0  614          -  114.23423      -     -  216s
     0     0  114.23423    0  610          -  114.23423      -     -  216s
     0     0  114.23423    0  660          -  114.23423      -     -  218s
     0     0  114.23423    0  656          -  114.23423      -     -  218s
     0     0  114.23423    0  652          -  114.23423      -     -  219s
     0     0  114.23423    0  622          -  114.23423      -     -  219s
     0     0  114.23423    0  449          -  114.23423      -     -  224s
     0     0  114.23423    0  596          -  114.23423      -     -  225s
     0     0  114.23423    0  494          -  114.23423      -     -  231s
     0     0  114.23423    0  705          -  114.23423      -     -  232s
     0     0  114.23423    0  348          -  114.23423      -     -  242s
     0     0  114.23423    0  620          -  114.23423      -     -  243s
     0     0  114.23423    0  501          -  114.23423      -     -  248s
     0     0  114.23423    0  392          -  114.23423      -     -  253s
     0     2  114.23423    0  323          -  114.23423      -     -  271s
     3     6  123.00000    2  344          -  114.33333      -  1211  276s
     7    10  123.00000    3  338          -  115.00000      -   589  289s
    13    17  123.00000    4  336          -  115.00000      -   361  312s
    23    34  123.00000    5  766          -  115.00000      -   295  327s
    40    63  123.00000    6  746          -  115.00000      -   657  438s
    72    94  123.00000    7  804          -  115.00000      -   965  468s
   104   121  123.00000    8  801          -  115.00000      -   994  478s
   136   151  123.00000    9  800          -  115.00000      -   821  486s
   168   183  123.00000   10  761          -  115.00000      -   689  492s
   211   221  123.00000   11  761          -  115.00000      -   568  565s
   258   263  123.00000   13  761          -  115.00000      -   477  572s
   303   304  123.00000   15  765          -  115.00000      -   422  603s
   348   348  123.00000   17  766          -  115.00000      -   381  608s
   398   393  123.00000   19  770          -  115.00000      -   347  614s
   451   448  123.00000   21  770          -  115.00000      -   326  621s
   510   512  123.00000   23  768          -  115.00000      -   298  626s
   582   580  123.00000   25  757          -  115.00000      -   273  633s
   652   655  123.00000   28  756          -  115.00000      -   254  639s
   728   722  133.00000   30  809          -  115.00000      -   235  647s
   804   808  123.00000   30  756          -  115.00000      -   218  652s
   891   858  123.00000   33  750          -  115.00000      -   201  738s
   948   935  123.00000   36  743          -  115.00000      -   211  742s
  1037  1030  123.00000   39  735          -  115.00000      -   197  747s
  1144  1133  123.00000   43  733          -  115.00000      -   183  853s
  1252  1238  123.00000   46  737          -  115.00000      -   172  892s
  1360  1356  123.00000   48  839          -  115.00000      -   166  901s
  1501  1467  123.00000   51  836          -  115.00000      -   158  912s
  1636  1534  130.00000   55  879          -  115.00000      -   155  920s
  1715  1657  126.00000   55  849          -  115.00000      -   160  926s
  1847  1817  126.00000   56  836          -  115.00000      -   156  932s
  2018  1982  126.00000   57  836          -  115.00000      -   149  938s
  2194  2121  128.00000   66  764          -  115.00000      -   145  953s
  2360  2311  128.00000   69  760          -  115.00000      -   143  959s
  2583  2514  128.00000   78  740          -  115.00000      -   137  969s
  2811  2630 infeasible   94               -  115.00000      -   132 1061s
  2946  2783  129.00000  102  743          -  115.00000      -   135 1069s
  3127  3002  131.00000  114  674          -  115.00000      -   134 1077s
  3362  3218  131.00000  116  683          -  115.00000      -   131 1088s
  3630  3405  131.00000  125  655          -  115.00000      -   127 1098s
  3877  3494  131.00000  129  671          -  115.00000      -   125 1127s
  3981  3742  131.80645  131  688          -  115.00000      -   129 1136s
  4283  3995  131.00000  135  758          -  115.00000      -   126 1190s
  4589  4192  138.00000  137  747          -  115.00000      -   124 1199s
  4820  4428  138.00000  138  767          -  115.00000      -   125 1213s
  5116  4657  138.00000  139  766          -  115.00000      -   123 1227s
  5406  4942  138.00000  153  748          -  115.00000      -   123 1239s
  5772  5278 infeasible  154               -  115.00000      -   121 1254s
  6237  5578  144.00000  160  711          -  115.00000      -   118 1271s
  6582  5926  144.00000  165  671          -  115.00000      -   118 1293s
  6978  6361  144.00000  173  732          -  115.00000      -   117 1308s
  7479  6812  144.00000  189  677          -  115.00000      -   115 1321s
  7994  7207  150.00000  192  636          -  115.00000      -   112 1339s
  8493  7603  150.00000  201  635          -  115.00000      -   111 1354s
  8977  7604  122.00000   29  673          -  115.00000      -   110 1387s
  8979  7605  136.00000  140  184          -  115.00000      -   110 1393s
  8980  7606  133.00000  206  589          -  115.00000      -   110 1396s
  8982  7607  131.00000  103  754          -  115.00000      -   110 1413s
  8983  7608  150.80124   25  726          -  115.00000      -   110 1416s
  8984  7609  132.00000   88  856          -  115.00000      -   110 1440s
  8986  7610  130.00000   78  540          -  115.00000      -   110 1449s
  8987  7611  138.00000  152  686          -  115.00000      -   110 1482s
  8988  7611  138.00000   82  470          -  115.00000      -   110 1487s
  8990  7613  144.00000  139  479          -  115.00000      -   109 1493s
  8992  7614  138.00000   40  735          -  115.00000      -   109 1499s
  8993  7615  132.00000  111  822          -  115.00000      -   109 1504s
  8994  7615  125.00000  137  845          -  115.00000      -   109 1507s
  8995  7616  127.00000  137  886          -  115.00000      -   109 1511s
  8997  7617  130.00000   79  906          -  115.00000      -   109 1516s
  8998  7618  128.00000  139  886          -  115.00000      -   109 1521s
  8999  7619  128.00000  129  875          -  115.97547      -   109 1528s
  9000  7619  134.00000   52  891          -  116.22131      -   109 1530s
  9002  7621  121.00000   15  875          -  116.29935      -   109 1536s
  9004  7622  139.01774  137  867          -  116.29935      -   109 1541s
  9005  7623  116.41184   10  847          -  116.41184      -   109 1545s
  9007  7624  137.00000  190  833          -  116.44090      -   109 1550s
  9010  7626  140.00000  149  829          -  116.46359      -   109 1556s
  9012  7627  128.00000   22  822          -  116.46581      -   109 1560s
  9014  7629  136.00000  180  899          -  116.51126      -   109 1572s
  9016  7630  129.69929   56  879          -  116.51426      -   109 1579s
  9017  7631  134.00000  112  891          -  116.51923      -   109 1581s
  9019  7632  149.00000  110  895          -  116.52375      -   109 1586s
  9021  7633  134.00000   42  853          -  116.52375      -   109 1593s
  9022  7634  129.00000  107  882          -  116.52452      -   109 1596s
  9023  7635  132.00000  126  863          -  116.52452      -   109 1600s
  9024  7635  126.00000   61  535          -  116.52452      -   109 1609s
  9025  7636  162.00000  121  709          -  116.52452      -   109 1611s
  9028  7638  140.00000  178  509          -  116.97372      -   109 1621s
  9030  7639  138.00000   71  441          -  116.97372      -   109 1630s
  9032  7641  133.00000  189  548          -  116.97372      -   109 1640s
  9034  7642  126.00000   25  328          -  116.97372      -   109 1645s
  9035  7646  116.97372   10  259          -  116.97372      -   139 1667s
  9037  7649  116.97372   11  282          -  116.97372      -   139 1680s
H 9041  7272                     505.0000000  116.97372  76.8%   139 1698s
H 9049  6922                     254.0000000  117.00000  53.9%   139 1849s
H 9055  6574                     252.0000000  117.00000  53.6%   139 1849s
  9065  6603  122.00000   14  524  252.00000  117.00000  53.6%   139 1877s
H 9097  6295                     246.0000000  117.00000  52.4%   143 2108s
H 9098  5983                     245.0000000  117.00000  52.2%   143 2108s
H 9099  5686                     244.0000000  117.00000  52.0%   144 2108s
H 9101  5404                     240.0000000  117.00000  51.2%   144 2108s
H 9105  5135                     234.0000000  117.00000  50.0%   144 2108s
H 9115  4878                     232.0000000  117.00000  49.6%   145 2108s
H 9122  4634                     231.0000000  117.00000  49.4%   146 2108s
  9129  4663  124.00000   15  675  231.00000  117.00000  49.4%   147 2115s
H 9161  4456                     224.0000000  117.00000  47.8%   148 2243s
H 9162  4237                     218.0000000  117.00000  46.3%   148 2243s
H 9170  4028                     216.0000000  117.00000  45.8%   148 2243s
H 9176  3830                     215.0000000  117.00000  45.6%   148 2243s
H 9184  3640                     212.0000000  117.00000  44.8%   148 2243s
  9193  3669  122.00000   16  714  212.00000  117.00000  44.8%   149 2251s
  9225  3714  122.00000   17  636  212.00000  117.00000  44.8%   149 2261s
  9287  3741  122.00000   17  694  212.00000  117.00000  44.8%   150 2269s
  9347  3764  122.00000   18  630  212.00000  117.00000  44.8%   150 2275s
  9408  3802  122.00000   19  638  212.00000  117.00000  44.8%   150 2281s
  9472  3841  122.00000   20  638  212.00000  117.00000  44.8%   150 2288s
  9546  3872  129.00000   21  662  212.00000  117.00000  44.8%   151 2300s
  9640  3908  122.00000   21  624  212.00000  117.00000  44.8%   150 2316s
  9722  3965  126.00000   22  602  212.00000  117.00000  44.8%   150 2326s
  9817  4027  122.00000   23  676  212.00000  117.00000  44.8%   150 2335s
  9918  4095  122.00000   24  611  212.00000  117.00000  44.8%   149 2343s
 10032  4168  122.00000   26  613  212.00000  117.00000  44.8%   149 2360s
 10171  4225  122.01253   28  582  212.00000  117.00000  44.8%   148 2380s
H10312  4030                     211.0000000  117.00000  44.5%   147 2398s
H10314  3861                     210.0000000  117.00000  44.3%   147 2399s
 10344  3944  126.02505   30  655  210.00000  117.00000  44.3%   149 2410s
 10443  4013 infeasible   31       210.00000  117.00000  44.3%   149 2420s
 10565  4069  127.00000   33  779  210.00000  117.00000  44.3%   149 2439s
 10697  4122  127.00000   34  757  210.00000  117.00000  44.3%   148 2449s
 10838  4162  127.00000   34  779  210.00000  117.00000  44.3%   147 2471s
 10987  4176  130.00000   37  802  210.00000  117.00000  44.3%   147 2494s
 11073  4206  130.00000   38  787  210.00000  117.00000  44.3%   149 2517s
 11163  4244  130.00000   38  884  210.00000  117.00000  44.3%   151 2539s
 11266  4287  133.00000   39  742  210.00000  117.00000  44.3%   153 2564s
H11370  4123                     204.0000000  117.00000  42.6%   154 2591s
H11399  3961                     203.0000000  117.00000  42.4%   155 2591s
 11445  4042  130.00000   40  780  203.00000  117.00000  42.4%   156 2628s
 11574  4112  130.00000   42  860  203.00000  117.00000  42.4%   156 2645s
 11702  4273  133.00000   43  776  203.00000  117.00000  42.4%   157 2670s
 11942  4175 infeasible   44       203.00000  117.00000  42.4%   156 2731s
 12022  4190  130.00000   44  796  203.00000  117.00000  42.4%   161 2778s
 12082  4234  130.00000   45  783  203.00000  117.00000  42.4%   162 2814s
 12162  4294  130.00000   45  705  203.00000  117.00000  42.4%   163 2851s
 12255  4496  135.00000   46  734  203.00000  117.00000  42.4%   163 2869s
H12518  4305                     203.0000000  117.00000  42.4%   161 2916s
H12519  4167                     202.0000000  117.00000  42.1%   161 2916s
H12523  4034                     200.0000000  117.00000  41.5%   161 2916s
 12592  4096  131.00000   49  771  200.00000  117.00000  41.5%   162 2960s
 12683  4380  131.00000   50  769  200.00000  117.00000  41.5%   162 2999s
 12694  4376  135.00000   59  668  200.00000  117.00000  41.5%   162 3011s
 12903  4306  155.00000   43  561  200.00000  117.00000  41.5%   160 3206s
 13019  4373  131.00000   52  811  200.00000  117.00000  41.5%   160 4801s

Cutting planes:
  Gomory: 47
  Cover: 81
  Implied bound: 41
  Projected implied bound: 2
  Clique: 22
  MIR: 282
  StrongCG: 17
  Flow cover: 625
  Inf proof: 4
  Zero half: 6
  RLT: 130
  Relax-and-lift: 84

Explored 13127 nodes (2118992 simplex iterations) in 6528.82 seconds (228.15 work units)
Thread count was 32 (of 32 available processors)

Solution count 10: 200 202 203 ... 216

Time limit reached
Best objective 2.000000000000e+02, best bound 1.170000000000e+02, gap 41.5000%

Wrote result file 'RCPSP_1362.sol'

