
Gurobi 10.0.3 (linux64, gurobi_cl) logging started Thu Nov  2 11:34:05 2023

Set parameter Username
Set parameter TimeLimit to value 3600
Set parameter LogFile to value "RCPSP_363.log"
Set parameter Threads to value 32
Academic license - for non-commercial use only - expires 2024-10-30
Using license file /home/jrivera6/gurobi-licenses/v1003/compute-0-34/gurobi.lic

Gurobi Optimizer version 10.0.3 build v10.0.3rc0 (linux64)
Copyright (c) 2023, Gurobi Optimization, LLC

Read MPS format model from file RCPSP_363.mps
Reading time = 0.01 seconds
RCPSP_363: 5349 rows, 2080 columns, 17064 nonzeros

CPU model: Intel(R) Xeon(R) Gold 6130 CPU @ 2.10GHz, instruction set [SSE2|AVX|AVX2|AVX512]
Thread count: 32 physical cores, 32 logical processors, using up to 32 threads

Optimize a model with 5349 rows, 2080 columns and 17064 nonzeros
Model fingerprint: 0xfc501503
Variable types: 32 continuous, 2048 integer (2048 binary)
Coefficient statistics:
  Matrix range     [1e+00, 2e+02]
  Objective range  [1e+00, 1e+00]
  Bounds range     [1e+00, 1e+00]
  RHS range        [1e+00, 2e+02]
Presolve removed 3641 rows and 1441 columns
Presolve time: 0.22s
Presolved: 1708 rows, 639 columns, 5186 nonzeros
Variable types: 31 continuous, 608 integer (608 binary)

Root relaxation: objective 5.500000e+01, 230 iterations, 0.00 seconds (0.00 work units)

    Nodes    |    Current Node    |     Objective Bounds      |     Work
 Expl Unexpl |  Obj  Depth IntInf | Incumbent    BestBd   Gap | It/Node Time

     0     0   55.00000    0   29          -   55.00000      -     -    0s
     0     0   60.00000    0   23          -   60.00000      -     -    0s
     0     0   60.00000    0   87          -   60.00000      -     -    0s
     0     0   60.00000    0   80          -   60.00000      -     -    0s
     0     0   61.34568    0   56          -   61.34568      -     -    0s
H    0     0                      82.0000000   61.34568  25.2%     -    0s
H    0     0                      81.0000000   61.34568  24.3%     -    0s
     0     0   61.34568    0   55   81.00000   61.34568  24.3%     -    0s
     0     0   61.34568    0   62   81.00000   61.34568  24.3%     -    1s
     0     0   61.34568    0   59   81.00000   61.34568  24.3%     -    1s
     0     0   61.40435    0   25   81.00000   61.40435  24.2%     -    1s
     0     0   61.40831    0   71   81.00000   61.40831  24.2%     -    1s
     0     0   61.43596    0   67   81.00000   61.43596  24.2%     -    1s
     0     0   61.45258    0   89   81.00000   61.45258  24.1%     -    1s
     0     0   61.76471    0   62   81.00000   61.76471  23.7%     -    1s
     0     0   61.76471    0   63   81.00000   61.76471  23.7%     -    1s
     0     0   63.13320    0   75   81.00000   63.13320  22.1%     -    1s
     0     0   63.13320    0   79   81.00000   63.13320  22.1%     -    1s
     0     0   63.76099    0   73   81.00000   63.76099  21.3%     -    1s
     0     0   63.81882    0   70   81.00000   63.81882  21.2%     -    1s
     0     0   63.81882    0   70   81.00000   63.81882  21.2%     -    1s
     0     0   64.17739    0   65   81.00000   64.17739  20.8%     -    2s
     0     0   64.22727    0   54   81.00000   64.22727  20.7%     -    2s
     0     0   64.22727    0   59   81.00000   64.22727  20.7%     -    2s
     0     0   64.22727    0   90   81.00000   64.22727  20.7%     -    2s
     0     0   64.22746    0   81   81.00000   64.22746  20.7%     -    2s
     0     0   64.36945    0   85   81.00000   64.36945  20.5%     -    2s
     0     0   64.39237    0   85   81.00000   64.39237  20.5%     -    2s
     0     0   64.39237    0   80   81.00000   64.39237  20.5%     -    2s
     0     0   64.42938    0   72   81.00000   64.42938  20.5%     -    2s
     0     0   64.43273    0   71   81.00000   64.43273  20.5%     -    2s
     0     0   64.46871    0   68   81.00000   64.46871  20.4%     -    2s
     0     0   64.50147    0   78   81.00000   64.50147  20.4%     -    2s
     0     0   64.50181    0   82   81.00000   64.50181  20.4%     -    2s
     0     0   64.80756    0  101   81.00000   64.80756  20.0%     -    2s
     0     0   64.80756    0   88   81.00000   64.80756  20.0%     -    2s
     0     0   64.83457    0   90   81.00000   64.83457  20.0%     -    3s
     0     0   64.83457    0  103   81.00000   64.83457  20.0%     -    3s
     0     0   64.98671    0   99   81.00000   64.98671  19.8%     -    3s
     0     0   65.01321    0  101   81.00000   65.01321  19.7%     -    3s
     0     0   65.01321    0  100   81.00000   65.01321  19.7%     -    3s
     0     0   66.02662    0   99   81.00000   66.02662  18.5%     -    3s
     0     0   66.04891    0   91   81.00000   66.04891  18.5%     -    3s
     0     0   66.05325    0   75   81.00000   66.05325  18.5%     -    3s
     0     0   66.05350    0   77   81.00000   66.05350  18.5%     -    3s
     0     0   66.37129    0   95   81.00000   66.37129  18.1%     -    3s
     0     0   66.37129    0   88   81.00000   66.37129  18.1%     -    3s
     0     0   66.37129    0   90   81.00000   66.37129  18.1%     -    3s
     0     0   66.37129    0   89   81.00000   66.37129  18.1%     -    4s
     0     0   66.37129    0   88   81.00000   66.37129  18.1%     -    4s
     0     0   66.37129    0   36   81.00000   66.37129  18.1%     -    4s
     0     0   66.37129    0   59   81.00000   66.37129  18.1%     -    4s
     0     0   66.37129    0   38   81.00000   66.37129  18.1%     -    4s
     0     0   66.37129    0   16   81.00000   66.37129  18.1%     -    5s
H    0     2                      81.0000000   66.37129  18.1%     -    5s
     0     2   66.37129    0   15   81.00000   66.37129  18.1%     -    5s
   198    46   80.81398   12   55   81.00000   74.04600  8.59%  32.7   10s

Cutting planes:
  Gomory: 5
  Cover: 14
  Implied bound: 56
  Clique: 2
  MIR: 171
  Inf proof: 4
  RLT: 41
  Relax-and-lift: 40

Explored 332 nodes (19340 simplex iterations) in 10.81 seconds (1.01 work units)
Thread count was 32 (of 32 available processors)

Solution count 3: 81 81 82 

Optimal solution found (tolerance 1.00e-04)
Best objective 8.099999999180e+01, best bound 8.099999999180e+01, gap 0.0000%

Wrote result file 'RCPSP_363.sol'

