
Gurobi 10.0.3 (linux64, gurobi_cl) logging started Fri Nov 10 22:27:59 2023

Set parameter Username
Set parameter TimeLimit to value 3600
Set parameter LogFile to value "RCPSP_2022.log"
Set parameter Threads to value 32
Academic license - for non-commercial use only - expires 2024-11-06
Using license file /home/jrivera6/gurobi-licenses/v1003/compute-0-36/gurobi.lic

Gurobi Optimizer version 10.0.3 build v10.0.3rc0 (linux64)
Copyright (c) 2023, Gurobi Optimization, LLC

Read MPS format model from file RCPSP_2022.mps
Reading time = 0.11 seconds
RCPSP_2022: 75288 rows, 29890 columns, 280622 nonzeros

CPU model: Intel(R) Xeon(R) Gold 6130 CPU @ 2.10GHz, instruction set [SSE2|AVX|AVX2|AVX512]
Thread count: 32 physical cores, 32 logical processors, using up to 32 threads

Optimize a model with 75288 rows, 29890 columns and 280622 nonzeros
Model fingerprint: 0x074ccd3a
Variable types: 122 continuous, 29768 integer (29768 binary)
Coefficient statistics:
  Matrix range     [1e+00, 6e+02]
  Objective range  [1e+00, 1e+00]
  Bounds range     [1e+00, 1e+00]
  RHS range        [1e+00, 6e+02]
Presolve removed 11496 rows and 1745 columns (presolve time = 5s) ...
Presolve removed 12209 rows and 2458 columns
Presolve time: 8.70s
Presolved: 63079 rows, 27432 columns, 247978 nonzeros
Variable types: 121 continuous, 27311 integer (27311 binary)

Deterministic concurrent LP optimizer: primal and dual simplex (primal and dual model)
Showing first log only...

Root relaxation presolved: 63079 rows, 27432 columns, 247978 nonzeros


Root simplex log...

Iteration    Objective       Primal Inf.    Dual Inf.      Time
       0    9.2392683e+01   7.808110e-02   2.688486e+08     11s
    3170    9.0000000e+01   0.000000e+00   0.000000e+00     13s
Concurrent spin time: 1.78s

Solved with dual simplex (primal model)

Root relaxation: objective 9.000000e+01, 10188 iterations, 4.78 seconds (0.48 work units)
Total elapsed time = 20.67s

    Nodes    |    Current Node    |     Objective Bounds      |     Work
 Expl Unexpl |  Obj  Depth IntInf | Incumbent    BestBd   Gap | It/Node Time

     0     0   90.00000    0  652          -   90.00000      -     -   31s
     0     0   90.00000    0  646          -   90.00000      -     -   31s
     0     0   90.00000    0 1539          -   90.00000      -     -  318s
     0     0   90.00000    0 1499          -   90.00000      -     -  324s
     0     0   90.00000    0 1497          -   90.00000      -     -  324s
     0     0   90.00000    0 1420          -   90.00000      -     -  330s
     0     0   90.00000    0  697          -   90.00000      -     -  374s
     0     0   90.00000    0  670          -   90.00000      -     -  375s
     0     0   90.00000    0  818          -   90.00000      -     -  381s
     0     0   90.00000    0  808          -   90.00000      -     -  381s
     0     0   90.00000    0  393          -   90.00000      -     -  417s
     0     0   90.00000    0  391          -   90.00000      -     -  417s
     0     0   90.00000    0  767          -   90.00000      -     -  422s
     0     0   90.00000    0  766          -   90.00000      -     -  424s
     0     0   90.00000    0  764          -   90.00000      -     -  424s
     0     0   90.00000    0  576          -   90.00000      -     -  455s
     0     0   90.00000    0  567          -   90.00000      -     -  458s
     0     0   90.00000    0  565          -   90.00000      -     -  458s
     0     0   90.00000    0  993          -   90.00000      -     -  473s
     0     0   90.00000    0  880          -   90.00000      -     -  476s
     0     0   90.00000    0  998          -   90.00000      -     -  486s
     0     0   90.00000    0  909          -   90.00000      -     -  487s
     0     0   90.00000    0  866          -   90.00000      -     -  520s
     0     0   90.00000    0  512          -   90.00000      -     -  582s
     0     0   90.00000    0  512          -   90.00000      -     -  582s
     0     0   90.00000    0 1350          -   90.00000      -     -  626s
     0     0   90.00000    0 1323          -   90.00000      -     -  627s
     0     0   90.00000    0 1321          -   90.00000      -     -  627s
     0     0   90.00000    0 1328          -   90.00000      -     -  763s
     0     0   90.00000    0 1305          -   90.00000      -     -  763s
     0     0   90.00000    0  640          -   90.00000      -     -  817s
     0     0   90.00000    0  757          -   90.00000      -     -  821s
     0     0   90.00000    0  847          -   90.00000      -     -  823s
     0     0   90.00000    0  431          -   90.00000      -     -  881s
     0     0   90.00000    0  407          -   90.00000      -     -  881s
     0     0   90.00000    0  697          -   90.00000      -     -  891s
     0     0   90.00000    0  856          -   90.00000      -     -  893s
     0     0   90.00000    0  854          -   90.00000      -     -  893s
     0     0   90.00000    0  818          -   90.00000      -     -  913s
     0     0   90.00000    0  809          -   90.00000      -     -  913s
     0     0   90.00000    0 1157          -   90.00000      -     -  918s
     0     0   90.00000    0 1121          -   90.00000      -     -  919s
     0     0   90.00000    0 1093          -   90.00000      -     -  920s
     0     0   90.00000    0  309          -   90.00000      -     -  959s
     0     0   90.00000    0  672          -   90.00000      -     -  963s
     0     0   90.00000    0  818          -   90.00000      -     -  964s
     0     0   90.00000    0  818          -   90.00000      -     -  964s
     0     0   90.00000    0  602          -   90.00000      -     -  990s
     0     0   90.00000    0 1018          -   90.00000      -     -  997s
     0     0   90.00000    0 1004          -   90.00000      -     -  997s
     0     0   90.00000    0  512          -   90.00000      -     - 1186s
     0     0   90.00000    0  484          -   90.00000      -     - 1459s
     0     2   90.00000    0  299          -   90.00000      -     - 1948s
     1     5   90.00000    1  298          -   90.00000      -  4118 2882s
     2     5   90.00000    1  298          -   90.00000      -  2061 2898s
     3     6   90.00000    2 1240          -   90.00000      -  1978 3993s
     4     6   90.00000    2 1428          -   90.00000      -  2004 3995s

Cutting planes:
  Gomory: 84
  Cover: 11
  Implied bound: 92
  MIR: 494
  StrongCG: 2
  RLT: 261
  Relax-and-lift: 131

Explored 5 nodes (267751 simplex iterations) in 4000.02 seconds (110.64 work units)
Thread count was 32 (of 32 available processors)

Solution count 0

Time limit reached
Best objective -, best bound 9.000000000000e+01, gap -

Unable to retrieve attribute 'X'

