
Gurobi 10.0.3 (linux64, gurobi_cl) logging started Thu Nov  9 11:50:47 2023

Set parameter Username
Set parameter TimeLimit to value 3600
Set parameter LogFile to value "RCPSP_1269.log"
Set parameter Threads to value 32
Academic license - for non-commercial use only - expires 2024-10-30
Using license file /home/jrivera6/gurobi-licenses/v1003/compute-0-37/gurobi.lic

Gurobi Optimizer version 10.0.3 build v10.0.3rc0 (linux64)
Copyright (c) 2023, Gurobi Optimization, LLC

Read MPS format model from file RCPSP_1269.mps
Reading time = 0.07 seconds
RCPSP_1269: 42947 rows, 17020 columns, 159151 nonzeros

CPU model: Intel(R) Xeon(R) Gold 6242 CPU @ 2.80GHz, instruction set [SSE2|AVX|AVX2|AVX512]
Thread count: 32 physical cores, 32 logical processors, using up to 32 threads

Optimize a model with 42947 rows, 17020 columns and 159151 nonzeros
Model fingerprint: 0x31e38b92
Variable types: 92 continuous, 16928 integer (16928 binary)
Coefficient statistics:
  Matrix range     [1e+00, 5e+02]
  Objective range  [1e+00, 1e+00]
  Bounds range     [1e+00, 1e+00]
  RHS range        [1e+00, 5e+02]
Presolve removed 7746 rows and 1915 columns
Presolve time: 3.83s
Presolved: 35201 rows, 15105 columns, 137246 nonzeros
Variable types: 91 continuous, 15014 integer (15014 binary)

Deterministic concurrent LP optimizer: primal and dual simplex (primal and dual model)
Showing first log only...

Root relaxation presolved: 35201 rows, 15105 columns, 137246 nonzeros


Root simplex log...

Iteration    Objective       Primal Inf.    Dual Inf.      Time
       0    7.2252008e+01   4.301118e-03   1.022969e+08      5s
Concurrent spin time: 0.00s

Solved with dual simplex (dual model)

Root relaxation: objective 7.200000e+01, 10004 iterations, 1.20 seconds (0.11 work units)

    Nodes    |    Current Node    |     Objective Bounds      |     Work
 Expl Unexpl |  Obj  Depth IntInf | Incumbent    BestBd   Gap | It/Node Time

H    0     0                      72.0000000   72.00000  0.00%     -    7s
     0     0   72.00000    0   14   72.00000   72.00000  0.00%     -    7s

Explored 1 nodes (17525 simplex iterations) in 7.53 seconds (2.87 work units)
Thread count was 32 (of 32 available processors)

Solution count 1: 72 

Optimal solution found (tolerance 1.00e-04)
Best objective 7.200000000000e+01, best bound 7.200000000000e+01, gap 0.0000%

Wrote result file 'RCPSP_1269.sol'

