
Gurobi 10.0.3 (linux64, gurobi_cl) logging started Thu Nov  9 11:48:26 2023

Set parameter Username
Set parameter TimeLimit to value 3600
Set parameter LogFile to value "RCPSP_1179.log"
Set parameter Threads to value 32
Academic license - for non-commercial use only - expires 2024-10-30
Using license file /home/jrivera6/gurobi-licenses/v1003/compute-0-37/gurobi.lic

Gurobi Optimizer version 10.0.3 build v10.0.3rc0 (linux64)
Copyright (c) 2023, Gurobi Optimization, LLC

Read MPS format model from file RCPSP_1179.mps
Reading time = 0.05 seconds
RCPSP_1179: 42947 rows, 17020 columns, 142862 nonzeros

CPU model: Intel(R) Xeon(R) Gold 6242 CPU @ 2.80GHz, instruction set [SSE2|AVX|AVX2|AVX512]
Thread count: 32 physical cores, 32 logical processors, using up to 32 threads

Optimize a model with 42947 rows, 17020 columns and 142862 nonzeros
Model fingerprint: 0x32f73564
Variable types: 92 continuous, 16928 integer (16928 binary)
Coefficient statistics:
  Matrix range     [1e+00, 5e+02]
  Objective range  [1e+00, 1e+00]
  Bounds range     [1e+00, 1e+00]
  RHS range        [1e+00, 5e+02]
Presolve removed 9370 rows and 2539 columns (presolve time = 5s) ...
Presolve removed 9379 rows and 2539 columns
Presolve time: 5.20s
Presolved: 33568 rows, 14481 columns, 116190 nonzeros
Variable types: 91 continuous, 14390 integer (14390 binary)

Deterministic concurrent LP optimizer: primal and dual simplex (primal and dual model)
Showing first log only...

Root relaxation presolved: 33568 rows, 14481 columns, 116190 nonzeros


Root simplex log...

Iteration    Objective       Primal Inf.    Dual Inf.      Time
       0    1.0154265e+02   1.152540e-01   2.078887e+08      6s
Concurrent spin time: 0.28s

Solved with dual simplex (primal model)

Root relaxation: objective 9.700000e+01, 4962 iterations, 1.14 seconds (0.12 work units)

    Nodes    |    Current Node    |     Objective Bounds      |     Work
 Expl Unexpl |  Obj  Depth IntInf | Incumbent    BestBd   Gap | It/Node Time

     0     0   97.00000    0  139          -   97.00000      -     -    9s
     0     0   97.00000    0  527          -   97.00000      -     -   27s
     0     0   97.00000    0  508          -   97.00000      -     -   28s
     0     0   97.00000    0  506          -   97.00000      -     -   28s
     0     0   97.00000    0  464          -   97.00000      -     -   28s
     0     0   97.00000    0   71          -   97.00000      -     -   39s
     0     0   97.00000    0  130          -   97.00000      -     -   40s
     0     0   97.00000    0  173          -   97.00000      -     -   47s
     0     0   97.00000    0  173          -   97.00000      -     -   47s
     0     0   97.00000    0  227          -   97.00000      -     -   48s
     0     0   97.00000    0   56          -   97.00000      -     -   51s
     0     0   97.00000    0  100          -   97.00000      -     -   52s
     0     0   97.00000    0   88          -   97.00000      -     -   52s
     0     0   97.00000    0  114          -   97.00000      -     -   57s
     0     0   97.00000    0  133          -   97.00000      -     -   57s
     0     0   97.00000    0   75          -   97.00000      -     -   62s
     0     0   97.00000    0  198          -   97.00000      -     -   72s
     0     0   97.08759    0   91          -   97.08759      -     -   75s
     0     0   97.08759    0   90          -   97.08759      -     -   75s
     0     0   97.11778    0  108          -   97.11778      -     -   76s
     0     0   97.15254    0  201          -   97.15254      -     -   78s
     0     0   97.15682    0  264          -   97.15682      -     -   78s
     0     0   97.36735    0  553          -   97.36735      -     -   82s
     0     0   97.36735    0  382          -   97.36735      -     -   84s
     0     0   97.36735    0  557          -   97.36735      -     -   89s
     0     0   97.36735    0  549          -   97.36735      -     -   89s
     0     0   97.36735    0  502          -   97.36735      -     -   90s
     0     0   97.36735    0   72          -   97.36735      -     -  100s
     0     0   97.36735    0  235          -   97.36735      -     -  102s
     0     0   97.36735    0   57          -   97.36735      -     -  112s
     0     0   97.36735    0  209          -   97.36735      -     -  113s
     0     0   97.36735    0   48          -   97.36735      -     -  122s
     0     0   97.36735    0  102          -   97.36735      -     -  124s
     0     0   97.36735    0   69          -   97.36735      -     -  130s
     0     0   97.36735    0  201          -   97.36735      -     -  136s
     0     0   97.36735    0   67          -   97.36735      -     -  143s
H    0     0                     507.0000000   97.36735  80.8%     -  145s
     0     0   97.36735    0   48  507.00000   97.36735  80.8%     -  146s
H    0     0                     176.0000000   97.36735  44.7%     -  154s
     0     2   97.36735    0   48  176.00000   97.36735  44.7%     -  167s
     1     4   97.47120    1   46  176.00000   97.47120  44.6%  1071  170s
     3     8   97.89109    2  178  176.00000   97.89109  44.4%   580  179s
     7    16   98.11111    3  273  176.00000   98.11111  44.3%   600  191s
    15    28   98.46667    4  301  176.00000   98.46667  44.1%   574  202s
    31    51   99.00000    5  208  176.00000   99.00000  43.7%   686  219s
    59    69   99.00000    6  183  176.00000   99.00000  43.7%   657  232s
H   91    95                     147.0000000   99.00000  32.7%   636  334s
H   93    95                     143.0000000   99.00000  30.8%   636  334s
H  115    95                     142.0000000   99.00000  30.3%   583  334s
H  123   118                     137.0000000   99.00000  27.7%   558  429s
H  137   118                     136.0000000   99.00000  27.2%   510  429s
H  141   118                     132.0000000   99.00000  25.0%   496  429s
   155   149   99.00000    9  327  132.00000   99.00000  25.0%   455  435s
   187   190   99.00000   10  327  132.00000   99.00000  25.0%   383  491s
   243   237   99.00000   12  327  132.00000   99.00000  25.0%   300  498s
   301   286   99.00000   13  320  132.00000   99.00000  25.0%   253  764s
   308   286  106.00000   12  465  132.00000   99.00000  25.0%   255  765s
   355   353   99.00000   14  312  132.00000   99.00000  25.0%   236  875s
   429   405   99.00000   15  310  132.00000   99.00000  25.0%   199  903s
   495   468   99.00000   16  308  132.00000   99.00000  25.0%   178  939s
   575   525   99.00000   18  308  132.00000   99.00000  25.0%   155  987s
   651   595   99.00000   20  327  132.00000   99.00000  25.0%   142 1057s
   727   667   99.00000   21  324  132.00000   99.00000  25.0%   133 1109s
   731   667  102.00000   22  461  132.00000   99.00000  25.0%   133 1110s
   815   736   99.00000   22  274  132.00000   99.00000  25.0%   123 1197s
   899   813   99.00000   23  267  132.00000   99.00000  25.0%   116 1257s
   999   903   99.00000   24  290  132.00000   99.00000  25.0%   110 1347s
  1098  1035   99.02410   25  299  132.00000   99.00000  25.0%   108 1430s
H 1253  1066                     130.0000000   99.00000  23.8%   100 1654s
  1285  1252  101.00000   27  199  130.00000   99.00000  23.8%  98.7 1822s
  1498  1441  102.00000   33  197  130.00000   99.00000  23.8%  89.1 2069s
  1712  1441  109.00000   26  321  130.00000   99.00000  23.8%  85.2 2070s
  1717  1678  102.00000   43  203  130.00000   99.00000  23.8%  85.3 2401s
  1976  1862  102.00000   54  174  130.00000   99.00000  23.8%  79.5 2787s
  2184  2058  102.00000   60  423  130.00000   99.00000  23.8%  78.2 3002s
  2441  2132  102.00000   62  341  130.00000   99.00000  23.8%  73.7 3238s
H 2449  2039                     128.0000000   99.00000  22.7%  74.0 3240s
  2525  2104  102.00000   63  337  128.00000   99.00000  22.7%  72.4 3375s
  2545  2104  116.00000   63  345  128.00000   99.00000  22.7%  72.5 3380s
  2610  2332  102.00000   65  277  128.00000   99.00000  22.7%  71.9 3729s

Cutting planes:
  Gomory: 3
  Cover: 128
  Implied bound: 448
  Clique: 2
  MIR: 1421
  StrongCG: 23
  Zero half: 3
  Mod-K: 1
  RLT: 853
  Relax-and-lift: 434

Explored 2898 nodes (287717 simplex iterations) in 3870.41 seconds (48.06 work units)
Thread count was 32 (of 32 available processors)

Solution count 10: 128 130 132 ... 507

Time limit reached
Best objective 1.280000000000e+02, best bound 9.900000000000e+01, gap 22.6562%

Wrote result file 'RCPSP_1179.sol'

