
Gurobi 10.0.3 (linux64, gurobi_cl) logging started Thu Nov  9 11:47:15 2023

Set parameter Username
Set parameter TimeLimit to value 3600
Set parameter LogFile to value "RCPSP_1028.log"
Set parameter Threads to value 32
Academic license - for non-commercial use only - expires 2024-10-30
Using license file /home/jrivera6/gurobi-licenses/v1003/compute-0-34/gurobi.lic

Gurobi Optimizer version 10.0.3 build v10.0.3rc0 (linux64)
Copyright (c) 2023, Gurobi Optimization, LLC

Read MPS format model from file RCPSP_1028.mps
Reading time = 0.15 seconds
RCPSP_1028: 42919 rows, 17020 columns, 142834 nonzeros

CPU model: Intel(R) Xeon(R) Gold 6130 CPU @ 2.10GHz, instruction set [SSE2|AVX|AVX2|AVX512]
Thread count: 32 physical cores, 32 logical processors, using up to 32 threads

Optimize a model with 42919 rows, 17020 columns and 142834 nonzeros
Model fingerprint: 0xc087f203
Variable types: 92 continuous, 16928 integer (16928 binary)
Coefficient statistics:
  Matrix range     [1e+00, 5e+02]
  Objective range  [1e+00, 1e+00]
  Bounds range     [1e+00, 1e+00]
  RHS range        [1e+00, 5e+02]
Presolve removed 7331 rows and 1640 columns
Presolve time: 2.78s
Presolved: 35588 rows, 15380 columns, 123599 nonzeros
Variable types: 91 continuous, 15289 integer (15289 binary)

Deterministic concurrent LP optimizer: primal and dual simplex (primal and dual model)
Showing first log only...

Root relaxation presolved: 35588 rows, 15380 columns, 123599 nonzeros


Root simplex log...

Iteration    Objective       Primal Inf.    Dual Inf.      Time
    2753    6.2000000e+01   0.000000e+00   1.135000e+02      5s
    2839    6.0000000e+01   0.000000e+00   0.000000e+00      6s
Concurrent spin time: 0.03s

Solved with dual simplex (dual model)

Root relaxation: objective 6.000000e+01, 16515 iterations, 2.85 seconds (0.15 work units)
Total elapsed time = 10.24s

    Nodes    |    Current Node    |     Objective Bounds      |     Work
 Expl Unexpl |  Obj  Depth IntInf | Incumbent    BestBd   Gap | It/Node Time

     0     0   60.00000    0   73          -   60.00000      -     -   10s
     0     0   60.00000    0  916          -   60.00000      -     -   38s
     0     0   60.00000    0  859          -   60.00000      -     -   39s
     0     0   60.00000    0  890          -   60.00000      -     -   42s
     0     0   60.00000    0  888          -   60.00000      -     -   42s
     0     0   60.00000    0    4          -   60.00000      -     -   54s
     0     0   60.00000    0    4          -   60.00000      -     -   55s
     0     0   60.00000    0    6          -   60.00000      -     -   59s
     0     0   60.00000    0    4          -   60.00000      -     -   68s
     0     0   60.00000    0    2          -   60.00000      -     -   75s
     0     0   60.00000    0    4          -   60.00000      -     -   80s
     0     0   60.00000    0    8          -   60.00000      -     -   84s
H    0     0                     460.0000000   60.00000  87.0%     -   98s
     0     0   60.00000    0    8  460.00000   60.00000  87.0%     -   98s
H    0     0                      60.0000000   60.00000  0.00%     -  104s
     0     0   60.00000    0    8   60.00000   60.00000  0.00%     -  104s

Cutting planes:
  Gomory: 10
  Cover: 2
  Implied bound: 28
  MIR: 212
  RLT: 116
  Relax-and-lift: 140
  PSD: 1

Explored 1 nodes (33276 simplex iterations) in 104.19 seconds (8.48 work units)
Thread count was 32 (of 32 available processors)

Solution count 2: 60 460 

Optimal solution found (tolerance 1.00e-04)
Best objective 6.000000000000e+01, best bound 6.000000000000e+01, gap 0.0000%

Wrote result file 'RCPSP_1028.sol'

