
Gurobi 10.0.3 (linux64, gurobi_cl) logging started Fri Nov 10 18:44:41 2023

Set parameter Username
Set parameter TimeLimit to value 3600
Set parameter LogFile to value "RCPSP_1671.log"
Set parameter Threads to value 32
Academic license - for non-commercial use only - expires 2024-11-06
Using license file /home/jrivera6/gurobi-licenses/v1003/compute-0-36/gurobi.lic

Gurobi Optimizer version 10.0.3 build v10.0.3rc0 (linux64)
Copyright (c) 2023, Gurobi Optimization, LLC

Read MPS format model from file RCPSP_1671.mps
Reading time = 0.11 seconds
RCPSP_1671: 75251 rows, 29890 columns, 237025 nonzeros

CPU model: Intel(R) Xeon(R) Gold 6130 CPU @ 2.10GHz, instruction set [SSE2|AVX|AVX2|AVX512]
Thread count: 32 physical cores, 32 logical processors, using up to 32 threads

Optimize a model with 75251 rows, 29890 columns and 237025 nonzeros
Model fingerprint: 0x61b8abf7
Variable types: 122 continuous, 29768 integer (29768 binary)
Coefficient statistics:
  Matrix range     [1e+00, 6e+02]
  Objective range  [1e+00, 1e+00]
  Bounds range     [1e+00, 1e+00]
  RHS range        [1e+00, 6e+02]
Presolve removed 11450 rows and 1720 columns (presolve time = 5s) ...
Presolve removed 11450 rows and 1720 columns (presolve time = 10s) ...
Presolve removed 14050 rows and 2745 columns
Presolve time: 12.41s
Presolved: 61201 rows, 27145 columns, 201382 nonzeros
Variable types: 121 continuous, 27024 integer (27024 binary)

Deterministic concurrent LP optimizer: primal and dual simplex (primal and dual model)
Showing first log only...

Root relaxation presolved: 61200 rows, 27146 columns, 201380 nonzeros


Root simplex log...

Iteration    Objective       Primal Inf.    Dual Inf.      Time
       0    9.2615519e+01   3.699678e-02   2.264385e+08     15s
     144    9.2790465e+01   3.081516e-03   1.597958e+08     15s
    3518    9.2000000e+01   0.000000e+00   0.000000e+00     16s
    3518    9.2000000e+01   0.000000e+00   0.000000e+00     16s
Concurrent spin time: 1.64s

Solved with dual simplex (dual model)

Root relaxation: objective 9.200000e+01, 29174 iterations, 4.75 seconds (0.33 work units)
Total elapsed time = 25.07s

    Nodes    |    Current Node    |     Objective Bounds      |     Work
 Expl Unexpl |  Obj  Depth IntInf | Incumbent    BestBd   Gap | It/Node Time

     0     0   92.00000    0   30          -   92.00000      -     -   29s
     0     0   92.43750    0 1043          -   92.43750      -     -   70s
     0     0   93.00000    0 1187          -   93.00000      -     -  120s
     0     0   93.00000    0  952          -   93.00000      -     -  128s
     0     0   93.00000    0 1214          -   93.00000      -     -  134s
     0     0   93.00000    0 1206          -   93.00000      -     -  135s
     0     0   93.00000    0  970          -   93.00000      -     -  136s
     0     0   93.00000    0 1092          -   93.00000      -     -  152s
     0     0   93.00000    0  706          -   93.00000      -     -  154s
     0     0   93.00000    0  702          -   93.00000      -     -  155s
     0     0   93.00000    0  809          -   93.00000      -     -  159s
     0     0   93.00000    0  783          -   93.00000      -     -  160s
     0     0   93.00000    0 1231          -   93.00000      -     -  168s
     0     0   93.00000    0 1178          -   93.00000      -     -  170s
     0     0   93.00000    0 1075          -   93.00000      -     -  171s
     0     0   93.00000    0 1071          -   93.00000      -     -  171s
     0     0   93.00000    0    4          -   93.00000      -     -  193s
     0     0   93.00000    0  247          -   93.00000      -     -  194s
     0     0   93.00000    0  243          -   93.00000      -     -  194s
     0     0   93.00000    0    8          -   93.00000      -     -  202s
     0     0   93.00000    0  198          -   93.00000      -     -  204s
     0     0   93.00000    0  126          -   93.00000      -     -  210s
     0     0   93.00000    0  124          -   93.00000      -     -  211s
     0     0   93.00000    0  148          -   93.00000      -     -  212s
     0     0   93.00000    0    4          -   93.00000      -     -  220s
     0     0   93.00000    0   15          -   93.00000      -     -  222s
     0     0   93.00000    0    4          -   93.00000      -     -  226s
     0     0   93.00000    0    4          -   93.00000      -     -  230s
H    0     0                      95.0000000   93.00000  2.11%     -  231s
     0     0   93.00000    0   10   95.00000   93.00000  2.11%     -  279s
     0     0   93.00000    0  358   95.00000   93.00000  2.11%     -  285s
     0     0   93.00000    0  231   95.00000   93.00000  2.11%     -  286s
H    0     0                      93.0000000   93.00000  0.00%     -  289s
     0     0   93.00000    0  521   93.00000   93.00000  0.00%     -  289s

Cutting planes:
  Gomory: 108
  Cover: 212
  Implied bound: 114
  Clique: 268
  MIR: 522
  StrongCG: 8
  Zero half: 4
  RLT: 403
  Relax-and-lift: 92

Explored 1 nodes (104923 simplex iterations) in 289.21 seconds (35.62 work units)
Thread count was 32 (of 32 available processors)

Solution count 2: 93 95 

Optimal solution found (tolerance 1.00e-04)
Best objective 9.300000000000e+01, best bound 9.300000000000e+01, gap 0.0000%

Wrote result file 'RCPSP_1671.sol'

