
Gurobi 10.0.3 (linux64, gurobi_cl) logging started Thu Nov  2 11:42:15 2023

Set parameter Username
Set parameter TimeLimit to value 3600
Set parameter LogFile to value "RCPSP_892.log"
Set parameter Threads to value 32
Academic license - for non-commercial use only - expires 2024-10-30
Using license file /home/jrivera6/gurobi-licenses/v1003/compute-0-35/gurobi.lic

Gurobi Optimizer version 10.0.3 build v10.0.3rc0 (linux64)
Copyright (c) 2023, Gurobi Optimization, LLC

Read MPS format model from file RCPSP_892.mps
Reading time = 0.03 seconds
RCPSP_892: 19662 rows, 7750 columns, 68337 nonzeros

CPU model: Intel(R) Xeon(R) Gold 6130 CPU @ 2.10GHz, instruction set [SSE2|AVX|AVX2|AVX512]
Thread count: 32 physical cores, 32 logical processors, using up to 32 threads

Optimize a model with 19662 rows, 7750 columns and 68337 nonzeros
Model fingerprint: 0xf04ce555
Variable types: 62 continuous, 7688 integer (7688 binary)
Coefficient statistics:
  Matrix range     [1e+00, 3e+02]
  Objective range  [1e+00, 1e+00]
  Bounds range     [1e+00, 1e+00]
  RHS range        [1e+00, 3e+02]
Presolve removed 8520 rows and 3179 columns
Presolve time: 4.21s
Presolved: 11142 rows, 4571 columns, 40256 nonzeros
Variable types: 61 continuous, 4510 integer (4510 binary)

Root relaxation: objective 6.800000e+01, 1422 iterations, 0.02 seconds (0.01 work units)

    Nodes    |    Current Node    |     Objective Bounds      |     Work
 Expl Unexpl |  Obj  Depth IntInf | Incumbent    BestBd   Gap | It/Node Time

     0     0   68.00000    0    2          -   68.00000      -     -    4s
H    0     0                      69.0000000   68.00000  1.45%     -    4s
     0     0   68.00000    0    4   69.00000   68.00000  1.45%     -    5s
     0     0   68.00000    0    6   69.00000   68.00000  1.45%     -   12s
     0     0   68.00000    0   16   69.00000   68.00000  1.45%     -   16s
     0     0   68.00000    0   16   69.00000   68.00000  1.45%     -   18s
H    0     0                      68.0000000   68.00000  0.00%     -   20s

Cutting planes:
  Gomory: 5
  Cover: 6
  Implied bound: 18
  Clique: 48
  MIR: 10
  RLT: 13
  Relax-and-lift: 20

Explored 1 nodes (8333 simplex iterations) in 20.19 seconds (3.42 work units)
Thread count was 32 (of 32 available processors)

Solution count 2: 68 69 

Optimal solution found (tolerance 1.00e-04)
Best objective 6.800000000000e+01, best bound 6.800000000000e+01, gap 0.0000%

Wrote result file 'RCPSP_892.sol'

