
Gurobi 10.0.3 (linux64, gurobi_cl) logging started Fri Nov 10 22:02:05 2023

Set parameter Username
Set parameter TimeLimit to value 3600
Set parameter LogFile to value "RCPSP_1993.log"
Set parameter Threads to value 32
Academic license - for non-commercial use only - expires 2024-10-30
Using license file /home/jrivera6/gurobi-licenses/v1003/compute-0-34/gurobi.lic

Gurobi Optimizer version 10.0.3 build v10.0.3rc0 (linux64)
Copyright (c) 2023, Gurobi Optimization, LLC

Read MPS format model from file RCPSP_1993.mps
Reading time = 0.12 seconds
RCPSP_1993: 75288 rows, 29890 columns, 280622 nonzeros

CPU model: Intel(R) Xeon(R) Gold 6130 CPU @ 2.10GHz, instruction set [SSE2|AVX|AVX2|AVX512]
Thread count: 32 physical cores, 32 logical processors, using up to 32 threads

Optimize a model with 75288 rows, 29890 columns and 280622 nonzeros
Model fingerprint: 0x825611cf
Variable types: 122 continuous, 29768 integer (29768 binary)
Coefficient statistics:
  Matrix range     [1e+00, 7e+02]
  Objective range  [1e+00, 1e+00]
  Bounds range     [1e+00, 1e+00]
  RHS range        [1e+00, 7e+02]
Presolve removed 18755 rows and 4856 columns (presolve time = 5s) ...
Presolve removed 18755 rows and 4856 columns (presolve time = 10s) ...
Presolve removed 18755 rows and 4856 columns (presolve time = 15s) ...
Presolve removed 22961 rows and 6400 columns
Presolve time: 16.59s
Presolved: 52327 rows, 23490 columns, 203172 nonzeros
Variable types: 121 continuous, 23369 integer (23369 binary)

Deterministic concurrent LP optimizer: primal and dual simplex (primal and dual model)
Showing first log only...

Root relaxation presolved: 52323 rows, 23494 columns, 203164 nonzeros


Root simplex log...

Iteration    Objective       Primal Inf.    Dual Inf.      Time
       0    9.3175679e+01   1.048378e-02   2.192246e+08     19s
    3149    9.3000000e+01   0.000000e+00   0.000000e+00     19s
    3149    9.3000000e+01   0.000000e+00   0.000000e+00     20s
Concurrent spin time: 0.76s

Solved with dual simplex (primal model)

Root relaxation: objective 9.300000e+01, 7735 iterations, 3.13 seconds (0.29 work units)
Total elapsed time = 27.41s
Total elapsed time = 32.04s

    Nodes    |    Current Node    |     Objective Bounds      |     Work
 Expl Unexpl |  Obj  Depth IntInf | Incumbent    BestBd   Gap | It/Node Time

     0     0   93.00000    0 1077          -   93.00000      -     -   43s
     0     0  100.00000    0  986          -  100.00000      -     -   43s
     0     0  100.00000    0 1530          -  100.00000      -     -   89s
     0     0  100.00000    0 1516          -  100.00000      -     -   89s
     0     0  100.00000    0 1615          -  100.00000      -     -  132s
     0     0  100.00000    0 1700          -  100.00000      -     -  144s
     0     0  100.00000    0 1866          -  100.00000      -     -  158s
     0     0  100.00000    0 1776          -  100.00000      -     -  158s
     0     0  100.00000    0 1142          -  100.00000      -     -  189s
     0     0  100.00000    0 1136          -  100.00000      -     -  190s
     0     0  100.00055    0 1603          -  100.00055      -     -  198s
     0     0  100.00055    0 1598          -  100.00055      -     -  199s
     0     0  100.00173    0 1399          -  100.00173      -     -  224s
     0     0  100.00173    0 1458          -  100.00173      -     -  225s
     0     0  101.00000    0 1750          -  101.00000      -     -  233s
     0     0  101.00000    0 1663          -  101.00000      -     -  233s
     0     0  101.00000    0 1660          -  101.00000      -     -  234s
     0     0  101.00000    0 1765          -  101.00000      -     -  240s
     0     0  101.00000    0 1777          -  101.00000      -     -  245s
     0     0  101.00000    0 1750          -  101.00000      -     -  247s
     0     0  101.00000    0 1744          -  101.00000      -     -  247s
     0     0  101.00000    0 1870          -  101.00000      -     -  275s
     0     0  101.00000    0 1746          -  101.00000      -     -  276s
     0     0  101.00000    0 1860          -  101.00000      -     -  277s
     0     0  101.00000    0  722          -  101.00000      -     -  331s
     0     0  101.00000    0 1521          -  101.00000      -     -  350s
     0     0  101.00000    0 1561          -  101.00000      -     -  353s
     0     0  101.00000    0 1559          -  101.00000      -     -  353s
     0     0  101.00000    0 1598          -  101.00000      -     -  378s
     0     0  101.00000    0 1549          -  101.00000      -     -  380s
     0     0  101.00000    0 1517          -  101.00000      -     -  381s
     0     0  101.00000    0 1226          -  101.00000      -     -  421s
     0     0  101.00000    0 1191          -  101.00000      -     -  422s
     0     0  101.00000    0 1477          -  101.00000      -     -  426s
     0     0  101.00000    0 1499          -  101.00000      -     -  429s
     0     0  101.00000    0 1399          -  101.00000      -     -  430s
     0     0  101.00000    0 1395          -  101.00000      -     -  431s
     0     0  101.00000    0 1627          -  101.00000      -     -  443s
     0     0  101.00000    0 1616          -  101.00000      -     -  444s
     0     0  101.00000    0 1656          -  101.00000      -     -  453s
     0     0  101.00000    0 1628          -  101.00000      -     -  453s
     0     0  101.00000    0 1810          -  101.00000      -     -  469s
     0     0  101.00000    0 1707          -  101.00000      -     -  470s
     0     0  101.00000    0 1795          -  101.00000      -     -  473s
     0     0  101.00000    0 1676          -  101.00000      -     -  475s
     0     0  101.00000    0 1946          -  101.00000      -     -  481s
     0     0  101.00000    0 1833          -  101.00000      -     -  482s
     0     0  101.00000    0 1833          -  101.00000      -     -  482s
     0     0  101.00000    0 1685          -  101.00000      -     -  488s
     0     0  101.00000    0 1624          -  101.00000      -     -  489s
     0     0  101.00000    0 1620          -  101.00000      -     -  490s
     0     0  101.00000    0 1842          -  101.00000      -     -  554s
     0     0  101.00000    0 1886          -  101.00000      -     -  557s
     0     0  101.00000    0 1854          -  101.00000      -     -  559s
     0     0  101.00000    0 1849          -  101.00000      -     -  559s
     0     0  101.00000    0 1803          -  101.00000      -     -  574s
     0     0  101.00000    0 1767          -  101.00000      -     -  576s
     0     0  101.00000    0 1739          -  101.00000      -     -  587s
     0     0  101.00000    0 1660          -  101.00000      -     -  587s
     0     0  101.00000    0 1488          -  101.00000      -     -  611s
     0     0  101.00000    0 1442          -  101.00000      -     -  612s
     0     0  101.00000    0 1703          -  101.00000      -     -  622s
     0     0  101.00000    0 1594          -  101.00000      -     -  624s
     0     0  101.00000    0 1592          -  101.00000      -     -  624s
     0     0  101.00000    0 1416          -  101.00000      -     -  646s
     0     0  101.00000    0 1797          -  101.00000      -     -  659s
     0     0  101.00000    0 1706          -  101.00000      -     -  660s
     0     0  101.00000    0 1692          -  101.00000      -     -  661s
     0     0  101.00000    0 1647          -  101.00000      -     -  667s
     0     0  101.00000    0 1580          -  101.00000      -     -  668s
     0     0  101.00000    0 1676          -  101.00000      -     -  672s
     0     0  101.00000    0 1653          -  101.00000      -     -  673s
     0     0  101.00000    0 1452          -  101.00000      -     -  706s
     0     0  101.00000    0 1447          -  101.00000      -     -  706s
     0     0  101.00000    0 1227          -  101.00000      -     -  725s
     0     2  101.00000    0 1138          -  101.00000      -     -  787s
     1     4  101.00000    1 1136          -  101.00000      - 15128  835s
     3     6  102.40741    2 1127          -  101.00000      -  5391  858s
     6    10  102.40741    3 1126          -  102.00000      -  2864  963s
    12    20  102.40741    4 1415          -  102.00000      -  1660 1046s
    22    33  103.00000    5 1811          -  102.00000      -  1740 1147s
    42    58  103.00000    6 1923          -  102.00000      -  1779 1272s
    74    88  103.00000    7 1843          -  102.00000      -  1610 1333s
   106   118  103.00000    8 1821          -  102.00000      -  1440 1377s
   138   143  103.00000    9 1791          -  102.00000      -  1266 1388s
   170   179  103.00000   10 1789          -  102.00000      -  1060 1403s
   224   211  103.00000   11 1741          -  102.00000      -   858 1425s
   275   257  103.00000   12 1739          -  102.00000      -   739 1452s
   331   315  103.00000   14 1653          -  102.00000      -   656 1492s
   400   371  103.00000   15 1640          -  102.00000      -   582 1515s
   465   423  103.00000   15 1730          -  102.00000      -   541 1537s
   524   491  103.00000   16 1709          -  102.00000      -   510 1601s
   600   553  103.00000   17 1670          -  102.00000      -   474 1618s
   676   630  103.00000   18 1623          -  102.00000      -   441 1642s
   763   721  103.00000   19 1671          -  102.00000      -   416 1660s
   860   836  103.00000   20 1669          -  102.00000      -   387 1671s
   986   963  103.00000   22 1701          -  102.00000      -   350 1687s
  1124  1080  103.00000   23 1721          -  102.00000      -   318 1701s
  1252  1234  103.00000   24 1725          -  102.00000      -   296 1720s
  1410  1392  103.00000   25 1657          -  102.00000      -   273 1732s
  1573  1546  103.00000   26 1656          -  102.00000      -   253 1779s
  1736  1723  103.00000   27 1647          -  102.00000      -   239 1841s
  1928  1899  103.00000   31 1668          -  102.00000      -   223 1883s
  2158  2000  103.00000   34 1877          -  102.00000      -   209 2119s
  2162  2000  102.00000   30 1910          -  102.00000      -   212 2120s
  2273  2101  103.00000   35 1875          -  102.00000      -   216 2186s
  2393  2176  103.00000   36 1892          -  102.00000      -   222 2355s
  2478  2307  103.00000   37 1853          -  102.00000      -   233 2586s
  2623  2429  103.00000   38 1809          -  102.00000      -   233 2700s
  2756  2538  103.00000   39 1762          -  102.00000      -   232 2847s
  2902  2672  103.00000   41 1759          -  102.00000      -   232 3246s
  3046  2795  103.00000   42 1789          -  102.00000      -   234 3676s

Cutting planes:
  Learned: 10
  Gomory: 26
  Cover: 346
  Implied bound: 295
  Clique: 109
  MIR: 3788
  StrongCG: 59
  Inf proof: 2
  Zero half: 20
  RLT: 1735
  Relax-and-lift: 282
  PSD: 1

Explored 3199 nodes (1006606 simplex iterations) in 3946.85 seconds (170.97 work units)
Thread count was 32 (of 32 available processors)

Solution count 0

Time limit reached
Best objective -, best bound 1.020000000000e+02, gap -

Unable to retrieve attribute 'X'

