
Gurobi 10.0.3 (linux64, gurobi_cl) logging started Thu Nov  2 11:34:08 2023

Set parameter Username
Set parameter TimeLimit to value 3600
Set parameter LogFile to value "RCPSP_423.log"
Set parameter Threads to value 32
Academic license - for non-commercial use only - expires 2024-10-30
Using license file /home/jrivera6/gurobi-licenses/v1003/compute-0-34/gurobi.lic

Gurobi Optimizer version 10.0.3 build v10.0.3rc0 (linux64)
Copyright (c) 2023, Gurobi Optimization, LLC

Read MPS format model from file RCPSP_423.mps
Reading time = 0.01 seconds
RCPSP_423: 5349 rows, 2080 columns, 17994 nonzeros

CPU model: Intel(R) Xeon(R) Gold 6130 CPU @ 2.10GHz, instruction set [SSE2|AVX|AVX2|AVX512]
Thread count: 32 physical cores, 32 logical processors, using up to 32 threads

Optimize a model with 5349 rows, 2080 columns and 17994 nonzeros
Model fingerprint: 0x0fb3d59a
Variable types: 32 continuous, 2048 integer (2048 binary)
Coefficient statistics:
  Matrix range     [1e+00, 2e+02]
  Objective range  [1e+00, 1e+00]
  Bounds range     [1e+00, 1e+00]
  RHS range        [1e+00, 2e+02]
Presolve removed 3148 rows and 1237 columns
Presolve time: 0.30s
Presolved: 2201 rows, 843 columns, 7378 nonzeros
Variable types: 31 continuous, 812 integer (812 binary)

Root relaxation: objective 5.500000e+01, 308 iterations, 0.00 seconds (0.00 work units)

    Nodes    |    Current Node    |     Objective Bounds      |     Work
 Expl Unexpl |  Obj  Depth IntInf | Incumbent    BestBd   Gap | It/Node Time

     0     0   55.00000    0   26          -   55.00000      -     -    0s
     0     0   55.00000    0   47          -   55.00000      -     -    0s
     0     0   55.00000    0   48          -   55.00000      -     -    0s
     0     0   55.00000    0    8          -   55.00000      -     -    0s
H    0     0                      62.0000000   55.00000  11.3%     -    0s
     0     0   55.00000    0   16   62.00000   55.00000  11.3%     -    1s
H    0     0                      59.0000000   55.00000  6.78%     -    1s
     0     0   55.00000    0   18   59.00000   55.00000  6.78%     -    1s
     0     0   55.00000    0   58   59.00000   55.00000  6.78%     -    1s
     0     0   55.00000    0   20   59.00000   55.00000  6.78%     -    4s
H    0     0                      58.0000000   55.00000  5.17%     -    5s
     0     0   55.00000    0   58   58.00000   55.00000  5.17%     -    5s
     0     0   55.00000    0   96   58.00000   55.00000  5.17%     -    5s
     0     0   55.00000    0   30   58.00000   55.00000  5.17%     -    9s
H    0     0                      57.0000000   55.00000  3.51%     -    9s
     0     0   55.00000    0   60   57.00000   55.00000  3.51%     -   10s
     0     0   55.00283    0   47   57.00000   55.00283  3.50%     -   12s
     0     0   55.00283    0   47   57.00000   55.00283  3.50%     -   12s
     0     0   55.00283    0   62   57.00000   55.00283  3.50%     -   12s
     0     0   55.03959    0   85   57.00000   55.03959  3.44%     -   13s
     0     0   55.03959    0   80   57.00000   55.03959  3.44%     -   13s
     0     0   55.04395    0   79   57.00000   55.04395  3.43%     -   14s
     0     0   55.04395    0   80   57.00000   55.04395  3.43%     -   14s
     0     0   55.13333    0   76   57.00000   55.13333  3.27%     -   15s
     0     0   55.13333    0   82   57.00000   55.13333  3.27%     -   15s
     0     0   55.13333    0   79   57.00000   55.13333  3.27%     -   16s
     0     0   55.13333    0   79   57.00000   55.13333  3.27%     -   16s
     0     0   55.13333    0   71   57.00000   55.13333  3.27%     -   18s
     0     0   55.13333    0   69   57.00000   55.13333  3.27%     -   18s
     0     0   55.13333    0   89   57.00000   55.13333  3.27%     -   19s
     0     0   55.13333    0   89   57.00000   55.13333  3.27%     -   19s
     0     0   56.00000    0   58   57.00000   56.00000  1.75%     -   20s
     0     0   56.00000    0   60   57.00000   56.00000  1.75%     -   20s
     0     0   56.00000    0   88   57.00000   56.00000  1.75%     -   21s
     0     0   56.00000    0   56   57.00000   56.00000  1.75%     -   22s
     0     0   56.00000    0   56   57.00000   56.00000  1.75%     -   23s
     0     0     cutoff    0        57.00000   57.00000  0.00%     -   26s

Explored 1 nodes (7056 simplex iterations) in 27.10 seconds (0.75 work units)
Thread count was 32 (of 32 available processors)

Solution count 4: 57 58 59 62 

Optimal solution found (tolerance 1.00e-04)
Best objective 5.700000000000e+01, best bound 5.700000000000e+01, gap 0.0000%

Wrote result file 'RCPSP_423.sol'

