
Gurobi 10.0.3 (linux64, gurobi_cl) logging started Thu Nov  2 11:33:59 2023

Set parameter Username
Set parameter TimeLimit to value 3600
Set parameter LogFile to value "RCPSP_224.log"
Set parameter Threads to value 32
Academic license - for non-commercial use only - expires 2024-10-30
Using license file /home/jrivera6/gurobi-licenses/v1003/compute-0-35/gurobi.lic

Gurobi Optimizer version 10.0.3 build v10.0.3rc0 (linux64)
Copyright (c) 2023, Gurobi Optimization, LLC

Read MPS format model from file RCPSP_224.mps
Reading time = 0.01 seconds
RCPSP_224: 5339 rows, 2080 columns, 17054 nonzeros

CPU model: Intel(R) Xeon(R) Gold 6130 CPU @ 2.10GHz, instruction set [SSE2|AVX|AVX2|AVX512]
Thread count: 32 physical cores, 32 logical processors, using up to 32 threads

Optimize a model with 5339 rows, 2080 columns and 17054 nonzeros
Model fingerprint: 0x15dd8fcf
Variable types: 32 continuous, 2048 integer (2048 binary)
Coefficient statistics:
  Matrix range     [1e+00, 2e+02]
  Objective range  [1e+00, 1e+00]
  Bounds range     [1e+00, 1e+00]
  RHS range        [1e+00, 2e+02]
Presolve removed 3173 rows and 1247 columns
Presolve time: 0.27s
Presolved: 2166 rows, 833 columns, 6884 nonzeros
Variable types: 31 continuous, 802 integer (802 binary)

Root relaxation: objective 6.300000e+01, 314 iterations, 0.00 seconds (0.00 work units)

    Nodes    |    Current Node    |     Objective Bounds      |     Work
 Expl Unexpl |  Obj  Depth IntInf | Incumbent    BestBd   Gap | It/Node Time

     0     0   63.00000    0   12          -   63.00000      -     -    0s
H    0     0                      69.0000000   63.00000  8.70%     -    0s
     0     0   63.00000    0   38   69.00000   63.00000  8.70%     -    0s
     0     0   63.00000    0   38   69.00000   63.00000  8.70%     -    0s
H    0     0                      68.0000000   63.00000  7.35%     -    0s
     0     0   63.00000    0    4   68.00000   63.00000  7.35%     -    0s
     0     0   63.00000    0    4   68.00000   63.00000  7.35%     -    1s
H    0     0                      67.0000000   63.00000  5.97%     -    1s
     0     0   63.00000    0   25   67.00000   63.00000  5.97%     -    1s
     0     0   63.00000    0   11   67.00000   63.00000  5.97%     -    4s
H    0     0                      66.0000000   63.00000  4.55%     -    4s
     0     0   65.00000    0   22   66.00000   65.00000  1.52%     -    5s
H    0     0                      65.0000000   65.00000  0.00%     -    5s
     0     0   65.00000    0   10   65.00000   65.00000  0.00%     -    5s

Cutting planes:
  Gomory: 1
  Cover: 1
  Implied bound: 5
  Clique: 1
  MIR: 1
  RLT: 5
  Relax-and-lift: 3

Explored 1 nodes (2580 simplex iterations) in 5.74 seconds (0.39 work units)
Thread count was 32 (of 32 available processors)

Solution count 5: 65 66 67 ... 69

Optimal solution found (tolerance 1.00e-04)
Best objective 6.500000000000e+01, best bound 6.500000000000e+01, gap 0.0000%

Wrote result file 'RCPSP_224.sol'

