
Gurobi 10.0.3 (linux64, gurobi_cl) logging started Thu Nov  9 11:52:08 2023

Set parameter Username
Set parameter TimeLimit to value 3600
Set parameter LogFile to value "RCPSP_1293.log"
Set parameter Threads to value 32
Academic license - for non-commercial use only - expires 2024-11-06
Using license file /home/jrivera6/gurobi-licenses/v1003/compute-0-36/gurobi.lic

Gurobi Optimizer version 10.0.3 build v10.0.3rc0 (linux64)
Copyright (c) 2023, Gurobi Optimization, LLC

Read MPS format model from file RCPSP_1293.mps
Reading time = 0.07 seconds
RCPSP_1293: 42975 rows, 17020 columns, 134609 nonzeros

CPU model: Intel(R) Xeon(R) Gold 6130 CPU @ 2.10GHz, instruction set [SSE2|AVX|AVX2|AVX512]
Thread count: 32 physical cores, 32 logical processors, using up to 32 threads

Optimize a model with 42975 rows, 17020 columns and 134609 nonzeros
Model fingerprint: 0x2024fbed
Variable types: 92 continuous, 16928 integer (16928 binary)
Coefficient statistics:
  Matrix range     [1e+00, 5e+02]
  Objective range  [1e+00, 1e+00]
  Bounds range     [1e+00, 1e+00]
  RHS range        [1e+00, 5e+02]
Presolve removed 7424 rows and 1373 columns (presolve time = 5s) ...
Presolve removed 10102 rows and 2766 columns
Presolve time: 7.05s
Presolved: 32873 rows, 14254 columns, 106618 nonzeros
Variable types: 91 continuous, 14163 integer (14163 binary)

Deterministic concurrent LP optimizer: primal and dual simplex (primal and dual model)
Showing first log only...

Root relaxation presolved: 32873 rows, 14254 columns, 106618 nonzeros


Root simplex log...

Iteration    Objective       Primal Inf.    Dual Inf.      Time
       0    8.2655603e+01   2.458239e-02   2.894688e+08      8s
Concurrent spin time: 0.31s

Solved with dual simplex (primal model)

Root relaxation: objective 8.200000e+01, 4711 iterations, 1.16 seconds (0.10 work units)
Total elapsed time = 10.13s

    Nodes    |    Current Node    |     Objective Bounds      |     Work
 Expl Unexpl |  Obj  Depth IntInf | Incumbent    BestBd   Gap | It/Node Time

     0     0   82.00000    0    8          -   82.00000      -     -   10s
     0     0   82.00000    0  130          -   82.00000      -     -   20s
     0     0   82.00000    0  132          -   82.00000      -     -   20s
     0     0   82.00000    0    4          -   82.00000      -     -   25s
     0     0   82.00000    0    2          -   82.00000      -     -   28s
     0     0   82.00000    0    2          -   82.00000      -     -   30s
H    0     0                      82.0000000   82.00000  0.00%     -   32s
     0     0   82.00000    0   14   82.00000   82.00000  0.00%     -   32s

Cutting planes:
  Gomory: 12
  Cover: 2
  Implied bound: 21
  MIR: 24
  StrongCG: 2
  Zero half: 1
  RLT: 97
  Relax-and-lift: 40

Explored 1 nodes (18889 simplex iterations) in 32.27 seconds (7.90 work units)
Thread count was 32 (of 32 available processors)

Solution count 1: 82 

Optimal solution found (tolerance 1.00e-04)
Best objective 8.200000000000e+01, best bound 8.200000000000e+01, gap 0.0000%

Wrote result file 'RCPSP_1293.sol'

