
Gurobi 10.0.3 (linux64, gurobi_cl) logging started Thu Nov  9 12:56:02 2023

Set parameter Username
Set parameter TimeLimit to value 3600
Set parameter LogFile to value "RCPSP_1473.log"
Set parameter Threads to value 32
Academic license - for non-commercial use only - expires 2024-10-30
Using license file /home/jrivera6/gurobi-licenses/v1003/compute-0-34/gurobi.lic

Gurobi Optimizer version 10.0.3 build v10.0.3rc0 (linux64)
Copyright (c) 2023, Gurobi Optimization, LLC

Read MPS format model from file RCPSP_1473.mps
Reading time = 0.09 seconds
RCPSP_1473: 75214 rows, 29890 columns, 236988 nonzeros

CPU model: Intel(R) Xeon(R) Gold 6130 CPU @ 2.10GHz, instruction set [SSE2|AVX|AVX2|AVX512]
Thread count: 32 physical cores, 32 logical processors, using up to 32 threads

Optimize a model with 75214 rows, 29890 columns and 236988 nonzeros
Model fingerprint: 0x28f20bf4
Variable types: 122 continuous, 29768 integer (29768 binary)
Coefficient statistics:
  Matrix range     [1e+00, 7e+02]
  Objective range  [1e+00, 1e+00]
  Bounds range     [1e+00, 1e+00]
  RHS range        [1e+00, 7e+02]
Presolve removed 11173 rows and 1596 columns (presolve time = 5s) ...
Presolve removed 12987 rows and 2321 columns
Presolve time: 6.26s
Presolved: 62227 rows, 27569 columns, 204973 nonzeros
Variable types: 121 continuous, 27448 integer (27448 binary)

Deterministic concurrent LP optimizer: primal and dual simplex (primal and dual model)
Showing first log only...

Root relaxation presolved: 62227 rows, 27569 columns, 204973 nonzeros


Root simplex log...

Iteration    Objective       Primal Inf.    Dual Inf.      Time
       0    9.1187086e+01   6.219768e-03   1.673467e+08      8s
    4509    9.1000000e+01   0.000000e+00   0.000000e+00      9s
Concurrent spin time: 1.88s

Solved with primal simplex (primal model)

Root relaxation: objective 9.100000e+01, 4509 iterations, 4.01 seconds (0.39 work units)
Total elapsed time = 15.13s

    Nodes    |    Current Node    |     Objective Bounds      |     Work
 Expl Unexpl |  Obj  Depth IntInf | Incumbent    BestBd   Gap | It/Node Time

     0     0   91.00000    0  228          -   91.00000      -     -   20s
     0     0   93.54545    0  728          -   93.54545      -     -   64s
     0     0   93.54545    0  819          -   93.54545      -     -   69s
     0     0   93.54545    0  766          -   93.54545      -     -   70s
     0     0   93.54545    0  728          -   93.54545      -     -   72s
     0     0   93.54545    0  726          -   93.54545      -     -   72s
     0     0   95.00000    0  639          -   95.00000      -     -  251s
     0     0   95.00000    0  777          -   95.00000      -     -  253s
     0     0   95.00000    0  956          -   95.00000      -     -  267s
     0     0   95.00000    0  857          -   95.00000      -     -  272s
     0     0   95.00000    0  822          -   95.00000      -     -  272s
     0     0   95.00000    0 1165          -   95.00000      -     -  278s
     0     0   95.00000    0 1149          -   95.00000      -     -  278s
     0     0   95.00000    0  996          -   95.00000      -     -  293s
     0     0   95.00000    0 1126          -   95.00000      -     -  301s
     0     0   95.00000    0 1038          -   95.00000      -     -  302s
     0     0   95.00000    0 1055          -   95.00000      -     -  315s
     0     0   95.00000    0  939          -   95.00000      -     -  323s
     0     0   95.00000    0  848          -   95.00000      -     -  323s
     0     0   95.00000    0 1045          -   95.00000      -     -  326s
     0     0   95.00000    0   36          -   95.00000      -     -  386s
     0     0   95.00000    0  583          -   95.00000      -     -  417s
     0     0   95.00000    0  522          -   95.00000      -     -  417s
     0     0   95.00000    0  431          -   95.00000      -     -  419s
     0     0   95.00000    0  140          -   95.00000      -     -  455s
     0     0   95.00000    0  195          -   95.00000      -     -  470s
     0     0   95.00000    0   18          -   95.00000      -     -  494s
     0     0   95.00000    0   54          -   95.00000      -     -  508s
     0     0   95.00000    0   25          -   95.00000      -     -  518s
     0     0   95.00000    0   25          -   95.00000      -     -  519s
     0     0   95.00000    0   10          -   95.00000      -     -  542s
H    0     0                      97.0000000   95.00000  2.06%     -  544s
     0     0   95.00000    0   10   97.00000   95.00000  2.06%     -  554s
     0     0   95.00000    0  240   97.00000   95.00000  2.06%     -  561s
H    0     0                      95.0000000   95.00000  0.00%     -  611s
     0     0   95.00000    0   22   95.00000   95.00000  0.00%     -  611s

Explored 1 nodes (87318 simplex iterations) in 611.87 seconds (46.79 work units)
Thread count was 32 (of 32 available processors)

Solution count 2: 95 97 

Optimal solution found (tolerance 1.00e-04)
Best objective 9.500000000000e+01, best bound 9.500000000000e+01, gap 0.0000%

Wrote result file 'RCPSP_1473.sol'

