
Gurobi 10.0.3 (linux64, gurobi_cl) logging started Thu Nov  2 11:36:04 2023

Set parameter Username
Set parameter TimeLimit to value 3600
Set parameter LogFile to value "RCPSP_723.log"
Set parameter Threads to value 32
Academic license - for non-commercial use only - expires 2024-10-30
Using license file /home/jrivera6/gurobi-licenses/v1003/compute-0-38/gurobi.lic

Gurobi Optimizer version 10.0.3 build v10.0.3rc0 (linux64)
Copyright (c) 2023, Gurobi Optimization, LLC

Read MPS format model from file RCPSP_723.mps
Reading time = 0.02 seconds
RCPSP_723: 19643 rows, 7750 columns, 68318 nonzeros

CPU model: Intel(R) Xeon(R) Gold 6242 CPU @ 2.80GHz, instruction set [SSE2|AVX|AVX2|AVX512]
Thread count: 32 physical cores, 32 logical processors, using up to 32 threads

Optimize a model with 19643 rows, 7750 columns and 68318 nonzeros
Model fingerprint: 0xf62ad574
Variable types: 62 continuous, 7688 integer (7688 binary)
Coefficient statistics:
  Matrix range     [1e+00, 4e+02]
  Objective range  [1e+00, 1e+00]
  Bounds range     [1e+00, 1e+00]
  RHS range        [1e+00, 4e+02]
Presolve removed 9782 rows and 3726 columns
Presolve time: 2.99s
Presolved: 9861 rows, 4024 columns, 34804 nonzeros
Variable types: 61 continuous, 3963 integer (3963 binary)

Root relaxation: objective 9.000000e+01, 1313 iterations, 0.01 seconds (0.01 work units)

    Nodes    |    Current Node    |     Objective Bounds      |     Work
 Expl Unexpl |  Obj  Depth IntInf | Incumbent    BestBd   Gap | It/Node Time

     0     0   90.00000    0  131          -   90.00000      -     -    3s
     0     0   90.00000    0  384          -   90.00000      -     -    5s
     0     0   90.00000    0  337          -   90.00000      -     -    5s
     0     0   90.00000    0  207          -   90.00000      -     -    8s
     0     0   90.00000    0  205          -   90.00000      -     -    9s
     0     0   90.00000    0  220          -   90.00000      -     -   10s
     0     0   90.00000    0  170          -   90.00000      -     -   10s
     0     0   90.00147    0  343          -   90.00147      -     -   11s
     0     0   90.00147    0  388          -   90.00147      -     -   12s
     0     0   90.01829    0  497          -   90.01829      -     -   12s
     0     0   90.01829    0  499          -   90.01829      -     -   13s
     0     0   90.23077    0  553          -   90.23077      -     -   13s
     0     0   90.30000    0  473          -   90.30000      -     -   13s
     0     0   90.33333    0  515          -   90.33333      -     -   14s
     0     0   90.33333    0  440          -   90.33333      -     -   14s
     0     0   90.33333    0  443          -   90.33333      -     -   15s
     0     0   90.33333    0  441          -   90.33333      -     -   16s
     0     0   90.33333    0  198          -   90.33333      -     -   18s
     0     0   90.33333    0  255          -   90.33333      -     -   18s
     0     0   90.33544    0  148          -   90.33544      -     -   19s
     0     0   90.33756    0  232          -   90.33756      -     -   20s
     0     0   90.33758    0  407          -   90.33758      -     -   20s
     0     0   90.33758    0  411          -   90.33758      -     -   20s
     0     0   90.34868    0  361          -   90.34868      -     -   21s
     0     0   90.34868    0  352          -   90.34868      -     -   21s
     0     0   90.34868    0  366          -   90.34868      -     -   22s
     0     0   90.34868    0  432          -   90.34868      -     -   22s
     0     0   90.34868    0  196          -   90.34868      -     -   23s
     0     0   90.34868    0  373          -   90.34868      -     -   24s
     0     0   90.34868    0  206          -   90.34868      -     -   25s
     0     0   90.34868    0  499          -   90.34868      -     -   25s
     0     0   90.38942    0  144          -   90.38942      -     -   27s
     0     0   90.39474    0  181          -   90.39474      -     -   27s
     0     0   90.39474    0  344          -   90.39474      -     -   28s
     0     0   90.39474    0  302          -   90.39474      -     -   28s
     0     0   90.39474    0  313          -   90.39474      -     -   28s
     0     0   90.39474    0  360          -   90.39474      -     -   29s
     0     0   90.45405    0  180          -   90.45405      -     -   30s
     0     0   90.45405    0  267          -   90.45405      -     -   30s
     0     0   90.45852    0  295          -   90.45852      -     -   31s
     0     0   90.45852    0  345          -   90.45852      -     -   31s
     0     0   90.46038    0  371          -   90.46038      -     -   31s
     0     0   90.46038    0  469          -   90.46038      -     -   31s
     0     0   90.46038    0  394          -   90.46038      -     -   32s
     0     0   90.46038    0  448          -   90.46038      -     -   32s
     0     0   90.46165    0  216          -   90.46165      -     -   34s
     0     0   90.46165    0  427          -   90.46165      -     -   34s
     0     0   90.46165    0  395          -   90.46165      -     -   34s
     0     0   90.46165    0  393          -   90.46165      -     -   35s
     0     0   90.46165    0  154          -   90.46165      -     -   36s
     0     0   90.46165    0  427          -   90.46165      -     -   36s
     0     0   90.52475    0  160          -   90.52475      -     -   37s
     0     0   90.52475    0  256          -   90.52475      -     -   37s
     0     0   90.52475    0  344          -   90.52475      -     -   38s
     0     0   90.52475    0  324          -   90.52475      -     -   38s
     0     0   90.52475    0  137          -   90.52475      -     -   39s
     0     0   90.52475    0  311          -   90.52475      -     -   39s
     0     0   90.52475    0  180          -   90.52475      -     -   41s
H    0     0                     358.0000000   90.52475  74.7%     -   41s
     0     0   90.52475    0  159  358.00000   90.52475  74.7%     -   41s
H    0     0                     309.0000000   90.52475  70.7%     -   47s
     0     2   90.52475    0   95  309.00000   90.52475  70.7%     -   48s
     3     8   94.00000    2  252  309.00000   90.61905  70.7%   507   50s
    31    52   94.00000    5  449  309.00000   91.00000  70.6%   375   57s
H   49    52                     302.0000000   91.00000  69.9%   308   57s
H   92   102                     223.0000000   91.00000  59.2%   258  118s
H  100   102                     215.0000000   91.00000  57.7%   253  118s
H  104   102                     212.0000000   91.00000  57.1%   243  118s
   124   127   94.00000    8  317  212.00000   91.00000  57.1%   223  134s
H  126   127                     195.0000000   91.00000  53.3%   219  134s
   156   154   94.00000    9  322  195.00000   91.00000  53.3%   185  135s
   188   182   94.00000   10  340  195.00000   91.00000  53.3%   157  145s
H  220   211                     177.0000000   91.00000  48.6%   137  371s
H  221   211                     158.0000000   91.00000  42.4%   136  371s
H  222   211                     157.0000000   91.00000  42.0%   136  371s
H  223   211                     150.0000000   91.00000  39.3%   135  371s
H  238   211                     148.0000000   91.00000  38.5%   128  371s
H  250   211                     147.0000000   91.00000  38.1%   122  371s
   378   347   94.00000   15  306  147.00000   91.00000  38.1%  87.4  379s
   412   424   94.00000   16  296  147.00000   91.00000  38.1%  81.8  382s
   504   480   94.00000   18  293  147.00000   91.00000  38.1%  69.6  391s
   574   570   94.00000   20  295  147.00000   91.00000  38.1%  63.5  396s
   671   702   94.00000   22  281  147.00000   91.00000  38.1%  57.0  402s
   826   805   94.00000   27  297  147.00000   91.00000  38.1%  51.0  407s
   945   873   94.00000   28  353  147.00000   91.00000  38.1%  48.9  411s
  1209  1208   94.00000   31  294  147.00000   91.00000  38.1%  47.4  415s
H 1429  1238                     141.0000000   91.00000  35.5%  43.0  438s
  1462  1406   94.00000   37  423  141.00000   91.00000  35.5%  43.8  444s
  1657  1615   94.00000   40  449  141.00000   91.00000  35.5%  41.8  446s
  2167  2017   96.00000   42  320  141.00000   91.00000  35.5%  38.0  451s
H 2436  2046                     141.0000000   91.00000  35.5%  37.8  468s
H 2437  2014                     139.0000000   91.00000  34.5%  37.9  468s
H 2439  1985                     136.0000000   91.00000  33.1%  37.9  468s
  2470  2179   99.21429   46  300  136.00000   91.00000  33.1%  39.2  470s
  3001  2539  105.00000   51  243  136.00000   91.00000  33.1%  38.8  480s
  3166  2540  114.00000    7  159  136.00000   91.00000  33.1%  38.9  496s
  3171  2543  113.00000   62  224  136.00000   91.00000  33.1%  38.9  500s
H 3174  2417                     136.0000000   91.00000  33.1%  38.8  504s
  3175  2418  103.00000   70  390  136.00000   91.00000  33.1%  38.8  505s
  3181  2422  103.00000   71  147  136.00000   91.48535  32.7%  38.8  510s
  3187  2426  130.00000   34  217  136.00000   91.69556  32.6%  38.7  515s
  3192  2429  105.00000   52  155  136.00000   92.16331  32.2%  38.6  521s
H 3193  2308                     136.0000000   92.34294  32.1%  38.6  522s
  3198  2311  135.00000   21  137  136.00000   92.44443  32.0%  38.5  526s
H 3198  2195                     134.0000000   92.44443  31.0%  38.5  527s
H 3199  2086                     132.0000000   92.44443  30.0%  38.5  528s
  3200  2087  103.00000   42  163  132.00000   92.45284  30.0%  38.5  532s
H 3200  1982                     131.0000000   92.45284  29.4%  38.5  532s
  3202  1983  118.00000   36  224  131.00000   92.48097  29.4%  38.5  536s
  3204  1984  126.00000  129  110  131.00000   92.63866  29.3%  38.5  540s
  3209  1988   98.00000   49  201  131.00000   92.64608  29.3%  38.4  545s
  3213  1993   92.72400   11  106  131.00000   92.72400  29.2%  64.2  566s
H 3214  1892                     131.0000000   92.75962  29.2%  64.2  566s
  3215  1896   94.00000   12  240  131.00000   92.75962  29.2%  64.4  571s
  3227  1916   94.00000   14  239  131.00000   92.94522  29.0%  65.7  579s
  3243  1942  103.00000   15  201  131.00000   92.94522  29.0%  66.3  584s
  3275  1964  103.00000   16  195  131.00000   93.14579  28.9%  66.4  588s
H 3307  1890                     128.0000000   93.15465  27.2%  67.7  644s
H 3311  1799                     125.0000000   93.15465  25.5%  67.9  644s
H 3339  1729                     124.0000000   93.15465  24.9%  68.1  662s
  3371  1743  103.00000   17  252  124.00000   93.15465  24.9%  68.1  666s
  3403  1771 infeasible   18       124.00000   93.15465  24.9%  68.0  670s
  3500  1832  104.00000   19  242  124.00000   93.15465  24.9%  67.4  677s
  3551  1863  104.00000   20  242  124.00000   93.15465  24.9%  67.1  681s
  3606  1886  109.00000   21  239  124.00000   93.15465  24.9%  66.5  685s
  3652  1923  104.00000   22  237  124.00000   93.15465  24.9%  66.1  691s
  3766  1978  114.00000   23  247  124.00000   93.15465  24.9%  65.3  699s
  3825  2009  104.00000   24  239  124.00000   93.15465  24.9%  65.0  702s
  3885  2047  104.00000   25  241  124.00000   93.15465  24.9%  64.6  707s
  3955  2083  104.00000   26  240  124.00000   93.15465  24.9%  64.0  711s
  4023  2125  104.00000   27  241  124.00000   93.15465  24.9%  63.4  715s
H 4480  2243                     123.0000000   93.15465  24.3%  59.2  731s
H 4502  2159                     121.0000000   93.15465  23.0%  59.0  731s
  4513  2126  105.00000   34  259  121.00000   93.15465  23.0%  58.9  737s
H 4516  2051                     120.0000000   93.15465  22.4%  58.9  737s
  4608  2052  105.00000   34  259  120.00000   93.15465  22.4%  58.5  742s
  4676  2086  105.00000   36  258  120.00000   93.15465  22.4%  58.7  746s
  4977  2402  105.00000   39  252  120.00000   93.15465  22.4%  57.0  753s
  5225  2354  107.00000   44  238  120.00000   93.15465  22.4%  55.7  759s
  5299  2645  105.00000   45  242  120.00000   93.15465  22.4%  55.8  761s
  5673  2366  105.00000   49  245  120.00000   93.15465  22.4%  54.2  768s
  5725  2375  112.00000   49  269  120.00000   93.15465  22.4%  54.4  778s
  5799  2687  105.00000   50  243  120.00000   93.15465  22.4%  54.4  781s
  6265  2721  109.00000   57  258  120.00000   93.15465  22.4%  52.0  785s
  6673  2616  110.00000   59  244  120.00000   93.15465  22.4%  50.1  791s
  7359  3266  110.00000   68  223  120.00000   93.15465  22.4%  47.7  798s
  7855  3231 infeasible   76       120.00000   93.15465  22.4%  46.0  808s
H 7900  3231                     120.0000000   93.15465  22.4%  46.4  808s
  7949  3304   93.15465   18  283  120.00000   93.15465  22.4%  46.9  812s
  8044  3609   94.00000   21  250  120.00000   93.15465  22.4%  46.9  816s
  8416  4113   94.00000   23  201  120.00000   93.15465  22.4%  46.1  823s
  9118  4140  103.00000   29  196  120.00000   93.15465  22.4%  44.1  829s
  9181  4848  103.00000   33  187  120.00000   93.15465  22.4%  44.4  833s
 10035  4834  111.00000   59  160  120.00000   93.15465  22.4%  42.1  855s
 10111  4917  105.00000   57  156  120.00000   93.15465  22.4%  42.4  860s
 10208  5869  105.00000   58  162  120.00000   93.15465  22.4%  42.3  865s
 11363  5889     cutoff   89       120.00000   93.15465  22.4%  39.4  872s
 11464  5919  105.60000   91  187  120.00000   93.15465  22.4%  39.7  959s
H11488  5073                     119.0000000   93.15465  21.7%  39.8  959s
 11498  5104 infeasible   90       119.00000   93.15465  21.7%  39.8  968s
 11579  5167 infeasible   93       119.00000   93.15465  21.7%  40.2  974s
 11667  5245  104.00000   68  263  119.00000   93.15465  21.7%  40.3  981s
 11771  5316  110.00000   71  240  119.00000   93.15465  21.7%  40.3  989s
 11872  5387  110.00000   74  226  119.00000   93.15465  21.7%  40.4  996s
 11975  5446 infeasible   76       119.00000   93.15465  21.7%  40.6 1002s
 12070  5539  113.00000   77  212  119.00000   93.15465  21.7%  40.7 1011s
 12177  5622  114.00000   79  204  119.00000   93.15465  21.7%  40.7 1020s
 12284  5707  114.00000   83  169  119.00000   93.15465  21.7%  40.8 1026s
 12397  5769  114.00000   87  153  119.00000   93.15465  21.7%  40.8 1033s
 12505  5840 infeasible   93       119.00000   93.15465  21.7%  40.9 1042s
 12633  5928  114.00000   93  114  119.00000   93.15465  21.7%  41.1 1051s
 12768  6013  114.00000   93  125  119.00000   93.15465  21.7%  41.2 1060s
 12928  6823  114.00000   97  127  119.00000   93.15465  21.7%  41.3 1067s
 14124  7347   93.15465   19  257  119.00000   93.15465  21.7%  39.4 1073s
H14514  6921                     118.0000000   93.15465  21.1%  39.1 1073s
 14981  6898  100.00000   22  184  118.00000   93.15465  21.1%  38.6 1089s
 15100  7919  100.00000   28  192  118.00000   93.15465  21.1%  38.9 1097s
 16496  8796   93.15465   23  269  118.00000   93.15465  21.1%  37.1 1104s
 17882  8841  112.00000   38  237  118.00000   93.15465  21.1%  36.0 1116s
 17997  9654  112.00000   40  236  118.00000   93.15465  21.1%  36.7 1131s
 19111  9717 infeasible   72       118.00000   93.15465  21.1%  36.0 1141s
 19247 10915   93.15465   22  294  118.00000   93.15465  21.1%  36.4 1149s
 20819 11701  109.00000   70  202  118.00000   93.15465  21.1%  35.3 1157s
 22056 11755 infeasible  130       118.00000   93.15465  21.1%  34.9 1169s
 22166 12292   93.15465   29  315  118.00000   93.15465  21.1%  35.5 1177s
 22945 12355   98.00000   37  239  118.00000   93.15465  21.1%  35.4 1189s
 23071 13140  104.00000   41  203  118.00000   93.15465  21.1%  35.9 1198s
 24228 13642 infeasible   84       118.00000   93.15465  21.1%  35.6 1210s
*24757 13534             132     118.0000000   93.15465  21.1%  35.8 1210s
 24952 13645  106.00000   37  194  118.00000   93.15465  21.1%  36.0 1222s
 25128 14610  113.00000   43  197  118.00000   93.15465  21.1%  36.3 1231s
 26628 15245   99.00000   38  231  118.00000   93.15465  21.1%  35.9 1244s
H26757 14170                     117.0000000   93.15465  20.4%  35.9 1244s
 26983 14170  114.04167   46  250  117.00000   93.15465  20.4%  36.1 1245s
 27678 14240 infeasible   71       117.00000   93.15465  20.4%  36.3 1256s
 27804 15092  103.00000   35  227  117.00000   93.15465  20.4%  37.1 1268s
 29279 15731   97.00000   34  208  117.00000   93.15465  20.4%  36.7 1307s
 30074 18257  107.00000   60  177  117.00000   93.15465  20.4%  37.7 1339s
 34250 18343 infeasible   61       117.00000   93.15465  20.4%  38.4 1366s
 34443 19348  100.00000   38  232  117.00000   93.15465  20.4%  39.2 1379s
 35524 19348  105.02740   54  157  117.00000   93.15465  20.4%  39.1 1380s
 36062 19509   94.00000   36  296  117.00000   93.15465  20.4%  39.1 1399s
 36292 21052   94.00000   40  256  117.00000   93.15465  20.4%  40.0 1415s
 38744 21182  101.00000   41  224  117.00000   93.15465  20.4%  40.2 1436s
 39002 22691  104.00000   47  228  117.00000   93.15465  20.4%  40.9 1456s
 41451 22861 infeasible   49       117.00000   93.37653  20.2%  40.6 1480s
 41699 23052  102.00000   43  237  117.00000   93.37653  20.2%  41.2 1495s
H41902 22996                     117.0000000   93.37653  20.2%  41.3 1495s
 41926 24637  102.00000   48  243  117.00000   93.37653  20.2%  41.3 1514s
 42539 24637  114.00000   64  179  117.00000   93.43159  20.1%  41.4 1515s
 44856 24659  113.00000   84  201  117.00000   93.43159  20.1%  40.9 1569s
H44858 22848                     116.0000000   93.43159  19.5%  40.9 1569s
H44878 19756                     114.0000000   93.43159  18.0%  40.9 1569s
H44928 19756                     114.0000000   93.43159  18.0%  41.1 1569s
 44944 19944     cutoff   86       114.00000   93.43159  18.0%  41.2 1595s
 45249 20139  109.00000   89  179  114.00000   93.44138  18.0%  41.7 1625s
 45628 21823   94.00000   33  303  114.00000   93.44138  18.0%  42.1 1648s
 48804 22004  102.00000   51  210  114.00000   93.50673  18.0%  41.8 1675s
 49087 23345  102.00000   61  221  114.00000   93.50673  18.0%  42.3 1697s
 51922 23554     cutoff   64       114.00000   93.50673  18.0%  42.1 1724s
 52258 25451   98.00000   47  286  114.00000   93.50673  18.0%  42.6 1751s
 55636 25692  104.00000   49  240  114.00000   93.92740  17.6%  42.5 1780s
 55990 27968  104.00000   52  202  114.00000   93.92740  17.6%  43.1 1807s
 59724 27969  112.00000   88  159  114.00000   93.92740  17.6%  42.8 1914s
 59726 27970  109.00000   23   80  114.00000   93.92740  17.6%  42.8 1916s
 59730 27973  109.00000   86  301  114.00000   93.92740  17.6%  42.8 1921s
 59731 27974   94.13411   35  259  114.00000   93.92740  17.6%  42.8 1926s
 59732 27974  112.00000   55  444  114.00000   93.92740  17.6%  42.8 1931s
 59733 27975  103.00000   35  222  114.00000   93.92740  17.6%  42.8 1941s
 59734 27976   98.00000   39  315  114.00000   93.92740  17.6%  42.8 1947s
 59735 27976   94.00000   43  224  114.00000   93.92740  17.6%  42.8 1962s
 59737 27978  111.75000   70  264  114.00000   93.92740  17.6%  42.8 1969s
 59738 27978  105.00000   52  198  114.00000   93.92740  17.6%  42.8 1975s
 59740 27980  106.00000   37  353  114.00000   93.92740  17.6%  42.8 1981s
H59740 26580                     113.0000000   93.92740  16.9%  42.8 1988s
 59741 26580  106.00000   63  116  113.00000   93.92740  16.9%  42.8 1992s
H59741 25251                     113.0000000   93.92740  16.9%  42.8 1994s
 59742 25252  103.00000   67  251  113.00000   93.92740  16.9%  42.8 1998s
 59743 25253  111.00000   37  272  113.00000   93.92740  16.9%  42.8 2005s
 59744 25253  108.00000   53  427  113.00000   93.92740  16.9%  42.8 2011s
 59745 25254  103.00000   58  221  113.00000   93.92740  16.9%  42.8 2019s
 59746 25255  107.00000   55  310  113.00000   93.92740  16.9%  42.8 2024s
 59747 25255  101.00000   40  363  113.00000   93.92740  16.9%  42.8 2034s
 59748 25256  105.00000   54  341  113.00000   93.92740  16.9%  42.8 2035s
H59750 23994                     113.0000000   93.92740  16.9%  42.8 2042s
H59751 22794                     112.0000000   93.92740  16.1%  42.8 2048s
 59752 22795  102.15385   51  236  112.00000   93.92740  16.1%  42.8 2054s
 59753 22795  112.00000   54  434  112.00000   93.92740  16.1%  42.8 2056s
 59754 22796   98.00000   39  510  112.00000   93.92740  16.1%  42.8 2061s
 59755 22797   98.00000   50  299  112.00000   93.92740  16.1%  42.8 2067s
 59756 22797  106.00000   57  394  112.00000   93.92740  16.1%  42.8 2073s
 59757 22798   98.10714   76  178  112.00000   93.92740  16.1%  42.8 2086s
 59758 22799  101.00000   48  336  112.00000   93.92740  16.1%  42.8 2094s
 59759 22799   99.14085   51  219  112.00000   94.00000  16.1%  42.8 2101s
 59760 22800  105.00000   56  372  112.00000   94.00000  16.1%  42.8 2109s
 59761 22801  109.00000   64  168  112.00000   94.00000  16.1%  42.8 2117s
 59762 22801  102.00000   67  345  112.00000   94.00000  16.1%  42.8 2124s
 59763 22802  107.12281   43  143  112.00000   94.00000  16.1%  42.8 2134s
 59764 22803   96.00000   71  266  112.00000   94.00000  16.1%  42.8 2140s
 59765 22803  112.00000   50  188  112.00000   94.00000  16.1%  42.8 2149s
 59766 22804  107.00000   57  373  112.00000   94.00000  16.1%  42.8 2156s
 59767 22805  111.00000   53   92  112.00000   94.00000  16.1%  42.8 2167s
 59768 22805  105.00000   89  291  112.00000   94.00000  16.1%  42.8 2174s
 59769 22806  101.00000   65  164  112.00000   94.00000  16.1%  42.8 2183s
 59770 22807  106.00000   62  340  112.00000   94.00000  16.1%  42.8 2189s
 59771 22807   94.00000   39  213  112.00000   94.00000  16.1%  42.8 2198s
 59772 22808  106.00000   45  213  112.00000   94.00000  16.1%  42.8 2200s
 59774 22812   94.00000   26  178  112.00000   94.00000  16.1%  44.9 2221s
 59776 22816   94.00000   27  198  112.00000   94.00000  16.1%  44.9 2228s
 59780 22822   94.00000   28  244  112.00000   94.00000  16.1%  44.9 2237s
 59788 22833  103.00000   29  212  112.00000   94.00000  16.1%  45.0 2247s
 59804 22854  103.00000   30  225  112.00000   94.00000  16.1%  45.0 2256s
 59833 22870  103.00000   31  246  112.00000   94.00000  16.1%  45.3 2300s
 59865 22887  103.00000   32  247  112.00000   94.00000  16.1%  45.3 2366s
H59882 21740                     111.0000000   94.00000  15.3%  45.4 2366s
 59897 21758  106.00000   32  306  111.00000   94.00000  15.3%  45.4 2376s
 59929 21769  103.00000   33  246  111.00000   94.00000  15.3%  45.6 2385s
H59961 20703                     111.0000000   94.00000  15.3%  45.7 2430s
H59962 19673                     109.0000000   94.00000  13.8%  45.7 2430s
 59994 19657  103.00000   34  247  109.00000   94.00000  13.8%  45.8 2440s
 60047 19653  103.00000   34  229  109.00000   94.00000  13.8%  45.8 2448s
 60099 19664     cutoff   35       109.00000   94.00000  13.8%  45.9 2457s
 60153 19692  103.00000   36  304  109.00000   94.00000  13.8%  46.0 2468s
 60218 19714  103.00000   37  294  109.00000   94.00000  13.8%  46.2 2481s
 60280 19737  103.00000   39  260  109.00000   94.00000  13.8%  46.2 2495s
 60357 19741  103.00000   40  258  109.00000   94.00000  13.8%  46.3 2503s
 60430 19747  108.00000   41  311  109.00000   94.00000  13.8%  46.4 2513s
 60504 19755  103.00000   42  261  109.00000   94.00000  13.8%  46.5 2528s
 60578 19756  103.00000   43  268  109.00000   94.00000  13.8%  46.6 2542s
 60662 19760  103.00000   44  273  109.00000   94.00000  13.8%  46.7 2557s
 60749 19767  103.00000   45  269  109.00000   94.00000  13.8%  46.8 2572s
 60825 19784  103.03112   47  271  109.00000   94.00000  13.8%  46.9 2587s
 60907 19799 infeasible   49       109.00000   94.00000  13.8%  46.9 2601s
 60983 19781 infeasible   51       109.00000   94.00000  13.8%  47.1 2614s
 61048 19783 infeasible   52       109.00000   94.00000  13.8%  47.3 2628s
 61142 19783  106.00000   53  209  109.00000   94.00000  13.8%  47.5 2643s
 61239 19784 infeasible   54       109.00000   94.00000  13.8%  47.7 2665s
 61334 19771   94.48994   32  395  109.00000   94.00000  13.8%  47.9 2681s
 61402 19801   94.70763   33  382  109.00000   94.00000  13.8%  48.1 2699s
H61500 18800                     109.0000000   94.00000  13.8%  48.3 2756s
 61548 18851   94.87624   36  375  109.00000   94.00000  13.8%  48.4 2771s
 61661 18876   95.26147   38  363  109.00000   94.00000  13.8%  48.5 2793s
 61786 18903 infeasible   41       109.00000   94.00000  13.8%  48.6 2813s
 61910 18918     cutoff   42       109.00000   94.00000  13.8%  48.9 2836s
 62031 18926 infeasible   46       109.00000   94.00000  13.8%  49.1 2859s
 62169 19038  106.00000   47  286  109.00000   94.00000  13.8%  49.5 2876s
 62458 18982   96.28571   34  396  109.00000   94.00000  13.8%  49.7 2894s
 62587 19026   96.28571   36  381  109.00000   94.00000  13.8%  50.1 2917s
 62717 19048   96.28571   38  356  109.00000   94.00000  13.8%  50.2 2938s
 62856 19307   96.28571   40  348  109.00000   94.00000  13.8%  50.5 2949s
 63321 19177 infeasible   49       109.00000   94.00000  13.8%  50.5 2972s
 63471 19209  104.40000   49  256  109.00000   94.00000  13.8%  50.9 2994s
 63629 19524  107.00000   50  236  109.00000   94.00000  13.8%  51.2 3012s
 64239 19331   95.00000   37  376  109.00000   94.00000  13.8%  51.3 3037s
 64408 19853  106.00000   40  248  109.00000   94.00000  13.8%  51.9 3052s
 65361 19548  103.00000   40  331  109.00000   94.00000  13.8%  51.9 3082s
 65562 20393  103.05043   44  297  109.00000   94.00000  13.8%  52.5 3099s
 66949 19925 infeasible   80       109.00000   94.00000  13.8%  52.3 3123s
 67185 19951  104.00000   46  264  109.00000   94.00000  13.8%  52.9 3145s
 67367 20894  104.00000   52  248  109.00000   94.00000  13.8%  53.2 3164s
 68140 20637  101.00000   58  197  109.00000   94.00000  13.8%  53.1 3165s
 69235 20518  105.00000   70  256  109.00000   94.00000  13.8%  53.0 3194s
H69650 19094                     108.0000000   94.00000  13.0%  53.1 3194s
 69713 19021 infeasible   71       108.00000   94.00000  13.0%  53.1 3353s
H69718 18137                     108.0000000   94.00000  13.0%  53.1 3353s
 69821 18220  104.00000   60  269  108.00000   94.00000  13.0%  53.6 3388s
 70004 18257   94.00000   55  361  108.00000   94.00000  13.0%  53.9 3415s
 70279 18255   94.00000   59  352  108.00000   94.00000  13.0%  54.3 3444s
 70545 18274 infeasible   61       108.00000   94.00000  13.0%  54.8 3475s
 70822 18191  102.00000   66  248  108.00000   94.00000  13.0%  55.2 3600s

Cutting planes:
  Learned: 6
  Gomory: 150
  Cover: 271
  Implied bound: 72
  Projected implied bound: 19
  Clique: 57
  MIR: 311
  StrongCG: 23
  Flow cover: 848
  Inf proof: 58
  Zero half: 16
  RLT: 208
  Relax-and-lift: 177

Explored 70877 nodes (4006304 simplex iterations) in 3601.00 seconds (250.95 work units)
Thread count was 32 (of 32 available processors)

Solution count 10: 108 108 109 ... 113

Time limit reached
Best objective 1.079999999891e+02, best bound 9.400000000000e+01, gap 12.9630%

Wrote result file 'RCPSP_723.sol'

