
Gurobi 10.0.3 (linux64, gurobi_cl) logging started Thu Nov  2 11:46:31 2023

Set parameter Username
Set parameter TimeLimit to value 3600
Set parameter LogFile to value "RCPSP_926.log"
Set parameter Threads to value 32
Academic license - for non-commercial use only - expires 2024-10-30
Using license file /home/jrivera6/gurobi-licenses/v1003/compute-0-39/gurobi.lic

Gurobi Optimizer version 10.0.3 build v10.0.3rc0 (linux64)
Copyright (c) 2023, Gurobi Optimization, LLC

Read MPS format model from file RCPSP_926.mps
Reading time = 0.03 seconds
RCPSP_926: 19662 rows, 7750 columns, 71936 nonzeros

CPU model: Intel(R) Xeon(R) Gold 6242 CPU @ 2.80GHz, instruction set [SSE2|AVX|AVX2|AVX512]
Thread count: 32 physical cores, 32 logical processors, using up to 32 threads

Optimize a model with 19662 rows, 7750 columns and 71936 nonzeros
Model fingerprint: 0x85db8df2
Variable types: 62 continuous, 7688 integer (7688 binary)
Coefficient statistics:
  Matrix range     [1e+00, 4e+02]
  Objective range  [1e+00, 1e+00]
  Bounds range     [1e+00, 1e+00]
  RHS range        [1e+00, 4e+02]
Presolve removed 10808 rows and 4227 columns
Presolve time: 3.94s
Presolved: 8854 rows, 3523 columns, 32517 nonzeros
Variable types: 61 continuous, 3462 integer (3462 binary)

Root relaxation: objective 8.000000e+01, 1174 iterations, 0.01 seconds (0.01 work units)

    Nodes    |    Current Node    |     Objective Bounds      |     Work
 Expl Unexpl |  Obj  Depth IntInf | Incumbent    BestBd   Gap | It/Node Time

     0     0   80.00000    0  333          -   80.00000      -     -    4s
     0     0   80.00000    0  521          -   80.00000      -     -    7s
     0     0   80.00000    0  479          -   80.00000      -     -    7s
     0     0   81.00000    0  527          -   81.00000      -     -   10s
     0     0   81.00000    0  501          -   81.00000      -     -   10s
     0     0   81.23875    0  565          -   81.23875      -     -   11s
     0     0   81.23875    0  564          -   81.23875      -     -   12s
     0     0   82.33987    0  621          -   82.33987      -     -   12s
     0     0   82.33987    0  599          -   82.33987      -     -   13s
     0     0   82.38801    0  617          -   82.38801      -     -   14s
     0     0   82.43424    0  613          -   82.43424      -     -   15s
     0     0   82.48247    0  590          -   82.48247      -     -   15s
     0     0   82.52053    0  603          -   82.52053      -     -   16s
     0     0   82.52053    0  573          -   82.52053      -     -   16s
     0     0   82.79674    0  606          -   82.79674      -     -   17s
     0     0   82.79674    0  567          -   82.79674      -     -   18s
     0     0   83.04253    0  584          -   83.04253      -     -   19s
     0     0   83.04253    0  579          -   83.04253      -     -   19s
     0     0   83.25616    0  546          -   83.25616      -     -   21s
     0     0   83.25616    0  518          -   83.25616      -     -   21s
     0     0   83.25616    0  543          -   83.25616      -     -   22s
     0     0   83.25616    0  501          -   83.25616      -     -   23s
     0     0   83.45225    0  286          -   83.45225      -     -   26s
     0     0   83.45225    0  370          -   83.45225      -     -   27s
     0     0   83.45225    0  446          -   83.45225      -     -   28s
     0     0   83.45225    0  416          -   83.45225      -     -   28s
     0     0   83.45225    0  396          -   83.45225      -     -   31s
     0     0   83.45225    0  523          -   83.45225      -     -   32s
     0     0   83.45225    0  431          -   83.45225      -     -   35s
H    0     0                     382.0000000   83.45225  78.2%     -   36s
     0     0   83.45225    0  430  382.00000   83.45225  78.2%     -   37s
     0     2   83.45225    0  237  382.00000   83.45225  78.2%     -   42s
     3     5   84.63862    2  439  382.00000   84.63862  77.8%   737   45s
    11    20   86.87639    4  458  382.00000   86.87639  77.3%   828   50s
H   41    64                     365.0000000   86.87639  76.2%   682   78s
H   49    64                     280.0000000   86.87639  69.0%   649   78s
    73    88   87.00000    7  516  280.00000   86.87639  69.0%   624   80s
H  105   117                     230.0000000   86.87639  62.2%   562  117s
H  106   117                     226.0000000   86.87639  61.6%   557  117s
H  112   117                     216.0000000   86.87639  59.8%   542  117s
H  118   117                     213.0000000   86.87639  59.2%   543  117s
H  122   117                     212.0000000   86.87639  59.0%   537  117s
   169   177   90.00000   10  443  212.00000   86.87639  59.0%   424  141s
   317   330   90.00000   15  427  212.00000   86.87639  59.0%   251  145s
   613   651   90.00000   23  399  212.00000   86.87639  59.0%   160  151s
   902   941   97.00000   28  410  212.00000   86.87639  59.0%   129  156s
H 1142  1075                     194.0000000   86.87639  55.2%   113  175s
H 1143  1075                     190.0000000   86.87639  54.3%   113  175s
H 1151  1075                     188.0000000   86.87639  53.8%   113  175s
H 1152  1075                     184.0000000   86.87639  52.8%   113  175s
  1305  1284   97.00000   33  397  184.00000   86.87639  52.8%   110  181s
  1574  1555   97.00000   34  400  184.00000   86.87639  52.8%   104  186s
  1943  1840   97.00000   37  396  184.00000   86.87639  52.8%  93.5  192s
  2144  2013  100.00000   38  376  184.00000   86.87639  52.8%  89.9  196s
  2595  2471 infeasible   44       184.00000   86.87639  52.8%  82.4  203s
  2888  2797   86.87639    8  448  184.00000   86.87639  52.8%  78.0  205s
  3623  3457   89.00000   11  445  184.00000   86.87639  52.8%  67.9  213s
H 4054  3457                     182.0000000   86.87639  52.3%  63.5  226s
H 4056  3286                     178.0000000   86.87639  51.2%  63.5  230s
H 4057  3121                     176.0000000   86.87639  50.6%  63.4  232s
  4058  3122  109.00000  125  316  176.00000   86.87639  50.6%  63.4  235s
H 4058  2966                     175.0000000   86.87639  50.4%  63.4  235s
  4060  2967  114.00000   45  374  175.00000   86.87639  50.4%  63.4  240s
H 4060  2819                     174.0000000   86.87639  50.1%  63.4  240s
H 4061  2678                     172.0000000   86.87639  49.5%  63.4  244s
  4062  2679   97.00000   41  381  172.00000   86.87639  49.5%  63.4  247s
H 4063  2545                     170.0000000   86.87639  48.9%  63.3  248s
H 4064  2419                     169.0000000   86.87639  48.6%  63.3  252s
  4065  2420   95.00000   23  374  169.00000   86.87639  48.6%  63.3  257s
H 4065  2299                     167.0000000   86.87639  48.0%  63.3  257s
  4067  2300  102.00000   54  392  167.00000   86.98751  47.9%  63.3  265s
H 4067  2184                     166.0000000   86.98751  47.6%  63.3  266s
H 4068  2076                     162.0000000   86.99492  46.3%  63.3  272s
  4070  2077  128.00000  163  488  162.00000   87.28480  46.1%  63.2  275s
H 4072  1974                     158.0000000   87.30442  44.7%  63.2  283s
  4073  1975  105.00000  106  390  158.00000   87.69466  44.5%  63.2  285s
H 4074  1877                     156.0000000   87.70324  43.8%  63.2  293s
H 4074  1782                     155.0000000   87.77901  43.4%  63.2  294s
  4076  1783   98.00000   40  495  155.00000   87.80025  43.4%  63.1  296s
H 4076  1694                     154.0000000   87.80025  43.0%  63.1  298s
  4079  1696  127.00000  151  506  154.00000   87.97841  42.9%  63.1  301s
H 4079  1611                     153.0000000   87.97841  42.5%  63.1  305s
  4081  1612   94.00621   22  517  153.00000   88.04769  42.5%  63.1  310s
H 4081  1531                     152.0000000   88.04769  42.1%  63.1  315s
  4083  1533  115.00000   56  606  152.00000   88.13938  42.0%  63.0  320s
  4084  1533  100.00000   27  349  152.00000   88.79802  41.6%  63.0  327s
  4086  1535  108.00000   49  377  152.00000   88.98041  41.5%  63.0  335s
H 4087  1457                     151.0000000   88.98041  41.1%  63.0  342s
H 4087  1384                     150.0000000   88.98041  40.7%  63.0  342s
H 4087  1314                     149.0000000   89.56835  39.9%  63.0  343s
H 4088  1249                     148.0000000   89.56835  39.5%  63.0  345s
  4090  1250  102.42857   47  450  148.00000   89.81482  39.3%  62.9  351s
H 4090  1187                     147.0000000   89.81482  38.9%  62.9  353s
  4092  1189  121.00000   67  460  147.00000   89.81482  38.9%  62.9  359s
  4093  1189  113.00000  107  614  147.00000   89.81482  38.9%  62.9  361s
H 4093  1129                     144.0000000   89.81482  37.6%  62.9  368s
  4094  1130  121.00000  111  424  144.00000   89.81536  37.6%  62.9  370s
H 4095  1073                     142.0000000   89.81536  36.7%  62.9  372s
  4097  1077   89.81536   10  274  142.00000   89.81536  36.7%   102  394s
  4099  1080   89.81695   11  444  142.00000   89.81536  36.7%   103  408s
  4103  1087   89.82239   12  540  142.00000   89.82010  36.7%   104  422s
  4111  1100   90.77901   13  452  142.00000   89.82954  36.7%   106  440s
  4127  1127   90.77901   14  482  142.00000   89.84055  36.7%   111  464s
H 4129  1072                     142.0000000   89.84055  36.7%   111  464s
  4159  1094   90.77901   15  513  142.00000   89.84088  36.7%   122  483s
  4191  1116   90.77901   15  480  142.00000   89.84088  36.7%   132  566s
H 4194  1063                     141.0000000   89.84088  36.3%   134  566s
H 4212  1008                     141.0000000   89.84088  36.3%   137  566s
H 4217   960                     140.0000000   89.84088  35.8%   137  566s
  4223   990   90.77901   16  472  140.00000   89.84088  35.8%   137  576s
  4255  1011   90.77901   16  447  140.00000   89.84088  35.8%   141  588s
  4287  1041   90.77901   17  474  140.00000   89.84088  35.8%   144  597s
  4327  1072   90.77901   17  428  140.00000   89.84088  35.8%   148  608s
  4375  1105   91.77901   18  450  140.00000   89.84088  35.8%   151  619s
  4428  1141   90.77901   18  478  140.00000   89.84088  35.8%   154  627s
  4483  1181   92.92593   19  441  140.00000   89.84088  35.8%   156  637s
  4542  1223   91.77901   19  485  140.00000   89.84088  35.8%   157  648s
  4607  1256   91.77901   20  449  140.00000   89.84088  35.8%   158  659s
  4664  1311   91.77901   20  452  140.00000   89.84088  35.8%   159  672s
  4740  1356   91.77901   21  463  140.00000   89.84088  35.8%   160  683s
  4810  1409   91.77901   21  440  140.00000   89.84088  35.8%   160  694s
  4893  1465   91.77901   22  407  140.00000   89.84088  35.8%   160  705s
  4976  1515   91.77901   22  451  140.00000   89.84088  35.8%   159  725s
  5267  1788   91.77901   24  459  140.00000   89.84088  35.8%   155  746s
H 5357  1713                     139.0000000   89.84088  35.4%   153  746s
  5478  1701   92.92593   25  394  139.00000   89.84088  35.4%   151  767s
  5564  1864   92.28418   25  450  139.00000   89.84088  35.4%   151  782s
  5796  1809   93.00000   27  406  139.00000   89.84088  35.4%   148  802s
  5875  1964   92.28418   27  444  139.00000   89.84088  35.4%   150  810s
  6091  1889   93.00000   28  447  139.00000   89.84088  35.4%   148  832s
  6168  1926   97.00000   29  443  139.00000   89.84088  35.4%   153  850s
  6235  1943   96.00000   29  422  139.00000   89.84088  35.4%   155  866s
H 6239  1896                     138.0000000   89.84088  34.9%   155  866s
  6281  1931   97.00000   30  416  138.00000   89.84088  34.9%   155  887s
  6357  2207   97.00000   31  397  138.00000   89.84088  34.9%   156  892s
  6680  2191   97.00000   32  395  138.00000   89.84088  34.9%   152  920s
H 6690  2191                     138.0000000   89.84088  34.9%   153  920s
  6742  2284   97.00000   33  391  138.00000   89.84088  34.9%   154  940s
  6845  2425   97.00000   35  394  138.00000   89.84088  34.9%   155  955s
  6998  2839   97.00000   35  415  138.00000   89.84088  34.9%   154  969s
  7446  3236  101.00000   38  380  138.00000   89.84088  34.9%   147  985s
  7946  3234 infeasible   42       138.00000   89.84088  34.9%   141 1021s
  8032  3284 infeasible   43       138.00000   89.84088  34.9%   145 1050s
  8100  3314  117.00000   45  332  138.00000   89.84088  34.9%   146 1082s
H 8101  3313                     137.0000000   89.84088  34.4%   146 1082s
  8136  3392  120.00000   45  306  137.00000   89.84088  34.4%   148 1106s
  8237  3482  120.00000   46  329  137.00000   89.84088  34.4%   150 1125s
  8339  3600  127.00000   48  310  137.00000   89.84088  34.4%   151 1147s
  8465  4113  127.00000   49  302  137.00000   89.84088  34.4%   151 1167s
  9059  4122  127.00000   55  268  137.00000   89.84088  34.4%   145 1195s
H 9164  4151                     137.0000000   89.84088  34.4%   151 1653s
  9215  4257  128.00000   56  241  137.00000   89.84088  34.4%   153 1668s
  9333  4288  128.00000   58  223  137.00000   89.84088  34.4%   154 1805s
H 9346  4288                     136.9999999   89.84088  34.4%   155 1808s
H 9351  4273                     136.0000000   89.84088  33.9%   155 1809s
H 9355  4260                     135.0000000   89.84088  33.5%   155 1810s
  9366  4364 infeasible   59       135.00000   89.84088  33.5%   155 1845s
  9502  4492   89.87605   16  565  135.00000   89.84088  33.5%   157 1867s
  9650  4652   89.87605   18  531  135.00000   89.84088  33.5%   158 1913s
  9844  4810   92.00000   21  478  135.00000   89.84088  33.5%   159 1943s
 10034  4956   94.00000   26  489  135.00000   89.84088  33.5%   158 1977s
 10236  5084  104.00000   33  417  135.00000   89.84088  33.5%   159 2008s
 10444  5159  109.00000   39  351  135.00000   89.84088  33.5%   159 2065s
H10452  5159                     135.0000000   89.84088  33.5%   159 2065s
 10553  5280  109.00000   44  357  135.00000   89.84088  33.5%   161 2112s
 10776  5393  124.00000   55  280  135.00000   89.84088  33.5%   164 2149s
 10967  5437  125.00000   66  255  135.00000   89.84088  33.5%   166 2239s
 11071  5619 infeasible   72       135.00000   89.84088  33.5%   169 2271s
 11293  5823 infeasible   75       135.00000   89.84589  33.4%   171 2468s
 11563  5949   89.88711   17  524  135.00000   89.84589  33.4%   173 2508s
 11721  6143   89.88711   18  524  135.00000   89.84589  33.4%   173 2547s
 12011  6298   94.00000   23  398  135.00000   89.84589  33.4%   174 2700s
 12280  6906   94.00000   31  439  135.00000   89.84589  33.4%   175 2931s
 13317  7023  109.00000   48  353  135.00000   89.84589  33.4%   172 3009s
 13377  7023 infeasible   88       135.00000   89.84589  33.4%   175 3012s
 13460  7213  109.00000   49  356  135.00000   89.84589  33.4%   178 3136s
 13676  7461  115.00000   53  334  135.00000   89.84589  33.4%   181 3178s
 13978  7492  115.00000   55  321  135.00000   89.84589  33.4%   184 3291s
H13986  7473                     134.0000000   89.84589  33.0%   184 3291s
 14027  7569  120.00000   56  296  134.00000   89.84589  33.0%   184 3341s
 14229  7784 infeasible   65       134.00000   89.84589  33.0%   187 3389s
 14536  8113 infeasible   68       134.00000   89.88711  32.9%   192 3433s
 14953  8241   90.32395   18  553  134.00000   89.88711  32.9%   193 3481s
 15167  8479   90.32395   19  515  134.00000   89.88711  32.9%   197 3528s
H15196  8479                     134.0000000   89.88711  32.9%   198 3528s
 15493  8765   95.81482   21  410  134.00000   89.88711  32.9%   199 3577s
 15923  8937   95.81482   24  442  134.00000   89.88711  32.9%   202 3600s

Cutting planes:
  Learned: 10
  Gomory: 110
  Cover: 237
  Implied bound: 231
  Projected implied bound: 24
  Clique: 55
  MIR: 596
  StrongCG: 19
  Flow cover: 1479
  Inf proof: 97
  Zero half: 4
  RLT: 424
  Relax-and-lift: 498

Explored 16171 nodes (3330979 simplex iterations) in 3601.12 seconds (227.75 work units)
Thread count was 32 (of 32 available processors)

Solution count 10: 134 134 135 ... 138

Time limit reached
Best objective 1.339999999865e+02, best bound 8.988711255385e+01, gap 32.9201%

Wrote result file 'RCPSP_926.sol'

