
Gurobi 10.0.3 (linux64, gurobi_cl) logging started Thu Nov  9 11:40:47 2023

Set parameter Username
Set parameter TimeLimit to value 3600
Set parameter LogFile to value "RCPSP_85.log"
Set parameter Threads to value 32
Academic license - for non-commercial use only - expires 2024-10-30
Using license file /home/jrivera6/gurobi-licenses/v1003/compute-0-34/gurobi.lic

Gurobi Optimizer version 10.0.3 build v10.0.3rc0 (linux64)
Copyright (c) 2023, Gurobi Optimization, LLC

Read MPS format model from file RCPSP_85.mps
Reading time = 0.02 seconds
RCPSP_85: 5329 rows, 2080 columns, 17974 nonzeros

CPU model: Intel(R) Xeon(R) Gold 6130 CPU @ 2.10GHz, instruction set [SSE2|AVX|AVX2|AVX512]
Thread count: 32 physical cores, 32 logical processors, using up to 32 threads

Optimize a model with 5329 rows, 2080 columns and 17974 nonzeros
Model fingerprint: 0x1ce931a9
Variable types: 32 continuous, 2048 integer (2048 binary)
Coefficient statistics:
  Matrix range     [1e+00, 1e+02]
  Objective range  [1e+00, 1e+00]
  Bounds range     [1e+00, 1e+00]
  RHS range        [1e+00, 1e+02]
Presolve removed 3318 rows and 1275 columns
Presolve time: 0.14s
Presolved: 2011 rows, 805 columns, 6620 nonzeros
Variable types: 31 continuous, 774 integer (774 binary)

Root relaxation: objective 5.300000e+01, 278 iterations, 0.00 seconds (0.00 work units)

    Nodes    |    Current Node    |     Objective Bounds      |     Work
 Expl Unexpl |  Obj  Depth IntInf | Incumbent    BestBd   Gap | It/Node Time

     0     0   53.00000    0   29          -   53.00000      -     -    0s
     0     0   57.00000    0   29          -   57.00000      -     -    0s
H    0     0                      82.0000000   57.00000  30.5%     -    0s
H    0     0                      79.0000000   57.00000  27.8%     -    0s
     0     0   57.00000    0   59   79.00000   57.00000  27.8%     -    0s
     0     0   57.00000    0   59   79.00000   57.00000  27.8%     -    0s
     0     0   59.98766    0   24   79.00000   59.98766  24.1%     -    0s
     0     0   59.98766    0   26   79.00000   59.98766  24.1%     -    1s
     0     0   59.98766    0   68   79.00000   59.98766  24.1%     -    1s
     0     0   59.98766    0   50   79.00000   59.98766  24.1%     -    1s
     0     0   59.98766    0   10   79.00000   59.98766  24.1%     -    1s
     0     0   59.98766    0   35   79.00000   59.98766  24.1%     -    1s
     0     0   59.98766    0   14   79.00000   59.98766  24.1%     -    1s
     0     0   59.98766    0   26   79.00000   59.98766  24.1%     -    1s
     0     0   59.98766    0   24   79.00000   59.98766  24.1%     -    2s
     0     0   59.98766    0   21   79.00000   59.98766  24.1%     -    2s
     0     0   60.01138    0   36   79.00000   60.01138  24.0%     -    2s
H    0     0                      78.0000000   60.01138  23.1%     -    2s
     0     0   60.03394    0   52   78.00000   60.03394  23.0%     -    2s
     0     0   60.03394    0   51   78.00000   60.03394  23.0%     -    2s
     0     0   60.49228    0   48   78.00000   60.49228  22.4%     -    2s
     0     0   60.49228    0   59   78.00000   60.49228  22.4%     -    2s
     0     0   60.49228    0   58   78.00000   60.49228  22.4%     -    2s
H    0     0                      77.0000000   60.49228  21.4%     -    3s
     0     0   60.49228    0   57   77.00000   60.49228  21.4%     -    3s
     0     0   60.49228    0   21   77.00000   60.49228  21.4%     -    3s
     0     0   60.49228    0   37   77.00000   60.49228  21.4%     -    3s
     0     0   60.49228    0   22   77.00000   60.49228  21.4%     -    3s
H    0     0                      75.0000000   60.49228  19.3%     -    3s
     0     0   60.49228    0   43   75.00000   60.49228  19.3%     -    4s
     0     0   60.49228    0   25   75.00000   60.49228  19.3%     -    4s
     0     0   60.49228    0   25   75.00000   60.49228  19.3%     -    4s
     0     2   60.49228    0   14   75.00000   60.49228  19.3%     -    5s
   111    99   72.80819    8   38   75.00000   61.00000  18.7%  65.8   10s
   715   469 infeasible   25        75.00000   63.07937  15.9%  20.7   16s
H  718   469                      72.0000000   63.07937  12.4%  20.6   16s
H 1073   566                      70.0000000   64.73487  7.52%  16.6   18s
  2142   681 infeasible   10        70.00000   68.81883  1.69%  12.5   22s
* 3190   196              30      70.0000000   69.00000  1.43%  11.0   24s
  3556     4   69.00000   15   19   70.00000   69.00000  1.43%  10.6   25s

Cutting planes:
  Gomory: 2
  Cover: 58
  Implied bound: 136
  Clique: 3
  MIR: 271
  Inf proof: 15
  RLT: 92
  Relax-and-lift: 45
  PSD: 1

Explored 3811 nodes (47281 simplex iterations) in 26.27 seconds (1.30 work units)
Thread count was 32 (of 32 available processors)

Solution count 8: 70 70 72 ... 82

Optimal solution found (tolerance 1.00e-04)
Best objective 6.999999999290e+01, best bound 6.999999999290e+01, gap 0.0000%

Wrote result file 'RCPSP_85.sol'

