
Gurobi 10.0.3 (linux64, gurobi_cl) logging started Thu Nov  2 11:37:27 2023

Set parameter Username
Set parameter TimeLimit to value 3600
Set parameter LogFile to value "RCPSP_788.log"
Set parameter Threads to value 32
Academic license - for non-commercial use only - expires 2024-10-30
Using license file /home/jrivera6/gurobi-licenses/v1003/compute-0-39/gurobi.lic

Gurobi Optimizer version 10.0.3 build v10.0.3rc0 (linux64)
Copyright (c) 2023, Gurobi Optimization, LLC

Read MPS format model from file RCPSP_788.mps
Reading time = 0.03 seconds
RCPSP_788: 19643 rows, 7750 columns, 71917 nonzeros

CPU model: Intel(R) Xeon(R) Gold 6242 CPU @ 2.80GHz, instruction set [SSE2|AVX|AVX2|AVX512]
Thread count: 32 physical cores, 32 logical processors, using up to 32 threads

Optimize a model with 19643 rows, 7750 columns and 71917 nonzeros
Model fingerprint: 0x185d5b57
Variable types: 62 continuous, 7688 integer (7688 binary)
Coefficient statistics:
  Matrix range     [1e+00, 3e+02]
  Objective range  [1e+00, 1e+00]
  Bounds range     [1e+00, 1e+00]
  RHS range        [1e+00, 3e+02]
Presolve removed 8966 rows and 3384 columns
Presolve time: 4.18s
Presolved: 10677 rows, 4366 columns, 40356 nonzeros
Variable types: 61 continuous, 4305 integer (4305 binary)

Root relaxation: objective 7.500000e+01, 1433 iterations, 0.02 seconds (0.01 work units)

    Nodes    |    Current Node    |     Objective Bounds      |     Work
 Expl Unexpl |  Obj  Depth IntInf | Incumbent    BestBd   Gap | It/Node Time

H    0     0                      75.0000000   75.00000  0.00%     -    4s
     0     0   75.00000    0    2   75.00000   75.00000  0.00%     -    4s

Explored 1 nodes (4503 simplex iterations) in 4.54 seconds (3.31 work units)
Thread count was 32 (of 32 available processors)

Solution count 1: 75 

Optimal solution found (tolerance 1.00e-04)
Best objective 7.500000000000e+01, best bound 7.500000000000e+01, gap 0.0000%

Wrote result file 'RCPSP_788.sol'

