
Gurobi 10.0.3 (linux64, gurobi_cl) logging started Thu Nov  9 11:54:02 2023

Set parameter Username
Set parameter TimeLimit to value 3600
Set parameter LogFile to value "RCPSP_1318.log"
Set parameter Threads to value 32
Academic license - for non-commercial use only - expires 2024-10-30
Using license file /home/jrivera6/gurobi-licenses/v1003/compute-0-37/gurobi.lic

Gurobi Optimizer version 10.0.3 build v10.0.3rc0 (linux64)
Copyright (c) 2023, Gurobi Optimization, LLC

Read MPS format model from file RCPSP_1318.mps
Reading time = 0.06 seconds
RCPSP_1318: 42975 rows, 17020 columns, 134609 nonzeros

CPU model: Intel(R) Xeon(R) Gold 6242 CPU @ 2.80GHz, instruction set [SSE2|AVX|AVX2|AVX512]
Thread count: 32 physical cores, 32 logical processors, using up to 32 threads

Optimize a model with 42975 rows, 17020 columns and 134609 nonzeros
Model fingerprint: 0xd70594ce
Variable types: 92 continuous, 16928 integer (16928 binary)
Coefficient statistics:
  Matrix range     [1e+00, 5e+02]
  Objective range  [1e+00, 1e+00]
  Bounds range     [1e+00, 1e+00]
  RHS range        [1e+00, 5e+02]
Presolve removed 7326 rows and 1331 columns (presolve time = 5s) ...
Presolve removed 8868 rows and 2445 columns
Presolve time: 5.32s
Presolved: 34107 rows, 14575 columns, 109980 nonzeros
Variable types: 91 continuous, 14484 integer (14484 binary)

Deterministic concurrent LP optimizer: primal and dual simplex (primal and dual model)
Showing first log only...

Root relaxation presolved: 34107 rows, 14575 columns, 109980 nonzeros


Root simplex log...

Iteration    Objective       Primal Inf.    Dual Inf.      Time
       0    8.4516999e+01   5.773093e-03   1.762246e+08      6s
    1981    8.4000000e+01   0.000000e+00   0.000000e+00      6s
Concurrent spin time: 0.30s

Solved with dual simplex (dual model)

Root relaxation: objective 8.400000e+01, 15785 iterations, 1.10 seconds (0.11 work units)

    Nodes    |    Current Node    |     Objective Bounds      |     Work
 Expl Unexpl |  Obj  Depth IntInf | Incumbent    BestBd   Gap | It/Node Time

H    0     0                      84.0000000   84.00000  0.00%     -    6s
     0     0   84.00000    0 2420   84.00000   84.00000  0.00%     -    6s

Explored 1 nodes (15829 simplex iterations) in 6.92 seconds (3.95 work units)
Thread count was 32 (of 32 available processors)

Solution count 1: 84 

Optimal solution found (tolerance 1.00e-04)
Best objective 8.400000000000e+01, best bound 8.400000000000e+01, gap 0.0000%

Wrote result file 'RCPSP_1318.sol'

