
Gurobi 10.0.3 (linux64, gurobi_cl) logging started Fri Nov 10 20:14:19 2023

Set parameter Username
Set parameter TimeLimit to value 3600
Set parameter LogFile to value "RCPSP_1809.log"
Set parameter Threads to value 32

Gurobi 10.0.3 (linux64, gurobi_cl) logging started Wed Nov 15 04:45:12 2023

Set parameter Username
Set parameter TimeLimit to value 3600
Set parameter LogFile to value "RCPSP_1809.log"
Set parameter Threads to value 32
Academic license - for non-commercial use only - expires 2024-10-30
Using license file /home/jrivera6/gurobi-licenses/v1003/compute-0-37/gurobi.lic

Gurobi Optimizer version 10.0.3 build v10.0.3rc0 (linux64)
Copyright (c) 2023, Gurobi Optimization, LLC

Read MPS format model from file RCPSP_1809.mps
Reading time = 0.69 seconds
RCPSP_1809: 75251 rows, 29890 columns, 280585 nonzeros

CPU model: Intel(R) Xeon(R) Gold 6242 CPU @ 2.80GHz, instruction set [SSE2|AVX|AVX2|AVX512]
Thread count: 32 physical cores, 32 logical processors, using up to 32 threads

Optimize a model with 75251 rows, 29890 columns and 280585 nonzeros
Model fingerprint: 0xf5ebc38c
Variable types: 122 continuous, 29768 integer (29768 binary)
Coefficient statistics:
  Matrix range     [1e+00, 6e+02]
  Objective range  [1e+00, 1e+00]
  Bounds range     [1e+00, 1e+00]
  RHS range        [1e+00, 7e+02]
Presolve removed 11163 rows and 1597 columns (presolve time = 5s) ...
Presolve removed 12230 rows and 2282 columns
Presolve time: 7.56s
Presolved: 63021 rows, 27608 columns, 248318 nonzeros
Variable types: 121 continuous, 27487 integer (27487 binary)

Deterministic concurrent LP optimizer: primal and dual simplex (primal and dual model)
Showing first log only...

Root relaxation presolved: 63021 rows, 27608 columns, 248318 nonzeros


Root simplex log...

Iteration    Objective       Primal Inf.    Dual Inf.      Time
       0    8.5705895e+01   1.710136e-02   3.397500e+08     10s
    4189    8.2000000e+01   0.000000e+00   0.000000e+00     12s
Concurrent spin time: 0.95s

Solved with dual simplex (dual model)

Root relaxation: objective 8.200000e+01, 32050 iterations, 4.84 seconds (0.45 work units)
Total elapsed time = 21.60s
Total elapsed time = 26.96s
Total elapsed time = 33.00s

    Nodes    |    Current Node    |     Objective Bounds      |     Work
 Expl Unexpl |  Obj  Depth IntInf | Incumbent    BestBd   Gap | It/Node Time

     0     0   82.00000    0 1525          -   82.00000      -     -   52s
     0     0   82.00000    0 1661          -   82.00000      -     -   64s
     0     0   82.00000    0 1649          -   82.00000      -     -   65s
     0     0   82.00000    0 2868          -   82.00000      -     -  386s
     0     0   82.00000    0 2865          -   82.00000      -     -  388s
     0     0   82.00000    0 2862          -   82.00000      -     -  388s
     0     0   82.00000    0 2326          -   82.00000      -     -  410s
     0     0   82.00000    0 2081          -   82.00000      -     -  413s
     0     0   82.00000    0 1401          -   82.00000      -     -  456s
     0     0   82.00000    0 1972          -   82.00000      -     -  467s
     0     0   82.00000    0 1858          -   82.00000      -     -  469s
     0     0   82.00000    0 1675          -   82.00000      -     -  470s
     0     0   82.00000    0 1588          -   82.00000      -     -  534s
     0     0   82.00000    0 1550          -   82.00000      -     -  534s
     0     0   82.00000    0 2180          -   82.00000      -     -  558s
     0     0   82.00000    0 2109          -   82.00000      -     -  563s
     0     0   82.00000    0 2171          -   82.00000      -     -  570s
     0     0   82.00000    0 2161          -   82.00000      -     -  570s
     0     0   82.00000    0 1594          -   82.00000      -     -  643s
     0     0   82.00000    0 1571          -   82.00000      -     -  644s
     0     0   82.00000    0 2310          -   82.00000      -     -  670s
     0     0   82.00000    0 2323          -   82.00000      -     -  680s
     0     0   82.00000    0 2165          -   82.00000      -     -  683s
     0     0   82.00000    0 2471          -   82.00000      -     -  687s
     0     0   82.00000    0 1394          -   82.00000      -     -  731s
     0     0   82.00000    0 2312          -   82.00000      -     -  786s
     0     0   82.00000    0 2615          -   82.00000      -     -  966s
     0     0   82.00000    0 2560          -   82.00000      -     -  986s
     0     0   82.00000    0 2412          -   82.00000      -     -  991s
     0     0   82.00000    0 2403          -   82.00000      -     -  991s
     0     0   82.00000    0 1524          -   82.00000      -     - 1417s
     0     0   82.00000    0 1501          -   82.00000      -     - 1417s
     0     0   82.00000    0 1962          -   82.00000      -     - 1448s
     0     0   82.00000    0 1909          -   82.00000      -     - 1448s
     0     0   82.00000    0 1588          -   82.00000      -     - 1470s
     0     0   82.00000    0 1574          -   82.00000      -     - 1470s
     0     0   82.00000    0 1933          -   82.00000      -     - 1500s
     0     0   82.00000    0 2123          -   82.00000      -     - 1501s
     0     0   82.00000    0 1960          -   82.00000      -     - 1502s
     0     0   82.00000    0 1517          -   82.00000      -     - 1549s
     0     0   82.00000    0 1511          -   82.00000      -     - 1550s
     0     0   82.00000    0 1963          -   82.00000      -     - 1595s
     0     0   82.00000    0 1954          -   82.00000      -     - 1595s
     0     0   82.00000    0 1560          -   82.00000      -     - 1621s
     0     0   82.00000    0 1534          -   82.00000      -     - 1621s
     0     0   82.00000    0 1513          -   82.00000      -     - 1621s
     0     0   82.00000    0 1443          -   82.00000      -     - 3711s

Cutting planes:
  Gomory: 45
  Cover: 12
  Implied bound: 109
  MIR: 654
  StrongCG: 1
  RLT: 225
  Relax-and-lift: 204

Explored 1 nodes (403652 simplex iterations) in 3721.10 seconds (135.20 work units)
Thread count was 32 (of 32 available processors)

Solution count 0

Time limit reached
Best objective -, best bound 8.200000000000e+01, gap -

Unable to retrieve attribute 'X'

