
Gurobi 10.0.3 (linux64, gurobi_cl) logging started Thu Nov  2 11:35:34 2023

Set parameter Username
Set parameter TimeLimit to value 3600
Set parameter LogFile to value "RCPSP_688.log"
Set parameter Threads to value 32
Academic license - for non-commercial use only - expires 2024-10-30
Using license file /home/jrivera6/gurobi-licenses/v1003/compute-0-38/gurobi.lic

Gurobi Optimizer version 10.0.3 build v10.0.3rc0 (linux64)
Copyright (c) 2023, Gurobi Optimization, LLC

Read MPS format model from file RCPSP_688.mps
Reading time = 0.02 seconds
RCPSP_688: 19643 rows, 7750 columns, 64658 nonzeros

CPU model: Intel(R) Xeon(R) Gold 6242 CPU @ 2.80GHz, instruction set [SSE2|AVX|AVX2|AVX512]
Thread count: 32 physical cores, 32 logical processors, using up to 32 threads

Optimize a model with 19643 rows, 7750 columns and 64658 nonzeros
Model fingerprint: 0x7c314d39
Variable types: 62 continuous, 7688 integer (7688 binary)
Coefficient statistics:
  Matrix range     [1e+00, 3e+02]
  Objective range  [1e+00, 1e+00]
  Bounds range     [1e+00, 1e+00]
  RHS range        [1e+00, 3e+02]
Presolve removed 10177 rows and 3896 columns
Presolve time: 2.68s
Presolved: 9466 rows, 3854 columns, 31358 nonzeros
Variable types: 61 continuous, 3793 integer (3793 binary)

Root relaxation: objective 8.500000e+01, 1277 iterations, 0.01 seconds (0.01 work units)

    Nodes    |    Current Node    |     Objective Bounds      |     Work
 Expl Unexpl |  Obj  Depth IntInf | Incumbent    BestBd   Gap | It/Node Time

     0     0   85.00000    0   60          -   85.00000      -     -    3s
     0     0   85.00000    0  303          -   85.00000      -     -    4s
     0     0   85.00000    0  338          -   85.00000      -     -    5s
     0     0   85.37227    0  171          -   85.37227      -     -    6s
     0     0   85.37678    0  228          -   85.37678      -     -    7s
     0     0   87.18750    0  317          -   87.18750      -     -    7s
     0     0   87.35294    0  284          -   87.35294      -     -    7s
     0     0   87.35294    0  284          -   87.35294      -     -    7s
     0     0   87.50000    0  263          -   87.50000      -     -    8s
     0     0   87.52632    0  270          -   87.52632      -     -    8s
     0     0   87.52632    0  257          -   87.52632      -     -    8s
     0     0   89.00000    0  279          -   89.00000      -     -    8s
     0     0   89.00000    0  237          -   89.00000      -     -    9s
     0     0   89.00000    0  232          -   89.00000      -     -    9s
     0     0   89.00000    0  282          -   89.00000      -     -    9s
     0     0   89.00000    0  210          -   89.00000      -     -    9s
     0     0   89.00000    0  305          -   89.00000      -     -   10s
     0     0   89.00000    0  111          -   89.00000      -     -   11s
     0     0   89.00000    0  152          -   89.00000      -     -   11s
     0     0   89.00000    0  296          -   89.00000      -     -   12s
     0     0   89.03279    0  445          -   89.03279      -     -   12s
     0     0   89.06897    0  431          -   89.06897      -     -   12s
     0     0   89.06940    0  419          -   89.06940      -     -   12s
     0     0   89.40000    0  405          -   89.40000      -     -   13s
     0     0   89.40000    0  335          -   89.40000      -     -   13s
     0     0   89.40000    0  405          -   89.40000      -     -   14s
     0     0   89.40000    0  417          -   89.40000      -     -   14s
     0     0   89.40000    0  171          -   89.40000      -     -   16s
     0     0   89.40000    0  280          -   89.40000      -     -   16s
     0     0   89.40837    0  338          -   89.40837      -     -   17s
     0     0   89.47184    0  404          -   89.47184      -     -   17s
     0     0   89.47320    0  389          -   89.47320      -     -   17s
     0     0   89.47439    0  401          -   89.47439      -     -   17s
     0     0   89.47821    0  376          -   89.47821      -     -   17s
     0     0   89.47821    0  359          -   89.47821      -     -   17s
     0     0   89.55890    0  411          -   89.55890      -     -   18s
     0     0   89.59239    0  369          -   89.59239      -     -   18s
     0     0   89.59239    0  334          -   89.59239      -     -   18s
     0     0   89.70296    0  352          -   89.70296      -     -   19s
     0     0   89.71017    0  310          -   89.71017      -     -   19s
     0     0   89.71017    0  322          -   89.71017      -     -   19s
     0     0   89.71017    0  383          -   89.71017      -     -   19s
     0     0   89.71017    0  400          -   89.71017      -     -   20s
     0     0   89.71017    0  384          -   89.71017      -     -   20s
     0     0   89.71017    0  422          -   89.71017      -     -   20s
     0     0   89.71017    0   98          -   89.71017      -     -   21s
     0     0   89.71017    0  238          -   89.71017      -     -   22s
     0     0   89.71017    0   82          -   89.71017      -     -   23s
     0     0   89.71017    0  111          -   89.71017      -     -   23s
     0     0   89.71017    0  161          -   89.71017      -     -   24s
     0     0   89.71017    0   86          -   89.71017      -     -   25s
     0     2   89.71017    0   74          -   89.71017      -     -   29s
     1     4   91.00000    1  120          -   89.89136      -  2607   30s
    25    35   95.00000    5  242          -   91.04428      -   361   35s
   139   129   95.00000    9  281          -   92.02198      -   267   40s
   401   394   95.00000   15  242          -   92.02198      -   118   45s
   899   834  104.00000   29  215          -   92.02198      -  82.9   50s
  1569  1550  105.00000   41  211          -   92.02198      -  61.6   55s
  2328  2148  105.00000   54  218          -   92.02198      -  50.3   60s
  3192  2889  105.00000   66  196          -   92.02198      -  43.9   67s
  3762  3108  102.09609   31   86          -   92.02198      -  40.7   80s
  3765  3110  104.00000   53   52          -   92.02198      -  40.7   85s
  3770  3113  107.00000   54  225          -   92.02198      -  40.6   90s
  3773  3115  118.00000   55  260          -   92.02198      -  40.6   95s
  3776  3120   92.02198   12  166          -   92.02198      -   7.2  103s
  3778  3124   92.02198   13  164          -   92.02198      -   7.3  113s
  3782  3130   92.02198   14  205          -   92.02198      -   7.6  116s
  3806  3167   92.02198   16  227          -   92.02198      -   8.4  122s
  3838  3189  101.00000   17  173          -   93.00000      -   9.0  125s
  4030  3305   95.00000   20  277          -   93.00000      -  10.0  137s
H 4031  3147                     334.0000000   93.00000  72.2%  10.0  137s
H 4063  3020                     166.0000000   93.00000  44.0%  10.2  177s
H 4064  2878                     165.0000000   93.00000  43.6%  10.2  177s
H 4065  2745                     162.0000000   93.00000  42.6%  10.3  177s
H 4065  2617                     157.0000000   93.00000  40.8%  10.3  177s
H 4067  2496                     155.0000000   93.00000  40.0%  10.3  177s
H 4070  2380                     151.0000000   93.00000  38.4%  10.3  178s
H 4071  2271                     147.0000000   93.00000  36.7%  10.3  178s
H 4071  2168                     147.0000000   93.00000  36.7%  10.3  178s
H 4072  2069                     144.0000000   93.00000  35.4%  10.3  178s
  4096  2090   98.00000   21  266  144.00000   93.00000  35.4%  10.4  181s
H 4129  2018                     139.0000000   93.00000  33.1%  10.7  208s
H 4133  1927                     138.0000000   93.00000  32.6%  10.7  208s
H 4142  1840                     137.0000000   93.00000  32.1%  10.8  208s
  4161  1871  101.00000   22  280  137.00000   93.00000  32.1%  10.9  211s
  4242  1931  107.00000   23  256  137.00000   93.00000  32.1%  11.2  218s
  4287  1959  105.00000   24  362  137.00000   93.00000  32.1%  11.3  221s
  4332  1990  104.00000   24  305  137.00000   93.00000  32.1%  11.4  228s
  4380  2025  105.00000   25  355  137.00000   93.00000  32.1%  11.5  231s
  4433  2068  105.00000   25  342  137.00000   93.00000  32.1%  11.6  236s
  4549  2149  105.00000   27  347  137.00000   93.00000  32.1%  11.7  242s
  4803  2414  105.00000   30  353  137.00000   93.00000  32.1%  11.8  246s
  5007  2369  105.00000   31  343  137.00000   93.00000  32.1%  11.9  250s
  5109  2590  105.00000   32  341  137.00000   93.00000  32.1%  12.6  255s
H 5342  2516                     131.0000000   93.00000  29.0%  12.5  256s
  5442  2451  105.00000   35  346  131.00000   93.00000  29.0%  12.6  262s
  5851  2919  107.00000   36  346  131.00000   93.00000  29.0%  13.2  265s
  6703  2722  111.00000   41  326  131.00000   93.00000  29.0%  13.0  277s
  6765  2736  116.00000   42  329  131.00000   93.00000  29.0%  13.4  284s
  6833  3105  114.00000   42  355  131.00000   93.00000  29.0%  13.6  286s
* 6952  2838             123     130.0000000   93.00000  28.5%  13.6  286s
  8412  3134  127.00000   53  238  130.00000   93.00000  28.5%  13.5  303s
  8465  3707  114.03155   54  344  130.00000   93.00000  28.5%  13.7  305s
 10676  4847 infeasible   75       130.00000   93.00000  28.5%  12.8  314s
 10769  5398  114.03155   75  325  130.00000   93.00000  28.5%  13.0  316s
 11530  5966  102.00000   26  283  130.00000   93.00000  28.5%  13.1  320s
 13556  7039  118.00000   57  167  130.00000   93.00000  28.5%  13.1  329s
*13571  7029             115     130.0000000   93.00000  28.5%  13.1  329s
 13635  7809  110.00000   57  235  130.00000   93.00000  28.5%  13.2  331s
 14782  8740  118.00000   73  194  130.00000   93.00000  28.5%  12.9  335s
 15754  8733 infeasible  111       130.00000   93.00000  28.5%  12.7  340s
 18060 10390 infeasible   63       130.00000   93.00000  28.5%  12.3  349s
 18137 11377   97.00000   24  290  130.00000   93.00000  28.5%  12.4  351s
*18373 10683             152     129.0000000   93.00000  27.9%  12.3  351s
 20512 11733  123.00000   83  135  129.00000   93.00000  27.9%  12.1  355s
 20962 11748 infeasible  105       129.00000   93.00000  27.9%  12.0  360s
 22406 13741 infeasible   55       129.00000   93.00000  27.9%  12.0  365s
*23670 13054             167     128.0000000   93.00000  27.3%  11.8  365s
 23735 12895 infeasible   58       128.00000   93.00000  27.3%  11.8  370s
 24785 14112  120.05258   55  205  128.00000   93.00000  27.3%  12.0  375s
H24940 12920                     126.0000000   93.00000  26.2%  12.0  375s
 25583 13499  105.00000   28  326  126.00000   95.00000  24.6%  12.1  382s
 26630 14253  121.00000   76  158  126.00000   95.00000  24.6%  12.2  385s
 27704 14278  107.00000   28  370  126.00000   95.03475  24.6%  12.2  391s
 29342 18399  123.00000   48  238  126.00000   97.00000  23.0%  12.2  416s
*30044 17201             134     125.0000000   97.00000  22.4%  12.3  416s
 33684 16516 infeasible  107       125.00000   97.00000  22.4%  12.1  425s
H33689 15210                     124.0000000   97.00000  21.8%  12.1  425s
H33708 14061                     123.0000000   97.00000  21.1%  12.1  425s
 33815 14087  102.00000   31  276  123.00000   97.00000  21.1%  12.2  431s
 35234 15729  119.00000   74  181  123.00000   97.00000  21.1%  12.4  437s
H35609 15729                     123.0000000   97.00000  21.1%  12.4  437s
 36390 16939  111.00000   39  314  123.00000   97.00000  21.1%  12.4  440s
 38237 16921 infeasible   90       123.00000   98.00000  20.3%  12.3  448s
 38337 18334  108.00000   34  278  123.00000   98.00000  20.3%  12.4  452s
 40308 19373  122.00000   94  166  123.00000   98.00000  20.3%  12.3  455s
*41945 18084             141     122.0000000   98.00000  19.7%  12.3  455s
 41973 17839  114.00000   39  270  122.00000   98.00000  19.7%  12.3  464s
 42069 18769 infeasible   40       122.00000   98.00000  19.7%  12.4  468s
H43506 18155                     121.0000000   98.00000  19.0%  12.7  472s
 44773 18905  120.00000   54  268  121.00000   98.00000  19.0%  12.7  478s
 46352 18882  110.00000   31  285  121.00000   98.00000  19.0%  12.8  484s
 46479 20062  115.00000   33  236  121.00000   98.00000  19.0%  12.9  489s
 48662 20852  119.00000   53  274  121.00000   99.00000  18.2%  12.9  494s
 50180 20884  109.00000   34  264  121.00000   99.00000  18.2%  13.0  502s
*50265 20884             175     121.0000000   99.00000  18.2%  13.0  502s
 50378 22024  116.00000   36  223  121.00000   99.00000  18.2%  13.0  508s
 53084 23161 infeasible   33       121.00000   99.00000  18.2%  13.0  513s
*53958 20909             111     120.0000000   99.00000  17.5%  13.0  513s
 55568 20621     cutoff   95       120.00000   99.00000  17.5%  13.0  524s
 55684 22134  108.00000   30  410  120.00000   99.00000  17.5%  13.1  530s
*55829 22134             115     120.0000000   99.00000  17.5%  13.1  530s
 58346 25235  119.00000   41  285  120.00000   99.00000  17.5%  13.2  577s
*61755 22915             140     119.0000000   99.00000  16.8%  13.3  578s
 64121 22352  117.00000   35  210  119.00000   99.00000  16.8%  13.2  588s
 64249 23259  110.00000   36  277  119.00000   99.00000  16.8%  13.2  597s
 65807 23326 infeasible   43       119.00000   99.00000  16.8%  13.5  606s
 65955 25249  111.00000   37  372  119.00000   99.00000  16.8%  13.6  614s
*66905 23016             150     118.0000000   99.00000  16.1%  13.6  614s
 69490 23596     cutoff   80       118.00000   99.00000  16.1%  13.7  621s
H69496 20691                     117.0000000   99.00000  15.4%  13.7  621s
 72337 21687  104.00000   36  275  117.00000   99.00000  15.4%  13.9  629s
 75315 21667 infeasible   42       117.00000  100.00000  14.5%  14.1  642s
 75458 22841  108.00000   29  314  117.00000  100.00000  14.5%  14.2  650s
*75763 22740             100     117.0000000  100.00000  14.5%  14.2  650s
 77787 22745  114.00000   36  282  117.00000  100.00000  14.5%  14.3  667s
H77792 19103                     116.0000000  100.00000  13.8%  14.3  667s
 78107 20777  114.00000   39  284  116.00000  100.00000  13.8%  14.5  677s
 82197 22121 infeasible   31       116.00000  100.00000  13.8%  14.7  687s
H82455 19060                     115.0000000  100.00000  13.0%  14.7  687s
 85557 18913 infeasible   29       115.00000  100.00000  13.0%  14.9  704s
 85719 20342  112.00000   34  301  115.00000  100.00000  13.0%  15.1  714s
*88396 20339             126     115.0000000  100.00000  13.0%  15.3  714s
 89748 20298     cutoff  127       115.00000  100.00000  13.0%  15.3  748s
 89984 32423  107.00000   36  324  115.00000  100.00000  13.0%  15.6  829s
*102104 29157             144     114.0000000  100.00000  12.3%  16.0  829s
 122017 27131  110.00000   39   86  114.00000  100.00000  12.3%  16.5  845s
 122023 27135  108.00000   34  303  114.00000  100.00000  12.3%  16.5  850s
 122026 27137  107.00000   31  167  114.00000  100.00000  12.3%  16.5  857s
 122029 27139  107.00000   35  195  114.00000  100.00000  12.3%  16.5  860s
H122029 25781                     114.0000000  100.00000  12.3%  16.5  861s
 122032 25783  108.00000   42  155  114.00000  100.00000  12.3%  16.5  866s
 122036 25786  106.00000   33  203  114.00000  100.00000  12.3%  16.5  870s
 122041 25789  104.00000   28  132  114.00000  100.00000  12.3%  16.5  875s
 122046 25795  100.00000   24  141  114.00000  100.00000  12.3%  16.8  886s
 122052 25805  100.00000   26  104  114.00000  100.00000  12.3%  16.8  894s
 122060 25819  100.00000   27  103  114.00000  100.00000  12.3%  16.9  897s
 122076 25833 infeasible   28       114.00000  100.00000  12.3%  16.9  905s
 122108 25843 infeasible   29       114.00000  100.00000  12.3%  16.9  913s
 122140 25854  100.00000   30  165  114.00000  100.00000  12.3%  17.0  921s
 122172 25861  100.00000   31  170  114.00000  100.00000  12.3%  17.0  930s
 122204 25875  100.00000   32  180  114.00000  100.00000  12.3%  17.0  943s
 122296 25913  100.00000   34  185  114.00000  100.00000  12.3%  17.0  955s
 122538 25997 infeasible   40       114.00000  100.00000  12.3%  17.0  963s
 122655 26009 infeasible   43       114.00000  100.00000  12.3%  17.1  972s
 122876 26164  106.00000   43  171  114.00000  100.00000  12.3%  17.1  975s
 122972 26111 infeasible   46       114.00000  100.00000  12.3%  17.1  980s
 123123 26126  102.00000   31  195  114.00000  100.00000  12.3%  17.1  986s
 123396 26192  104.00000   37  176  114.00000  100.00000  12.3%  17.1  996s
 123574 26257  104.00000   43  204  114.00000  100.00000  12.3%  17.2 1001s
 123788 26232  105.00000   49  213  114.00000  100.00000  12.3%  17.2 1010s
 123995 26219 infeasible   55       114.00000  100.00000  12.3%  17.3 1021s
 124064 26286  104.00000   32  173  114.00000  100.00000  12.3%  17.3 1025s
 124191 26223  113.00000   36  198  114.00000  100.00000  12.3%  17.3 1032s
 124468 26237     cutoff   42       114.00000  100.00000  12.3%  17.4 1043s
 124544 26378  101.00000   31  237  114.00000  100.00000  12.3%  17.4 1046s
 124795 26321  109.00000   33  246  114.00000  100.00000  12.3%  17.4 1075s
H124826 25021                     113.0000000  100.00000  11.5%  17.4 1075s
 124832 24962 infeasible   34       113.00000  100.00000  11.5%  17.4 1089s
 124936 24930 infeasible   34       113.00000  100.00000  11.5%  17.5 1100s
 125005 24917 infeasible   35       113.00000  100.00000  11.5%  17.5 1112s
 125058 24914 infeasible   45       113.00000  100.00000  11.5%  17.6 1122s
 125118 24906 infeasible   32       113.00000  100.00000  11.5%  17.6 1134s
 125182 24906  100.00000   33  178  113.00000  100.00000  11.5%  17.7 1145s
 125603 25130  107.00000   39  166  113.00000  100.00000  11.5%  17.8 1156s
 126014 24936 infeasible   46       113.00000  100.00000  11.5%  17.8 1170s
H126015 23657                     112.0000000  100.00000  10.7%  17.8 1170s
 126081 23600     cutoff   47       112.00000  100.00000  10.7%  17.9 1186s
 126796 23591 infeasible   56       112.00000  100.00000  10.7%  18.0 1201s
 127631 23691  105.00000   44  181  112.00000  100.00000  10.7%  18.1 1210s
H127636 22524                     112.0000000  100.00000  10.7%  18.1 1210s
 127727 22452  104.00000   41  279  112.00000  100.00000  10.7%  18.1 1219s
 127837 22666  100.00000   41  204  112.00000  100.00000  10.7%  18.2 1226s
 128426 22384 infeasible   48       112.00000  100.00000  10.7%  18.2 1241s
 128568 22823  105.00000   47  304  112.00000  100.00000  10.7%  18.3 1246s
 129535 22421 infeasible   50       112.00000  100.00000  10.7%  18.3 1263s
 129661 22400 infeasible   50       112.00000  100.00000  10.7%  18.4 1277s
 129762 22515  102.00000   57  177  112.00000  100.00000  10.7%  18.4 1321s
 130211 22312 infeasible   60       112.00000  100.00000  10.7%  18.4 1335s
 130311 22275  101.00000   46  177  112.00000  100.00000  10.7%  18.5 1349s
 130433 22258 infeasible   48       112.00000  100.00000  10.7%  18.5 1362s
 130561 22251 infeasible   46       112.00000  100.00000  10.7%  18.6 1382s
 130704 22232  105.00000   38  222  112.00000  100.00000  10.7%  18.7 1396s
 130879 22202 infeasible   41       112.00000  100.00000  10.7%  18.7 1413s
 131048 22891  104.00000   38  338  112.00000  100.00000  10.7%  18.8 1419s
*131734 21352             104     111.0000000  100.00000  9.91%  18.8 1419s
 132728 21101  103.50000   46  228  111.00000  100.00000  9.91%  18.8 1426s
 134614 20399 infeasible   63       111.00000  100.00000  9.91%  18.8 1442s
 134731 21021 infeasible   46       111.00000  100.00000  9.91%  18.9 1449s
 136538 20323 infeasible   37       111.00000  101.00000  9.01%  18.9 1468s
 136694 21126  106.00000   45  276  111.00000  101.00000  9.01%  19.0 1475s
 139090 20199 infeasible   69       111.00000  101.00000  9.01%  19.0 1494s
 139256 20858  104.00000   45  185  111.00000  101.00000  9.01%  19.1 1501s
*141121 19179              91     111.0000000  101.00000  9.01%  19.1 1501s
 141219 20180  105.00000   49  313  111.00000  101.00000  9.01%  19.1 1507s
 143545 19327 infeasible   67       111.00000  101.00000  9.01%  19.0 1525s
 143669 19757  109.00000   43  238  111.00000  101.00000  9.01%  19.1 1531s
 144749 19293 infeasible   53       111.00000  101.00000  9.01%  19.0 1546s
 144920 19892 infeasible   83       111.00000  101.00000  9.01%  19.1 1553s
*146972 17637             113     110.0000000  102.00000  7.27%  19.0 1553s
 147315 17228 infeasible   55       110.00000  102.00000  7.27%  19.0 1570s
 147538 17324 infeasible   64       110.00000  102.00000  7.27%  19.1 1577s
 149546 16472 infeasible   64       110.00000  102.00000  7.27%  19.1 1593s
 149749 16498  104.00000   54  285  110.00000  102.00000  7.27%  19.2 1601s
 151475 15485 infeasible   55       110.00000  102.00000  7.27%  19.1 1642s
 152034 15689  104.00000   49  364  110.00000  103.00000  6.36%  19.2 1683s
 162646 11813 infeasible   82       110.00000  103.00000  6.36%  19.1 1694s
 163004 11297 infeasible   74       110.00000  103.00000  6.36%  19.1 1718s
 163416 10792 infeasible   35       110.00000  103.00000  6.36%  19.1 1732s
 163805 10206 infeasible   65       110.00000  103.00000  6.36%  19.2 1744s
 164310  9545 infeasible   59       110.00000  103.00000  6.36%  19.2 1758s
 164863  9627 infeasible   60       110.00000  104.00000  5.45%  19.2 1770s
*168522  7392             119     110.0000000  104.00000  5.45%  19.1 1770s
 168899  6740 infeasible   65       110.00000  104.00000  5.45%  19.1 1783s
 169390  5910 infeasible   53       110.00000  104.00000  5.45%  19.1 1795s
 170087  4967 infeasible   49       110.00000  105.00000  4.55%  19.1 1810s
 172066  3411 infeasible   59       110.00000  105.00000  4.55%  19.1 1825s
 173034  2407 infeasible   72       110.00000  105.00000  4.55%  19.1 1848s
 173815  2572  108.00000   42  278  110.00000  105.00000  4.55%  19.2 1863s
*176264  1820             132     109.0000000  106.00000  2.75%  19.0 1863s
 179383     0 infeasible   75       109.00000  107.00000  1.83%  18.9 1868s

Cutting planes:
  Learned: 4
  Gomory: 6
  Cover: 12
  Implied bound: 2
  Clique: 8
  MIR: 9
  Flow cover: 35
  Relax-and-lift: 16

Explored 181203 nodes (3593911 simplex iterations) in 1869.22 seconds (90.80 work units)
Thread count was 32 (of 32 available processors)

Solution count 10: 109 109 110 ... 114

Optimal solution found (tolerance 1.00e-04)
Best objective 1.090000000000e+02, best bound 1.090000000000e+02, gap 0.0000%

Wrote result file 'RCPSP_688.sol'

