
Gurobi 10.0.3 (linux64, gurobi_cl) logging started Fri Nov 10 19:57:55 2023

Set parameter Username
Set parameter TimeLimit to value 3600
Set parameter LogFile to value "RCPSP_1737.log"
Set parameter Threads to value 32
Academic license - for non-commercial use only - expires 2024-11-06
Using license file /home/jrivera6/gurobi-licenses/v1003/compute-0-36/gurobi.lic

Gurobi Optimizer version 10.0.3 build v10.0.3rc0 (linux64)
Copyright (c) 2023, Gurobi Optimization, LLC

Read MPS format model from file RCPSP_1737.mps
Reading time = 0.14 seconds
RCPSP_1737: 75251 rows, 29890 columns, 251666 nonzeros

CPU model: Intel(R) Xeon(R) Gold 6130 CPU @ 2.10GHz, instruction set [SSE2|AVX|AVX2|AVX512]
Thread count: 32 physical cores, 32 logical processors, using up to 32 threads

Optimize a model with 75251 rows, 29890 columns and 251666 nonzeros
Model fingerprint: 0xd49d0e00
Variable types: 122 continuous, 29768 integer (29768 binary)
Coefficient statistics:
  Matrix range     [1e+00, 7e+02]
  Objective range  [1e+00, 1e+00]
  Bounds range     [1e+00, 1e+00]
  RHS range        [1e+00, 7e+02]
Presolve removed 11163 rows and 1597 columns (presolve time = 5s) ...
Presolve removed 12045 rows and 2278 columns
Presolve time: 6.54s
Presolved: 63206 rows, 27612 columns, 221223 nonzeros
Variable types: 121 continuous, 27491 integer (27491 binary)

Deterministic concurrent LP optimizer: primal and dual simplex (primal and dual model)
Showing first log only...

Root relaxation presolved: 63206 rows, 27612 columns, 221223 nonzeros


Root simplex log...

Iteration    Objective       Primal Inf.    Dual Inf.      Time
       0    9.5318048e+01   3.109730e-02   2.902744e+08      8s
    3771    9.3000000e+01   0.000000e+00   0.000000e+00      9s
Concurrent spin time: 1.07s

Solved with dual simplex (dual model)

Root relaxation: objective 9.300000e+01, 31674 iterations, 3.15 seconds (0.39 work units)
Total elapsed time = 15.21s

    Nodes    |    Current Node    |     Objective Bounds      |     Work
 Expl Unexpl |  Obj  Depth IntInf | Incumbent    BestBd   Gap | It/Node Time

     0     0   93.00000    0  204          -   93.00000      -     -   16s
     0     0   93.00000    0 1908          -   93.00000      -     -   45s
     0     0   93.00000    0 1903          -   93.00000      -     -   47s
     0     0   93.00000    0  121          -   93.00000      -     -   81s
     0     0   93.00000    0  123          -   93.00000      -     -  104s
     0     0   93.00000    0  112          -   93.00000      -     -  135s
     0     0   93.00000    0  479          -   93.00000      -     -  145s
     0     0   93.00000    0  477          -   93.00000      -     -  146s
     0     0   93.00000    0  477          -   93.00000      -     -  146s
     0     0   93.00000    0  475          -   93.00000      -     -  146s
     0     0   93.00000    0  142          -   93.00000      -     -  170s
     0     0   93.00000    0  651          -   93.00000      -     -  182s
     0     0   93.00000    0  622          -   93.00000      -     -  182s
     0     0   93.00000    0  620          -   93.00000      -     -  182s
     0     0   93.00000    0   82          -   93.00000      -     -  192s
     0     0   93.00000    0  571          -   93.00000      -     -  197s
     0     0   93.00000    0  527          -   93.00000      -     -  197s
     0     0   93.00000    0  517          -   93.00000      -     -  198s
     0     0   93.00000    0   75          -   93.00000      -     -  212s
     0     0   93.00000    0  747          -   93.00000      -     -  219s
     0     0   93.00000    0  736          -   93.00000      -     -  219s
     0     0   93.00000    0   36          -   93.00000      -     -  234s
     0     0   93.00000    0  255          -   93.00000      -     -  239s
     0     0   93.00000    0  104          -   93.00000      -     -  255s
     0     0   93.00000    0  538          -   93.00000      -     -  258s
     0     0   93.00000    0  128          -   93.00000      -     -  270s
     0     0   93.00000    0  124          -   93.00000      -     -  270s
     0     0   93.00000    0  100          -   93.00000      -     -  276s
     0     2   93.00000    0   40          -   93.00000      -     -  335s
     1     4   93.00000    1   40          -   93.00000      -  2837  342s
     3     8   93.00000    2  266          -   93.00000      -  1058  355s
     7    16   93.00000    3  281          -   93.00000      -   645  393s
    15    32   93.00000    4  315          -   93.00000      -   510  443s
    31    61   93.00000    5  316          -   93.00000      -   492  549s
    63    93   93.00000    6  205          -   93.00000      -   608  629s
    95   124   93.00000    6  200          -   93.00000      -   583  669s
   127   154   93.00000    7  188          -   93.00000      -   492  715s
   159   184   93.00000    8  244          -   93.00000      -   406  747s
   191   220   93.00000    9  234          -   93.00000      -   347  819s
   227   256   93.00000   10  106          -   93.00000      -   717  884s
   264   386   93.00000   11  157          -   93.00000      -   820  921s
   394   610   93.00000   13  337          -   93.00000      -   556  985s
   623  1146   93.00000   18  259          -   93.00000      -   376 1079s
  1174  2257   93.00000   23  135          -   93.00000      -   233 4079s
  1440  2257   93.00000   30  123          -   93.00000      -   207 4356s
  1690  2257   93.00000   55  174          -   93.00000      -   187 4414s

Cutting planes:
  Gomory: 7
  Cover: 47
  Implied bound: 265
  MIR: 882
  StrongCG: 3
  Zero half: 1
  RLT: 547
  Relax-and-lift: 280

Explored 2337 nodes (498145 simplex iterations) in 4574.52 seconds (80.51 work units)
Thread count was 32 (of 32 available processors)

Solution count 0

Time limit reached
Best objective -, best bound 9.300000000000e+01, gap -

Unable to retrieve attribute 'X'

