
Gurobi 10.0.3 (linux64, gurobi_cl) logging started Thu Nov  2 11:33:59 2023

Set parameter Username
Set parameter TimeLimit to value 3600
Set parameter LogFile to value "RCPSP_252.log"
Set parameter Threads to value 32
Academic license - for non-commercial use only - expires 2024-10-30
Using license file /home/jrivera6/gurobi-licenses/v1003/compute-0-35/gurobi.lic

Gurobi Optimizer version 10.0.3 build v10.0.3rc0 (linux64)
Copyright (c) 2023, Gurobi Optimization, LLC

Read MPS format model from file RCPSP_252.mps
Reading time = 0.01 seconds
RCPSP_252: 5339 rows, 2080 columns, 17984 nonzeros

CPU model: Intel(R) Xeon(R) Gold 6130 CPU @ 2.10GHz, instruction set [SSE2|AVX|AVX2|AVX512]
Thread count: 32 physical cores, 32 logical processors, using up to 32 threads

Optimize a model with 5339 rows, 2080 columns and 17984 nonzeros
Model fingerprint: 0xb4062471
Variable types: 32 continuous, 2048 integer (2048 binary)
Coefficient statistics:
  Matrix range     [1e+00, 1e+02]
  Objective range  [1e+00, 1e+00]
  Bounds range     [1e+00, 1e+00]
  RHS range        [1e+00, 2e+02]
Presolve removed 2710 rows and 1024 columns
Presolve time: 0.21s
Presolved: 2629 rows, 1056 columns, 9122 nonzeros
Variable types: 31 continuous, 1025 integer (1025 binary)

Root relaxation: objective 4.000000e+01, 392 iterations, 0.00 seconds (0.00 work units)

    Nodes    |    Current Node    |     Objective Bounds      |     Work
 Expl Unexpl |  Obj  Depth IntInf | Incumbent    BestBd   Gap | It/Node Time

H    0     0                      40.0000000   40.00000  0.00%     -    0s
     0     0   40.00000    0  222   40.00000   40.00000  0.00%     -    0s

Explored 1 nodes (392 simplex iterations) in 0.27 seconds (0.17 work units)
Thread count was 32 (of 32 available processors)

Solution count 1: 40 

Optimal solution found (tolerance 1.00e-04)
Best objective 4.000000000000e+01, best bound 4.000000000000e+01, gap 0.0000%

Wrote result file 'RCPSP_252.sol'

