
Gurobi 10.0.3 (linux64, gurobi_cl) logging started Thu Nov  2 11:34:38 2023

Set parameter Username
Set parameter TimeLimit to value 3600
Set parameter LogFile to value "RCPSP_570.log"
Set parameter Threads to value 32
Academic license - for non-commercial use only - expires 2024-10-30
Using license file /home/jrivera6/gurobi-licenses/v1003/compute-0-34/gurobi.lic

Gurobi Optimizer version 10.0.3 build v10.0.3rc0 (linux64)
Copyright (c) 2023, Gurobi Optimization, LLC

Read MPS format model from file RCPSP_570.mps
Reading time = 0.03 seconds
RCPSP_570: 19624 rows, 7750 columns, 68299 nonzeros

CPU model: Intel(R) Xeon(R) Gold 6130 CPU @ 2.10GHz, instruction set [SSE2|AVX|AVX2|AVX512]
Thread count: 32 physical cores, 32 logical processors, using up to 32 threads

Optimize a model with 19624 rows, 7750 columns and 68299 nonzeros
Model fingerprint: 0xf5318193
Variable types: 62 continuous, 7688 integer (7688 binary)
Coefficient statistics:
  Matrix range     [1e+00, 3e+02]
  Objective range  [1e+00, 1e+00]
  Bounds range     [1e+00, 1e+00]
  RHS range        [1e+00, 3e+02]
Presolve removed 7212 rows and 2490 columns
Presolve time: 2.52s
Presolved: 12412 rows, 5260 columns, 44996 nonzeros
Variable types: 61 continuous, 5199 integer (5199 binary)

Root relaxation: objective 6.500000e+01, 1854 iterations, 0.05 seconds (0.02 work units)

    Nodes    |    Current Node    |     Objective Bounds      |     Work
 Expl Unexpl |  Obj  Depth IntInf | Incumbent    BestBd   Gap | It/Node Time

     0     0   65.00000    0  186          -   65.00000      -     -    3s
     0     0   65.00000    0  487          -   65.00000      -     -    6s
     0     0   65.00000    0  492          -   65.00000      -     -    7s
     0     0   65.00000    0  318          -   65.00000      -     -   11s
     0     0   65.00000    0  430          -   65.00000      -     -   12s
     0     0   65.00000    0  310          -   65.00000      -     -   15s
     0     0   65.00000    0  384          -   65.00000      -     -   16s
     0     0   65.00039    0  275          -   65.00039      -     -   19s
     0     0   65.01000    0  337          -   65.01000      -     -   20s
     0     0   65.05438    0  473          -   65.05438      -     -   21s
     0     0   65.06680    0  463          -   65.06680      -     -   21s
     0     0   65.06729    0  539          -   65.06729      -     -   22s
     0     0   65.07697    0  488          -   65.07697      -     -   25s
     0     0   65.17280    0  542          -   65.17280      -     -   25s
     0     0   65.17280    0  565          -   65.17280      -     -   26s
     0     0   65.17280    0  572          -   65.17280      -     -   26s
     0     0   65.17280    0  475          -   65.17280      -     -   27s
     0     0   65.17280    0  258          -   65.17280      -     -   30s
     0     0   65.17280    0  425          -   65.17280      -     -   30s
     0     0   65.17666    0  271          -   65.17666      -     -   33s
     0     0   65.17666    0  479          -   65.17666      -     -   34s
     0     0   65.38191    0  452          -   65.38191      -     -   35s
     0     0   65.40521    0  420          -   65.40521      -     -   35s
     0     0   65.41992    0  454          -   65.41992      -     -   36s
     0     0   65.43634    0  537          -   65.43634      -     -   37s
     0     0   65.66204    0  547          -   65.66204      -     -   38s
     0     0   65.68606    0  503          -   65.68606      -     -   38s
     0     0   65.68966    0  517          -   65.68966      -     -   39s
     0     0   65.68966    0  501          -   65.68966      -     -   39s
     0     0   65.68966    0  520          -   65.68966      -     -   40s
     0     0   65.68966    0  479          -   65.68966      -     -   41s
     0     0   65.68966    0  502          -   65.68966      -     -   42s
     0     0   65.68966    0  531          -   65.68966      -     -   42s
     0     0   65.68966    0  282          -   65.68966      -     -   45s
     0     0   65.68966    0  444          -   65.68966      -     -   45s
     0     0   65.68966    0  330          -   65.68966      -     -   48s
     0     0   65.68966    0  272          -   65.68966      -     -   48s
     0     2   65.68966    0  272          -   65.68966      -     -   56s
     7     9   67.00000    3  231          -   66.17647      -   308   60s
    39    60   67.00000    6  389          -   66.33333      -   450   67s
    71    86   67.00000    7  505          -   66.33333      -   509   72s
   135   146   67.00000    9  492          -   66.33333      -   393   75s
   324   351   67.15385   13  430          -   66.33333      -   187   81s
   488   515   68.00000   15  378          -   66.33333      -   141   86s
   676   723   68.00000   20  347          -   66.33333      -   109   90s
   964  1063   68.00000   24  390          -   66.33333      -  89.4   95s
  1522  1589   68.00000   31  427          -   66.33333      -  71.6  101s
  1780  1825   68.00000   35  396          -   66.33333      -  70.2  105s
  2161  2101   68.00000   40  418          -   66.33333      -  70.8  112s
  2400  2317   68.85714   41  473          -   66.33333      -  72.6  117s
  2578  2426   68.14286   42  432          -   66.33333      -  71.7  121s
  2848  2661   69.00000   49  410          -   66.33333      -  74.1  126s
  3185  2907   69.04382   65  421          -   66.33333      -  74.4  134s
  3370  3098   69.04382   71  429          -   66.33333      -  74.5  137s
  3592  3151   69.04382   72  436          -   66.33333      -  73.8  207s
  3657  3304   69.04382   74  474          -   66.33333      -  74.5  212s
  3870  3447   69.04711   77  414          -   66.33333      -  74.5  215s
  4074  3610   69.18353   80  433          -   66.33333      -  75.5  220s
  4538  4055   70.00000   85  406          -   66.33333      -  75.0  229s
  4849  4056   74.00000   48  272          -   66.33333      -  74.8  270s
  4852  4058   73.00000   37  330          -   66.33333      -  74.8  277s
  4856  4061   76.00000   60  478          -   66.33333      -  74.7  281s
  4858  4062   69.00000   31  444          -   66.33333      -  74.7  286s
H 4859  3859                     322.0000000   66.33333  79.4%  74.7  290s
H 4861  3667                     277.0000000   66.33333  76.1%  74.6  300s
H 4861  3483                     276.0000000   66.33333  76.0%  74.6  300s
H 4862  3312                     222.0000000   66.33333  70.1%  81.6  315s
  4863  3313   69.00000   14  162  222.00000   66.33333  70.1%  82.4  321s
  4865  3317   69.00000   15  374  222.00000   66.33333  70.1%  82.5  330s
  4869  3323   69.00000   16  373  222.00000   66.33333  70.1%  82.7  338s
  4877  3337   69.00000   17  371  222.00000   66.33333  70.1%  82.8  347s
H 4893  3195                     202.0000000   66.33333  67.2%  83.2  359s
H 4894  3038                     197.0000000   66.33333  66.3%  83.2  359s
H 4903  2885                     196.0000000   66.33333  66.2%  83.1  359s
H 4906  2742                     193.0000000   66.33333  65.6%  83.0  359s
H 4913  2605                     192.0000000   67.00000  65.1%  83.1  359s
  4925  2631   69.00000   19  341  192.00000   67.00000  65.1%  83.3  364s
  4957  2652   69.00000   20  339  192.00000   67.00000  65.1%  82.9  369s
  4989  2673   69.00000   20  480  192.00000   67.00000  65.1%  82.8  373s
  5021  2695   69.00000   21  325  192.00000   67.00000  65.1%  82.6  377s
  5115  2765   69.00000   22  327  192.00000   67.00000  65.1%  81.6  380s
  5363  2873   69.00000   25  294  192.00000   67.00000  65.1%  78.8  394s
  5397  2916   69.00000   26  327  192.00000   67.00000  65.1%  78.7  397s
  5546  2998   69.00000   28  292  192.00000   67.00000  65.1%  77.4  400s
  5699  3091   69.00000   30  290  192.00000   67.00000  65.1%  75.9  405s
  5791  3074   69.00000   31  290  192.00000   67.00000  65.1%  75.1  414s
  5839  3098   76.00000   31  391  192.00000   67.00000  65.1%  74.7  416s
H 5980  3026                     187.0000000   67.00000  64.2%  74.2  423s
H 5982  2903                     181.0000000   67.00000  63.0%  74.2  423s
H 5990  2785                     180.0000000   67.00000  62.8%  74.3  423s
H 5992  2674                     177.0000000   67.00000  62.1%  74.3  423s
H 5996  2569                     176.0000000   67.00000  61.9%  74.2  423s
  6013  2588   69.00000   33  334  176.00000   67.00000  61.9%  74.1  436s
  6050  2668   69.00000   33  333  176.00000   67.00000  61.9%  74.0  440s
  6275  2806   69.00000   36  344  176.00000   67.00000  61.9%  72.2  446s
H 6479  2752                     113.0000000   67.00000  40.7%  70.7  448s
  6532  2822   69.00000   39  302  113.00000   67.00000  40.7%  70.2  452s
  6667  2891   71.00000   41  290  113.00000   67.00000  40.7%  69.4  455s
  6809  2853   69.00000   42  321  113.00000   67.00000  40.7%  68.4  465s
  6858  2949   69.00000   42  440  113.00000   67.00000  40.7%  68.3  470s
  7146  3139   69.00000   45  311  113.00000   67.00000  40.7%  66.6  477s
  7325  3085   69.00000   47  310  113.00000   67.00000  40.7%  65.4  489s
  7384  3266   69.00000   48  316  113.00000   67.00000  40.7%  65.7  493s
  7630  3206 infeasible   50       113.00000   67.00000  40.7%  64.2  504s
H 7632  3064                     112.0000000   67.00000  40.2%  64.2  504s
  7670  3262   71.00000   50  280  112.00000   67.00000  40.2%  64.2  509s
  7927  3176   71.00000   52  294  112.00000   67.00000  40.2%  62.8  520s
  7989  3363   71.00000   53  287  112.00000   67.00000  40.2%  63.4  527s
  8240  3477   73.00000   60  377  112.00000   67.00000  40.2%  62.8  541s
  8466  3419   74.00000   63  244  112.00000   67.00000  40.2%  61.9  554s
  8524  3665   74.00000   64  250  112.00000   67.00000  40.2%  62.3  561s
H 8815  3437                     110.0000000   67.00000  39.1%  61.4  600s
H 8817  3334                     109.0000000   67.00000  38.5%  61.4  600s
H 8831  3216                     108.0000000   67.00000  38.0%  61.4  600s
  8867  3216   74.00000   71  239  108.00000   67.00000  38.0%  61.5  661s
H 8868  3138                     108.0000000   67.00000  38.0%  61.5  661s
  8917  3181   76.00000   71  227  108.00000   67.00000  38.0%  62.0  671s
  8985  3225   74.00000   72  231  108.00000   67.00000  38.0%  62.1  679s
  9054  3279   74.00000   73  231  108.00000   67.00000  38.0%  62.1  691s
  9143  3817   74.00000   74  231  108.00000   67.00000  38.0%  62.0  697s
  9779  4183   74.00000   80  239  108.00000   67.00000  38.0%  59.2  705s
 10281  4250   74.00000   87  245  108.00000   67.00000  38.0%  57.6  713s
 10422  4244   85.00000   88  226  108.00000   67.00000  38.0%  57.9  736s
 10494  4304   83.00000   88  227  108.00000   67.00000  38.0%  59.4  745s
 10561  4691   83.00000   89  225  108.00000   67.00000  38.0%  59.7  762s
 10984  5230   83.10724   97  176  108.00000   67.00000  38.0%  58.6  772s
 11652  5221   67.00000   20  362  108.00000   67.00000  38.0%  56.9  786s
 11755  5682   67.00000   21  348  108.00000   67.00000  38.0%  57.8  795s
 12327  5702   78.00000   25  256  108.00000   67.00000  38.0%  56.7  810s
 12419  5956   81.00000   27  243  108.00000   67.00000  38.0%  57.6  824s
 12681  6017   81.00000   38  238  108.00000   67.00000  38.0%  57.2  838s
 12774  6407   91.00000   40  217  108.00000   67.00000  38.0%  57.5 1036s
H13236  6170                     105.0000000   67.00000  36.2%  56.7 1320s
H13244  6105                     103.0000000   67.00000  35.0%  56.7 1320s
H13246  6013                     102.0000000   67.00000  34.3%  56.7 1320s
H13282  6013                     102.0000000   67.00000  34.3%  56.8 1320s
H13291  5808                     100.0000000   67.00000  33.0%  56.8 1320s
 13304  5870   96.00000   55  200  100.00000   67.00000  33.0%  56.9 1339s
H13436  5753                      98.0000000   67.00000  31.6%  57.4 1604s
 13474  5805 infeasible   59        98.00000   67.00000  31.6%  57.5 1623s
 13574  5902   75.00000   22  431   98.00000   67.00000  31.6%  58.2 1638s
 13687  6027   83.00000   25  282   98.00000   67.00000  31.6%  58.5 1665s
 13834  6155   87.00000   29  265   98.00000   67.00000  31.6%  58.8 1686s
 13988  6260   91.00000   32  269   98.00000   67.00000  31.6%  58.8 1702s
 14133  6376   91.00000   36  347   98.00000   67.00000  31.6%  58.8 1722s
 14301  6504   91.00000   41  341   98.00000   67.00000  31.6%  58.9 1746s
 14472  6542   91.00000   44  355   98.00000   67.00000  31.6%  58.7 1813s
H14474  6542                      98.0000000   67.00000  31.6%  58.7 1813s
 14538  6666   97.00000   46  298   98.00000   67.00000  31.6%  58.8 1833s
 14715  6741   97.00000   50  252   98.00000   67.00000  31.6%  58.9 1853s
 14892  6823   97.00000   55  227   98.00000   67.00000  31.6%  59.2 1877s
 15069  6923   67.01465   22  462   98.00000   67.00000  31.6%  59.8 1898s
 15239  7026   68.00000   28  433   98.00000   67.00000  31.6%  60.2 1923s
 15404  7118   73.00000   32  424   98.00000   67.00000  31.6%  60.8 1942s
 15553  7159   73.15431   34  402   98.00000   67.00000  31.6%  61.3 2020s
 15608  7279   74.00000   35  372   98.00000   67.00000  31.6%  61.8 2048s
 15764  7424   74.00000   38  345   98.00000   67.00000  31.6%  62.0 2073s
 15948  7577   81.00000   42  336   98.00000   67.00000  31.6%  62.3 2100s
 16141  7711   84.00000   44  323   98.00000   67.00000  31.6%  62.7 2137s
 16343  7825   92.00000   48  320   98.00000   67.00000  31.6%  63.0 2163s
 16539  7945   92.00000   55  329   98.00000   67.00000  31.6%  63.5 2191s
 16730  8093 infeasible   35        98.00000   67.00000  31.6%  64.0 2221s
 16947  8229   67.00000   23  417   98.00000   67.00000  31.6%  64.2 2249s
 17165  8356   75.60000   26  430   98.00000   67.00000  31.6%  64.4 2287s
 17410  8461   77.00000   32  425   98.00000   67.00000  31.6%  64.8 2318s
 17641  8627   82.00000   38  343   98.00000   67.00000  31.6%  65.4 2352s
 17868  8809   82.00000   42  354   98.00000   67.00000  31.6%  66.2 2387s
 18107  9030   88.00000   47  299   98.00000   67.00000  31.6%  66.7 2422s
 18377  9250 infeasible   54        98.00000   67.00000  31.6%  66.7 2466s
 18656  9427   93.00000   58  258   98.00000   67.00000  31.6%  66.8 2505s
 18951  9577   67.00000   23  425   98.00000   67.00000  31.6%  67.0 2552s
 19232  9776   86.00000   28  335   98.00000   67.00000  31.6%  67.9 2593s
 19534  9974   96.00000   39  256   98.00000   67.00000  31.6%  68.5 2632s
 19827 10195     cutoff   55        98.00000   67.00000  31.6%  69.6 2678s
 20154 11102   67.00000   24  404   98.00000   67.00000  31.6%  70.1 2715s
 21722 11269   67.00000   24  438   98.00000   67.00000  31.6%  68.7 2755s
 21951 12930   86.00000   31  262   98.00000   67.00000  31.6%  70.7 2809s
 24361 13180   67.00000   30  374   98.00000   67.00000  31.6%  69.1 2854s
 24693 14996   76.00000   38  297   98.00000   67.00000  31.6%  70.1 2897s
 27415 16184   92.00000   47  274   98.00000   67.00000  31.6%  68.2 2942s
 29231 16200   79.00000   48  313   98.00000   67.00000  31.6%  68.5 3321s
H29276 15411                      97.0000000   67.00000  30.9%  69.8 3365s
 29279 16888   79.00000   49  307   97.00000   67.00000  30.9%  69.8 3601s

Cutting planes:
  Learned: 7
  Gomory: 85
  Lift-and-project: 1
  Cover: 207
  Implied bound: 82
  Projected implied bound: 6
  Clique: 29
  MIR: 369
  StrongCG: 13
  Flow cover: 803
  Inf proof: 231
  Zero half: 6
  RLT: 252
  Relax-and-lift: 187

Explored 31540 nodes (2403098 simplex iterations) in 3635.17 seconds (156.23 work units)
Thread count was 32 (of 32 available processors)

Solution count 10: 97 98 98 ... 108

Time limit reached
Best objective 9.699999998030e+01, best bound 6.700000000000e+01, gap 30.9278%

Wrote result file 'RCPSP_570.sol'

