
Gurobi 10.0.3 (linux64, gurobi_cl) logging started Thu Nov  2 11:48:38 2023

Set parameter Username
Set parameter TimeLimit to value 3600
Set parameter LogFile to value "RCPSP_934.log"
Set parameter Threads to value 32
Academic license - for non-commercial use only - expires 2024-10-30
Using license file /home/jrivera6/gurobi-licenses/v1003/compute-0-35/gurobi.lic

Gurobi Optimizer version 10.0.3 build v10.0.3rc0 (linux64)
Copyright (c) 2023, Gurobi Optimization, LLC

Read MPS format model from file RCPSP_934.mps
Reading time = 0.03 seconds
RCPSP_934: 19662 rows, 7750 columns, 71936 nonzeros

CPU model: Intel(R) Xeon(R) Gold 6130 CPU @ 2.10GHz, instruction set [SSE2|AVX|AVX2|AVX512]
Thread count: 32 physical cores, 32 logical processors, using up to 32 threads

Optimize a model with 19662 rows, 7750 columns and 71936 nonzeros
Model fingerprint: 0xaed7cdc4
Variable types: 62 continuous, 7688 integer (7688 binary)
Coefficient statistics:
  Matrix range     [1e+00, 3e+02]
  Objective range  [1e+00, 1e+00]
  Bounds range     [1e+00, 1e+00]
  RHS range        [1e+00, 3e+02]
Presolve removed 8777 rows and 3313 columns
Presolve time: 4.69s
Presolved: 10885 rows, 4437 columns, 41649 nonzeros
Variable types: 61 continuous, 4376 integer (4376 binary)

Root relaxation: objective 7.100000e+01, 1436 iterations, 0.04 seconds (0.01 work units)
Total elapsed time = 5.05s

    Nodes    |    Current Node    |     Objective Bounds      |     Work
 Expl Unexpl |  Obj  Depth IntInf | Incumbent    BestBd   Gap | It/Node Time

     0     0   71.00000    0   46          -   71.00000      -     -    5s
     0     0   71.00000    0  222          -   71.00000      -     -    9s
     0     0   71.00000    0  178          -   71.00000      -     -    9s
     0     0   71.00000    0   12          -   71.00000      -     -   11s
     0     0   71.00000    0   12          -   71.00000      -     -   12s
     0     0   71.00000    0   16          -   71.00000      -     -   12s
     0     0   71.00000    0   33          -   71.00000      -     -   13s
     0     0   71.00000    0  164          -   71.00000      -     -   14s
     0     0   71.00000    0   22          -   71.00000      -     -   15s
     0     0   71.00000    0  108          -   71.00000      -     -   15s
     0     0   71.00000    0   28          -   71.00000      -     -   16s
H    0     0                     329.0000000   71.00000  78.4%     -   17s
     0     0   71.00000    0   28  329.00000   71.00000  78.4%     -   17s
H    0     0                      82.0000000   71.00000  13.4%     -   21s
     0     0   71.00000    0   59   82.00000   71.00000  13.4%     -   32s
     0     0   71.00000    0  125   82.00000   71.00000  13.4%     -   40s
     0     0   71.00000    0  143   82.00000   71.00000  13.4%     -   45s
     0     0   71.00000    0   31   82.00000   71.00000  13.4%     -   62s
H    0     0                      81.0000000   71.00000  12.3%     -   62s
H    0     0                      79.0000000   71.00000  10.1%     -   62s
     0     0   71.00000    0  181   79.00000   71.00000  10.1%     -   63s
H    0     0                      78.0000000   71.00000  8.97%     -   64s
     0     0   71.00000    0   64   78.00000   71.00000  8.97%     -   64s
     0     0   71.00000    0   43   78.00000   71.00000  8.97%     -   65s
     0     0   71.00000    0  177   78.00000   71.00000  8.97%     -   66s
     0     0   71.00000    0   34   78.00000   71.00000  8.97%     -   68s
     0     0   71.00000    0  104   78.00000   71.00000  8.97%     -   68s
     0     0   71.00000    0   27   78.00000   71.00000  8.97%     -   70s
     0     0   71.00000    0   70   78.00000   71.00000  8.97%     -   70s
H    0     0                      76.0000000   71.00000  6.58%     -   71s
     0     0   71.00000    0   16   76.00000   71.00000  6.58%     -   72s
     0     0   71.00000    0   22   76.00000   71.00000  6.58%     -   72s
     0     0   71.00000    0   10   76.00000   71.00000  6.58%     -   73s
     0     0   71.00000    0   65   76.00000   71.00000  6.58%     -   73s
H    0     0                      75.0000000   71.00000  5.33%     -   74s
     0     0   71.00000    0   20   75.00000   71.00000  5.33%     -   74s
     0     0   71.00000    0   20   75.00000   71.00000  5.33%     -   75s
     0     0   71.00000    0   59   75.00000   71.00000  5.33%     -   86s
     0     0   71.00000    0  167   75.00000   71.00000  5.33%     -   93s
     0     0   71.00000    0  189   75.00000   71.00000  5.33%     -   96s
     0     0   71.00000    0   29   75.00000   71.00000  5.33%     -  105s
     0     0   71.00000    0  137   75.00000   71.00000  5.33%     -  107s
     0     0   71.00000    0   49   75.00000   71.00000  5.33%     -  117s
     0     0   71.00000    0   52   75.00000   71.00000  5.33%     -  118s
H    0     0                      74.0000000   71.00000  4.05%     -  118s
     0     0   71.00000    0   26   74.00000   71.00000  4.05%     -  119s
     0     0   71.00000    0  111   74.00000   71.00000  4.05%     -  119s
     0     0   71.00000    0   25   74.00000   71.00000  4.05%     -  120s
     0     0   71.00000    0  101   74.00000   71.00000  4.05%     -  120s
     0     0   71.00000    0   38   74.00000   71.00000  4.05%     -  121s
     0     0   71.00000    0   38   74.00000   71.00000  4.05%     -  122s
     0     2   71.00000    0   32   74.00000   71.00000  4.05%     -  125s
     7    13   71.00000    3  100   74.00000   71.00000  4.05%   271  130s
    27    36   71.00000    5  140   74.00000   71.00000  4.05%   226  135s
    78    83   71.00000    7  124   74.00000   71.00000  4.05%   232  189s
H   79    83                      73.0000000   71.00000  2.74%   230  189s
   110    95   71.00000    8  137   73.00000   71.00000  2.74%   219  190s
   174   143   71.00000   10   22   73.00000   71.00000  2.74%   173  197s
   271   209   71.00000   13  114   73.00000   71.00000  2.74%   222  201s
   315   253   71.00000   14  108   73.00000   71.00000  2.74%   203  208s
   374   315   71.00000   15  242   73.00000   71.00000  2.74%   184  220s
   456   472   71.00000   15  108   73.00000   71.00000  2.74%   157  226s
   643   893   71.00000   21   30   73.00000   71.00000  2.74%   146  233s
  1208   921   71.00000   29   50   73.00000   71.00000  2.74%  93.5  309s
  1241   946   71.00000   30   49   73.00000   71.00000  2.74%  93.6  451s
H 1243   946                      72.0000000   71.00000  1.39%  93.5  451s
H 1245   946                      71.0000000   71.00000  0.00%  93.6  451s

Cutting planes:
  Gomory: 8
  Cover: 639
  Implied bound: 270
  Clique: 234
  MIR: 388
  StrongCG: 22
  Zero half: 5
  RLT: 165
  Relax-and-lift: 82

Explored 1278 nodes (178805 simplex iterations) in 452.38 seconds (20.96 work units)
Thread count was 32 (of 32 available processors)

Solution count 10: 71 72 73 ... 82

Optimal solution found (tolerance 1.00e-04)
Best objective 7.100000000000e+01, best bound 7.100000000000e+01, gap 0.0000%

Wrote result file 'RCPSP_934.sol'

