
Gurobi 10.0.3 (linux64, gurobi_cl) logging started Thu Nov  2 11:34:07 2023

Set parameter Username
Set parameter TimeLimit to value 3600
Set parameter LogFile to value "RCPSP_403.log"
Set parameter Threads to value 32
Academic license - for non-commercial use only - expires 2024-10-30
Using license file /home/jrivera6/gurobi-licenses/v1003/compute-0-34/gurobi.lic

Gurobi Optimizer version 10.0.3 build v10.0.3rc0 (linux64)
Copyright (c) 2023, Gurobi Optimization, LLC

Read MPS format model from file RCPSP_403.mps
Reading time = 0.01 seconds
RCPSP_403: 5349 rows, 2080 columns, 17994 nonzeros

CPU model: Intel(R) Xeon(R) Gold 6130 CPU @ 2.10GHz, instruction set [SSE2|AVX|AVX2|AVX512]
Thread count: 32 physical cores, 32 logical processors, using up to 32 threads

Optimize a model with 5349 rows, 2080 columns and 17994 nonzeros
Model fingerprint: 0xb9754de4
Variable types: 32 continuous, 2048 integer (2048 binary)
Coefficient statistics:
  Matrix range     [1e+00, 2e+02]
  Objective range  [1e+00, 1e+00]
  Bounds range     [1e+00, 1e+00]
  RHS range        [1e+00, 2e+02]
Presolve removed 3864 rows and 1536 columns
Presolve time: 0.17s
Presolved: 1485 rows, 544 columns, 4561 nonzeros
Variable types: 31 continuous, 513 integer (513 binary)

Root relaxation: objective 6.300000e+01, 174 iterations, 0.00 seconds (0.00 work units)

    Nodes    |    Current Node    |     Objective Bounds      |     Work
 Expl Unexpl |  Obj  Depth IntInf | Incumbent    BestBd   Gap | It/Node Time

     0     0   63.00000    0   23          -   63.00000      -     -    0s
     0     0   63.18348    0   60          -   63.18348      -     -    0s
     0     0   66.48543    0   65          -   66.48543      -     -    0s
     0     0   66.48543    0   61          -   66.48543      -     -    0s
H    0     0                     103.0000000   66.48543  35.5%     -    0s
     0     0   68.24395    0   71  103.00000   68.24395  33.7%     -    0s
     0     0   68.24395    0   51  103.00000   68.24395  33.7%     -    0s
     0     0   69.74830    0   57  103.00000   69.74830  32.3%     -    0s
     0     0   69.77332    0   57  103.00000   69.77332  32.3%     -    0s
     0     0   69.77332    0   55  103.00000   69.77332  32.3%     -    0s
     0     0   70.63515    0   46  103.00000   70.63515  31.4%     -    1s
H    0     0                      97.0000000   70.63515  27.2%     -    1s
     0     0   70.63515    0   57   97.00000   70.63515  27.2%     -    1s
     0     0   70.85384    0   46   97.00000   70.85384  27.0%     -    1s
     0     0   70.90972    0   48   97.00000   70.90972  26.9%     -    1s
     0     0   71.02977    0   43   97.00000   71.02977  26.8%     -    1s
     0     0   71.07140    0   38   97.00000   71.07140  26.7%     -    1s
     0     0   71.07140    0   45   97.00000   71.07140  26.7%     -    1s
     0     0   71.20653    0   76   97.00000   71.20653  26.6%     -    1s
H    0     0                      91.0000000   71.20653  21.8%     -    1s
     0     0   71.23296    0   67   91.00000   71.23296  21.7%     -    1s
     0     0   71.26580    0   56   91.00000   71.26580  21.7%     -    1s
     0     0   71.26580    0   59   91.00000   71.26580  21.7%     -    1s
     0     0   71.43151    0   53   91.00000   71.43151  21.5%     -    1s
     0     0   71.43151    0   52   91.00000   71.43151  21.5%     -    1s
     0     0   71.43151    0   50   91.00000   71.43151  21.5%     -    1s
H    0     0                      90.0000000   71.43151  20.6%     -    1s
     0     0   71.43151    0   64   90.00000   71.43151  20.6%     -    1s
     0     0   71.43151    0   18   90.00000   71.43151  20.6%     -    2s
     0     0   71.43151    0   32   90.00000   71.43151  20.6%     -    2s
     0     0   71.43151    0   30   90.00000   71.43151  20.6%     -    2s
     0     0   71.43151    0   24   90.00000   71.43151  20.6%     -    2s
     0     2   71.43151    0   18   90.00000   71.43151  20.6%     -    2s
H   46    49                      88.0000000   74.76308  15.0%  64.1    4s
   312   275   76.76308   14   44   88.00000   74.76308  15.0%  27.1    5s
H 1048   725                      87.0000000   74.76308  14.1%  15.1    7s
H 1113   725                      86.9999990   76.76308  11.8%  14.8    7s
  1159   744   76.76308    8   48   87.00000   76.76308  11.8%  14.5   15s
* 2134  1065              34      86.0000000   76.76308  10.7%  12.5   18s
* 2545  1105              38      85.0000000   76.76308  9.69%  11.7   18s
  3528  1000   79.29324   13   47   85.00000   76.76308  9.69%  11.6   20s
  7716   799   80.76308   15   62   85.00000   79.31345  6.69%  12.6   25s

Cutting planes:
  Gomory: 10
  Cover: 32
  Implied bound: 173
  Clique: 1
  MIR: 369
  Inf proof: 124
  RLT: 88
  Relax-and-lift: 47

Explored 11099 nodes (131587 simplex iterations) in 29.64 seconds (1.08 work units)
Thread count was 32 (of 32 available processors)

Solution count 9: 85 86 87 ... 103

Optimal solution found (tolerance 1.00e-04)
Best objective 8.500000000000e+01, best bound 8.500000000000e+01, gap 0.0000%

Wrote result file 'RCPSP_403.sol'

