
Gurobi 10.0.3 (linux64, gurobi_cl) logging started Thu Nov  9 11:48:13 2023

Set parameter Username
Set parameter TimeLimit to value 3600
Set parameter LogFile to value "RCPSP_1108.log"
Set parameter Threads to value 32
Academic license - for non-commercial use only - expires 2024-10-30
Using license file /home/jrivera6/gurobi-licenses/v1003/compute-0-38/gurobi.lic

Gurobi Optimizer version 10.0.3 build v10.0.3rc0 (linux64)
Copyright (c) 2023, Gurobi Optimization, LLC

Read MPS format model from file RCPSP_1108.mps
Reading time = 0.20 seconds
RCPSP_1108: 42919 rows, 17020 columns, 159123 nonzeros

CPU model: Intel(R) Xeon(R) Gold 6242 CPU @ 2.80GHz, instruction set [SSE2|AVX|AVX2|AVX512]
Thread count: 32 physical cores, 32 logical processors, using up to 32 threads

Optimize a model with 42919 rows, 17020 columns and 159123 nonzeros
Model fingerprint: 0x4ffea718
Variable types: 92 continuous, 16928 integer (16928 binary)
Coefficient statistics:
  Matrix range     [1e+00, 5e+02]
  Objective range  [1e+00, 1e+00]
  Bounds range     [1e+00, 1e+00]
  RHS range        [1e+00, 5e+02]
Presolve removed 7474 rows and 1783 columns
Presolve time: 2.84s
Presolved: 35445 rows, 15237 columns, 138318 nonzeros
Variable types: 91 continuous, 15146 integer (15146 binary)

Deterministic concurrent LP optimizer: primal and dual simplex (primal and dual model)
Showing first log only...

Root relaxation presolved: 35445 rows, 15237 columns, 138318 nonzeros

Concurrent spin time: 0.22s

Solved with dual simplex (dual model)

Root relaxation: objective 8.200000e+01, 17426 iterations, 1.82 seconds (0.14 work units)

    Nodes    |    Current Node    |     Objective Bounds      |     Work
 Expl Unexpl |  Obj  Depth IntInf | Incumbent    BestBd   Gap | It/Node Time

     0     0   82.00000    0   10          -   82.00000      -     -    9s
     0     0   82.00000    0  120          -   82.00000      -     -   27s
     0     0   82.00000    0   83          -   82.00000      -     -   32s
     0     0   82.00000    0  157          -   82.00000      -     -   32s
     0     0   82.00000    0   12          -   82.00000      -     -   37s
     0     0   82.00000    0    6          -   82.00000      -     -   42s
     0     0   82.00000    0    8          -   82.00000      -     -   44s
H    0     0                      82.0000000   82.00000  0.00%     -   47s
     0     0   82.00000    0  124   82.00000   82.00000  0.00%     -   47s

Cutting planes:
  Gomory: 1
  Cover: 2
  Implied bound: 50
  MIR: 78
  StrongCG: 1
  RLT: 155
  Relax-and-lift: 212

Explored 1 nodes (40062 simplex iterations) in 49.41 seconds (6.97 work units)
Thread count was 32 (of 32 available processors)

Solution count 1: 82 

Optimal solution found (tolerance 1.00e-04)
Best objective 8.200000000000e+01, best bound 8.200000000000e+01, gap 0.0000%

Wrote result file 'RCPSP_1108.sol'

