
Gurobi 10.0.3 (linux64, gurobi_cl) logging started Thu Nov  2 11:56:11 2023

Set parameter Username
Set parameter TimeLimit to value 3600
Set parameter LogFile to value "RCPSP_970.log"
Set parameter Threads to value 32
Academic license - for non-commercial use only - expires 2024-10-30
Using license file /home/jrivera6/gurobi-licenses/v1003/compute-0-35/gurobi.lic

Gurobi Optimizer version 10.0.3 build v10.0.3rc0 (linux64)
Copyright (c) 2023, Gurobi Optimization, LLC

Read MPS format model from file RCPSP_970.mps
Reading time = 0.07 seconds
RCPSP_970: 42919 rows, 17020 columns, 134553 nonzeros

CPU model: Intel(R) Xeon(R) Gold 6130 CPU @ 2.10GHz, instruction set [SSE2|AVX|AVX2|AVX512]
Thread count: 32 physical cores, 32 logical processors, using up to 32 threads

Optimize a model with 42919 rows, 17020 columns and 134553 nonzeros
Model fingerprint: 0x76943e79
Variable types: 92 continuous, 16928 integer (16928 binary)
Coefficient statistics:
  Matrix range     [1e+00, 5e+02]
  Objective range  [1e+00, 1e+00]
  Bounds range     [1e+00, 1e+00]
  RHS range        [1e+00, 5e+02]
Presolve removed 11167 rows and 2914 columns (presolve time = 5s) ...
Presolve removed 11167 rows and 2914 columns
Presolve time: 5.13s
Presolved: 31752 rows, 14106 columns, 103728 nonzeros
Variable types: 91 continuous, 14015 integer (14015 binary)

Deterministic concurrent LP optimizer: primal and dual simplex (primal and dual model)
Showing first log only...

Root relaxation presolved: 31750 rows, 14108 columns, 103724 nonzeros


Root simplex log...

Iteration    Objective       Primal Inf.    Dual Inf.      Time
       0    8.9763408e+01   1.244813e-01   3.725225e+08      6s
Concurrent spin time: 0.48s

Solved with dual simplex (primal model)

Root relaxation: objective 8.700000e+01, 4766 iterations, 1.73 seconds (0.14 work units)
Total elapsed time = 12.07s

    Nodes    |    Current Node    |     Objective Bounds      |     Work
 Expl Unexpl |  Obj  Depth IntInf | Incumbent    BestBd   Gap | It/Node Time

     0     0   87.00000    0   99          -   87.00000      -     -   14s
     0     0   87.00000    0  631          -   87.00000      -     -   27s
     0     0   87.00000    0  913          -   87.00000      -     -   72s
     0     0   87.00000    0   69          -   87.00000      -     -   81s
     0     0   87.00000    0  118          -   87.00000      -     -   81s
     0     0   87.00000    0  183          -   87.00000      -     -   85s
     0     0   87.00000    0  424          -   87.00000      -     -   86s
     0     0   87.00000    0  157          -   87.00000      -     -   90s
     0     0   87.00000    0  505          -   87.00000      -     -   91s
     0     0   87.00000    0  326          -   87.00000      -     -   95s
     0     0   87.00000    0  317          -   87.00000      -     -   95s
     0     0   87.00000    0  557          -   87.00000      -     -   97s
     0     0   87.00000    0  532          -   87.00000      -     -   97s
     0     0   87.00000    0  341          -   87.00000      -     -  101s
     0     0   87.00000    0  179          -   87.00000      -     -  105s
     0     2   87.00000    0  159          -   87.00000      -     -  140s
     3     8   87.00000    2  687          -   87.00000      -  1337  153s
     7    16   87.00000    3  497          -   87.00000      -   956  166s
    15    32   87.00000    4  698          -   87.00000      -   920  176s
    31    63   87.00000    5  686          -   87.00000      -   792  191s
    63    95   87.00000    6  521          -   87.00000      -   631  201s
    95   126   87.00000    7  519          -   87.00000      -   539  206s
   127   157   87.00000    8  501          -   87.00000      -   429  210s
   159   187   87.00000    9  501          -   87.00000      -   355  215s
   191   221   87.00000   10  350          -   87.00000      -   334  255s
   226   264   87.00000   11  260          -   87.00000      -   406  295s
   269   314   87.00000   12  268          -   87.00000      -   443  336s
   319   363   87.00000   14  265          -   87.00000      -   452  357s
   370   494   87.00000   15  267          -   87.00000      -   411  365s
   504   682   87.00000   18  261          -   87.00000      -   316  391s
   703   910   87.00000   21  297          -   87.00000      -   247  418s
   943  1232   88.09091   26  342          -   87.00000      -   203  441s
  1281  1756   87.00000   32  319          -   87.00000      -   165  476s
  1827  2427   87.00000   44  317          -   87.00000      -   136  533s
  2592  3127   87.00000   51  355          -   87.00000      -   118  578s
  3412  3998   87.00000   61  427          -   87.00000      -   118  622s
  4522  5228   87.00000   71  287          -   87.00000      -   114  728s
  5963  6492   87.00000   91  364          -   87.00000      -   110  898s
  7552  8002   90.00000  128  532          -   87.00000      -   106  951s
  9533  8003   97.00000   91  179          -   87.00000      -   101 1028s
  9534  8004   96.00000  117  179          -   87.00000      -   101 1031s
  9535  8004   87.00000    8  295          -   87.00000      -   101 1058s
  9536  8005   87.00000   38   70          -   87.00000      -   101 1071s
  9537  8006   94.00000   50  595          -   87.00000      -   101 1077s
  9538  8006   90.00000  123  259          -   87.00000      -   101 1085s
  9540  8008   87.00000   19  311          -   87.00000      -   101 1116s
  9541  8008   90.00000  106  783          -   87.00368      -   101 1120s
  9542  8009   93.00000   50  116          -   87.00369      -   101 1127s
  9544  8010   88.00000   52   74          -   87.13353      -   101 1136s
  9546  8012  100.00000   42  103          -   87.25503      -   101 1144s
  9547  8012   95.00000  107  366          -   87.25503      -   101 1146s
  9548  8013   90.00000   46   99          -   87.49483      -   101 1153s
  9549  8014   87.49483   33  399          -   87.49483      -   101 1156s
  9550  8014   98.00000  145  110          -   87.56670      -   101 1167s
  9551  8015   89.00000   99  485          -   87.56670      -   101 1172s
  9552  8016  101.00000   75   78          -   87.86831      -   101 1177s
  9553  8016   93.00000   43  270          -   87.86832      -   101 1180s
  9555  8018   90.00000   81  250          -   88.00000      -   101 1187s
  9556  8018   88.00000   47   30          -   88.00000      -   100 1199s
  9557  8019   89.00000   98  286          -   88.00000      -   100 1201s
  9559  8020   88.00000   24  168          -   88.00000      -   100 1205s
  9561  8022   88.00000   50  412          -   88.00000      -   100 1211s
  9563  8023   96.17419  112  314          -   88.00000      -   100 1216s
H 9563  7621                     530.0000000   88.00000  83.4%   100 1219s
  9567  7625   91.00000   19  179  530.00000   88.00000  83.4%   116 1238s
H 9568  7244                     157.0000000   88.00000  43.9%   116 1270s
  9570  7245  100.00000   97   95  157.00000   88.00000  43.9%   116 1321s
H 9570  6883                     150.0000000   88.00000  41.3%   116 1322s
  9571  6884   94.00000   34  642  150.00000   88.00000  41.3%   116 1330s
H 9571  6540                     147.0000000   88.00000  40.1%   116 1356s
H 9573  6213                     146.0000000   88.00000  39.7%   116 1364s
  9574  6214   93.00000  161  123  146.00000   88.00000  39.7%   116 1368s
H 9574  5904                     143.0000000   88.00000  38.5%   116 1368s
  9575  5904   93.00000   28  184  143.00000   88.00000  38.5%   116 1371s
H 9575  5608                     142.0000000   88.00000  38.0%   116 1377s
  9578  5610   92.00000   22  134  142.00000   88.00000  38.0%   116 1385s
H 9579  5330                     139.0000000   88.00000  36.7%   116 1394s
  9581  5331   88.00000   57  467  139.00000   88.00000  36.7%   116 1397s
  9582  5332   94.00000   96   91  139.00000   88.00000  36.7%   116 1404s
  9583  5333   91.25000  153  343  139.00000   88.00000  36.7%   116 1407s
H 9583  5067                     136.0000000   88.00000  35.3%   116 1426s
H 9584  4813                     134.0000000   88.00000  34.3%   116 1426s
  9586  4815   96.00000  130  127  134.00000   88.00000  34.3%   116 1435s
  9588  4816   96.00000  110   61  134.00000   88.00000  34.3%   116 1452s
H 9588  4577                     132.0000000   88.00000  33.3%   127 1496s
  9589  4579   88.00000   19   39  132.00000   88.00000  33.3%   127 1522s
  9591  4582   88.00000   20   39  132.00000   88.00000  33.3%   127 1562s
  9595  4589   88.00000   21   46  132.00000   88.00000  33.3%   127 1606s
  9603  4602   88.00000   22   48  132.00000   88.00000  33.3%   128 1650s
  9619  4629   88.00000   23  397  132.00000   88.00000  33.3%   128 1707s
  9651  4650   88.00000   24  501  132.00000   88.00000  33.3%   130 1763s
H 9683  4442                     126.0000000   88.00000  30.2%   131 2109s
H 9684  4224                     123.0000000   88.00000  28.5%   131 2109s
H 9689  4015                     118.0000000   88.00000  25.4%   131 2109s
  9715  4039   88.00000   25  467  118.00000   88.00000  25.4%   131 2162s
  9747  4060   88.00000   25  498  118.00000   88.00000  25.4%   131 2189s
H 9779  3885                     117.0000000   88.00000  24.8%   131 3073s
  9811  3912   88.00000   26  512  117.00000   88.00000  24.8%   132 3289s
  9848  3931   88.00000   27  495  117.00000   88.00000  24.8%   132 3601s
H 9849  3744                     111.0000000   88.00000  20.7%   132 3601s
H 9850  3567                     104.0000000   88.00000  15.4%   132 3601s

Cutting planes:
  Learned: 4
  Gomory: 37
  Lift-and-project: 6
  Cover: 49
  Implied bound: 20
  Projected implied bound: 1
  Clique: 4
  MIR: 79
  StrongCG: 36
  Flow cover: 275
  Zero half: 8
  Mod-K: 1
  RLT: 58
  Relax-and-lift: 136

Explored 9880 nodes (1368939 simplex iterations) in 3602.31 seconds (205.35 work units)
Thread count was 32 (of 32 available processors)

Solution count 10: 104 111 117 ... 139

Time limit reached
Best objective 1.040000000000e+02, best bound 8.800000000000e+01, gap 15.3846%

Wrote result file 'RCPSP_970.sol'

