
Gurobi 10.0.3 (linux64, gurobi_cl) logging started Thu Nov  2 11:36:37 2023

Set parameter Username
Set parameter TimeLimit to value 3600
Set parameter LogFile to value "RCPSP_766.log"
Set parameter Threads to value 32
Academic license - for non-commercial use only - expires 2024-10-30
Using license file /home/jrivera6/gurobi-licenses/v1003/compute-0-39/gurobi.lic

Gurobi Optimizer version 10.0.3 build v10.0.3rc0 (linux64)
Copyright (c) 2023, Gurobi Optimization, LLC

Read MPS format model from file RCPSP_766.mps
Reading time = 0.02 seconds
RCPSP_766: 19643 rows, 7750 columns, 71917 nonzeros

CPU model: Intel(R) Xeon(R) Gold 6242 CPU @ 2.80GHz, instruction set [SSE2|AVX|AVX2|AVX512]
Thread count: 32 physical cores, 32 logical processors, using up to 32 threads

Optimize a model with 19643 rows, 7750 columns and 71917 nonzeros
Model fingerprint: 0x19bf4d74
Variable types: 62 continuous, 7688 integer (7688 binary)
Coefficient statistics:
  Matrix range     [1e+00, 4e+02]
  Objective range  [1e+00, 1e+00]
  Bounds range     [1e+00, 1e+00]
  RHS range        [1e+00, 4e+02]
Presolve removed 9335 rows and 3517 columns
Presolve time: 3.48s
Presolved: 10308 rows, 4233 columns, 38670 nonzeros
Variable types: 61 continuous, 4172 integer (4172 binary)

Root relaxation: objective 8.500000e+01, 1495 iterations, 0.02 seconds (0.01 work units)

    Nodes    |    Current Node    |     Objective Bounds      |     Work
 Expl Unexpl |  Obj  Depth IntInf | Incumbent    BestBd   Gap | It/Node Time

     0     0   85.00000    0  192          -   85.00000      -     -    4s
     0     0   85.00000    0  476          -   85.00000      -     -    6s
     0     0   85.00000    0  469          -   85.00000      -     -    7s
     0     0   85.00000    0  358          -   85.00000      -     -   10s
     0     0   85.00000    0  436          -   85.00000      -     -   11s
     0     0   86.00943    0  469          -   86.00943      -     -   14s
     0     0   86.00943    0  569          -   86.00943      -     -   18s
     0     0   86.00943    0  640          -   86.00943      -     -   19s
     0     0   87.26226    0  508          -   87.26226      -     -   19s
     0     0   87.26226    0  541          -   87.26226      -     -   20s
     0     0   87.56463    0  388          -   87.56463      -     -   23s
     0     0   87.56463    0  461          -   87.56463      -     -   23s
     0     0   88.72705    0  461          -   88.72705      -     -   25s
     0     0   88.72705    0  466          -   88.72705      -     -   25s
     0     0   89.07684    0  460          -   89.07684      -     -   26s
     0     0   89.10684    0  466          -   89.10684      -     -   27s
     0     0   89.10684    0  457          -   89.10684      -     -   27s
     0     0   89.10684    0  462          -   89.10684      -     -   28s
     0     0   89.10684    0  425          -   89.10684      -     -   29s
     0     0   89.18210    0  490          -   89.18210      -     -   29s
     0     0   89.18210    0  483          -   89.18210      -     -   30s
     0     0   89.18210    0  484          -   89.18210      -     -   31s
     0     0   89.18210    0  486          -   89.18210      -     -   32s
     0     0   89.18210    0  345          -   89.18210      -     -   34s
     0     0   89.18210    0  436          -   89.18210      -     -   35s
     0     0   89.18210    0  338          -   89.18210      -     -   37s
H    0     0                     223.0000000   89.18210  60.0%     -   40s
H    0     0                     222.0000000   89.18210  59.8%     -   40s
     0     0   89.18210    0  469  222.00000   89.18210  59.8%     -   40s
     0     0   89.18210    0  341  222.00000   89.18210  59.8%     -   43s
H    0     0                     215.0000000   89.18210  58.5%     -   43s
     0     0   89.18210    0  340  215.00000   89.18210  58.5%     -   44s
H    0     0                     214.0000000   89.18210  58.3%     -   45s
     0     2   89.18210    0  262  214.00000   89.18210  58.3%     -   51s
     7    16   92.12205    3  575  214.00000   91.12205  57.4%  1104   57s
    15    27   92.12205    4  546  214.00000   91.12205  57.4%   946   60s
    31    48   92.12205    5  569  214.00000   91.12205  57.4%   829   77s
H   34    48                     212.0000000   91.12205  57.0%   807   77s
    58    76   92.12205    6  556  212.00000   91.12205  57.0%   695   81s
H   90   106                     207.0000000   91.12205  56.0%   653  117s
H   91   106                     193.0000000   91.12205  52.8%   657  117s
   122   134   92.12205    8  499  193.00000   91.12205  52.8%   625  166s
H  123   134                     188.0000000   91.12205  51.5%   619  166s
   186   219   92.12205   10  484  188.00000   91.12205  51.5%   436  170s
   347   392   92.12205   14  477  188.00000   91.12205  51.5%   275  176s
   485   533   92.12205   17  514  188.00000   91.12205  51.5%   218  180s
   639   683   92.12205   19  520  188.00000   91.12205  51.5%   182  185s
   816   857   92.12205   21  477  188.00000   91.12205  51.5%   156  192s
   909   954   92.12205   23  479  188.00000   91.12205  51.5%   151  195s
H 1138  1090                     183.0000000   91.12205  50.2%   138  210s
H 1140  1090                     181.0000000   91.12205  49.7%   138  210s
H 1144  1090                     179.0000000   91.12205  49.1%   138  210s
  1318  1341   93.62205   34  478  179.00000   91.12205  49.1%   133  217s
  1468  1464  100.62205   35  491  179.00000   91.12205  49.1%   128  221s
  1790  1801   95.50000   36  452  179.00000   91.12205  49.1%   119  227s
  2021  1945   95.50000   38  466  179.00000   91.12205  49.1%   110  232s
H 2219  1974                     176.0000000   91.12205  48.2%   107  245s
H 2222  1974                     174.0000000   91.12205  47.6%   108  245s
H 2223  1974                     172.0000000   91.12205  47.0%   108  245s
  2254  2161   95.50000   39  489  172.00000   91.12205  47.0%   110  250s
  2761  2601   95.50000   42  355  172.00000   91.12205  47.0%   101  259s
  3007  2845   97.00000   46  383  172.00000   91.12205  47.0%  98.6  262s
  3265  3122   97.00000   51  352  172.00000   91.12205  47.0%  95.2  266s
  3951  3437  121.00000  114  340  172.00000   91.12205  47.0%  86.0  284s
  3953  3438  110.00000   25  257  172.00000   91.12205  47.0%  85.9  286s
H 3953  3266                     171.0000000   91.12205  46.7%  85.9  289s
  3954  3267   91.12205   24  341  171.00000   91.12205  46.7%  85.9  291s
  3957  3269  108.00000   47  327  171.00000   91.12205  46.7%  85.8  297s
H 3960  3107                     168.0000000   91.20661  45.7%  85.8  300s
  3965  3110  122.00000  155  359  168.00000   91.92452  45.3%  85.6  306s
H 3966  2955                     167.0000000   91.92452  45.0%  85.6  310s
  3968  2956  135.00000  189  565  167.00000   91.92452  45.0%  85.6  316s
  3969  2957   96.00000   34  421  167.00000   91.92452  45.0%  85.6  323s
  3971  2958  104.00000   46  421  167.00000   91.92452  45.0%  85.5  325s
H 3971  2812                     167.0000000   91.92452  45.0%   101  333s
  3972  2814   91.92452   12  310  167.00000   91.92452  45.0%   101  341s
  3974  2817   91.92452   13  427  167.00000   91.92452  45.0%   102  351s
  3978  2824   91.92452   14  472  167.00000   91.92452  45.0%   103  363s
  3986  2837   91.92452   15  466  167.00000   91.92452  45.0%   104  377s
  4002  2864   91.92452   16  512  167.00000   91.92452  45.0%   105  396s
H 4004  2722                     164.0000000   91.92452  43.9%   105  396s
H 4005  2588                     161.0000000   91.92452  42.9%   106  396s
  4034  2610   91.92452   17  489  161.00000   91.92452  42.9%   110  402s
H 4066  2505                     161.0000000   91.92452  42.9%   112  478s
H 4077  2380                     160.0000000   91.92452  42.5%   113  478s
H 4079  2264                     157.0000000   91.92452  41.4%   113  478s
  4098  2290   91.92452   18  483  157.00000   91.92452  41.4%   113  484s
H 4130  2202                     152.0000000   91.92452  39.5%   114  559s
H 4131  2099                     151.0000000   91.92452  39.1%   114  559s
H 4142  1997                     150.0000000   91.92452  38.7%   114  560s
H 4144  1903                     149.0000000   91.92452  38.3%   114  560s
  4162  1951   91.92452   19  517  149.00000   91.92452  38.3%   114  568s
  4216  1986   91.92452   19  491  149.00000   91.92452  38.3%   114  576s
  4269  2027   92.05835   20  474  149.00000   91.92452  38.3%   115  583s
  4328  2071   91.92621   20  533  149.00000   91.92452  38.3%   115  591s
  4392  2107   91.92621   21  519  149.00000   91.92452  38.3%   115  600s
  4449  2154   91.92621   21  542  149.00000   91.92452  38.3%   115  609s
  4517  2197   91.92621   22  534  149.00000   91.92452  38.3%   115  617s
  4583  2241   98.92452   22  447  149.00000   91.92452  38.3%   115  625s
  4651  2291   92.04189   23  482  149.00000   91.92452  38.3%   114  631s
  4725  2335   94.92452   23  419  149.00000   91.92452  38.3%   114  639s
  4798  2392   92.08308   24  503  149.00000   91.92452  38.3%   113  648s
  4881  2524   92.08308   25  493  149.00000   91.92452  38.3%   112  652s
  5059  2635   92.08308   26  484  149.00000   91.92452  38.3%   110  662s
  5266  2593   92.08308   27  538  149.00000   91.92452  38.3%   106  680s
H 5295  2494                     148.0000000   91.92452  37.9%   107  680s
  5299  2503   92.08308   27  520  148.00000   91.92452  37.9%   107  699s
  5359  2525   92.20504   28  501  148.00000   91.92452  37.9%   109  714s
  5410  2679   92.08732   28  574  148.00000   91.92452  37.9%   112  718s
  5588  2640  101.00000   29  450  148.00000   91.92452  37.9%   111  738s
  5649  2669   92.08732   29  514  148.00000   91.92452  37.9%   114  756s
  5716  2829  101.00000   30  439  148.00000   91.92452  37.9%   115  763s
  5908  2938  101.00000   31  498  148.00000   91.92452  37.9%   114  768s
  6131  2893  101.00000   31  478  148.00000   91.92452  37.9%   112  789s
  6196  2931  108.00000   32  449  148.00000   91.92452  37.9%   115  805s
  6264  3133  101.00000   32  483  148.00000   91.92452  37.9%   116  811s
  6515  3123  101.03026   33  446  148.00000   91.92452  37.9%   115  827s
H 6529  3035                     148.0000000   91.92452  37.9%   115  827s
  6622  3019  103.00000   33  455  148.00000   91.92452  37.9%   114  849s
  6697  3035  105.00000   34  448  148.00000   91.92452  37.9%   118  868s
  6742  3093  103.00000   34  430  148.00000   91.92452  37.9%   120  880s
  6823  3321  105.00000   35  448  148.00000   91.92452  37.9%   121  886s
  7110  3489  105.00000   36  450  148.00000   91.92452  37.9%   119  901s
  7454  3381 infeasible   37       148.00000   91.92452  37.9%   117  924s
  7541  3386  119.00000   38  417  148.00000   91.92452  37.9%   120  945s
H 7543  3286                     146.0000000   91.92452  37.0%   120  945s
H 7546  3202                     145.0000000   91.92452  36.6%   120  945s
  7575  3252  119.00000   39  413  145.00000   91.92452  36.6%   122  960s
  7641  3505  119.00000   40  413  145.00000   91.92452  36.6%   123  978s
  7961  3418  119.00000   42  394  145.00000   91.92452  36.6%   122 1002s
  8037  3450  119.00000   43  422  145.00000   91.92452  36.6%   126 1026s
  8116  3579  121.00000   44  476  145.00000   91.92452  36.6%   129 1048s
H 8117  3521                     145.0000000   91.92452  36.6%   129 1048s
H 8161  3499                     144.0000000   91.92452  36.2%   128 1048s
  8369  3531  121.00000   44  408  144.00000   91.92452  36.2%   127 1076s
  8469  3608  126.00000   46  417  144.00000   91.92452  36.2%   132 1098s
  8548  3924  126.00000   47  387  144.00000   91.92452  36.2%   135 1108s
  8903  4002  126.00000   49  379  144.00000   91.92452  36.2%   134 1134s
  9003  4484  130.25510   49  349  144.00000   91.92452  36.2%   136 1156s
  9561  4484 infeasible   60       144.00000   91.92452  36.2%   133 1193s
H 9565  4484                     144.0000000   91.92452  36.2%   133 1193s
H 9612  4459                     143.0000000   91.92452  35.7%   134 1193s
  9625  4535 infeasible   59       143.00000   91.92452  35.7%   135 1218s
  9735  4643   91.98791   18  666  143.00000   91.92452  35.7%   136 1246s
  9865  5272   92.00070   20  520  143.00000   91.92452  35.7%   137 1267s
 10609  5787   98.00943   28  496  143.00000   91.92452  35.7%   133 1288s
 11347  5786  102.00000   35  432  143.00000   91.92452  35.7%   130 1318s
H11372  5748                     142.0000000   91.92452  35.3%   130 1318s
H11444  5776                     142.0000000   91.92452  35.3%   133 1655s
 11478  5922  102.00000   37  438  142.00000   91.92452  35.3%   135 1679s
 11630  5953  117.00000   43  400  142.00000   91.92452  35.3%   136 1885s
 11663  6122  117.00000   44  375  142.00000   91.92452  35.3%   136 1960s
 11840  6310  126.00000   48  353  142.00000   91.92452  35.3%   137 1993s
 12046  6478 infeasible   53       142.00000   91.92452  35.3%   136 2021s
 12256  6616  126.00000   55  349  142.00000   91.92452  35.3%   136 2052s
 12470  6713  134.00000   61  310  142.00000   91.92452  35.3%   135 2090s
 12659  6822  132.00000   67  285  142.00000   91.92452  35.3%   135 2202s
 12860  6929 infeasible   67       142.00000   91.98791  35.2%   136 2289s
 13037  7024   92.01845   19  540  142.00000   91.98791  35.2%   137 2400s
 13190  7172   96.92452   21  530  142.00000   91.98791  35.2%   140 2433s
 13390  7345   98.00000   24  422  142.00000   91.98791  35.2%   140 2507s
 13641  7480  104.00000   28  367  142.00000   91.98791  35.2%   139 2560s
 13894  7611  117.00000   38  326  142.00000   91.98791  35.2%   140 2646s
 14144  7761  132.00000   45  288  142.00000   91.98791  35.2%   142 2711s
 14380  7993  138.00000   49  280  142.00000   91.98791  35.2%   144 2795s
 14698  8193   94.92452   26  554  142.00000   91.98791  35.2%   144 2857s
 14990  9395   94.92452   30  440  142.00000   91.98791  35.2%   145 3164s
 16663  9445 infeasible   54       142.00000   91.98791  35.2%   137 3301s
 16871  9641  114.00000   59  448  142.00000   91.98791  35.2%   141 3468s
 17125 10572  123.00000   63  428  142.00000   91.98791  35.2%   143 3753s

Cutting planes:
  Learned: 32
  Gomory: 94
  Cover: 174
  Implied bound: 107
  Projected implied bound: 6
  Clique: 38
  MIR: 332
  StrongCG: 17
  Flow cover: 832
  Inf proof: 59
  Zero half: 6
  RLT: 304
  Relax-and-lift: 185

Explored 18468 nodes (2575143 simplex iterations) in 3879.73 seconds (151.25 work units)
Thread count was 32 (of 32 available processors)

Solution count 10: 142 142 143 ... 148

Time limit reached
Best objective 1.419999999857e+02, best bound 9.198791091374e+01, gap 35.2198%

Wrote result file 'RCPSP_766.sol'

