
Gurobi 10.0.3 (linux64, gurobi_cl) logging started Thu Nov  2 11:35:34 2023

Set parameter Username
Set parameter TimeLimit to value 3600
Set parameter LogFile to value "RCPSP_689.log"
Set parameter Threads to value 32
Academic license - for non-commercial use only - expires 2024-10-30
Using license file /home/jrivera6/gurobi-licenses/v1003/compute-0-38/gurobi.lic

Gurobi Optimizer version 10.0.3 build v10.0.3rc0 (linux64)
Copyright (c) 2023, Gurobi Optimization, LLC

Read MPS format model from file RCPSP_689.mps
Reading time = 0.02 seconds
RCPSP_689: 19643 rows, 7750 columns, 64658 nonzeros

CPU model: Intel(R) Xeon(R) Gold 6242 CPU @ 2.80GHz, instruction set [SSE2|AVX|AVX2|AVX512]
Thread count: 32 physical cores, 32 logical processors, using up to 32 threads

Optimize a model with 19643 rows, 7750 columns and 64658 nonzeros
Model fingerprint: 0x8b7833d5
Variable types: 62 continuous, 7688 integer (7688 binary)
Coefficient statistics:
  Matrix range     [1e+00, 4e+02]
  Objective range  [1e+00, 1e+00]
  Bounds range     [1e+00, 1e+00]
  RHS range        [1e+00, 4e+02]
Presolve removed 8455 rows and 3080 columns
Presolve time: 2.71s
Presolved: 11188 rows, 4670 columns, 37977 nonzeros
Variable types: 61 continuous, 4609 integer (4609 binary)

Root relaxation: objective 6.900000e+01, 1501 iterations, 0.02 seconds (0.01 work units)

    Nodes    |    Current Node    |     Objective Bounds      |     Work
 Expl Unexpl |  Obj  Depth IntInf | Incumbent    BestBd   Gap | It/Node Time

     0     0   69.00000    0  151          -   69.00000      -     -    3s
     0     0   69.00000    0  481          -   69.00000      -     -    4s
     0     0   69.00000    0  428          -   69.00000      -     -    5s
     0     0   69.00000    0  177          -   69.00000      -     -    7s
     0     0   69.00000    0  216          -   69.00000      -     -    8s
     0     0   69.00272    0  140          -   69.00272      -     -    9s
     0     0   69.07042    0  259          -   69.07042      -     -   10s
     0     0   69.83333    0  373          -   69.83333      -     -   10s
     0     0   69.83333    0  374          -   69.83333      -     -   10s
     0     0   69.83333    0  301          -   69.83333      -     -   11s
     0     0   69.83333    0  264          -   69.83333      -     -   11s
     0     0   69.96774    0  137          -   69.96774      -     -   13s
     0     0   69.96774    0  307          -   69.96774      -     -   13s
     0     0   69.96774    0  322          -   69.96774      -     -   14s
     0     0   69.96774    0  403          -   69.96774      -     -   14s
     0     0   69.96774    0  132          -   69.96774      -     -   16s
     0     0   69.96774    0  323          -   69.96774      -     -   16s
     0     0   69.96774    0  242          -   69.96774      -     -   18s
     0     0   69.96774    0  338          -   69.96774      -     -   18s
     0     0   69.96774    0  146          -   69.96774      -     -   19s
H    0     0                     350.0000000   69.96774  80.0%     -   19s
     0     0   69.96774    0  126  350.00000   69.96774  80.0%     -   20s
H    0     0                     255.0000000   69.96774  72.6%     -   23s
H    0     2                     230.0000000   69.96774  69.6%     -   27s
     0     2   69.96774    0  126  230.00000   69.96774  69.6%     -   27s
     3     7   71.40000    2  122  230.00000   70.00000  69.6%   488   31s
    14    22   78.00000    4  239  230.00000   70.00000  69.6%   514   35s
H   26    40                     220.0000000   70.00000  68.2%   476   42s
H   27    40                     214.0000000   70.00000  67.3%   465   43s
H   28    40                     212.0000000   70.00000  67.0%   450   43s
H   29    40                     210.0000000   70.00000  66.7%   449   43s
H   32    40                     207.0000000   70.00000  66.2%   426   43s
H   37    40                     205.0000000   70.00000  65.9%   400   43s
H   41    40                     204.0000000   70.00000  65.7%   404   43s
    48    67   78.00000    6  275  204.00000   70.00000  65.7%   409   69s
    80    94   78.00000    7  259  204.00000   70.00000  65.7%   410   93s
H   95    94                     193.0000000   70.00000  63.7%   372   93s
   112   122   78.00000    8  258  193.00000   70.00000  63.7%   343   98s
H  113   122                     188.0000000   70.00000  62.8%   340   98s
H  126   122                     181.0000000   70.00000  61.3%   326   98s
   176   204   78.00000   10  255  181.00000   70.00000  61.3%   254  100s
H  236   231                     125.0000000   70.00000  44.0%   196  204s
H  240   231                     122.0000000   70.00000  42.6%   194  204s
H  268   257                     114.0000000   70.00000  38.6%   181  393s
H  269   257                     113.0000000   70.00000  38.1%   180  393s
H  277   257                     110.0000000   70.00000  36.4%   176  393s
H  299   257                     109.0000000   70.00000  35.8%   167  393s
   302   319   78.00000   14  232  109.00000   70.00000  35.8%   165  408s
   366   391   78.00000   16  232  109.00000   70.00000  35.8%   139  415s
   442   477   78.00000   19  227  109.00000   70.00000  35.8%   120  422s
   664   722   78.00000   26  225  109.00000   70.00000  35.8%  86.3  426s
  1155  1161   78.00000   37  221  109.00000   70.00000  35.8%  61.8  430s
  1315  1184   78.00000   38  220  109.00000   70.00000  35.8%  58.6  444s
  1352  1338   78.00000   39  218  109.00000   70.00000  35.8%  57.9  446s
  1553  1418   78.00000   45  284  109.00000   70.00000  35.8%  54.9  454s
  1660  1588   78.00000   45  199  109.00000   70.00000  35.8%  55.9  456s
  2081  1964   81.00000   53  290  109.00000   70.00000  35.8%  53.5  460s
  2630  2486   77.00000   13  225  109.00000   70.00000  35.8%  49.2  465s
  3341  3056   88.00000   34  220  109.00000   70.00000  35.8%  43.9  471s
  4056  3340   78.05498   28  126  109.00000   70.00000  35.8%  40.6  487s
  4059  3342  104.00000  125  137  109.00000   70.00000  35.8%  40.6  491s
  4062  3344   88.00000   53  335  109.00000   70.00000  35.8%  40.6  496s
H 4063  3177                     108.0000000   70.00000  35.2%  40.6  499s
  4065  3178   75.00000   19  427  108.00000   70.06277  35.1%  40.5  501s
H 4065  3019                     106.0000000   70.17664  33.8%  40.5  503s
  4069  3022   93.00000   34  170  106.00000   70.99904  33.0%  40.5  507s
  4072  3024   94.00000   61  112  106.00000   72.00000  32.1%  40.5  513s
  4075  3026   79.00000   23  127  106.00000   72.00000  32.1%  40.4  518s
  4077  3027   72.00000    8   98  106.00000   72.00000  32.1%  40.4  522s
H 4077  2875                     105.0000000   72.00000  31.4%  40.4  524s
  4079  2876   73.73333   14  118  105.00000   72.00000  31.4%  40.4  527s
H 4079  2732                     104.0000000   72.00000  30.8%  40.4  529s
  4081  2734   97.00000   14  105  104.00000   72.00000  30.8%  40.4  532s
  4083  2735   73.05498   13  139  104.00000   72.00000  30.8%  40.4  539s
  4084  2736   82.00000   21  268  104.00000   72.00000  30.8%  40.3  540s
  4086  2737   95.00000   82  301  104.00000   72.00000  30.8%  40.3  545s
  4087  2738   91.00000   94  187  104.00000   72.00000  30.8%  40.3  550s
H 4088  2601                     103.0000000   72.00000  30.1%  40.3  556s
  4090  2603   84.00000   81  324  103.00000   72.00000  30.1%  40.3  560s
  4091  2603   90.00000   11  254  103.00000   72.00000  30.1%  40.3  565s
  4094  2607   96.00000   50  126  103.00000   72.00000  30.1%  63.0  573s
  4096  2608   79.00000   13  142  103.00000   72.00000  30.1%  63.0  579s
  4097  2609   94.00000   12  160  103.00000   72.00000  30.1%  62.9  583s
H 4098  2479                     102.0000000   72.00000  29.4%  62.9  586s
  4101  2481  100.00000  114  196  102.00000   72.00000  29.4%  62.9  593s
  4103  2482   84.00000   51  162  102.00000   72.00000  29.4%  62.8  597s
  4105  2483   83.00000    7  220  102.00000   72.00000  29.4%  62.8  603s
  4106  2484   88.00000   44  340  102.00000   72.00000  29.4%  62.8  605s
  4107  2485   75.00000   15  211  102.00000   72.00000  29.4%  62.8  610s
H 4108  2360                     101.0000000   72.00000  28.7%  62.8  617s
H 4110  2244                      99.0000000   72.00000  27.3%  62.7  624s
  4112  2245   72.00000    9  386   99.00000   72.00000  27.3%  62.7  626s
  4113  2246   75.00000   45  199   99.00000   72.00000  27.3%  62.7  630s
H 4115  2136                      98.0000000   72.00000  26.5%  79.7  640s
  4116  2138   72.00000   23  159   98.00000   72.00000  26.5%  80.2  646s
  4118  2141   72.00000   24  330   98.00000   72.00000  26.5%  80.7  651s
  4122  2148   72.00000   25  276   98.00000   72.00000  26.5%  81.2  658s
  4130  2159   72.00000   26  565   98.00000   72.00000  26.5%  82.1  670s
  4146  2180   72.00000   27  563   98.00000   72.00000  26.5%  85.1  692s
H 4161  2068                      98.0000000   72.00000  26.5%  88.6  692s
H 4169  1963                      97.0000000   72.00000  25.8%  91.7  692s
  4176  1988   72.00000   28  600   97.00000   72.00000  25.8%  93.2  710s
  4208  2006   72.00000   29  608   97.00000   72.00000  25.8%   101  762s
  4240  2025   72.00000   29  504   97.00000   72.00000  25.8%   104  776s
  4272  2047   74.00000   30  535   97.00000   72.00000  25.8%   109  852s
  4304  2077   72.00000   30  616   97.00000   72.00000  25.8%   110  864s
  4349  2103   72.00000   31  573   97.00000   72.00000  25.8%   112  876s
  4396  2132   72.00000   31  548   97.00000   72.00000  25.8%   114  889s
  4444  2173   72.00000   32  343   97.00000   72.00000  25.8%   116  906s
  4505  2211   72.00000   32  308   97.00000   72.00000  25.8%   118  923s
  4566  2250   72.00000   33  331   97.00000   72.00000  25.8%   119  937s
  4634  2287   78.00000   33  269   97.00000   72.00000  25.8%   119  949s
  4707  2319   72.00000   34  324   97.00000   72.00000  25.8%   119  961s
  4774  2349   78.00000   34  288   97.00000   72.00000  25.8%   120  973s
  4840  2392   72.00000   35  418   97.00000   72.00000  25.8%   122  988s
  4918  2426   72.12704   35  471   97.00000   72.00000  25.8%   122  998s
  4985  2446   72.00000   36  384   97.00000   72.00000  25.8%   123 1020s
  5039  2455   72.00000   36  397   97.00000   72.00000  25.8%   124 1071s
H 5069  2349                      96.0000000   72.00000  25.0%   125 1071s
  5074  2359   72.00000   37  428   96.00000   72.00000  25.0%   126 1091s
  5170  2366   72.00000   37  471   96.00000   72.00000  25.0%   128 1113s
  5225  2395   72.00000   38  449   96.00000   72.00000  25.0%   134 1137s
  5285  2426   72.03981   38  405   96.00000   72.00000  25.0%   141 1154s
  5343  2481   72.00000   39  421   96.00000   72.00000  25.0%   145 1170s
  5419  2521   72.00000   39  428   96.00000   72.00000  25.0%   147 1192s
  5495  2567   72.00000   40  437   96.00000   72.00000  25.0%   149 1209s
  5577  2651   72.00000   40  443   96.00000   72.00000  25.0%   151 1232s
  5699  2751   72.00000   41  445   96.00000   72.00000  25.0%   152 1252s
  5861  2862   72.00000   41  408   96.00000   72.00000  25.0%   152 1276s
  6050  2952   72.00000   42  397   96.00000   72.00000  25.0%   150 1303s
  6254  2968   72.00000   43  379   96.00000   72.00000  25.0%   151 1333s
H 6259  2874                      95.0000000   72.00000  24.2%   151 1333s
  6435  2728   72.00000   44  439   95.00000   72.00000  24.2%   151 1369s
  6545  2700   72.00000   45  528   95.00000   72.00000  24.2%   162 1401s
H 6552  2611                      95.0000000   72.00000  24.2%   163 1401s
  6612  2663   72.02497   45  498   95.00000   72.00000  24.2%   169 1428s
  6740  2569   72.00000   46  484   95.00000   72.00000  24.2%   173 1770s
H 6750  2483                      94.0000000   72.00000  23.4%   173 1770s
  6780  2527   72.00000   46  452   94.00000   72.00000  23.4%   175 1825s
H 6912  2404                      94.0000000   72.00000  23.4%   183 1825s
  6913  2488   72.00000   47  496   94.00000   72.00000  23.4%   183 1854s
  7108  2538   72.00000   47  523   94.00000   72.00000  23.4%   185 1887s
  7367  2693   72.05450   48  509   94.00000   72.00000  23.4%   185 1932s
  7688  2728   72.11250   48  512   94.00000   72.00000  23.4%   183 1978s
  7920  2850   72.05450   49  567   94.00000   72.00000  23.4%   186 2028s
  8170  2785   77.00000   50  427   94.00000   72.00000  23.4%   192 2575s
  8212  2903   80.00000   50  425   94.00000   72.00000  23.4%   195 2625s
  8472  3026   77.00000   52  443   94.00000   72.00000  23.4%   199 2677s
  8755  3204   77.00000   53  440   94.00000   72.00000  23.4%   205 2727s
  9073  3501   77.00000   54  462   94.00000   72.00000  23.4%   206 2791s
* 9172  3168             155      93.0000000   72.00000  22.6%   206 2791s
  9538  3251   84.00000   55  343   93.00000   72.00000  22.6%   206 2857s
  9819  3407   77.00000   56  431   93.00000   72.00000  22.6%   215 2923s
 10127  3701   77.00000   57  397   93.00000   72.00000  22.6%   223 2984s
 10546  3941   77.00000   58  454   93.00000   72.00000  22.6%   225 3083s
H10548  3517                      92.0000000   72.00000  21.7%   225 3083s
H10726  3146                      90.0000000   72.00000  20.0%   229 3083s
 10992  3221   77.00000   59  427   90.00000   72.00000  20.0%   236 3156s
 11275  3518   77.00000   60  521   90.00000   72.00000  20.0%   245 3235s
*11555  3518              74      90.0000000   72.00000  20.0%   245 3235s
 11734  3727   77.00000   61  394   90.00000   72.00000  20.0%   249 3345s
 12191  3952   77.00000   62  408   90.00000   72.00000  20.0%   258 3462s
H12344  3689                      89.0000000   72.00000  19.1%   265 3462s
 12580  3832   80.00000   64  328   89.00000   72.00000  19.1%   269 3581s
 12991  3891   80.00000   66  300   89.00000   72.00000  19.1%   280 3600s
H13045  3891                      89.0000000   72.00000  19.1%   279 3600s

Cutting planes:
  Learned: 9
  Gomory: 130
  Cover: 981
  Implied bound: 1264
  Projected implied bound: 43
  Clique: 71
  MIR: 2513
  StrongCG: 251
  Flow cover: 11754
  Inf proof: 224
  Zero half: 22
  RLT: 879
  Relax-and-lift: 790
  BQP: 1

Explored 13094 nodes (3700447 simplex iterations) in 3600.96 seconds (462.08 work units)
Thread count was 32 (of 32 available processors)

Solution count 10: 89 89 90 ... 95

Time limit reached
Best objective 8.899999999100e+01, best bound 7.200000000000e+01, gap 19.1011%

Wrote result file 'RCPSP_689.sol'

