
Gurobi 10.0.3 (linux64, gurobi_cl) logging started Thu Nov  9 11:48:36 2023

Set parameter Username
Set parameter TimeLimit to value 3600
Set parameter LogFile to value "RCPSP_1183.log"
Set parameter Threads to value 32
Academic license - for non-commercial use only - expires 2024-11-06
Using license file /home/jrivera6/gurobi-licenses/v1003/compute-0-36/gurobi.lic

Gurobi Optimizer version 10.0.3 build v10.0.3rc0 (linux64)
Copyright (c) 2023, Gurobi Optimization, LLC

Read MPS format model from file RCPSP_1183.mps
Reading time = 0.07 seconds
RCPSP_1183: 42947 rows, 17020 columns, 142862 nonzeros

CPU model: Intel(R) Xeon(R) Gold 6130 CPU @ 2.10GHz, instruction set [SSE2|AVX|AVX2|AVX512]
Thread count: 32 physical cores, 32 logical processors, using up to 32 threads

Optimize a model with 42947 rows, 17020 columns and 142862 nonzeros
Model fingerprint: 0x6b46a181
Variable types: 92 continuous, 16928 integer (16928 binary)
Coefficient statistics:
  Matrix range     [1e+00, 5e+02]
  Objective range  [1e+00, 1e+00]
  Bounds range     [1e+00, 1e+00]
  RHS range        [1e+00, 5e+02]
Presolve removed 7032 rows and 1201 columns (presolve time = 5s) ...
Presolve removed 8040 rows and 2209 columns
Presolve time: 6.03s
Presolved: 34907 rows, 14811 columns, 120007 nonzeros
Variable types: 91 continuous, 14720 integer (14720 binary)

Deterministic concurrent LP optimizer: primal and dual simplex (primal and dual model)
Showing first log only...

Root relaxation presolved: 34907 rows, 14811 columns, 120007 nonzeros


Root simplex log...

Iteration    Objective       Primal Inf.    Dual Inf.      Time
       0    1.1621972e+02   1.047601e-02   1.680117e+08      7s
    2086    1.1600000e+02   0.000000e+00   0.000000e+00      8s
Concurrent spin time: 0.82s

Solved with dual simplex (primal model)

Root relaxation: objective 1.160000e+02, 5586 iterations, 2.09 seconds (0.14 work units)
Total elapsed time = 11.01s

    Nodes    |    Current Node    |     Objective Bounds      |     Work
 Expl Unexpl |  Obj  Depth IntInf | Incumbent    BestBd   Gap | It/Node Time

H    0     0                     116.0000000  116.00000  0.00%     -   13s
     0     0  116.00000    0    2  116.00000  116.00000  0.00%     -   13s

Explored 1 nodes (13332 simplex iterations) in 14.24 seconds (3.67 work units)
Thread count was 32 (of 32 available processors)

Solution count 1: 116 

Optimal solution found (tolerance 1.00e-04)
Best objective 1.160000000000e+02, best bound 1.160000000000e+02, gap 0.0000%

Wrote result file 'RCPSP_1183.sol'

