
Gurobi 10.0.3 (linux64, gurobi_cl) logging started Thu Nov  2 11:36:37 2023

Set parameter Username
Set parameter TimeLimit to value 3600
Set parameter LogFile to value "RCPSP_763.log"
Set parameter Threads to value 32
Academic license - for non-commercial use only - expires 2024-10-30
Using license file /home/jrivera6/gurobi-licenses/v1003/compute-0-39/gurobi.lic

Gurobi Optimizer version 10.0.3 build v10.0.3rc0 (linux64)
Copyright (c) 2023, Gurobi Optimization, LLC

Read MPS format model from file RCPSP_763.mps
Reading time = 0.02 seconds
RCPSP_763: 19643 rows, 7750 columns, 71917 nonzeros

CPU model: Intel(R) Xeon(R) Gold 6242 CPU @ 2.80GHz, instruction set [SSE2|AVX|AVX2|AVX512]
Thread count: 32 physical cores, 32 logical processors, using up to 32 threads

Optimize a model with 19643 rows, 7750 columns and 71917 nonzeros
Model fingerprint: 0x030afcb8
Variable types: 62 continuous, 7688 integer (7688 binary)
Coefficient statistics:
  Matrix range     [1e+00, 3e+02]
  Objective range  [1e+00, 1e+00]
  Bounds range     [1e+00, 1e+00]
  RHS range        [1e+00, 4e+02]
Presolve removed 8318 rows and 3060 columns
Presolve time: 3.59s
Presolved: 11325 rows, 4690 columns, 43060 nonzeros
Variable types: 61 continuous, 4629 integer (4629 binary)

Root relaxation: objective 7.200000e+01, 1574 iterations, 0.03 seconds (0.02 work units)

    Nodes    |    Current Node    |     Objective Bounds      |     Work
 Expl Unexpl |  Obj  Depth IntInf | Incumbent    BestBd   Gap | It/Node Time

     0     0   72.00000    0  316          -   72.00000      -     -    4s
     0     0   72.00000    0  664          -   72.00000      -     -    6s
     0     0   72.00000    0  557          -   72.00000      -     -    7s
     0     0   72.37401    0  480          -   72.37401      -     -    9s
     0     0   72.64677    0  543          -   72.64677      -     -   11s
     0     0   72.64677    0  612          -   72.64677      -     -   12s
     0     0   72.64677    0  631          -   72.64677      -     -   13s
     0     0   72.64677    0  730          -   72.64677      -     -   14s
     0     0   72.64677    0  658          -   72.64677      -     -   14s
     0     0   72.64677    0  469          -   72.64677      -     -   17s
     0     0   72.64677    0  548          -   72.64677      -     -   18s
     0     0   72.78313    0  570          -   72.78313      -     -   21s
     0     0   72.78313    0  656          -   72.78313      -     -   22s
     0     0   73.00000    0  534          -   73.00000      -     -   25s
     0     0   73.00000    0  671          -   73.00000      -     -   26s
     0     0   73.00000    0  728          -   73.00000      -     -   28s
     0     0   73.00000    0  749          -   73.00000      -     -   29s
     0     0   73.00000    0  794          -   73.00000      -     -   30s
H    0     0                     155.0000000   73.00000  52.9%     -   32s
     0     0   73.00000    0  768  155.00000   73.00000  52.9%     -   32s
H    0     0                     154.0000000   73.00000  52.6%     -   33s
     0     0   73.00000    0  762  154.00000   73.00000  52.6%     -   33s
H    0     0                     153.0000000   73.00000  52.3%     -   33s
     0     0   73.00000    0  781  153.00000   73.00000  52.3%     -   33s
     0     0   73.00000    0  785  153.00000   73.00000  52.3%     -   36s
     0     0   73.00000    0  748  153.00000   73.00000  52.3%     -   39s
     0     0   73.00000    0  785  153.00000   73.00000  52.3%     -   40s
     0     0   73.00000    0  766  153.00000   73.00000  52.3%     -   41s
H    0     0                     152.0000000   73.00000  52.0%     -   41s
     0     0   73.00000    0  775  152.00000   73.00000  52.0%     -   42s
     0     0   73.00000    0  769  152.00000   73.00000  52.0%     -   44s
     0     0   73.00000    0  749  152.00000   73.00000  52.0%     -   45s
     0     0   73.00000    0  469  152.00000   73.00000  52.0%     -   52s
     0     0   73.00000    0  665  152.00000   73.00000  52.0%     -   54s
     0     0   73.00000    0  490  152.00000   73.00000  52.0%     -   57s
     0     0   73.00000    0  385  152.00000   73.00000  52.0%     -   58s
H    0     0                     152.0000000   73.00000  52.0%     -   61s
H    0     0                     150.0000000   73.00000  51.3%     -   61s
     0     2   73.00000    0  321  150.00000   73.00000  51.3%     -   74s
     1     4   73.00000    1  319  150.00000   73.00000  51.3%  2547   75s
     7    16   85.00000    3  583  150.00000   73.00000  51.3%  1427   93s
    15    30   85.00000    4  533  150.00000   73.00000  51.3%  1702  111s
    31    55   85.00000    5  551  150.00000   73.00104  51.3%  1893  132s
H   33    55                     149.0000000   73.00104  51.0%  1800  132s
H   45    55                     148.0000000   73.03689  50.7%  1715  132s
H   48    55                     146.0000000   73.03689  50.0%  1818  132s
    61    82   85.00000    6  586  146.00000   73.03689  50.0%  1772  144s
H   93   112                     132.0000000   73.03689  44.7%  1596  694s
H   97   112                     130.0000000   73.03689  43.8%  1567  694s
   125   140   85.00000    8  529  130.00000   73.03689  43.8%  1432  710s
H  157   158                     127.0000000   73.03689  42.5%  1247  884s
H  159   158                     127.0000000   73.03689  42.5%  1234  884s
H  167   158                     126.0000000   73.03689  42.0%  1217  884s
H  178   158                     125.0000000   73.03689  41.6%  1171  884s
H  181   158                     123.0000000   73.03689  40.6%  1153  884s
   189   197   85.00000    9  612  123.00000   73.03689  40.6%  1111  891s
   251   227   85.00000   11  613  123.00000   73.03689  40.6%   923  900s
   309   255 infeasible   11       123.00000   73.17928  40.5%   831  916s
   364   309   73.18869    7  888  123.00000   73.18869  40.5%   801  925s
   434   369   74.29730    8  728  123.00000   73.20888  40.5%   749  933s
   509   454   74.29730    9  726  123.00000   73.20888  40.5%   696  941s
   614   540   75.00000   13  632  123.00000   73.20888  40.5%   599  947s
   713   631   81.00000   16  598  123.00000   73.20888  40.5%   547  955s
   835   737 infeasible   16       123.00000   73.22345  40.5%   488  972s
   972   821   80.00000    9  739  123.00000   73.25417  40.4%   448  991s
  1066   934   88.00000   10  633  123.00000   73.25417  40.4%   430 1007s
  1203   958   73.25417    9  858  123.00000   73.25417  40.4%   405 1108s
H 1226   958                     123.0000000   73.27299  40.4%   406 1108s
  1241  1105   80.00000   10  754  123.00000   73.27299  40.4%   405 1122s
  1430  1263   80.00000   10  687  123.00000   73.27299  40.4%   370 1136s
  1630  1393   80.00000   11  685  123.00000   73.27299  40.4%   345 1152s
  1828  1565   73.33333   10  860  123.00000   73.33333  40.4%   329 1167s
  2023  1756   88.00000   11  630  123.00000   73.33333  40.4%   318 1179s
  2283  1947   88.00000   12  610  123.00000   73.33333  40.4%   298 1197s
  2555  2173   80.02571   12  680  123.00000   73.33333  40.4%   285 1215s
  2870  2407   88.00000   15  614  123.00000   73.33333  40.4%   269 1235s
H 3235  2374                     122.0000000   73.33333  39.9%   254 1261s
  3236  2370   92.00000   56  385  122.00000   73.33333  39.9%   254 1266s
  3239  2372   89.00000   35  370  122.00000   73.33333  39.9%   254 1274s
H 3239  2253                     122.0000000   73.33333  39.9%   254 1274s
  3240  2254   82.00000   20  578  122.00000   73.33333  39.9%   254 1275s
  3241  2254   82.00000   17  538  122.00000   73.33333  39.9%   254 1282s
  3242  2255   87.00000   61  803  122.00000   73.33333  39.9%   254 1286s
  3244  2256   89.00000   21  818  122.00000   73.33333  39.9%   253 1292s
  3246  2258   87.00000   18  544  122.00000   73.39024  39.8%   253 1300s
  3249  2260   80.00000    9  797  122.00000   73.41173  39.8%   253 1307s
  3250  2260   87.00000   18  611  122.00000   73.48356  39.8%   253 1314s
  3251  2261   78.00000   12  749  122.00000   73.50411  39.8%   253 1316s
  3253  2262   84.00000   26  758  122.00000   73.52721  39.7%   253 1321s
  3255  2264   92.00000   30  527  122.00000   73.54239  39.7%   253 1329s
  3256  2264   84.00000   54  670  122.00000   73.55569  39.7%   252 1330s
  3259  2266   90.00000  103  783  122.00000   73.58459  39.7%   252 1336s
  3260  2267   97.00000   15  578  122.00000   73.58564  39.7%   252 1342s
  3262  2268   83.00000   15  648  122.00000   73.58807  39.7%   252 1349s
  3263  2269   89.00000   94  724  122.00000   73.58846  39.7%   252 1351s
  3264  2270   84.00000   12  589  122.00000   73.59680  39.7%   252 1356s
  3267  2275   73.62102   16  451  122.00000   73.60018  39.7%   283 1381s
  3269  2278   73.65299   17  574  122.00000   73.63367  39.6%   283 1396s
  3273  2285   73.78584   18  662  122.00000   73.66075  39.6%   285 1416s
  3281  2298   73.81076   19  773  122.00000   73.71228  39.6%   295 1440s
  3297  2325   73.96477   20  796  122.00000   73.74331  39.6%   312 1484s
H 3305  2208                     121.0000000   73.84717  39.0%   317 1484s
  3329  2232   74.01861   21  803  121.00000   73.84717  39.0%   347 1511s
H 3361  2144                     121.0000000   73.84717  39.0%   364 1671s
H 3363  2041                     120.0000000   73.87893  38.4%   368 1672s
H 3378  1939                     119.0000000   73.87893  37.9%   376 1672s
  3393  1964 infeasible   22       119.00000   73.87893  37.9%   381 1694s
H 3425  1888                     119.0000000   73.87893  37.9%   394 3247s
H 3426  1800                     117.0000000   73.87893  36.9%   394 3285s
  3452  1791   81.00000   24  565  117.00000   73.92666  36.8%   405 3363s
  3457  1813   78.00000   23  533  117.00000   73.92666  36.8%   405 3898s

Cutting planes:
  Learned: 1
  Gomory: 86
  Cover: 199
  Implied bound: 89
  Projected implied bound: 6
  Clique: 49
  MIR: 698
  StrongCG: 25
  Flow cover: 823
  Inf proof: 7
  Zero half: 15
  RLT: 333
  Relax-and-lift: 589

Explored 3485 nodes (1491940 simplex iterations) in 4002.25 seconds (184.11 work units)
Thread count was 32 (of 32 available processors)

Solution count 10: 117 119 119 ... 123

Time limit reached
Best objective 1.170000000000e+02, best bound 7.392887413618e+01, gap 36.8129%

Wrote result file 'RCPSP_763.sol'

