
Gurobi 10.0.3 (linux64, gurobi_cl) logging started Thu Nov  9 11:48:05 2023

Set parameter Username
Set parameter TimeLimit to value 3600
Set parameter LogFile to value "RCPSP_1076.log"
Set parameter Threads to value 32
Academic license - for non-commercial use only - expires 2024-10-30
Using license file /home/jrivera6/gurobi-licenses/v1003/compute-0-37/gurobi.lic

Gurobi Optimizer version 10.0.3 build v10.0.3rc0 (linux64)
Copyright (c) 2023, Gurobi Optimization, LLC

Read MPS format model from file RCPSP_1076.mps
Reading time = 0.35 seconds
RCPSP_1076: 42919 rows, 17020 columns, 151024 nonzeros

CPU model: Intel(R) Xeon(R) Gold 6242 CPU @ 2.80GHz, instruction set [SSE2|AVX|AVX2|AVX512]
Thread count: 32 physical cores, 32 logical processors, using up to 32 threads

Optimize a model with 42919 rows, 17020 columns and 151024 nonzeros
Model fingerprint: 0xe3aec042
Variable types: 92 continuous, 16928 integer (16928 binary)
Coefficient statistics:
  Matrix range     [1e+00, 5e+02]
  Objective range  [1e+00, 1e+00]
  Bounds range     [1e+00, 1e+00]
  RHS range        [1e+00, 5e+02]
Presolve removed 7365 rows and 1674 columns
Presolve time: 2.49s
Presolved: 35554 rows, 15346 columns, 131221 nonzeros
Variable types: 91 continuous, 15255 integer (15255 binary)

Deterministic concurrent LP optimizer: primal and dual simplex (primal and dual model)
Showing first log only...

Root relaxation presolved: 35554 rows, 15346 columns, 131221 nonzeros

Concurrent spin time: 0.18s

Solved with dual simplex (dual model)

Root relaxation: objective 8.100000e+01, 16752 iterations, 1.51 seconds (0.13 work units)

    Nodes    |    Current Node    |     Objective Bounds      |     Work
 Expl Unexpl |  Obj  Depth IntInf | Incumbent    BestBd   Gap | It/Node Time

H    0     0                      81.0000000   81.00000  0.00%     -    4s
     0     0   81.00000    0 2815   81.00000   81.00000  0.00%     -    4s

Explored 1 nodes (16812 simplex iterations) in 4.56 seconds (2.06 work units)
Thread count was 32 (of 32 available processors)

Solution count 1: 81 

Optimal solution found (tolerance 1.00e-04)
Best objective 8.100000000000e+01, best bound 8.100000000000e+01, gap 0.0000%

Wrote result file 'RCPSP_1076.sol'

