
Gurobi 10.0.3 (linux64, gurobi_cl) logging started Thu Nov  9 11:53:33 2023

Set parameter Username
Set parameter TimeLimit to value 3600
Set parameter LogFile to value "RCPSP_1307.log"
Set parameter Threads to value 32
Academic license - for non-commercial use only - expires 2024-11-06
Using license file /home/jrivera6/gurobi-licenses/v1003/compute-0-36/gurobi.lic

Gurobi Optimizer version 10.0.3 build v10.0.3rc0 (linux64)
Copyright (c) 2023, Gurobi Optimization, LLC

Read MPS format model from file RCPSP_1307.mps
Reading time = 0.05 seconds
RCPSP_1307: 42975 rows, 17020 columns, 134609 nonzeros

CPU model: Intel(R) Xeon(R) Gold 6130 CPU @ 2.10GHz, instruction set [SSE2|AVX|AVX2|AVX512]
Thread count: 32 physical cores, 32 logical processors, using up to 32 threads

Optimize a model with 42975 rows, 17020 columns and 134609 nonzeros
Model fingerprint: 0x4bcc6144
Variable types: 92 continuous, 16928 integer (16928 binary)
Coefficient statistics:
  Matrix range     [1e+00, 4e+02]
  Objective range  [1e+00, 1e+00]
  Bounds range     [1e+00, 1e+00]
  RHS range        [1e+00, 5e+02]
Presolve removed 7340 rows and 1337 columns (presolve time = 5s) ...
Presolve removed 9550 rows and 2573 columns
Presolve time: 6.57s
Presolved: 33425 rows, 14447 columns, 108285 nonzeros
Variable types: 91 continuous, 14356 integer (14356 binary)

Deterministic concurrent LP optimizer: primal and dual simplex (primal and dual model)
Showing first log only...

Root relaxation presolved: 33425 rows, 14447 columns, 108285 nonzeros


Root simplex log...

Iteration    Objective       Primal Inf.    Dual Inf.      Time
       0    8.1125351e+01   3.364091e-02   2.987734e+08      8s
Concurrent spin time: 0.13s

Solved with dual simplex (dual model)

Root relaxation: objective 7.800000e+01, 15486 iterations, 1.51 seconds (0.12 work units)

    Nodes    |    Current Node    |     Objective Bounds      |     Work
 Expl Unexpl |  Obj  Depth IntInf | Incumbent    BestBd   Gap | It/Node Time

H    0     0                      78.0000000   78.00000  0.00%     -    8s
     0     0   78.00000    0 2754   78.00000   78.00000  0.00%     -    8s

Explored 1 nodes (15556 simplex iterations) in 8.67 seconds (4.33 work units)
Thread count was 32 (of 32 available processors)

Solution count 1: 78 

Optimal solution found (tolerance 1.00e-04)
Best objective 7.800000000000e+01, best bound 7.800000000000e+01, gap 0.0000%

Wrote result file 'RCPSP_1307.sol'

