
Gurobi 10.0.3 (linux64, gurobi_cl) logging started Thu Nov  2 11:34:19 2023

Set parameter Username
Set parameter TimeLimit to value 3600
Set parameter LogFile to value "RCPSP_506.log"
Set parameter Threads to value 32
Academic license - for non-commercial use only - expires 2024-10-30
Using license file /home/jrivera6/gurobi-licenses/v1003/compute-0-34/gurobi.lic

Gurobi Optimizer version 10.0.3 build v10.0.3rc0 (linux64)
Copyright (c) 2023, Gurobi Optimization, LLC

Read MPS format model from file RCPSP_506.mps
Reading time = 0.02 seconds
RCPSP_506: 19624 rows, 7750 columns, 60918 nonzeros

CPU model: Intel(R) Xeon(R) Gold 6130 CPU @ 2.10GHz, instruction set [SSE2|AVX|AVX2|AVX512]
Thread count: 32 physical cores, 32 logical processors, using up to 32 threads

Optimize a model with 19624 rows, 7750 columns and 60918 nonzeros
Model fingerprint: 0x644faa82
Variable types: 62 continuous, 7688 integer (7688 binary)
Coefficient statistics:
  Matrix range     [1e+00, 4e+02]
  Objective range  [1e+00, 1e+00]
  Bounds range     [1e+00, 1e+00]
  RHS range        [1e+00, 4e+02]
Presolve removed 6089 rows and 1981 columns
Presolve time: 1.91s
Presolved: 13535 rows, 5769 columns, 43796 nonzeros
Variable types: 61 continuous, 5708 integer (5708 binary)

Root relaxation: objective 5.700000e+01, 2084 iterations, 0.06 seconds (0.03 work units)

    Nodes    |    Current Node    |     Objective Bounds      |     Work
 Expl Unexpl |  Obj  Depth IntInf | Incumbent    BestBd   Gap | It/Node Time

     0     0   57.00000    0    8          -   57.00000      -     -    2s
     0     0   57.00000    0  216          -   57.00000      -     -    4s
     0     0   57.00000    0    2          -   57.00000      -     -    5s
     0     0   57.00000    0    8          -   57.00000      -     -    5s
     0     0   57.00000    0    2          -   57.00000      -     -    6s
H    0     0                      57.0000000   57.00000  0.00%     -    7s
     0     0   57.00000    0   22   57.00000   57.00000  0.00%     -    7s

Cutting planes:
  Gomory: 16
  Cover: 6
  Implied bound: 12
  Clique: 1
  MIR: 78
  StrongCG: 3
  RLT: 108
  Relax-and-lift: 3

Explored 1 nodes (7498 simplex iterations) in 7.18 seconds (2.28 work units)
Thread count was 32 (of 32 available processors)

Solution count 1: 57 

Optimal solution found (tolerance 1.00e-04)
Best objective 5.700000000000e+01, best bound 5.700000000000e+01, gap 0.0000%

Wrote result file 'RCPSP_506.sol'

