
Gurobi 10.0.3 (linux64, gurobi_cl) logging started Thu Nov  2 11:34:13 2023

Set parameter Username
Set parameter TimeLimit to value 3600
Set parameter LogFile to value "RCPSP_471.log"
Set parameter Threads to value 32
Academic license - for non-commercial use only - expires 2024-10-30
Using license file /home/jrivera6/gurobi-licenses/v1003/compute-0-34/gurobi.lic

Gurobi Optimizer version 10.0.3 build v10.0.3rc0 (linux64)
Copyright (c) 2023, Gurobi Optimization, LLC

Read MPS format model from file RCPSP_471.mps
Reading time = 0.01 seconds
RCPSP_471: 5349 rows, 2080 columns, 18893 nonzeros

CPU model: Intel(R) Xeon(R) Gold 6130 CPU @ 2.10GHz, instruction set [SSE2|AVX|AVX2|AVX512]
Thread count: 32 physical cores, 32 logical processors, using up to 32 threads

Optimize a model with 5349 rows, 2080 columns and 18893 nonzeros
Model fingerprint: 0xa4cf4f04
Variable types: 32 continuous, 2048 integer (2048 binary)
Coefficient statistics:
  Matrix range     [1e+00, 1e+02]
  Objective range  [1e+00, 1e+00]
  Bounds range     [1e+00, 1e+00]
  RHS range        [1e+00, 2e+02]
Found heuristic solution: objective 63.0000000
Presolve removed 3693 rows and 1516 columns
Presolve time: 0.32s
Presolved: 1656 rows, 564 columns, 5472 nonzeros
Variable types: 31 continuous, 533 integer (533 binary)

Explored 0 nodes (0 simplex iterations) in 0.33 seconds (0.20 work units)
Thread count was 32 (of 32 available processors)

Solution count 1: 63 

Optimal solution found (tolerance 1.00e-04)
Best objective 6.300000000000e+01, best bound 6.300000000000e+01, gap 0.0000%

Wrote result file 'RCPSP_471.sol'

