
Gurobi 10.0.3 (linux64, gurobi_cl) logging started Thu Nov  9 11:47:27 2023

Set parameter Username
Set parameter TimeLimit to value 3600
Set parameter LogFile to value "RCPSP_1121.log"
Set parameter Threads to value 32
Academic license - for non-commercial use only - expires 2024-11-06
Using license file /home/jrivera6/gurobi-licenses/v1003/compute-0-36/gurobi.lic

Gurobi Optimizer version 10.0.3 build v10.0.3rc0 (linux64)
Copyright (c) 2023, Gurobi Optimization, LLC

Read MPS format model from file RCPSP_1121.mps
Reading time = 0.07 seconds
RCPSP_1121: 42947 rows, 17020 columns, 134581 nonzeros

CPU model: Intel(R) Xeon(R) Gold 6130 CPU @ 2.10GHz, instruction set [SSE2|AVX|AVX2|AVX512]
Thread count: 32 physical cores, 32 logical processors, using up to 32 threads

Optimize a model with 42947 rows, 17020 columns and 134581 nonzeros
Model fingerprint: 0xebeb711a
Variable types: 92 continuous, 16928 integer (16928 binary)
Coefficient statistics:
  Matrix range     [1e+00, 5e+02]
  Objective range  [1e+00, 1e+00]
  Bounds range     [1e+00, 1e+00]
  RHS range        [1e+00, 5e+02]
Presolve removed 8474 rows and 1819 columns (presolve time = 5s) ...
Presolve removed 12570 rows and 3291 columns
Presolve time: 6.03s
Presolved: 30377 rows, 13729 columns, 99127 nonzeros
Variable types: 91 continuous, 13638 integer (13638 binary)

Root simplex log...

Iteration    Objective       Primal Inf.    Dual Inf.      Time
       0    7.8000000e+01   1.076292e+05   0.000000e+00      6s
    4956    7.8000000e+01   0.000000e+00   0.000000e+00      7s

Root relaxation: objective 7.800000e+01, 4956 iterations, 0.47 seconds (0.11 work units)

    Nodes    |    Current Node    |     Objective Bounds      |     Work
 Expl Unexpl |  Obj  Depth IntInf | Incumbent    BestBd   Gap | It/Node Time

     0     0   78.00000    0  462          -   78.00000      -     -   11s
     0     0   83.00000    0  334          -   83.00000      -     -   11s
     0     0   83.00000    0  724          -   83.00000      -     -   30s
     0     0   83.00000    0  726          -   83.00000      -     -   35s
     0     0   83.00000    0  736          -   83.00000      -     -   36s
     0     0   83.00000    0  959          -   83.00000      -     -   87s
     0     0   83.00000    0  142          -   83.00000      -     -  133s
     0     0   83.00000    0  638          -   83.00000      -     -  146s
     0     0   83.00000    0  564          -   83.00000      -     -  147s
     0     0   83.00000    0  523          -   83.00000      -     -  147s
     0     0   83.00000    0  540          -   83.00000      -     -  149s
     0     0   83.00000    0  495          -   83.00000      -     -  149s
     0     0   83.00266    0  348          -   83.00266      -     -  166s
     0     0   83.00861    0  282          -   83.00861      -     -  171s
     0     0   84.20000    0  537          -   84.20000      -     -  178s
     0     0   84.20000    0  504          -   84.20000      -     -  183s
     0     0   84.20000    0  390          -   84.20000      -     -  184s
     0     0   84.20000    0  454          -   84.20000      -     -  186s
     0     0   84.20000    0  449          -   84.20000      -     -  186s
     0     0   84.20000    0  436          -   84.20000      -     -  196s
     0     0   84.20000    0  432          -   84.20000      -     -  196s
     0     0   85.00000    0  533          -   85.00000      -     -  201s
     0     0   85.00000    0  443          -   85.00000      -     -  201s
     0     0   85.00000    0  432          -   85.00000      -     -  204s
     0     0   85.01404    0  646          -   85.01404      -     -  217s
     0     0   85.01404    0  543          -   85.01404      -     -  218s
     0     0   85.01404    0  539          -   85.01404      -     -  218s
     0     0   85.06017    0  480          -   85.06017      -     -  223s
     0     0   85.06017    0  436          -   85.06017      -     -  224s
     0     0   85.06017    0  506          -   85.06017      -     -  227s
     0     0   85.06421    0  607          -   85.06421      -     -  234s
     0     0   85.06421    0  454          -   85.06421      -     -  235s
     0     0   85.06421    0  403          -   85.06421      -     -  236s
     0     0   85.06421    0  400          -   85.06421      -     -  236s
     0     0   85.06421    0  525          -   85.06421      -     -  246s
     0     0   85.06421    0  541          -   85.06421      -     -  247s
     0     0   85.06421    0  505          -   85.06421      -     -  247s
     0     0   85.22727    0  696          -   85.22727      -     -  256s
     0     0   85.22727    0  657          -   85.22727      -     -  256s
     0     0   85.22727    0  607          -   85.22727      -     -  257s
     0     0   85.22727    0  525          -   85.22727      -     -  260s
     0     0   85.22727    0  506          -   85.22727      -     -  260s
     0     0   85.27778    0  635          -   85.27778      -     -  265s
     0     0   85.27778    0  618          -   85.27778      -     -  266s
     0     0   85.27778    0  591          -   85.27778      -     -  267s
     0     0   85.27778    0  568          -   85.27778      -     -  268s
     0     0   85.27778    0  661          -   85.27778      -     -  268s
     0     0   85.27778    0  763          -   85.27778      -     -  276s
     0     0   85.27778    0  726          -   85.27778      -     -  277s
     0     0   85.27778    0  679          -   85.27778      -     -  277s
     0     0   85.27778    0  666          -   85.27778      -     -  277s
     0     0   85.27778    0  656          -   85.27778      -     -  281s
     0     0   85.27778    0  666          -   85.27778      -     -  282s
     0     0   85.27778    0  230          -   85.27778      -     -  296s
     0     0   85.27778    0  401          -   85.27778      -     -  297s
     0     0   85.27778    0  396          -   85.27778      -     -  298s
     0     0   85.27778    0  156          -   85.27778      -     -  306s
     0     0   85.27778    0  156          -   85.27778      -     -  306s
     0     0   85.27778    0  443          -   85.27778      -     -  307s
     0     0   85.27778    0  176          -   85.27778      -     -  317s
     0     0   85.27778    0  413          -   85.27778      -     -  322s
     0     0   85.27778    0  120          -   85.27778      -     -  332s
     0     0   85.27778    0  660          -   85.27778      -     -  333s
     0     0   85.27778    0  244          -   85.27778      -     -  345s
     0     0   85.27778    0  244          -   85.27778      -     -  348s
     0     2   85.27778    0  123          -   85.27778      -     -  392s
     1     5   85.67114    1  188          -   85.67114      -  5057  399s
     3     7   86.00000    2  291          -   86.00000      -  2004  409s
     7    13   88.91541    3  543          -   86.00000      -  1094  417s
    14    23   93.00000    4  463          -   86.00000      -   666  422s
    27    41   93.00000    5  559          -   86.00000      -   432  434s
    50    61   93.00000    6  554          -   86.00000      -   552  446s
    82    82   93.00000    7  538          -   86.00000      -   507  454s
   114   104   93.00000    8  536          -   86.00000      -   451  467s
   146   129   97.00000    9  591          -   86.00000      -   380  476s
   178   169   97.00000   10  590          -   86.00000      -   325  482s
   219   203   97.00000   11  590          -   86.00000      -   276  488s
   258   234   97.00000   12  568          -   86.00000      -   242  491s
   302   262   97.00000   13  566          -   86.00000      -   208  497s
   345   292   97.00000   14  563          -   86.00000      -   185  500s
   395   333   97.00000   15  563          -   86.00000      -   164  506s
   446   382   97.00000   17  559          -   86.00000      -   149  510s
   551   481   97.00000   20  557          -   86.00000      -   126  517s
   609   532  113.00000   19  513          -   86.00000      -   116  524s
   664   586  113.19908   20  540          -   86.00000      -   108  527s
   725   655   99.00000   28  533          -   86.00000      -   101  534s
   799   720  102.00000   30  497          -   86.00000      -  93.0  545s
   866   784  102.00000   33  491          -   86.00000      -  89.7  555s
   932   854  102.00000   36  485          -   86.00000      -  86.7  562s
  1006   924  102.00000   39  482          -   86.00000      -  83.4  567s
  1081  1021  102.00000   43  480          -   86.00000      -  79.4  573s
  1191  1169  102.00000   47  487          -   86.00000      -  74.1  579s
  1356  1287  102.00000   55  534          -   86.00000      -  68.5  588s
  1495  1368  102.00000   60  563          -   86.00000      -  67.0  601s
  1586  1497  102.00000   62  561          -   86.00000      -  72.2  611s
  1736  1649  104.00000   67  640          -   86.00000      -  69.9  621s
  1923  1743 infeasible   72               -   86.00000      -  67.3  632s
  2032  1885  118.00000   73  752          -   86.00000      -  70.0  641s
  2191  2000 infeasible   79               -   86.00000      -  68.8  656s
  2326  2000  112.00000   52  488          -   86.00000      -  68.3  661s
  2353  2092  118.00000   83  719          -   86.00000      -  68.4  687s
  2422  2092   86.00000   39  686          -   86.00000      -  70.5  694s
  2469  2221  118.00000   83  717          -   86.00000      -  71.7  780s
  2640  2417 infeasible   89               -   86.00000      -  71.9  903s
  2706  2417   99.81818   56  712          -   86.00000      -  71.8  906s
  2903  2542   99.00000    8  709          -   86.00000      -  72.0  974s
  3058  2718   99.00000    9  583          -   86.00000      -  74.7 1017s
  3251  2954   99.00000   10  583          -   86.00000      -  75.1 1053s
  3531  3243   99.00000   13  595          -   86.00000      -  73.0 1130s
  3866  3542   99.00000   16  706          -   86.00000      -  71.2 1429s
  4213  3855  107.00000   24  600          -   86.00000      -  69.9 1558s
  4569  4129  107.00000   51  586          -   86.00000      -  68.5 1598s
  4900  4480  107.00000   74  636          -   86.00000      -  68.3 1631s
  5296  4691  107.00000  104  620          -   86.00000      -  67.3 1713s
  5597  4692  102.00000   34  959          -   86.00000      -  68.5 2452s
  5598  4693   96.00000   60  959          -   86.00000      -  68.5 2455s
  5599  4693  100.00000   10   63          -   86.00000      -  68.5 4112s

Cutting planes:
  Gomory: 38
  Cover: 8
  Implied bound: 10
  Projected implied bound: 1
  MIR: 77
  StrongCG: 3
  Flow cover: 498
  Zero half: 1
  Mod-K: 1
  RLT: 35
  Relax-and-lift: 29

Explored 5599 nodes (502098 simplex iterations) in 4208.69 seconds (65.25 work units)
Thread count was 32 (of 32 available processors)

Solution count 0

Time limit reached
Best objective -, best bound 8.600000000000e+01, gap -

Unable to retrieve attribute 'X'

