
Gurobi 10.0.3 (linux64, gurobi_cl) logging started Thu Nov  2 11:34:36 2023

Set parameter Username
Set parameter TimeLimit to value 3600
Set parameter LogFile to value "RCPSP_564.log"
Set parameter Threads to value 32
Academic license - for non-commercial use only - expires 2024-10-30
Using license file /home/jrivera6/gurobi-licenses/v1003/compute-0-34/gurobi.lic

Gurobi Optimizer version 10.0.3 build v10.0.3rc0 (linux64)
Copyright (c) 2023, Gurobi Optimization, LLC

Read MPS format model from file RCPSP_564.mps
Reading time = 0.03 seconds
RCPSP_564: 19624 rows, 7750 columns, 68299 nonzeros

CPU model: Intel(R) Xeon(R) Gold 6130 CPU @ 2.10GHz, instruction set [SSE2|AVX|AVX2|AVX512]
Thread count: 32 physical cores, 32 logical processors, using up to 32 threads

Optimize a model with 19624 rows, 7750 columns and 68299 nonzeros
Model fingerprint: 0x7f2d5fc9
Variable types: 62 continuous, 7688 integer (7688 binary)
Coefficient statistics:
  Matrix range     [1e+00, 3e+02]
  Objective range  [1e+00, 1e+00]
  Bounds range     [1e+00, 1e+00]
  RHS range        [1e+00, 3e+02]
Presolve removed 7500 rows and 2623 columns
Presolve time: 2.49s
Presolved: 12124 rows, 5127 columns, 43865 nonzeros
Variable types: 61 continuous, 5066 integer (5066 binary)

Root relaxation: objective 7.000000e+01, 1761 iterations, 0.04 seconds (0.02 work units)

    Nodes    |    Current Node    |     Objective Bounds      |     Work
 Expl Unexpl |  Obj  Depth IntInf | Incumbent    BestBd   Gap | It/Node Time

     0     0   70.00000    0  181          -   70.00000      -     -    3s
     0     0   70.00000    0  437          -   70.00000      -     -    5s
     0     0   70.00000    0  411          -   70.00000      -     -    6s
     0     0   74.00000    0  153          -   74.00000      -     -   11s
     0     0   74.00000    0  133          -   74.00000      -     -   13s
     0     0   74.00000    0  239          -   74.00000      -     -   14s
     0     0   74.00000    0  231          -   74.00000      -     -   14s
     0     0   74.00000    0  359          -   74.00000      -     -   15s
     0     0   74.00000    0  320          -   74.00000      -     -   15s
     0     0   74.00000    0  160          -   74.00000      -     -   19s
     0     0   74.00000    0  256          -   74.00000      -     -   19s
     0     0   74.00000    0   96          -   74.00000      -     -   22s
     0     0   74.00000    0  214          -   74.00000      -     -   23s
     0     0   74.01849    0  252          -   74.01849      -     -   25s
     0     0   74.40506    0  272          -   74.40506      -     -   25s
     0     0   74.40506    0  321          -   74.40506      -     -   25s
     0     0   75.33333    0  393          -   75.33333      -     -   26s
     0     0   75.33333    0  415          -   75.33333      -     -   27s
     0     0   75.33333    0  303          -   75.33333      -     -   28s
     0     0   75.33333    0  333          -   75.33333      -     -   28s
     0     0   75.33333    0  163          -   75.33333      -     -   31s
     0     0   75.33333    0  307          -   75.33333      -     -   34s
     0     0   75.33333    0  140          -   75.33333      -     -   36s
     0     0   75.33333    0  380          -   75.33333      -     -   36s
     0     0   75.33333    0  190          -   75.33333      -     -   39s
     0     0   75.33333    0  233          -   75.33333      -     -   39s
     0     0   75.33333    0  136          -   75.33333      -     -   41s
     0     0   75.33333    0  292          -   75.33333      -     -   41s
     0     0   75.33333    0   85          -   75.33333      -     -   45s
     0     0   75.33333    0  209          -   75.33333      -     -   45s
     0     0   75.33333    0  209          -   75.33333      -     -   47s
     0     0   75.33333    0   91          -   75.33333      -     -   49s
     0     2   75.33333    0   84          -   75.33333      -     -   55s
    15    29   78.00000    4  398          -   78.00000      -   185   63s
    31    50   78.00000    5  386          -   78.00000      -   504   66s
    92   104   78.00000    7  435          -   78.00000      -   470   71s
   156   161   78.00000    9  421          -   78.00000      -   351   75s
   232   230   78.00000   12  384          -   78.00000      -   280   80s
   376   368   78.00000   16  376          -   78.00000      -   202   85s
   477   523   78.00000   19  374          -   78.00000      -   170   90s
   742   968   78.00000   25  380          -   78.00000      -   123   96s
  1088  1236   78.01194   28  391          -   78.00000      -  94.7  100s
  1801  1761   78.03681   31  452          -   78.00000      -  72.6  106s
  2177  2134   79.00000   41  406          -   78.00000      -  67.9  110s
  2633  2627   87.00000   52  306          -   78.00000      -  63.2  115s
  3243  3060   87.00000   67  275          -   78.00000      -  58.1  120s
  3846  3061   79.00000   53   91          -   78.00000      -  55.7  156s
  3848  3062   89.00000   80  175          -   78.00000      -  55.7  164s
  3849  3063   85.00000   17  149          -   78.00000      -  55.7  168s
  3851  3064   90.00000   79   50          -   78.00000      -  55.6  173s
  3853  3066   88.00000   28  122          -   78.00000      -  55.6  177s
  3856  3068   84.00000   46  103          -   78.00000      -  55.6  184s
  3857  3068   80.00000   67  157          -   78.00000      -  55.5  185s
  3861  3071   78.00000   19  198          -   78.00000      -  55.5  190s
  3862  3072   85.00000   47   90          -   78.00000      -  55.5  195s
  3864  3073   90.00000  106  153          -   78.00000      -  55.4  202s
  3866  3074   78.00634   33  109          -   78.00000      -  55.4  207s
  3868  3076   83.00000   30  151          -   78.00000      -  55.4  211s
  3870  3077   89.00000   25   70          -   78.00000      -  55.4  217s
  3871  3081   78.00000   15   78          -   78.00000      -  16.7  238s
H 3873  2929                     311.0000000   78.00000  74.9%  16.7  251s
H 3877  2790                     126.0000000   78.00000  38.1%  16.7  312s
H 3878  2650                     122.0000000   78.00000  36.1%  16.7  312s
H 3879  2517                     121.0000000   78.00000  35.5%  16.7  312s
  3885  2531   78.00000   18   75  121.00000   78.00000  35.5%  16.8  319s
  3901  2558   78.00000   19   93  121.00000   78.00000  35.5%  17.1  325s
H 3933  2454                     113.0000000   78.00000  31.0%  18.9  372s
H 3938  2332                     112.0000000   78.00000  30.4%  18.9  372s
H 3960  2212                     111.0000000   78.00000  29.7%  19.3  372s
  3965  2242   78.00000   20  134  111.00000   78.00000  29.7%  19.4  376s
  4029  2285   79.00000   21  220  111.00000   78.00000  29.7%  19.9  382s
  4061  2309   79.00000   22  149  111.00000   78.00000  29.7%  20.1  388s
  4096  2336   84.00000   22  198  111.00000   78.00000  29.7%  21.0  392s
  4134  2360   86.00000   23   90  111.00000   78.00000  29.7%  21.1  402s
  4171  2388   86.00000   23   94  111.00000   78.00000  29.7%  22.0  410s
  4211  2417   86.00000   24   86  111.00000   78.00000  29.7%  23.0  421s
H 4254  2327                     105.0000000   78.00000  25.7%  25.7  518s
H 4263  2222                     104.0000000   78.00000  25.0%  27.6  518s
H 4274  2121                      98.0000000   78.00000  20.4%  27.5  518s
  4286  2152   86.00000   25   86   98.00000   78.00000  20.4%  27.5  525s
  4351  2177   86.00000   26   86   98.00000   78.00000  20.4%  27.5  538s
  4409  2216   86.00000   27   81   98.00000   78.00000  20.4%  29.3  547s
  4478  2256   86.00000   28   87   98.00000   78.00000  20.4%  30.0  554s
  4548  2302   95.00000   29   89   98.00000   78.00000  20.4%  30.1  561s
  4623  2337   86.00000   31   87   98.00000   78.00000  20.4%  30.0  567s
  4688  2388   86.00000   32   85   98.00000   78.00000  20.4%  30.2  580s
  4770  2439   86.00000   35  114   98.00000   78.00000  20.4%  30.1  587s
  4854  2461   87.00000   38   83   98.00000   78.00000  20.4%  30.1  596s
  4910  2517   87.00000   40   87   98.00000   78.00000  20.4%  30.2  604s
  4994  2568   87.00000   42   93   98.00000   78.00000  20.4%  30.2  611s
H 5086  2496                      97.0000000   78.00000  19.6%  30.1  618s
  5153  2622   87.00000   45   91   97.00000   78.00000  19.6%  30.1  629s
  5414  2579   91.00000   49  106   97.00000   78.00000  19.6%  30.1  637s
  5484  2780   88.00000   50  110   97.00000   78.00000  19.6%  31.1  641s
  5743  2762   88.00000   55  102   97.00000   78.00000  19.6%  30.9  648s
  5837  2998   88.00000   57  159   97.00000   78.00000  19.6%  31.3  652s
  6154  2761   88.00000   64   91   97.00000   78.00000  19.6%  31.2  666s
  6214  2775   95.00000   64  140   97.00000   78.00000  19.6%  32.4  677s
  6271  2798   88.00000   65  144   97.00000   78.00000  19.6%  33.3  687s
  6330  2875   88.00000   65  110   97.00000   78.00000  19.6%  33.7  695s
  6442  3171   88.00000   67  134   97.00000   78.00000  19.6%  34.1  703s
  6891  3180   88.00000   76  120   97.00000   78.00000  19.6%  33.4  717s
  7129  3130   95.00000   77  189   97.00000   78.00000  19.6%  34.2  728s
  7245  3122   88.00000   77  150   97.00000   78.00000  19.6%  36.0  907s
H 7251  2644                      96.0000000   78.00000  18.7%  36.1  908s
H 7254  2559                      96.0000000   78.00000  18.7%  36.2  908s
H 7269  2242                      95.0000000   78.00000  17.9%  36.7  908s
  7277  2235     cutoff   78        95.00000   78.00000  17.9%  37.5  917s
  7369  2242 infeasible   77        95.00000   78.00000  17.9%  38.7  929s
  7438  2297   78.00000   21  269   95.00000   78.00000  17.9%  40.2  938s
  7535  2374   83.00000   23  249   95.00000   78.00000  17.9%  41.4  948s
  7653  2433   83.00000   26  287   95.00000   78.00000  17.9%  41.6  960s
  7777  2486 infeasible   31        95.00000   78.00000  17.9%  41.9  976s
  7945  2520   85.00000   36  244   95.00000   78.00000  17.9%  42.5  988s
  8074  2591   94.00000   39  286   95.00000   78.00000  17.9%  43.0 1003s
  8260  2623   94.00000   43  255   95.00000   78.00000  17.9%  43.5 1037s
  8416  2673 infeasible   49        95.00000   78.00000  17.9%  45.1 1056s
  8547  2776   94.00000   53  178   95.00000   78.00000  17.9%  45.8 1069s
  8711  2902   94.00000   60  195   95.00000   78.00000  17.9%  46.7 1087s
H 8796  2892                      95.0000000   78.00000  17.9%  47.2 1087s
  8906  3035   94.00000   66  183   95.00000   78.00000  17.9%  48.0 1102s
  9137  3162     cutoff   68        95.00000   78.00000  17.9%  48.3 1139s
  9346  3337   78.00000   25  260   95.00000   78.00000  17.9%  50.4 1175s
  9586  3508   80.00000   28  192   95.00000   78.00000  17.9%  51.7 1197s
H 9614  2833                      94.0000000   78.00000  17.0%  51.6 1197s
  9827  3377   81.00000   32  174   94.00000   78.00000  17.0%  51.7 1220s
 10835  3750   81.00000   25  260   94.00000   78.00000  17.0%  52.4 1256s
H11061  3727                      94.0000000   78.00000  17.0%  52.4 1256s
H11258  2880                      92.0000000   78.00000  15.2%  53.2 1257s
 11479  2849   81.03984   48  229   92.00000   78.00000  15.2%  53.8 1289s
 11609  3027 infeasible   50        92.00000   78.00000  15.2%  56.9 1307s
 11821  3991   86.00000   49  234   92.00000   78.00000  15.2%  57.9 1327s
H13141  4562                      92.0000000   78.00000  15.2%  56.1 1343s
 14199  4526   89.00000   40  163   92.00000   78.00000  15.2%  55.8 1395s
 14339  4713   90.00000   41  181   92.00000   78.00000  15.2%  58.9 1422s
 14567  5748   91.00000   48  231   92.00000   78.00000  15.2%  60.2 1450s
 16321  5979   78.00000   28  307   92.00000   78.00000  15.2%  59.5 1483s
 16729  6863 infeasible   41        92.00000   78.00000  15.2%  61.5 1502s
 18201  6978   80.00000   27  243   92.00000   78.00000  15.2%  62.0 1535s
 18405  7104   81.00000   42  200   92.00000   78.00000  15.2%  64.9 1559s
 18590  8130   84.00826   49  229   92.00000   78.00000  15.2%  66.2 1588s
 20364  8180   78.00000   29  298   92.00000   78.00000  15.2%  64.8 1616s
 20568  8397   80.72727   34  318   92.00000   78.00000  15.2%  66.6 1646s
 20901  9483   91.00000   44  185   92.00000   78.00000  15.2%  67.2 1711s
 22702  9592   91.00000   30  364   92.00000   78.00000  15.2%  66.1 1775s
 22922  9799   91.00000   36  320   92.00000   78.00000  15.2%  69.5 1810s
 23243 10855   86.00000   37  221   92.00000   78.00000  15.2%  70.3 1849s
 25177 10968 infeasible   51        92.00000   78.00000  15.2%  69.3 1884s
 25321 10968   78.00000   34  275   92.00000   78.00000  15.2%  71.0 1885s
 25397 11150   86.00000   32  234   92.00000   78.00000  15.2%  71.9 1925s
 25740 12267   90.00000   40  227   92.00000   78.00000  15.2%  73.5 1957s
 27912 12315 infeasible   48        92.00000   78.00000  15.2%  73.2 2043s
 28037 12343   79.00000   30  269   92.00000   78.00000  15.2%  74.5 2523s
H28044  8638                      91.0000000   78.00000  14.3%  75.0 2528s
H28051  6410                      89.0000000   78.00000  12.4%  75.0 2529s
H28071  6404                      89.0000000   78.00000  12.4%  75.1 2880s
H28082  5638                      88.0000000   78.00000  11.4%  75.4 2880s
H28121  4983                      87.0000000   78.00000  10.3%  75.6 2882s
 28137  5070   79.00000   32  230   87.00000   78.00000  10.3%  75.8 2934s
 28528  5200   84.00000   43  211   87.00000   78.00000  10.3%  78.1 2991s
 28950  5201   78.00000   24   91   87.00000   78.00000  10.3%  80.9 3079s
 28952  5202   86.00000   45  122   87.00000   78.00000  10.3%  80.9 3092s
 28953  5203   85.00000   57  149   87.00000   78.00000  10.3%  80.9 3097s
 28955  5204   78.00000   33   90   87.00000   78.00000  10.3%  80.9 3104s
 28956  5205   80.00000   37  289   87.00000   78.00000  10.3%  80.9 3105s
 28958  5206   86.00000   55  162   87.00000   78.00000  10.3%  80.9 3110s
 28959  5207   84.00000   39  103   87.00000   78.00000  10.3%  80.9 3116s
 28961  5208   81.00000   30   99   87.00000   78.00000  10.3%  80.9 3126s
 28963  5210   79.67341   26   58   87.00000   78.00000  10.3%  80.9 3131s
 28965  5211   80.00000   32  122   87.00000   78.00000  10.3%  80.9 3136s
 28967  5212   84.00000   52  104   87.00000   78.00000  10.3%  80.9 3143s
 28969  5214   86.00000   39  123   87.00000   78.00000  10.3%  80.9 3151s
 28971  5215   80.00000   32  156   87.00000   78.00000  10.3%  80.9 3158s
 28973  5216   78.11517   37   81   87.00000   78.00000  10.3%  80.9 3167s
 28974  5220   78.00000   24  128   87.00000   78.00000  10.3%  82.9 3196s
 28976  5223   78.00000   25  155   87.00000   78.00000  10.3%  82.9 3202s
 28980  5230   78.00000   26  149   87.00000   78.00000  10.3%  82.9 3223s
 28988  5241   78.00000   27  149   87.00000   78.00000  10.3%  82.9 3234s
 29004  5255   78.00000   28  149   87.00000   78.00000  10.3%  82.9 3244s
 29034  5272   78.00000   29  149   87.00000   78.00000  10.3%  82.9 3253s
 29066  5288   78.00000   30  155   87.00000   78.00000  10.3%  82.9 3379s
H29080  5022                      87.0000000   78.00000  10.3%  82.8 3379s
 29098  5046   78.00000   30  192   87.00000   78.00000  10.3%  82.8 3465s
 29130  5065   78.00000   31  153   87.00000   78.00000  10.3%  82.8 3601s
H29145  4812                      86.0000000   78.00000  9.30%  82.7 3603s

Cutting planes:
  Gomory: 6
  Cover: 36
  Implied bound: 42
  Clique: 36
  MIR: 5
  StrongCG: 1
  Flow cover: 40
  Inf proof: 1
  Zero half: 1
  RLT: 3
  Relax-and-lift: 27

Explored 29162 nodes (2686696 simplex iterations) in 3607.93 seconds (188.10 work units)
Thread count was 32 (of 32 available processors)

Solution count 10: 86 87 87 ... 94

Time limit reached
Best objective 8.599999999120e+01, best bound 7.800000000000e+01, gap 9.3023%

Wrote result file 'RCPSP_564.sol'

