
Gurobi 10.0.3 (linux64, gurobi_cl) logging started Thu Nov  2 11:34:40 2023

Set parameter Username
Set parameter TimeLimit to value 3600
Set parameter LogFile to value "RCPSP_579.log"
Set parameter Threads to value 32
Academic license - for non-commercial use only - expires 2024-10-30
Using license file /home/jrivera6/gurobi-licenses/v1003/compute-0-35/gurobi.lic

Gurobi Optimizer version 10.0.3 build v10.0.3rc0 (linux64)
Copyright (c) 2023, Gurobi Optimization, LLC

Read MPS format model from file RCPSP_579.mps
Reading time = 0.03 seconds
RCPSP_579: 19624 rows, 7750 columns, 68299 nonzeros

CPU model: Intel(R) Xeon(R) Gold 6130 CPU @ 2.10GHz, instruction set [SSE2|AVX|AVX2|AVX512]
Thread count: 32 physical cores, 32 logical processors, using up to 32 threads

Optimize a model with 19624 rows, 7750 columns and 68299 nonzeros
Model fingerprint: 0x878ee534
Variable types: 62 continuous, 7688 integer (7688 binary)
Coefficient statistics:
  Matrix range     [1e+00, 4e+02]
  Objective range  [1e+00, 1e+00]
  Bounds range     [1e+00, 1e+00]
  RHS range        [1e+00, 4e+02]
Presolve removed 7227 rows and 2524 columns
Presolve time: 3.00s
Presolved: 12397 rows, 5226 columns, 44970 nonzeros
Variable types: 61 continuous, 5165 integer (5165 binary)

Root relaxation: objective 7.300000e+01, 1761 iterations, 0.03 seconds (0.02 work units)

    Nodes    |    Current Node    |     Objective Bounds      |     Work
 Expl Unexpl |  Obj  Depth IntInf | Incumbent    BestBd   Gap | It/Node Time

     0     0   73.00000    0   52          -   73.00000      -     -    3s
     0     0   73.00000    0  208          -   73.00000      -     -    5s
     0     0   73.00000    0  148          -   73.00000      -     -    5s
     0     0   73.00000    0   42          -   73.00000      -     -    7s
     0     0   73.00000    0   44          -   73.00000      -     -    7s
     0     0   73.00000    0   14          -   73.00000      -     -    8s
     0     0   73.00000    0   16          -   73.00000      -     -    8s
     0     0   73.00000    0   10          -   73.00000      -     -    9s
     0     0   73.00000    0   10          -   73.00000      -     -    9s
     0     0   73.00000    0  104          -   73.00000      -     -   10s
     0     0   73.00000    0   91          -   73.00000      -     -   10s
     0     0   73.00000    0   14          -   73.00000      -     -   10s
     0     0   73.00000    0   74          -   73.00000      -     -   11s
     0     0   73.00000    0   54          -   73.00000      -     -   11s
     0     0   73.00000    0   50          -   73.00000      -     -   11s
     0     0   73.00000    0   77          -   73.00000      -     -   12s
H    0     0                     358.0000000   73.00000  79.6%     -   12s
     0     0   73.00000    0    8  358.00000   73.00000  79.6%     -   13s
H    0     0                      76.0000000   73.00000  3.95%     -   17s
     0     0   73.00000    0   46   76.00000   73.00000  3.95%     -   25s
     0     0   73.00000    0  220   76.00000   73.00000  3.95%     -   32s
     0     0   73.00000    0  220   76.00000   73.00000  3.95%     -   33s
H    0     0                      75.0000000   73.00000  2.67%     -   53s
     0     0   73.00000    0   46   75.00000   73.00000  2.67%     -   55s
     0     0   73.00000    0   94   75.00000   73.00000  2.67%     -   57s
     0     0   73.00000    0   24   75.00000   73.00000  2.67%     -   58s
     0     0   73.00000    0   17   75.00000   73.00000  2.67%     -   59s
     0     0   73.00000    0   96   75.00000   73.00000  2.67%     -   59s
     0     0   73.00000    0   29   75.00000   73.00000  2.67%     -   60s
     0     0   73.00000    0  129   75.00000   73.00000  2.67%     -   60s
H    0     0                      74.0000000   73.00000  1.35%     -   61s
     0     0   73.00000    0   18   74.00000   73.00000  1.35%     -   61s
     0     0   73.00000    0   83   74.00000   73.00000  1.35%     -   61s
     0     0   73.00000    0   25   74.00000   73.00000  1.35%     -   62s
     0     0   73.00000    0   18   74.00000   73.00000  1.35%     -   63s
     0     2   73.00000    0   18   74.00000   73.00000  1.35%     -   66s
     6    10   73.00000    3   97   74.00000   73.00000  1.35%   157   70s
    40    59   73.00000    6  149   74.00000   73.00000  1.35%   209   78s
    72    83   73.00000    7  143   74.00000   73.00000  1.35%   264   81s
   104   106   73.00000    8  134   74.00000   73.00000  1.35%   280  163s
H  114   106                      73.0000000   73.00000  0.00%   277  163s

Cutting planes:
  Gomory: 23
  Lift-and-project: 1
  Cover: 1008
  Implied bound: 356
  Clique: 293
  MIR: 237
  StrongCG: 11
  Zero half: 1
  RLT: 242
  Relax-and-lift: 77

Explored 136 nodes (72112 simplex iterations) in 164.58 seconds (13.40 work units)
Thread count was 32 (of 32 available processors)

Solution count 5: 73 74 75 ... 358

Optimal solution found (tolerance 1.00e-04)
Best objective 7.300000000000e+01, best bound 7.300000000000e+01, gap 0.0000%

Wrote result file 'RCPSP_579.sol'

