
Gurobi 10.0.3 (linux64, gurobi_cl) logging started Fri Nov 10 18:39:45 2023

Set parameter Username
Set parameter TimeLimit to value 3600
Set parameter LogFile to value "RCPSP_1634.log"
Set parameter Threads to value 32
Academic license - for non-commercial use only - expires 2024-10-30
Using license file /home/jrivera6/gurobi-licenses/v1003/compute-0-37/gurobi.lic

Gurobi Optimizer version 10.0.3 build v10.0.3rc0 (linux64)
Copyright (c) 2023, Gurobi Optimization, LLC

Read MPS format model from file RCPSP_1634.mps
Reading time = 0.11 seconds
RCPSP_1634: 75214 rows, 29890 columns, 280548 nonzeros

CPU model: Intel(R) Xeon(R) Gold 6242 CPU @ 2.80GHz, instruction set [SSE2|AVX|AVX2|AVX512]
Thread count: 32 physical cores, 32 logical processors, using up to 32 threads

Optimize a model with 75214 rows, 29890 columns and 280548 nonzeros
Model fingerprint: 0x294f10c1
Variable types: 122 continuous, 29768 integer (29768 binary)
Coefficient statistics:
  Matrix range     [1e+00, 6e+02]
  Objective range  [1e+00, 1e+00]
  Bounds range     [1e+00, 1e+00]
  RHS range        [1e+00, 6e+02]
Presolve removed 11294 rows and 1913 columns
Presolve time: 4.86s
Presolved: 63920 rows, 27977 columns, 251988 nonzeros
Variable types: 121 continuous, 27856 integer (27856 binary)

Deterministic concurrent LP optimizer: primal and dual simplex (primal and dual model)
Showing first log only...

Root relaxation presolved: 63920 rows, 27977 columns, 251988 nonzeros


Root simplex log...

Iteration    Objective       Primal Inf.    Dual Inf.      Time
       0    8.9971634e+01   5.926776e-03   1.557373e+08      7s
    4795    8.9000000e+01   0.000000e+00   0.000000e+00      8s
Concurrent spin time: 2.68s

Solved with primal simplex (primal model)

Root relaxation: objective 8.900000e+01, 4795 iterations, 5.31 seconds (0.53 work units)
Total elapsed time = 15.20s

    Nodes    |    Current Node    |     Objective Bounds      |     Work
 Expl Unexpl |  Obj  Depth IntInf | Incumbent    BestBd   Gap | It/Node Time

     0     0   89.00000    0   61          -   89.00000      -     -   16s
     0     0   89.00000    0  811          -   89.00000      -     -   49s
     0     0   89.00000    0  811          -   89.00000      -     -   98s
     0     0   89.00000    0   73          -   89.00000      -     -  137s
     0     0   89.00000    0   72          -   89.00000      -     -  138s
     0     0   89.00000    0   24          -   89.00000      -     -  162s
     0     0   89.00000    0   27          -   89.00000      -     -  165s
     0     0   89.00000    0   10          -   89.00000      -     -  179s
     0     0   89.00000    0    6          -   89.00000      -     -  193s
     0     0   89.00000    0   64          -   89.00000      -     -  195s
     0     0   89.00000    0    8          -   89.00000      -     -  210s
     0     0   89.00000    0  102          -   89.00000      -     -  212s
H    0     0                      89.0000000   89.00000  0.00%     -  218s
     0     0   89.00000    0   28   89.00000   89.00000  0.00%     -  218s

Cutting planes:
  Gomory: 2
  Implied bound: 17
  MIR: 663
  RLT: 385
  Relax-and-lift: 5

Explored 1 nodes (50605 simplex iterations) in 223.09 seconds (20.04 work units)
Thread count was 32 (of 32 available processors)

Solution count 1: 89 

Optimal solution found (tolerance 1.00e-04)
Best objective 8.900000000000e+01, best bound 8.900000000000e+01, gap 0.0000%

Wrote result file 'RCPSP_1634.sol'

