
Gurobi 10.0.3 (linux64, gurobi_cl) logging started Thu Nov  2 11:34:03 2023

Set parameter Username
Set parameter TimeLimit to value 3600
Set parameter LogFile to value "RCPSP_335.log"
Set parameter Threads to value 32
Academic license - for non-commercial use only - expires 2024-10-30
Using license file /home/jrivera6/gurobi-licenses/v1003/compute-0-34/gurobi.lic

Gurobi Optimizer version 10.0.3 build v10.0.3rc0 (linux64)
Copyright (c) 2023, Gurobi Optimization, LLC

Read MPS format model from file RCPSP_335.mps
Reading time = 0.01 seconds
RCPSP_335: 5349 rows, 2080 columns, 16103 nonzeros

CPU model: Intel(R) Xeon(R) Gold 6130 CPU @ 2.10GHz, instruction set [SSE2|AVX|AVX2|AVX512]
Thread count: 32 physical cores, 32 logical processors, using up to 32 threads

Optimize a model with 5349 rows, 2080 columns and 16103 nonzeros
Model fingerprint: 0x6c7076f3
Variable types: 32 continuous, 2048 integer (2048 binary)
Coefficient statistics:
  Matrix range     [1e+00, 2e+02]
  Objective range  [1e+00, 1e+00]
  Bounds range     [1e+00, 1e+00]
  RHS range        [1e+00, 2e+02]
Presolve removed 3301 rows and 1284 columns
Presolve time: 0.26s
Presolved: 2048 rows, 796 columns, 6144 nonzeros
Variable types: 31 continuous, 765 integer (765 binary)

Root relaxation: objective 6.200000e+01, 290 iterations, 0.00 seconds (0.00 work units)

    Nodes    |    Current Node    |     Objective Bounds      |     Work
 Expl Unexpl |  Obj  Depth IntInf | Incumbent    BestBd   Gap | It/Node Time

     0     0   62.00000    0    1          -   62.00000      -     -    0s
H    0     0                      63.0000000   62.00000  1.59%     -    0s
     0     0   62.00855    0    1   63.00000   62.00855  1.57%     -    0s
     0     0     cutoff    0        63.00000   63.00000  0.00%     -    2s

Explored 1 nodes (908 simplex iterations) in 2.19 seconds (0.25 work units)
Thread count was 32 (of 32 available processors)

Solution count 1: 63 

Optimal solution found (tolerance 1.00e-04)
Best objective 6.300000000000e+01, best bound 6.300000000000e+01, gap 0.0000%

Wrote result file 'RCPSP_335.sol'

