
Gurobi 10.0.3 (linux64, gurobi_cl) logging started Thu Nov  2 11:38:44 2023

Set parameter TimeLimit to value 3600
Set parameter LogFile to value "RCPSP_167.log"
Set parameter Threads to value 32

Gurobi 10.0.3 (linux64, gurobi_cl) logging started Thu Nov  9 11:43:34 2023

Set parameter Username
Set parameter TimeLimit to value 3600
Set parameter LogFile to value "RCPSP_167.log"
Set parameter Threads to value 32
Academic license - for non-commercial use only - expires 2024-10-30
Using license file /home/jrivera6/gurobi-licenses/v1003/compute-0-34/gurobi.lic

Gurobi Optimizer version 10.0.3 build v10.0.3rc0 (linux64)
Copyright (c) 2023, Gurobi Optimization, LLC

Read MPS format model from file RCPSP_167.mps
Reading time = 0.01 seconds
RCPSP_167: 5339 rows, 2080 columns, 16093 nonzeros

CPU model: Intel(R) Xeon(R) Gold 6130 CPU @ 2.10GHz, instruction set [SSE2|AVX|AVX2|AVX512]
Thread count: 32 physical cores, 32 logical processors, using up to 32 threads

Optimize a model with 5339 rows, 2080 columns and 16093 nonzeros
Model fingerprint: 0x56d1c752
Variable types: 32 continuous, 2048 integer (2048 binary)
Coefficient statistics:
  Matrix range     [1e+00, 2e+02]
  Objective range  [1e+00, 1e+00]
  Bounds range     [1e+00, 1e+00]
  RHS range        [1e+00, 2e+02]
Presolve removed 2968 rows and 1129 columns
Presolve time: 0.22s
Presolved: 2371 rows, 951 columns, 7257 nonzeros
Variable types: 31 continuous, 920 integer (920 binary)

Root relaxation: objective 5.400000e+01, 340 iterations, 0.00 seconds (0.00 work units)

    Nodes    |    Current Node    |     Objective Bounds      |     Work
 Expl Unexpl |  Obj  Depth IntInf | Incumbent    BestBd   Gap | It/Node Time

     0     0   54.00000    0    9          -   54.00000      -     -    0s
H    0     0                      59.0000000   54.00000  8.47%     -    0s
     0     0   54.00000    0   25   59.00000   54.00000  8.47%     -    0s
     0     0   54.00000    0   38   59.00000   54.00000  8.47%     -    0s
     0     0   54.00000    0   38   59.00000   54.00000  8.47%     -    0s
     0     0   54.02815    0   20   59.00000   54.02815  8.43%     -    0s
     0     0   54.02815    0   20   59.00000   54.02815  8.43%     -    0s
     0     0   54.02815    0   21   59.00000   54.02815  8.43%     -    0s
     0     0   55.33333    0   57   59.00000   55.33333  6.21%     -    0s
     0     0   55.33333    0   55   59.00000   55.33333  6.21%     -    0s
     0     0   56.00000    0   55   59.00000   56.00000  5.08%     -    1s
     0     0   56.00000    0   49   59.00000   56.00000  5.08%     -    1s
     0     0   56.00000    0   65   59.00000   56.00000  5.08%     -    1s
     0     0   56.00000    0   68   59.00000   56.00000  5.08%     -    1s
H    0     0                      57.0000000   56.00000  1.75%     -    1s
     0     0   56.00000    0   50   57.00000   56.00000  1.75%     -    1s
     0     0   56.00000    0   88   57.00000   56.00000  1.75%     -    1s
     0     0   56.00000    0    1   57.00000   56.00000  1.75%     -    3s

Cutting planes:
  Gomory: 1
  Implied bound: 7
  Clique: 7
  MIR: 2
  GUB cover: 1
  RLT: 1
  Relax-and-lift: 2

Explored 1 nodes (2798 simplex iterations) in 3.81 seconds (0.40 work units)
Thread count was 32 (of 32 available processors)

Solution count 2: 57 59 

Optimal solution found (tolerance 1.00e-04)
Best objective 5.700000000000e+01, best bound 5.699999701740e+01, gap 0.0000%

Wrote result file 'RCPSP_167.sol'

