
Gurobi 10.0.3 (linux64, gurobi_cl) logging started Fri Nov 10 18:51:06 2023

Set parameter Username
Set parameter TimeLimit to value 3600
Set parameter LogFile to value "RCPSP_1688.log"
Set parameter Threads to value 32
Academic license - for non-commercial use only - expires 2024-11-06
Using license file /home/jrivera6/gurobi-licenses/v1003/compute-0-36/gurobi.lic

Gurobi Optimizer version 10.0.3 build v10.0.3rc0 (linux64)
Copyright (c) 2023, Gurobi Optimization, LLC

Read MPS format model from file RCPSP_1688.mps
Reading time = 0.13 seconds
RCPSP_1688: 75251 rows, 29890 columns, 237025 nonzeros

CPU model: Intel(R) Xeon(R) Gold 6130 CPU @ 2.10GHz, instruction set [SSE2|AVX|AVX2|AVX512]
Thread count: 32 physical cores, 32 logical processors, using up to 32 threads

Optimize a model with 75251 rows, 29890 columns and 237025 nonzeros
Model fingerprint: 0x306af4fe
Variable types: 122 continuous, 29768 integer (29768 binary)
Coefficient statistics:
  Matrix range     [1e+00, 7e+02]
  Objective range  [1e+00, 1e+00]
  Bounds range     [1e+00, 1e+00]
  RHS range        [1e+00, 7e+02]
Presolve removed 11163 rows and 1597 columns (presolve time = 5s) ...
Presolve removed 12321 rows and 2294 columns
Presolve time: 8.73s
Presolved: 62930 rows, 27596 columns, 206787 nonzeros
Variable types: 121 continuous, 27475 integer (27475 binary)

Deterministic concurrent LP optimizer: primal and dual simplex (primal and dual model)
Showing first log only...

Root relaxation presolved: 62930 rows, 27596 columns, 206787 nonzeros


Root simplex log...

Iteration    Objective       Primal Inf.    Dual Inf.      Time
       0    8.1192910e+01   8.256195e-02   2.037734e+08     11s
Concurrent spin time: 0.33s

Solved with dual simplex (primal model)

Root relaxation: objective 7.600000e+01, 9888 iterations, 4.86 seconds (0.34 work units)
Total elapsed time = 20.97s

    Nodes    |    Current Node    |     Objective Bounds      |     Work
 Expl Unexpl |  Obj  Depth IntInf | Incumbent    BestBd   Gap | It/Node Time

     0     0   76.00000    0  312          -   76.00000      -     -   26s
     0     0   76.00000    0  310          -   76.00000      -     -   27s
     0     0   76.00000    0 1322          -   76.00000      -     -   75s
     0     0   76.00000    0 1375          -   76.00000      -     -  130s
     0     0   76.00000    0 1285          -   76.00000      -     -  132s
     0     0   76.00000    0 1255          -   76.00000      -     -  133s
     0     0   76.00000    0 1252          -   76.00000      -     -  133s
     0     0   76.00000    0 1627          -   76.00000      -     -  234s
     0     0   76.00000    0 1524          -   76.00000      -     -  235s
     0     0   76.00000    0 1490          -   76.00000      -     -  235s
     0     0   76.00000    0  128          -   76.00000      -     -  263s
     0     0   76.00000    0  674          -   76.00000      -     -  266s
     0     0   76.00000    0  632          -   76.00000      -     -  266s
     0     0   76.00000    0  632          -   76.00000      -     -  267s
     0     0   76.00000    0  622          -   76.00000      -     -  267s
     0     0   76.00000    0  225          -   76.00000      -     -  274s
     0     0   76.00000    0  690          -   76.00000      -     -  276s
     0     0   76.00000    0  645          -   76.00000      -     -  277s
     0     0   76.00000    0  645          -   76.00000      -     -  277s
     0     0   76.00000    0  643          -   76.00000      -     -  277s
     0     0   76.00000    0  109          -   76.00000      -     -  287s
     0     0   76.00000    0  457          -   76.00000      -     -  288s
     0     0   76.00000    0  411          -   76.00000      -     -  289s
     0     0   76.00000    0  411          -   76.00000      -     -  289s
     0     0   76.00000    0  409          -   76.00000      -     -  289s
     0     0   76.06081    0  411          -   76.06081      -     -  297s
     0     0   76.19355    0  585          -   76.19355      -     -  299s
     0     0   76.19355    0 1055          -   76.19355      -     -  305s
     0     0   76.19355    0  843          -   76.19355      -     -  306s
     0     0   76.19355    0  836          -   76.19355      -     -  307s
     0     0   76.19355    0  832          -   76.19355      -     -  307s
     0     0   76.19355    0  977          -   76.19355      -     -  309s
     0     0   76.19355    0  972          -   76.19355      -     -  309s
     0     0   76.41860    0 1101          -   76.41860      -     -  314s
     0     0   76.41860    0  899          -   76.41860      -     -  315s
     0     0   76.41860    0 1054          -   76.41860      -     -  322s
     0     0   76.41860    0 1039          -   76.41860      -     -  322s
     0     0   76.41949    0 1307          -   76.41949      -     -  324s
     0     0   76.41949    0 1202          -   76.41949      -     -  325s
     0     0   76.45833    0 1529          -   76.45833      -     -  331s
     0     0   76.45833    0 1184          -   76.45833      -     -  332s
     0     0   76.46154    0 1325          -   76.46154      -     -  334s
     0     0   76.46154    0 1203          -   76.46154      -     -  335s
     0     0   76.46154    0 1406          -   76.46154      -     -  341s
     0     0   76.46154    0 1379          -   76.46154      -     -  342s
     0     0   76.46154    0 1377          -   76.46154      -     -  343s
     0     0   76.46154    0 1367          -   76.46154      -     -  343s
     0     0   76.46154    0 1156          -   76.46154      -     -  347s
     0     0   76.46154    0 1154          -   76.46154      -     -  348s
     0     0   76.55172    0 1382          -   76.55172      -     -  352s
     0     0   76.55172    0 1380          -   76.55172      -     -  352s
     0     0   76.55172    0 1374          -   76.55172      -     -  352s
     0     0   76.55172    0 1144          -   76.55172      -     -  355s
     0     0   76.55172    0 1128          -   76.55172      -     -  356s
     0     0   76.55172    0 1124          -   76.55172      -     -  356s
     0     0   76.61017    0 1571          -   76.61017      -     -  360s
     0     0   76.61017    0 1563          -   76.61017      -     -  360s
     0     0   76.61017    0 1453          -   76.61017      -     -  364s
     0     0   76.61017    0 1424          -   76.61017      -     -  364s
     0     0   76.66667    0 1393          -   76.66667      -     -  370s
     0     0   76.66667    0 1333          -   76.66667      -     -  373s
     0     0   76.66667    0 1202          -   76.66667      -     -  374s
     0     0   76.66667    0 1192          -   76.66667      -     -  375s
     0     0   76.66667    0 1220          -   76.66667      -     -  377s
     0     0   76.66667    0 1207          -   76.66667      -     -  377s
     0     0   76.66667    0 1516          -   76.66667      -     -  381s
     0     0   76.66667    0 1511          -   76.66667      -     -  381s
     0     0   76.66667    0 1431          -   76.66667      -     -  385s
     0     0   76.66667    0 1272          -   76.66667      -     -  385s
     0     0   76.66667    0   85          -   76.66667      -     -  397s
     0     0   76.66667    0  388          -   76.66667      -     -  398s
     0     0   76.66667    0  112          -   76.66667      -     -  405s
     0     0   76.66667    0  510          -   76.66667      -     -  407s
     0     0   76.72727    0  283          -   76.72727      -     -  414s
     0     0   76.72727    0  691          -   76.72727      -     -  415s
     0     0   76.72727    0  779          -   76.72727      -     -  419s
     0     0   76.72727    0  930          -   76.72727      -     -  421s
     0     0   76.72727    0  922          -   76.72727      -     -  421s
     0     0   76.72727    0   91          -   76.72727      -     -  429s
     0     0   76.72727    0  286          -   76.72727      -     -  430s
     0     0   76.72727    0   61          -   76.72727      -     -  439s
     0     0   76.72727    0  302          -   76.72727      -     -  440s
     0     0   76.72727    0   98          -   76.72727      -     -  447s
     0     0   76.72727    0   53          -   76.72727      -     -  452s
     0     2   76.72727    0   49          -   76.72727      -     -  491s
     1     4   76.80000    1   46          -   76.80000      -  3138  502s
     3     8   77.00000    2   64          -   77.00000      -  1138  511s
     7    16   77.00000    3  371          -   77.00000      -   654  593s
    15    30   77.00000    4  366          -   77.00000      -   665  732s
    31    52   77.00000    5  370          -   77.00000      -   523  846s
    61    81   77.00000    6  589          -   77.00000      -   546 1256s
    86    81   85.00000    6 1219          -   77.00000      -   645 1263s
    93   105   77.00000    7  507          -   77.00000      -   683 1398s
    94   105   80.00000    7  426          -   77.00000      -   687 1400s
   125   132   77.00000    8  501          -   77.00000      -   659 1411s
   157   161   77.00000    9  479          -   77.00000      -   539 1470s
   189   190   77.00000   10  479          -   77.00000      -   462 1536s
   223   220   77.00000   11  477          -   77.00000      -   402 1548s
   260   258   77.00000   12  477          -   77.00000      -   353 1566s
   300   297   77.00000   13  475          -   77.00000      -   309 1623s
   341   334   77.00000   14  473          -   77.00000      -   283 1649s
   382   379   77.00000   15  453          -   77.00000      -   261 1714s
   429   422   77.00000   16  451          -   77.00000      -   236 1877s
   474   463   77.00000   18  481          -   77.00000      -   220 1909s
   496   463   80.00000   17  558          -   77.00000      -   212 1910s
   516   511   77.00000   19  471          -   77.00000      -   204 1925s
   566   557   77.00000   20  455          -   77.00000      -   188 1979s
   614   624   77.00000   21  455          -   77.00000      -   175 2004s
   683   686   77.00000   22  449          -   77.00000      -   163 2154s
   746   753   77.00000   24  447          -   77.00000      -   151 2254s
   815   823   77.00000   25  457          -   77.00000      -   141 2301s
   885   891   77.00000   26  411          -   77.00000      -   132 2355s
   955   965   77.00000   27  420          -   77.00000      -   123 2643s
  1030  1041   77.00000   28  445          -   77.00000      -   116 2683s
  1107  1123   77.00000   29  439          -   77.00000      -   109 3024s
  1193  1228   77.00000   31  439          -   77.00000      -   104 3650s

Cutting planes:
  Gomory: 16
  Cover: 45
  Implied bound: 124
  Clique: 1
  MIR: 2852
  StrongCG: 20
  Zero half: 2
  RLT: 861
  Relax-and-lift: 320

Explored 1306 nodes (317222 simplex iterations) in 4097.01 seconds (109.26 work units)
Thread count was 32 (of 32 available processors)

Solution count 0

Time limit reached
Best objective -, best bound 7.700000000000e+01, gap -

Unable to retrieve attribute 'X'

