
Gurobi 10.0.3 (linux64, gurobi_cl) logging started Fri Nov 10 18:40:12 2023

Set parameter Username
Set parameter TimeLimit to value 3600
Set parameter LogFile to value "RCPSP_1641.log"
Set parameter Threads to value 32
Academic license - for non-commercial use only - expires 2024-11-06
Using license file /home/jrivera6/gurobi-licenses/v1003/compute-0-36/gurobi.lic

Gurobi Optimizer version 10.0.3 build v10.0.3rc0 (linux64)
Copyright (c) 2023, Gurobi Optimization, LLC

Read MPS format model from file RCPSP_1641.mps
Reading time = 0.10 seconds
RCPSP_1641: 75251 rows, 29890 columns, 237025 nonzeros

CPU model: Intel(R) Xeon(R) Gold 6130 CPU @ 2.10GHz, instruction set [SSE2|AVX|AVX2|AVX512]
Thread count: 32 physical cores, 32 logical processors, using up to 32 threads

Optimize a model with 75251 rows, 29890 columns and 237025 nonzeros
Model fingerprint: 0x2e80b5f9
Variable types: 122 continuous, 29768 integer (29768 binary)
Coefficient statistics:
  Matrix range     [1e+00, 7e+02]
  Objective range  [1e+00, 1e+00]
  Bounds range     [1e+00, 1e+00]
  RHS range        [1e+00, 7e+02]
Presolve removed 15188 rows and 3322 columns (presolve time = 5s) ...
Presolve removed 18170 rows and 4237 columns
Presolve time: 9.24s
Presolved: 57081 rows, 25653 columns, 187457 nonzeros
Variable types: 121 continuous, 25532 integer (25532 binary)

Deterministic concurrent LP optimizer: primal and dual simplex (primal and dual model)
Showing first log only...

Root relaxation presolved: 57080 rows, 25654 columns, 187455 nonzeros


Root simplex log...

Iteration    Objective       Primal Inf.    Dual Inf.      Time
       0    9.8034999e+01   5.248412e-03   1.594639e+08     11s
    3681    9.8000000e+01   0.000000e+00   0.000000e+00     12s
    3681    9.8000000e+01   0.000000e+00   0.000000e+00     12s
Concurrent spin time: 1.33s

Solved with dual simplex (primal model)

Root relaxation: objective 9.800000e+01, 8699 iterations, 3.54 seconds (0.37 work units)
Total elapsed time = 19.46s
Total elapsed time = 20.82s

    Nodes    |    Current Node    |     Objective Bounds      |     Work
 Expl Unexpl |  Obj  Depth IntInf | Incumbent    BestBd   Gap | It/Node Time

     0     0   98.00000    0  233          -   98.00000      -     -   24s
     0     0   98.09091    0 1318          -   98.09091      -     -   54s
     0     0   98.09091    0 1204          -   98.09091      -     -   55s
     0     0   98.64712    0 1207          -   98.64712      -     -   87s
     0     0   98.64723    0 1824          -   98.64723      -     -  106s
     0     0   98.64723    0 1813          -   98.64723      -     -  107s
     0     0   98.64723    0 1861          -   98.64723      -     -  120s
     0     0   98.64723    0 1800          -   98.64723      -     -  120s
     0     0   98.64723    0 1772          -   98.64723      -     -  121s
     0     0   98.64723    0 1770          -   98.64723      -     -  121s
     0     0   98.98282    0 1719          -   98.98282      -     -  144s
     0     0   98.98282    0 1748          -   98.98282      -     -  149s
     0     0   98.98282    0 1802          -   98.98282      -     -  152s
     0     0   98.98282    0 1664          -   98.98282      -     -  154s
     0     0   98.98282    0 1649          -   98.98282      -     -  154s
     0     0   98.99408    0 1694          -   98.99408      -     -  174s
     0     0   98.99408    0 1604          -   98.99408      -     -  177s
     0     0   98.99408    0 1604          -   98.99408      -     -  178s
     0     0   98.99408    0 1604          -   98.99408      -     -  178s
     0     0   98.99408    0 1802          -   98.99408      -     -  185s
     0     0   98.99408    0 1617          -   98.99408      -     -  186s
     0     0   98.99408    0 1613          -   98.99408      -     -  186s
     0     0   99.00000    0 1760          -   99.00000      -     -  199s
     0     0   99.00000    0 1798          -   99.00000      -     -  204s
     0     0   99.00000    0 1654          -   99.00000      -     -  206s
     0     0   99.00000    0 1650          -   99.00000      -     -  206s
     0     0   99.00000    0 1871          -   99.00000      -     -  213s
     0     0   99.00000    0 1719          -   99.00000      -     -  217s
     0     0   99.00000    0 1638          -   99.00000      -     -  218s
     0     0   99.00000    0 1606          -   99.00000      -     -  218s
     0     0   99.00000    0 2027          -   99.00000      -     -  240s
     0     0   99.00000    0 1938          -   99.00000      -     -  245s
     0     0   99.00000    0 1973          -   99.00000      -     -  247s
     0     0   99.00000    0 1969          -   99.00000      -     -  247s
     0     0   99.00000    0 2214          -   99.00000      -     -  282s
     0     0   99.00000    0 2188          -   99.00000      -     -  288s
     0     0   99.00000    0 2160          -   99.00000      -     -  295s
     0     0   99.00000    0 2123          -   99.00000      -     -  296s
     0     0   99.00000    0 2167          -   99.00000      -     -  300s
     0     0   99.00000    0  320          -   99.00000      -     -  362s
     0     0   99.00000    0 1357          -   99.00000      -     -  405s
     0     0   99.00000    0 1479          -   99.00000      -     -  411s
     0     0   99.00000    0 1499          -   99.00000      -     -  480s
     0     0   99.00000    0 1493          -   99.00000      -     -  481s
     0     0   99.00000    0 1145          -   99.00000      -     -  548s
     0     0   99.00000    0 1104          -   99.00000      -     -  549s
     0     0   99.00000    0 1100          -   99.00000      -     -  550s
     0     0   99.00000    0 1275          -   99.00000      -     -  558s
     0     0   99.00000    0 1533          -   99.00000      -     -  572s
     0     0   99.00000    0 1502          -   99.00000      -     -  573s
     0     0   99.00000    0 1642          -   99.00000      -     -  582s
     0     0   99.00000    0 1666          -   99.00000      -     -  587s
     0     0   99.00000    0 1645          -   99.00000      -     -  592s
     0     0   99.00000    0 1539          -   99.00000      -     -  595s
     0     0   99.00000    0  843          -   99.00000      -     -  617s
     0     0   99.00000    0  841          -   99.00000      -     -  617s
     0     0   99.00000    0 1084          -   99.00000      -     -  621s
     0     0   99.00000    0 1079          -   99.00000      -     -  621s
     0     0   99.00000    0  998          -   99.00000      -     -  634s
     0     0   99.00000    0 1299          -   99.00000      -     -  639s
     0     0   99.00000    0 1383          -   99.00000      -     -  641s
     0     0   99.00000    0  373          -   99.00000      -     -  669s
     0     0   99.00000    0  373          -   99.00000      -     -  669s
     0     0   99.00000    0  711          -   99.00000      -     -  694s
     0     0   99.00000    0  681          -   99.00000      -     -  695s
     0     0   99.00000    0  585          -   99.00000      -     -  711s
     0     0   99.00000    0  795          -   99.00000      -     -  714s
     0     0   99.00000    0 1187          -   99.00000      -     -  717s
     0     0   99.00000    0  362          -   99.00000      -     -  755s
     0     0   99.00000    0  277          -   99.00000      -     -  771s
     0     2   99.00000    0  266          -   99.00000      -     -  831s
     1     5   99.00000    1  266          -   99.00000      -  4535 1173s
     3     8   99.00000    2 1254          -   99.00000      -  2429 2083s
     5     8   99.00000    2 1409          -   99.00000      -  2398 2254s
     6     8  105.91873    2 1552          -   99.00000      -  2434 2255s
     7    13   99.00000    3 1346          -   99.00000      -  2334 4552s

Cutting planes:
  Learned: 1
  Gomory: 10
  Cover: 131
  Implied bound: 99
  Clique: 9
  MIR: 1731
  StrongCG: 34
  Zero half: 6
  Mod-K: 1
  RLT: 600
  Relax-and-lift: 425

Explored 13 nodes (280599 simplex iterations) in 4632.54 seconds (108.47 work units)
Thread count was 32 (of 32 available processors)

Solution count 0

Time limit reached
Best objective -, best bound 9.900000000000e+01, gap -

Unable to retrieve attribute 'X'

