
Gurobi 10.0.3 (linux64, gurobi_cl) logging started Thu Nov  2 11:33:57 2023

Set parameter Username
Set parameter TimeLimit to value 3600
Set parameter LogFile to value "RCPSP_50.log"
Set parameter Threads to value 32
Academic license - for non-commercial use only - expires 2024-10-30
Using license file /home/jrivera6/gurobi-licenses/v1003/compute-0-35/gurobi.lic

Gurobi Optimizer version 10.0.3 build v10.0.3rc0 (linux64)
Copyright (c) 2023, Gurobi Optimization, LLC

Read MPS format model from file RCPSP_50.mps
Reading time = 0.02 seconds
RCPSP_50: 5329 rows, 2080 columns, 17044 nonzeros

CPU model: Intel(R) Xeon(R) Gold 6130 CPU @ 2.10GHz, instruction set [SSE2|AVX|AVX2|AVX512]
Thread count: 32 physical cores, 32 logical processors, using up to 32 threads

Optimize a model with 5329 rows, 2080 columns and 17044 nonzeros
Model fingerprint: 0x5817bcf6
Variable types: 32 continuous, 2048 integer (2048 binary)
Coefficient statistics:
  Matrix range     [1e+00, 2e+02]
  Objective range  [1e+00, 1e+00]
  Bounds range     [1e+00, 1e+00]
  RHS range        [1e+00, 2e+02]
Presolve removed 2749 rows and 1018 columns
Presolve time: 0.13s
Presolved: 2580 rows, 1062 columns, 8437 nonzeros
Variable types: 31 continuous, 1031 integer (1031 binary)

Root relaxation: objective 5.600000e+01, 415 iterations, 0.00 seconds (0.00 work units)

    Nodes    |    Current Node    |     Objective Bounds      |     Work
 Expl Unexpl |  Obj  Depth IntInf | Incumbent    BestBd   Gap | It/Node Time

     0     0   56.00000    0   15          -   56.00000      -     -    0s
     0     0   56.23077    0   82          -   56.23077      -     -    0s
     0     0   56.29787    0   79          -   56.29787      -     -    0s
     0     0   57.71429    0   92          -   57.71429      -     -    0s
     0     0   58.00000    0   90          -   58.00000      -     -    0s
H    0     0                      84.0000000   58.00000  31.0%     -    0s
     0     0   58.00000    0   82   84.00000   58.00000  31.0%     -    0s
H    0     0                      76.0000000   58.00000  23.7%     -    0s
     0     0   58.00000    0   98   76.00000   58.00000  23.7%     -    0s
     0     0   58.00000    0  103   76.00000   58.00000  23.7%     -    0s
     0     0   60.00000    0   76   76.00000   60.00000  21.1%     -    1s
     0     0   60.00000    0   74   76.00000   60.00000  21.1%     -    1s
     0     0   60.01078    0   94   76.00000   60.01078  21.0%     -    1s
     0     0   60.17391    0   86   76.00000   60.17391  20.8%     -    1s
     0     0   60.17391    0   88   76.00000   60.17391  20.8%     -    1s
     0     0   61.27273    0   83   76.00000   61.27273  19.4%     -    1s
H    0     0                      74.0000000   61.27273  17.2%     -    1s
     0     0   61.27273    0   80   74.00000   61.27273  17.2%     -    2s
     0     0   62.00000    0   82   74.00000   62.00000  16.2%     -    2s
     0     0   62.00000    0   85   74.00000   62.00000  16.2%     -    2s
     0     0   62.00000    0  119   74.00000   62.00000  16.2%     -    2s
H    0     0                      72.0000000   62.00000  13.9%     -    2s
     0     0   62.00000    0  114   72.00000   62.00000  13.9%     -    2s
     0     0   62.00000    0    7   72.00000   62.00000  13.9%     -    3s
     0     0   62.00000    0    7   72.00000   62.00000  13.9%     -    3s
     0     0   62.00000    0   27   72.00000   62.00000  13.9%     -    3s
     0     0   62.00000    0    8   72.00000   62.00000  13.9%     -    3s
H    0     0                      71.0000000   62.00000  12.7%     -    4s
     0     0   62.00000    0    7   71.00000   62.00000  12.7%     -    7s
H    0     0                      70.0000000   62.00000  11.4%     -    7s
     0     0   62.00000    0   28   70.00000   62.00000  11.4%     -    8s
     0     0   62.00000    0   20   70.00000   62.00000  11.4%     -    9s
     0     0   64.00000    0   12   70.00000   64.00000  8.57%     -   10s
     0     0   70.00000    0    6   70.00000   70.00000  0.00%     -   12s

Cutting planes:
  Gomory: 1
  Cover: 1
  Implied bound: 3
  Clique: 5
  MIR: 8
  RLT: 6
  Relax-and-lift: 5

Explored 1 nodes (9326 simplex iterations) in 13.25 seconds (0.87 work units)
Thread count was 32 (of 32 available processors)

Solution count 6: 70 71 72 ... 84

Optimal solution found (tolerance 1.00e-04)
Best objective 7.000000000000e+01, best bound 7.000000000000e+01, gap 0.0000%

Wrote result file 'RCPSP_50.sol'

