
Gurobi 10.0.3 (linux64, gurobi_cl) logging started Thu Nov  9 12:50:53 2023

Set parameter Username
Set parameter TimeLimit to value 3600
Set parameter LogFile to value "RCPSP_1386.log"
Set parameter Threads to value 32
Academic license - for non-commercial use only - expires 2024-10-30
Using license file /home/jrivera6/gurobi-licenses/v1003/compute-0-38/gurobi.lic

Gurobi Optimizer version 10.0.3 build v10.0.3rc0 (linux64)
Copyright (c) 2023, Gurobi Optimization, LLC

Read MPS format model from file RCPSP_1386.mps
Reading time = 0.07 seconds
RCPSP_1386: 42975 rows, 17020 columns, 151080 nonzeros

CPU model: Intel(R) Xeon(R) Gold 6242 CPU @ 2.80GHz, instruction set [SSE2|AVX|AVX2|AVX512]
Thread count: 32 physical cores, 32 logical processors, using up to 32 threads

Optimize a model with 42975 rows, 17020 columns and 151080 nonzeros
Model fingerprint: 0x10ea017e
Variable types: 92 continuous, 16928 integer (16928 binary)
Coefficient statistics:
  Matrix range     [1e+00, 5e+02]
  Objective range  [1e+00, 1e+00]
  Bounds range     [1e+00, 1e+00]
  RHS range        [1e+00, 5e+02]
Presolve removed 8347 rows and 2376 columns
Presolve time: 4.43s
Presolved: 34628 rows, 14644 columns, 126569 nonzeros
Variable types: 91 continuous, 14553 integer (14553 binary)

Deterministic concurrent LP optimizer: primal and dual simplex (primal and dual model)
Showing first log only...

Root relaxation presolved: 34628 rows, 14644 columns, 126569 nonzeros


Root simplex log...

Iteration    Objective       Primal Inf.    Dual Inf.      Time
       0    1.1412643e+02   4.283514e-03   8.837501e+07      5s
    1653    1.1400000e+02   0.000000e+00   0.000000e+00      5s
Concurrent spin time: 0.37s

Solved with dual simplex (dual model)

Root relaxation: objective 1.140000e+02, 17151 iterations, 1.12 seconds (0.13 work units)

    Nodes    |    Current Node    |     Objective Bounds      |     Work
 Expl Unexpl |  Obj  Depth IntInf | Incumbent    BestBd   Gap | It/Node Time

     0     0  114.00000    0    2          -  114.00000      -     -    7s
H    0     0                     115.0000000  114.00000  0.87%     -   10s
H    0     0                     114.0000000  114.00000  0.00%     -   11s

Cutting planes:
  Gomory: 1
  MIR: 1
  RLT: 2
  Relax-and-lift: 1

Explored 1 nodes (21192 simplex iterations) in 11.72 seconds (4.74 work units)
Thread count was 32 (of 32 available processors)

Solution count 2: 114 115 

Optimal solution found (tolerance 1.00e-04)
Best objective 1.140000000000e+02, best bound 1.140000000000e+02, gap 0.0000%

Wrote result file 'RCPSP_1386.sol'

