
Gurobi 10.0.3 (linux64, gurobi_cl) logging started Thu Nov  9 12:51:50 2023

Set parameter Username
Set parameter TimeLimit to value 3600
Set parameter LogFile to value "RCPSP_1401.log"
Set parameter Threads to value 32
Academic license - for non-commercial use only - expires 2024-10-30
Using license file /home/jrivera6/gurobi-licenses/v1003/compute-0-38/gurobi.lic

Gurobi Optimizer version 10.0.3 build v10.0.3rc0 (linux64)
Copyright (c) 2023, Gurobi Optimization, LLC

Read MPS format model from file RCPSP_1401.mps
Reading time = 0.05 seconds
RCPSP_1401: 42975 rows, 17020 columns, 159179 nonzeros

CPU model: Intel(R) Xeon(R) Gold 6242 CPU @ 2.80GHz, instruction set [SSE2|AVX|AVX2|AVX512]
Thread count: 32 physical cores, 32 logical processors, using up to 32 threads

Optimize a model with 42975 rows, 17020 columns and 159179 nonzeros
Model fingerprint: 0x8d94867c
Variable types: 92 continuous, 16928 integer (16928 binary)
Coefficient statistics:
  Matrix range     [1e+00, 5e+02]
  Objective range  [1e+00, 1e+00]
  Bounds range     [1e+00, 1e+00]
  RHS range        [1e+00, 5e+02]
Presolve removed 7284 rows and 1313 columns (presolve time = 5s) ...
Presolve removed 11667 rows and 3145 columns
Presolve time: 7.67s
Presolved: 31308 rows, 13875 columns, 121803 nonzeros
Variable types: 91 continuous, 13784 integer (13784 binary)

Deterministic concurrent LP optimizer: primal and dual simplex (primal and dual model)
Showing first log only...

Root relaxation presolved: 31308 rows, 13875 columns, 121803 nonzeros


Root simplex log...

Iteration    Objective       Primal Inf.    Dual Inf.      Time
       0    9.3960658e+01   6.325784e-03   2.036582e+08      8s
Concurrent spin time: 0.09s

Solved with dual simplex (primal model)

Root relaxation: objective 9.300000e+01, 4372 iterations, 0.74 seconds (0.10 work units)
Total elapsed time = 10.36s

    Nodes    |    Current Node    |     Objective Bounds      |     Work
 Expl Unexpl |  Obj  Depth IntInf | Incumbent    BestBd   Gap | It/Node Time

     0     0   93.00000    0  403          -   93.00000      -     -   12s
     0     0   93.00000    0  403          -   93.00000      -     -   12s
     0     0   93.00000    0 1034          -   93.00000      -     -   25s
     0     0   93.00000    0 1037          -   93.00000      -     -   26s
     0     0   93.00000    0  976          -   93.00000      -     -   27s
     0     0   93.00000    0  933          -   93.00000      -     -   27s
     0     0   93.00000    0 1008          -   93.00000      -     -   35s
     0     0   93.28571    0  802          -   93.28571      -     -   47s
     0     0   93.28571    0  818          -   93.28571      -     -   48s
     0     0   93.40000    0  858          -   93.40000      -     -   49s
     0     0   93.40000    0  854          -   93.40000      -     -   49s
     0     0   93.42857    0  844          -   93.42857      -     -   52s
     0     0   93.69424    0 1042          -   93.69424      -     -   56s
     0     0   93.69424    0 1038          -   93.69424      -     -   56s
     0     0   93.77149    0 1080          -   93.77149      -     -   58s
     0     0   93.77149    0 1050          -   93.77149      -     -   58s
     0     0   93.77149    0 1050          -   93.77149      -     -   58s
     0     0   93.77149    0 1054          -   93.77149      -     -   59s
     0     0   93.77149    0 1100          -   93.77149      -     -   62s
     0     0   93.77149    0 1001          -   93.77149      -     -   62s
H    0     0                     502.0000000   93.77149  81.3%     -   63s
     0     0   93.77149    0 1075  502.00000   93.77149  81.3%     -   64s
     0     0   93.77149    0  530  502.00000   93.77149  81.3%     -   80s
     0     0   93.77149    0  524  502.00000   93.77149  81.3%     -   80s
H    0     0                     448.0000000   93.77149  79.1%     -  109s
H    0     0                     408.0000000   93.77149  77.0%     -  110s
     0     0   93.77149    0  983  408.00000   93.77149  77.0%     -  111s
     0     0   93.77149    0  966  408.00000   93.77149  77.0%     -  111s
     0     0   93.77149    0 1142  408.00000   93.77149  77.0%     -  115s
     0     0   93.77149    0 1085  408.00000   93.77149  77.0%     -  115s
     0     0   93.77149    0 1113  408.00000   93.77149  77.0%     -  116s
     0     0   93.77149    0 1074  408.00000   93.77149  77.0%     -  116s
H    0     0                     387.0000000   93.77149  75.8%     -  122s
     0     0   93.92098    0  617  387.00000   93.92098  75.7%     -  124s
H    0     0                     345.0000000   93.92098  72.8%     -  127s
     0     0   94.04094    0  897  345.00000   94.04094  72.7%     -  128s
     0     0   94.04094    0  889  345.00000   94.04094  72.7%     -  128s
     0     0   94.27720    0  997  345.00000   94.27720  72.7%     -  131s
     0     0   94.27720    0  995  345.00000   94.27720  72.7%     -  131s
H    0     0                     316.0000000   94.27720  70.2%     -  137s
H    0     0                     288.0000000   94.27720  67.3%     -  138s
     0     0   94.27720    0  958  288.00000   94.27720  67.3%     -  138s
     0     0   94.27720    0  956  288.00000   94.27720  67.3%     -  138s
     0     0   94.49916    0 1011  288.00000   94.49916  67.2%     -  141s
H    0     0                     260.0000000   94.49916  63.7%     -  143s
     0     0   94.50636    0 1145  260.00000   94.50636  63.7%     -  144s
     0     0   94.51540    0 1106  260.00000   94.51540  63.6%     -  144s
     0     0   94.51556    0 1087  260.00000   94.51556  63.6%     -  145s
H    0     0                     256.0000000   94.51556  63.1%     -  147s
     0     0   94.51556    0  980  256.00000   94.51556  63.1%     -  148s
     0     0   94.51556    0  960  256.00000   94.51556  63.1%     -  148s
     0     0   94.51556    0 1008  256.00000   94.51556  63.1%     -  150s
     0     0   94.51556    0 1008  256.00000   94.51556  63.1%     -  151s
     0     0   94.51556    0 1006  256.00000   94.51556  63.1%     -  151s
     0     0   94.51556    0 1099  256.00000   94.51556  63.1%     -  157s
     0     0   94.51556    0 1088  256.00000   94.51556  63.1%     -  157s
     0     0   94.51556    0 1069  256.00000   94.51556  63.1%     -  159s
     0     0   94.51556    0  731  256.00000   94.51556  63.1%     -  179s
H    0     0                     236.0000000   94.51556  60.0%     -  182s
     0     0   94.51556    0 1018  236.00000   94.51556  60.0%     -  182s
     0     0   94.51556    0 1014  236.00000   94.51556  60.0%     -  182s
     0     0   94.51556    0 1014  236.00000   94.51556  60.0%     -  182s
     0     0   94.51908    0  480  236.00000   94.51908  59.9%     -  195s
H    0     0                     225.0000000   94.51908  58.0%     -  196s
     0     0   94.51908    0  862  225.00000   94.51908  58.0%     -  197s
     0     0   94.51908    0  855  225.00000   94.51908  58.0%     -  197s
     0     0   94.51908    0  970  225.00000   94.51908  58.0%     -  200s
H    0     0                     224.0000000   94.51908  57.8%     -  215s
H    0     0                     214.0000000   94.51908  55.8%     -  222s
     0     0   94.51908    0  955  214.00000   94.51908  55.8%     -  222s
     0     0   94.51908    0  945  214.00000   94.51908  55.8%     -  222s
H    0     0                     199.0000000   94.51908  52.5%     -  239s
     0     0   94.51908    0  551  199.00000   94.51908  52.5%     -  241s
H    0     0                     192.0000000   94.51908  50.8%     -  242s
     0     0   94.51908    0  873  192.00000   94.51908  50.8%     -  247s
     0     0   94.51908    0  869  192.00000   94.51908  50.8%     -  247s
     0     0   94.51908    0  656  192.00000   94.51908  50.8%     -  265s
     0     0   94.51908    0  645  192.00000   94.51908  50.8%     -  273s
     0     2   94.51908    0  497  192.00000   94.51908  50.8%     -  290s
     3     8   95.31331    2  862  192.00000   94.95756  50.5%  1555  306s
     7    14   95.98064    3  942  192.00000   95.01440  50.5%  1995  320s
    15    27   95.98064    4  974  192.00000   95.03858  50.5%  2079  336s
H   29    47                     182.0000000   95.28641  47.6%  1983  511s
    56    72   95.98064    6 1050  182.00000   95.29339  47.6%  2019  582s
    88   101   95.98064    7 1109  182.00000   95.30278  47.6%  1915  618s
H   91   101                     180.0000000   95.98064  46.7%  1899  618s
H  113   101                     164.0000000   95.98064  41.5%  1768  618s
   120   131   95.98064    8 1070  164.00000   95.98064  41.5%  1759  634s
   152   159  100.98064    8 1031  164.00000   95.98064  41.5%  1643  648s
   184   196  101.00000    9 1119  164.00000   95.98064  41.5%  1438  666s
   231   248  101.00000   10  988  164.00000   95.98064  41.5%  1261  681s
   289   297  101.00000   11  986  164.00000   95.98064  41.5%  1038  688s
   344   355  101.00000   12  921  164.00000   95.98064  41.5%   891  696s
   415   419  101.00000   13  919  164.00000   95.98064  41.5%   761  705s
   485   496  101.00000   15  970  164.00000   95.98064  41.5%   675  712s
   573   581  101.00000   16  966  164.00000   95.98064  41.5%   586  725s
   666   673  101.00000   18  923  164.00000   95.98064  41.5%   516  735s
   761   760  101.00000   19  921  164.00000   95.98064  41.5%   463  749s
   856   874  101.05525   21 1040  164.00000   95.98064  41.5%   424  759s
   973   961  102.00000   23  969  164.00000   95.98064  41.5%   382  768s
  1076  1050  102.00000   24  959  164.00000   95.98064  41.5%   353  786s
H 1177  1093                     163.0000000   95.98064  41.1%   335  801s
H 1180  1093                     161.0000000   95.98064  40.4%   337  801s
H 1182  1093                     160.0000000   95.98064  40.0%   339  801s
  1235  1182  105.00000   30 1064  160.00000   95.98064  40.0%   334  813s
  1336  1254  105.00000   31 1038  160.00000   95.98064  40.0%   322  832s
  1423  1375  105.00000   32 1148  160.00000   95.98064  40.0%   320  847s
  1558  1559  105.00000   33 1057  160.00000   95.98064  40.0%   305  864s
  1776  1705  105.00000   37 1048  160.00000   95.98064  40.0%   277  877s
  1934  1909  105.00000   38  992  160.00000   95.98064  40.0%   268  890s
  2152  2114  105.00446   39 1006  160.00000   95.98064  40.0%   251  904s
  2398  2263  105.00000   39 1020  160.00000   95.98064  40.0%   233  926s
  2592  2438  105.00000   40 1042  160.00000   95.98064  40.0%   226  946s
  2835  2584  105.00000   41  978  160.00000   95.98064  40.0%   217  967s
  3074  2723  105.00000   42  961  160.00000   95.98064  40.0%   212  986s
  3243  2724  129.00000  116 1075  160.00000   95.98064  40.0%   213 1046s
  3245  2725  109.00000   32  456  160.00000   95.98064  40.0%   213 1054s
  3246  2726  113.00000   34 1036  160.00000   95.98064  40.0%   213 1062s
  3248  2727  102.00000   34  980  160.00000   95.98064  40.0%   212 1065s
  3250  2729  135.00000   38 1045  160.00000   95.98064  40.0%   212 1071s
  3253  2731  118.00000   80 1047  160.00000   95.98064  40.0%   212 1078s
H 3253  2594                     159.0000000   95.98064  39.6%   212 1081s
H 3254  2464                     158.0000000   95.98064  39.3%   212 1084s
  3255  2465  123.00000   54  920  158.00000   95.98064  39.3%   212 1087s
H 3255  2341                     157.0000000   95.98064  38.9%   212 1091s
  3256  2342  115.00000   74 1046  157.00000   95.98064  38.9%   212 1098s
  3257  2342  109.00000   12 1080  157.00000   95.98064  38.9%   212 1100s
H 3259  2227                     155.0000000   95.98064  38.1%   212 1106s
  3260  2227  111.00000    9 1082  155.00000   95.98064  38.1%   212 1112s
  3262  2229  123.00000   79 1111  155.00000   95.98064  38.1%   212 1117s
  3263  2229  123.00000   80 1107  155.00000   95.99663  38.1%   211 1125s
  3265  2231  119.00000   37 1140  155.00000   95.99663  38.1%   211 1133s
  3266  2231  154.00000   45 1095  155.00000   95.99663  38.1%   211 1145s
H 3266  2119                     154.0000000   95.99663  37.7%   211 1147s
  3267  2120  124.00000   73 1156  154.00000   95.99663  37.7%   211 1150s
  3268  2121  119.00000   31 1139  154.00000   95.99663  37.7%   211 1155s
  3269  2121  109.00000   14 1128  154.00000   95.99663  37.7%   211 1162s
  3270  2122  133.00000   67 1158  154.00000   95.99663  37.7%   211 1168s
  3271  2123  117.00000   21 1190  154.00000   95.99663  37.7%   211 1177s
  3272  2123  138.00000   92 1159  154.00000   95.99663  37.7%   211 1187s
  3273  2124  104.00000   58  448  154.00000   95.99663  37.7%   211 1190s
H 3273  2017                     154.0000000   95.99663  37.7%   211 1198s
  3275  2021   95.99663   14  378  154.00000   95.99663  37.7%   233 1224s
  3277  2025   95.99663   15  682  154.00000   95.99663  37.7%   234 1239s
  3281  2031   95.99663   16  588  154.00000   95.99663  37.7%   236 1254s
  3289  2045   95.99663   17  638  154.00000   95.99663  37.7%   237 1275s
H 3305  1970                     153.0000000   95.99663  37.3%   243 1334s
H 3336  1863                     152.0000000   95.99663  36.8%   257 1334s
  3337  1895   96.79224   19  833  152.00000   95.99663  36.8%   258 1363s
  3369  1914 infeasible   19       152.00000   95.99663  36.8%   269 1408s
H 3372  1822                     151.0000000   95.99663  36.4%   271 1409s
H 3396  1727                     150.0000000   95.99663  36.0%   273 1409s
  3401  1757   96.79224   20  729  150.00000   95.99663  36.0%   273 1430s
  3433  1779   96.79224   20  803  150.00000   95.99663  36.0%   273 1451s
  3465  1813   96.85488   21  828  150.00000   95.99663  36.0%   274 1476s
  3510  1856  101.00000   21  845  150.00000   95.99663  36.0%   273 1485s
  3569  1891   96.85488   22  865  150.00000   95.99663  36.0%   272 1495s
  3628  1945   96.85488   22  771  150.00000   95.99663  36.0%   270 1502s
  3708  1947   96.85488   23  734  150.00000   95.99663  36.0%   267 2310s
H 3709  1864                     150.0000000   95.99663  36.0%   267 2310s
H 3718  1783                     149.0000000   95.99663  35.6%   267 2310s
H 3742  1732                     149.0000000   95.99663  35.6%   266 4377s
  3743  1731   98.00000   23  731  149.00000   95.99663  35.6%   267 4406s
H 3744  1660                     148.0000000   95.99663  35.1%   267 4447s
  3746  1659  100.00000   29  626  148.00000   95.99663  35.1%   267 4473s
  3749  1658  111.00000   33  548  148.00000   95.99663  35.1%   267 4497s
  3759  1655   95.99737   32  704  148.00000   95.99663  35.1%   266 4613s
H 3770  1584                     147.0000000   95.99663  34.7%   267 4786s
  3773  1583  126.00000   33  446  147.00000   95.99663  34.7%   267 4838s

Cutting planes:
  Learned: 2
  Gomory: 25
  Cover: 96
  Implied bound: 34
  Clique: 19
  MIR: 152
  StrongCG: 10
  Flow cover: 217
  Inf proof: 1
  Zero half: 5
  RLT: 153
  Relax-and-lift: 125

Gurobi 10.0.3 (linux64, gurobi_cl) logging started Fri Nov 10 17:20:51 2023

Set parameter Username
Set parameter TimeLimit to value 3600
Set parameter LogFile to value "RCPSP_1401.log"
Set parameter Threads to value 32
Academic license - for non-commercial use only - expires 2024-10-30
Using license file /home/jrivera6/gurobi-licenses/v1003/compute-0-34/gurobi.lic

Gurobi Optimizer version 10.0.3 build v10.0.3rc0 (linux64)
Copyright (c) 2023, Gurobi Optimization, LLC

Read MPS format model from file RCPSP_1401.mps
Reading time = 0.12 seconds
RCPSP_1401: 42975 rows, 17020 columns, 159179 nonzeros

CPU model: Intel(R) Xeon(R) Gold 6130 CPU @ 2.10GHz, instruction set [SSE2|AVX|AVX2|AVX512]
Thread count: 32 physical cores, 32 logical processors, using up to 32 threads

Optimize a model with 42975 rows, 17020 columns and 159179 nonzeros
Model fingerprint: 0x8d94867c
Variable types: 92 continuous, 16928 integer (16928 binary)
Coefficient statistics:
  Matrix range     [1e+00, 5e+02]
  Objective range  [1e+00, 1e+00]
  Bounds range     [1e+00, 1e+00]
  RHS range        [1e+00, 5e+02]
Presolve removed 7284 rows and 1313 columns (presolve time = 5s) ...
Presolve removed 11667 rows and 3145 columns
Presolve time: 8.07s
Presolved: 31308 rows, 13875 columns, 121803 nonzeros
Variable types: 91 continuous, 13784 integer (13784 binary)

Deterministic concurrent LP optimizer: primal and dual simplex (primal and dual model)
Showing first log only...

Root relaxation presolved: 31308 rows, 13875 columns, 121803 nonzeros


Root simplex log...

Iteration    Objective       Primal Inf.    Dual Inf.      Time
       0    9.3960658e+01   6.325784e-03   2.036582e+08      9s
Concurrent spin time: 0.15s

Solved with dual simplex (primal model)

Root relaxation: objective 9.300000e+01, 4372 iterations, 0.86 seconds (0.10 work units)
Total elapsed time = 11.15s

    Nodes    |    Current Node    |     Objective Bounds      |     Work
 Expl Unexpl |  Obj  Depth IntInf | Incumbent    BestBd   Gap | It/Node Time

     0     0   93.00000    0  403          -   93.00000      -     -   15s
     0     0   93.00000    0  403          -   93.00000      -     -   15s
     0     0   93.00000    0 1034          -   93.00000      -     -   31s
     0     0   93.00000    0 1037          -   93.00000      -     -   32s
     0     0   93.00000    0  976          -   93.00000      -     -   33s
     0     0   93.00000    0  933          -   93.00000      -     -   33s
     0     0   93.00000    0 1008          -   93.00000      -     -   40s
     0     0   93.28571    0  802          -   93.28571      -     -   53s
     0     0   93.28571    0  818          -   93.28571      -     -   54s
     0     0   93.40000    0  858          -   93.40000      -     -   54s
     0     0   93.40000    0  854          -   93.40000      -     -   54s
     0     0   93.42857    0  844          -   93.42857      -     -   59s
     0     0   93.69424    0 1042          -   93.69424      -     -   62s
     0     0   93.69424    0 1038          -   93.69424      -     -   62s
     0     0   93.77149    0 1080          -   93.77149      -     -   65s
     0     0   93.77149    0 1050          -   93.77149      -     -   65s
     0     0   93.77149    0 1050          -   93.77149      -     -   65s
     0     0   93.77149    0 1054          -   93.77149      -     -   66s
     0     0   93.77149    0 1100          -   93.77149      -     -   69s
     0     0   93.77149    0 1001          -   93.77149      -     -   69s
H    0     0                     502.0000000   93.77149  81.3%     -   70s
     0     0   93.77149    0 1075  502.00000   93.77149  81.3%     -   71s
     0     0   93.77149    0  530  502.00000   93.77149  81.3%     -  111s
     0     0   93.77149    0  524  502.00000   93.77149  81.3%     -  111s
H    0     0                     448.0000000   93.77149  79.1%     -  141s
H    0     0                     408.0000000   93.77149  77.0%     -  143s
     0     0   93.77149    0  983  408.00000   93.77149  77.0%     -  144s
     0     0   93.77149    0  966  408.00000   93.77149  77.0%     -  144s
     0     0   93.77149    0 1142  408.00000   93.77149  77.0%     -  148s
     0     0   93.77149    0 1085  408.00000   93.77149  77.0%     -  148s
     0     0   93.77149    0 1113  408.00000   93.77149  77.0%     -  149s
     0     0   93.77149    0 1074  408.00000   93.77149  77.0%     -  150s
H    0     0                     387.0000000   93.77149  75.8%     -  156s
     0     0   93.92098    0  617  387.00000   93.92098  75.7%     -  158s
H    0     0                     345.0000000   93.92098  72.8%     -  160s
     0     0   94.04094    0  897  345.00000   94.04094  72.7%     -  161s
     0     0   94.04094    0  889  345.00000   94.04094  72.7%     -  161s
     0     0   94.27720    0  997  345.00000   94.27720  72.7%     -  164s
     0     0   94.27720    0  995  345.00000   94.27720  72.7%     -  164s
H    0     0                     316.0000000   94.27720  70.2%     -  170s
H    0     0                     288.0000000   94.27720  67.3%     -  171s
     0     0   94.27720    0  958  288.00000   94.27720  67.3%     -  171s
     0     0   94.27720    0  956  288.00000   94.27720  67.3%     -  171s
     0     0   94.49916    0 1011  288.00000   94.49916  67.2%     -  174s
H    0     0                     260.0000000   94.49916  63.7%     -  176s
     0     0   94.50636    0 1145  260.00000   94.50636  63.7%     -  176s
     0     0   94.51540    0 1106  260.00000   94.51540  63.6%     -  177s
     0     0   94.51556    0 1087  260.00000   94.51556  63.6%     -  177s
H    0     0                     256.0000000   94.51556  63.1%     -  181s
     0     0   94.51556    0  980  256.00000   94.51556  63.1%     -  181s
     0     0   94.51556    0  960  256.00000   94.51556  63.1%     -  182s
     0     0   94.51556    0 1008  256.00000   94.51556  63.1%     -  184s
     0     0   94.51556    0 1008  256.00000   94.51556  63.1%     -  185s
     0     0   94.51556    0 1006  256.00000   94.51556  63.1%     -  185s
     0     0   94.51556    0 1099  256.00000   94.51556  63.1%     -  192s
     0     0   94.51556    0 1088  256.00000   94.51556  63.1%     -  192s
     0     0   94.51556    0 1069  256.00000   94.51556  63.1%     -  195s
     0     0   94.51556    0  731  256.00000   94.51556  63.1%     -  215s
H    0     0                     236.0000000   94.51556  60.0%     -  218s
     0     0   94.51556    0 1018  236.00000   94.51556  60.0%     -  218s
     0     0   94.51556    0 1014  236.00000   94.51556  60.0%     -  218s
     0     0   94.51556    0 1014  236.00000   94.51556  60.0%     -  218s
     0     0   94.51908    0  480  236.00000   94.51908  59.9%     -  231s
H    0     0                     225.0000000   94.51908  58.0%     -  232s
     0     0   94.51908    0  862  225.00000   94.51908  58.0%     -  233s
     0     0   94.51908    0  855  225.00000   94.51908  58.0%     -  233s
     0     0   94.51908    0  970  225.00000   94.51908  58.0%     -  236s
H    0     0                     224.0000000   94.51908  57.8%     -  251s
H    0     0                     214.0000000   94.51908  55.8%     -  256s
     0     0   94.51908    0  955  214.00000   94.51908  55.8%     -  256s
     0     0   94.51908    0  945  214.00000   94.51908  55.8%     -  256s
H    0     0                     199.0000000   94.51908  52.5%     -  271s
     0     0   94.51908    0  551  199.00000   94.51908  52.5%     -  273s
H    0     0                     192.0000000   94.51908  50.8%     -  274s
     0     0   94.51908    0  873  192.00000   94.51908  50.8%     -  279s
     0     0   94.51908    0  869  192.00000   94.51908  50.8%     -  279s
     0     0   94.51908    0  656  192.00000   94.51908  50.8%     -  295s
     0     0   94.51908    0  645  192.00000   94.51908  50.8%     -  300s
     0     2   94.51908    0  497  192.00000   94.51908  50.8%     -  318s
     1     4   94.53772    1  493  192.00000   94.53772  50.8%  2445  322s
     3     8   95.31331    2  862  192.00000   94.95756  50.5%  1555  335s
     7    14   95.98064    3  942  192.00000   95.01440  50.5%  1995  354s
    15    27   95.98064    4  974  192.00000   95.03858  50.5%  2079  373s
H   29    47                     182.0000000   95.28641  47.6%  1983  576s
    56    72   95.98064    6 1050  182.00000   95.29339  47.6%  2019  664s
    88   101   95.98064    7 1109  182.00000   95.30278  47.6%  1915  722s
H   91   101                     180.0000000   95.98064  46.7%  1899  722s
H  113   101                     164.0000000   95.98064  41.5%  1768  722s
   120   131   95.98064    8 1070  164.00000   95.98064  41.5%  1759  738s
   152   159  100.98064    8 1031  164.00000   95.98064  41.5%  1643  757s
   184   196  101.00000    9 1119  164.00000   95.98064  41.5%  1438  787s
   231   248  101.00000   10  988  164.00000   95.98064  41.5%  1261  804s
   289   297  101.00000   11  986  164.00000   95.98064  41.5%  1038  812s
   344   355  101.00000   12  921  164.00000   95.98064  41.5%   891  820s
   415   419  101.00000   13  919  164.00000   95.98064  41.5%   761  830s
   485   496  101.00000   15  970  164.00000   95.98064  41.5%   675  838s
   573   581  101.00000   16  966  164.00000   95.98064  41.5%   586  850s
   666   673  101.00000   18  923  164.00000   95.98064  41.5%   516  861s
   761   760  101.00000   19  921  164.00000   95.98064  41.5%   463  877s
   856   874  101.05525   21 1040  164.00000   95.98064  41.5%   424  890s
   973   961  102.00000   23  969  164.00000   95.98064  41.5%   382  899s
  1076  1050  102.00000   24  959  164.00000   95.98064  41.5%   353  922s
H 1177  1093                     163.0000000   95.98064  41.1%   335  939s
H 1180  1093                     161.0000000   95.98064  40.4%   337  939s
H 1182  1093                     160.0000000   95.98064  40.0%   339  940s
  1235  1182  105.00000   30 1064  160.00000   95.98064  40.0%   334  952s
  1336  1254  105.00000   31 1038  160.00000   95.98064  40.0%   322  977s
  1423  1375  105.00000   32 1148  160.00000   95.98064  40.0%   320  994s
  1558  1559  105.00000   33 1057  160.00000   95.98064  40.0%   305 1016s
  1776  1705  105.00000   37 1048  160.00000   95.98064  40.0%   277 1030s
  1934  1909  105.00000   38  992  160.00000   95.98064  40.0%   268 1043s
  2152  2114  105.00446   39 1006  160.00000   95.98064  40.0%   251 1103s
  2398  2263  105.00000   39 1020  160.00000   95.98064  40.0%   233 1123s
  2592  2438  105.00000   40 1042  160.00000   95.98064  40.0%   226 1143s
  2835  2584  105.00000   41  978  160.00000   95.98064  40.0%   217 1167s
  2969  2584  126.00000   88  718  160.00000   95.98064  40.0%   214 1172s
  3074  2723  105.00000   42  961  160.00000   95.98064  40.0%   212 1227s
  3243  2724  129.00000  116 1075  160.00000   95.98064  40.0%   213 1453s
  3245  2725  109.00000   32  456  160.00000   95.98064  40.0%   213 1790s
  3246  2726  113.00000   34 1036  160.00000   95.98064  40.0%   213 1840s
  3247  2727   99.00000   34 1052  160.00000   95.98064  40.0%   213 1889s
  3248  2727  102.00000   34  980  160.00000   95.98064  40.0%   212 1892s
  3250  2729  135.00000   38 1045  160.00000   95.98064  40.0%   212 1901s
  3253  2731  118.00000   80 1047  160.00000   95.98064  40.0%   212 1906s
H 3253  2594                     159.0000000   95.98064  39.6%   212 1915s
H 3254  2464                     158.0000000   95.98064  39.3%   212 1923s
  3255  2465  123.00000   54  920  158.00000   95.98064  39.3%   212 1925s
H 3255  2341                     157.0000000   95.98064  38.9%   212 1931s
  3256  2342  115.00000   74 1046  157.00000   95.98064  38.9%   212 1935s
  3259  2344  101.00000   30 1028  157.00000   95.98064  38.9%   212 1948s
H 3259  2227                     155.0000000   95.98064  38.1%   212 1950s
  3260  2227  111.00000    9 1082  155.00000   95.98064  38.1%   212 1965s
  3261  2228  101.00000   10 1119  155.00000   95.98064  38.1%   212 1997s
  3262  2229  123.00000   79 1111  155.00000   95.98064  38.1%   212 2031s
  3263  2229  123.00000   80 1107  155.00000   95.99663  38.1%   211 2039s
  3264  2230  103.00000   32 1137  155.00000   95.99663  38.1%   211 2041s
  3265  2231  119.00000   37 1140  155.00000   95.99663  38.1%   211 2046s
  3266  2231  154.00000   45 1095  155.00000   95.99663  38.1%   211 2055s
H 3266  2119                     154.0000000   95.99663  37.7%   211 2057s
  3267  2120  124.00000   73 1156  154.00000   95.99663  37.7%   211 2060s
  3268  2121  119.00000   31 1139  154.00000   95.99663  37.7%   211 2065s
  3269  2121  109.00000   14 1128  154.00000   95.99663  37.7%   211 2095s
  3270  2122  133.00000   67 1158  154.00000   95.99663  37.7%   211 2100s
  3271  2123  117.00000   21 1190  154.00000   95.99663  37.7%   211 2107s
  3272  2123  138.00000   92 1159  154.00000   95.99663  37.7%   211 2116s
  3273  2124  104.00000   58  448  154.00000   95.99663  37.7%   211 2120s
H 3273  2017                     154.0000000   95.99663  37.7%   211 2127s
  3275  2021   95.99663   14  378  154.00000   95.99663  37.7%   233 2328s
  3277  2025   95.99663   15  682  154.00000   95.99663  37.7%   234 2863s
  3281  2031   95.99663   16  588  154.00000   95.99663  37.7%   236 3317s
  3289  2037   95.99663   17  638  154.00000   95.99663  37.7%   237 3970s

Cutting planes:
  Learned: 2
  Gomory: 16
  Cover: 62
  Implied bound: 10
  Clique: 15
  MIR: 73
  StrongCG: 9
  Flow cover: 127
  Inf proof: 1
  Zero half: 5
  RLT: 53
  Relax-and-lift: 65

Explored 3297 nodes (965262 simplex iterations) in 4067.00 seconds (173.24 work units)
Thread count was 32 (of 32 available processors)

Solution count 10: 154 154 155 ... 180

Time limit reached
Best objective 1.539999999845e+02, best bound 9.599662803584e+01, gap 37.6645%

Wrote result file 'RCPSP_1401.sol'

