
Gurobi 10.0.3 (linux64, gurobi_cl) logging started Fri Nov 10 18:37:48 2023

Set parameter Username
Set parameter TimeLimit to value 3600
Set parameter LogFile to value "RCPSP_1617.log"
Set parameter Threads to value 32
Academic license - for non-commercial use only - expires 2024-10-30
Using license file /home/jrivera6/gurobi-licenses/v1003/compute-0-34/gurobi.lic

Gurobi Optimizer version 10.0.3 build v10.0.3rc0 (linux64)
Copyright (c) 2023, Gurobi Optimization, LLC

Read MPS format model from file RCPSP_1617.mps
Reading time = 0.11 seconds
RCPSP_1617: 75214 rows, 29890 columns, 280548 nonzeros

CPU model: Intel(R) Xeon(R) Gold 6130 CPU @ 2.10GHz, instruction set [SSE2|AVX|AVX2|AVX512]
Thread count: 32 physical cores, 32 logical processors, using up to 32 threads

Optimize a model with 75214 rows, 29890 columns and 280548 nonzeros
Model fingerprint: 0xe508df65
Variable types: 122 continuous, 29768 integer (29768 binary)
Coefficient statistics:
  Matrix range     [1e+00, 6e+02]
  Objective range  [1e+00, 1e+00]
  Bounds range     [1e+00, 1e+00]
  RHS range        [1e+00, 7e+02]
Presolve removed 11291 rows and 1910 columns
Presolve time: 4.42s
Presolved: 63923 rows, 27980 columns, 252006 nonzeros
Variable types: 121 continuous, 27859 integer (27859 binary)

Deterministic concurrent LP optimizer: primal and dual simplex (primal and dual model)
Showing first log only...

Root relaxation presolved: 63923 rows, 27980 columns, 252006 nonzeros


Root simplex log...

Iteration    Objective       Primal Inf.    Dual Inf.      Time
       0    9.2013812e+01   5.083503e-02   4.688975e+08      7s
    4716    8.9000000e+01   0.000000e+00   0.000000e+00      9s
Concurrent spin time: 1.12s

Solved with dual simplex (primal model)

Root relaxation: objective 8.900000e+01, 10880 iterations, 4.54 seconds (0.56 work units)
Total elapsed time = 16.25s
Total elapsed time = 21.54s

    Nodes    |    Current Node    |     Objective Bounds      |     Work
 Expl Unexpl |  Obj  Depth IntInf | Incumbent    BestBd   Gap | It/Node Time

     0     0   89.00000    0 1004          -   89.00000      -     -   27s
     0     0   89.00000    0 1004          -   89.00000      -     -   29s
     0     0   89.00000    0 1000          -   89.00000      -     -   29s
     0     0   89.00000    0 1857          -   89.00000      -     -  195s
     0     0   89.00000    0 1992          -   89.00000      -     -  202s
     0     0   89.00000    0 1882          -   89.00000      -     -  202s
     0     0   89.00000    0 2038          -   89.00000      -     -  209s
     0     0   89.00000    0 2010          -   89.00000      -     -  210s
     0     0   89.00000    0  912          -   89.00000      -     -  246s
     0     0   89.00000    0  912          -   89.00000      -     -  248s
     0     0   89.00000    0  912          -   89.00000      -     -  248s
     0     0   89.00000    0 1296          -   89.00000      -     -  260s
     0     0   89.00000    0 1200          -   89.00000      -     -  260s
     0     0   89.00000    0  997          -   89.00000      -     -  297s
     0     0   89.00000    0  991          -   89.00000      -     -  298s
     0     0   89.00000    0  989          -   89.00000      -     -  299s
     0     0   89.00000    0 1412          -   89.00000      -     -  313s
     0     0   89.00000    0 1359          -   89.00000      -     -  315s
     0     0   89.00000    0 1341          -   89.00000      -     -  315s
     0     0   89.00000    0  960          -   89.00000      -     -  351s
     0     0   89.00000    0  957          -   89.00000      -     -  352s
     0     0   89.00000    0 1518          -   89.00000      -     -  362s
     0     0   89.00000    0 1454          -   89.00000      -     -  363s
     0     0   89.00000    0  809          -   89.00000      -     -  426s
     0     0   89.00000    0  801          -   89.00000      -     -  426s
     0     0   89.00000    0 1379          -   89.00000      -     -  438s
     0     0   89.00000    0 1357          -   89.00000      -     -  441s
     0     0   89.00000    0 1339          -   89.00000      -     -  443s
     0     0   89.00000    0 1221          -   89.00000      -     -  488s
     0     0   89.00000    0 1153          -   89.00000      -     -  489s
     0     0   89.00000    0  831          -   89.00000      -     -  547s
     0     2   89.00000    0  445          -   89.00000      -     -  635s
     1     4   89.00000    1  447          -   89.00000      -  7697  652s
     3     8   89.00000    2 1139          -   89.00000      -  3756  695s
     7    16   89.00000    3 1347          -   89.00000      -  3092  740s
    15    30   89.00000    4 1627          -   89.00000      -  2416  815s
    31    60   89.00000    5 1578          -   89.00000      -  2257  951s
    61    90   89.00000    6 1818          -   89.00000      -  2319 1096s
    93   122   89.00000    7 1652          -   89.00000      -  2199 1144s
   125   152   89.00000    8 1501          -   89.00000      -  2002 1187s
   157   184   89.00000    9 1441          -   89.00000      -  1722 1203s
   189   234   89.00000    9 1536          -   89.00000      -  1493 1396s
   239   281   89.00000   10 1602          -   89.00000      -  1312 1627s
   286   332   89.00000   10 1542          -   89.00000      -  1534 1659s
   337   530   89.00000   11 1565          -   89.00000      -  1351 1684s
   535   816   89.00000   12 1563          -   89.00000      -   922 1804s
   561   816   93.00000   23 1393          -   89.00000      -   889 1806s
   830  1344   89.00000   20 1469          -   89.00000      -   678 1959s
  1376  2160   89.00000   29 1517          -   89.00000      -   484 2090s
  2238  3222   89.00000   51 1518          -   89.00000      -   366 2530s
  2337  3222   93.00000   47 1407          -   89.00000      -   357 2537s
  3341  3222   89.00000   40 1164          -   89.00000      -   301 2694s
  3395  4351   89.00000   70 1500          -   89.00000      -   298 3682s

Cutting planes:
  Gomory: 69
  Lift-and-project: 2
  Cover: 518
  Implied bound: 440
  MIR: 3781
  StrongCG: 13
  Zero half: 1
  RLT: 2002
  Relax-and-lift: 659

Explored 4730 nodes (1407803 simplex iterations) in 3706.99 seconds (155.99 work units)
Thread count was 32 (of 32 available processors)

Solution count 0

Time limit reached
Best objective -, best bound 8.900000000000e+01, gap -

Unable to retrieve attribute 'X'

