
Gurobi 10.0.3 (linux64, gurobi_cl) logging started Fri Nov 10 18:39:52 2023

Set parameter Username
Set parameter TimeLimit to value 3600
Set parameter LogFile to value "RCPSP_1636.log"
Set parameter Threads to value 32
Academic license - for non-commercial use only - expires 2024-10-30
Using license file /home/jrivera6/gurobi-licenses/v1003/compute-0-37/gurobi.lic

Gurobi Optimizer version 10.0.3 build v10.0.3rc0 (linux64)
Copyright (c) 2023, Gurobi Optimization, LLC

Read MPS format model from file RCPSP_1636.mps
Reading time = 0.10 seconds
RCPSP_1636: 75214 rows, 29890 columns, 280548 nonzeros

CPU model: Intel(R) Xeon(R) Gold 6242 CPU @ 2.80GHz, instruction set [SSE2|AVX|AVX2|AVX512]
Thread count: 32 physical cores, 32 logical processors, using up to 32 threads

Optimize a model with 75214 rows, 29890 columns and 280548 nonzeros
Model fingerprint: 0x80425aa6
Variable types: 122 continuous, 29768 integer (29768 binary)
Coefficient statistics:
  Matrix range     [1e+00, 6e+02]
  Objective range  [1e+00, 1e+00]
  Bounds range     [1e+00, 1e+00]
  RHS range        [1e+00, 6e+02]
Presolve removed 11240 rows and 1859 columns (presolve time = 5s) ...
Presolve removed 11240 rows and 1859 columns
Presolve time: 5.06s
Presolved: 63974 rows, 28031 columns, 252312 nonzeros
Variable types: 121 continuous, 27910 integer (27910 binary)

Deterministic concurrent LP optimizer: primal and dual simplex (primal and dual model)
Showing first log only...

Root relaxation presolved: 63974 rows, 28031 columns, 252312 nonzeros


Root simplex log...

Iteration    Objective       Primal Inf.    Dual Inf.      Time
       0    8.1265960e+01   3.803559e-02   1.749688e+08      8s
Concurrent spin time: 0.02s

Solved with dual simplex (dual model)

Root relaxation: objective 8.000000e+01, 17254 iterations, 2.49 seconds (0.20 work units)
Total elapsed time = 11.50s

    Nodes    |    Current Node    |     Objective Bounds      |     Work
 Expl Unexpl |  Obj  Depth IntInf | Incumbent    BestBd   Gap | It/Node Time

     0     0   80.00000    0   53          -   80.00000      -     -   15s
     0     0   80.00000    0  784          -   80.00000      -     -   57s
     0     0   80.00000    0  744          -   80.00000      -     -   63s
H    0     0                      80.0000000   80.00000  0.00%     -   87s
     0     0   80.00000    0    2   80.00000   80.00000  0.00%     -   87s

Cutting planes:
  Gomory: 65
  Lift-and-project: 14
  Cover: 8
  Implied bound: 23
  MIR: 1436
  StrongCG: 5
  Mod-K: 1
  RLT: 1021
  Relax-and-lift: 61

Explored 1 nodes (46664 simplex iterations) in 89.75 seconds (12.19 work units)
Thread count was 32 (of 32 available processors)

Solution count 1: 80 

Optimal solution found (tolerance 1.00e-04)
Best objective 8.000000000000e+01, best bound 8.000000000000e+01, gap 0.0000%

Wrote result file 'RCPSP_1636.sol'

