
Gurobi 10.0.3 (linux64, gurobi_cl) logging started Thu Nov  2 11:34:50 2023

Set parameter Username
Set parameter TimeLimit to value 3600
Set parameter LogFile to value "RCPSP_613.log"
Set parameter Threads to value 32
Academic license - for non-commercial use only - expires 2024-10-30
Using license file /home/jrivera6/gurobi-licenses/v1003/compute-0-38/gurobi.lic

Gurobi Optimizer version 10.0.3 build v10.0.3rc0 (linux64)
Copyright (c) 2023, Gurobi Optimization, LLC

Read MPS format model from file RCPSP_613.mps
Reading time = 0.02 seconds
RCPSP_613: 19624 rows, 7750 columns, 71898 nonzeros

CPU model: Intel(R) Xeon(R) Gold 6242 CPU @ 2.80GHz, instruction set [SSE2|AVX|AVX2|AVX512]
Thread count: 32 physical cores, 32 logical processors, using up to 32 threads

Optimize a model with 19624 rows, 7750 columns and 71898 nonzeros
Model fingerprint: 0x9fc9fb6c
Variable types: 62 continuous, 7688 integer (7688 binary)
Coefficient statistics:
  Matrix range     [1e+00, 3e+02]
  Objective range  [1e+00, 1e+00]
  Bounds range     [1e+00, 1e+00]
  RHS range        [1e+00, 3e+02]
Presolve removed 7292 rows and 2558 columns
Presolve time: 2.42s
Presolved: 12332 rows, 5192 columns, 47351 nonzeros
Variable types: 61 continuous, 5131 integer (5131 binary)

Root relaxation: objective 6.100000e+01, 1811 iterations, 0.03 seconds (0.03 work units)

    Nodes    |    Current Node    |     Objective Bounds      |     Work
 Expl Unexpl |  Obj  Depth IntInf | Incumbent    BestBd   Gap | It/Node Time

     0     0   61.00000    0   36          -   61.00000      -     -    2s
     0     0   61.00000    0  343          -   61.00000      -     -    4s
     0     0   61.00000    0  342          -   61.00000      -     -    4s
     0     0   61.00000    0   48          -   61.00000      -     -    6s
     0     0   61.00000    0   50          -   61.00000      -     -    6s
     0     0   61.00000    0   36          -   61.00000      -     -    6s
     0     0   61.00000    0   36          -   61.00000      -     -    6s
     0     0   61.00000    0   22          -   61.00000      -     -    7s
     0     0   61.00000    0   28          -   61.00000      -     -    8s
     0     0   61.00000    0   14          -   61.00000      -     -    8s
     0     0   61.00000    0   26          -   61.00000      -     -    9s
     0     0   61.00000    0    8          -   61.00000      -     -    9s
     0     0   61.00000    0    8          -   61.00000      -     -   10s
     0     0   61.00000    0   10          -   61.00000      -     -   10s
     0     0   61.00000    0   14          -   61.00000      -     -   11s
     0     0   61.00000    0   56          -   61.00000      -     -   11s
     0     0   61.00000    0   22          -   61.00000      -     -   12s
H    0     0                     315.0000000   61.00000  80.6%     -   12s
     0     0   61.00000    0   22  315.00000   61.00000  80.6%     -   13s
     0     2   61.00000    0   14  315.00000   61.00000  80.6%     -   15s
    15    31   61.00000    4  244  315.00000   61.00000  80.6%   200   21s
    31    55   61.00000    5  214  315.00000   61.00000  80.6%   180   48s
H   46    55                     306.0000000   61.00000  80.1%   141   48s
    62    79   61.00000    6  173  306.00000   61.00000  80.1%   156   89s
H   66    79                      72.0000000   61.00000  15.3%   151   89s
H   67    79                      70.0000000   61.00000  12.9%   152   89s
H   94    82                      68.0000000   61.00000  10.3%   147  106s
H   95    82                      67.0000000   61.00000  8.96%   151  106s
H   97    82                      66.0000000   61.00000  7.58%   150  106s
   190   109   61.00000    8  227   66.00000   61.00000  7.58%  96.8  116s
   278   189   61.00000   10   67   66.00000   61.00000  7.58%   149  122s
   404   305   64.00000   12   77   66.00000   61.00000  7.58%   118  126s
   479   366   65.00000   13   89   66.00000   61.00000  7.58%   106  132s
   555   454   65.00000   14  149   66.00000   61.00000  7.58%   100  139s
   656   548   65.00000   16  147   66.00000   61.00000  7.58%  93.4  142s
   765   649   65.00000   19  145   66.00000   61.00000  7.58%  85.4  146s
  1282  1024   65.00000   28  183   66.00000   61.00000  7.58%  61.1  213s
H 1285  1024                      65.0000000   61.00000  6.15%  61.1  213s
  1316   638   62.00000   42   22   65.00000   61.00000  6.15%  60.4  225s
H 1322   609                      64.0000000   61.00000  4.69%  60.1  229s
  1324   610   64.00000   49   28   64.00000   61.00000  4.69%  60.0  230s
H 1328   582                      63.0000000   61.00000  3.17%  59.8  233s
H 1330   554                      62.0000000   61.00000  1.61%  59.7  234s
  1332   556   61.00000   16   25   62.00000   61.00000  1.61%  59.6  235s
H 1335   530                      61.0000000   61.00000  0.00%  59.5  237s

Cutting planes:
  Gomory: 48
  Cover: 148
  Implied bound: 80
  Projected implied bound: 18
  Clique: 152
  MIR: 65
  StrongCG: 12
  Flow cover: 361
  GUB cover: 2
  Zero half: 11
  RLT: 51
  Relax-and-lift: 76

Explored 1335 nodes (122991 simplex iterations) in 237.45 seconds (27.41 work units)
Thread count was 32 (of 32 available processors)

Solution count 10: 61 62 63 ... 72

Optimal solution found (tolerance 1.00e-04)
Best objective 6.100000000000e+01, best bound 6.100000000000e+01, gap 0.0000%

Wrote result file 'RCPSP_613.sol'

