
Gurobi 10.0.3 (linux64, gurobi_cl) logging started Thu Nov  2 11:36:38 2023

Set parameter Username
Set parameter TimeLimit to value 3600
Set parameter LogFile to value "RCPSP_769.log"
Set parameter Threads to value 32
Academic license - for non-commercial use only - expires 2024-10-30
Using license file /home/jrivera6/gurobi-licenses/v1003/compute-0-39/gurobi.lic

Gurobi Optimizer version 10.0.3 build v10.0.3rc0 (linux64)
Copyright (c) 2023, Gurobi Optimization, LLC

Read MPS format model from file RCPSP_769.mps
Reading time = 0.02 seconds
RCPSP_769: 19643 rows, 7750 columns, 71917 nonzeros

CPU model: Intel(R) Xeon(R) Gold 6242 CPU @ 2.80GHz, instruction set [SSE2|AVX|AVX2|AVX512]
Thread count: 32 physical cores, 32 logical processors, using up to 32 threads

Optimize a model with 19643 rows, 7750 columns and 71917 nonzeros
Model fingerprint: 0xf5a11da2
Variable types: 62 continuous, 7688 integer (7688 binary)
Coefficient statistics:
  Matrix range     [1e+00, 3e+02]
  Objective range  [1e+00, 1e+00]
  Bounds range     [1e+00, 1e+00]
  RHS range        [1e+00, 3e+02]
Presolve removed 8720 rows and 3231 columns
Presolve time: 3.37s
Presolved: 10923 rows, 4519 columns, 41325 nonzeros
Variable types: 61 continuous, 4458 integer (4458 binary)

Root relaxation: objective 7.000000e+01, 1462 iterations, 0.02 seconds (0.01 work units)

    Nodes    |    Current Node    |     Objective Bounds      |     Work
 Expl Unexpl |  Obj  Depth IntInf | Incumbent    BestBd   Gap | It/Node Time

     0     0   70.00000    0  276          -   70.00000      -     -    4s
     0     0   74.00000    0  262          -   74.00000      -     -    4s
     0     0   74.00000    0  471          -   74.00000      -     -    7s
     0     0   74.00000    0  486          -   74.00000      -     -    7s
     0     0   74.00000    0  356          -   74.00000      -     -   12s
     0     0   74.00000    0  374          -   74.00000      -     -   12s
     0     0   74.00000    0  359          -   74.00000      -     -   15s
     0     0   74.01607    0  461          -   74.01607      -     -   16s
H    0     0                     179.0000000   77.39147  56.8%     -   19s
H    0     0                     178.0000000   77.39147  56.5%     -   19s
     0     0   77.39147    0  304  178.00000   77.39147  56.5%     -   19s
H    0     0                     177.0000000   77.39147  56.3%     -   21s
     0     0   77.39147    0  321  177.00000   77.39147  56.3%     -   22s
     0     0   77.39147    0  427  177.00000   77.39147  56.3%     -   22s
     0     0   77.39147    0  421  177.00000   77.39147  56.3%     -   23s
H    0     0                     169.0000000   77.61101  54.1%     -   25s
     0     0   77.61101    0  272  169.00000   77.61101  54.1%     -   26s
H    0     0                     166.0000000   77.61101  53.2%     -   26s
     0     0   77.61101    0  326  166.00000   77.61101  53.2%     -   26s
     0     0   77.61101    0  364  166.00000   77.61101  53.2%     -   27s
     0     0   77.61101    0  386  166.00000   77.61101  53.2%     -   28s
     0     0   77.61101    0  219  166.00000   77.61101  53.2%     -   31s
H    0     0                     163.0000000   77.61101  52.4%     -   31s
     0     0   77.61101    0  372  163.00000   77.61101  52.4%     -   32s
     0     0   77.61101    0  248  163.00000   77.61101  52.4%     -   34s
     0     0   77.61101    0  374  163.00000   77.61101  52.4%     -   34s
     0     0   77.61101    0  353  163.00000   77.61101  52.4%     -   36s
     0     0   77.61101    0  223  163.00000   77.61101  52.4%     -   37s
H    0     0                     161.0000000   77.61101  51.8%     -   39s
H    0     2                     158.0000000   77.61101  50.9%     -   44s
     0     2   77.61101    0  195  158.00000   77.61101  50.9%     -   44s
     1     4   77.77229    1  185  158.00000   77.77229  50.8%  1122   45s
     7    16   77.81691    3  448  158.00000   77.77229  50.8%   817   51s
    15    27   77.92708    4  462  158.00000   77.92593  50.7%   825   56s
H   31    49                     154.0000000   77.92593  49.4%   798  107s
H   33    49                     152.0000000   77.92593  48.7%   783  107s
H   41    49                     150.0000000   77.92593  48.0%   778  107s
    58    79   83.00000    6  362  150.00000   78.00000  48.0%   788  111s
    90   109   83.00000    7  404  150.00000   79.92593  46.7%   726  135s
H   91   109                     149.0000000   79.92593  46.4%   718  135s
H  108   109                     148.0000000   79.92593  46.0%   656  135s
   186   227   83.00000   10  378  148.00000   79.92593  46.0%   437  141s
   356   378   83.00000   16  358  148.00000   79.92593  46.0%   254  146s
   509   497   83.00000   19  346  148.00000   79.92593  46.0%   192  151s
   584   565   88.00000   21  327  148.00000   79.92593  46.0%   174  155s
   888   919   88.00000   30  306  148.00000   79.92593  46.0%   127  160s
H 1198  1084                     141.0000000   79.92593  43.3%   102  167s
  1232  1191   99.00000   37  296  141.00000   79.92593  43.3%   103  170s
  1545  1487   79.92593    7  394  141.00000   79.92593  43.3%  93.8  177s
  1730  1667   79.92593    8  377  141.00000   79.92593  43.3%  88.5  180s
  2154  2022   83.00000   14  343  141.00000   79.92593  43.3%  79.5  188s
H 2379  2051                     135.0000000   79.92593  40.8%  75.7  193s
  2413  2250   83.00000   16  319  135.00000   79.92593  40.8%  75.8  200s
H 2711  2269                     127.0000000   79.92593  37.1%  72.0  428s
H 2712  2268                     125.0000000   79.92593  36.1%  71.9  428s
  2746  2524   83.00000   25  336  125.00000   79.92593  36.1%  73.8  434s
  3058  2525   91.00000   44  223  125.00000   79.92593  36.1%  69.5  453s
  3060  2526  112.00000  115  144  125.00000   79.92593  36.1%  69.5  455s
  3061  2527   97.00000   42  220  125.00000   79.92593  36.1%  69.5  460s
H 3063  2401                     124.0000000   79.92593  35.5%  69.4  464s
  3064  2402   83.00000   20  190  124.00000   79.92593  35.5%  69.4  465s
  3067  2404   95.00000   38  291  124.00000   79.92593  35.5%  69.3  472s
H 3068  2285                     123.0000000   79.92593  35.0%  69.3  476s
  3071  2287  118.00000   53  330  123.00000   79.92593  35.0%  69.2  482s
  3074  2292   79.92593   14  257  123.00000   79.92593  35.0%  85.4  493s
  3076  2295   79.92593   15  267  123.00000   79.92593  35.0%  85.7  498s
  3080  2302   79.92593   16  270  123.00000   79.92593  35.0%  85.9  503s
  3088  2315   80.00000   17  267  123.00000   79.92593  35.0%  86.1  507s
  3104  2342   83.00000   18  261  123.00000   79.92593  35.0%  85.9  518s
H 3106  2226                     122.0000000   79.92593  34.5%  85.9  518s
  3136  2248   83.00000   19  259  122.00000   79.92593  34.5%  85.9  524s
  3168  2268   83.00000   19  294  122.00000   79.92593  34.5%  85.5  525s
  3232  2310   83.00000   20  284  122.00000   79.92593  34.5%  84.8  530s
  3432  2471   85.00000   24  252  122.00000   79.92593  34.5%  81.6  535s
  3708  2589   94.00000   28  267  122.00000   79.92593  34.5%  77.2  543s
  3813  2689   85.00000   30  309  122.00000   79.92593  34.5%  76.1  545s
  3882  2733   93.00000   31  247  122.00000   79.92593  34.5%  75.0  551s
  3956  2758   85.00000   33  253  122.00000   79.92593  34.5%  73.9  569s
H 3965  2646                     121.0000000   79.92593  33.9%  73.8  569s
H 3970  2541                     114.0000000   79.92593  29.9%  73.7  569s
  4019  2522 infeasible   33       114.00000   79.92593  29.9%  73.0  580s
  4080  2523   85.00000   34  252  114.00000   79.92593  29.9%  72.8  586s
  4359  2663   85.00000   39  243  114.00000   79.92593  29.9%  69.4  599s
  4402  2763   88.00000   39  239  114.00000   79.92593  29.9%  69.0  600s
  4821  2876   90.00000   46  246  114.00000   79.92593  29.9%  64.4  614s
  4863  3064   85.00000   47  235  114.00000   79.92593  29.9%  64.5  616s
  5086  3018   85.00000   51  269  114.00000   79.92593  29.9%  62.4  644s
H 5089  2918                     114.0000000   79.92593  29.9%  62.3  644s
H 5090  2825                     113.0000000   79.92593  29.3%  62.3  644s
H 5106  2730                     112.0000000   79.92593  28.6%  62.2  644s
  5119  2731   85.00000   52  245  112.00000   79.92593  28.6%  62.0  656s
  5178  2744   85.00000   53  235  112.00000   79.92593  28.6%  61.9  664s
  5227  2745   88.00000   53  229  112.00000   79.92593  28.6%  61.7  671s
  5277  2737   90.00000   54  232  112.00000   79.92593  28.6%  61.4  689s
  5312  2735   90.00000   55  226  112.00000   79.92593  28.6%  61.1  696s
  5750  2890 infeasible   59       112.00000   79.92593  28.6%  57.7  711s
  6283  3477   90.00000   66  222  112.00000   79.92593  28.6%  54.5  716s
  7321  3513   94.00000   81  206  112.00000   79.92593  28.6%  48.6  730s
  8003  4190   97.00000   92  254  112.00000   79.92593  28.6%  46.0  737s
  8510  4129 infeasible   99       112.00000   79.92593  28.6%  44.0  745s
  9382  5243  110.00000   50  212  112.00000   79.92593  28.6%  41.2  751s
 10057  5206   94.00000   26  280  112.00000   79.92593  28.6%  39.2  758s
 10155  5838   94.00000   27  273  112.00000   79.92593  28.6%  39.2  761s
 10964  5942   94.00000   43  247  112.00000   79.92593  28.6%  37.2  766s
 11130  5927 infeasible   45       112.00000   79.92593  28.6%  36.8  775s
 12211  6991  102.00000   78  199  112.00000   79.92593  28.6%  34.8  784s
 12728  6931   89.92593   27  295  112.00000   79.92593  28.6%  33.8  792s
 12842  7803   89.92593   29  279  112.00000   79.92593  28.6%  33.8  795s
 13888  7800   99.00000   62  224  112.00000   79.92593  28.6%  32.2  805s
 13959  8008   99.00000   63  224  112.00000   79.92593  28.6%  32.3  811s
 14222  8863  111.00000   69  344  112.00000   79.92593  28.6%  32.0  815s
 16443  9666   93.00000   24  312  112.00000   79.92593  28.6%  29.4  833s
 16515 10572   93.00000   25  310  112.00000   79.92593  28.6%  29.5  836s
 17668 11311  102.00000   54  248  112.00000   79.92593  28.6%  28.5  840s
 18776 11333   82.92593   43  330  112.00000   79.92593  28.6%  27.6  889s
 18817 11300   95.00000   41  259  112.00000   79.92593  28.6%  27.6  905s
 18904 11339   95.00000   44  272  112.00000   79.92593  28.6%  27.7  912s
 18963 11402 infeasible   44       112.00000   79.92593  28.6%  27.8  921s
 19034 11470   95.00000   46  271  112.00000   79.92593  28.6%  27.8  931s
 19108 11635   98.00000   48  255  112.00000   79.92593  28.6%  27.7  939s
 19284 12327   98.00000   50  251  112.00000   79.92593  28.6%  27.6  945s
 20141 12324  106.00000   79  213  112.00000   79.92593  28.6%  26.9  957s
 20214 13969   99.00000   80  233  112.00000   79.92593  28.6%  26.9  962s
 22235 14368 infeasible  125       112.00000   79.92593  28.6%  25.4  966s
 22862 15480   80.92593   40  380  112.00000   79.92593  28.6%  24.9  970s
 24573 15467   98.00000   43  282  112.00000   79.92593  28.6%  24.0  981s
 24648 16406   99.00000   44  313  112.00000   79.92593  28.6%  24.1  986s
 26025 17489 infeasible   85       112.00000   79.92593  28.6%  23.7  990s
 27596 17434  105.00000   62  238  112.00000   79.92593  28.6%  23.1 1003s
 27703 18447  105.00000   63  246  112.00000   79.92593  28.6%  23.2 1009s
 29069 21452   90.00000   50  299  112.00000   79.92593  28.6%  22.6 1038s
 33683 21421   98.00000   70  216  112.00000   79.92593  28.6%  21.1 1049s
 33790 21454 infeasible   72       112.00000   79.92593  28.6%  21.2 1067s
 33827 21861   98.00000   73  238  112.00000   79.92593  28.6%  21.2 1074s
 34279 23173  102.00000   86  233  112.00000   79.92593  28.6%  21.1 1082s
 36059 23944 infeasible   58       112.00000   80.92593  27.7%  20.6 1089s
 37116 23926 infeasible   84       112.00000   80.92593  27.7%  20.3 1097s
 37218 25418   85.92593   40  292  112.00000   80.92593  27.7%  20.4 1104s
 39250 26802  101.00000   53  228  112.00000   80.92593  27.7%  20.0 1110s
 41417 26792   84.00000   38  240  112.00000   80.92593  27.7%  19.5 1123s
 41547 28347   84.00000   41  242  112.00000   80.92593  27.7%  19.5 1129s
 43817 29552   94.92593   49  302  112.00000   81.00000  27.7%  19.1 1135s
 45804 29561 infeasible   54       112.00000   81.00000  27.7%  18.9 1152s
 45917 31146   94.00000   43  204  112.00000   81.00000  27.7%  19.0 1159s
 48315 32618   94.00000   47  226  112.00000   81.00000  27.7%  18.6 1168s
 50470 32630 infeasible   76       112.00000   81.00000  27.7%  18.4 1181s
 50592 34003  103.00000   77  209  112.00000   81.00000  27.7%  18.5 1188s
 52474 34842 infeasible   64       112.00000   81.00000  27.7%  18.2 1196s
 53846 34861 infeasible   93       112.00000   81.00000  27.7%  18.0 1210s
 54023 36908  106.00000   90  190  112.00000   81.00000  27.7%  18.1 1219s
 56861 39113  107.00000   54  208  112.00000   81.00000  27.7%  17.8 1229s
 60381 44171   84.00000   31  250  112.00000   81.00000  27.7%  17.4 1318s
 68116 44176 infeasible   73       112.00000   81.00000  27.7%  16.6 1330s
 68247 44293   93.00000   42  209  112.00000   81.00000  27.7%  16.7 1345s
 68373 45727   96.00000   48  199  112.00000   81.00000  27.7%  16.7 1357s
 70464 48214  107.00000   85  197  112.00000   81.00000  27.7%  16.5 1368s
 74404 50201   90.09091   53  258  112.00000   81.00000  27.7%  16.2 1379s
 77493 50232   94.00000   55  292  112.00000   81.00000  27.7%  16.0 1392s
 77652 53294   94.00000   58  232  112.00000   81.00000  27.7%  16.0 1402s
 82117 55407 infeasible  106       112.00000   81.09091  27.6%  15.7 1413s
 85838 55454   96.00000   62  241  112.00000   82.00000  26.8%  15.6 1428s
 85963 58560   96.00000   64  245  112.00000   82.00000  26.8%  15.6 1441s
 90723 65490  105.00000   63  274  112.00000   82.00000  26.8%  15.3 1581s
 101617 65534 infeasible   59       112.00000   82.00000  26.8%  14.8 1597s
 101754 66804   98.00000   43  272  112.00000   82.00000  26.8%  14.9 1618s
 103817 66848 infeasible   52       112.00000   82.00000  26.8%  14.8 1635s
 104009 70331   93.00000   54  278  112.00000   82.00000  26.8%  14.8 1647s
 109396 73054   97.00000   78  209  112.00000   82.00000  26.8%  14.6 1658s
 113906 73930   91.00000   59  265  112.00000   82.00000  26.8%  14.4 1671s
 115285 76887  102.00000  118  186  112.00000   82.00000  26.8%  14.4 1684s
 119929 77014  105.00000   67  253  112.00000   82.00000  26.8%  14.3 1725s
 120226 97831  109.00000   79  206  112.00000   82.00000  26.8%  14.4 2211s
 132238 97831   93.00000   39  220  112.00000   82.00000  26.8%  14.0 2225s
 152258 97973 infeasible   51       112.00000   82.00000  26.8%  13.5 2374s
 152461 97973 infeasible  104       112.00000   82.00000  26.8%  13.5 2375s
 152532 113270   89.00000   57  278  112.00000   82.00000  26.8%  13.5 3947s
 159627 113270   90.00000   57  273  112.00000   82.00000  26.8%  13.3 3953s
 166263 113270   87.00000   43  247  112.00000   82.00000  26.8%  13.2 3960s

Cutting planes:
  Learned: 2
  Gomory: 4
  Cover: 55
  Implied bound: 1
  Clique: 20
  MIR: 26
  StrongCG: 4
  Flow cover: 45
  Zero half: 3
  Relax-and-lift: 4

Explored 176867 nodes (2370693 simplex iterations) in 4093.82 seconds (101.57 work units)
Thread count was 32 (of 32 available processors)

Solution count 10: 112 113 114 ... 127

Time limit reached
Best objective 1.120000000000e+02, best bound 8.200000000000e+01, gap 26.7857%

Wrote result file 'RCPSP_769.sol'

