
Gurobi 10.0.3 (linux64, gurobi_cl) logging started Thu Nov  2 11:34:03 2023

Set parameter Username
Set parameter TimeLimit to value 3600
Set parameter LogFile to value "RCPSP_321.log"
Set parameter Threads to value 32
Academic license - for non-commercial use only - expires 2024-10-30
Using license file /home/jrivera6/gurobi-licenses/v1003/compute-0-34/gurobi.lic

Gurobi Optimizer version 10.0.3 build v10.0.3rc0 (linux64)
Copyright (c) 2023, Gurobi Optimization, LLC

Read MPS format model from file RCPSP_321.mps
Reading time = 0.01 seconds
RCPSP_321: 5349 rows, 2080 columns, 16103 nonzeros

CPU model: Intel(R) Xeon(R) Gold 6130 CPU @ 2.10GHz, instruction set [SSE2|AVX|AVX2|AVX512]
Thread count: 32 physical cores, 32 logical processors, using up to 32 threads

Optimize a model with 5349 rows, 2080 columns and 16103 nonzeros
Model fingerprint: 0x27be5d63
Variable types: 32 continuous, 2048 integer (2048 binary)
Coefficient statistics:
  Matrix range     [1e+00, 2e+02]
  Objective range  [1e+00, 1e+00]
  Bounds range     [1e+00, 1e+00]
  RHS range        [1e+00, 2e+02]
Presolve removed 3491 rows and 1380 columns
Presolve time: 0.30s
Presolved: 1858 rows, 700 columns, 5503 nonzeros
Variable types: 31 continuous, 669 integer (669 binary)

Root relaxation: objective 6.400000e+01, 249 iterations, 0.00 seconds (0.00 work units)

    Nodes    |    Current Node    |     Objective Bounds      |     Work
 Expl Unexpl |  Obj  Depth IntInf | Incumbent    BestBd   Gap | It/Node Time

     0     0   64.00000    0    2          -   64.00000      -     -    0s
H    0     0                      66.0000000   64.00000  3.03%     -    0s
     0     0   65.00000    0    3   66.00000   65.00000  1.52%     -    0s
H    0     0                      65.0000000   65.00000  0.00%     -    2s
     0     0   65.00000    0   43   65.00000   65.00000  0.00%     -    2s

Explored 1 nodes (813 simplex iterations) in 2.32 seconds (0.26 work units)
Thread count was 32 (of 32 available processors)

Solution count 2: 65 66 

Optimal solution found (tolerance 1.00e-04)
Best objective 6.500000000000e+01, best bound 6.500000000000e+01, gap 0.0000%

Wrote result file 'RCPSP_321.sol'

