
Gurobi 10.0.3 (linux64, gurobi_cl) logging started Thu Nov  2 11:35:42 2023

Set parameter Username
Set parameter TimeLimit to value 3600
Set parameter LogFile to value "RCPSP_700.log"
Set parameter Threads to value 32
Academic license - for non-commercial use only - expires 2024-10-30
Using license file /home/jrivera6/gurobi-licenses/v1003/compute-0-35/gurobi.lic

Gurobi Optimizer version 10.0.3 build v10.0.3rc0 (linux64)
Copyright (c) 2023, Gurobi Optimization, LLC

Read MPS format model from file RCPSP_700.mps
Reading time = 0.02 seconds
RCPSP_700: 19643 rows, 7750 columns, 64658 nonzeros

CPU model: Intel(R) Xeon(R) Gold 6130 CPU @ 2.10GHz, instruction set [SSE2|AVX|AVX2|AVX512]
Thread count: 32 physical cores, 32 logical processors, using up to 32 threads

Optimize a model with 19643 rows, 7750 columns and 64658 nonzeros
Model fingerprint: 0xf44ce826
Variable types: 62 continuous, 7688 integer (7688 binary)
Coefficient statistics:
  Matrix range     [1e+00, 3e+02]
  Objective range  [1e+00, 1e+00]
  Bounds range     [1e+00, 1e+00]
  RHS range        [1e+00, 3e+02]
Presolve removed 7381 rows and 2620 columns
Presolve time: 3.10s
Presolved: 12262 rows, 5130 columns, 41869 nonzeros
Variable types: 61 continuous, 5069 integer (5069 binary)

Root relaxation: objective 6.900000e+01, 1605 iterations, 0.03 seconds (0.01 work units)

    Nodes    |    Current Node    |     Objective Bounds      |     Work
 Expl Unexpl |  Obj  Depth IntInf | Incumbent    BestBd   Gap | It/Node Time

     0     0   69.00000    0   16          -   69.00000      -     -    3s
     0     0   69.00000    0   52          -   69.00000      -     -    6s
     0     0   69.00000    0   44          -   69.00000      -     -    6s
     0     0   70.00000    0   24          -   70.00000      -     -    7s
     0     0   70.00000    0   20          -   70.00000      -     -    7s
     0     0   70.00000    0   32          -   70.00000      -     -    8s
     0     0   70.00000    0   28          -   70.00000      -     -    8s
     0     0   70.00000    0   69          -   70.00000      -     -    9s
     0     0   70.00000    0   80          -   70.00000      -     -    9s
     0     0   70.00000    0   14          -   70.00000      -     -    9s
     0     0   70.00000    0   23          -   70.00000      -     -   10s
     0     0   70.00000    0    4          -   70.00000      -     -   10s
     0     0   70.00000    0   81          -   70.00000      -     -   11s
     0     0   70.00000    0   82          -   70.00000      -     -   11s
     0     0   70.00000    0    2          -   70.00000      -     -   11s
     0     0   70.00000    0    2          -   70.00000      -     -   12s
     0     0   70.00000    0    2          -   70.00000      -     -   12s
     0     0   70.00000    0    2          -   70.00000      -     -   12s
H    0     0                     326.0000000   70.00000  78.5%     -   12s
     0     0   70.00000    0    2  326.00000   70.00000  78.5%     -   12s
H    0     0                      71.0000000   70.00000  1.41%     -   13s
     0     0   70.00000    0   15   71.00000   70.00000  1.41%     -   24s
     0     0   70.00000    0   85   71.00000   70.00000  1.41%     -   28s
     0     0   70.00000    0   76   71.00000   70.00000  1.41%     -   29s
     0     0   70.00000    0   22   71.00000   70.00000  1.41%     -   34s
     0     0   70.00000    0    5   71.00000   70.00000  1.41%     -   37s
     0     0   70.00000    0    5   71.00000   70.00000  1.41%     -   38s
     0     0   70.00000    0    4   71.00000   70.00000  1.41%     -   42s
     0     0   70.00000    0   10   71.00000   70.00000  1.41%     -   45s
     0     0   70.00000    0   10   71.00000   70.00000  1.41%     -   48s
     0     0   70.00000    0    4   71.00000   70.00000  1.41%     -   52s
     0     0   70.00000    0   10   71.00000   70.00000  1.41%     -   53s
     0     0   70.00000    0   10   71.00000   70.00000  1.41%     -   54s
     0     0   70.00000    0   27   71.00000   70.00000  1.41%     -   54s
     0     0   70.00000    0    8   71.00000   70.00000  1.41%     -   55s
     0     0   70.00000    0    8   71.00000   70.00000  1.41%     -   55s
     0     2   70.00000    0    8   71.00000   70.00000  1.41%     -   57s
     7    11   70.00000    3    8   71.00000   70.00000  1.41%  72.3   60s
   101    74   70.00000    8  353   71.00000   70.00000  1.41%   115   69s
   133    96   70.00000    9  266   71.00000   70.00000  1.41%   130   70s
   210   165   70.00000   11   25   71.00000   70.00000  1.41%   224   76s
   325   228   70.00000   14   29   71.00000   70.00000  1.41%   183   80s
*  365   228              10      70.0000000   70.00000  0.00%   172   80s

Cutting planes:
  Gomory: 9
  Cover: 928
  Implied bound: 189
  Clique: 173
  MIR: 91
  StrongCG: 3
  Zero half: 2
  Mod-K: 2
  RLT: 56
  Relax-and-lift: 48

Explored 408 nodes (88207 simplex iterations) in 80.84 seconds (5.91 work units)
Thread count was 32 (of 32 available processors)

Solution count 3: 70 71 326 

Optimal solution found (tolerance 1.00e-04)
Best objective 7.000000000000e+01, best bound 7.000000000000e+01, gap 0.0000%

Wrote result file 'RCPSP_700.sol'

