
Gurobi 10.0.3 (linux64, gurobi_cl) logging started Fri Nov 10 22:00:32 2023

Set parameter Username
Set parameter TimeLimit to value 3600
Set parameter LogFile to value "RCPSP_1985.log"
Set parameter Threads to value 32
Academic license - for non-commercial use only - expires 2024-10-30
Using license file /home/jrivera6/gurobi-licenses/v1003/compute-0-34/gurobi.lic

Gurobi Optimizer version 10.0.3 build v10.0.3rc0 (linux64)
Copyright (c) 2023, Gurobi Optimization, LLC

Read MPS format model from file RCPSP_1985.mps
Reading time = 0.23 seconds
RCPSP_1985: 75288 rows, 29890 columns, 266102 nonzeros

CPU model: Intel(R) Xeon(R) Gold 6130 CPU @ 2.10GHz, instruction set [SSE2|AVX|AVX2|AVX512]
Thread count: 32 physical cores, 32 logical processors, using up to 32 threads

Optimize a model with 75288 rows, 29890 columns and 266102 nonzeros
Model fingerprint: 0x81b5820d
Variable types: 122 continuous, 29768 integer (29768 binary)
Coefficient statistics:
  Matrix range     [1e+00, 7e+02]
  Objective range  [1e+00, 1e+00]
  Bounds range     [1e+00, 1e+00]
  RHS range        [1e+00, 7e+02]
Presolve removed 11496 rows and 1745 columns (presolve time = 5s) ...
Presolve removed 12188 rows and 2437 columns
Presolve time: 7.36s
Presolved: 63100 rows, 27453 columns, 234213 nonzeros
Variable types: 121 continuous, 27332 integer (27332 binary)

Deterministic concurrent LP optimizer: primal and dual simplex (primal and dual model)
Showing first log only...

Root relaxation presolved: 63100 rows, 27453 columns, 234213 nonzeros


Root simplex log...

Iteration    Objective       Primal Inf.    Dual Inf.      Time
       0    1.0652471e+02   8.252771e-02   2.622100e+08     10s
    3334    1.0600000e+02   0.000000e+00   0.000000e+00     10s
Concurrent spin time: 1.57s

Solved with dual simplex (primal model)

Root relaxation: objective 1.060000e+02, 10093 iterations, 3.63 seconds (0.39 work units)
Total elapsed time = 16.77s
Total elapsed time = 20.09s

    Nodes    |    Current Node    |     Objective Bounds      |     Work
 Expl Unexpl |  Obj  Depth IntInf | Incumbent    BestBd   Gap | It/Node Time

     0     0  106.00000    0   67          -  106.00000      -     -   21s
     0     0  106.00000    0  612          -  106.00000      -     -   46s
     0     0  106.00000    0  901          -  106.00000      -     -   91s
     0     0  106.00000    0  875          -  106.00000      -     -   91s
     0     0  106.00000    0   60          -  106.00000      -     -  114s
     0     0  106.00000    0  573          -  106.00000      -     -  127s
     0     0  106.00000    0  407          -  106.00000      -     -  128s
     0     0  106.00000    0  101          -  106.00000      -     -  149s
     0     0  106.00000    0   99          -  106.00000      -     -  149s
     0     0  106.00000    0  335          -  106.00000      -     -  151s
     0     0  106.00000    0   48          -  106.00000      -     -  171s
     0     0  106.00000    0  295          -  106.00000      -     -  181s
     0     0  106.00000    0  279          -  106.00000      -     -  182s
     0     0  106.00000    0  125          -  106.00000      -     -  199s
     0     0  106.00000    0  485          -  106.00000      -     -  220s
     0     0  106.00000    0  410          -  106.00000      -     -  220s
     0     0  106.00000    0   16          -  106.00000      -     -  249s
     0     0  106.00000    0  395          -  106.00000      -     -  274s
     0     0  106.00000    0   19          -  106.00000      -     -  294s
     0     0  106.00000    0  231          -  106.00000      -     -  304s
     0     0  106.00000    0    8          -  106.00000      -     -  314s
     0     0  106.00000    0  178          -  106.00000      -     -  320s
     0     0  106.00000    0   92          -  106.00000      -     -  320s
     0     0  106.00000    0    8          -  106.00000      -     -  326s
     0     0  106.00000    0  307          -  106.00000      -     -  329s
     0     0  106.00000    0  303          -  106.00000      -     -  329s
     0     0  106.00000    0   16          -  106.00000      -     -  335s
     0     0  106.00000    0   14          -  106.00000      -     -  342s
     0     2  106.00000    0   14          -  106.00000      -     -  368s
     1     4  106.00000    1   14          -  106.00000      -  1967  409s
     3     8  106.00000    2   14          -  106.00000      -   923  419s
     7    16  106.00000    3   22          -  106.00000      -   542  444s
    15    31  106.00000    4   60          -  106.00000      -   414  482s
    31    62  106.00000    5   57          -  106.00000      -   425  552s
    62    92  106.00000    6  269          -  106.00000      -   373  620s
    94   122  106.00000    7  234          -  106.00000      -   393  673s
   126   151  106.00000    8  232          -  106.00000      -   367  723s
   158   180  106.00000    9  230          -  106.00000      -   326  775s
   190   217  106.00000   10   10          -  106.00000      -   328  933s
   227   257  106.00000   11   39          -  106.00000      -   528 1667s
   228   257  106.00000   10   38          -  106.00000      -   544 1676s
   232   257  106.00000   10   24          -  106.00000      -   574 1690s
*  236   257              10     106.0000000  106.00000  0.00%   643 1784s
   254   257     cutoff   10       106.00000  106.00000  0.00%   629 1790s

Cutting planes:
  Gomory: 1
  Cover: 33
  Implied bound: 287
  MIR: 1483
  StrongCG: 3
  RLT: 830
  Relax-and-lift: 180

Explored 269 nodes (312185 simplex iterations) in 2060.29 seconds (69.26 work units)
Thread count was 32 (of 32 available processors)

Solution count 1: 106 

Optimal solution found (tolerance 1.00e-04)
Best objective 1.060000000000e+02, best bound 1.060000000000e+02, gap 0.0000%

Wrote result file 'RCPSP_1985.sol'

