
Gurobi 10.0.3 (linux64, gurobi_cl) logging started Thu Nov  2 11:36:40 2023

Set parameter Username
Set parameter TimeLimit to value 3600
Set parameter LogFile to value "RCPSP_767.log"
Set parameter Threads to value 32
Academic license - for non-commercial use only - expires 2024-10-30
Using license file /home/jrivera6/gurobi-licenses/v1003/compute-0-35/gurobi.lic

Gurobi Optimizer version 10.0.3 build v10.0.3rc0 (linux64)
Copyright (c) 2023, Gurobi Optimization, LLC

Read MPS format model from file RCPSP_767.mps
Reading time = 0.03 seconds
RCPSP_767: 19643 rows, 7750 columns, 71917 nonzeros

CPU model: Intel(R) Xeon(R) Gold 6130 CPU @ 2.10GHz, instruction set [SSE2|AVX|AVX2|AVX512]
Thread count: 32 physical cores, 32 logical processors, using up to 32 threads

Optimize a model with 19643 rows, 7750 columns and 71917 nonzeros
Model fingerprint: 0xd1b425d0
Variable types: 62 continuous, 7688 integer (7688 binary)
Coefficient statistics:
  Matrix range     [1e+00, 3e+02]
  Objective range  [1e+00, 1e+00]
  Bounds range     [1e+00, 1e+00]
  RHS range        [1e+00, 3e+02]
Presolve removed 9551 rows and 3634 columns
Presolve time: 3.83s
Presolved: 10092 rows, 4116 columns, 37789 nonzeros
Variable types: 61 continuous, 4055 integer (4055 binary)

Root relaxation: objective 7.600000e+01, 1373 iterations, 0.02 seconds (0.01 work units)

    Nodes    |    Current Node    |     Objective Bounds      |     Work
 Expl Unexpl |  Obj  Depth IntInf | Incumbent    BestBd   Gap | It/Node Time

     0     0   76.00000    0  209          -   76.00000      -     -    4s
     0     0   78.00000    0  195          -   78.00000      -     -    4s
     0     0   78.00000    0  422          -   78.00000      -     -    9s
     0     0   78.00000    0  389          -   78.00000      -     -    9s
     0     0   78.76991    0  276          -   78.76991      -     -   13s
     0     0   78.76991    0  304          -   78.76991      -     -   14s
     0     0   78.76991    0  296          -   78.76991      -     -   17s
     0     0   78.76991    0  359          -   78.76991      -     -   17s
     0     0   78.76991    0  425          -   78.76991      -     -   18s
     0     0   78.76991    0  386          -   78.76991      -     -   18s
     0     0   78.76991    0  496          -   78.76991      -     -   19s
     0     0   78.76991    0  452          -   78.76991      -     -   20s
     0     0   78.76991    0  287          -   78.76991      -     -   23s
     0     0   78.76991    0  355          -   78.76991      -     -   23s
     0     0   78.76991    0  305          -   78.76991      -     -   26s
     0     0   78.76991    0  386          -   78.76991      -     -   27s
     0     0   78.76991    0  326          -   78.76991      -     -   30s
     0     0   78.76991    0  450          -   78.76991      -     -   30s
     0     0   78.76991    0  318          -   78.76991      -     -   33s
     0     0   78.76991    0  266          -   78.76991      -     -   35s
     0     2   78.76991    0  210          -   78.76991      -     -   42s
    12    15   91.00000    4  238          -   78.76991      -   148   45s
    36    56   96.00000    6  429          -   78.88187      -   437   51s
    66    85   96.00000    7  438          -   80.00000      -   395   55s
   162   188  101.00000   10  324          -   80.89436      -   365   60s
   318   347  101.00000   16  312          -   82.00000      -   225   65s
   530   536  101.00000   22  326          -   82.00000      -   147   70s
   734   641  104.00000   31  411          -   82.00000      -   128   77s
   896   812  104.00000   37  412          -   82.00000      -   124   81s
  1309  1257  104.00000   51  391          -   82.00000      -  96.7   85s
  1647  1539  104.00000   59  384          -   82.00000      -  83.5   90s
  2199  2050  104.00000   79  365          -   83.00000      -  73.2   97s
  2405  2243   88.00000   10  365          -   83.00000      -  70.1  101s
  2892  2468   94.00000   17  266          -   83.00000      -  65.7  135s
  2894  2469  110.00000   19  173          -   83.00000      -  65.7  145s
  2899  2473   84.00000   56  310          -   83.00000      -  65.5  151s
  2901  2474  104.00000   64  284          -   83.00000      -  65.5  155s
  2903  2475   93.76991   44  233          -   83.00000      -  65.5  161s
  2904  2479   83.00000   15  292          -   83.00000      -   6.2  171s
H 2906  2358                     308.0000000   83.00000  73.1%   6.4  184s
H 2910  2247                     176.0000000   83.00000  52.8%   6.6  215s
H 2913  2134                     172.0000000   83.00000  51.7%   6.6  215s
H 2917  2027                     168.0000000   83.00000  50.6%   7.1  215s
  2918  2042   83.00000   18  292  168.00000   83.00000  50.6%   7.1  220s
H 2966  1989                     166.0000000   83.00000  50.0%   8.2  232s
H 2967  1893                     158.0000000   83.00000  47.5%   8.2  232s
H 2971  1801                     154.0000000   83.00000  46.1%   8.2  232s
  2998  1824   83.00000   20  420  154.00000   83.00000  46.1%   8.7  237s
  3094  1903   83.00000   22  295  154.00000   83.00000  46.1%  10.8  240s
  3413  2118   83.00000   24  298  154.00000   83.00000  46.1%  11.5  245s
  3490  2117   84.00000   25  275  154.00000   83.00000  46.1%  11.5  250s
  3763  2308   84.00000   28  385  154.00000   83.00000  46.1%  11.9  255s
  3930  2334   84.00000   30  376  154.00000   83.00000  46.1%  11.9  260s
H 4065  2322                     151.0000000   83.00000  45.0%  12.2  264s
H 4085  2233                     149.0000000   83.00000  44.3%  12.2  264s
  4097  2327   85.64741   32  374  149.00000   83.00000  44.3%  12.2  265s
  4422  2425  102.64741   37  342  149.00000   83.00000  44.3%  12.4  275s
  5034  2995   85.64741   42  475  149.00000   83.00000  44.3%  12.8  280s
H 5393  2841                     148.0000000   83.00000  43.9%  12.7  284s
H 5394  2765                     147.0000000   83.00000  43.5%  12.7  284s
H 5408  2689                     146.0000000   83.00000  43.2%  12.7  284s
H 5416  2620                     145.0000000   83.00000  42.8%  12.7  284s
H 5446  2546                     144.0000000   83.00000  42.4%  12.7  284s
  5467  2531 infeasible   47       144.00000   83.00000  42.4%  12.7  289s
  5520  2811 infeasible   48       144.00000   83.00000  42.4%  12.7  291s
  6668  3225   90.00000   31  270  144.00000   83.00000  42.4%  12.9  296s
H 6669  3209                     143.0000000   83.00000  42.0%  12.9  296s
H 6713  3206                     142.0000000   83.00000  41.5%  12.9  296s
  6768  3193   86.00000   31  346  142.00000   83.00000  41.5%  12.9  307s
  7276  4093   90.00000   39  288  142.00000   83.00000  41.5%  13.3  310s
H 7870  4171                     141.0000000   83.00000  41.1%  13.0  312s
H 7881  4165                     140.0000000   83.00000  40.7%  13.0  312s
H 7952  4162                     139.0000000   83.00000  40.3%  13.0  312s
  8602  4689   97.00000   84  276  139.00000   83.00000  40.3%  12.9  322s
  9347  5966  100.00000  106  280  139.00000   83.00000  40.3%  12.9  326s
 10278  6600  102.00000  128  296  139.00000   83.00000  40.3%  12.7  330s
 10872  6596 infeasible  132       139.00000   83.00000  40.3%  12.8  344s
 10920  7146  105.00000  133  311  139.00000   83.00000  40.3%  12.9  346s
 12341  8039   90.88989   22  432  139.00000   83.00000  40.3%  12.9  351s
H12392  8022                     137.0000000   83.00000  39.4%  12.9  351s
 12813  8021   90.88989   23  424  137.00000   83.00000  39.4%  12.8  362s
 12872  8508  101.00000   24  389  137.00000   83.00000  39.4%  12.9  365s
 13481  8690  106.00000   27  365  137.00000   83.00000  39.4%  12.8  373s
 13704  9549  106.00000   33  334  137.00000   83.00000  39.4%  12.8  376s
 14798  9533 infeasible   61       137.00000   83.00000  39.4%  12.5  388s
H14800  9460                     136.0000000   83.00000  39.0%  12.5  388s
 14870 10204  115.00000   62  279  136.00000   83.00000  39.0%  12.7  391s
 15707 10213 infeasible  104       136.00000   83.00000  39.0%  12.7  398s
 15781 11072  119.00000  104  298  136.00000   83.00000  39.0%  12.9  401s
 17785 11823 infeasible  159       136.00000   83.00000  39.0%  12.7  411s
 18761 13038   98.00000   38  285  136.00000   83.00000  39.0%  12.9  418s
H18894 13038                     136.0000000   83.00000  39.0%  12.9  418s
H19272 12984                     135.0000000   83.00000  38.5%  12.9  418s
 19415 12957 infeasible   48       135.00000   83.00000  38.5%  13.0  432s
 19497 13851   83.00000   24  396  135.00000   83.00000  38.5%  13.1  436s
 21576 15205   98.00000   52  279  135.00000   83.00000  38.5%  13.2  443s
 22573 15209  103.00000   35  283  135.00000   83.00000  38.5%  13.3  454s
H22647 15841                     134.0000000   83.00000  38.1%  13.5  458s
H22902 15766                     133.0000000   83.00000  37.6%  13.5  458s
 23474 16808  108.00000   46  259  133.00000   83.00000  37.6%  13.5  463s
 24833 16808   84.00000   27  415  133.00000   83.00000  37.6%  13.5  471s
 24916 18050   86.76991   28  460  133.00000   83.00000  37.6%  13.7  476s
 26336 19014  115.00000   55  346  133.00000   83.00000  37.6%  13.7  483s
 27571 18996 infeasible  103       133.00000   83.00000  37.6%  13.8  492s
 27657 19950   83.00000   29  341  133.00000   83.00000  37.6%  13.9  496s
 28765 20438  102.00000   57  198  133.00000   83.00000  37.6%  13.9  504s
 29357 22303  110.00000   72  263  133.00000   83.00000  37.6%  13.9  556s
 31678 22286  104.00000   64  245  133.00000   83.00000  37.6%  13.7  564s
 31789 22341  109.00000   66  241  133.00000   83.00000  37.6%  13.9  584s
 31847 22433  112.00000   67  219  133.00000   83.00000  37.6%  13.9  594s
 31977 23822  115.00000   70  210  133.00000   83.00000  37.6%  14.0  601s
 33795 23834 infeasible  145       133.00000   83.00000  37.6%  13.9  618s
 33929 25055   83.00000   34  365  133.00000   83.00000  37.6%  14.0  625s
 35382 26905  111.00000   68  229  133.00000   83.00000  37.6%  14.0  633s
 37777 26898   83.00000   37  420  133.00000   83.00000  37.6%  14.1  643s
 37864 26928   83.00000   38  397  133.00000   83.00000  37.6%  14.2  677s
H37865 26550                     132.0000000   83.00000  37.1%  14.2  677s
H37874 26219                     130.0000000   83.00000  36.2%  14.2  678s
 37897 26321   83.00000   39  386  130.00000   83.00000  36.2%  14.2  687s
 38011 26461   89.00000   41  365  130.00000   83.00000  36.2%  14.3  697s
 38157 28334   91.00000   44  350  130.00000   83.00000  36.2%  14.3  706s
H40472 28072                     129.0000000   83.00000  35.7%  14.1  726s
H40473 27869                     128.0000000   83.00000  35.2%  14.1  727s
 40507 29106  105.00000  111  248  128.00000   83.00000  35.2%  14.1  736s
 42200 29160   87.64741   34  375  128.00000   83.00000  35.2%  14.2  750s
 42336 31441   87.64741   37  303  128.00000   83.00000  35.2%  14.3  759s
 45282 33103  113.00000   78  312  128.00000   83.00000  35.2%  14.3  767s
 47617 33154   86.64741   38  371  128.00000   83.00000  35.2%  14.5  779s
 47730 35267   86.64741   40  369  128.00000   83.00000  35.2%  14.6  788s
 50374 36843  109.00000   73  281  128.00000   83.00000  35.2%  14.6  800s
 52517 37402  103.00000  108  286  128.00000   83.00000  35.2%  14.5  813s
 53642 37517   85.64741   34  449  128.00000   83.00000  35.2%  14.6  826s
H53795 37122                     127.0000000   83.00000  34.6%  14.6  883s
 53829 37243   85.64741   39  410  127.00000   83.00000  34.6%  14.6  899s
 53969 39322   85.64741   43  398  127.00000   83.00000  34.6%  14.7  953s
H54340 39322                     127.0000000   83.00000  34.6%  14.7  953s
 56794 39377 infeasible  118       127.00000   83.00000  34.6%  14.6  973s
 56995 39832   87.00000   46  395  127.00000   83.00000  34.6%  14.8  989s
 57567 43128  110.00000   50  323  127.00000   83.00000  34.6%  14.9 1006s
 62481 43129   94.00000   44  266  127.00000   83.00000  34.6%  14.9 1094s
 62483 43130  102.00000  102  130  127.00000   83.00000  34.6%  14.9 1096s
 62487 43133  112.00000   54  459  127.00000   83.00000  34.6%  14.9 1103s
 62489 43134   98.00000   38  444  127.00000   83.00000  34.6%  14.9 1108s
 62491 43136  100.00000   80  438  127.00000   83.00000  34.6%  14.9 1113s
 62493 43137   94.00000   35  432  127.00000   83.00000  34.6%  14.9 1118s
 62494 43138  121.00000  103  352  127.00000   83.00000  34.6%  14.9 1124s
 62495 43138  103.00000  102  454  127.00000   83.00000  34.6%  14.9 1129s
 62496 43139  107.00000  138  309  127.00000   83.00000  34.6%  14.9 1137s
 62497 43140  104.00000   35  408  127.00000   83.00000  34.6%  14.9 1142s
 62498 43140   95.00000   58  351  127.00000   83.00000  34.6%  14.9 1149s
 62499 43141  119.00000  119  410  127.00000   83.00000  34.6%  14.9 1154s
 62500 43142   93.00000   45  333  127.00000   83.00000  34.6%  14.9 1163s
 62501 43142   90.00000   52  447  127.00000   83.00000  34.6%  14.9 1168s
 62502 43143  104.00000  104  315  127.00000   83.00000  34.6%  14.9 1177s
 62503 43144   88.00000   40  315  127.00000   83.00000  34.6%  14.9 1181s
 62505 43148   83.00000   26  296  127.00000   83.00000  34.6%  15.6 1200s
 62507 43151   83.00000   27  262  127.00000   83.00000  34.6%  15.6 1206s
 62511 43158   83.00000   28  264  127.00000   83.00000  34.6%  15.6 1211s
 62519 43171   83.00000   29  264  127.00000   83.00000  34.6%  15.6 1218s
 62535 43198   83.00000   30  260  127.00000   83.00000  34.6%  15.6 1229s
H62545 41037                     127.0000000   83.00000  34.6%  15.6 1229s
 62567 41061   87.48808   31  247  127.00000   83.00000  34.6%  15.7 1233s
 62599 41079   83.00000   31  270  127.00000   83.00000  34.6%  15.7 1273s
H62602 39028                     125.0000000   83.00000  33.6%  15.7 1273s
 62631 39048 infeasible   32       125.00000   83.00000  33.6%  15.7 1279s
 62663 39069   83.00000   32  271  125.00000   83.00000  33.6%  15.8 1285s
 62695 39091   86.00000   33  251  125.00000   83.00000  33.6%  15.8 1291s
 62727 39112   83.00000   33  269  125.00000   83.00000  33.6%  15.8 1298s
 62761 39132   87.48808   34  244  125.00000   83.00000  33.6%  15.8 1306s
 62794 39154   83.00000   34  266  125.00000   83.00000  33.6%  15.8 1311s
 62903 39212   89.00000   35  334  125.00000   83.00000  33.6%  15.9 1321s
 63027 39333   88.52751   37  255  125.00000   83.00000  33.6%  16.0 1325s
 63124 39364   88.52751   37  257  125.00000   83.00000  33.6%  16.0 1333s
 63219 39341   94.48808   38  250  125.00000   83.00000  33.6%  16.0 1342s
 63260 39388   94.48808   39  252  125.00000   83.00000  33.6%  16.1 1345s
 63367 39369   96.00000   40  257  125.00000   83.00000  33.6%  16.1 1354s
 63413 39437   94.48808   40  244  125.00000   83.00000  33.6%  16.1 1357s
 63655 39457   94.48808   42  238  125.00000   83.00000  33.6%  16.1 1375s
H63687 37499                     124.0000000   83.00000  33.1%  16.2 1375s
 63705 37526   94.48808   43  236  124.00000   83.00000  33.1%  16.2 1387s
 63749 37619   94.48808   43  236  124.00000   83.00000  33.1%  16.2 1390s
 63899 37673   94.48808   45  252  124.00000   83.00000  33.1%  16.3 1433s
 64049 37637   94.48808   46  241  124.00000   83.00000  33.1%  16.3 1443s
 64109 37657   94.48808   47  244  124.00000   83.00000  33.1%  16.3 1452s
 64171 37692   99.48808   48  237  124.00000   83.00000  33.1%  16.4 1467s
 64236 37727   94.48808   49  240  124.00000   83.00000  33.1%  16.4 1475s
 64577 38047   97.00000   52  214  124.00000   83.00000  33.1%  16.5 1483s
 64902 37969  100.42857   56  207  124.00000   83.00000  33.1%  16.5 1499s
H64903 36119                     123.0000000   83.00000  32.5%  16.5 1500s
 64934 36083  108.00000   56  195  123.00000   83.00000  32.5%  16.5 1509s
 65026 36082  100.42857   57  215  123.00000   83.00000  32.5%  16.5 1547s
 65058 36131  104.00000   58  202  123.00000   83.00000  32.5%  16.5 1557s
 65129 36179  106.00000   59  190  123.00000   83.00000  32.5%  16.6 1570s
 65209 36227  106.00000   60  195  123.00000   83.00000  32.5%  16.7 1583s
 65292 36614  106.00000   62  193  123.00000   83.00000  32.5%  16.7 1600s
 65837 36866  116.00000   71  190  123.00000   83.00000  32.5%  16.7 1635s
 66428 37132  106.00000   82  215  123.00000   83.00000  32.5%  16.7 1649s
 67098 37400  109.00000   94  219  123.00000   83.00000  32.5%  16.8 1659s
 67861 37130   89.00000   35  224  123.00000   83.00000  32.5%  16.8 1702s
 67953 37517   98.00000   37  225  123.00000   83.00000  32.5%  16.8 1710s
 68541 37751   83.00000   36  276  123.00000   83.00000  32.5%  16.9 1756s
 69206 37518  101.00000   50  261  123.00000   83.00000  32.5%  17.0 1771s
 69282 38159  101.00000   51  258  123.00000   83.00000  32.5%  17.0 1877s
 70106 38291  122.00000   71  271  123.00000   83.00000  32.5%  17.1 1892s
 70809 38627  122.00000   77  253  123.00000   83.00000  32.5%  17.3 1955s
 71603 38373   98.00000   38  271  123.00000   83.00000  32.5%  17.3 1970s
 71682 39043   98.00000   42  259  123.00000   83.00000  32.5%  17.4 2019s
 72580 39302   97.96098   38  275  123.00000   83.00000  32.5%  17.5 2064s
 73488 39013  107.00000   45  280  123.00000   83.00000  32.5%  17.7 2075s
 73554 39641  112.00000   47  244  123.00000   83.00000  32.5%  17.7 2095s
 74381 40087  102.00000   43  254  123.00000   83.00000  32.5%  17.9 2136s
 75454 39727   94.00000   40  296  123.00000   83.00000  32.5%  18.0 2152s
 75533 40469   98.00000   42  264  123.00000   83.00000  32.5%  18.1 2204s
 76627 40840  103.00000   54  350  123.00000   83.00000  32.5%  18.2 2230s
 77711 40468 infeasible   89       123.00000   83.00000  32.5%  18.3 2242s
 77788 40624   89.00000   37  285  123.00000   83.00000  32.5%  18.4 2256s
 78015 41402  103.00000   40  250  123.00000   83.00000  32.5%  18.5 2273s
 79330 40962   93.00000   45  222  123.00000   83.00000  32.5%  18.6 2288s
 79420 42116   93.00000   46  220  123.00000   83.00000  32.5%  18.6 2330s
 81082 42396  107.00000   81  182  123.00000   83.00000  32.5%  18.6 2349s
 82467 41931   84.64741   47  360  123.00000   83.00000  32.5%  18.7 2365s
 82546 43194   95.64741   49  336  123.00000   83.00000  32.5%  18.8 2510s
 84241 43713  107.00000  105  245  123.00000   83.00000  32.5%  18.8 2603s
 85845 43163   97.00000   56  313  123.00000   83.00000  32.5%  18.8 2621s
 85928 44250  105.00000   57  271  123.00000   83.00000  32.5%  18.9 2741s
 87560 44751  104.00000   57  237  123.00000   83.00000  32.5%  18.9 2819s
 89262 44205  102.00000   59  271  123.00000   83.00000  32.5%  18.9 2842s
 89325 45360  102.00000   60  273  123.00000   83.00000  32.5%  19.0 3009s
 91329 47540   90.00000   49  348  123.00000   83.00000  32.5%  18.9 3788s

Cutting planes:
  Learned: 15
  Gomory: 13
  Cover: 23
  Implied bound: 2
  Projected implied bound: 10
  Clique: 8
  MIR: 12
  StrongCG: 3
  Flow cover: 42
  Zero half: 2
  RLT: 1
  Relax-and-lift: 7

Explored 95854 nodes (2048825 simplex iterations) in 3822.59 seconds (92.47 work units)
Thread count was 32 (of 32 available processors)

Solution count 10: 123 124 125 ... 132

Time limit reached
Best objective 1.230000000000e+02, best bound 8.300000000000e+01, gap 32.5203%

Wrote result file 'RCPSP_767.sol'

