
Gurobi 10.0.3 (linux64, gurobi_cl) logging started Thu Nov  2 11:34:15 2023

Set parameter Username
Set parameter TimeLimit to value 3600
Set parameter LogFile to value "RCPSP_489.log"
Set parameter Threads to value 32
Academic license - for non-commercial use only - expires 2024-10-30
Using license file /home/jrivera6/gurobi-licenses/v1003/compute-0-34/gurobi.lic

Gurobi Optimizer version 10.0.3 build v10.0.3rc0 (linux64)
Copyright (c) 2023, Gurobi Optimization, LLC

Read MPS format model from file RCPSP_489.mps
Reading time = 0.02 seconds
RCPSP_489: 19624 rows, 7750 columns, 60918 nonzeros

CPU model: Intel(R) Xeon(R) Gold 6130 CPU @ 2.10GHz, instruction set [SSE2|AVX|AVX2|AVX512]
Thread count: 32 physical cores, 32 logical processors, using up to 32 threads

Optimize a model with 19624 rows, 7750 columns and 60918 nonzeros
Model fingerprint: 0xe1fc1374
Variable types: 62 continuous, 7688 integer (7688 binary)
Coefficient statistics:
  Matrix range     [1e+00, 3e+02]
  Objective range  [1e+00, 1e+00]
  Bounds range     [1e+00, 1e+00]
  RHS range        [1e+00, 4e+02]
Presolve removed 7721 rows and 2724 columns
Presolve time: 2.50s
Presolved: 11903 rows, 5026 columns, 38129 nonzeros
Variable types: 61 continuous, 4965 integer (4965 binary)

Root relaxation: objective 8.300000e+01, 1586 iterations, 0.03 seconds (0.01 work units)

    Nodes    |    Current Node    |     Objective Bounds      |     Work
 Expl Unexpl |  Obj  Depth IntInf | Incumbent    BestBd   Gap | It/Node Time

     0     0   83.00000    0   41          -   83.00000      -     -    3s
     0     0   83.00000    0  316          -   83.00000      -     -    5s
     0     0   83.00000    0  283          -   83.00000      -     -    5s
     0     0   83.00729    0    8          -   83.00729      -     -    7s
     0     0   84.00000    0   62          -   84.00000      -     -    8s
     0     0   84.00000    0  107          -   84.00000      -     -    8s
     0     0   84.00000    0  161          -   84.00000      -     -    9s
     0     0   84.00000    0  138          -   84.00000      -     -    9s
     0     0   84.00000    0    6          -   84.00000      -     -   10s
     0     0   84.00000    0  187          -   84.00000      -     -   11s
     0     0   84.00000    0    3          -   84.00000      -     -   13s
     0     0   84.00000    0   20          -   84.00000      -     -   14s
H    0     0                      89.0000000   84.00000  5.62%     -   14s
     0     0   84.00000    0   47   89.00000   84.00000  5.62%     -   14s
     0     0   84.00000    0   47   89.00000   84.00000  5.62%     -   15s
     0     0   84.00000    0    2   89.00000   84.00000  5.62%     -   16s
H    0     0                      85.0000000   84.00000  1.18%     -   16s
     0     0   84.00000    0    2   85.00000   84.00000  1.18%     -   16s
     0     0   84.00000    0    3   85.00000   84.00000  1.18%     -   17s
     0     0   84.00000    0    5   85.00000   84.00000  1.18%     -   17s
     0     0   84.00000    0    2   85.00000   84.00000  1.18%     -   18s
     0     0   84.00000    0    2   85.00000   84.00000  1.18%     -   18s
     0     0   84.00000    0    3   85.00000   84.00000  1.18%     -   30s
     0     0   84.00000    0   60   85.00000   84.00000  1.18%     -   32s
     0     0   84.00000    0   54   85.00000   84.00000  1.18%     -   32s
     0     0   85.00000    0  354   85.00000   85.00000  0.00%     -   38s

Cutting planes:
  Gomory: 13
  Cover: 67
  Implied bound: 86
  Clique: 287
  MIR: 139
  StrongCG: 5
  RLT: 67
  Relax-and-lift: 12

Explored 1 nodes (26146 simplex iterations) in 39.32 seconds (5.08 work units)
Thread count was 32 (of 32 available processors)

Solution count 2: 85 89 

Optimal solution found (tolerance 1.00e-04)
Best objective 8.500000000000e+01, best bound 8.500000000000e+01, gap 0.0000%

Wrote result file 'RCPSP_489.sol'

