
Gurobi 10.0.3 (linux64, gurobi_cl) logging started Fri Nov 10 20:14:18 2023

Set parameter Username
Set parameter TimeLimit to value 3600
Set parameter LogFile to value "RCPSP_1793.log"
Set parameter Threads to value 32

Gurobi 10.0.3 (linux64, gurobi_cl) logging started Wed Nov 15 04:45:12 2023

Set parameter Username
Set parameter TimeLimit to value 3600
Set parameter LogFile to value "RCPSP_1793.log"
Set parameter Threads to value 32
Academic license - for non-commercial use only - expires 2024-10-30
Using license file /home/jrivera6/gurobi-licenses/v1003/compute-0-37/gurobi.lic

Gurobi Optimizer version 10.0.3 build v10.0.3rc0 (linux64)
Copyright (c) 2023, Gurobi Optimization, LLC

Read MPS format model from file RCPSP_1793.mps
Reading time = 0.56 seconds
RCPSP_1793: 75251 rows, 29890 columns, 280585 nonzeros

CPU model: Intel(R) Xeon(R) Gold 6242 CPU @ 2.80GHz, instruction set [SSE2|AVX|AVX2|AVX512]
Thread count: 32 physical cores, 32 logical processors, using up to 32 threads

Optimize a model with 75251 rows, 29890 columns and 280585 nonzeros
Model fingerprint: 0x4b730849
Variable types: 122 continuous, 29768 integer (29768 binary)
Coefficient statistics:
  Matrix range     [1e+00, 7e+02]
  Objective range  [1e+00, 1e+00]
  Bounds range     [1e+00, 1e+00]
  RHS range        [1e+00, 7e+02]
Presolve removed 12787 rows and 2293 columns (presolve time = 5s) ...
Presolve removed 14405 rows and 3102 columns (presolve time = 10s) ...
Presolve removed 15779 rows and 3346 columns
Presolve time: 10.91s
Presolved: 59472 rows, 26544 columns, 233777 nonzeros
Variable types: 121 continuous, 26423 integer (26423 binary)

Deterministic concurrent LP optimizer: primal and dual simplex (primal and dual model)
Showing first log only...

Root relaxation presolved: 59469 rows, 26547 columns, 233771 nonzeros


Root simplex log...

Iteration    Objective       Primal Inf.    Dual Inf.      Time
       0    9.1382376e+01   7.172713e-03   3.001719e+08     13s
    3726    9.1000000e+01   0.000000e+00   0.000000e+00     14s
    3726    9.1000000e+01   0.000000e+00   0.000000e+00     14s
Concurrent spin time: 2.10s

Solved with dual simplex (primal model)

Root relaxation: objective 9.100000e+01, 9446 iterations, 4.61 seconds (0.42 work units)
Total elapsed time = 24.32s
Total elapsed time = 30.03s

    Nodes    |    Current Node    |     Objective Bounds      |     Work
 Expl Unexpl |  Obj  Depth IntInf | Incumbent    BestBd   Gap | It/Node Time

     0     0   91.00000    0 1437          -   91.00000      -     -   54s
     0     0   91.00000    0 1476          -   91.00000      -     -   56s
     0     0   91.00342    0 2120          -   91.00342      -     -  176s
     0     0   91.00342    0 2266          -   91.00342      -     -  183s
     0     0   91.00342    0 2255          -   91.00342      -     -  184s
     0     0   92.00000    0 1797          -   92.00000      -     -  250s
     0     0   92.00000    0 2118          -   92.00000      -     -  264s
     0     0   92.00000    0 2149          -   92.00000      -     -  277s
     0     0   92.00000    0 2025          -   92.00000      -     -  279s
     0     0   92.00000    0 2273          -   92.00000      -     -  306s
     0     0   92.00000    0 2166          -   92.00000      -     -  308s
     0     0   92.00002    0 2510          -   92.00002      -     -  319s
     0     0   92.00002    0 2403          -   92.00002      -     -  323s
     0     0   92.00002    0 2355          -   92.00002      -     -  324s
     0     0   92.04234    0 2033          -   92.04234      -     -  374s
     0     0   92.04234    0 1957          -   92.04234      -     -  375s
     0     0   92.47550    0 2262          -   92.47550      -     -  407s
     0     0   92.47550    0 2252          -   92.47550      -     -  407s
     0     0   92.51883    0 2344          -   92.51883      -     -  414s
     0     0   92.51883    0 2377          -   92.51883      -     -  419s
     0     0   92.51883    0 2468          -   92.51883      -     -  426s
     0     0   92.51883    0 2496          -   92.51883      -     -  428s
     0     0   92.51883    0 2568          -   92.51883      -     -  442s
     0     0   92.51883    0 1521          -   92.51883      -     -  488s
     0     0   92.51883    0 2145          -   92.51883      -     -  551s
     0     0   92.51883    0 2165          -   92.51883      -     -  557s
     0     0   92.59993    0 2283          -   92.59993      -     -  572s
     0     0   92.59993    0 2279          -   92.59993      -     -  572s
     0     0   98.02808    0 2018          -   98.02808      -     -  597s
     0     0   98.02808    0 1792          -   98.02808      -     -  599s
     0     0   98.02808    0 1958          -   98.02808      -     -  636s
     0     0   98.02808    0 2095          -   98.02808      -     -  674s
     0     0   98.02808    0 2091          -   98.02808      -     -  674s
     0     0   98.02808    0 2196          -   98.02808      -     -  741s
     0     0   98.02808    0 2046          -   98.02808      -     -  752s
     0     0   98.02808    0 2024          -   98.02808      -     -  757s
     0     0   98.02808    0 2006          -   98.02808      -     -  757s
     0     0   98.02808    0 1907          -   98.02808      -     -  781s
     0     0   98.02808    0 1906          -   98.02808      -     -  785s
     0     0   98.02808    0 1863          -   98.02808      -     -  789s
     0     0   98.02808    0 1828          -   98.02808      -     -  789s
     0     0   98.02808    0 2157          -   98.02808      -     -  845s
     0     0   98.02808    0 2117          -   98.02808      -     -  857s
     0     0   98.02808    0 2074          -   98.02808      -     -  862s
     0     0   98.02808    0 2050          -   98.02808      -     -  862s
     0     0   98.02808    0 1418          -   98.02808      -     -  921s
     0     0   98.02808    0 1483          -   98.02808      -     -  923s
     0     0   98.02808    0 1518          -   98.02808      -     -  927s
     0     0   98.02808    0 1506          -   98.02808      -     -  927s
     0     0   98.02808    0 1618          -   98.02808      -     -  952s
     0     0   98.02808    0 1658          -   98.02808      -     -  956s
     0     0   98.02808    0 1645          -   98.02808      -     -  957s
     0     0   98.02808    0 1330          -   98.02808      -     - 1029s
     0     0   98.02808    0 1699          -   98.02808      -     - 1091s
     0     0   98.02808    0 1697          -   98.02808      -     - 1091s
     0     0   98.02808    0 1428          -   98.02808      -     - 1346s
     0     0   98.02808    0 1386          -   98.02808      -     - 1347s
     0     0   98.02808    0 1959          -   98.02808      -     - 1420s
     0     0   98.02808    0 2024          -   98.02808      -     - 1422s
     0     0   98.02808    0 2049          -   98.02808      -     - 1423s
     0     0   98.02808    0 1563          -   98.02808      -     - 1509s
     0     0   98.02808    0 1596          -   98.02808      -     - 1510s
     0     0   98.02808    0 1584          -   98.02808      -     - 1510s
     0     0   98.02808    0 1498          -   98.02808      -     - 1510s
     0     0   98.02808    0 1496          -   98.02808      -     - 1511s
     0     0   98.02808    0 1846          -   98.02808      -     - 1713s
     0     0   98.02808    0 1918          -   98.02808      -     - 1714s
     0     0   98.02808    0 1916          -   98.02808      -     - 1714s
     0     0   98.03040    0 1440          -   98.03040      -     - 1858s
     0     0   98.03040    0 1442          -   98.03040      -     - 1858s
     0     0   98.05287    0 1855          -   98.05287      -     - 1897s
     0     0   98.05287    0 1849          -   98.05287      -     - 1897s
     0     0   98.07244    0 1988          -   98.07244      -     - 1909s
     0     0   98.07244    0 1875          -   98.07244      -     - 1909s
     0     0   98.07244    0 1876          -   98.07244      -     - 1915s
     0     0   98.07244    0 1789          -   98.07244      -     - 1917s
     0     0   98.07244    0 1919          -   98.07244      -     - 1921s
     0     0   98.07244    0 1851          -   98.07244      -     - 1921s
     0     0   98.08857    0 1937          -   98.08857      -     - 1933s
     0     0   98.08857    0 1863          -   98.08857      -     - 1934s
     0     0   98.08857    0 1851          -   98.08857      -     - 1934s
     0     0   98.09040    0 2014          -   98.09040      -     - 1963s
     0     0   98.09040    0 2019          -   98.09040      -     - 1968s
     0     0   98.09040    0 1970          -   98.09040      -     - 1973s
     0     0   98.09040    0 1995          -   98.09040      -     - 1976s
     0     0   98.09040    0 1964          -   98.09040      -     - 1976s
     0     0   98.09040    0 1975          -   98.09040      -     - 1982s
     0     0   98.09040    0 1973          -   98.09040      -     - 1982s
     0     0   98.09040    0 2094          -   98.09040      -     - 1989s
     0     0   98.09040    0 2041          -   98.09040      -     - 1990s
     0     0   98.09040    0 2013          -   98.09040      -     - 1994s
     0     0   98.09040    0 2120          -   98.09040      -     - 1996s
     0     0   98.09040    0 2016          -   98.09040      -     - 1998s
     0     0   98.09040    0 2166          -   98.09040      -     - 2000s
     0     0   98.09040    0 2100          -   98.09040      -     - 2001s
     0     0   98.09040    0 2094          -   98.09040      -     - 2001s
     0     0   98.11221    0 1908          -   98.11221      -     - 2069s
     0     0   98.11221    0 1789          -   98.11221      -     - 2069s
     0     0   98.11528    0 1985          -   98.11528      -     - 2086s
     0     0   98.11528    0 2020          -   98.11528      -     - 2088s
     0     0   98.11528    0 2009          -   98.11528      -     - 2088s
     0     0   98.11528    0 1962          -   98.11528      -     - 2099s
     0     0   98.11528    0 2018          -   98.11528      -     - 2139s
     0     0   98.11528    0 1960          -   98.11528      -     - 2139s
     0     0   98.11528    0 2165          -   98.11528      -     - 2154s
     0     0   98.11528    0 2037          -   98.11528      -     - 2156s
     0     0   98.11528    0 2036          -   98.11528      -     - 2156s
     0     0   98.11528    0 2097          -   98.11528      -     - 2189s
     0     0   98.11528    0 1977          -   98.11528      -     - 2189s
     0     0   98.11528    0 1714          -   98.11528      -     - 3059s
     0     2   98.17664    0 1097          -   98.17664      -     - 3565s
     1     4   98.23203    1 1128          -   98.17664      -  7694 3876s

Cutting planes:
  Learned: 3
  Gomory: 5
  Cover: 63
  Clique: 31
  MIR: 63
  StrongCG: 6
  RLT: 45
  Relax-and-lift: 69

Explored 2 nodes (419148 simplex iterations) in 3877.10 seconds (250.72 work units)
Thread count was 32 (of 32 available processors)

Solution count 0

Time limit reached
Best objective -, best bound 9.817663751050e+01, gap -

Unable to retrieve attribute 'X'

