
Gurobi 10.0.3 (linux64, gurobi_cl) logging started Thu Nov  9 12:59:23 2023

Set parameter Username
Set parameter TimeLimit to value 3600
Set parameter LogFile to value "RCPSP_1495.log"
Set parameter Threads to value 32
Academic license - for non-commercial use only - expires 2024-11-06
Using license file /home/jrivera6/gurobi-licenses/v1003/compute-0-36/gurobi.lic

Gurobi Optimizer version 10.0.3 build v10.0.3rc0 (linux64)
Copyright (c) 2023, Gurobi Optimization, LLC

Read MPS format model from file RCPSP_1495.mps
Reading time = 0.31 seconds
RCPSP_1495: 75214 rows, 29890 columns, 251629 nonzeros

CPU model: Intel(R) Xeon(R) Gold 6130 CPU @ 2.10GHz, instruction set [SSE2|AVX|AVX2|AVX512]
Thread count: 32 physical cores, 32 logical processors, using up to 32 threads

Optimize a model with 75214 rows, 29890 columns and 251629 nonzeros
Model fingerprint: 0xc1bff4c1
Variable types: 122 continuous, 29768 integer (29768 binary)
Coefficient statistics:
  Matrix range     [1e+00, 7e+02]
  Objective range  [1e+00, 1e+00]
  Bounds range     [1e+00, 1e+00]
  RHS range        [1e+00, 7e+02]
Presolve removed 15735 rows and 3390 columns
Presolve time: 4.93s
Presolved: 59479 rows, 26500 columns, 208181 nonzeros
Variable types: 121 continuous, 26379 integer (26379 binary)

Deterministic concurrent LP optimizer: primal and dual simplex (primal and dual model)
Showing first log only...

Root relaxation presolved: 59476 rows, 26503 columns, 208175 nonzeros


Root simplex log...

Iteration    Objective       Primal Inf.    Dual Inf.      Time
       0    7.3857273e+01   8.442807e-02   3.270449e+08      7s
    5252    7.2000000e+01   0.000000e+00   0.000000e+00      8s
    5252    7.2000000e+01   0.000000e+00   0.000000e+00      8s
Concurrent spin time: 1.93s

Solved with dual simplex (primal model)

Root relaxation: objective 7.200000e+01, 10044 iterations, 4.65 seconds (0.60 work units)
Total elapsed time = 15.19s

    Nodes    |    Current Node    |     Objective Bounds      |     Work
 Expl Unexpl |  Obj  Depth IntInf | Incumbent    BestBd   Gap | It/Node Time

     0     0   72.00000    0 1087          -   72.00000      -     -   27s
     0     0   73.37500    0 1993          -   73.37500      -     -   62s
     0     0   73.37500    0 1986          -   73.37500      -     -   62s
     0     0   73.37500    0 2375          -   73.37500      -     -  125s
     0     0   73.37500    0 2432          -   73.37500      -     -  133s
     0     0   73.37500    0 2428          -   73.37500      -     -  139s
     0     0   73.37500    0 2315          -   73.37500      -     -  139s
     0     0   74.02738    0 2536          -   74.02738      -     -  163s
     0     0   74.02738    0 2509          -   74.02738      -     -  163s
     0     0   76.00000    0 2503          -   76.00000      -     -  188s
     0     0   76.00000    0 2359          -   76.00000      -     -  194s
     0     0   76.00000    0 2285          -   76.00000      -     -  195s
     0     0   76.00000    0 2283          -   76.00000      -     -  196s
     0     0   76.00000    0 2465          -   76.00000      -     -  220s
     0     0   76.00000    0 2511          -   76.00000      -     -  224s
     0     0   76.00000    0 2203          -   76.00000      -     -  234s
     0     0   76.00000    0  773          -   76.00000      -     -  311s
     0     0   76.00000    0 2096          -   76.00000      -     -  363s
     0     0   76.00000    0 2108          -   76.00000      -     -  503s
     0     0   76.00000    0 1938          -   76.00000      -     -  505s
     0     0   76.00000    0 1811          -   76.00000      -     -  507s
     0     0   76.00000    0 1798          -   76.00000      -     -  507s
     0     0   76.00000    0 1883          -   76.00000      -     -  511s
     0     0   76.00000    0 1728          -   76.00000      -     -  512s
     0     0   76.00000    0 1707          -   76.00000      -     -  512s
     0     0   76.00000    0 1684          -   76.00000      -     -  512s
     0     0   76.00000    0 1677          -   76.00000      -     -  546s
     0     0   76.00000    0 2114          -   76.00000      -     -  549s
     0     0   76.00000    0 2046          -   76.00000      -     -  550s
     0     0   76.00000    0 1985          -   76.00000      -     -  556s
     0     0   76.00000    0 1961          -   76.00000      -     -  559s
     0     0   76.00000    0 1811          -   76.00000      -     -  562s
     0     0   76.00000    0 1881          -   76.00000      -     -  564s
     0     0   76.00000    0 1779          -   76.00000      -     -  564s
     0     0   76.00000    0 2252          -   76.00000      -     -  573s
     0     0   79.00000    0 2134          -   79.00000      -     -  583s
     0     0   79.00000    0 2194          -   79.00000      -     -  598s
     0     0   79.00000    0 2130          -   79.00000      -     -  598s
     0     0   79.00000    0 2156          -   79.00000      -     -  610s
     0     0   79.00000    0 2152          -   79.00000      -     -  610s
     0     0   79.00000    0 2000          -   79.00000      -     -  622s
     0     0   79.00000    0 1936          -   79.00000      -     -  625s
     0     0   79.00000    0 1892          -   79.00000      -     -  625s
     0     0   79.00000    0  936          -   79.00000      -     -  663s
     0     0   79.00000    0  910          -   79.00000      -     -  665s
     0     0   79.00000    0  924          -   79.00000      -     -  666s
     0     0   79.00000    0  924          -   79.00000      -     -  666s
     0     0   79.00000    0 1563          -   79.00000      -     -  682s
     0     0   79.00000    0 1618          -   79.00000      -     -  686s
     0     0   79.00000    0 1517          -   79.00000      -     -  686s
     0     0   79.00000    0 1208          -   79.00000      -     -  733s
     0     0   79.00000    0 1204          -   79.00000      -     -  734s
     0     0   79.00000    0 1542          -   79.00000      -     -  773s
     0     0   79.00000    0 1544          -   79.00000      -     -  775s
     0     0   79.00000    0 1389          -   79.00000      -     -  776s
     0     0   79.00000    0 1387          -   79.00000      -     -  777s
     0     0   79.00000    0 1546          -   79.00000      -     -  909s
     0     0   79.00000    0 1562          -   79.00000      -     -  910s
     0     0   79.00000    0 2229          -   79.00000      -     -  991s
     0     0   79.00000    0 2179          -   79.00000      -     -  993s
     0     0   79.00000    0 2218          -   79.00000      -     -  995s
     0     0   79.00000    0 2251          -   79.00000      -     -  996s
     0     0   79.00000    0 2214          -   79.00000      -     -  996s
     0     0   79.00000    0 1374          -   79.00000      -     - 1036s
     0     0   79.00000    0 1359          -   79.00000      -     - 1037s
     0     0   79.00000    0 1355          -   79.00000      -     - 1037s
     0     0   79.00000    0 2045          -   79.00000      -     - 1067s
     0     0   79.00000    0 2080          -   79.00000      -     - 1071s
     0     0   79.00000    0 2036          -   79.00000      -     - 1074s
     0     0   79.00000    0 1997          -   79.00000      -     - 1074s
     0     0   79.00000    0 1383          -   79.00000      -     - 1120s
     0     0   79.00000    0 1383          -   79.00000      -     - 1923s
     0     2   79.00000    0  937          -   79.00000      -     - 2691s

Gurobi 10.0.3 (linux64, gurobi_cl) logging started Fri Nov 10 17:21:46 2023

Set parameter Username
Set parameter TimeLimit to value 3600
Set parameter LogFile to value "RCPSP_1495.log"
Set parameter Threads to value 32
Academic license - for non-commercial use only - expires 2024-10-30
Using license file /home/jrivera6/gurobi-licenses/v1003/compute-0-34/gurobi.lic

Gurobi Optimizer version 10.0.3 build v10.0.3rc0 (linux64)
Copyright (c) 2023, Gurobi Optimization, LLC

Read MPS format model from file RCPSP_1495.mps
Reading time = 0.12 seconds
RCPSP_1495: 75214 rows, 29890 columns, 251629 nonzeros

CPU model: Intel(R) Xeon(R) Gold 6130 CPU @ 2.10GHz, instruction set [SSE2|AVX|AVX2|AVX512]
Thread count: 32 physical cores, 32 logical processors, using up to 32 threads

Optimize a model with 75214 rows, 29890 columns and 251629 nonzeros
Model fingerprint: 0xc1bff4c1
Variable types: 122 continuous, 29768 integer (29768 binary)
Coefficient statistics:
  Matrix range     [1e+00, 7e+02]
  Objective range  [1e+00, 1e+00]
  Bounds range     [1e+00, 1e+00]
  RHS range        [1e+00, 7e+02]
Presolve removed 15735 rows and 3390 columns (presolve time = 5s) ...
Presolve removed 15735 rows and 3390 columns
Presolve time: 5.09s
Presolved: 59479 rows, 26500 columns, 208181 nonzeros
Variable types: 121 continuous, 26379 integer (26379 binary)

Deterministic concurrent LP optimizer: primal and dual simplex (primal and dual model)
Showing first log only...

Root relaxation presolved: 59476 rows, 26503 columns, 208175 nonzeros


Root simplex log...

Iteration    Objective       Primal Inf.    Dual Inf.      Time
       0    7.3857273e+01   8.442807e-02   3.270449e+08      7s
    5252    7.2000000e+01   0.000000e+00   0.000000e+00      8s
    5252    7.2000000e+01   0.000000e+00   0.000000e+00      8s
Concurrent spin time: 2.40s

Solved with dual simplex (primal model)

Root relaxation: objective 7.200000e+01, 10044 iterations, 5.10 seconds (0.60 work units)
Total elapsed time = 15.91s
Total elapsed time = 20.67s

    Nodes    |    Current Node    |     Objective Bounds      |     Work
 Expl Unexpl |  Obj  Depth IntInf | Incumbent    BestBd   Gap | It/Node Time

     0     0   72.00000    0 1087          -   72.00000      -     -   27s
     0     0   73.37500    0 1993          -   73.37500      -     -   62s
     0     0   73.37500    0 1986          -   73.37500      -     -   62s
     0     0   73.37500    0 2375          -   73.37500      -     -  106s
     0     0   73.37500    0 2432          -   73.37500      -     -  110s
     0     0   73.37500    0 2428          -   73.37500      -     -  115s
     0     0   73.37500    0 2315          -   73.37500      -     -  115s
     0     0   74.02738    0 2536          -   74.02738      -     -  130s
     0     0   74.02738    0 2509          -   74.02738      -     -  130s
     0     0   76.00000    0 2503          -   76.00000      -     -  146s
     0     0   76.00000    0 2359          -   76.00000      -     -  150s
     0     0   76.00000    0 2285          -   76.00000      -     -  151s
     0     0   76.00000    0 2283          -   76.00000      -     -  151s
     0     0   76.00000    0 2465          -   76.00000      -     -  167s
     0     0   76.00000    0 2511          -   76.00000      -     -  170s
     0     0   76.00000    0 2203          -   76.00000      -     -  176s
     0     0   76.00000    0  773          -   76.00000      -     -  230s
     0     0   76.00000    0 2096          -   76.00000      -     -  257s
     0     0   76.00000    0 2108          -   76.00000      -     -  338s
     0     0   76.00000    0 1938          -   76.00000      -     -  340s
     0     0   76.00000    0 1811          -   76.00000      -     -  341s
     0     0   76.00000    0 1798          -   76.00000      -     -  341s
     0     0   76.00000    0 1883          -   76.00000      -     -  343s
     0     0   76.00000    0 1728          -   76.00000      -     -  344s
     0     0   76.00000    0 1707          -   76.00000      -     -  344s
     0     0   76.00000    0 1684          -   76.00000      -     -  345s
     0     0   76.00000    0 1677          -   76.00000      -     -  371s
     0     0   76.00000    0 2114          -   76.00000      -     -  374s
     0     0   76.00000    0 2046          -   76.00000      -     -  374s
     0     0   76.00000    0 1985          -   76.00000      -     -  381s
     0     0   76.00000    0 1961          -   76.00000      -     -  384s
     0     0   76.00000    0 1811          -   76.00000      -     -  386s
     0     0   76.00000    0 1881          -   76.00000      -     -  388s
     0     0   76.00000    0 1779          -   76.00000      -     -  388s
     0     0   76.00000    0 2252          -   76.00000      -     -  395s
     0     0   79.00000    0 2134          -   79.00000      -     -  405s
     0     0   79.00000    0 2194          -   79.00000      -     -  417s
     0     0   79.00000    0 2130          -   79.00000      -     -  418s
     0     0   79.00000    0 2156          -   79.00000      -     -  428s
     0     0   79.00000    0 2152          -   79.00000      -     -  428s
     0     0   79.00000    0 2000          -   79.00000      -     -  436s
     0     0   79.00000    0 1936          -   79.00000      -     -  439s
     0     0   79.00000    0 1892          -   79.00000      -     -  439s
     0     0   79.00000    0  936          -   79.00000      -     -  474s
     0     0   79.00000    0  910          -   79.00000      -     -  475s
     0     0   79.00000    0  924          -   79.00000      -     -  476s
     0     0   79.00000    0  924          -   79.00000      -     -  476s
     0     0   79.00000    0 1563          -   79.00000      -     -  490s
     0     0   79.00000    0 1618          -   79.00000      -     -  493s
     0     0   79.00000    0 1517          -   79.00000      -     -  493s
     0     0   79.00000    0 1208          -   79.00000      -     -  532s
     0     0   79.00000    0 1204          -   79.00000      -     -  532s
     0     0   79.00000    0 1542          -   79.00000      -     -  574s
     0     0   79.00000    0 1544          -   79.00000      -     -  577s
     0     0   79.00000    0 1389          -   79.00000      -     -  578s
     0     0   79.00000    0 1387          -   79.00000      -     -  579s
     0     0   79.00000    0 1546          -   79.00000      -     -  635s
     0     0   79.00000    0 1562          -   79.00000      -     -  636s
     0     0   79.00000    0 2229          -   79.00000      -     -  663s
     0     0   79.00000    0 2179          -   79.00000      -     -  667s
     0     0   79.00000    0 2218          -   79.00000      -     -  669s
     0     0   79.00000    0 2251          -   79.00000      -     -  672s
     0     0   79.00000    0 2214          -   79.00000      -     -  672s
     0     0   79.00000    0 1374          -   79.00000      -     -  711s
     0     0   79.00000    0 1359          -   79.00000      -     -  712s
     0     0   79.00000    0 1355          -   79.00000      -     -  712s
     0     0   79.00000    0 2045          -   79.00000      -     -  743s
     0     0   79.00000    0 2080          -   79.00000      -     -  746s
     0     0   79.00000    0 2036          -   79.00000      -     -  749s
     0     0   79.00000    0 1997          -   79.00000      -     -  749s
     0     0   79.00000    0 1383          -   79.00000      -     -  809s
     0     0   79.00000    0 1383          -   79.00000      -     -  824s
     0     2   79.00000    0  937          -   79.00000      -     -  887s
     1     5   79.00000    1  991          -   79.00000      -  6566  902s
     3     8   79.00000    2 1838          -   79.00000      -  3930  942s
     7     8   79.00000    3 2463          -   79.00000      -  3803  990s
    15     8 infeasible    4               -   79.00000      -  2477 1084s
    23    12   79.00000    5 2448          -   79.00000      -  1977 1130s
    31    12   79.00000    6 2266          -   79.00000      -  2047 1168s
    43    12   79.00000    7 2264          -   79.00000      -  1761 1185s
    55    20   79.00000    8 2109          -   79.00000      -  1400 1422s
    67    32   79.00000    9 2211          -   79.00000      -  1402 1552s
    80    32   79.00000    9 2443          -   79.00000      -  1625 1555s
    87    36   79.00000   10 2091          -   79.00000      -  1665 1700s
   119    46   79.00000   11 2116          -   79.00000      -  1586 1758s
   151    66   79.00000   12 2166          -   79.00000      -  1553 1819s
   183    95   79.00000   13 2039          -   79.00000      -  1598 1875s
   216   123   79.00000   13 2057          -   79.00000      -  1645 1987s
   250   156   79.00000   14 2025          -   79.00000      -  1643 2027s
   285   192   79.00000   15 1911          -   79.00000      -  1642 2083s
   335   234   79.00000   16 1873          -   79.00000      -  1462 2154s
   385   269   79.00000   15 2230          -   79.00000      -  1395 2185s
   437   366 infeasible   14               -   79.00000      -  1327 2249s
   540   519   79.00000   22 1858          -   79.00000      -  1204 2320s
   699   929   79.00000   24 2037          -   79.00000      -  1073 2428s
  1027   929   79.00000   20 2054          -   79.00000      -   888 2430s
  1120  1265   79.00000   29 2120          -   79.00000      -   857 2731s
  1475  1822   79.23996   31 2332          -   79.00000      -   926 3338s
  2114  2498   81.00000   40 2028          -   79.00000      -   842 3746s

Cutting planes:
  Learned: 1
  Gomory: 22
  Cover: 762
  Implied bound: 522
  Clique: 34
  MIR: 4340
  StrongCG: 48
  Inf proof: 1
  Zero half: 20
  RLT: 2564
  Relax-and-lift: 263
  PSD: 2

Explored 2823 nodes (2456874 simplex iterations) in 3795.96 seconds (225.66 work units)
Thread count was 32 (of 32 available processors)

Solution count 0

Time limit reached
Best objective -, best bound 7.900000000000e+01, gap -

Unable to retrieve attribute 'X'

