
Gurobi 10.0.3 (linux64, gurobi_cl) logging started Fri Nov 10 21:25:15 2023

Set parameter Username
Set parameter TimeLimit to value 3600
Set parameter LogFile to value "RCPSP_1948.log"
Set parameter Threads to value 32
Academic license - for non-commercial use only - expires 2024-10-30
Using license file /home/jrivera6/gurobi-licenses/v1003/compute-0-37/gurobi.lic

Gurobi Optimizer version 10.0.3 build v10.0.3rc0 (linux64)
Copyright (c) 2023, Gurobi Optimization, LLC

Read MPS format model from file RCPSP_1948.mps
Reading time = 0.79 seconds
RCPSP_1948: 75288 rows, 29890 columns, 266102 nonzeros

CPU model: Intel(R) Xeon(R) Gold 6242 CPU @ 2.80GHz, instruction set [SSE2|AVX|AVX2|AVX512]
Thread count: 32 physical cores, 32 logical processors, using up to 32 threads

Optimize a model with 75288 rows, 29890 columns and 266102 nonzeros
Model fingerprint: 0x176e084f
Variable types: 122 continuous, 29768 integer (29768 binary)
Coefficient statistics:
  Matrix range     [1e+00, 6e+02]
  Objective range  [1e+00, 1e+00]
  Bounds range     [1e+00, 1e+00]
  RHS range        [1e+00, 6e+02]
Presolve removed 22969 rows and 6662 columns (presolve time = 5s) ...
Presolve removed 26735 rows and 7951 columns
Presolve time: 9.26s
Presolved: 48553 rows, 21939 columns, 176260 nonzeros
Variable types: 121 continuous, 21818 integer (21818 binary)

Deterministic concurrent LP optimizer: primal and dual simplex (primal and dual model)
Showing first log only...

Root relaxation presolved: 48537 rows, 21955 columns, 176228 nonzeros


Root simplex log...

Iteration    Objective       Primal Inf.    Dual Inf.      Time
       0    8.5523038e+01   7.357818e-03   2.321553e+08     10s
Concurrent spin time: 0.27s

Solved with dual simplex (primal model)

Root relaxation: objective 8.500000e+01, 6548 iterations, 1.43 seconds (0.17 work units)
Total elapsed time = 15.38s

    Nodes    |    Current Node    |     Objective Bounds      |     Work
 Expl Unexpl |  Obj  Depth IntInf | Incumbent    BestBd   Gap | It/Node Time

     0     0   85.00000    0 1043          -   85.00000      -     -   30s
     0     0   96.00000    0  837          -   96.00000      -     -   31s
     0     0   96.00000    0 1257          -   96.00000      -     -   71s
     0     0   96.00712    0 1399          -   96.00712      -     -   78s
     0     0   96.00712    0 1352          -   96.00712      -     -   78s
     0     0   97.00000    0 1046          -   97.00000      -     -  156s
     0     0   97.00000    0 1146          -   97.00000      -     -  162s
     0     0   97.00000    0 1137          -   97.00000      -     -  162s
     0     0   97.00579    0 1260          -   97.00579      -     -  189s
     0     0   97.00579    0 1271          -   97.00579      -     -  192s
     0     0   97.00579    0 1247          -   97.00579      -     -  192s
     0     0   97.36220    0 1274          -   97.36220      -     -  196s
     0     0   97.36220    0 1215          -   97.36220      -     -  196s
     0     0   97.36220    0 1258          -   97.36220      -     -  199s
     0     0   97.36220    0 1248          -   97.36220      -     -  201s
     0     0   97.36220    0 1286          -   97.36220      -     -  202s
     0     0   97.36220    0 1284          -   97.36220      -     -  203s
     0     0  100.00005    0 1356          -  100.00005      -     -  218s
     0     0  100.00005    0 1353          -  100.00005      -     -  218s
     0     0  100.00493    0 1529          -  100.00493      -     -  232s
     0     0  100.00493    0 1515          -  100.00493      -     -  234s
     0     0  100.00493    0 1449          -  100.00493      -     -  237s
     0     0  100.00493    0 1502          -  100.00493      -     -  240s
     0     0  100.00493    0 1476          -  100.00493      -     -  240s
     0     0  100.00650    0 1528          -  100.00650      -     -  253s
     0     0  100.00650    0 1349          -  100.00650      -     -  255s
     0     0  100.00650    0 1344          -  100.00650      -     -  255s
     0     0  100.00670    0 1521          -  100.00670      -     -  266s
     0     0  100.00670    0 1478          -  100.00670      -     -  267s
     0     0  100.00670    0 1567          -  100.00670      -     -  270s
     0     0  100.00670    0  556          -  100.00670      -     -  305s
     0     0  100.00670    0  556          -  100.00670      -     -  305s
     0     0  100.00670    0 1242          -  100.00670      -     -  340s
     0     0  100.00670    0 1240          -  100.00670      -     -  341s
     0     0  100.00670    0 1533          -  100.00670      -     -  366s
     0     0  100.00670    0 1456          -  100.00670      -     -  372s
     0     0  100.00670    0 1442          -  100.00670      -     -  373s
     0     0  100.00670    0 1410          -  100.00670      -     -  419s
     0     0  100.00670    0 1387          -  100.00670      -     -  425s
     0     0  100.00670    0 1356          -  100.00670      -     -  429s
     0     0  100.00670    0 1338          -  100.00670      -     -  429s
     0     0  101.11462    0 1309          -  101.11462      -     -  479s
     0     0  101.11462    0 1299          -  101.11462      -     -  486s
     0     0  101.11462    0 1247          -  101.11462      -     -  488s
     0     0  101.11462    0 1243          -  101.11462      -     -  488s
     0     0  104.23528    0 1304          -  104.23528      -     -  522s
     0     0  104.23885    0 1258          -  104.23885      -     -  547s
     0     0  104.23885    0 1187          -  104.23885      -     -  548s
     0     0  104.23885    0 1184          -  104.23885      -     -  548s
     0     0  104.23885    0 1219          -  104.23885      -     -  555s
     0     0  104.23885    0 1192          -  104.23885      -     -  555s
     0     0  104.30005    0 1268          -  104.30005      -     -  594s
     0     0  104.30005    0 1345          -  104.30005      -     -  599s
     0     0  104.30005    0 1328          -  104.30005      -     -  603s
     0     0  104.30005    0 1293          -  104.30005      -     -  605s
     0     0  104.30005    0 1239          -  104.30005      -     -  609s
     0     0  104.30005    0 1150          -  104.30005      -     -  610s
     0     0  104.51370    0 1334          -  104.51370      -     -  644s
     0     0  104.51370    0 1272          -  104.51370      -     -  645s
     0     0  104.51370    0 1326          -  104.51370      -     -  650s
     0     0  104.51370    0 1335          -  104.51370      -     -  653s
     0     0  104.51370    0 1318          -  104.51370      -     -  653s
     0     0  104.51370    0 1328          -  104.51370      -     -  666s
     0     0  104.51370    0 1285          -  104.51370      -     -  667s
     0     0  104.51370    0 1356          -  104.51370      -     -  701s
     0     0  104.51370    0 1272          -  104.51370      -     -  704s
     0     0  104.51370    0 1313          -  104.51370      -     -  706s
     0     0  104.51370    0 1306          -  104.51370      -     -  709s
     0     0  104.51370    0 1176          -  104.51370      -     -  709s
     0     0  104.55954    0 1289          -  104.55954      -     -  718s
     0     0  104.55954    0 1363          -  104.55954      -     -  722s
     0     0  104.55954    0 1265          -  104.55954      -     -  725s
     0     0  104.55954    0 1244          -  104.55954      -     -  725s
     0     0  104.55954    0 1343          -  104.55954      -     -  745s
     0     0  104.55954    0 1280          -  104.55954      -     -  746s
     0     0  104.55954    0 1289          -  104.55954      -     -  770s
     0     0  104.55954    0 1284          -  104.55954      -     -  773s
     0     0  104.55954    0 1276          -  104.55954      -     -  775s
     0     0  104.55954    0 1279          -  104.55954      -     -  778s
     0     0  104.55954    0 1277          -  104.55954      -     -  778s
     0     0  104.56046    0 1319          -  104.56046      -     -  809s
     0     0  104.56046    0 1291          -  104.56046      -     -  809s
     0     0  104.56963    0 1386          -  104.56963      -     -  819s
     0     0  104.56963    0 1333          -  104.56963      -     -  819s
     0     0  104.57147    0 1305          -  104.57147      -     -  825s
     0     0  104.57147    0 1317          -  104.57147      -     -  830s
     0     0  104.57147    0 1311          -  104.57147      -     -  830s
     0     0  104.94841    0 1037          -  104.94841      -     -  880s
     0     0  105.04201    0 1100          -  105.04201      -     - 1562s
     0     0  105.04201    0 1228          -  105.04201      -     - 1762s
     0     0  105.04201    0 1202          -  105.04201      -     - 1763s
     0     0  105.04201    0 1240          -  105.04201      -     - 1833s
     0     0  105.04201    0 1148          -  105.04201      -     - 1834s
     0     0  105.04201    0 1340          -  105.04201      -     - 1954s
     0     0  105.04201    0 1356          -  105.04201      -     - 2055s
     0     0  105.04201    0 1332          -  105.04201      -     - 2056s
     0     0  105.04201    0 1311          -  105.04201      -     - 2056s
     0     0  105.12326    0 1269          -  105.12326      -     - 2203s
     0     0  105.12326    0 1376          -  105.12326      -     - 2230s
     0     0  105.12326    0 1313          -  105.12326      -     - 2231s
     0     0  105.12326    0 1311          -  105.12326      -     - 2239s
     0     0  105.12326    0 1307          -  105.12326      -     - 2240s
     0     0  105.12326    0 1458          -  105.12326      -     - 2244s
     0     0  105.12326    0 1455          -  105.12326      -     - 2245s
     0     0  105.12326    0 1451          -  105.12326      -     - 2245s
     0     0  105.12424    0  637          -  105.12424      -     - 2442s
     0     0  105.12510    0 1107          -  105.12510      -     - 2463s
     0     0  105.12877    0 1103          -  105.12877      -     - 2463s
     0     0  105.12877    0 1158          -  105.12877      -     - 2465s
     0     0  105.12877    0 1168          -  105.12877      -     - 2465s
     0     0  105.26501    0 1144          -  105.26501      -     - 2471s
     0     0  105.26501    0 1110          -  105.26501      -     - 2471s
     0     0  105.26501    0 1108          -  105.26501      -     - 2471s
     0     0  105.27069    0 1171          -  105.27069      -     - 2498s
     0     0  105.27075    0 1184          -  105.27075      -     - 2499s
     0     0  105.27075    0 1159          -  105.27075      -     - 2499s
     0     0  105.36159    0 1220          -  105.36159      -     - 2501s
     0     0  105.36159    0 1193          -  105.36159      -     - 2502s
     0     0  105.39907    0 1284          -  105.39907      -     - 2505s
     0     0  105.39907    0 1209          -  105.39907      -     - 2506s
     0     0  105.40241    0 1219          -  105.40241      -     - 2507s
     0     0  105.40241    0 1185          -  105.40241      -     - 2508s
     0     0  105.40241    0 1180          -  105.40241      -     - 2508s
     0     0  105.44470    0 1233          -  105.44470      -     - 2514s
     0     0  105.44470    0 1161          -  105.44470      -     - 2514s
     0     0  105.44470    0 1159          -  105.44470      -     - 2514s
     0     0  105.44474    0 1222          -  105.44474      -     - 2521s
     0     0  105.44474    0 1196          -  105.44474      -     - 2521s
     0     0  105.49563    0 1283          -  105.49563      -     - 2524s
     0     0  105.49563    0 1226          -  105.49563      -     - 2524s
     0     0  105.49563    0 1221          -  105.49563      -     - 2524s
     0     0  105.52370    0 1214          -  105.52370      -     - 2530s
     0     0  105.52370    0 1208          -  105.52370      -     - 2530s
     0     0  105.55767    0 1224          -  105.55767      -     - 2530s
     0     0  105.56644    0 1273          -  105.56644      -     - 2530s
     0     0  105.56663    0 1262          -  105.56663      -     - 2531s
     0     0  105.56663    0 1221          -  105.56663      -     - 2532s
     0     0  105.56663    0 1219          -  105.56663      -     - 2532s
     0     0  105.56720    0 1322          -  105.56720      -     - 2534s
     0     0  105.56720    0 1267          -  105.56720      -     - 2534s
     0     0  105.56720    0 1220          -  105.56720      -     - 2539s
     0     0  105.56720    0 1374          -  105.56720      -     - 2541s
     0     0  105.56720    0 1308          -  105.56720      -     - 2541s
     0     0  105.56720    0 1322          -  105.56720      -     - 2543s
     0     0  105.56720    0 1285          -  105.56720      -     - 2543s
     0     0  105.56720    0  927          -  105.56720      -     - 2647s
     0     0  105.57315    0 1228          -  105.57315      -     - 2661s
     0     0  105.57838    0 1286          -  105.57838      -     - 2662s
     0     0  105.58453    0 1251          -  105.58453      -     - 2663s
     0     0  105.58622    0 1240          -  105.58622      -     - 2663s
     0     0  105.58622    0 1222          -  105.58622      -     - 2664s
     0     0  105.58668    0  971          -  105.58668      -     - 2672s
     0     0  105.58668    0 1329          -  105.58668      -     - 2680s
     0     0  105.58668    0 1290          -  105.58668      -     - 2680s
     0     0  105.58668    0 1286          -  105.58668      -     - 2682s
     0     0  105.58668    0 1279          -  105.58668      -     - 2682s
     0     0  105.58668    0 1359          -  105.58668      -     - 2684s
     0     0  105.58668    0 1319          -  105.58668      -     - 2685s
     0     0  105.59420    0  830          -  105.59420      -     - 2709s
     0     0  105.62777    0 1308          -  105.62777      -     - 2722s
     0     0  105.62777    0 1305          -  105.62777      -     - 2722s
     0     0  105.63376    0 1353          -  105.63376      -     - 2727s
     0     0  105.63376    0 1346          -  105.63376      -     - 2728s
     0     0  105.63668    0 1339          -  105.63668      -     - 2744s
     0     0  105.63668    0 1326          -  105.63668      -     - 2752s
     0     0  105.63668    0 1296          -  105.63668      -     - 2752s
     0     0  105.63668    0 1354          -  105.63668      -     - 2761s
     0     0  105.63668    0 1243          -  105.63668      -     - 2762s
     0     0  105.63668    0 1475          -  105.63668      -     - 2778s
     0     0  105.63668    0 1473          -  105.63668      -     - 2778s
     0     0  105.68105    0 1440          -  105.68105      -     - 2796s
     0     0  105.68105    0 1438          -  105.68105      -     - 2797s
     0     0  105.68687    0 1402          -  105.68687      -     - 2810s
     0     0  105.68687    0 1399          -  105.68687      -     - 2811s
     0     0  105.68687    0 1416          -  105.68687      -     - 2815s
     0     0  105.68687    0 1359          -  105.68687      -     - 2816s
     0     0  105.68687    0 1396          -  105.68687      -     - 2905s
     0     0  105.68687    0 1394          -  105.68687      -     - 2905s
     0     0  105.68687    0 1443          -  105.68687      -     - 2917s
     0     0  105.68687    0 1433          -  105.68687      -     - 2917s
     0     0  105.68687    0 1372          -  105.68687      -     - 2927s
     0     0  105.68687    0 1315          -  105.68687      -     - 2928s
     0     0  105.68687    0 1315          -  105.68687      -     - 4016s

Cutting planes:
  Cover: 113
  Implied bound: 2
  Clique: 28
  MIR: 274
  StrongCG: 25
  Zero half: 1
  Mod-K: 1
  RLT: 172
  Relax-and-lift: 47

Explored 1 nodes (321365 simplex iterations) in 4018.12 seconds (244.05 work units)
Thread count was 32 (of 32 available processors)

Solution count 0

Time limit reached
Best objective -, best bound 1.056868679794e+02, gap -

Unable to retrieve attribute 'X'

