
Gurobi 10.0.3 (linux64, gurobi_cl) logging started Thu Nov  9 12:05:35 2023

Set parameter Username
Set parameter TimeLimit to value 3600
Set parameter LogFile to value "RCPSP_1341.log"
Set parameter Threads to value 32
Academic license - for non-commercial use only - expires 2024-10-30
Using license file /home/jrivera6/gurobi-licenses/v1003/compute-0-38/gurobi.lic

Gurobi Optimizer version 10.0.3 build v10.0.3rc0 (linux64)
Copyright (c) 2023, Gurobi Optimization, LLC

Read MPS format model from file RCPSP_1341.mps
Reading time = 0.09 seconds
RCPSP_1341: 42975 rows, 17020 columns, 142890 nonzeros

CPU model: Intel(R) Xeon(R) Gold 6242 CPU @ 2.80GHz, instruction set [SSE2|AVX|AVX2|AVX512]
Thread count: 32 physical cores, 32 logical processors, using up to 32 threads

Optimize a model with 42975 rows, 17020 columns and 142890 nonzeros
Model fingerprint: 0xdb859088
Variable types: 92 continuous, 16928 integer (16928 binary)
Coefficient statistics:
  Matrix range     [1e+00, 5e+02]
  Objective range  [1e+00, 1e+00]
  Bounds range     [1e+00, 1e+00]
  RHS range        [1e+00, 5e+02]
Presolve removed 7284 rows and 1313 columns (presolve time = 5s) ...
Presolve removed 8865 rows and 2462 columns
Presolve time: 5.63s
Presolved: 34110 rows, 14558 columns, 117534 nonzeros
Variable types: 91 continuous, 14467 integer (14467 binary)

Deterministic concurrent LP optimizer: primal and dual simplex (primal and dual model)
Showing first log only...

Root relaxation presolved: 34110 rows, 14558 columns, 117534 nonzeros


Root simplex log...

Iteration    Objective       Primal Inf.    Dual Inf.      Time
       0    1.0643804e+02   3.874017e-03   1.336289e+08      6s
    1744    1.0600000e+02   0.000000e+00   0.000000e+00      7s
Concurrent spin time: 0.40s

Solved with dual simplex (dual model)

Root relaxation: objective 1.060000e+02, 16356 iterations, 1.19 seconds (0.12 work units)

    Nodes    |    Current Node    |     Objective Bounds      |     Work
 Expl Unexpl |  Obj  Depth IntInf | Incumbent    BestBd   Gap | It/Node Time

     0     0  106.00000    0   14          -  106.00000      -     -    9s
     0     0  106.00000    0  381          -  106.00000      -     -   21s
     0     0  106.00000    0  383          -  106.00000      -     -   22s
     0     0  106.00000    0   20          -  106.00000      -     -   26s
     0     0  106.00000    0   16          -  106.00000      -     -   26s
     0     0  106.00000    0    8          -  106.00000      -     -   29s
     0     0  106.00000    0   13          -  106.00000      -     -   30s
     0     0  106.00000    0    2          -  106.00000      -     -   33s
     0     0  106.00000    0    4          -  106.00000      -     -   38s
     0     0  106.00000    0    2          -  106.00000      -     -   42s
     0     0  106.00000    0    8          -  106.00000      -     -   44s
     0     0  106.00000    0    8          -  106.00000      -     -   44s
H    0     0                     106.0000000  106.00000  0.00%     -   46s
     0     0  106.00000    0   56  106.00000  106.00000  0.00%     -   46s

Cutting planes:
  Gomory: 9
  Cover: 2
  Implied bound: 30
  MIR: 73
  StrongCG: 2
  RLT: 69
  Relax-and-lift: 20

Explored 1 nodes (30656 simplex iterations) in 46.52 seconds (9.03 work units)
Thread count was 32 (of 32 available processors)

Solution count 1: 106 

Optimal solution found (tolerance 1.00e-04)
Best objective 1.060000000000e+02, best bound 1.060000000000e+02, gap 0.0000%

Wrote result file 'RCPSP_1341.sol'

