
Gurobi 10.0.3 (linux64, gurobi_cl) logging started Thu Nov  2 11:33:57 2023

Set parameter Username
Set parameter TimeLimit to value 3600
Set parameter LogFile to value "RCPSP_244.log"
Set parameter Threads to value 32
Academic license - for non-commercial use only - expires 2024-10-30
Using license file /home/jrivera6/gurobi-licenses/v1003/compute-0-39/gurobi.lic

Gurobi Optimizer version 10.0.3 build v10.0.3rc0 (linux64)
Copyright (c) 2023, Gurobi Optimization, LLC

Read MPS format model from file RCPSP_244.mps
Reading time = 0.01 seconds
RCPSP_244: 5339 rows, 2080 columns, 17984 nonzeros

CPU model: Intel(R) Xeon(R) Gold 6242 CPU @ 2.80GHz, instruction set [SSE2|AVX|AVX2|AVX512]
Thread count: 32 physical cores, 32 logical processors, using up to 32 threads

Optimize a model with 5339 rows, 2080 columns and 17984 nonzeros
Model fingerprint: 0xe81b5550
Variable types: 32 continuous, 2048 integer (2048 binary)
Coefficient statistics:
  Matrix range     [1e+00, 1e+02]
  Objective range  [1e+00, 1e+00]
  Bounds range     [1e+00, 1e+00]
  RHS range        [1e+00, 2e+02]
Presolve removed 3699 rows and 1436 columns
Presolve time: 0.10s
Presolved: 1640 rows, 644 columns, 5178 nonzeros
Variable types: 31 continuous, 613 integer (613 binary)

Root relaxation: objective 5.800000e+01, 216 iterations, 0.00 seconds (0.00 work units)

    Nodes    |    Current Node    |     Objective Bounds      |     Work
 Expl Unexpl |  Obj  Depth IntInf | Incumbent    BestBd   Gap | It/Node Time

     0     0   58.00000    0   35          -   58.00000      -     -    0s
     0     0   58.00000    0   70          -   58.00000      -     -    0s
     0     0   58.00000    0   61          -   58.00000      -     -    0s
H    0     0                     104.0000000   58.45465  43.8%     -    0s
     0     0   60.20066    0   31  104.00000   60.20066  42.1%     -    0s
H    0     0                     102.0000000   60.20066  41.0%     -    0s
     0     0   60.20066    0   58  102.00000   60.20066  41.0%     -    0s
H    0     0                      95.0000000   60.20066  36.6%     -    0s
     0     0   60.20066    0   95   95.00000   60.20066  36.6%     -    1s
     0     0   60.20066    0   81   95.00000   60.20066  36.6%     -    1s
     0     0   60.23240    0   68   95.00000   60.23240  36.6%     -    1s
     0     0   60.23240    0   74   95.00000   60.23240  36.6%     -    1s
     0     0   60.60448    0   77   95.00000   60.60448  36.2%     -    1s
     0     0   60.62142    0   87   95.00000   60.62142  36.2%     -    1s
     0     0   60.62142    0   88   95.00000   60.62142  36.2%     -    1s
     0     0   60.68479    0   96   95.00000   60.68479  36.1%     -    1s
     0     0   60.68479    0   95   95.00000   60.68479  36.1%     -    1s
H    0     0                      92.0000000   60.68479  34.0%     -    1s
     0     0   60.74750    0   77   92.00000   60.74750  34.0%     -    1s
     0     0   60.75093    0   98   92.00000   60.75093  34.0%     -    1s
     0     0   60.75093    0   82   92.00000   60.75093  34.0%     -    1s
     0     0   60.86237    0   98   92.00000   60.86237  33.8%     -    1s
     0     0   60.86237    0   95   92.00000   60.86237  33.8%     -    1s
     0     0   61.16671    0   75   92.00000   61.16671  33.5%     -    1s
     0     0   61.16679    0   62   92.00000   61.16679  33.5%     -    1s
     0     0   61.16684    0   61   92.00000   61.16684  33.5%     -    1s
     0     0   61.16684    0   71   92.00000   61.16684  33.5%     -    2s
     0     0   61.18452    0   87   92.00000   61.18452  33.5%     -    2s
     0     0   61.18553    0   91   92.00000   61.18553  33.5%     -    2s
     0     0   61.19009    0  105   92.00000   61.19009  33.5%     -    2s
     0     0   61.19009    0   74   92.00000   61.19009  33.5%     -    2s
     0     0   61.19219    0  111   92.00000   61.19219  33.5%     -    2s
     0     0   61.19219    0   84   92.00000   61.19219  33.5%     -    2s
H    0     0                      90.0000000   61.19219  32.0%     -    2s
     0     0   61.21514    0   73   90.00000   61.21514  32.0%     -    2s
     0     0   61.21514    0   80   90.00000   61.21514  32.0%     -    2s
     0     0   61.22645    0   83   90.00000   61.22645  32.0%     -    2s
     0     0   61.26873    0   81   90.00000   61.26873  31.9%     -    2s
     0     0   61.28464    0   84   90.00000   61.28464  31.9%     -    2s
H    0     0                      88.0000000   61.28464  30.4%     -    2s
     0     0   61.28464    0   84   88.00000   61.28464  30.4%     -    2s
     0     0   61.30147    0   89   88.00000   61.30147  30.3%     -    2s
     0     0   61.30147    0   87   88.00000   61.30147  30.3%     -    2s
     0     0   61.30147    0   81   88.00000   61.30147  30.3%     -    2s
     0     0   61.30922    0   81   88.00000   61.30922  30.3%     -    2s
     0     0   61.31250    0   80   88.00000   61.31250  30.3%     -    2s
     0     0   61.31374    0   76   88.00000   61.31374  30.3%     -    2s
     0     0   61.31556    0   78   88.00000   61.31556  30.3%     -    2s
     0     0   61.31556    0   76   88.00000   61.31556  30.3%     -    2s
     0     0   61.31710    0   52   88.00000   61.31710  30.3%     -    2s
     0     0   61.31710    0   65   88.00000   61.31710  30.3%     -    3s
     0     0   61.31710    0   68   88.00000   61.31710  30.3%     -    3s
     0     0   61.31710    0   73   88.00000   61.31710  30.3%     -    3s
     0     0   61.31710    0   61   88.00000   61.31710  30.3%     -    3s
     0     0   61.31710    0   85   88.00000   61.31710  30.3%     -    3s
     0     0   61.31710    0   63   88.00000   61.31710  30.3%     -    3s
     0     0   61.31710    0   52   88.00000   61.31710  30.3%     -    3s
H    0     0                      85.0000000   61.31710  27.9%     -    3s
     0     2   61.31710    0   52   85.00000   61.31710  27.9%     -    4s
     3     8   61.55904    2   70   85.00000   61.55904  27.6%   188    5s
H   58    59                      85.0000000   62.13378  26.9%   168    6s
   701   666   71.69231   23   50   85.00000   64.00000  24.7%  43.8   10s
  2737  1996 infeasible   19        85.00000   65.00000  23.5%  23.4   15s
  3284  1997   73.00000   25   52   85.00000   65.00000  23.5%  21.8   22s
  3287  1999   82.00000   21   52   85.00000   65.00000  23.5%  21.8   27s
  3304  2010   72.00000   28   89   85.00000   65.00000  23.5%  21.7   30s
  3339  2053   65.00000   15  108   85.00000   65.00000  23.5%  26.9   35s
  3461  2128   67.00000   18   92   85.00000   65.00000  23.5%  30.4   40s
  3616  2199   71.00000   20   71   85.00000   65.00000  23.5%  31.5   45s
H 3631  2092                      84.0000000   65.00000  22.6%  31.6   45s
  4016  2174   75.00000   26   50   84.00000   65.00000  22.6%  33.4   50s
H 4368  2084                      83.0000000   65.00000  21.7%  34.0   53s
  4594  2047   66.00000   17   57   83.00000   65.00000  21.7%  35.4   55s
* 5353  1923              54      82.0000000   65.00000  20.7%  34.0   57s
  5895  1957 infeasible   29        82.00000   65.00000  20.7%  34.1   60s
H 6639  1862                      82.0000000   65.00000  20.7%  34.0   63s
  6753  1811 infeasible   30        82.00000   65.86872  19.7%  33.9   65s
  7584  1805   67.00000   24   89   82.00000   66.00000  19.5%  34.8   70s
  9026  1956   71.00000   21   43   82.00000   66.04348  19.5%  34.4   76s
  9974  2189   72.00000   23   63   82.00000   66.22097  19.2%  34.7   80s
*10448  2330              41      81.0000000   66.29144  18.2%  35.3   83s
 11183  2218   78.00000   27   25   81.00000   67.83776  16.2%  35.1   86s
 11441  2339   77.00000   30   53   81.00000   69.02296  14.8%  36.3   91s
 12223  2312 infeasible   28        81.00000   70.00000  13.6%  36.7   96s
 12638  2630   77.00000   26   34   81.00000   70.00000  13.6%  37.5  100s
 14084  2520 infeasible   28        81.00000   70.00000  13.6%  37.5  106s
*14224  2520              39      81.0000000   70.00000  13.6%  38.0  106s
 14460  2632   70.19512   23   60   81.00000   70.00000  13.6%  38.8  124s
 14934  2564   78.00000   29   34   81.00000   70.00000  13.6%  38.3  126s
 15370  2542   70.08447   24   51   81.00000   70.00000  13.6%  39.6  131s
 15851  2503 infeasible   33        81.00000   71.00000  12.3%  40.3  144s
 16077  2474   74.00000   26   48   81.00000   71.00000  12.3%  40.8  146s
 16745  2400 infeasible   25        81.00000   72.00000  11.1%  41.5  153s
 17034  2367   77.00000   28   68   81.00000   72.00000  11.1%  42.2  156s
 17700  2298   74.00000   31   30   81.00000   72.00000  11.1%  43.3  162s
 18042  2258 infeasible   43        81.00000   72.00000  11.1%  43.9  165s
 18916  2063 infeasible   33        81.00000   72.00000  11.1%  44.5  172s
 19299  1938 infeasible   31        81.00000   72.00000  11.1%  45.3  175s
 20137  1697 infeasible   27        81.00000   73.75000  8.95%  46.5  182s
*20184  1547              36      80.0000000   74.00000  7.50%  46.5  182s
 20661  1247 infeasible   32        80.00000   74.00000  7.50%  46.9  185s
 21853   223 infeasible   22        80.00000   75.00234  6.25%  48.0  193s
*22355   223              29      80.0000000   76.00000  5.00%  47.8  193s
 22854     0   78.00000   32    9   80.00000   76.00000  5.00%  47.4  198s

Cutting planes:
  Learned: 2
  Gomory: 89
  Cover: 52
  Implied bound: 81
  Projected implied bound: 10
  Clique: 5
  MIR: 432
  StrongCG: 5
  Flow cover: 738
  Inf proof: 35
  Zero half: 1
  Mod-K: 1
  RLT: 86
  Relax-and-lift: 194
  BQP: 1

Explored 23146 nodes (1098305 simplex iterations) in 198.94 seconds (9.33 work units)
Thread count was 32 (of 32 available processors)

Solution count 10: 80 80 81 ... 85

Optimal solution found (tolerance 1.00e-04)
Best objective 7.999999999190e+01, best bound 7.999999999190e+01, gap 0.0000%

Wrote result file 'RCPSP_244.sol'

