
Gurobi 10.0.3 (linux64, gurobi_cl) logging started Fri Nov 10 17:25:42 2023

Set parameter Username
Set parameter TimeLimit to value 3600
Set parameter LogFile to value "RCPSP_1500.log"
Set parameter Threads to value 32
Academic license - for non-commercial use only - expires 2024-10-30
Using license file /home/jrivera6/gurobi-licenses/v1003/compute-0-34/gurobi.lic

Gurobi Optimizer version 10.0.3 build v10.0.3rc0 (linux64)
Copyright (c) 2023, Gurobi Optimization, LLC

Read MPS format model from file RCPSP_1500.mps
Reading time = 0.20 seconds
RCPSP_1500: 75214 rows, 29890 columns, 251629 nonzeros

CPU model: Intel(R) Xeon(R) Gold 6130 CPU @ 2.10GHz, instruction set [SSE2|AVX|AVX2|AVX512]
Thread count: 32 physical cores, 32 logical processors, using up to 32 threads

Optimize a model with 75214 rows, 29890 columns and 251629 nonzeros
Model fingerprint: 0x8a6b1482
Variable types: 122 continuous, 29768 integer (29768 binary)
Coefficient statistics:
  Matrix range     [1e+00, 7e+02]
  Objective range  [1e+00, 1e+00]
  Bounds range     [1e+00, 1e+00]
  RHS range        [1e+00, 8e+02]
Presolve removed 17893 rows and 4476 columns (presolve time = 5s) ...
Presolve removed 19792 rows and 5127 columns
Presolve time: 6.17s
Presolved: 55422 rows, 24763 columns, 192615 nonzeros
Variable types: 121 continuous, 24642 integer (24642 binary)

Deterministic concurrent LP optimizer: primal and dual simplex (primal and dual model)
Showing first log only...

Root relaxation presolved: 55418 rows, 24767 columns, 192607 nonzeros


Root simplex log...

Iteration    Objective       Primal Inf.    Dual Inf.      Time
       0    9.3000000e+01   6.533853e-03   2.154853e+08      8s
    4387    9.3000000e+01   0.000000e+00   0.000000e+00      8s
    4387    9.3000000e+01   0.000000e+00   0.000000e+00      9s
Concurrent spin time: 1.93s

Solved with primal simplex (primal model)

Root relaxation: objective 9.300000e+01, 4387 iterations, 3.77 seconds (0.29 work units)
Total elapsed time = 17.23s
Total elapsed time = 21.62s
Total elapsed time = 25.21s

    Nodes    |    Current Node    |     Objective Bounds      |     Work
 Expl Unexpl |  Obj  Depth IntInf | Incumbent    BestBd   Gap | It/Node Time

     0     0   93.00000    0  823          -   93.00000      -     -   35s
     0     0   93.00000    0  823          -   93.00000      -     -   36s
     0     0   93.01323    0 1837          -   93.01323      -     -   89s
     0     0   93.01323    0 1813          -   93.01323      -     -   92s
     0     0   93.01323    0 1838          -   93.01323      -     -   95s
     0     0   93.01323    0 1775          -   93.01323      -     -   96s
     0     0   93.01323    0 1748          -   93.01323      -     -   97s
     0     0   93.01323    0 1891          -   93.01323      -     -   99s
     0     0   93.01323    0 1887          -   93.01323      -     -   99s
     0     0   93.01323    0 1919          -   93.01323      -     -  101s
     0     0   93.01323    0 1831          -   93.01323      -     -  102s
     0     0   93.01323    0 1789          -   93.01323      -     -  103s
     0     0   96.00000    0 1721          -   96.00000      -     -  105s
     0     0   96.00000    0 1763          -   96.00000      -     -  113s
     0     0   96.00000    0 1743          -   96.00000      -     -  118s
     0     0   96.00000    0 1811          -   96.00000      -     -  121s
     0     0   96.00000    0 1659          -   96.00000      -     -  124s
     0     0   96.00000    0 1627          -   96.00000      -     -  127s
     0     0   96.00000    0 1630          -   96.00000      -     -  129s
     0     0   96.00000    0 1625          -   96.00000      -     -  129s
     0     0   96.00000    0 1877          -   96.00000      -     -  144s
     0     0   96.00000    0 2002          -   96.00000      -     -  150s
     0     0   96.00000    0 1911          -   96.00000      -     -  157s
     0     0   96.00000    0 1807          -   96.00000      -     -  159s
     0     0   96.00000    0 1762          -   96.00000      -     -  159s
     0     0   96.00000    0 1956          -   96.00000      -     -  175s
     0     0   96.00000    0 1873          -   96.00000      -     -  182s
     0     0   96.00000    0 1813          -   96.00000      -     -  186s
     0     0   96.00000    0 1672          -   96.00000      -     -  187s
     0     0   96.00000    0 1173          -   96.00000      -     -  233s
     0     0   96.00000    0 1150          -   96.00000      -     -  233s
     0     0   96.00000    0 1601          -   96.00000      -     -  255s
     0     0   96.00000    0 1682          -   96.00000      -     -  257s
     0     0   96.00000    0 1639          -   96.00000      -     -  258s
     0     0   96.00000    0 1657          -   96.00000      -     -  260s
     0     0   96.00000    0 1655          -   96.00000      -     -  260s
     0     0   96.00000    0 1401          -   96.00000      -     -  294s
     0     0   96.00000    0 1630          -   96.00000      -     -  298s
     0     0   96.00000    0 1581          -   96.00000      -     -  300s
     0     0   96.00000    0 1907          -   96.00000      -     -  346s
     0     0   96.00000    0 1841          -   96.00000      -     -  348s
     0     0   96.00000    0 1838          -   96.00000      -     -  349s
     0     0   96.00000    0 1831          -   96.00000      -     -  352s
     0     0   96.00000    0 1737          -   96.00000      -     -  352s
     0     0   96.00000    0 1321          -   96.00000      -     -  376s
     0     0   96.00000    0 1320          -   96.00000      -     -  377s
     0     0   96.00000    0 1320          -   96.00000      -     -  377s
     0     0   96.00000    0 1759          -   96.00000      -     -  387s
     0     0   96.00000    0 1888          -   96.00000      -     -  393s
     0     0   96.00000    0 1991          -   96.00000      -     -  399s
     0     0   96.00000    0 1872          -   96.00000      -     -  400s
     0     0   96.00000    0 1940          -   96.00000      -     -  403s
     0     0   96.00000    0 1907          -   96.00000      -     -  403s
     0     0   96.00000    0 1352          -   96.00000      -     -  440s
     0     0   96.00000    0 1601          -   96.00000      -     -  442s
     0     0   96.00000    0 1905          -   96.00000      -     -  467s
     0     0   96.00000    0 1843          -   96.00000      -     -  470s
     0     0   96.00000    0 1738          -   96.00000      -     -  473s
     0     0   96.00000    0 1766          -   96.00000      -     -  479s
     0     0   96.00000    0 1768          -   96.00000      -     -  482s
     0     0   96.00000    0 1923          -   96.00000      -     -  487s
     0     0   96.00000    0 1974          -   96.00000      -     -  489s
     0     0   96.00000    0 1888          -   96.00000      -     -  491s
     0     0   96.00000    0 1882          -   96.00000      -     -  491s
     0     0   96.00000    0 1275          -   96.00000      -     -  537s
     0     0   96.00000    0 1272          -   96.00000      -     -  551s
     0     2   96.00000    0 1152          -   96.00000      -     -  611s
     1     4   96.00000    1 1149          -   96.00000      -  6093  628s
     3     8   96.00000    2 1843          -   96.00000      -  3915  671s
     7     8   96.00000    3 2070          -   96.00000      -  4714  727s
    15     8   96.00000    4 1911          -   96.00000      -  3338  748s
    23     8   96.00000    5 1909          -   96.00000      -  2272  758s
    31    12   96.00000    6 1907          -   96.00000      -  1688  866s
    39    24   96.78947    7 2055          -   96.00000      -  1633  951s
    51    45   97.50000    8 1998          -   97.00000      -  1941 1120s
    63    45  102.00000    8 1847          -   97.08710      -  2053 1127s
    71    45  103.71429    8 1975          -   97.08710      -  2060 1139s
    75    77  101.00000    9 1967          -   97.08710      -  2112 1259s
   101    77  102.00000    9 1968          -   99.00000      -  2137 1261s
   107   107  104.00000   10 2256          -   99.00000      -  2159 1329s
   139   139  101.00000   10 1799          -  101.00000      -  1794 1374s
   171   179  103.00000   11 1642          -  101.00000      -  1599 1402s
   213   223  117.00000   12 1307          -  101.00000      -  1392 1445s
   260   270  103.00000   12 1747          -  101.00000      -  1222 1474s
   312   313  103.00000   13 1668          -  101.00000      -  1090 1592s
   359   369  103.00000   14 1646          -  101.00000      -  1000 1620s
   416   424  103.00000   15 1646          -  101.00000      -   915 1703s
   473   474  103.00000   16 1779          -  101.00000      -   863 1765s
   527   545  103.00000   17 1748          -  101.00000      -   834 1793s
   601   624  103.00000   18 1731          -  101.00000      -   772 1852s
   687   699  104.00000   20 1678          -  101.00000      -   709 1923s
   765   750  104.00000   22 1684          -  101.00000      -   677 2460s
   821   860  104.00000   24 1680          -  101.00000      -   653 2494s
   844   860  112.00000   25 1874          -  101.00000      -   643 2495s
   934   979  104.00000   27 1604          -  101.00000      -   599 2564s
  1058  1115  104.00000   32 1565          -  101.00000      -   553 2598s
  1202  1235  104.00000   34 1553          -  101.00000      -   508 2678s
  1327  1402  104.00000   35 1553          -  101.00000      -   477 2714s
  1498  1566  104.00000   38 1532          -  101.00000      -   440 2761s
  1664  1704  104.00000   41 1562          -  101.00000      -   413 2859s
  1803  1881  104.00000   44 1570          -  101.00000      -   397 2966s
  1990  2029  104.00000   45 1567          -  101.00000      -   374 3082s
  2151  2160  104.00000   52 1603          -  101.00000      -   362 3243s
  2298  2295  104.00000   55 1572          -  101.00000      -   355 3608s

Cutting planes:
  Gomory: 19
  Cover: 321
  Implied bound: 219
  Clique: 41
  MIR: 2535
  StrongCG: 34
  Zero half: 6
  RLT: 1473
  Relax-and-lift: 130

Explored 2464 nodes (1051212 simplex iterations) in 3775.23 seconds (157.96 work units)
Thread count was 32 (of 32 available processors)

Solution count 0

Time limit reached
Best objective -, best bound 1.010000000000e+02, gap -

Unable to retrieve attribute 'X'

