
Gurobi 10.0.3 (linux64, gurobi_cl) logging started Fri Nov 10 18:40:12 2023

Set parameter Username
Set parameter TimeLimit to value 3600
Set parameter LogFile to value "RCPSP_1643.log"
Set parameter Threads to value 32
Academic license - for non-commercial use only - expires 2024-10-30
Using license file /home/jrivera6/gurobi-licenses/v1003/compute-0-37/gurobi.lic

Gurobi Optimizer version 10.0.3 build v10.0.3rc0 (linux64)
Copyright (c) 2023, Gurobi Optimization, LLC

Read MPS format model from file RCPSP_1643.mps
Reading time = 0.09 seconds
RCPSP_1643: 75251 rows, 29890 columns, 237025 nonzeros

CPU model: Intel(R) Xeon(R) Gold 6242 CPU @ 2.80GHz, instruction set [SSE2|AVX|AVX2|AVX512]
Thread count: 32 physical cores, 32 logical processors, using up to 32 threads

Optimize a model with 75251 rows, 29890 columns and 237025 nonzeros
Model fingerprint: 0xa0081db3
Variable types: 122 continuous, 29768 integer (29768 binary)
Coefficient statistics:
  Matrix range     [1e+00, 7e+02]
  Objective range  [1e+00, 1e+00]
  Bounds range     [1e+00, 1e+00]
  RHS range        [1e+00, 7e+02]
Presolve removed 16056 rows and 3694 columns (presolve time = 5s) ...
Presolve removed 16056 rows and 3694 columns (presolve time = 10s) ...
Presolve removed 20331 rows and 4990 columns
Presolve time: 11.59s
Presolved: 54920 rows, 24900 columns, 179981 nonzeros
Variable types: 121 continuous, 24779 integer (24779 binary)

Deterministic concurrent LP optimizer: primal and dual simplex (primal and dual model)
Showing first log only...

Root relaxation presolved: 54916 rows, 24904 columns, 179973 nonzeros


Root simplex log...

Iteration    Objective       Primal Inf.    Dual Inf.      Time
       0    1.1211364e+02   4.711585e-03   1.709395e+08     13s
    3668    1.1100000e+02   0.000000e+00   0.000000e+00     14s
    3668    1.1100000e+02   0.000000e+00   0.000000e+00     15s
Concurrent spin time: 1.41s

Solved with dual simplex (primal model)

Root relaxation: objective 1.110000e+02, 7988 iterations, 3.79 seconds (0.33 work units)
Total elapsed time = 21.54s

    Nodes    |    Current Node    |     Objective Bounds      |     Work
 Expl Unexpl |  Obj  Depth IntInf | Incumbent    BestBd   Gap | It/Node Time

     0     0  111.00000    0  658          -  111.00000      -     -   30s
     0     0  116.00000    0  486          -  116.00000      -     -   31s
     0     0  116.01503    0 1424          -  116.01503      -     -  107s
     0     0  116.01503    0 1445          -  116.01503      -     -  117s
     0     0  116.01503    0 1411          -  116.01503      -     -  120s
     0     0  116.01503    0 1406          -  116.01503      -     -  121s
     0     0  122.00000    0 1438          -  122.00000      -     -  345s
     0     0  122.00000    0 1386          -  122.00000      -     -  346s
     0     0  122.00000    0 1190          -  122.00000      -     -  347s
     0     0  122.00000    0 1423          -  122.00000      -     -  360s
     0     0  122.00000    0 1446          -  122.00000      -     -  370s
     0     0  122.00000    0 1337          -  122.00000      -     -  372s
     0     0  122.00000    0 1268          -  122.00000      -     -  374s
     0     0  122.00000    0  454          -  122.00000      -     -  404s
     0     0  122.00000    0 1317          -  122.00000      -     -  445s
     0     0  122.00000    0 1287          -  122.00000      -     -  446s
     0     0  122.00000    0 1285          -  122.00000      -     -  446s
     0     0  122.00000    0 1221          -  122.00000      -     -  452s
     0     0  122.00000    0 1256          -  122.00000      -     -  484s
     0     0  122.00000    0 1255          -  122.00000      -     -  490s
     0     0  122.00000    0 1338          -  122.00000      -     -  498s
     0     0  122.00000    0 1248          -  122.00000      -     -  501s
     0     0  122.00000    0 1254          -  122.00000      -     -  507s
     0     0  122.00000    0 1198          -  122.00000      -     -  510s
     0     0  122.00000    0 1185          -  122.00000      -     -  511s
     0     0  122.00000    0 1296          -  122.00000      -     -  622s
     0     0  122.00000    0 1269          -  122.00000      -     -  622s
     0     0  122.00000    0 1373          -  122.00000      -     -  630s
     0     0  122.00000    0 1394          -  122.00000      -     -  634s
     0     0  122.00000    0 1245          -  122.00000      -     -  635s
     0     0  122.00000    0 1202          -  122.00000      -     -  637s
     0     0  122.00000    0 1246          -  122.00000      -     -  640s
     0     0  122.00000    0 1306          -  122.00000      -     -  642s
     0     0  122.00000    0 1456          -  122.00000      -     -  644s
     0     0  122.00000    0 1428          -  122.00000      -     -  644s
     0     0  122.00000    0 1179          -  122.00000      -     -  646s
     0     0  122.00000    0 1469          -  122.00000      -     -  649s
     0     0  122.00000    0 1405          -  122.00000      -     -  651s
     0     0  122.00000    0 1365          -  122.00000      -     -  651s
     0     0  122.00000    0 1307          -  122.00000      -     -  657s
     0     0  122.00000    0 1461          -  122.00000      -     -  660s
     0     0  122.00000    0 1320          -  122.00000      -     -  661s
     0     0  122.00000    0 1374          -  122.00000      -     -  666s
     0     0  122.00000    0 1252          -  122.00000      -     -  669s
     0     0  122.00000    0 1192          -  122.00000      -     -  670s
     0     0  122.00000    0  730          -  122.00000      -     -  701s
     0     0  122.00000    0  721          -  122.00000      -     -  701s
     0     0  122.00000    0  721          -  122.00000      -     -  702s
     0     0  122.00000    0  930          -  122.00000      -     -  705s
     0     0  122.00000    0  883          -  122.00000      -     -  705s
     0     0  122.00000    0  639          -  122.00000      -     -  717s
     0     0  122.00000    0  634          -  122.00000      -     -  717s
     0     0  122.00000    0  633          -  122.00000      -     -  718s
     0     0  122.00000    0  727          -  122.00000      -     -  721s
     0     0  122.00000    0  843          -  122.00000      -     -  722s
     0     0  122.00000    0  611          -  122.00000      -     -  806s
     0     0  122.00000    0  633          -  122.00000      -     -  807s
     0     0  122.00000    0  759          -  122.00000      -     -  809s
     0     0  122.00000    0  686          -  122.00000      -     -  810s
     0     0  122.00000    0  400          -  122.00000      -     -  826s
     0     0  122.00000    0  427          -  122.00000      -     -  827s
     0     0  122.00000    0  423          -  122.00000      -     -  827s
     0     0  122.00000    0  434          -  122.00000      -     -  828s
     0     0  122.00000    0 1122          -  122.00000      -     -  863s
     0     0  122.00197    0  844          -  122.00197      -     -  935s
     0     0  122.00197    0 1118          -  122.00197      -     -  935s
     0     0  122.00197    0 1113          -  122.00197      -     -  935s
     0     0  122.00382    0  924          -  122.00382      -     -  973s
     0     0  122.00382    0  775          -  122.00382      -     -  974s
     0     0  122.00554    0 1033          -  122.00554      -     -  982s
     0     0  122.00554    0 1039          -  122.00554      -     -  985s
     0     0  122.00554    0  970          -  122.00554      -     -  985s
     0     0  122.00554    0  462          -  122.00554      -     - 1334s
     0     2  122.00554    0  461          -  122.00554      -     - 1807s
     1     5  122.29535    1  508          -  122.29535      -  4539 2515s
     3     6  122.64817    2  449          -  122.64817      -  1918 4146s

Cutting planes:
  Gomory: 2
  Cover: 44
  Implied bound: 1
  Clique: 2
  MIR: 58
  StrongCG: 13
  RLT: 10
  Relax-and-lift: 19

Explored 5 nodes (202096 simplex iterations) in 4288.70 seconds (126.64 work units)
Thread count was 32 (of 32 available processors)

Solution count 0

Time limit reached
Best objective -, best bound 1.230000000000e+02, gap -

Unable to retrieve attribute 'X'

