
Gurobi 10.0.3 (linux64, gurobi_cl) logging started Fri Nov 10 20:14:19 2023

Set parameter Username
Set parameter TimeLimit to value 3600
Set parameter LogFile to value "RCPSP_1826.log"
Set parameter Threads to value 32

Gurobi 10.0.3 (linux64, gurobi_cl) logging started Wed Nov 15 04:44:31 2023

Set parameter Username
Set parameter TimeLimit to value 3600
Set parameter LogFile to value "RCPSP_1826.log"
Set parameter Threads to value 32
Academic license - for non-commercial use only - expires 2024-10-30
Using license file /home/jrivera6/gurobi-licenses/v1003/compute-0-38/gurobi.lic

Gurobi Optimizer version 10.0.3 build v10.0.3rc0 (linux64)
Copyright (c) 2023, Gurobi Optimization, LLC

Read MPS format model from file RCPSP_1826.mps
Reading time = 0.25 seconds
RCPSP_1826: 75251 rows, 29890 columns, 280585 nonzeros

CPU model: Intel(R) Xeon(R) Gold 6242 CPU @ 2.80GHz, instruction set [SSE2|AVX|AVX2|AVX512]
Thread count: 32 physical cores, 32 logical processors, using up to 32 threads

Optimize a model with 75251 rows, 29890 columns and 280585 nonzeros
Model fingerprint: 0xc935ff6f
Variable types: 122 continuous, 29768 integer (29768 binary)
Coefficient statistics:
  Matrix range     [1e+00, 7e+02]
  Objective range  [1e+00, 1e+00]
  Bounds range     [1e+00, 1e+00]
  RHS range        [1e+00, 7e+02]
Presolve removed 11163 rows and 1597 columns (presolve time = 5s) ...
Presolve removed 11782 rows and 2216 columns
Presolve time: 5.95s
Presolved: 63469 rows, 27674 columns, 249800 nonzeros
Variable types: 121 continuous, 27553 integer (27553 binary)

Deterministic concurrent LP optimizer: primal and dual simplex (primal and dual model)
Showing first log only...

Root relaxation presolved: 63469 rows, 27674 columns, 249800 nonzeros


Root simplex log...

Iteration    Objective       Primal Inf.    Dual Inf.      Time
       0    9.6143693e+01   9.219229e-02   2.774473e+08      8s
    3790    9.5000000e+01   0.000000e+00   0.000000e+00     10s
Concurrent spin time: 2.59s

Solved with dual simplex (primal model)

Root relaxation: objective 9.500000e+01, 10548 iterations, 5.41 seconds (0.66 work units)
Total elapsed time = 17.09s
Total elapsed time = 21.06s

    Nodes    |    Current Node    |     Objective Bounds      |     Work
 Expl Unexpl |  Obj  Depth IntInf | Incumbent    BestBd   Gap | It/Node Time

     0     0   95.00000    0  327          -   95.00000      -     -   25s
     0     0   95.00000    0 1432          -   95.00000      -     -   77s
     0     0   95.00000    0 1379          -   95.00000      -     -   77s
     0     0   95.00000    0 1277          -   95.00000      -     -  245s
     0     0   95.00000    0  124          -   95.00000      -     -  281s
     0     0   95.00000    0  197          -   95.00000      -     -  285s
     0     0   95.00000    0  197          -   95.00000      -     -  286s
     0     0   95.00000    0  197          -   95.00000      -     -  287s
     0     0   95.00000    0  179          -   95.00000      -     -  287s
     0     0   95.00000    0  168          -   95.00000      -     -  314s
     0     0   95.00000    0  504          -   95.00000      -     -  318s
     0     0   95.00000    0  113          -   95.00000      -     -  347s
     0     0   95.00000    0  528          -   95.00000      -     -  349s
     0     0   95.00000    0  204          -   95.00000      -     -  375s
     0     0   95.00000    0  474          -   95.00000      -     -  383s
     0     0   95.00000    0  471          -   95.00000      -     -  383s
     0     0   95.00000    0  151          -   95.00000      -     -  417s
     0     0   95.00000    0  392          -   95.00000      -     -  422s
     0     0   95.00000    0  325          -   95.00000      -     -  471s
     0     0   95.00000    0  380          -   95.00000      -     -  471s
     0     0   95.00000    0  179          -   95.00000      -     -  482s
     0     2   95.00000    0  143          -   95.00000      -     -  565s
     1     4   95.00000    1  170          -   95.00000      -  5947  577s
     3     8   95.00000    2  214          -   95.00000      -  2219  589s
     7    16   95.00000    3  680          -   95.00000      -  1175  608s
    15    30   95.00000    4 1086          -   95.00000      -  1324  641s
    31    59   95.00000    5 1026          -   95.00000      -  1328  678s
    61    85   95.00000    6  948          -   95.00000      -   912  717s
    93   115   95.00000    7 1453          -   95.00000      -   933  747s
   125   144   95.00000    8 1483          -   95.00000      -   806  767s
   157   169   95.00000    9 1453          -   95.00000      -   658  787s
   189   199   95.00000   10  562          -   95.00000      -   627  833s
   228   237   95.00000   11  511          -   95.00000      -   865  861s
   274   281   95.00000   12  510          -   95.00000      -   814  883s
   325   325   95.00000   13  531          -   95.00000      -   693  905s
   375   380   95.00000   14  525          -   95.00000      -   604  922s
   432   434   95.00000   15  541          -   95.00000      -   530  944s
   490   482   95.00000   16  565          -   95.00000      -   472  964s
   541   596   95.00000   17  523          -   95.00000      -   432 1005s
   657   708   95.00000   18  535          -   95.00000      -   394 1045s
   774   870   95.00000   19  568          -   95.00000      -   353 1098s
   945  1049   95.00000   21  402          -   95.00000      -   316 1151s
  1139  1281   95.00000   25  362          -   95.00000      -   276 1216s
  1377  1700   95.00000   30  420          -   95.00000      -   251 1460s
  1833  2292   95.00000   31  420          -   95.00000      -   210 1736s
  2482  3000   95.00000   37  493          -   95.00000      -   178 2150s
  3287  3908   95.00000   41  247          -   95.00000      -   174 2638s
  3744  3908   95.00000   61  391          -   95.00000      -   166 2640s
  4383  4878   95.00000   51  370          -   95.00000      -   155 3228s
  5066  4878   95.00000   30  377          -   95.00000      -   158 3231s
  5512  5752   95.00000   59  422          -   95.00000      -   152 3762s

Cutting planes:
  Gomory: 22
  Cover: 186
  Implied bound: 332
  MIR: 1873
  StrongCG: 3
  RLT: 1169
  Relax-and-lift: 203
  PSD: 1

Explored 6525 nodes (1191244 simplex iterations) in 3889.35 seconds (155.24 work units)
Thread count was 32 (of 32 available processors)

Solution count 0

Time limit reached
Best objective -, best bound 9.500000000000e+01, gap -

Unable to retrieve attribute 'X'

