
Gurobi 10.0.3 (linux64, gurobi_cl) logging started Thu Nov  2 11:34:05 2023

Set parameter Username
Set parameter TimeLimit to value 3600
Set parameter LogFile to value "RCPSP_406.log"
Set parameter Threads to value 32
Academic license - for non-commercial use only - expires 2024-10-30
Using license file /home/jrivera6/gurobi-licenses/v1003/compute-0-39/gurobi.lic

Gurobi Optimizer version 10.0.3 build v10.0.3rc0 (linux64)
Copyright (c) 2023, Gurobi Optimization, LLC

Read MPS format model from file RCPSP_406.mps
Reading time = 0.01 seconds
RCPSP_406: 5349 rows, 2080 columns, 17994 nonzeros

CPU model: Intel(R) Xeon(R) Gold 6242 CPU @ 2.80GHz, instruction set [SSE2|AVX|AVX2|AVX512]
Thread count: 32 physical cores, 32 logical processors, using up to 32 threads

Optimize a model with 5349 rows, 2080 columns and 17994 nonzeros
Model fingerprint: 0xca9f6e86
Variable types: 32 continuous, 2048 integer (2048 binary)
Coefficient statistics:
  Matrix range     [1e+00, 2e+02]
  Objective range  [1e+00, 1e+00]
  Bounds range     [1e+00, 1e+00]
  RHS range        [1e+00, 2e+02]
Presolve removed 4029 rows and 1598 columns
Presolve time: 0.11s
Presolved: 1320 rows, 482 columns, 3954 nonzeros
Variable types: 31 continuous, 451 integer (451 binary)

Root relaxation: objective 6.900000e+01, 163 iterations, 0.00 seconds (0.00 work units)

    Nodes    |    Current Node    |     Objective Bounds      |     Work
 Expl Unexpl |  Obj  Depth IntInf | Incumbent    BestBd   Gap | It/Node Time

     0     0   69.00000    0   25          -   69.00000      -     -    0s
     0     0   69.00000    0   62          -   69.00000      -     -    0s
     0     0   69.00000    0   60          -   69.00000      -     -    0s
H    0     0                     115.0000000   69.04082  40.0%     -    0s
     0     0   72.95818    0   15  115.00000   72.95818  36.6%     -    0s
H    0     0                     114.0000000   72.95818  36.0%     -    0s
     0     0   77.95818    0   17  114.00000   77.95818  31.6%     -    0s
H    0     0                     112.0000000   77.95818  30.4%     -    0s
     0     0   77.95818    0   36  112.00000   77.95818  30.4%     -    0s
     0     0   77.95818    0   35  112.00000   77.95818  30.4%     -    0s
H    0     0                     111.0000000   77.95818  29.8%     -    0s
     0     0   77.95818    0   42  111.00000   77.95818  29.8%     -    0s
     0     0   77.95818    0   40  111.00000   77.95818  29.8%     -    0s
H    0     0                     110.0000000   77.95818  29.1%     -    0s
     0     0   77.95818    0   19  110.00000   77.95818  29.1%     -    0s
     0     0   77.96039    0   33  110.00000   77.96039  29.1%     -    1s
     0     0   77.96039    0   26  110.00000   77.96039  29.1%     -    1s
     0     0   77.96483    0   21  110.00000   77.96483  29.1%     -    1s
H    0     0                     110.0000000   77.96483  29.1%     -    1s
     0     0   77.96483    0   51  110.00000   77.96483  29.1%     -    1s
     0     0   78.00000    0   52  110.00000   78.00000  29.1%     -    1s
     0     0   78.00000    0   56  110.00000   78.00000  29.1%     -    1s
     0     0   78.00000    0   42  110.00000   78.00000  29.1%     -    1s
H    0     0                     109.0000000   78.00000  28.4%     -    1s
     0     0   78.00000    0   52  109.00000   78.00000  28.4%     -    1s
     0     0   78.00000    0   37  109.00000   78.00000  28.4%     -    1s
     0     0   78.01263    0   61  109.00000   78.01263  28.4%     -    1s
     0     0   78.15228    0   43  109.00000   78.15228  28.3%     -    1s
     0     0   78.15228    0   44  109.00000   78.15228  28.3%     -    1s
     0     0   78.37253    0   24  109.00000   78.37253  28.1%     -    1s
     0     0   78.37253    0   25  109.00000   78.37253  28.1%     -    1s
     0     0   78.60850    0   29  109.00000   78.60850  27.9%     -    1s
     0     0   78.60850    0   34  109.00000   78.60850  27.9%     -    1s
     0     0   78.73029    0   38  109.00000   78.73029  27.8%     -    1s
     0     0   78.73029    0   31  109.00000   78.73029  27.8%     -    2s
     0     0   78.73029    0   44  109.00000   78.73029  27.8%     -    2s
     0     0   78.73029    0   46  109.00000   78.73029  27.8%     -    2s
     0     0   78.73029    0   20  109.00000   78.73029  27.8%     -    2s
     0     0   78.73029    0   37  109.00000   78.73029  27.8%     -    2s
     0     0   78.73029    0   22  109.00000   78.73029  27.8%     -    2s
     0     0   78.73029    0   21  109.00000   78.73029  27.8%     -    2s
     0     0   78.73029    0   19  109.00000   78.73029  27.8%     -    2s
     0     0   78.73029    0   18  109.00000   78.73029  27.8%     -    2s
     0     2   78.73029    0   14  109.00000   78.73029  27.8%     -    3s
H   50    67                     109.0000000   80.00000  26.6%   100    4s
H   70    67                     107.0000000   80.00000  25.2%  93.5    4s
   172   203   84.57143    9   50  107.00000   80.00000  25.2%  65.0    5s
H  300   284                     107.0000000   80.00000  25.2%  49.4   24s
   334   313   89.00000   14   43  107.00000   80.00000  25.2%  45.9   34s
H  351   313                     106.9999999   80.00000  25.2%  44.4   34s
   368   384   89.05376   15   47  107.00000   80.00000  25.2%  42.7   35s
  1864  1485 infeasible   19       107.00000   81.00000  24.3%  17.9   40s
* 1990  1485              43     105.0000000   81.00000  22.9%  17.6   40s
* 2386  1648              49     104.0000000   81.00000  22.1%  16.8   40s
H 3834  1892                     103.0000000   81.00000  21.4%  15.1   44s
  4554  2200 infeasible   35       103.00000   83.52420  18.9%  14.8   45s
H 9967  3266                     103.0000000   85.00000  17.5%  13.5   57s
  9968  3267   93.00000   23   18  103.00000   85.00000  17.5%  13.5   60s
  9985  3283   85.00000   14   28  103.00000   85.00000  17.5%  13.9   65s
 10555  3365 infeasible   26       103.00000   85.00000  17.5%  15.5   70s
 11013  3331   99.00000   35   25  103.00000   85.00000  17.5%  16.0   75s
H11036  3158                     102.0000000   85.00000  16.7%  16.0   75s
 11638  2995 infeasible   25       102.00000   85.00000  16.7%  16.7   81s
H11651  2836                     102.0000000   85.00000  16.7%  16.7   81s
 12534  2692   95.00000   22   59  102.00000   85.00000  16.7%  17.7   85s
 13966  2430   96.00000   32   46  102.00000   86.79528  14.9%  18.8   90s
 17212  1522 infeasible   24       102.00000   92.00000  9.80%  17.8   95s
 20007  1090 infeasible   28       102.00000   95.00000  6.86%  17.9  100s
 23258  1118 infeasible   30       102.00000   96.00000  5.88%  17.6  105s
 26214  1075     cutoff   33       102.00000   98.00000  3.92%  17.3  110s
 28219   587   98.00000   30   39  102.00000   98.00000  3.92%  17.2  115s

Cutting planes:
  Gomory: 61
  Cover: 8
  Implied bound: 70
  Projected implied bound: 2
  MIR: 140
  Flow cover: 221
  Inf proof: 25
  RLT: 76
  Relax-and-lift: 39

Explored 31124 nodes (533737 simplex iterations) in 118.62 seconds (4.88 work units)
Thread count was 32 (of 32 available processors)

Solution count 10: 102 102 102 ... 107

Optimal solution found (tolerance 1.00e-04)
Best objective 1.020000000000e+02, best bound 1.020000000000e+02, gap 0.0000%

Wrote result file 'RCPSP_406.sol'

