
Gurobi 10.0.3 (linux64, gurobi_cl) logging started Thu Nov  2 11:41:38 2023

Set parameter Username
Set parameter TimeLimit to value 3600
Set parameter LogFile to value "RCPSP_878.log"
Set parameter Threads to value 32
Academic license - for non-commercial use only - expires 2024-10-30
Using license file /home/jrivera6/gurobi-licenses/v1003/compute-0-35/gurobi.lic

Gurobi Optimizer version 10.0.3 build v10.0.3rc0 (linux64)
Copyright (c) 2023, Gurobi Optimization, LLC

Read MPS format model from file RCPSP_878.mps
Reading time = 0.03 seconds
RCPSP_878: 19662 rows, 7750 columns, 64677 nonzeros

CPU model: Intel(R) Xeon(R) Gold 6130 CPU @ 2.10GHz, instruction set [SSE2|AVX|AVX2|AVX512]
Thread count: 32 physical cores, 32 logical processors, using up to 32 threads

Optimize a model with 19662 rows, 7750 columns and 64677 nonzeros
Model fingerprint: 0x3ca9b993
Variable types: 62 continuous, 7688 integer (7688 binary)
Coefficient statistics:
  Matrix range     [1e+00, 4e+02]
  Objective range  [1e+00, 1e+00]
  Bounds range     [1e+00, 1e+00]
  RHS range        [1e+00, 4e+02]
Found heuristic solution: objective 80.0000000
Presolve removed 3972 rows and 881 columns (presolve time = 5s) ...
Presolve removed 12473 rows and 5229 columns
Presolve time: 7.48s
Presolved: 7189 rows, 2521 columns, 22661 nonzeros
Variable types: 61 continuous, 2460 integer (2460 binary)

Explored 0 nodes (0 simplex iterations) in 7.51 seconds (4.56 work units)
Thread count was 32 (of 32 available processors)

Solution count 1: 80 

Optimal solution found (tolerance 1.00e-04)
Best objective 8.000000000000e+01, best bound 8.000000000000e+01, gap 0.0000%

Wrote result file 'RCPSP_878.sol'

