
Gurobi 10.0.3 (linux64, gurobi_cl) logging started Thu Nov  2 11:35:33 2023

Set parameter Username
Set parameter TimeLimit to value 3600
Set parameter LogFile to value "RCPSP_682.log"
Set parameter Threads to value 32
Academic license - for non-commercial use only - expires 2024-10-30
Using license file /home/jrivera6/gurobi-licenses/v1003/compute-0-34/gurobi.lic

Gurobi Optimizer version 10.0.3 build v10.0.3rc0 (linux64)
Copyright (c) 2023, Gurobi Optimization, LLC

Read MPS format model from file RCPSP_682.mps
Reading time = 0.02 seconds
RCPSP_682: 19643 rows, 7750 columns, 64658 nonzeros

CPU model: Intel(R) Xeon(R) Gold 6130 CPU @ 2.10GHz, instruction set [SSE2|AVX|AVX2|AVX512]
Thread count: 32 physical cores, 32 logical processors, using up to 32 threads

Optimize a model with 19643 rows, 7750 columns and 64658 nonzeros
Model fingerprint: 0x3a925999
Variable types: 62 continuous, 7688 integer (7688 binary)
Coefficient statistics:
  Matrix range     [1e+00, 3e+02]
  Objective range  [1e+00, 1e+00]
  Bounds range     [1e+00, 1e+00]
  RHS range        [1e+00, 3e+02]
Presolve removed 10512 rows and 4033 columns
Presolve time: 3.26s
Presolved: 9131 rows, 3717 columns, 30287 nonzeros
Variable types: 61 continuous, 3656 integer (3656 binary)

Root relaxation: objective 9.600000e+01, 1220 iterations, 0.02 seconds (0.01 work units)

    Nodes    |    Current Node    |     Objective Bounds      |     Work
 Expl Unexpl |  Obj  Depth IntInf | Incumbent    BestBd   Gap | It/Node Time

     0     0   96.00000    0   75          -   96.00000      -     -    3s
     0     0   96.00000    0  223          -   96.00000      -     -    5s
     0     0   96.00000    0  221          -   96.00000      -     -    7s
     0     0   96.00000    0   86          -   96.00000      -     -   10s
     0     0   96.00000    0  147          -   96.00000      -     -   10s
     0     0   97.60000    0   41          -   97.60000      -     -   12s
     0     0   97.60000    0   52          -   97.60000      -     -   12s
     0     0   98.00000    0  116          -   98.00000      -     -   12s
     0     0   98.00000    0  159          -   98.00000      -     -   12s
     0     0   98.00000    0  150          -   98.00000      -     -   13s
     0     0   98.00000    0  293          -   98.00000      -     -   13s
     0     0   98.00000    0   54          -   98.00000      -     -   15s
     0     0   98.00000    0   60          -   98.00000      -     -   15s
     0     0   98.00000    0   83          -   98.00000      -     -   16s
     0     0   98.00000    0  155          -   98.00000      -     -   16s
     0     0   98.00757    0   96          -   98.00757      -     -   17s
     0     0   98.00757    0  150          -   98.00757      -     -   18s
     0     0   98.57143    0  180          -   98.57143      -     -   18s
     0     0   98.57143    0  198          -   98.57143      -     -   18s
     0     0   98.61538    0  191          -   98.61538      -     -   19s
     0     0   98.61538    0  205          -   98.61538      -     -   19s
     0     0   98.80899    0  238          -   98.80899      -     -   20s
     0     0   98.80899    0  222          -   98.80899      -     -   20s
     0     0   98.80899    0  182          -   98.80899      -     -   21s
     0     0   98.80899    0  230          -   98.80899      -     -   21s
     0     0   98.80899    0   42          -   98.80899      -     -   23s
     0     0   98.80899    0   92          -   98.80899      -     -   23s
     0     0   98.80899    0   38          -   98.80899      -     -   25s
     0     0   98.80899    0   95          -   98.80899      -     -   25s
     0     0   98.80899    0   49          -   98.80899      -     -   26s
     0     0   98.80899    0  122          -   98.80899      -     -   26s
     0     0   98.80899    0   54          -   98.80899      -     -   28s
     0     0   98.80899    0  121          -   98.80899      -     -   28s
     0     0   98.80899    0   56          -   98.80899      -     -   29s
     0     0   98.80899    0   55          -   98.80899      -     -   30s
     0     2   98.80899    0   42          -   98.80899      -     -   35s
    15    22  101.00000    4  158          -   99.00000      -   141   40s
    81    84  104.00000    7  286          -   99.00000      -   251   47s
   145   134  104.00000    9  230          -   99.00000      -   206   50s
   322   321  111.50000   12  197          -   99.00000      -   108   55s
   518   510  111.50000   19  189          -   99.00000      -  72.4   60s
   793   774  111.60000   29  222          -   99.00000      -  66.8   66s
  1167  1192  118.00000   38  189          -   99.00000      -  56.6   70s
  1614  1550  118.00000   52  195          -   99.00000      -  47.6   75s
  2242  2008  110.00000   45  147          -   99.00000      -  44.0   81s
  2716  2472  110.00000   57  190          -   99.00000      -  42.7   86s
  3011  2498  110.00000   69  170          -   99.00000      -  41.5  133s
  3055  2741  110.00000   70  170          -   99.00000      -  42.0  136s
  3756  3048  104.00000   23   55          -   99.00000      -  38.8  158s
  3757  3049  119.00000   20   55          -   99.00000      -  38.8  160s
  3758  3049  102.00000   89   57          -   99.00000      -  38.8  180s
  3761  3051   99.00000   39  201          -   99.00000      -  38.8  185s
  3762  3052  104.00000   53   96          -   99.00056      -  38.8  190s
  3767  3055   99.54950   14  145          -   99.54950      -  38.7  195s
  3771  3058  106.00000   33  236          -  100.00000      -  38.7  200s
  3772  3059  103.00000   56   83          -  100.00000      -  38.7  205s
  3775  3061  107.00000   25  112          -  100.00000      -  38.6  210s
  3781  3065  120.00000   28  230          -  100.00000      -  38.6  215s
  3784  3067  100.00000   31   71          -  100.00000      -  38.5  220s
  3791  3071  104.00000   22   85          -  100.00000      -  38.5  228s
  3796  3075  108.00000   28   68          -  100.00000      -  38.4  231s
  3800  3077  114.00000   47   83          -  100.00000      -  38.4  236s
H 3800  2922                     126.0000000  100.00000  20.6%  38.4  237s
  3802  2924  123.00000   33  206  126.00000  100.00000  20.6%  38.4  240s
H 3802  2777                     124.0000000  100.00000  19.4%  38.4  243s
H 3803  2637                     123.0000000  100.00000  18.7%  38.3  245s
H 3803  2505                     122.0000000  100.00000  18.0%  38.3  245s
  3807  2509  100.00000   27   55  122.00000  100.00000  18.0%  56.0  253s
  3809  2510  112.00000   37   34  122.00000  100.00000  18.0%  56.0  281s
  3810  2511  105.00000   27   75  122.00000  100.00000  18.0%  56.0  288s
H 3811  2386                     121.0000000  100.00000  17.4%  56.0  292s
  3815  2388  108.00000   19   54  121.00000  100.00000  17.4%  55.9  296s
H 3816  2269                     120.0000000  100.00000  16.7%  55.9  299s
  3818  2270  120.00000   74  157  120.00000  100.00080  16.7%  55.9  300s
  3821  2272  105.00000   31  135  120.00000  100.13969  16.6%  55.8  306s
  3823  2274  120.00000   49  101  120.00000  100.36111  16.4%  55.8  310s
  3825  2275  105.00000   66   92  120.00000  100.67852  16.1%  55.8  315s
H 3825  2161                     119.0000000  100.95194  15.2%  55.8  316s
  3827  2162  106.00000   16   88  119.00000  100.95194  15.2%  55.8  321s
  3830  2164  105.00000   19  261  119.00000  100.95194  15.2%  55.7  326s
  3831  2165  119.00000   53  109  119.00000  100.95194  15.2%  55.7  330s
  3835  2168  106.00000   15  319  119.00000  100.95194  15.2%  55.6  337s
  3838  2170  119.00000   37  409  119.00000  100.95194  15.2%  55.6  340s
  3843  2173  119.00000  106  148  119.00000  100.95194  15.2%  55.5  346s
  3848  2176  119.00000   25  134  119.00000  100.95194  15.2%  55.5  352s
  3852  2179  100.95194   15  120  119.00000  100.95194  15.2%  55.4  357s
  3856  2182  104.00000   23  143  119.00000  100.95194  15.2%  55.3  361s
  3862  2186  104.00000   53  249  119.00000  100.95194  15.2%  55.3  366s
  3866  2188  119.00000   18  144  119.00000  100.95194  15.2%  55.2  372s
H 3867  2079                     117.0000000  100.95194  13.7%  55.2  374s
  3869  2080  110.00000    7  233  117.00000  100.95194  13.7%  55.2  375s
  3872  2082  103.00000   56  151  117.00000  100.95194  13.7%  55.1  380s
H 3878  1983                     113.0000000  100.95194  10.7%  79.9  395s
  3880  1985  100.95194   23   86  113.00000  100.95194  10.7%  79.9  401s
  3884  1989  100.95194   24   82  113.00000  100.95194  10.7%  80.2  409s
  3890  1993  103.00000   25  123  113.00000  100.95194  10.7%  80.7  416s
  3902  1999  103.00000   26  105  113.00000  101.13285  10.5%  81.7  427s
H 3920  1909                     113.0000000  101.13614  10.5%  82.6  437s
H 3937  1809                     112.0000000  101.17234  9.67%  82.7  437s
  3948  1819  103.00000   28  104  112.00000  101.17234  9.67%  83.0  472s
  3980  1830  106.00000   29   94  112.00000  101.34398  9.51%  83.6  486s
  4012  1839     cutoff   29       112.00000  101.34398  9.51%  83.4  492s
  4044  1857  106.00000   30   86  112.00000  101.34398  9.51%  83.4  495s
  4099  1870  106.00000   31   83  112.00000  101.34398  9.51%  82.8  501s
  4145  1888  109.00000   31   77  112.00000  101.34398  9.51%  82.2  506s
  4437  1975  106.00000   35   73  112.00000  101.34398  9.51%  78.0  513s
  4540  1936  106.00000   36   70  112.00000  101.34398  9.51%  76.5  520s
  4595  1937  108.00000   37   76  112.00000  101.34398  9.51%  76.2  527s
  4650  2001  108.00000   38   96  112.00000  101.34398  9.51%  75.8  530s
  4901  2006     cutoff   40       112.00000  101.34398  9.51%  72.7  540s
  4968  1988  111.00000   42   76  112.00000  101.34398  9.51%  72.5  550s
H 4977  1894                     111.0000000  101.34398  8.70%  72.5  550s
  5013  1826     cutoff   42       111.00000  101.45656  8.60%  72.3  557s
  5106  1805 infeasible   36       111.00000  102.00000  8.11%  72.1  578s
H 5117  1716                     110.0000000  102.00000  7.27%  72.2  578s
H 5125  1632                     109.0000000  102.00000  6.42%  72.2  578s
  5145  1527  102.00000   30  105  109.00000  102.00000  6.42%  72.2  588s
  5275  1436     cutoff   30       109.00000  102.00000  6.42%  71.6  599s
  5372  1403     cutoff   32       109.00000  102.00000  6.42%  71.5  611s
  5479  1429  102.00000   32  174  109.00000  102.00000  6.42%  71.2  620s
  5630  1471  102.00000   33  177  109.00000  102.00000  6.42%  70.1  632s
H 5763  1575                     109.0000000  102.00000  6.42%  69.1  634s
  6105  1537  102.00000   36  213  109.00000  102.00000  6.42%  65.8  637s
  6451  1444 infeasible   38       109.00000  102.00000  6.42%  63.4  643s
  6584  1609  102.87805   38  238  109.00000  102.00000  6.42%  63.0  646s
* 6851  1447              87     108.0000000  102.00000  5.56%  61.0  646s
  7053   809  103.00000   38  222  108.00000  102.00000  5.56%  59.6  650s
  7617   160 infeasible   33       108.00000  102.07273  5.49%  55.5  692s
  7652   148 infeasible   35       108.00000  102.07273  5.49%  55.4  697s
  8078     0 infeasible   43       108.00000  107.00000  0.93%  52.5  733s

Cutting planes:
  Learned: 17
  Gomory: 22
  Cover: 47
  Implied bound: 49
  Projected implied bound: 31
  Clique: 53
  MIR: 214
  StrongCG: 15
  Flow cover: 565
  Inf proof: 8
  Zero half: 1
  RLT: 130
  Relax-and-lift: 160

Explored 8109 nodes (462782 simplex iterations) in 739.33 seconds (45.24 work units)
Thread count was 32 (of 32 available processors)

Solution count 10: 108 109 109 ... 119

Optimal solution found (tolerance 1.00e-04)
Best objective 1.080000000000e+02, best bound 1.080000000000e+02, gap 0.0000%

Wrote result file 'RCPSP_682.sol'

