
Gurobi 10.0.3 (linux64, gurobi_cl) logging started Thu Nov  2 11:59:21 2023

Set parameter Username
Set parameter TimeLimit to value 3600
Set parameter LogFile to value "RCPSP_974.log"
Set parameter Threads to value 32
Academic license - for non-commercial use only - expires 2024-10-30
Using license file /home/jrivera6/gurobi-licenses/v1003/compute-0-34/gurobi.lic

Gurobi Optimizer version 10.0.3 build v10.0.3rc0 (linux64)
Copyright (c) 2023, Gurobi Optimization, LLC

Read MPS format model from file RCPSP_974.mps
Reading time = 0.06 seconds
RCPSP_974: 42919 rows, 17020 columns, 134553 nonzeros

CPU model: Intel(R) Xeon(R) Gold 6130 CPU @ 2.10GHz, instruction set [SSE2|AVX|AVX2|AVX512]
Thread count: 32 physical cores, 32 logical processors, using up to 32 threads

Optimize a model with 42919 rows, 17020 columns and 134553 nonzeros
Model fingerprint: 0xd49e7501
Variable types: 92 continuous, 16928 integer (16928 binary)
Coefficient statistics:
  Matrix range     [1e+00, 5e+02]
  Objective range  [1e+00, 1e+00]
  Bounds range     [1e+00, 1e+00]
  RHS range        [1e+00, 5e+02]
Presolve removed 7668 rows and 1769 columns
Presolve time: 2.94s
Presolved: 35251 rows, 15251 columns, 114691 nonzeros
Variable types: 91 continuous, 15160 integer (15160 binary)

Deterministic concurrent LP optimizer: primal and dual simplex (primal and dual model)
Showing first log only...

Root relaxation presolved: 35251 rows, 15251 columns, 114691 nonzeros

Concurrent spin time: 0.46s

Solved with dual simplex (dual model)

Root relaxation: objective 7.000000e+01, 16589 iterations, 1.45 seconds (0.12 work units)
Total elapsed time = 6.37s

    Nodes    |    Current Node    |     Objective Bounds      |     Work
 Expl Unexpl |  Obj  Depth IntInf | Incumbent    BestBd   Gap | It/Node Time

H    0     0                      70.0000000   70.00000  0.00%     -    7s
     0     0   70.00000    0   18   70.00000   70.00000  0.00%     -    7s

Explored 1 nodes (21560 simplex iterations) in 7.50 seconds (2.58 work units)
Thread count was 32 (of 32 available processors)

Solution count 1: 70 

Optimal solution found (tolerance 1.00e-04)
Best objective 7.000000000000e+01, best bound 7.000000000000e+01, gap 0.0000%

Wrote result file 'RCPSP_974.sol'

