
Gurobi 10.0.3 (linux64, gurobi_cl) logging started Thu Nov  2 11:33:58 2023

Set parameter Username
Set parameter TimeLimit to value 3600
Set parameter LogFile to value "RCPSP_205.log"
Set parameter Threads to value 32
Academic license - for non-commercial use only - expires 2024-10-30
Using license file /home/jrivera6/gurobi-licenses/v1003/compute-0-34/gurobi.lic

Gurobi Optimizer version 10.0.3 build v10.0.3rc0 (linux64)
Copyright (c) 2023, Gurobi Optimization, LLC

Read MPS format model from file RCPSP_205.mps
Reading time = 0.01 seconds
RCPSP_205: 5339 rows, 2080 columns, 17054 nonzeros

CPU model: Intel(R) Xeon(R) Gold 6130 CPU @ 2.10GHz, instruction set [SSE2|AVX|AVX2|AVX512]
Thread count: 32 physical cores, 32 logical processors, using up to 32 threads

Optimize a model with 5339 rows, 2080 columns and 17054 nonzeros
Model fingerprint: 0x784fb34f
Variable types: 32 continuous, 2048 integer (2048 binary)
Coefficient statistics:
  Matrix range     [1e+00, 2e+02]
  Objective range  [1e+00, 1e+00]
  Bounds range     [1e+00, 1e+00]
  RHS range        [1e+00, 2e+02]
Presolve removed 3303 rows and 1286 columns
Presolve time: 0.20s
Presolved: 2036 rows, 794 columns, 6406 nonzeros
Variable types: 31 continuous, 763 integer (763 binary)

Root relaxation: objective 4.700000e+01, 283 iterations, 0.00 seconds (0.00 work units)

    Nodes    |    Current Node    |     Objective Bounds      |     Work
 Expl Unexpl |  Obj  Depth IntInf | Incumbent    BestBd   Gap | It/Node Time

     0     0   47.00000    0   17          -   47.00000      -     -    0s
     0     0   47.00000    0   53          -   47.00000      -     -    0s
     0     0   47.00000    0   46          -   47.00000      -     -    0s
H    0     0                      73.0000000   47.00000  35.6%     -    0s
     0     0   48.87228    0   17   73.00000   48.87228  33.1%     -    0s
     0     0   48.87228    0   21   73.00000   48.87228  33.1%     -    0s
H    0     0                      70.0000000   48.87228  30.2%     -    0s
     0     0   48.87228    0   59   70.00000   48.87228  30.2%     -    0s
     0     0   48.87228    0   71   70.00000   48.87228  30.2%     -    1s
H    0     0                      63.0000000   48.87228  22.4%     -    1s
     0     0   48.87228    0   14   63.00000   48.87228  22.4%     -    1s
H    0     0                      59.0000000   48.87228  17.2%     -    1s
     0     0   48.87228    0   36   59.00000   48.87228  17.2%     -    1s
     0     0   48.87228    0   34   59.00000   48.87228  17.2%     -    1s
     0     0   48.87228    0   73   59.00000   48.87228  17.2%     -    1s
     0     0   48.87228    0   75   59.00000   48.87228  17.2%     -    1s
     0     0   48.87228    0   53   59.00000   48.87228  17.2%     -    1s
H    0     0                      57.0000000   48.87228  14.3%     -    1s
     0     0   48.87228    0   71   57.00000   48.87228  14.3%     -    1s
     0     0   48.87228    0   14   57.00000   48.87228  14.3%     -    2s
     0     0   48.87228    0   14   57.00000   48.87228  14.3%     -    2s
     0     0   49.97604    0    8   57.00000   49.97604  12.3%     -    2s
     0     0   49.97604    0   14   57.00000   49.97604  12.3%     -    5s
     0     0   49.97604    0   43   57.00000   49.97604  12.3%     -    6s
H    0     0                      56.0000000   49.97604  10.8%     -    7s
     0     0   50.64198    0   43   56.00000   50.64198  9.57%     -    7s
H    0     0                      55.0000000   53.00000  3.64%     -    8s
     0     0   55.00000    0   17   55.00000   55.00000  0.00%     -    9s

Cutting planes:
  Learned: 1
  Gomory: 45
  Cover: 11
  Implied bound: 9
  Clique: 2
  MIR: 121
  StrongCG: 2
  RLT: 11
  Relax-and-lift: 23

Explored 1 nodes (8720 simplex iterations) in 9.71 seconds (0.70 work units)
Thread count was 32 (of 32 available processors)

Solution count 7: 55 56 57 ... 73

Optimal solution found (tolerance 1.00e-04)
Best objective 5.500000000000e+01, best bound 5.500000000000e+01, gap 0.0000%

Wrote result file 'RCPSP_205.sol'

