
Gurobi 10.0.3 (linux64, gurobi_cl) logging started Fri Nov 10 18:57:32 2023

Set parameter Username
Set parameter TimeLimit to value 3600
Set parameter LogFile to value "RCPSP_1695.log"
Set parameter Threads to value 32
Academic license - for non-commercial use only - expires 2024-11-06
Using license file /home/jrivera6/gurobi-licenses/v1003/compute-0-36/gurobi.lic

Gurobi Optimizer version 10.0.3 build v10.0.3rc0 (linux64)
Copyright (c) 2023, Gurobi Optimization, LLC

Read MPS format model from file RCPSP_1695.mps
Reading time = 0.11 seconds
RCPSP_1695: 75251 rows, 29890 columns, 251666 nonzeros

CPU model: Intel(R) Xeon(R) Gold 6130 CPU @ 2.10GHz, instruction set [SSE2|AVX|AVX2|AVX512]
Thread count: 32 physical cores, 32 logical processors, using up to 32 threads

Optimize a model with 75251 rows, 29890 columns and 251666 nonzeros
Model fingerprint: 0x9d084cc9
Variable types: 122 continuous, 29768 integer (29768 binary)
Coefficient statistics:
  Matrix range     [1e+00, 6e+02]
  Objective range  [1e+00, 1e+00]
  Bounds range     [1e+00, 1e+00]
  RHS range        [1e+00, 6e+02]
Presolve removed 18247 rows and 4633 columns (presolve time = 5s) ...
Presolve removed 18247 rows and 4633 columns (presolve time = 10s) ...
Presolve removed 22329 rows and 6012 columns
Presolve time: 13.89s
Presolved: 52922 rows, 23878 columns, 182984 nonzeros
Variable types: 121 continuous, 23757 integer (23757 binary)

Deterministic concurrent LP optimizer: primal and dual simplex (primal and dual model)
Showing first log only...


Gurobi 10.0.3 (linux64, gurobi_cl) logging started Fri Nov 10 22:56:26 2023

Set parameter Username
Set parameter TimeLimit to value 3600
Set parameter LogFile to value "RCPSP_1695.log"
Set parameter Threads to value 32
Academic license - for non-commercial use only - expires 2024-10-30
Using license file /home/jrivera6/gurobi-licenses/v1003/compute-0-37/gurobi.lic

Gurobi Optimizer version 10.0.3 build v10.0.3rc0 (linux64)
Copyright (c) 2023, Gurobi Optimization, LLC

Read MPS format model from file RCPSP_1695.mps
Reading time = 0.18 seconds
RCPSP_1695: 75251 rows, 29890 columns, 251666 nonzeros

CPU model: Intel(R) Xeon(R) Gold 6242 CPU @ 2.80GHz, instruction set [SSE2|AVX|AVX2|AVX512]
Thread count: 32 physical cores, 32 logical processors, using up to 32 threads

Optimize a model with 75251 rows, 29890 columns and 251666 nonzeros
Model fingerprint: 0x9d084cc9
Variable types: 122 continuous, 29768 integer (29768 binary)
Coefficient statistics:
  Matrix range     [1e+00, 6e+02]
  Objective range  [1e+00, 1e+00]
  Bounds range     [1e+00, 1e+00]
  RHS range        [1e+00, 6e+02]
Presolve removed 18247 rows and 4633 columns (presolve time = 5s) ...
Presolve removed 18247 rows and 4633 columns (presolve time = 10s) ...
Presolve removed 22329 rows and 6012 columns
Presolve time: 12.28s
Presolved: 52922 rows, 23878 columns, 182984 nonzeros
Variable types: 121 continuous, 23757 integer (23757 binary)

Deterministic concurrent LP optimizer: primal and dual simplex (primal and dual model)
Showing first log only...

Root relaxation presolved: 52911 rows, 23889 columns, 182962 nonzeros


Root simplex log...

Iteration    Objective       Primal Inf.    Dual Inf.      Time
       0    8.1720769e+01   9.353521e-02   2.982734e+08     14s
    3355    8.1000000e+01   0.000000e+00   0.000000e+00     15s
    3355    8.1000000e+01   0.000000e+00   0.000000e+00     15s
Concurrent spin time: 0.97s

Solved with dual simplex (dual model)

Root relaxation: objective 8.100000e+01, 24544 iterations, 3.50 seconds (0.26 work units)
Total elapsed time = 21.05s
Total elapsed time = 25.47s

    Nodes    |    Current Node    |     Objective Bounds      |     Work
 Expl Unexpl |  Obj  Depth IntInf | Incumbent    BestBd   Gap | It/Node Time

     0     0   81.00000    0  640          -   81.00000      -     -   32s
     0     0   83.00000    0  605          -   83.00000      -     -   33s
     0     0   83.00000    0 1767          -   83.00000      -     -  131s
     0     0   83.00000    0 1750          -   83.00000      -     -  184s
     0     0   83.00000    0 1619          -   83.00000      -     -  215s
     0     0   83.00000    0 1610          -   83.00000      -     -  218s
     0     0   83.00697    0 1408          -   83.00697      -     -  277s
     0     0   83.00697    0  617          -   83.00697      -     -  321s
     0     0   83.02867    0 1768          -   83.02867      -     -  410s
     0     0   83.02867    0 1603          -   83.02867      -     -  417s
     0     0   83.02867    0 1544          -   83.02867      -     -  419s
     0     0   83.02942    0 1481          -   83.02942      -     -  448s
     0     0   83.02942    0 1439          -   83.02942      -     -  450s
     0     0   83.85714    0 1573          -   83.85714      -     -  465s
     0     0   83.85714    0 1564          -   83.85714      -     -  472s
     0     0   83.85714    0 1559          -   83.85714      -     -  473s
     0     0   90.32866    0 1330          -   90.32866      -     -  511s
     0     0   90.32866    0 1314          -   90.32866      -     -  514s
     0     0   90.32866    0 1311          -   90.32866      -     -  515s
     0     0   90.32866    0 1482          -   90.32866      -     -  521s
     0     0   90.32866    0 1448          -   90.32866      -     -  526s
     0     0   90.32866    0 1443          -   90.32866      -     -  526s
     0     0   92.00000    0 1671          -   92.00000      -     -  550s
     0     0   92.00000    0 1564          -   92.00000      -     -  554s
     0     0   92.00000    0 1562          -   92.00000      -     -  555s
     0     0   92.00000    0 1920          -   92.00000      -     -  627s
     0     0   92.00000    0 1814          -   92.00000      -     -  641s
     0     0   92.00000    0 1671          -   92.00000      -     -  645s
     0     0   92.00000    0 1629          -   92.00000      -     -  649s
     0     0   92.00000    0 1607          -   92.00000      -     -  650s
     0     0   92.00000    0 1605          -   92.00000      -     -  650s
     0     0   92.00000    0 1748          -   92.00000      -     -  680s
     0     0   92.00000    0 1670          -   92.00000      -     -  681s
     0     0   92.00000    0 1978          -   92.00000      -     -  719s
     0     0   92.00000    0 1793          -   92.00000      -     -  735s
     0     0   92.00000    0 1775          -   92.00000      -     -  751s
     0     0   92.00000    0 1712          -   92.00000      -     -  771s
     0     0   92.00000    0 1652          -   92.00000      -     -  777s
     0     0   92.00000    0 1639          -   92.00000      -     -  777s
     0     0   92.00000    0 1088          -   92.00000      -     -  834s
     0     0   92.00000    0 1243          -   92.00000      -     -  838s
     0     0   92.00000    0 1243          -   92.00000      -     -  839s
     0     0   92.00000    0 1284          -   92.00000      -     -  906s
     0     0   92.00000    0 1278          -   92.00000      -     -  906s
     0     0   92.00000    0 1032          -   92.00000      -     -  951s
     0     0   92.00000    0 1035          -   92.00000      -     -  952s
     0     0   92.00000    0 1236          -   92.00000      -     - 1003s
     0     0   92.00000    0 1231          -   92.00000      -     - 1004s
     0     0   92.00088    0  814          -   92.00088      -     - 1030s
     0     0   92.03018    0 1070          -   92.03018      -     - 1044s
     0     0   92.03018    0  997          -   92.03018      -     - 1046s
     0     0   92.03018    0  983          -   92.03018      -     - 1047s
     0     0   92.03018    0 1151          -   92.03018      -     - 1054s
     0     0   92.03018    0 1086          -   92.03018      -     - 1055s
     0     0   92.03018    0 1084          -   92.03018      -     - 1056s
     0     0   92.20502    0 1334          -   92.20502      -     - 1070s
     0     0   92.20502    0 1310          -   92.20502      -     - 1071s
     0     0   92.20502    0 1335          -   92.20502      -     - 1082s
     0     0   92.20502    0 1316          -   92.20502      -     - 1088s
     0     0   92.20502    0 1256          -   92.20502      -     - 1089s
     0     0   92.20502    0 1393          -   92.20502      -     - 1103s
     0     0   92.20502    0 1361          -   92.20502      -     - 1117s
     0     0   92.20502    0 1407          -   92.20502      -     - 1120s
     0     0   92.20502    0 1427          -   92.20502      -     - 1126s
     0     0   92.20502    0 1380          -   92.20502      -     - 1127s
     0     0   92.20502    0 1406          -   92.20502      -     - 1228s
     0     0   92.20502    0 1363          -   92.20502      -     - 1228s
     0     0   92.20502    0  995          -   92.20502      -     - 1246s
     0     0   92.20502    0  986          -   92.20502      -     - 1246s
     0     0   92.20502    0 1342          -   92.20502      -     - 1250s
     0     0   92.20502    0 1271          -   92.20502      -     - 1250s
     0     0   92.20502    0 1253          -   92.20502      -     - 1271s
     0     0   92.20502    0 1351          -   92.20502      -     - 1272s
     0     0   92.20502    0 1351          -   92.20502      -     - 1272s
     0     0   92.20502    0 1604          -   92.20502      -     - 1281s
     0     0   92.20502    0 1543          -   92.20502      -     - 1284s
     0     0   92.20502    0 1546          -   92.20502      -     - 1286s
     0     0   92.20502    0 1544          -   92.20502      -     - 1286s
     0     0   92.20502    0 1140          -   92.20502      -     - 1297s
     0     0   92.20502    0 1139          -   92.20502      -     - 1297s
     0     0   92.20502    0 1137          -   92.20502      -     - 1329s
     0     2   92.20502    0 1003          -   92.20502      -     - 1376s
     1     5   92.39032    1  975          -   92.39032      -  5652 1408s
     3     8   92.48586    2 1161          -   92.48586      -  2364 1424s
     7    16   92.48586    3 1340          -   92.48586      -  1474 1523s
    15    27   93.02942    4 1291          -   93.02942      -  1574 1689s
    31    50   95.00000    5 1394          -   94.32866      -  1151 1773s
    58    80   95.00000    6 1355          -   94.32866      -  1304 1866s
    90   101   95.00000    7 1320          -   94.32866      -  1404 1898s
   122   122   95.00000    8 1314          -   94.32866      -  1281 1916s
   154   142   95.00000    9 1242          -   94.32866      -  1095 1931s
   186   179   99.00000   10 1115          -   94.32866      -   948 1951s
   233   221   99.00000   11 1111          -   94.32866      -   826 1980s
   282   256   99.00000   13 1121          -   94.32866      -   758 2014s
   331   314   99.00000   13 1173          -   94.32866      -   707 2049s
   392   372   99.00000   14 1131          -   94.32866      -   655 2064s
   455   429   99.00000   15 1131          -   94.32866      -   596 2083s
   523   498   99.00000   17 1211          -   94.32866      -   563 2095s
   597   575   99.00000   18 1181          -   94.32866      -   521 2114s
   677   664   99.00000   19 1083          -   94.32866      -   484 2140s
   773   757   99.00000   20 1071          -   94.32866      -   444 2160s
   873   870   99.00000   23 1164          -   94.32866      -   411 2173s
   992   952  108.00000   27 1067          -   94.32866      -   379 2189s
  1092  1044  101.00000   27 1035          -   94.32866      -   364 2208s
  1203  1151  101.00000   28 1030          -   94.32866      -   346 2227s
  1327  1271  101.00000   31 1003          -   94.32866      -   332 2247s
  1464  1425  101.00000   35  983          -   94.32866      -   320 2264s
  1628  1597  102.00000   40 1016          -   94.32866      -   303 2286s
  1809  1774  101.00000   47  988          -   94.32866      -   283 2301s
  2011  1973  101.00000   51  984          -   94.32866      -   267 2324s
  2225  2159  101.00000   55  999          -   94.32866      -   252 2339s
  2434  2398  101.00000   63  949          -   94.32866      -   240 2355s
  2689  2660  101.00000   66 1077          -   94.32866      -   227 2372s
  2978  2920  101.00000   71 1139          -   94.32866      -   214 2395s
  3288  3125  101.00000   76 1108          -   94.32866      -   204 2408s
  3510  3443  101.00000   76 1153          -   94.32866      -   203 2423s
  3855  3779  101.00000   78 1029          -   94.32866      -   193 2437s
  4215  4023  101.00000   84  974          -   94.32866      -   184 2461s
  4552  4380   98.00000   14 1034          -   94.32866      -   180 2483s
  4950  4664   98.00000   16 1144          -   94.32866      -   175 2503s
  5263  5006   98.00000   17 1025          -   94.32866      -   172 2520s
  5663  5310   98.00000   21 1018          -   94.32866      -   167 2546s
  6049  5714   98.00000   25 1024          -   94.32866      -   164 2566s
  6490  6019   98.00000   27 1112          -   94.32866      -   160 2698s
  6821  6517   98.00000   41 1042          -   94.32866      -   158 2721s
  7365  6889   98.00000   48 1041          -   94.32866      -   153 2744s
  7816  7301   98.00000   62  935          -   94.32866      -   152 2770s
  8282  7648   98.00000   71 1239          -   94.32866      -   151 2792s
  8679  8038   98.00000   72 1057          -   94.32866      -   151 2815s
  9130  8439   98.00000   83 1035          -   94.32866      -   150 2839s
  9624  8875   98.00000   97 1079          -   94.32866      -   149 2865s
 10173  9317   98.00000  103 1087          -   94.32866      -   148 2895s
 10751  9707   98.00000  120 1133          -   94.32866      -   146 2921s
 11212 10166   98.00000  133 1104          -   94.32866      -   147 2951s
 11794 10666   98.00000  154 1063          -   94.32866      -   146 2980s
 12398 11243   98.00000  168 1096          -   94.32866      -   145 3009s
 13049 11848   98.00000  176 1066          -   94.32866      -   143 3039s
 13757 12336   98.00000  180 1138          -   94.32866      -   142 3071s
 14369 12680   98.00000  190 1095          -   94.32866      -   142 3103s
 14785 12681  112.00000  197 1408          -   94.32866      -   145 3165s
 14787 12682   98.00000  133  399          -   94.32866      -   145 3189s
 14788 12683   96.00000   81 1682          -   94.32866      -   145 3196s
 14789 12684  100.00000  261 1338          -   96.00000      -   145 3206s
 14790 12684  105.00000  254 1264          -   96.00000      -   145 3210s
 14791 12685   96.00000   70 1462          -   96.00000      -   145 3228s
 14792 12686   96.00000   85 1510          -   96.00000      -   145 3234s
 14793 12686  100.00000  155 1281          -   96.00000      -   145 3239s
 14794 12687  111.00000  389 1617          -   96.00000      -   145 3244s
 14795 12688   99.90694  185  978          -   96.00000      -   145 3270s
 14796 12688   96.00000  104 1364          -   96.00000      -   145 3275s
 14797 12689   96.00000  164  897          -   96.00000      -   145 3293s
 14798 12690  106.90694  240 1165          -   96.00000      -   145 3298s
 14799 12690   96.00000   48 1045          -   96.00000      -   145 3319s
 14800 12691  109.00000  135  958          -   96.00000      -   145 3323s
 14801 12692  105.35005   49  958          -   96.00000      -   145 3336s
 14802 12695   96.00000   12  800          -   96.00000      -   170 3365s
 14804 12699   96.00909   13  969          -   96.00000      -   170 3378s
 14808 12704  102.65350   14  946          -   96.00000      -   171 3395s
 14816 12716  102.65350   15  942          -   96.00000      -   171 3417s
 14831 12740  102.65350   16  938          -   96.00000      -   171 3452s
 14860 12761  102.65350   17 1453          -   96.00000      -   171 3533s
 14892 12781  102.65350   18 1681          -   96.00000      -   173 3556s
 14924 12803  102.65350   18 1627          -   96.00000      -   176 3576s
 14956 12824  106.65350   19 1572          -   96.00000      -   176 3598s
 14988 12822  101.00000   21 1602          -   96.00000      -   177 3600s

Cutting planes:
  Gomory: 19
  Cover: 29
  Implied bound: 12
  Projected implied bound: 2
  Clique: 6
  MIR: 32
  StrongCG: 4
  Flow cover: 247
  Zero half: 2
  RLT: 28
  Relax-and-lift: 38

Explored 14997 nodes (2698940 simplex iterations) in 3601.01 seconds (355.18 work units)
Thread count was 32 (of 32 available processors)

Solution count 0

Time limit reached
Best objective -, best bound 9.599999999869e+01, gap -

Unable to retrieve attribute 'X'

