
Gurobi 10.0.3 (linux64, gurobi_cl) logging started Thu Nov  9 12:50:57 2023

Set parameter Username
Set parameter TimeLimit to value 3600
Set parameter LogFile to value "RCPSP_1380.log"
Set parameter Threads to value 32
Academic license - for non-commercial use only - expires 2024-10-30
Using license file /home/jrivera6/gurobi-licenses/v1003/compute-0-39/gurobi.lic

Gurobi Optimizer version 10.0.3 build v10.0.3rc0 (linux64)
Copyright (c) 2023, Gurobi Optimization, LLC

Read MPS format model from file RCPSP_1380.mps
Reading time = 0.09 seconds
RCPSP_1380: 42975 rows, 17020 columns, 151080 nonzeros

CPU model: Intel(R) Xeon(R) Gold 6242 CPU @ 2.80GHz, instruction set [SSE2|AVX|AVX2|AVX512]
Thread count: 32 physical cores, 32 logical processors, using up to 32 threads

Optimize a model with 42975 rows, 17020 columns and 151080 nonzeros
Model fingerprint: 0x46468c06
Variable types: 92 continuous, 16928 integer (16928 binary)
Coefficient statistics:
  Matrix range     [1e+00, 5e+02]
  Objective range  [1e+00, 1e+00]
  Bounds range     [1e+00, 1e+00]
  RHS range        [1e+00, 5e+02]
Presolve removed 8597 rows and 2419 columns
Presolve time: 3.94s
Presolved: 34378 rows, 14601 columns, 125864 nonzeros
Variable types: 91 continuous, 14510 integer (14510 binary)

Deterministic concurrent LP optimizer: primal and dual simplex (primal and dual model)
Showing first log only...

Root relaxation presolved: 34378 rows, 14601 columns, 125864 nonzeros

Concurrent spin time: 0.24s

Solved with dual simplex (primal model)

Root relaxation: objective 8.500000e+01, 5395 iterations, 0.96 seconds (0.15 work units)

    Nodes    |    Current Node    |     Objective Bounds      |     Work
 Expl Unexpl |  Obj  Depth IntInf | Incumbent    BestBd   Gap | It/Node Time

     0     0   85.00000    0  160          -   85.00000      -     -    7s
     0     0   85.00000    0  677          -   85.00000      -     -   14s
     0     0   85.00000    0  678          -   85.00000      -     -   15s
     0     0   85.00000    0  664          -   85.00000      -     -   15s
     0     0   85.00000    0  485          -   85.00000      -     -   16s
     0     0   85.00000    0  244          -   85.00000      -     -   20s
     0     0   85.00000    0  247          -   85.00000      -     -   20s
     0     0   85.00000    0  124          -   85.00000      -     -   23s
     0     0   85.00000    0  158          -   85.00000      -     -   24s
     0     0   85.00000    0  132          -   85.00000      -     -   26s
     0     0   85.00000    0  246          -   85.00000      -     -   28s
     0     0   85.00000    0   86          -   85.00000      -     -   31s
     0     0   85.00000    0  256          -   85.00000      -     -   32s
     0     0   85.00000    0  111          -   85.00000      -     -   35s
     0     0   85.00000    0  121          -   85.00000      -     -   35s
     0     0   85.00000    0   82          -   85.00000      -     -   38s
H    0     0                     500.0000000   85.00000  83.0%     -   38s
     0     0   85.00000    0   82  500.00000   85.00000  83.0%     -   39s
H    0     0                     385.0000000   85.00000  77.9%     -   46s
     0     2   85.00000    0   73  385.00000   85.00000  77.9%     -   52s
     1     4   85.00000    1   85  385.00000   85.00000  77.9%  1916   56s
     3     7   85.00000    2  236  385.00000   85.00000  77.9%   884   63s
     7    13   85.00000    3  214  385.00000   85.00000  77.9%   664   69s
    14    21   85.00000    4  155  385.00000   85.00000  77.9%   615   76s
    27    34   85.00000    5  195  385.00000   85.00000  77.9%   548   86s
H   29    34                     381.0000000   85.00000  77.7%   546   86s
    48    49   85.00000    6  173  381.00000   85.00000  77.7%   513   99s
H   80    67                     264.0000000   85.00000  67.8%   440  175s
H   83    67                     260.0000000   85.00000  67.3%   438  175s
H   84    67                     259.0000000   85.00000  67.2%   438  175s
H  112    94                     231.0000000   85.00000  63.2%   412  408s
H  114    94                     227.0000000   85.00000  62.6%   417  408s
H  115    94                     216.0000000   85.00000  60.6%   419  408s
H  130    94                     163.0000000   85.00000  47.9%   397  408s
   144   115   85.00000    9  335  163.00000   85.00000  47.9%   365  413s
   176   162   85.00000   10  171  163.00000   85.00000  47.9%   327  426s
   233   208   85.00000   11  173  163.00000   85.00000  47.9%   265  431s
   285   238   85.00000   12  211  163.00000   85.00000  47.9%   222  487s
   317   293   85.00000   13  211  163.00000   85.00000  47.9%   203  492s
   374   357   85.00000   15  224  163.00000   85.00000  47.9%   177  498s
   443   423   85.00000   16  224  163.00000   85.00000  47.9%   153  503s
   514   493   85.00000   17  224  163.00000   85.00000  47.9%   136  507s
   594   567   85.00000   18  224  163.00000   85.00000  47.9%   120  512s
   679   666   86.00000   20  232  163.00000   85.00000  47.9%   107  526s
   786   778   86.00000   22  228  163.00000   85.00000  47.9%   101  530s
   905   932   86.00000   23  228  163.00000   85.00000  47.9%  90.9  535s
  1062  1112   86.00000   25  228  163.00000   85.00000  47.9%  81.3  541s
H 1246  1143                     153.0000000   85.00000  44.4%  72.3  556s
H 1247  1143                     144.0000000   85.00000  41.0%  72.3  556s
H 1251  1143                     142.0000000   85.00000  40.1%  72.1  556s
H 1273  1143                     138.0000000   85.00000  38.4%  71.5  557s
  1278  1341   86.00000   28  248  138.00000   85.00000  38.4%  71.4  562s
  1492  1560   86.00000   29  248  138.00000   85.00000  38.4%  63.4  567s
  1727  1786   86.00000   31  240  138.00000   85.00000  38.4%  57.9  571s
  1971  2031   86.00000   33  252  138.00000   85.00000  38.4%  53.3  580s
  2233  2297   86.00000   36  335  138.00000   85.00000  38.4%  50.2  586s
H 2519  2327                     133.0000000   85.00000  36.1%  47.2  597s
H 2526  2299                     128.0000000   85.00000  33.6%  47.8  598s
  2556  2523   86.00000   39  400  128.00000   85.00000  33.6%  48.6  612s
  2828  2700   86.00000   53  489  128.00000   85.00000  33.6%  50.2  617s
  3022  2911   86.00000   54  489  128.00000   85.00000  33.6%  50.3  626s
  3277  3172   86.00000   59  473  128.00000   85.00000  33.6%  48.7  631s
H 3587  3163                     123.0000000   85.00000  30.9%  47.7  640s
  3619  3466   92.00000   68  481  123.00000   85.00000  30.9%  48.7  655s
  3959  3820   92.00000   89  449  123.00000   85.00000  30.9%  48.6  665s
  4348  4112   93.00000  111  403  123.00000   85.00000  30.9%  47.6  674s
H 4711  4100                     120.0000000   85.00000  29.2%  47.5  691s
  4853  4364   93.00000  136  341  120.00000   85.00000  29.2%  49.7  700s
H 5179  4279                     117.0000000   85.00000  27.4%  50.5  714s
  5180  4274  102.00000   65   82  117.00000   85.00000  27.4%  50.5  739s
  5182  4275   94.00000   98  199  117.00000   85.00000  27.4%  50.4  742s
  5183  4276  114.00000   28  307  117.00000   85.00000  27.4%  50.4  749s
H 5183  4062                     114.0000000   85.00000  25.4%  50.4  750s
H 5184  3859                     110.0000000   85.00000  22.7%  50.4  754s
H 5184  3666                     109.0000000   85.00000  22.0%  50.4  756s
H 5185  3483                     108.0000000   85.00000  21.3%  50.4  758s
  5187  3485   93.00000   37   66  108.00000   85.00000  21.3%  50.4  763s
  5188  3485   85.00000   14  271  108.00000   85.00000  21.3%  50.4  765s
  5190  3487   92.00000    7  358  108.00000   85.00000  21.3%  50.4  771s
  5191  3487   89.00000   41  206  108.00000   85.00000  21.3%  50.4  778s
H 5191  3312                     105.0000000   85.00000  19.0%  50.4  779s
  5192  3313  103.00000   73  534  105.00000   85.00000  19.0%  50.3  782s
  5193  3314   91.00000  169   86  105.00000   85.00000  19.0%  50.3  787s
  5195  3315  105.00000   49  100  105.00000   85.00000  19.0%  50.3  794s
  5196  3316   96.00000   32  240  105.00000   85.00000  19.0%  50.3  796s
H 5196  3150                     104.0000000   85.00000  18.3%  50.3  801s
H 5196  2992                     102.0000000   85.00000  16.7%  50.3  801s
H 5196  2843                     101.0000000   85.00000  15.8%  50.3  803s
  5199  2845   92.00000   67  155  101.00000   85.00000  15.8%  50.3  805s
H 5199  2704                     100.0000000   85.00000  15.0%  66.9  817s
  5200  2704   85.00000   15  161  100.00000   85.00000  15.0%  67.3  822s
  5202  2707   85.00000   16  161  100.00000   85.00000  15.0%  67.3  829s
  5205  2709   85.00000   17  163  100.00000   85.00000  15.0%  67.4  832s
  5211  2716   85.00000   18  163  100.00000   85.00000  15.0%  67.4  839s
  5220  2730   85.00000   19  163  100.00000   85.00000  15.0%  67.5  846s
H 5238  2621                      99.0000000   85.00000  14.1%  67.8  863s
  5270  2636   85.00000   21  148   99.00000   85.00000  14.1%  67.9  873s
H 5302  2522                      99.0000000   85.00000  14.1%  68.1 1071s
H 5317  2395                      97.0000000   85.00000  12.4%  68.1 1071s
  5334  2404   85.00000   22  161   97.00000   85.00000  12.4%  68.1 1122s
H 5359  2279                      95.0000000   85.00000  10.5%  67.9 1122s
  5366  2284   91.00000   22  259   95.00000   85.00000  10.5%  68.0 1129s
H 5421  2168                      94.0000000   85.00000  9.57%  67.7 1354s
H 5427  2062                      93.0000000   85.00000  8.60%  67.7 1354s
  5461  2091   91.00000   23  235   93.00000   85.00000  8.60%  67.5 1366s
  5523  2132   91.00000   24  233   93.00000   85.00000  8.60%  67.7 1375s
  5601  2168   91.00000   26  233   93.00000   85.00000  8.60%  67.4 1384s
  5672  2204     cutoff   27        93.00000   85.00000  8.60%  67.2 1396s
  5750  2243   91.00000   29  219   93.00000   85.00000  8.60%  66.7 1406s
  5833  2278   91.00000   31  185   93.00000   85.00000  8.60%  66.3 1414s
  5908  2321   92.00000   32  168   93.00000   85.00000  8.60%  66.1 1424s
  5987  2342     cutoff   34        93.00000   85.00000  8.60%  65.7 1435s
  6048  2390     cutoff   36        93.00000   85.00000  8.60%  65.5 1444s
  6138  2429   91.00000   39  279   93.00000   85.00000  8.60%  65.0 1453s
  6226  2532   91.00000   40  189   93.00000   85.00000  8.60%  64.5 1474s
  6387  2606   91.00000   44  191   93.00000   85.00000  8.60%  63.7 1490s
  6541  2590   92.00000   47  502   93.00000   85.00000  8.60%  63.2 1523s
H 6543  2490                      92.0000000   85.00000  7.61%  63.2 1523s
  6599  1992   87.00000   35   82   92.00000   85.00000  7.61%  62.9 1535s
  6603  1995   85.00000   37  182   92.00000   85.00000  7.61%  62.9 1540s
H 6604  1895                      91.0000000   85.00000  6.59%  62.9 1543s
  6606  1897   87.00000   32  100   91.00000   85.00000  6.59%  62.9 1547s
  6608  1898   91.00000   25   77   91.00000   85.00000  6.59%  62.9 1551s
  6610  1899   88.00000   24   78   91.00000   85.00000  6.59%  62.8 1555s
  6612  1901   91.00000   44   76   91.00000   85.00000  6.59%  62.8 1560s
  6616  1903   85.00000   34  118   91.00000   85.00000  6.59%  62.8 1565s
  6617  1907   85.00000   25   86   91.00000   85.00000  6.59%  71.3 1578s
  6619  1909   85.00000   26   88   91.00000   85.00000  6.59%  71.4 1580s
  6644  1938   85.00000   29   94   91.00000   85.00000  6.59%  71.4 1587s
  6704  1972   85.00000   31   92   91.00000   85.00000  6.59%  71.2 1797s
H 6705  1876                      91.0000000   85.00000  6.59%  71.2 1797s
H 6707  1785                      90.0000000   85.00000  5.56%  71.2 1797s
  6736  1775     cutoff   31        90.00000   85.00000  5.56%  71.1 1800s
  6800  1757   88.00000   32  164   90.00000   85.00000  5.56%  70.7 1831s
  6882  1807   85.00000   33   89   90.00000   85.00000  5.56%  70.1 1837s
  6929  1833   85.00000   34  100   90.00000   85.00000  5.56%  70.3 1844s
  6977  1861   85.00000   35   84   90.00000   85.00000  5.56%  70.2 1847s
  7025  1885   85.00000   35  153   90.00000   85.00000  5.56%  69.8 1851s
  7122  1925   86.00000   36  185   90.00000   85.00000  5.56%  69.3 1860s
  7226  2004   85.00000   38   88   90.00000   85.00000  5.56%  68.7 1870s
  7330  2049   89.00000   39  200   90.00000   85.00000  5.56%  68.2 1877s
  7436  2096   85.00000   41  143   90.00000   85.00000  5.56%  67.5 1886s
  7539  2175   85.00000   42  141   90.00000   85.00000  5.56%  67.0 1894s
  7693  2209   85.00000   45  130   90.00000   85.00000  5.56%  66.4 1903s
  7850  2269   85.00000   48  102   90.00000   85.00000  5.56%  66.4 1913s
  8041  2358   85.00000   52  108   90.00000   85.00000  5.56%  66.5 1925s
  8270  2443   85.00000   56  112   90.00000   85.00000  5.56%  66.2 1938s
  8519  2530   85.00000   61  110   90.00000   85.00000  5.56%  66.3 1952s
  8795  2668   85.00000   69  123   90.00000   85.00000  5.56%  66.1 1967s
  9142  2881   85.00000   73  109   90.00000   85.00000  5.56%  65.8 1986s
  9580  3931   85.00000   81  101   90.00000   85.00000  5.56%  65.5 2005s
 11454  3633   86.00000   45   69   90.00000   85.00000  5.56%  60.7 2023s
 11943  4840   88.01267   58  144   90.00000   85.00000  5.56%  60.8 2043s
 13907  7199   88.00000   57  182   90.00000   85.00000  5.56%  57.9 2067s
 17588  7693   89.00000   65  220   90.00000   85.00000  5.56%  51.9 2095s
 18348 11808   89.00000   84  203   90.00000   85.00000  5.56%  52.0 2122s
 24911 12118     cutoff  117        90.00000   85.00000  5.56%  44.0 2146s
 25438 12399   89.00000   56  185   90.00000   85.00000  5.56%  44.2 2164s
H25446 12379                      90.0000000   85.00000  5.56%  44.2 2164s
 25802 15170     cutoff   66        90.00000   85.00000  5.56%  43.9 2189s
 30590 15171   89.00000   67   82   90.00000   85.00000  5.56%  40.0 2205s
 30594 15174   89.00000  118  301   90.00000   85.00000  5.56%  40.0 2210s
 30597 15176   89.00000   75  136   90.00000   85.00000  5.56%  40.0 2216s
 30599 15177   89.00000   71  218   90.00000   85.00000  5.56%  40.0 2221s
 30601 15178   87.00000   67  120   90.00000   85.00000  5.56%  40.0 2227s
 30604 15183   85.00000   35  115   90.00000   85.00000  5.56%  41.2 2238s
 30606 15187   85.00000   36  126   90.00000   85.00000  5.56%  41.2 2242s
 30610 15193   85.00000   37  124   90.00000   85.00000  5.56%  41.2 2246s
 30618 15205   85.00000   38  122   90.00000   85.00000  5.56%  41.2 2250s
 30634 15222   85.00000   39  122   90.00000   85.00000  5.56%  41.3 2259s
 30664 15240   85.00000   40  123   90.00000   85.00000  5.56%  41.4 2264s
 30696 15259   85.00000   41  153   90.00000   85.00000  5.56%  41.5 2349s
 30728 15278   88.00000   41  149   90.00000   85.00000  5.56%  41.5 2353s
 30760 15295   85.00000   42  155   90.00000   85.00000  5.56%  41.5 2596s
H30776 14530                      89.0000000   85.00000  4.49%  41.5 2596s
 30792 14514     cutoff   42        89.00000   85.00000  4.49%  41.5 2632s
 30843 14499   87.00000   43  194   89.00000   85.00000  4.49%  42.0 2638s
 30904 14516   87.00000   44  138   89.00000   85.00000  4.49%  42.0 2643s
 30961 14542   85.00000   46  157   89.00000   85.00000  4.49%  42.1 2650s
 31028 14574   85.00000   48  158   89.00000   85.00000  4.49%  42.2 2656s
 31100 14603   85.00000   49  156   89.00000   85.00000  4.49%  42.3 2664s
 31173 14635   85.00000   50  156   89.00000   85.00000  4.49%  42.4 2672s
 31247 14666   85.00000   51  155   89.00000   85.00000  4.49%  42.4 2680s
 31323 14698   85.00000   52  155   89.00000   85.00000  4.49%  42.5 2685s
 31404 14713   85.00000   53  149   89.00000   85.00000  4.49%  42.6 2695s
 31476 14732   85.00000   55  176   89.00000   85.00000  4.49%  42.8 2702s
 31553 14755   85.00000   56  172   89.00000   85.00000  4.49%  42.9 2713s
 31638 14818   85.00000   57  172   89.00000   85.00000  4.49%  43.1 2724s
H31776 14076                      89.0000000   85.00000  4.49%  43.3 2886s
 31810 14086   85.00000   59  190   89.00000   85.00000  4.49%  43.3 2982s
 31844 14215   85.00000   60  174   89.00000   85.00000  4.49%  43.5 2995s
 32036 14299   85.00000   62  194   89.00000   85.00000  4.49%  43.5 3009s
 32268 14412   85.00000   65  194   89.00000   85.00000  4.49%  43.7 3030s
 32534 14544   85.00000   69  233   89.00000   85.00000  4.49%  44.3 3054s
 32878 14764   85.00000   74  174   89.00000   85.00000  4.49%  45.2 3083s
 33348 14970   85.00000   78  166   89.00000   85.00000  4.49%  45.6 3123s
 33968 15176   85.00000   84   81   89.00000   85.00000  4.49%  47.2 3169s
 34705 15505   85.00000   88  212   89.00000   85.00000  4.49%  48.5 3219s
 35686 15759     cutoff  102        89.00000   85.00000  4.49%  49.4 3283s
 36753 16067   85.00000   95  227   89.00000   85.00000  4.49%  50.6 3358s
 37950 16603   88.00000  126  155   89.00000   85.00000  4.49%  51.7 3437s
 39617 16940   87.00000   64  205   89.00000   85.00000  4.49%  52.4 3523s
 41529 20832   87.00000  130  215   89.00000   85.00000  4.49%  52.8 3573s
 48968 20097   85.08000   70  280   89.00000   85.00000  4.49%  51.4 3600s

Cutting planes:
  Gomory: 33
  Lift-and-project: 1
  Cover: 170
  Implied bound: 99
  Projected implied bound: 2
  Clique: 255
  MIR: 56
  StrongCG: 23
  Flow cover: 312
  GUB cover: 6
  Zero half: 7
  RLT: 45
  Relax-and-lift: 410

Explored 52250 nodes (2703819 simplex iterations) in 3601.08 seconds (288.64 work units)
Thread count was 32 (of 32 available processors)

Solution count 10: 89 89 90 ... 95

Time limit reached
Best objective 8.899999999100e+01, best bound 8.500000000000e+01, gap 4.4944%

Wrote result file 'RCPSP_1380.sol'

