
Gurobi 10.0.3 (linux64, gurobi_cl) logging started Thu Nov  9 11:48:13 2023

Set parameter Username
Set parameter TimeLimit to value 3600
Set parameter LogFile to value "RCPSP_1097.log"
Set parameter Threads to value 32
Academic license - for non-commercial use only - expires 2024-10-30
Using license file /home/jrivera6/gurobi-licenses/v1003/compute-0-38/gurobi.lic

Gurobi Optimizer version 10.0.3 build v10.0.3rc0 (linux64)
Copyright (c) 2023, Gurobi Optimization, LLC

Read MPS format model from file RCPSP_1097.mps
Reading time = 0.21 seconds
RCPSP_1097: 42919 rows, 17020 columns, 159123 nonzeros

CPU model: Intel(R) Xeon(R) Gold 6242 CPU @ 2.80GHz, instruction set [SSE2|AVX|AVX2|AVX512]
Thread count: 32 physical cores, 32 logical processors, using up to 32 threads

Optimize a model with 42919 rows, 17020 columns and 159123 nonzeros
Model fingerprint: 0x2f10769a
Variable types: 92 continuous, 16928 integer (16928 binary)
Coefficient statistics:
  Matrix range     [1e+00, 5e+02]
  Objective range  [1e+00, 1e+00]
  Bounds range     [1e+00, 1e+00]
  RHS range        [1e+00, 5e+02]
Presolve removed 7444 rows and 1753 columns
Presolve time: 2.63s
Presolved: 35475 rows, 15267 columns, 138498 nonzeros
Variable types: 91 continuous, 15176 integer (15176 binary)

Deterministic concurrent LP optimizer: primal and dual simplex (primal and dual model)
Showing first log only...

Root relaxation presolved: 35475 rows, 15267 columns, 138498 nonzeros

Concurrent spin time: 0.80s

Solved with dual simplex (dual model)

Root relaxation: objective 8.600000e+01, 17277 iterations, 2.03 seconds (0.19 work units)

    Nodes    |    Current Node    |     Objective Bounds      |     Work
 Expl Unexpl |  Obj  Depth IntInf | Incumbent    BestBd   Gap | It/Node Time

     0     0   86.00000    0    4          -   86.00000      -     -    7s
     0     0   86.00000    0   16          -   86.00000      -     -   14s
     0     0   86.00000    0    2          -   86.00000      -     -   19s
H    0     0                      86.0000000   86.00000  0.00%     -   21s
     0     0   86.00000    0  487   86.00000   86.00000  0.00%     -   21s

Cutting planes:
  Cover: 1
  Implied bound: 19
  MIR: 3
  StrongCG: 1
  RLT: 1
  Relax-and-lift: 13

Explored 1 nodes (24649 simplex iterations) in 21.47 seconds (4.05 work units)
Thread count was 32 (of 32 available processors)

Solution count 1: 86 

Optimal solution found (tolerance 1.00e-04)
Best objective 8.600000000000e+01, best bound 8.600000000000e+01, gap 0.0000%

Wrote result file 'RCPSP_1097.sol'

