
Gurobi 10.0.3 (linux64, gurobi_cl) logging started Thu Nov  2 11:33:59 2023

Set parameter Username
Set parameter TimeLimit to value 3600
Set parameter LogFile to value "RCPSP_124.log"
Set parameter Threads to value 32
Academic license - for non-commercial use only - expires 2024-10-30
Using license file /home/jrivera6/gurobi-licenses/v1003/compute-0-37/gurobi.lic

Gurobi Optimizer version 10.0.3 build v10.0.3rc0 (linux64)
Copyright (c) 2023, Gurobi Optimization, LLC

Read MPS format model from file RCPSP_124.mps
Reading time = 0.01 seconds
RCPSP_124: 5329 rows, 2080 columns, 18873 nonzeros

CPU model: Intel(R) Xeon(R) Gold 6242 CPU @ 2.80GHz, instruction set [SSE2|AVX|AVX2|AVX512]
Thread count: 32 physical cores, 32 logical processors, using up to 32 threads

Optimize a model with 5329 rows, 2080 columns and 18873 nonzeros
Model fingerprint: 0x12a72052
Variable types: 32 continuous, 2048 integer (2048 binary)
Coefficient statistics:
  Matrix range     [1e+00, 2e+02]
  Objective range  [1e+00, 1e+00]
  Bounds range     [1e+00, 1e+00]
  RHS range        [1e+00, 2e+02]
Presolve removed 3147 rows and 1198 columns
Presolve time: 0.14s
Presolved: 2182 rows, 882 columns, 7640 nonzeros
Variable types: 31 continuous, 851 integer (851 binary)

Root relaxation: objective 5.400000e+01, 335 iterations, 0.00 seconds (0.00 work units)

    Nodes    |    Current Node    |     Objective Bounds      |     Work
 Expl Unexpl |  Obj  Depth IntInf | Incumbent    BestBd   Gap | It/Node Time

     0     0   54.00000    0   22          -   54.00000      -     -    0s
     0     0   54.00000    0   70          -   54.00000      -     -    0s
     0     0   54.00000    0   68          -   54.00000      -     -    0s
H    0     0                      97.0000000   54.00000  44.3%     -    0s
     0     0   54.00000    0   37   97.00000   54.00000  44.3%     -    0s
     0     0   54.00000    0   56   97.00000   54.00000  44.3%     -    0s
H    0     0                      89.0000000   54.00000  39.3%     -    1s
     0     0   54.00000    0   49   89.00000   54.00000  39.3%     -    1s
     0     0   54.00000    0   48   89.00000   54.00000  39.3%     -    1s
H    0     0                      85.0000000   54.75000  35.6%     -    1s
     0     0   54.75000    0   37   85.00000   54.75000  35.6%     -    1s
H    0     0                      80.0000000   54.75000  31.6%     -    1s
     0     0   54.75000    0   41   80.00000   54.75000  31.6%     -    1s
     0     0   55.20166    0   50   80.00000   55.20166  31.0%     -    1s
H    0     0                      78.0000000   55.20166  29.2%     -    1s
     0     0   55.20166    0   59   78.00000   55.20166  29.2%     -    1s
     0     0   55.20166    0   66   78.00000   55.20166  29.2%     -    1s
     0     0   55.20166    0   55   78.00000   55.20166  29.2%     -    2s
     0     0   55.20166    0   68   78.00000   55.20166  29.2%     -    2s
H    0     0                      75.0000000   55.20166  26.4%     -    2s
     0     0   55.20166    0   63   75.00000   55.20166  26.4%     -    2s
     0     0   55.20166    0   52   75.00000   55.20166  26.4%     -    2s
     0     0   55.20166    0   70   75.00000   55.20166  26.4%     -    2s
     0     0   55.20166    0   25   75.00000   55.20166  26.4%     -    2s
H    0     0                      74.0000000   55.20166  25.4%     -    2s
     0     0   55.20166    0  107   74.00000   55.20166  25.4%     -    2s
     0     0   55.20166    0   58   74.00000   55.20166  25.4%     -    2s
     0     0   55.20166    0   48   74.00000   55.20166  25.4%     -    3s
     0     2   55.20166    0   23   74.00000   55.20166  25.4%     -    3s
    29    50   65.00000    5   72   74.00000   58.28571  21.2%   101    5s
H   37    50                      74.0000000   58.28571  21.2%  93.7    5s
   378   345   67.00000   15   49   74.00000   60.00000  18.9%  25.9   11s
H  385   345                      72.0000000   60.00000  16.7%  25.6   11s
H 1734  1299                      72.0000000   60.00000  16.7%  14.5   13s
H 2036  1468                      71.0000000   60.00000  15.5%  13.8   14s
  2805  1872   69.00000   15   40   71.00000   62.00000  12.7%  12.7   15s
H 3502  1894                      71.0000000   62.00000  12.7%  12.2   16s
  6233  2753   66.00000   17   48   71.00000   62.00000  12.7%  10.6   24s
  6235  2754   69.00000   22   20   71.00000   62.00000  12.7%  10.6   27s
  6238  2759   62.00000   12   35   71.00000   62.00000  12.7%  10.9   30s
  6486  2822   67.00000   21   41   71.00000   62.00000  12.7%  11.4   39s
  6521  2836   69.00000   21   53   71.00000   62.00000  12.7%  11.4   40s
  6890  2861 infeasible   26        71.00000   62.00000  12.7%  11.8   59s
  6964  2843 infeasible   28        71.00000   62.00000  12.7%  11.8   65s
* 7119  2693              38      70.0000000   62.00000  11.4%  12.1   66s
  7511  2599   68.00000   19   33   70.00000   64.00000  8.57%  13.1   70s
* 7912  2375              65      69.0000000   64.00000  7.25%  14.2   73s
  8350  2149   67.00000   24   41   69.00000   64.00000  7.25%  14.8   75s
H 8693  1887                      69.0000000   66.00000  4.35%  15.2   76s
* 8814  1705              52      68.0000000   66.00000  2.94%  15.2   77s

Explored 9366 nodes (150751 simplex iterations) in 78.30 seconds (3.25 work units)
Thread count was 32 (of 32 available processors)

Solution count 10: 68 69 69 ... 74

Optimal solution found (tolerance 1.00e-04)
Best objective 6.800000000000e+01, best bound 6.800000000000e+01, gap 0.0000%

Wrote result file 'RCPSP_124.sol'

