
Gurobi 10.0.3 (linux64, gurobi_cl) logging started Thu Nov  2 11:34:41 2023

Set parameter Username
Set parameter TimeLimit to value 3600
Set parameter LogFile to value "RCPSP_584.log"
Set parameter Threads to value 32
Academic license - for non-commercial use only - expires 2024-10-30
Using license file /home/jrivera6/gurobi-licenses/v1003/compute-0-35/gurobi.lic

Gurobi Optimizer version 10.0.3 build v10.0.3rc0 (linux64)
Copyright (c) 2023, Gurobi Optimization, LLC

Read MPS format model from file RCPSP_584.mps
Reading time = 0.03 seconds
RCPSP_584: 19624 rows, 7750 columns, 68299 nonzeros

CPU model: Intel(R) Xeon(R) Gold 6130 CPU @ 2.10GHz, instruction set [SSE2|AVX|AVX2|AVX512]
Thread count: 32 physical cores, 32 logical processors, using up to 32 threads

Optimize a model with 19624 rows, 7750 columns and 68299 nonzeros
Model fingerprint: 0xeb8983c2
Variable types: 62 continuous, 7688 integer (7688 binary)
Coefficient statistics:
  Matrix range     [1e+00, 3e+02]
  Objective range  [1e+00, 1e+00]
  Bounds range     [1e+00, 1e+00]
  RHS range        [1e+00, 3e+02]
Presolve removed 7408 rows and 2614 columns
Presolve time: 3.00s
Presolved: 12216 rows, 5136 columns, 44425 nonzeros
Variable types: 61 continuous, 5075 integer (5075 binary)

Root relaxation: objective 6.900000e+01, 1792 iterations, 0.05 seconds (0.02 work units)

    Nodes    |    Current Node    |     Objective Bounds      |     Work
 Expl Unexpl |  Obj  Depth IntInf | Incumbent    BestBd   Gap | It/Node Time

H    0     0                      69.0000000   69.00000  0.00%     -    3s
     0     0   69.00000    0    8   69.00000   69.00000  0.00%     -    3s

Explored 1 nodes (3435 simplex iterations) in 3.30 seconds (2.21 work units)
Thread count was 32 (of 32 available processors)

Solution count 1: 69 

Optimal solution found (tolerance 1.00e-04)
Best objective 6.900000000000e+01, best bound 6.900000000000e+01, gap 0.0000%

Wrote result file 'RCPSP_584.sol'

