
Gurobi 10.0.3 (linux64, gurobi_cl) logging started Thu Nov  9 11:49:06 2023

Set parameter Username
Set parameter TimeLimit to value 3600
Set parameter LogFile to value "RCPSP_1221.log"
Set parameter Threads to value 32
Academic license - for non-commercial use only - expires 2024-10-30
Using license file /home/jrivera6/gurobi-licenses/v1003/compute-0-37/gurobi.lic

Gurobi Optimizer version 10.0.3 build v10.0.3rc0 (linux64)
Copyright (c) 2023, Gurobi Optimization, LLC

Read MPS format model from file RCPSP_1221.mps
Reading time = 0.07 seconds
RCPSP_1221: 42947 rows, 17020 columns, 151052 nonzeros

CPU model: Intel(R) Xeon(R) Gold 6242 CPU @ 2.80GHz, instruction set [SSE2|AVX|AVX2|AVX512]
Thread count: 32 physical cores, 32 logical processors, using up to 32 threads

Optimize a model with 42947 rows, 17020 columns and 151052 nonzeros
Model fingerprint: 0xdb1d5c3c
Variable types: 92 continuous, 16928 integer (16928 binary)
Coefficient statistics:
  Matrix range     [1e+00, 5e+02]
  Objective range  [1e+00, 1e+00]
  Bounds range     [1e+00, 1e+00]
  RHS range        [1e+00, 5e+02]
Presolve removed 7897 rows and 2066 columns
Presolve time: 4.46s
Presolved: 35050 rows, 14954 columns, 128643 nonzeros
Variable types: 91 continuous, 14863 integer (14863 binary)

Deterministic concurrent LP optimizer: primal and dual simplex (primal and dual model)
Showing first log only...

Root relaxation presolved: 35050 rows, 14954 columns, 128643 nonzeros


Root simplex log...

Iteration    Objective       Primal Inf.    Dual Inf.      Time
       0    9.6000000e+01   4.751255e-03   1.418125e+08      5s
    2082    9.6000000e+01   0.000000e+00   0.000000e+00      6s
Concurrent spin time: 0.70s

Solved with primal simplex (primal model)

Root relaxation: objective 9.600000e+01, 2082 iterations, 1.54 seconds (0.12 work units)

    Nodes    |    Current Node    |     Objective Bounds      |     Work
 Expl Unexpl |  Obj  Depth IntInf | Incumbent    BestBd   Gap | It/Node Time

H    0     0                      96.0000000   96.00000  0.00%     -    6s
     0     0   96.00000    0 1246   96.00000   96.00000  0.00%     -    6s

Explored 1 nodes (2082 simplex iterations) in 6.60 seconds (2.89 work units)
Thread count was 32 (of 32 available processors)

Solution count 1: 96 

Optimal solution found (tolerance 1.00e-04)
Best objective 9.600000000000e+01, best bound 9.600000000000e+01, gap 0.0000%

Wrote result file 'RCPSP_1221.sol'

