
Gurobi 10.0.3 (linux64, gurobi_cl) logging started Thu Nov  2 11:33:57 2023

Set parameter Username
Set parameter TimeLimit to value 3600
Set parameter LogFile to value "RCPSP_23.log"
Set parameter Threads to value 32
Academic license - for non-commercial use only - expires 2024-10-30
Using license file /home/jrivera6/gurobi-licenses/v1003/compute-0-34/gurobi.lic

Gurobi Optimizer version 10.0.3 build v10.0.3rc0 (linux64)
Copyright (c) 2023, Gurobi Optimization, LLC

Read MPS format model from file RCPSP_23.mps
Reading time = 0.01 seconds
RCPSP_23: 5329 rows, 2080 columns, 16083 nonzeros

CPU model: Intel(R) Xeon(R) Gold 6130 CPU @ 2.10GHz, instruction set [SSE2|AVX|AVX2|AVX512]
Thread count: 32 physical cores, 32 logical processors, using up to 32 threads

Optimize a model with 5329 rows, 2080 columns and 16083 nonzeros
Model fingerprint: 0xd977a565
Variable types: 32 continuous, 2048 integer (2048 binary)
Coefficient statistics:
  Matrix range     [1e+00, 2e+02]
  Objective range  [1e+00, 1e+00]
  Bounds range     [1e+00, 1e+00]
  RHS range        [1e+00, 2e+02]
Presolve removed 2563 rows and 946 columns
Presolve time: 0.17s
Presolved: 2766 rows, 1134 columns, 8590 nonzeros
Variable types: 31 continuous, 1103 integer (1103 binary)

Root relaxation: objective 5.700000e+01, 433 iterations, 0.00 seconds (0.00 work units)

    Nodes    |    Current Node    |     Objective Bounds      |     Work
 Expl Unexpl |  Obj  Depth IntInf | Incumbent    BestBd   Gap | It/Node Time

H    0     0                      57.0000000   57.00000  0.00%     -    0s
     0     0   57.00000    0  207   57.00000   57.00000  0.00%     -    0s

Explored 1 nodes (433 simplex iterations) in 0.22 seconds (0.14 work units)
Thread count was 32 (of 32 available processors)

Solution count 1: 57 

Optimal solution found (tolerance 1.00e-04)
Best objective 5.700000000000e+01, best bound 5.700000000000e+01, gap 0.0000%

Wrote result file 'RCPSP_23.sol'

