
Gurobi 10.0.3 (linux64, gurobi_cl) logging started Thu Nov  2 11:34:09 2023

Set parameter Username
Set parameter TimeLimit to value 3600
Set parameter LogFile to value "RCPSP_429.log"
Set parameter Threads to value 32
Academic license - for non-commercial use only - expires 2024-10-30
Using license file /home/jrivera6/gurobi-licenses/v1003/compute-0-34/gurobi.lic

Gurobi Optimizer version 10.0.3 build v10.0.3rc0 (linux64)
Copyright (c) 2023, Gurobi Optimization, LLC

Read MPS format model from file RCPSP_429.mps
Reading time = 0.01 seconds
RCPSP_429: 5349 rows, 2080 columns, 17994 nonzeros

CPU model: Intel(R) Xeon(R) Gold 6130 CPU @ 2.10GHz, instruction set [SSE2|AVX|AVX2|AVX512]
Thread count: 32 physical cores, 32 logical processors, using up to 32 threads

Optimize a model with 5349 rows, 2080 columns and 17994 nonzeros
Model fingerprint: 0xb61d4cbc
Variable types: 32 continuous, 2048 integer (2048 binary)
Coefficient statistics:
  Matrix range     [1e+00, 2e+02]
  Objective range  [1e+00, 1e+00]
  Bounds range     [1e+00, 1e+00]
  RHS range        [1e+00, 2e+02]
Presolve removed 3149 rows and 1238 columns
Presolve time: 0.28s
Presolved: 2200 rows, 842 columns, 7403 nonzeros
Variable types: 31 continuous, 811 integer (811 binary)

Root relaxation: objective 5.600000e+01, 287 iterations, 0.00 seconds (0.00 work units)

    Nodes    |    Current Node    |     Objective Bounds      |     Work
 Expl Unexpl |  Obj  Depth IntInf | Incumbent    BestBd   Gap | It/Node Time

     0     0   56.00000    0   12          -   56.00000      -     -    0s
H    0     0                      58.0000000   56.00000  3.45%     -    0s
     0     0   56.00000    0   14   58.00000   56.00000  3.45%     -    0s
H    0     0                      56.0000000   56.00000  0.00%     -    3s
     0     0   56.00000    0    2   56.00000   56.00000  0.00%     -    3s

Explored 1 nodes (1192 simplex iterations) in 3.45 seconds (0.30 work units)
Thread count was 32 (of 32 available processors)

Solution count 2: 56 58 

Optimal solution found (tolerance 1.00e-04)
Best objective 5.600000000000e+01, best bound 5.600000000000e+01, gap 0.0000%

Wrote result file 'RCPSP_429.sol'

