
Gurobi 10.0.3 (linux64, gurobi_cl) logging started Thu Nov  9 12:18:35 2023

Set parameter Username
Set parameter TimeLimit to value 3600
Set parameter LogFile to value "RCPSP_1365.log"
Set parameter Threads to value 32
Academic license - for non-commercial use only - expires 2024-10-30
Using license file /home/jrivera6/gurobi-licenses/v1003/compute-0-38/gurobi.lic

Gurobi Optimizer version 10.0.3 build v10.0.3rc0 (linux64)
Copyright (c) 2023, Gurobi Optimization, LLC

Read MPS format model from file RCPSP_1365.mps
Reading time = 0.09 seconds
RCPSP_1365: 42975 rows, 17020 columns, 151080 nonzeros

CPU model: Intel(R) Xeon(R) Gold 6242 CPU @ 2.80GHz, instruction set [SSE2|AVX|AVX2|AVX512]
Thread count: 32 physical cores, 32 logical processors, using up to 32 threads

Optimize a model with 42975 rows, 17020 columns and 151080 nonzeros
Model fingerprint: 0x818f09df
Variable types: 92 continuous, 16928 integer (16928 binary)
Coefficient statistics:
  Matrix range     [1e+00, 5e+02]
  Objective range  [1e+00, 1e+00]
  Bounds range     [1e+00, 1e+00]
  RHS range        [1e+00, 5e+02]
Presolve removed 8460 rows and 1817 columns (presolve time = 5s) ...
Presolve removed 13179 rows and 3698 columns
Presolve time: 8.61s
Presolved: 29796 rows, 13322 columns, 109047 nonzeros
Variable types: 91 continuous, 13231 integer (13231 binary)
Deterministic concurrent LP optimizer: primal and dual simplex
Showing first log only...


Root simplex log...

Iteration    Objective       Primal Inf.    Dual Inf.      Time
       0    8.9169764e+01   5.113316e-03   1.271387e+08      9s
    1869    8.9000000e+01   0.000000e+00   0.000000e+00      9s
Concurrent spin time: 0.11s

Solved with dual simplex

Root relaxation: objective 8.900000e+01, 4148 iterations, 0.56 seconds (0.11 work units)
Total elapsed time = 10.63s

    Nodes    |    Current Node    |     Objective Bounds      |     Work
 Expl Unexpl |  Obj  Depth IntInf | Incumbent    BestBd   Gap | It/Node Time

     0     0   89.00000    0  183          -   89.00000      -     -   13s
     0     0   90.60000    0  697          -   90.60000      -     -   33s
     0     0   90.60000    0  630          -   90.60000      -     -   34s
     0     0   90.60000    0  628          -   90.60000      -     -   34s
     0     0   91.06076    0  830          -   91.06076      -     -   44s
     0     0   91.06076    0  829          -   91.06076      -     -   45s
     0     0   91.06076    0  888          -   91.06076      -     -   46s
     0     0   95.00000    0  990          -   95.00000      -     -   54s
     0     0   95.00000    0  890          -   95.00000      -     -   57s
     0     0   95.00000    0  793          -   95.00000      -     -   58s
     0     0   95.00000    0  761          -   95.00000      -     -   59s
     0     0   95.00000    0  850          -   95.00000      -     -   77s
     0     0   95.00000    0  787          -   95.00000      -     -   77s
     0     0   95.00000    0  874          -   95.00000      -     -   91s
     0     0   95.00000    0  797          -   95.00000      -     -   91s
     0     0   95.00000    0  837          -   95.00000      -     -   98s
     0     0   95.00000    0  196          -   95.00000      -     -  115s
     0     0   95.00000    0  645          -   95.00000      -     -  128s
     0     0   95.00000    0  639          -   95.00000      -     -  129s
     0     0   95.00000    0  602          -   95.00000      -     -  134s
     0     0   95.00000    0  481          -   95.00000      -     -  161s
     0     0   95.00000    0  555          -   95.00000      -     -  175s
     0     0   95.00000    0  553          -   95.00000      -     -  175s
     0     0   95.00000    0  311          -   95.00000      -     -  188s
     0     0   95.00000    0  306          -   95.00000      -     -  188s
     0     0   95.00000    0  585          -   95.00000      -     -  193s
     0     0   95.00000    0  370          -   95.00000      -     -  210s
     0     0   95.00000    0  654          -   95.00000      -     -  213s
     0     0   95.00000    0  653          -   95.00000      -     -  214s
     0     0   95.00000    0  194          -   95.00000      -     -  226s
     0     0   95.00000    0  172          -   95.00000      -     -  233s
     0     2   95.00000    0  172          -   95.00000      -     -  255s
     1     5   95.00000    1  172          -   95.00000      -  1386  261s
     3     8   95.00000    2  393          -   95.00000      -   744  273s
     7    14   95.00000    3  382          -   95.00000      -   689  279s
    15    26   95.00000    4  468          -   95.00000      -   404  293s
    29    47   95.00000    5  489          -   95.00000      -   564  315s
    55    68   95.00000    6  614          -   95.00000      -   640  335s
    87    98   95.00000    7  635          -   95.00000      -   688  348s
   119   123   95.00000    8  617          -   95.00000      -   564  357s
   151   153   95.00000    9  566          -   95.00000      -   475  366s
   183   186   95.00000   10  350          -   95.00000      -   450  393s
   216   226   95.00000   11  330          -   95.00000      -   618  403s
   257   270   95.00000   12  338          -   95.00000      -   526  410s
   301   311   95.00000   13  332          -   95.00000      -   455  417s
   343   360   95.00000   14  330          -   95.00000      -   405  428s
   393   408   95.00000   15  355          -   95.00000      -   357  438s
   442   459   95.00000   16  357          -   95.00000      -   322  445s
   494   507   95.00000   17  353          -   95.00000      -   291  453s
   542   558   95.00000   18  366          -   95.00000      -   269  459s
   593   608   95.00000   19  378          -   95.00000      -   248  474s
   646   730   95.00000   20  395          -   95.00000      -   239  497s
   768   891   95.00000   21  391          -   95.00000      -   219  510s
   930  1126   95.00000   22  409          -   95.00000      -   185  521s
  1169  1503   95.00000   25  409          -   95.00000      -   154  544s
  1551  1937   95.00000   27  391          -   95.00000      -   130  568s
  2029  2139   95.00000   31  509          -   95.00000      -   117  636s
  2279  2554   95.00000   32  605          -   95.00000      -   120  665s
  2736  2978   95.00000   33  567          -   95.00000      -   119  698s
  3226  3462   95.00000   35  535          -   95.00000      -   120  730s
  3828  3925   95.00000   39  555          -   95.00000      -   119  762s
  4433  4637   95.00000   41  588          -   95.00000      -   116  799s
  5273  5155   95.00000   45  683          -   95.00000      -   113  838s
  5982  5914 infeasible   48               -   95.00000      -   113  882s
  6920  6568   95.00206   50  704          -   95.00000      -   116  928s
  7788  6569  104.62355   82  837          -   95.00000      -   119  973s
  7790  6570   99.00000  107  169          -   95.00000      -   119  988s
  7791  6571   99.00000   35  700          -   95.00000      -   119  992s
  7792  6572   98.00000   87  656          -   95.00000      -   119  997s
  7793  6572   99.00000   29  529          -   95.00000      -   119 1013s
  7794  6573  100.00000  151  705          -   95.00000      -   119 1016s
  7795  6574  107.00000   17  454          -   95.00000      -   119 1028s
  7796  6574   99.00000  134  711          -   95.00000      -   119 1032s
  7797  6575  103.00000  140  291          -   95.00000      -   119 1043s
  7798  6576  106.00000   16  620          -   95.00000      -   119 1047s
  7799  6576  103.00000  169  458          -   95.00000      -   119 1064s
  7800  6577  113.00000   48  715          -   95.00000      -   119 1070s
  7801  6578   97.00000   35  576          -   95.00000      -   119 1093s
  7802  6578  118.00000   89  883          -   95.00000      -   119 1105s
  7803  6579   98.00000   94  332          -   95.00000      -   119 1130s
  7805  6580  106.00000  139  300          -   95.00000      -   119 1149s
  7806  6581  101.00000  122  646          -   95.00000      -   119 1157s
  7807  6582   99.00000   14  292          -   95.00000      -   119 1180s
  7808  6582   99.00000   71  640          -   95.00000      -   119 1187s
  7809  6583   97.00000  115  471          -   95.00000      -   119 1202s
  7811  6584  101.00000  179  235          -   95.00000      -   119 1211s
  7812  6588   95.00000   14  220          -   95.00000      -   147 1239s
  7814  6591   95.00000   15  690          -   95.00000      -   148 1259s
  7818  6598   95.00000   16  750          -   95.00000      -   148 1273s
  7826  6611   95.00000   17  946          -   95.00000      -   149 1296s
  7842  6638   95.00000   18  928          -   95.00000      -   152 1331s
  7874  6659   95.00000   19 1019          -   95.00000      -   160 1368s
  7906  6681   97.00000   19  813          -   95.00000      -   167 1395s
  7938  6702   95.00000   20 1050          -   95.00000      -   169 1454s
  7970  6723   95.00000   20  980          -   95.00000      -   172 1477s
  8002  6752   95.08333   21 1024          -   95.00000      -   174 1502s
  8043  6788   95.00000   21  955          -   95.00000      -   176 1526s
  8095  6822   95.00000   22  937          -   95.00000      -   177 1549s
  8147  6859   95.00000   22  922          -   95.00000      -   178 1571s
  8204  6894   95.00000   23  708          -   95.00000      -   179 1602s
  8262  6941   95.00755   23  965          -   95.00000      -   183 1647s
  8328  6987   96.21429   24  892          -   95.00000      -   184 1677s
  8401  7039   95.00755   24  967          -   95.00000      -   184 1708s
  8477  7137   95.00755   26  921          -   95.00000      -   185 1733s
  8606  7149   95.16667   27  894          -   95.00000      -   184 1766s
  8667  7252   95.00755   27  887          -   95.00000      -   184 1786s
  8795  7349   96.33333   28  968          -   95.00000      -   184 1800s
  8938  7327   96.00000   29  927          -   95.00000      -   183 1837s
  9005  7411   97.00000   29 1041          -   95.00000      -   186 1854s
  9117  7426   96.00000   30  945          -   95.00000      -   188 1881s
  9183  7530   96.00000   31 1013          -   95.00000      -   188 1905s
  9323  7522  101.00000   32  945          -   95.00000      -   189 1937s
  9372  7619  108.00000   32  996          -   95.00000      -   192 1960s
  9495  7637  103.00000   33  930          -   95.00000      -   194 1994s
  9563  7745  101.00000   34  963          -   95.00000      -   195 2017s
  9710  7723  103.00000   35  875          -   95.00000      -   196 2057s
  9769  7760  104.00000   35  955          -   95.00000      -   200 2091s
  9835  7908  103.00000   36  927          -   95.00000      -   203 2112s
 10021  7919  103.00000   36  882          -   95.00000      -   202 2185s
 10128  7956  105.00000   37  956          -   95.00000      -   210 2242s
 10222  8199  107.00000   37 1019          -   95.00000      -   212 2283s
 10540  8182  110.00000   38  941          -   95.00000      -   211 2350s
 10655  8202  108.00000   39  940          -   95.00000      -   215 2427s
H10658  7871                     468.0000000   95.00000  79.7%   215 2427s
H10726  7557                     218.0000000   95.00000  56.4%   217 2624s
H10727  7258                     213.0000000   95.00000  55.4%   217 2624s
H10729  6976                     212.0000000   95.00000  55.2%   217 2624s
H10732  6706                     208.0000000   95.00000  54.3%   217 2624s
H10735  6450                     206.0000000   95.00000  53.9%   217 2624s
 10768  6484  105.00000   40  906  206.00000   95.00000  53.9%   218 2693s
H10833  6246                     205.0000000   95.00000  53.7%   221 2900s
H10833  6016                     192.0000000   95.00000  50.5%   221 2900s
H10834  5797                     190.0000000   95.00000  50.0%   221 2900s
H10837  5588                     186.0000000   95.00000  48.9%   221 2900s
H10838  5390                     185.0000000   95.00000  48.6%   222 2900s
H10839  5203                     176.0000000   95.00000  46.0%   222 2900s
 10871  5260  108.00000   41  944  176.00000   95.00000  46.0%   224 2974s
H10951  5083                     164.0000000   95.00000  42.1%   229 3252s
H10953  4913                     162.0000000   95.00000  41.4%   229 3252s
H10964  4749                     160.0000000   95.00000  40.6%   230 3252s
 10986  4829  105.00000   43  867  160.00000   95.00000  40.6%   231 3333s
 11087  4822  105.00000   44  886  160.00000   95.00000  40.6%   234 3445s
H11092  4668                     159.0000000   95.00000  40.3%   234 3445s
H11097  4521                     157.0000000   95.00000  39.5%   234 3445s
 11124  4622  105.00000   45  894  157.00000   95.00000  39.5%   236 3531s
 11252  4686  105.00000   46  842  157.00000   95.00000  39.5%   241 3600s

Cutting planes:
  Learned: 34
  Gomory: 155
  Cover: 617
  Implied bound: 371
  Projected implied bound: 36
  Clique: 87
  MIR: 2320
  StrongCG: 215
  Flow cover: 6943
  Inf proof: 12
  Zero half: 75
  RLT: 789
  Relax-and-lift: 454
  PSD: 1

Explored 11373 nodes (2802757 simplex iterations) in 3601.85 seconds (379.11 work units)
Thread count was 32 (of 32 available processors)

Solution count 10: 157 159 160 ... 192

Time limit reached
Best objective 1.570000000000e+02, best bound 9.499999999961e+01, gap 39.4904%

Wrote result file 'RCPSP_1365.sol'

