
Gurobi 10.0.3 (linux64, gurobi_cl) logging started Thu Nov  9 11:48:13 2023

Set parameter Username
Set parameter TimeLimit to value 3600
Set parameter LogFile to value "RCPSP_1099.log"
Set parameter Threads to value 32
Academic license - for non-commercial use only - expires 2024-10-30
Using license file /home/jrivera6/gurobi-licenses/v1003/compute-0-38/gurobi.lic

Gurobi Optimizer version 10.0.3 build v10.0.3rc0 (linux64)
Copyright (c) 2023, Gurobi Optimization, LLC

Read MPS format model from file RCPSP_1099.mps
Reading time = 0.21 seconds
RCPSP_1099: 42919 rows, 17020 columns, 159123 nonzeros

CPU model: Intel(R) Xeon(R) Gold 6242 CPU @ 2.80GHz, instruction set [SSE2|AVX|AVX2|AVX512]
Thread count: 32 physical cores, 32 logical processors, using up to 32 threads

Optimize a model with 42919 rows, 17020 columns and 159123 nonzeros
Model fingerprint: 0x1bceeb0c
Variable types: 92 continuous, 16928 integer (16928 binary)
Coefficient statistics:
  Matrix range     [1e+00, 5e+02]
  Objective range  [1e+00, 1e+00]
  Bounds range     [1e+00, 1e+00]
  RHS range        [1e+00, 5e+02]
Presolve removed 7596 rows and 1905 columns
Presolve time: 2.89s
Presolved: 35323 rows, 15115 columns, 137586 nonzeros
Variable types: 91 continuous, 15024 integer (15024 binary)

Deterministic concurrent LP optimizer: primal and dual simplex (primal and dual model)
Showing first log only...

Root relaxation presolved: 35323 rows, 15115 columns, 137586 nonzeros

Concurrent spin time: 0.61s

Solved with dual simplex (dual model)

Root relaxation: objective 1.120000e+02, 17439 iterations, 1.93 seconds (0.15 work units)

    Nodes    |    Current Node    |     Objective Bounds      |     Work
 Expl Unexpl |  Obj  Depth IntInf | Incumbent    BestBd   Gap | It/Node Time

     0     0  112.00000    0   79          -  112.00000      -     -    8s
     0     0  112.00000    0  750          -  112.00000      -     -   23s
     0     0  112.00000    0  781          -  112.00000      -     -   24s
     0     0  112.00000    0   14          -  112.00000      -     -   34s
     0     0  112.00000    0  457          -  112.00000      -     -   35s
     0     0  112.00000    0   37          -  112.00000      -     -   39s
     0     0  112.00000    0  282          -  112.00000      -     -   40s
     0     0  112.00000    0    8          -  112.00000      -     -   53s
     0     0  112.00000    0   38          -  112.00000      -     -   54s
     0     0  112.00000    0   32          -  112.00000      -     -   63s
     0     0  112.00000    0  221          -  112.00000      -     -   67s
     0     0  112.00000    0    6          -  112.00000      -     -   76s
     0     0  112.00000    0    8          -  112.00000      -     -   80s
     0     0  112.00000    0   12          -  112.00000      -     -   81s
H    0     0                     112.0000000  112.00000  0.00%     -   85s
     0     0  112.00000    0    2  112.00000  112.00000  0.00%     -   85s

Cutting planes:
  Gomory: 7
  Cover: 2
  Implied bound: 74
  MIR: 71
  StrongCG: 1
  RLT: 96
  Relax-and-lift: 26

Explored 1 nodes (59072 simplex iterations) in 85.51 seconds (11.44 work units)
Thread count was 32 (of 32 available processors)

Solution count 1: 112 

Optimal solution found (tolerance 1.00e-04)
Best objective 1.120000000000e+02, best bound 1.120000000000e+02, gap 0.0000%

Wrote result file 'RCPSP_1099.sol'

