
Gurobi 10.0.3 (linux64, gurobi_cl) logging started Thu Nov  2 11:34:20 2023

Set parameter Username
Set parameter TimeLimit to value 3600
Set parameter LogFile to value "RCPSP_523.log"
Set parameter Threads to value 32
Academic license - for non-commercial use only - expires 2024-10-30
Using license file /home/jrivera6/gurobi-licenses/v1003/compute-0-39/gurobi.lic

Gurobi Optimizer version 10.0.3 build v10.0.3rc0 (linux64)
Copyright (c) 2023, Gurobi Optimization, LLC

Read MPS format model from file RCPSP_523.mps
Reading time = 0.02 seconds
RCPSP_523: 19624 rows, 7750 columns, 64639 nonzeros

CPU model: Intel(R) Xeon(R) Gold 6242 CPU @ 2.80GHz, instruction set [SSE2|AVX|AVX2|AVX512]
Thread count: 32 physical cores, 32 logical processors, using up to 32 threads

Optimize a model with 19624 rows, 7750 columns and 64639 nonzeros
Model fingerprint: 0xb0be5f49
Variable types: 62 continuous, 7688 integer (7688 binary)
Coefficient statistics:
  Matrix range     [1e+00, 3e+02]
  Objective range  [1e+00, 1e+00]
  Bounds range     [1e+00, 1e+00]
  RHS range        [1e+00, 3e+02]
Presolve removed 7416 rows and 2572 columns
Presolve time: 2.02s
Presolved: 12208 rows, 5178 columns, 41732 nonzeros
Variable types: 61 continuous, 5117 integer (5117 binary)

Root relaxation: objective 6.400000e+01, 1825 iterations, 0.05 seconds (0.03 work units)

    Nodes    |    Current Node    |     Objective Bounds      |     Work
 Expl Unexpl |  Obj  Depth IntInf | Incumbent    BestBd   Gap | It/Node Time

     0     0   64.00000    0  183          -   64.00000      -     -    2s
     0     0   64.00000    0  450          -   64.00000      -     -    5s
     0     0   64.00000    0  403          -   64.00000      -     -    5s
     0     0   64.00000    0  173          -   64.00000      -     -    8s
     0     0   64.00000    0  199          -   64.00000      -     -   10s
     0     0   64.00000    0  186          -   64.00000      -     -   13s
     0     0   64.01642    0  323          -   64.01642      -     -   14s
     0     0   64.86957    0  243          -   64.86957      -     -   16s
     0     0   64.86957    0  299          -   64.86957      -     -   16s
     0     0   65.55556    0  378          -   65.55556      -     -   16s
     0     0   65.55556    0  382          -   65.55556      -     -   17s
     0     0   65.93548    0  374          -   65.93548      -     -   17s
     0     0   65.93548    0  352          -   65.93548      -     -   17s
     0     0   65.93548    0  419          -   65.93548      -     -   18s
     0     0   65.93548    0  330          -   65.93548      -     -   18s
     0     0   66.00003    0  170          -   66.00003      -     -   20s
     0     0   66.00076    0  340          -   66.00076      -     -   20s
     0     0   66.00076    0  235          -   66.00076      -     -   20s
     0     0   66.00076    0  173          -   66.00076      -     -   21s
     0     0   66.00076    0  211          -   66.00076      -     -   21s
     0     0   66.01674    0  314          -   66.01674      -     -   22s
     0     0   66.01674    0  351          -   66.01674      -     -   22s
     0     0   66.02312    0  388          -   66.02312      -     -   23s
     0     0   66.02312    0  416          -   66.02312      -     -   23s
     0     0   66.02312    0  460          -   66.02312      -     -   24s
     0     0   66.02312    0  392          -   66.02312      -     -   25s
     0     0   66.02312    0   99          -   66.02312      -     -   27s
     0     0   66.02312    0  259          -   66.02312      -     -   29s
     0     0   66.02312    0  311          -   66.02312      -     -   31s
     0     0   66.02312    0  365          -   66.02312      -     -   32s
     0     0   66.02312    0  201          -   66.02312      -     -   34s
H    0     0                     337.0000000   66.02312  80.4%     -   34s
     0     0   66.02312    0   98  337.00000   66.02312  80.4%     -   35s
     0     2   66.02312    0   67  337.00000   66.02312  80.4%     -   39s
     1     4   66.10526    1   66  337.00000   66.10526  80.4%   961   40s
    14    22   70.00000    4  246  337.00000   67.00000  80.1%   436   46s
H   26    40                     333.0000000   67.00000  79.9%   378   50s
H   38    40                     331.0000000   67.00000  79.8%   316   50s
    48    53   70.00000    6  322  331.00000   67.00000  79.8%   337   80s
H   75    53                     219.0000000   67.00000  69.4%   295   80s
H   80    73                     188.0000000   67.00000  64.4%   288  125s
H   81    73                     187.0000000   67.00000  64.2%   288  125s
H   82    73                     177.0000000   67.00000  62.1%   288  125s
H   83    73                     171.0000000   67.00000  60.8%   286  125s
H   92    73                     167.0000000   67.00000  59.9%   274  125s
   233   216   71.09091   12  215  167.00000   67.00000  59.9%   137  130s
   445   392   76.00000   16  247  167.00000   67.00000  59.9%  94.8  135s
   728   687   76.00000   24  256  167.00000   67.00000  59.9%  71.2  141s
H 1134   968                     140.0000000   67.00000  52.1%  56.6  162s
H 1137   968                     139.0000000   67.00000  51.8%  56.5  162s
H 1141   968                     138.0000000   67.00000  51.4%  56.5  162s
H 1145   968                     137.0000000   67.00000  51.1%  56.4  162s
H 1155   968                     134.0000000   67.00000  50.0%  56.3  162s
  1172  1128 infeasible   40       134.00000   67.00000  50.0%  56.0  165s
  1713  1639   76.00000   10  215  134.00000   67.00000  50.0%  46.6  171s
  2187  2012   79.00000   24  213  134.00000   67.00000  50.0%  42.4  175s
  2895  2591   93.00000   45  209  134.00000   67.00000  50.0%  39.2  180s
H 3742  2976                     114.0000000   67.00000  41.2%  36.5  199s
  3743  2973   80.00000   29   98  114.00000   67.00000  41.2%  36.5  201s
H 3745  2825                     110.0000000   67.00000  39.1%  36.5  205s
H 3745  2683                     108.0000000   67.00000  38.0%  36.5  206s
H 3746  2550                     107.0000000   67.00000  37.4%  36.5  207s
H 3747  2424                     104.0000000   67.00000  35.6%  36.5  210s
H 3747  2302                     102.0000000   67.00000  34.3%  36.5  210s
H 3747  2187                     101.0000000   67.00000  33.7%  36.5  214s
  3749  2188   79.00000   20  281  101.00000   67.00000  33.7%  36.5  216s
  3751  2189   96.00000   94  264  101.00000   68.00000  32.7%  36.4  220s
H 3753  2081                      99.0000000   68.00000  31.3%  36.4  226s
  3755  2082   76.00000   12  249   99.00000   68.00000  31.3%  36.4  232s
H 3755  1978                      98.0000000   68.00000  30.6%  36.4  237s
  3758  1980   77.00000   42  158   98.00000   68.02188  30.6%  36.4  242s
  3760  1981   96.00000   30  159   98.00000   68.02799  30.6%  36.4  248s
H 3760  1882                      93.0000000   68.02811  26.9%  36.4  250s
H 3761  1788                      91.0000000   68.02811  25.2%  36.3  253s
H 3761  1698                      89.0000000   68.05109  23.5%  36.3  257s
H 3764  1617                      89.0000000   68.05109  23.5%  53.6  265s
  3767  1622   70.00000   13  248   89.00000   68.19457  23.4%  54.3  275s
  3771  1629   70.00000   14  234   89.00000   68.36072  23.2%  54.7  281s
  3779  1642   70.00000   15  322   89.00000   68.51064  23.0%  55.1  288s
H 3795  1585                      88.0000000   68.62951  22.0%  56.4  298s
H 3801  1506                      87.0000000   68.62951  21.1%  56.3  298s
  3827  1511   70.00000   17  255   87.00000   68.62951  21.1%  57.7  304s
  3861  1515   72.00000   18  239   87.00000   68.62951  21.1%  58.6  309s
  3893  1530   76.00000   18  293   87.00000   68.62951  21.1%  58.9  316s
  3925  1546   72.00000   19  239   87.00000   68.62951  21.1%  59.3  321s
  3958  1566   72.00000   19  237   87.00000   68.62951  21.1%  59.2  328s
  3992  1584   72.00000   20  237   87.00000   68.62951  21.1%  59.6  335s
  4026  1601   73.42857   20  225   87.00000   68.62951  21.1%  59.6  355s
H 4038  1524                      86.0000000   68.62951  20.2%  59.5  355s
  4060  1534   76.00000   21  273   86.00000   68.62951  20.2%  59.8  384s
H 4073  1460                      84.0000000   68.62951  18.3%  59.9  384s
H 4100  1385                      82.0000000   68.62951  16.3%  59.8  384s
H 4101  1322                      81.0000000   68.62951  15.3%  59.8  384s
  4102  1287   76.00000   21  221   81.00000   68.62951  15.3%  59.9  395s
  4177  1281   76.00000   22  262   81.00000   68.62951  15.3%  60.1  403s
  4239  1297   76.00000   23  236   81.00000   68.62951  15.3%  60.6  411s
  4283  1327   76.00000   23  258   81.00000   68.62951  15.3%  62.2  418s
  4344  1353   76.00000   24  252   81.00000   68.62951  15.3%  62.6  425s
  4398  1385   76.00000   25  251   81.00000   68.62951  15.3%  62.7  431s
  4604  1581   76.00000   27  221   81.00000   68.62951  15.3%  61.8  435s
  4969  1738   76.00000   31  246   81.00000   68.62951  15.3%  58.7  442s
H 5162  1587                      80.0000000   68.62951  14.2%  57.3  465s
  5239  1550   76.00000   33  254   80.00000   68.62951  14.2%  58.6  475s
  5308  1574   76.00000   34  241   80.00000   68.62951  14.2%  59.8  486s
  5366  1612   76.00000   35  256   80.00000   68.62951  14.2%  60.2  492s
  5455  1740   76.00000   36  256   80.00000   68.62951  14.2%  60.6  497s
  5712  1803   76.00000   38  258   80.00000   68.62951  14.2%  59.4  505s
  5990  1687   77.00000   41  256   80.00000   68.62951  14.2%  57.8  514s
  6070  1846   76.00000   41  273   80.00000   68.62951  14.2%  59.0  523s
  6291  1804   76.00000   43  271   80.00000   68.62951  14.2%  58.3  533s
H 6316  1738                      80.0000000   68.62951  14.2%  58.1  533s
  6329  1750   77.00000   43  256   80.00000   68.62951  14.2%  58.1  541s
  6404  2003   76.00000   44  267   80.00000   68.62951  14.2%  58.5  547s
  6810  1754   78.00000   51  296   80.00000   68.62951  14.2%  56.5  558s
  6900  2073   78.00000   52  287   80.00000   68.62951  14.2%  57.3  563s
  7365  1762     cutoff   59        80.00000   69.00000  13.7%  55.3  576s
  7448  2130   69.00000   18  211   80.00000   69.00000  13.7%  55.8  583s
  7949  2138   76.00000   24  343   80.00000   69.00000  13.7%  54.4  594s
  8020  2560   76.00000   25  343   80.00000   69.00000  13.7%  55.5  598s
  8551  2518 infeasible   28        80.00000   69.00000  13.7%  54.1  610s
  8653  2989   79.00000   29  270   80.00000   69.00000  13.7%  54.8  617s
  9348  2945 infeasible   53        80.00000   69.00000  13.7%  52.9  633s
  9458  3460   69.00000   19  260   80.00000   69.00000  13.7%  53.9  640s
 10129  3454   74.00000   24  226   80.00000   69.00000  13.7%  52.7  653s
 10216  3985   74.00000   28  246   80.00000   69.00000  13.7%  53.4  662s
 11037  3986   77.00000   45  225   80.00000   69.00000  13.7%  51.6  672s
 11134  4564   77.00000   47  250   80.00000   69.00000  13.7%  52.4  678s
 11890  5045   69.29825   20  289   80.00000   69.00000  13.7%  51.1  687s
 12804  5036   78.00000   27  250   80.00000   69.00000  13.7%  49.9  700s
 12881  5087   78.00000   29  227   80.00000   69.00000  13.7%  51.3  713s
 12953  5118   78.00000   30  225   80.00000   69.00000  13.7%  52.3  744s
H12954  3199                      79.0000000   69.00000  12.7%  52.3  744s
H12981  3199                      79.0000000   69.00000  12.7%  52.3  744s
 12985  3182   78.00000   31  223   79.00000   69.00000  12.7%  52.3  757s
 13092  3233   78.00000   33  222   79.00000   69.00000  12.7%  53.1  772s
 13179  3300     cutoff   33        79.00000   70.00000  11.4%  53.9  783s
 13288  3786 infeasible   48        79.00000   70.00000  11.4%  54.3  797s
 14218  3781 infeasible   32        79.00000   70.00000  11.4%  53.0  810s
 14327  4151   77.00000   34  245   79.00000   70.00000  11.4%  54.6  818s
 14862  4145 infeasible   54        79.00000   70.00000  11.4%  54.2  836s
 14995  4819   76.00000   28  330   79.00000   70.00000  11.4%  55.6  848s
 16115  4839 infeasible   37        79.00000   70.00000  11.4%  54.7  871s
 16241  5646   77.00000   27  262   79.00000   70.00000  11.4%  56.0  884s
 17635  5679   77.00000   32  320   79.00000   70.00000  11.4%  54.8  898s
 17730  6308   77.00000   34  276   79.00000   70.00000  11.4%  56.2  912s
 18765  6344 infeasible   51        79.00000   70.00000  11.4%  55.5  930s
 18884  7001   76.00000   28  316   79.00000   70.00000  11.4%  56.6  947s
 19982  6997 infeasible   30        79.00000   70.00000  11.4%  56.2  965s
 20077  7065 infeasible   31        79.00000   70.00000  11.4%  57.3  979s
 20212  7892   78.00000   29  248   79.00000   70.00000  11.4%  57.9  991s
 21731  7932   76.33333   32  240   79.00000   70.00000  11.4%  56.8 1006s
 21850  8691   77.00000   37  263   79.00000   70.00000  11.4%  57.9 1018s
 23252  8746   78.00000   37  227   79.00000   70.00000  11.4%  57.3 1038s
 23407  9391   78.00000   40  191   79.00000   70.00000  11.4%  58.3 1055s
 24480  9421 infeasible   35        79.00000   70.00000  11.4%  57.3 1074s
 24637 10451   76.00000   36  299   79.00000   70.00000  11.4%  58.5 1087s
 26367 10464   74.40000   25  320   79.00000   71.00000  10.1%  57.2 1114s
 26543 10493   78.00000   29  299   79.00000   71.00000  10.1%  58.6 1146s
H26549 10493                      79.0000000   71.00000  10.1%  58.6 1146s
 26582 10572   78.00000   30  299   79.00000   71.00000  10.1%  58.7 1162s
 26718 10660   78.00000   35  275   79.00000   71.00000  10.1%  59.0 1185s
 26958 10746     cutoff   43        79.00000   71.00000  10.1%  59.6 1206s
 27186 11778   76.00000   42  258   79.00000   71.00000  10.1%  60.2 1221s
 29348 11779   77.00000   56   98   79.00000   71.00000  10.1%  58.8 1242s
 29351 11781   77.00000   54   42   79.00000   71.00000  10.1%  58.8 1245s
 29356 11784   77.00000   45  247   79.00000   71.00000  10.1%  58.8 1250s
 29359 11786   76.00000   51   86   79.00000   71.00000  10.1%  58.8 1255s
 29362 11788   76.00000   47   55   79.00000   74.00000  6.33%  58.8 1262s
 29364 11790   76.00000   27  205   79.00000   74.00000  6.33%  58.8 1267s
 29366 11791   78.00000   65  151   79.00000   74.00000  6.33%  58.8 1271s
 29368 11792   78.00000   31  181   79.00000   74.00000  6.33%  58.8 1275s
 29370 11794   78.00000   60  164   79.00000   74.00000  6.33%  58.8 1284s
 29371 11794   78.00000   36  282   79.00000   74.00000  6.33%  58.8 1286s
 29372 11795   78.00000   38  208   79.00000   74.00000  6.33%  58.8 1291s
 29374 11796   77.00000   36  101   79.00000   74.00000  6.33%  58.8 1296s
 29376 11798   74.00000   29  217   79.00000   74.00000  6.33%  58.8 1300s
 29379 11800   78.00000   46  214   79.00000   74.00000  6.33%  58.8 1306s
 29381 11804   74.00000   24  229   79.00000   74.00000  6.33%  61.0 1315s
 29387 11808   74.00000   26  229   79.00000   74.00000  6.33%  61.1 1322s
 29394 11816   74.00000   27  227   79.00000   74.00000  6.33%  61.1 1328s
 29404 11829   76.00000   28  256   79.00000   74.00000  6.33%  61.1 1336s
 29424 11849   76.00000   29  232   79.00000   74.00000  6.33%  61.1 1344s
 29456 11862   76.00000   30  259   79.00000   74.00000  6.33%  61.2 1350s
 29488 11878   78.00000   30  236   79.00000   74.00000  6.33%  61.1 1356s
 29520 11888   76.00000   31  259   79.00000   74.00000  6.33%  61.1 1365s
 29552 11904 infeasible   31        79.00000   74.00000  6.33%  61.1 1371s
 29585 11912   76.00000   32  261   79.00000   74.00000  6.33%  61.1 1377s
 29744 12016   76.00000   35  273   79.00000   74.00000  6.33%  60.9 1380s
 30010 12054   78.00000   39  243   79.00000   74.00000  6.33%  60.5 1389s
 30050 12095   76.00000   40  275   79.00000   74.00000  6.33%  60.5 1390s
 30131 12063   77.00000   41  273   79.00000   74.00000  6.33%  60.4 1398s
 30266 12137   76.00000   43  280   79.00000   74.00000  6.33%  60.3 1400s
 30368 12122 infeasible   44        79.00000   74.00000  6.33%  60.2 1418s
 30404 12107 infeasible   45        79.00000   74.00000  6.33%  60.1 1427s
 30451 12095 infeasible   46        79.00000   74.00000  6.33%  60.2 1431s
 30494 12100   77.00000   47  277   79.00000   74.00000  6.33%  60.2 1438s
 30533 12112   77.00000   48  271   79.00000   74.00000  6.33%  60.2 1472s
 30566 12117   77.00000   48  265   79.00000   74.00000  6.33%  60.2 1478s
 30609 12126   77.00000   49  282   79.00000   74.00000  6.33%  60.2 1484s
 30654 12137   78.00000   50  254   79.00000   74.00000  6.33%  60.2 1491s
 30696 12137   78.00000   51  276   79.00000   74.00000  6.33%  60.2 1509s
H30697 11545                      78.0000000   74.00000  5.13%  60.2 1510s
 30735 11482     cutoff   51        78.00000   74.00000  5.13%  60.2 1518s
 30830 11471   76.00000   31  256   78.00000   74.00000  5.13%  60.1 1529s
 30891 11508   76.00000   32  255   78.00000   74.00000  5.13%  60.1 1537s
 31182 11795   76.00000   41  253   78.00000   74.00000  5.13%  59.7 1546s
 31526 11656 infeasible   50        78.00000   74.00000  5.13%  59.2 1555s
 31630 11865   76.00000   49  282   78.00000   74.00000  5.13%  59.3 1560s
 32055 11720   76.00000   61  273   78.00000   74.00000  5.13%  58.8 1570s
 32157 12021   76.00000   62  272   78.00000   74.00000  5.13%  58.8 1577s
 32813 12129 infeasible   76        78.00000   74.00000  5.13%  58.1 1589s
 33592 11473 infeasible   65        78.00000   74.00000  5.13%  57.2 1599s
*33737 10864             132      78.0000000   74.00000  5.13%  57.2 1599s
 33786 11441   77.00000   55  189   78.00000   74.00000  5.13%  57.3 1661s
 35198 10749 infeasible   66        78.00000   74.00000  5.13%  55.7 1672s
 35363 10692   75.00000   64  218   78.00000   74.00000  5.13%  55.7 1680s
 35445 11175   75.00000   65  218   78.00000   74.00000  5.13%  55.8 1712s
 36595 10720 infeasible   55        78.00000   74.00000  5.13%  54.6 1735s
 36738 11101   76.00000   51  205   78.00000   74.00000  5.13%  54.7 1762s
 37733 10701 infeasible   59        78.00000   74.00000  5.13%  53.7 1771s
 37856 11272   77.00000   51  197   78.00000   74.00000  5.13%  53.8 1817s
 39002 10780 infeasible   62        78.00000   74.00000  5.13%  52.8 1826s
 39163 11186     cutoff   51        78.00000   74.00000  5.13%  52.8 1832s
 40163 10736 infeasible   65        78.00000   74.00000  5.13%  52.0 1845s
 40318 11111 infeasible   64        78.00000   74.00000  5.13%  52.0 1856s
 41393 10649 infeasible   82        78.00000   74.00000  5.13%  51.1 1866s
 41533 11132 infeasible   45        78.00000   74.00000  5.13%  51.2 1894s
 42980 10554 infeasible   67        78.00000   75.00000  3.85%  50.0 1906s
 43122 11016   77.00000   49  363   78.00000   75.00000  3.85%  50.1 2017s
 44931 10377 infeasible   57        78.00000   75.00000  3.85%  48.9 2029s
 45139 11386   75.50000   60  192   78.00000   75.00000  3.85%  49.0 2542s
 48228 10315 infeasible   68        78.00000   75.00000  3.85%  46.9 2600s
 48459 10274   75.00000   58  180   78.00000   75.00000  3.85%  47.0 2646s
 48503 10247   77.00000   59  180   78.00000   75.00000  3.85%  47.0 2659s
 48687 11099   77.00000   62  182   78.00000   75.00000  3.85%  47.0 2797s
 51172 10154     cutoff   57        78.00000   75.00000  3.85%  45.6 2872s
 51394 11148   75.00000   52  209   78.00000   75.00000  3.85%  45.7 3218s
 54500  9999 infeasible   60        78.00000   75.00000  3.85%  44.2 3280s
 54704 10510   75.00000   54  170   78.00000   75.00000  3.85%  44.3 3432s
 56958  9621     cutoff   67        78.00000   75.00000  3.85%  43.2 3445s
 57196 10206 infeasible   63        78.00000   75.00000  3.85%  43.3 3673s

Cutting planes:
  Gomory: 2
  Cover: 24
  Clique: 12
  MIR: 11
  StrongCG: 3
  Flow cover: 31
  Zero half: 3
  Relax-and-lift: 11

Explored 60355 nodes (2581816 simplex iterations) in 3724.99 seconds (97.38 work units)
Thread count was 32 (of 32 available processors)

Solution count 10: 78 78 79 ... 84

Time limit reached
Best objective 7.799999998410e+01, best bound 7.500000000000e+01, gap 3.8462%

Wrote result file 'RCPSP_523.sol'

