
Gurobi 10.0.3 (linux64, gurobi_cl) logging started Thu Nov  9 11:53:42 2023

Set parameter Username
Set parameter TimeLimit to value 3600
Set parameter LogFile to value "RCPSP_1309.log"
Set parameter Threads to value 32
Academic license - for non-commercial use only - expires 2024-11-06
Using license file /home/jrivera6/gurobi-licenses/v1003/compute-0-36/gurobi.lic

Gurobi Optimizer version 10.0.3 build v10.0.3rc0 (linux64)
Copyright (c) 2023, Gurobi Optimization, LLC

Read MPS format model from file RCPSP_1309.mps
Reading time = 0.05 seconds
RCPSP_1309: 42975 rows, 17020 columns, 134609 nonzeros

CPU model: Intel(R) Xeon(R) Gold 6130 CPU @ 2.10GHz, instruction set [SSE2|AVX|AVX2|AVX512]
Thread count: 32 physical cores, 32 logical processors, using up to 32 threads

Optimize a model with 42975 rows, 17020 columns and 134609 nonzeros
Model fingerprint: 0x3f161d96
Variable types: 92 continuous, 16928 integer (16928 binary)
Coefficient statistics:
  Matrix range     [1e+00, 5e+02]
  Objective range  [1e+00, 1e+00]
  Bounds range     [1e+00, 1e+00]
  RHS range        [1e+00, 5e+02]
Presolve removed 7284 rows and 1313 columns (presolve time = 5s) ...
Presolve removed 8483 rows and 2239 columns
Presolve time: 5.49s
Presolved: 34492 rows, 14781 columns, 111551 nonzeros
Variable types: 91 continuous, 14690 integer (14690 binary)

Deterministic concurrent LP optimizer: primal and dual simplex (primal and dual model)
Showing first log only...

Root relaxation presolved: 34492 rows, 14781 columns, 111551 nonzeros


Root simplex log...

Iteration    Objective       Primal Inf.    Dual Inf.      Time
       0    7.7251643e+01   7.705598e-03   2.726953e+08      7s
    1885    7.6000000e+01   0.000000e+00   0.000000e+00      7s
Concurrent spin time: 0.30s

Solved with dual simplex (dual model)

Root relaxation: objective 7.600000e+01, 15970 iterations, 1.42 seconds (0.13 work units)

    Nodes    |    Current Node    |     Objective Bounds      |     Work
 Expl Unexpl |  Obj  Depth IntInf | Incumbent    BestBd   Gap | It/Node Time

     0     0   76.00000    0    4          -   76.00000      -     -    9s
H    0     0                      77.0000000   76.00000  1.30%     -   21s
     0     0   76.00000    0    4   77.00000   76.00000  1.30%     -   21s
H    0     0                      76.0000000   76.00000  0.00%     -   34s
     0     0   76.00000    0    2   76.00000   76.00000  0.00%     -   34s

Explored 1 nodes (24332 simplex iterations) in 35.20 seconds (5.46 work units)
Thread count was 32 (of 32 available processors)

Solution count 2: 76 77 

Optimal solution found (tolerance 1.00e-04)
Best objective 7.600000000000e+01, best bound 7.600000000000e+01, gap 0.0000%

Wrote result file 'RCPSP_1309.sol'

