
Gurobi 10.0.3 (linux64, gurobi_cl) logging started Thu Nov  9 11:48:05 2023

Set parameter Username
Set parameter TimeLimit to value 3600
Set parameter LogFile to value "RCPSP_1068.log"
Set parameter Threads to value 32
Academic license - for non-commercial use only - expires 2024-10-30
Using license file /home/jrivera6/gurobi-licenses/v1003/compute-0-37/gurobi.lic

Gurobi Optimizer version 10.0.3 build v10.0.3rc0 (linux64)
Copyright (c) 2023, Gurobi Optimization, LLC

Read MPS format model from file RCPSP_1068.mps
Reading time = 0.36 seconds
RCPSP_1068: 42919 rows, 17020 columns, 151024 nonzeros

CPU model: Intel(R) Xeon(R) Gold 6242 CPU @ 2.80GHz, instruction set [SSE2|AVX|AVX2|AVX512]
Thread count: 32 physical cores, 32 logical processors, using up to 32 threads

Optimize a model with 42919 rows, 17020 columns and 151024 nonzeros
Model fingerprint: 0x0161eda7
Variable types: 92 continuous, 16928 integer (16928 binary)
Coefficient statistics:
  Matrix range     [1e+00, 5e+02]
  Objective range  [1e+00, 1e+00]
  Bounds range     [1e+00, 1e+00]
  RHS range        [1e+00, 5e+02]
Presolve removed 7380 rows and 1689 columns
Presolve time: 2.37s
Presolved: 35539 rows, 15331 columns, 131141 nonzeros
Variable types: 91 continuous, 15240 integer (15240 binary)

Deterministic concurrent LP optimizer: primal and dual simplex (primal and dual model)
Showing first log only...

Root relaxation presolved: 35539 rows, 15331 columns, 131141 nonzeros

Concurrent spin time: 0.43s

Solved with dual simplex (primal model)

Root relaxation: objective 8.200000e+01, 5534 iterations, 1.39 seconds (0.14 work units)
Total elapsed time = 5.34s

    Nodes    |    Current Node    |     Objective Bounds      |     Work
 Expl Unexpl |  Obj  Depth IntInf | Incumbent    BestBd   Gap | It/Node Time

     0     0   82.00000    0    8          -   82.00000      -     -    5s
     0     0   82.00000    0    6          -   82.00000      -     -   15s
     0     0   82.00000    0    8          -   82.00000      -     -   15s
H    0     0                      82.0000000   82.00000  0.00%     -   18s
     0     0   82.00000    0    2   82.00000   82.00000  0.00%     -   18s

Cutting planes:
  Gomory: 8
  Implied bound: 6
  MIR: 6
  StrongCG: 1
  RLT: 8
  Relax-and-lift: 14

Explored 1 nodes (14842 simplex iterations) in 18.39 seconds (3.67 work units)
Thread count was 32 (of 32 available processors)

Solution count 1: 82 

Optimal solution found (tolerance 1.00e-04)
Best objective 8.200000000000e+01, best bound 8.200000000000e+01, gap 0.0000%

Wrote result file 'RCPSP_1068.sol'

