
Gurobi 10.0.3 (linux64, gurobi_cl) logging started Thu Nov  2 11:38:57 2023

Set parameter Username
Set parameter TimeLimit to value 3600
Set parameter LogFile to value "RCPSP_825.log"
Set parameter Threads to value 32
Academic license - for non-commercial use only - expires 2024-10-30
Using license file /home/jrivera6/gurobi-licenses/v1003/compute-0-35/gurobi.lic

Gurobi Optimizer version 10.0.3 build v10.0.3rc0 (linux64)
Copyright (c) 2023, Gurobi Optimization, LLC

Read MPS format model from file RCPSP_825.mps
Reading time = 0.07 seconds
RCPSP_825: 19662 rows, 7750 columns, 60956 nonzeros

CPU model: Intel(R) Xeon(R) Gold 6130 CPU @ 2.10GHz, instruction set [SSE2|AVX|AVX2|AVX512]
Thread count: 32 physical cores, 32 logical processors, using up to 32 threads

Optimize a model with 19662 rows, 7750 columns and 60956 nonzeros
Model fingerprint: 0x2b4c36b9
Variable types: 62 continuous, 7688 integer (7688 binary)
Coefficient statistics:
  Matrix range     [1e+00, 3e+02]
  Objective range  [1e+00, 1e+00]
  Bounds range     [1e+00, 1e+00]
  RHS range        [1e+00, 3e+02]
Presolve removed 8232 rows and 3121 columns
Presolve time: 3.88s
Presolved: 11430 rows, 4629 columns, 36172 nonzeros
Variable types: 61 continuous, 4568 integer (4568 binary)

Root relaxation: objective 7.500000e+01, 1394 iterations, 0.02 seconds (0.01 work units)

    Nodes    |    Current Node    |     Objective Bounds      |     Work
 Expl Unexpl |  Obj  Depth IntInf | Incumbent    BestBd   Gap | It/Node Time

     0     0   75.00000    0    6          -   75.00000      -     -    4s
     0     0   75.00000    0  104          -   75.00000      -     -    6s
     0     0   75.00000    0  102          -   75.00000      -     -    6s
     0     0   75.00000    0    4          -   75.00000      -     -    8s
H    0     0                      75.0000000   75.00000  0.00%     -    8s
     0     0   75.00000    0  134   75.00000   75.00000  0.00%     -    8s

Cutting planes:
  Gomory: 6
  Implied bound: 38
  MIR: 69
  StrongCG: 1
  RLT: 81
  Relax-and-lift: 22

Explored 1 nodes (4918 simplex iterations) in 8.57 seconds (3.29 work units)
Thread count was 32 (of 32 available processors)

Solution count 1: 75 

Optimal solution found (tolerance 1.00e-04)
Best objective 7.500000000000e+01, best bound 7.500000000000e+01, gap 0.0000%

Wrote result file 'RCPSP_825.sol'

