
Gurobi 10.0.3 (linux64, gurobi_cl) logging started Thu Nov  9 12:53:40 2023

Set parameter Username
Set parameter TimeLimit to value 3600
Set parameter LogFile to value "RCPSP_1393.log"
Set parameter Threads to value 32
Academic license - for non-commercial use only - expires 2024-10-30
Using license file /home/jrivera6/gurobi-licenses/v1003/compute-0-37/gurobi.lic

Gurobi Optimizer version 10.0.3 build v10.0.3rc0 (linux64)
Copyright (c) 2023, Gurobi Optimization, LLC

Read MPS format model from file RCPSP_1393.mps
Reading time = 0.07 seconds
RCPSP_1393: 42975 rows, 17020 columns, 151080 nonzeros

CPU model: Intel(R) Xeon(R) Gold 6242 CPU @ 2.80GHz, instruction set [SSE2|AVX|AVX2|AVX512]
Thread count: 32 physical cores, 32 logical processors, using up to 32 threads

Optimize a model with 42975 rows, 17020 columns and 151080 nonzeros
Model fingerprint: 0xd5968134
Variable types: 92 continuous, 16928 integer (16928 binary)
Coefficient statistics:
  Matrix range     [1e+00, 5e+02]
  Objective range  [1e+00, 1e+00]
  Bounds range     [1e+00, 1e+00]
  RHS range        [1e+00, 5e+02]
Found heuristic solution: objective 110.0000000
Presolve removed 7284 rows and 1313 columns (presolve time = 5s) ...
Presolve removed 10181 rows and 4018 columns
Presolve time: 6.06s
Presolved: 32794 rows, 13002 columns, 116509 nonzeros
Variable types: 91 continuous, 12911 integer (12911 binary)

Explored 0 nodes (0 simplex iterations) in 6.15 seconds (5.30 work units)
Thread count was 32 (of 32 available processors)

Solution count 1: 110 

Optimal solution found (tolerance 1.00e-04)
Best objective 1.100000000000e+02, best bound 1.100000000000e+02, gap 0.0000%

Wrote result file 'RCPSP_1393.sol'

