
Gurobi 10.0.3 (linux64, gurobi_cl) logging started Thu Nov  2 11:33:56 2023

Set parameter Username
Set parameter TimeLimit to value 3600
Set parameter LogFile to value "RCPSP_138.log"
Set parameter Threads to value 32
Academic license - for non-commercial use only - expires 2024-10-30
Using license file /home/jrivera6/gurobi-licenses/v1003/compute-0-38/gurobi.lic

Gurobi Optimizer version 10.0.3 build v10.0.3rc0 (linux64)
Copyright (c) 2023, Gurobi Optimization, LLC

Read MPS format model from file RCPSP_138.mps
Reading time = 0.01 seconds
RCPSP_138: 5329 rows, 2080 columns, 18873 nonzeros

CPU model: Intel(R) Xeon(R) Gold 6242 CPU @ 2.80GHz, instruction set [SSE2|AVX|AVX2|AVX512]
Thread count: 32 physical cores, 32 logical processors, using up to 32 threads

Optimize a model with 5329 rows, 2080 columns and 18873 nonzeros
Model fingerprint: 0x902c4bfa
Variable types: 32 continuous, 2048 integer (2048 binary)
Coefficient statistics:
  Matrix range     [1e+00, 2e+02]
  Objective range  [1e+00, 1e+00]
  Bounds range     [1e+00, 1e+00]
  RHS range        [1e+00, 2e+02]
Presolve removed 2452 rows and 903 columns
Presolve time: 0.15s
Presolved: 2877 rows, 1177 columns, 10678 nonzeros
Variable types: 31 continuous, 1146 integer (1146 binary)

Root relaxation: objective 5.400000e+01, 397 iterations, 0.00 seconds (0.00 work units)

    Nodes    |    Current Node    |     Objective Bounds      |     Work
 Expl Unexpl |  Obj  Depth IntInf | Incumbent    BestBd   Gap | It/Node Time

     0     0   54.00000    0    4          -   54.00000      -     -    0s
     0     0   54.00000    0   22          -   54.00000      -     -    0s
     0     0   54.00000    0   14          -   54.00000      -     -    0s
     0     0   54.00000    0   16          -   54.00000      -     -    0s
     0     0   54.00000    0    8          -   54.00000      -     -    0s
     0     0   54.00000    0   18          -   54.00000      -     -    0s
H    0     0                      54.0000000   54.00000  0.00%     -    0s
     0     0   54.00000    0   56   54.00000   54.00000  0.00%     -    0s

Cutting planes:
  Gomory: 1
  Cover: 4
  Implied bound: 18
  MIR: 90
  StrongCG: 3
  RLT: 26
  Relax-and-lift: 29

Explored 1 nodes (1400 simplex iterations) in 0.82 seconds (0.27 work units)
Thread count was 32 (of 32 available processors)

Solution count 1: 54 

Optimal solution found (tolerance 1.00e-04)
Best objective 5.400000000000e+01, best bound 5.400000000000e+01, gap 0.0000%

Wrote result file 'RCPSP_138.sol'

