
Gurobi 10.0.3 (linux64, gurobi_cl) logging started Thu Nov  2 11:38:47 2023

Set parameter Username
Set parameter TimeLimit to value 3600
Set parameter LogFile to value "RCPSP_820.log"
Set parameter Threads to value 32
Academic license - for non-commercial use only - expires 2024-10-30
Using license file /home/jrivera6/gurobi-licenses/v1003/compute-0-39/gurobi.lic

Gurobi Optimizer version 10.0.3 build v10.0.3rc0 (linux64)
Copyright (c) 2023, Gurobi Optimization, LLC

Read MPS format model from file RCPSP_820.mps
Reading time = 0.03 seconds
RCPSP_820: 19662 rows, 7750 columns, 60956 nonzeros

CPU model: Intel(R) Xeon(R) Gold 6242 CPU @ 2.80GHz, instruction set [SSE2|AVX|AVX2|AVX512]
Thread count: 32 physical cores, 32 logical processors, using up to 32 threads

Optimize a model with 19662 rows, 7750 columns and 60956 nonzeros
Model fingerprint: 0x75f1872d
Variable types: 62 continuous, 7688 integer (7688 binary)
Coefficient statistics:
  Matrix range     [1e+00, 4e+02]
  Objective range  [1e+00, 1e+00]
  Bounds range     [1e+00, 1e+00]
  RHS range        [1e+00, 4e+02]
Presolve removed 9569 rows and 3682 columns
Presolve time: 4.12s
Presolved: 10093 rows, 4068 columns, 31855 nonzeros
Variable types: 61 continuous, 4007 integer (4007 binary)

Root relaxation: objective 9.200000e+01, 1320 iterations, 0.02 seconds (0.01 work units)

    Nodes    |    Current Node    |     Objective Bounds      |     Work
 Expl Unexpl |  Obj  Depth IntInf | Incumbent    BestBd   Gap | It/Node Time

     0     0   92.00000    0   11          -   92.00000      -     -    4s
     0     0   92.00000    0  145          -   92.00000      -     -    6s
     0     0   92.00000    0  140          -   92.00000      -     -    6s
     0     0   92.00000    0    6          -   92.00000      -     -    7s
     0     0   92.00000    0   10          -   92.00000      -     -    7s
H    0     0                      92.0000000   92.00000  0.00%     -    7s
     0     0   92.00000    0  183   92.00000   92.00000  0.00%     -    7s

Cutting planes:
  Gomory: 6
  Cover: 1
  Implied bound: 53
  MIR: 68
  RLT: 34
  Relax-and-lift: 88

Explored 1 nodes (4837 simplex iterations) in 7.69 seconds (3.60 work units)
Thread count was 32 (of 32 available processors)

Solution count 1: 92 

Optimal solution found (tolerance 1.00e-04)
Best objective 9.200000000000e+01, best bound 9.200000000000e+01, gap 0.0000%

Wrote result file 'RCPSP_820.sol'

