
Gurobi 10.0.3 (linux64, gurobi_cl) logging started Thu Nov  2 11:33:58 2023

Set parameter Username
Set parameter TimeLimit to value 3600
Set parameter LogFile to value "RCPSP_53.log"
Set parameter Threads to value 32
Academic license - for non-commercial use only - expires 2024-10-30
Using license file /home/jrivera6/gurobi-licenses/v1003/compute-0-35/gurobi.lic

Gurobi Optimizer version 10.0.3 build v10.0.3rc0 (linux64)
Copyright (c) 2023, Gurobi Optimization, LLC

Read MPS format model from file RCPSP_53.mps
Reading time = 0.01 seconds
RCPSP_53: 5329 rows, 2080 columns, 17044 nonzeros

CPU model: Intel(R) Xeon(R) Gold 6130 CPU @ 2.10GHz, instruction set [SSE2|AVX|AVX2|AVX512]
Thread count: 32 physical cores, 32 logical processors, using up to 32 threads

Optimize a model with 5329 rows, 2080 columns and 17044 nonzeros
Model fingerprint: 0xba86ad00
Variable types: 32 continuous, 2048 integer (2048 binary)
Coefficient statistics:
  Matrix range     [1e+00, 2e+02]
  Objective range  [1e+00, 1e+00]
  Bounds range     [1e+00, 1e+00]
  RHS range        [1e+00, 2e+02]
Presolve removed 2530 rows and 939 columns
Presolve time: 0.19s
Presolved: 2799 rows, 1141 columns, 9233 nonzeros
Variable types: 31 continuous, 1110 integer (1110 binary)

Root relaxation: objective 4.500000e+01, 411 iterations, 0.00 seconds (0.00 work units)

    Nodes    |    Current Node    |     Objective Bounds      |     Work
 Expl Unexpl |  Obj  Depth IntInf | Incumbent    BestBd   Gap | It/Node Time

     0     0   45.00000    0   12          -   45.00000      -     -    0s
     0     0   45.00000    0   84          -   45.00000      -     -    0s
     0     0   45.00000    0   83          -   45.00000      -     -    0s
     0     0   45.00000    0   29          -   45.00000      -     -    0s
     0     0   45.00000    0   29          -   45.00000      -     -    0s
     0     0   45.00000    0   14          -   45.00000      -     -    1s
     0     0   45.00000    0   60          -   45.00000      -     -    1s
     0     0   45.00000    0   24          -   45.00000      -     -    1s
     0     0   45.00000    0   34          -   45.00000      -     -    1s
     0     0   45.00000    0   12          -   45.00000      -     -    1s
H    0     0                     162.0000000   45.00000  72.2%     -    1s
     0     0   45.00000    0   12  162.00000   45.00000  72.2%     -    2s
     0     2   45.00000    0   12  162.00000   45.00000  72.2%     -    2s
    44    52   45.00000    6   73  162.00000   45.00000  72.2%   100   11s
H   65    52                      55.0000000   45.00000  18.2%  82.1   11s
H   80    47                      54.0000000   45.00000  16.7%  77.7   13s
   139    62   47.00000    8   83   54.00000   45.00000  16.7%  58.0   16s
H  155    62                      53.0000000   45.00000  15.1%  55.4   16s
H  157    62                      52.0000000   45.00000  13.5%  55.0   16s
H  230    87                      49.0000000   45.00000  8.16%  52.0   34s
H  235    87                      48.0000000   45.00000  6.25%  52.2   35s
  1230   151 infeasible   15        48.00000   45.00000  6.25%  30.4   40s
* 2384    97              34      48.0000000   45.50000  5.21%  25.9   42s

Cutting planes:
  Gomory: 20
  Cover: 574
  Implied bound: 222
  MIR: 229
  StrongCG: 4
  Inf proof: 22
  Zero half: 6
  Mod-K: 2
  RLT: 101
  Relax-and-lift: 55

Explored 2767 nodes (73781 simplex iterations) in 43.59 seconds (1.70 work units)
Thread count was 32 (of 32 available processors)

Solution count 8: 48 48 49 ... 162

Optimal solution found (tolerance 1.00e-04)
Best objective 4.799999999510e+01, best bound 4.799999999510e+01, gap 0.0000%

Wrote result file 'RCPSP_53.sol'

