
Gurobi 10.0.3 (linux64, gurobi_cl) logging started Fri Nov 10 17:26:39 2023

Set parameter Username
Set parameter TimeLimit to value 3600
Set parameter LogFile to value "RCPSP_1550.log"
Set parameter Threads to value 32
Academic license - for non-commercial use only - expires 2024-10-30
Using license file /home/jrivera6/gurobi-licenses/v1003/compute-0-37/gurobi.lic

Gurobi Optimizer version 10.0.3 build v10.0.3rc0 (linux64)
Copyright (c) 2023, Gurobi Optimization, LLC

Read MPS format model from file RCPSP_1550.mps
Reading time = 1.04 seconds
RCPSP_1550: 75214 rows, 29890 columns, 266028 nonzeros

CPU model: Intel(R) Xeon(R) Gold 6242 CPU @ 2.80GHz, instruction set [SSE2|AVX|AVX2|AVX512]
Thread count: 32 physical cores, 32 logical processors, using up to 32 threads

Optimize a model with 75214 rows, 29890 columns and 266028 nonzeros
Model fingerprint: 0xe7564d27
Variable types: 122 continuous, 29768 integer (29768 binary)
Coefficient statistics:
  Matrix range     [1e+00, 7e+02]
  Objective range  [1e+00, 1e+00]
  Bounds range     [1e+00, 1e+00]
  RHS range        [1e+00, 7e+02]
Presolve removed 13056 rows and 2403 columns (presolve time = 5s) ...
Presolve removed 15084 rows and 3180 columns
Presolve time: 6.27s
Presolved: 60130 rows, 26710 columns, 223318 nonzeros
Variable types: 121 continuous, 26589 integer (26589 binary)

Deterministic concurrent LP optimizer: primal and dual simplex (primal and dual model)
Showing first log only...

Root relaxation presolved: 60125 rows, 26715 columns, 223308 nonzeros


Root simplex log...

Iteration    Objective       Primal Inf.    Dual Inf.      Time
       0    9.0083905e+01   4.932286e-03   8.922462e+07      8s
    4753    9.0000000e+01   0.000000e+00   0.000000e+00      9s
    4753    9.0000000e+01   0.000000e+00   0.000000e+00     10s
Concurrent spin time: 3.30s

Solved with primal simplex (primal model)

Root relaxation: objective 9.000000e+01, 4753 iterations, 5.96 seconds (0.49 work units)
Total elapsed time = 17.86s
Total elapsed time = 24.70s
Total elapsed time = 28.75s
Total elapsed time = 36.09s

    Nodes    |    Current Node    |     Objective Bounds      |     Work
 Expl Unexpl |  Obj  Depth IntInf | Incumbent    BestBd   Gap | It/Node Time

     0     0   90.00000    0 1064          -   90.00000      -     -   60s
     0     0   90.00000    0 1060          -   90.00000      -     -   60s
     0     0   90.00000    0 1922          -   90.00000      -     -  120s
     0     0   90.00000    0 2282          -   90.00000      -     -  135s
     0     0   90.00000    0 2388          -   90.00000      -     -  153s
     0     0   90.00000    0 2198          -   90.00000      -     -  157s
     0     0   90.00000    0 2195          -   90.00000      -     -  158s
     0     0   90.01215    0 1623          -   90.01215      -     -  247s
     0     0   90.01215    0 1920          -   90.01215      -     -  255s
     0     0   90.01215    0 1917          -   90.01215      -     -  256s
     0     0   91.00000    0 1877          -   91.00000      -     -  329s
     0     0   91.00000    0 1875          -   91.00000      -     -  329s
     0     0   91.00000    0 2149          -   91.00000      -     -  353s
     0     0   91.00000    0 2227          -   91.00000      -     -  359s
     0     0   91.00000    0 2237          -   91.00000      -     -  403s
     0     0   91.00000    0 2163          -   91.00000      -     -  404s
     0     0   91.00000    0 2482          -   91.00000      -     -  427s
     0     0   91.00000    0 2414          -   91.00000      -     -  428s
     0     0   91.00000    0 2531          -   91.00000      -     -  483s
     0     0   91.00000    0 2391          -   91.00000      -     -  493s
     0     0   91.00000    0 2239          -   91.00000      -     -  497s
     0     0   91.00000    0 2704          -   91.00000      -     -  512s
     0     0   91.00000    0 1054          -   91.00000      -     -  561s
     0     0   91.00000    0 1435          -   91.00000      -     -  567s
     0     0   91.00000    0 2378          -   91.00000      -     -  697s
     0     0   91.00000    0 2373          -   91.00000      -     -  697s
     0     0   91.00000    0 2485          -   91.00000      -     -  728s
     0     0   91.00000    0 2489          -   91.00000      -     -  739s
     0     0   91.00000    0 2321          -   91.00000      -     -  744s
     0     0   91.00000    0 2341          -   91.00000      -     -  754s
     0     0   91.00000    0 2182          -   91.00000      -     -  757s
     0     0   91.00000    0 1811          -   91.00000      -     -  883s
     0     0   91.00000    0 2220          -   91.00000      -     -  937s
     0     0   91.00000    0 2130          -   91.00000      -     -  942s
     0     0   91.00000    0 2118          -   91.00000      -     -  943s
     0     0   91.00000    0 2498          -   91.00000      -     -  969s
     0     0   91.00000    0 2529          -   91.00000      -     -  975s
     0     0   91.00000    0 2489          -   91.00000      -     -  980s
     0     0   91.00000    0 2490          -   91.00000      -     -  984s
     0     0   91.00000    0 2715          -   91.00000      -     - 1024s
     0     0   91.00000    0 2549          -   91.00000      -     - 1031s
     0     0   91.00000    0 2545          -   91.00000      -     - 1036s
     0     0   91.00000    0 2713          -   91.00000      -     - 1045s
     0     0   91.00000    0 2556          -   91.00000      -     - 1049s
     0     0   91.00000    0 2482          -   91.00000      -     - 1052s
     0     0   91.00000    0 1521          -   91.00000      -     - 1108s
     0     0   91.00000    0 2191          -   91.00000      -     - 1170s
     0     0   91.00000    0 2193          -   91.00000      -     - 1174s
     0     0   91.00000    0 2082          -   91.00000      -     - 1176s
     0     0   91.00000    0 2076          -   91.00000      -     - 1176s
     0     0   91.00000    0 1474          -   91.00000      -     - 1228s
     0     0   91.00000    0 1472          -   91.00000      -     - 1228s
     0     0   91.00000    0 2231          -   91.00000      -     - 1256s
     0     0   91.00000    0 2310          -   91.00000      -     - 1260s
     0     0   91.00000    0 2113          -   91.00000      -     - 1261s
     0     0   91.00000    0 1551          -   91.00000      -     - 1317s
     0     0   91.00000    0 1549          -   91.00000      -     - 1317s
     0     0   91.00000    0 2351          -   91.00000      -     - 1339s
     0     0   91.00000    0 2316          -   91.00000      -     - 1341s
     0     0   91.00000    0 2315          -   91.00000      -     - 1342s
     0     0   91.00000    0 1580          -   91.00000      -     - 1454s
     0     0   91.00000    0 1574          -   91.00000      -     - 1454s
     0     0   91.00000    0 1574          -   91.00000      -     - 1821s
     0     1   91.00000    0 1399          -   91.00000      -     - 2236s
     2     5   91.00000    2 1433          -   91.00000      -  4182 3207s
     3     4   91.00000    2 2073          -   91.00000      -  3415 3290s
     4     6   91.00000    3 2406          -   91.00000      -  3621 4286s

Cutting planes:
  Learned: 2
  Gomory: 23
  Cover: 64
  Implied bound: 123
  Clique: 24
  MIR: 2459
  StrongCG: 8
  Zero half: 1
  RLT: 519
  Relax-and-lift: 402

Explored 6 nodes (432934 simplex iterations) in 4293.07 seconds (180.06 work units)
Thread count was 32 (of 32 available processors)

Solution count 0

Time limit reached
Best objective -, best bound 9.100000000000e+01, gap -

Unable to retrieve attribute 'X'

