
Gurobi 10.0.3 (linux64, gurobi_cl) logging started Thu Nov  2 11:34:20 2023

Set parameter Username
Set parameter TimeLimit to value 3600
Set parameter LogFile to value "RCPSP_509.log"
Set parameter Threads to value 32
Academic license - for non-commercial use only - expires 2024-10-30
Using license file /home/jrivera6/gurobi-licenses/v1003/compute-0-34/gurobi.lic

Gurobi Optimizer version 10.0.3 build v10.0.3rc0 (linux64)
Copyright (c) 2023, Gurobi Optimization, LLC

Read MPS format model from file RCPSP_509.mps
Reading time = 0.02 seconds
RCPSP_509: 19624 rows, 7750 columns, 60918 nonzeros

CPU model: Intel(R) Xeon(R) Gold 6130 CPU @ 2.10GHz, instruction set [SSE2|AVX|AVX2|AVX512]
Thread count: 32 physical cores, 32 logical processors, using up to 32 threads

Optimize a model with 19624 rows, 7750 columns and 60918 nonzeros
Model fingerprint: 0xd40a5f7e
Variable types: 62 continuous, 7688 integer (7688 binary)
Coefficient statistics:
  Matrix range     [1e+00, 3e+02]
  Objective range  [1e+00, 1e+00]
  Bounds range     [1e+00, 1e+00]
  RHS range        [1e+00, 3e+02]
Presolve removed 6898 rows and 2361 columns
Presolve time: 2.48s
Presolved: 12726 rows, 5389 columns, 41002 nonzeros
Variable types: 61 continuous, 5328 integer (5328 binary)

Root relaxation: objective 6.300000e+01, 1834 iterations, 0.05 seconds (0.02 work units)

    Nodes    |    Current Node    |     Objective Bounds      |     Work
 Expl Unexpl |  Obj  Depth IntInf | Incumbent    BestBd   Gap | It/Node Time

     0     0   63.00000    0    5          -   63.00000      -     -    2s
     0     0   64.00000    0    3          -   64.00000      -     -    2s
H    0     0                      67.0000000   64.00000  4.48%     -    3s

Explored 1 nodes (3841 simplex iterations) in 4.07 seconds (1.99 work units)
Thread count was 32 (of 32 available processors)

Solution count 1: 67 

Optimal solution found (tolerance 1.00e-04)
Best objective 6.700000000000e+01, best bound 6.700000000000e+01, gap 0.0000%

Wrote result file 'RCPSP_509.sol'

