
Gurobi 10.0.3 (linux64, gurobi_cl) logging started Thu Nov  2 11:50:17 2023

Set parameter Username
Set parameter TimeLimit to value 3600
Set parameter LogFile to value "RCPSP_938.log"
Set parameter Threads to value 32
Academic license - for non-commercial use only - expires 2024-10-30
Using license file /home/jrivera6/gurobi-licenses/v1003/compute-0-39/gurobi.lic

Gurobi Optimizer version 10.0.3 build v10.0.3rc0 (linux64)
Copyright (c) 2023, Gurobi Optimization, LLC

Read MPS format model from file RCPSP_938.mps
Reading time = 0.03 seconds
RCPSP_938: 19662 rows, 7750 columns, 71936 nonzeros

CPU model: Intel(R) Xeon(R) Gold 6242 CPU @ 2.80GHz, instruction set [SSE2|AVX|AVX2|AVX512]
Thread count: 32 physical cores, 32 logical processors, using up to 32 threads

Optimize a model with 19662 rows, 7750 columns and 71936 nonzeros
Model fingerprint: 0x6b75c885
Variable types: 62 continuous, 7688 integer (7688 binary)
Coefficient statistics:
  Matrix range     [1e+00, 3e+02]
  Objective range  [1e+00, 1e+00]
  Bounds range     [1e+00, 1e+00]
  RHS range        [1e+00, 4e+02]
Presolve removed 9389 rows and 3593 columns
Presolve time: 4.54s
Presolved: 10273 rows, 4157 columns, 38786 nonzeros
Variable types: 61 continuous, 4096 integer (4096 binary)

Root relaxation: objective 7.200000e+01, 1369 iterations, 0.02 seconds (0.01 work units)

    Nodes    |    Current Node    |     Objective Bounds      |     Work
 Expl Unexpl |  Obj  Depth IntInf | Incumbent    BestBd   Gap | It/Node Time

     0     0   72.00000    0   42          -   72.00000      -     -    4s
     0     0   72.00000    0  149          -   72.00000      -     -    6s
     0     0   72.00000    0  144          -   72.00000      -     -    8s
     0     0   72.00000    0   48          -   72.00000      -     -    9s
     0     0   72.00000    0   54          -   72.00000      -     -    9s
     0     0   72.00000    0   40          -   72.00000      -     -   10s
     0     0   72.00000    0   38          -   72.00000      -     -   10s
     0     0   72.00000    0   28          -   72.00000      -     -   11s
     0     0   72.00000    0   57          -   72.00000      -     -   11s
     0     0   72.00000    0   44          -   72.00000      -     -   12s
     0     0   72.00000    0  123          -   72.00000      -     -   12s
     0     0   72.00000    0   68          -   72.00000      -     -   14s
H    0     0                     347.0000000   72.00000  79.3%     -   14s
     0     0   72.00000    0   64  347.00000   72.00000  79.3%     -   14s
H    0     0                     334.0000000   72.00000  78.4%     -   16s
H    0     2                     307.0000000   72.00000  76.5%     -   21s
     0     2   72.00000    0   64  307.00000   72.00000  76.5%     -   21s
    11    18   72.00000    4  170  307.00000   72.00000  76.5%   152   26s
H   39    46                     273.0000000   72.00000  73.6%   148   48s
H   42    46                     260.0000000   72.00000  72.3%   141   48s
H   47    46                     258.0000000   72.00000  72.1%   131   48s
H   59    46                     252.0000000   72.00000  71.4%   115   48s
    68    71   72.00000    7  140  252.00000   72.00000  71.4%   122   50s
   100   100   72.00000    8  152  252.00000   72.00000  71.4%   121   63s
   164   163   72.00000   10   85  252.00000   72.00000  71.4%  96.7   68s
   256   262   72.00000   12   67  252.00000   72.00000  71.4%  84.1   71s
   523   563   72.00000   16  125  252.00000   72.00000  71.4%  51.5   75s
  1015  1035   72.00000   19  114  252.00000   72.00000  71.4%  34.1   80s
H 1157  1063                     204.0000000   72.00000  64.7%  32.4   96s
H 1159  1063                     202.0000000   72.00000  64.4%  32.4   96s
H 1164  1063                     192.0000000   72.00000  62.5%  32.7   96s
H 1183  1063                     189.0000000   72.00000  61.9%  32.5   96s
  1193  1184   72.00000   21  174  189.00000   72.00000  61.9%  32.6  101s
H 1349  1212                     123.0000000   72.00000  41.5%  32.3  140s
H 1352  1212                     122.0000000   72.00000  41.0%  32.3  140s
H 1359  1212                     117.0000000   72.00000  38.5%  32.4  140s
  1381  1237   72.00000   23  166  117.00000   72.00000  38.5%  32.3  197s
H 1382  1237                     111.0000000   72.00000  35.1%  32.3  197s
H 1386  1237                     110.0000000   72.00000  34.5%  32.2  197s
H 1393  1237                     109.0000000   72.00000  33.9%  32.2  197s
H 1397  1237                      96.0000000   72.00000  25.0%  32.2  197s
  1579  1481   72.00000   25  171   96.00000   72.00000  25.0%  31.1  200s
  1714  1675   72.00000   26  167   96.00000   72.00000  25.0%  31.1  205s
  2158  1941   72.00000   37   51   96.00000   72.00000  25.0%  29.1  210s
H 2900  2054                      87.0000000   72.00000  17.2%  25.4  214s
H 2932  2054                      86.0000000   72.00000  16.3%  25.2  214s
  3057  2057   75.00000   46  176   86.00000   72.00000  16.3%  24.9  216s
  3414  2356   80.00000   53  175   86.00000   72.00000  16.3%  24.2  220s
  3747  2764   80.00000   64  147   86.00000   72.00000  16.3%  25.1  226s
  4274  2765   81.00000   98   64   86.00000   72.00000  16.3%  24.0  241s
H 4276  2627                      85.0000000   72.00000  15.3%  24.0  243s
  4279  2629   78.00000   54   65   85.00000   72.00000  15.3%  24.0  246s
H 4282  2499                      84.0000000   72.00000  14.3%  24.0  251s
H 4282  2374                      82.0000000   72.00000  12.2%  24.0  251s
  4285  2376   81.00000   12   45   82.00000   72.00000  12.2%  23.9  256s
H 4285  2257                      81.0000000   72.00000  11.1%  23.9  257s
  4288  2259   74.00000   18  113   81.00000   72.00000  11.1%  23.9  260s
  4292  2265   72.00000   14   29   81.00000   72.00000  11.1%  32.1  268s
  4294  2268   72.00000   15   38   81.00000   72.00000  11.1%  32.0  270s
  4321  2303   73.00000   18   36   81.00000   72.00000  11.1%  32.2  276s
  4380  2343   73.00000   20   36   81.00000   72.00000  11.1%  32.2  365s
H 4383  2229                      80.0000000   72.00000  10.0%  32.2  365s
H 4384  2120                      78.0000000   72.00000  7.69%  32.2  365s
H 4394  2015                      76.0000000   72.00000  5.26%  32.1  365s
  4412  2002   73.00000   20  123   76.00000   72.00000  5.26%  32.1  384s
  4444  1986   73.00000   21   35   76.00000   72.00000  5.26%  32.0  385s
  4476  1971     cutoff   21        76.00000   72.00000  5.26%  31.9  390s
  4623  2024   73.00000   24   64   76.00000   72.00000  5.26%  32.7  398s
  4675  2048   74.00000   24   44   76.00000   72.00000  5.26%  33.1  402s
  4784  2092   74.00000   26   44   76.00000   72.00000  5.26%  33.3  406s
  4846  2110   74.00000   27   34   76.00000   72.00000  5.26%  33.3  410s
  4978  2156   74.00000   31   32   76.00000   72.00000  5.26%  33.3  416s
  5171  2241   74.00000   34   60   76.00000   72.00000  5.26%  33.2  422s
  5314  2262   74.00000   37   48   76.00000   72.00000  5.26%  33.1  425s
  5576  2285   74.00000   41   63   76.00000   72.00000  5.26%  32.9  435s
  5884  2379     cutoff   46        76.00000   72.00000  5.26%  33.0  443s
  6115  2409   74.00000   50   76   76.00000   72.00000  5.26%  32.9  447s
  6337  2440   74.00000   54   72   76.00000   72.00000  5.26%  32.6  453s
  6583  2470   74.00000   59   59   76.00000   72.00000  5.26%  33.2  459s
  6795  2493   74.00000   63   56   76.00000   72.00000  5.26%  33.9  464s
  6972  2558   75.00000   67  152   76.00000   72.00000  5.26%  34.2  470s
  7197  2613   75.00000   69  136   76.00000   72.00000  5.26%  34.4  476s
  7440  2829   75.00000   72   69   76.00000   72.00000  5.26%  34.6  482s
  7932  3219 infeasible   79        76.00000   72.00000  5.26%  34.6  488s
  8986  3316   75.00000   98   24   76.00000   72.00000  5.26%  33.6  496s
  9989  3162   72.00000   35   32   76.00000   72.00000  5.26%  33.1  507s
 10282  4198   72.00000   48   41   76.00000   72.00000  5.26%  33.7  514s
 12305  4380 infeasible   52        76.00000   72.00000  5.26%  31.5  522s
 12741  5274   72.00000   29   88   76.00000   72.00000  5.26%  31.9  568s
 14523  5275   75.00000   51   64   76.00000   72.00000  5.26%  30.9  581s
 14530  5280   74.00000   27   47   76.00000   72.00000  5.26%  30.9  585s
 14536  5284   75.00000   62   39   76.00000   72.00000  5.26%  30.9  590s
 14543  5296   72.00000   25   49   76.00000   72.00000  5.26%  25.0  595s
 14628  5367   72.00000   29   70   76.00000   72.00000  5.26%  25.2  754s
H14646  5096                      75.0000000   72.00000  4.00%  25.2  754s
 14660  5108   72.00000   29   69   75.00000   72.00000  4.00%  25.2  757s
 14692  5116   72.00000   30   77   75.00000   72.00000  4.00%  25.3  851s
H14695  4864                      74.0000000   72.00000  2.70%  25.3  851s
 14724  4843   72.00000   30   68   74.00000   72.00000  2.70%  25.4  868s
 14778  4834   73.00000   31   86   74.00000   72.00000  2.70%  26.1  886s
 14877  4877   73.00000   34   80   74.00000   72.00000  2.70%  27.1  892s
 14951  4916   73.00000   35  122   74.00000   72.00000  2.70%  27.2  899s
 15120  4935   73.00000   38  100   74.00000   72.00000  2.70%  27.7  908s
 15372  4923   73.00000   42   72   74.00000   72.00000  2.70%  28.4  912s
 15604  4917     cutoff   48        74.00000   72.00000  2.70%  29.1  920s
 15879  4906   73.00000   38   77   74.00000   72.00000  2.70%  30.1  928s
 16188  4911   72.00000   33   61   74.00000   72.00000  2.70%  31.1  939s
*16347  4619              71      74.0000000   72.00000  2.70%  31.6  939s
 16494  4699   73.00000   36  101   74.00000   72.00000  2.70%  32.0  949s
 16879  4709   73.00000   42   66   74.00000   72.00000  2.70%  32.9  959s
 17424  4626   73.00000   49   77   74.00000   72.00000  2.70%  33.7  972s
 18024  4589   73.00000   39   47   74.00000   72.00000  2.70%  34.5  985s
 18647  4550   73.00000   36   78   74.00000   72.00000  2.70%  36.0 1002s
 19355  4469   72.00000   36   70   74.00000   72.00000  2.70%  37.4 1015s
 20056  4444 infeasible   52        74.00000   72.00000  2.70%  39.4 1030s
 20907  4251 infeasible   54        74.00000   72.00000  2.70%  41.2 1049s
 21931  4051   73.00000   36   87   74.00000   72.00000  2.70%  43.0 1149s
 22772  3910   73.00000   39  155   74.00000   72.00000  2.70%  44.9 1171s
 24053  3701 infeasible   45        74.00000   72.00000  2.70%  47.1 1198s
 25411  5390   73.00000   56   76   74.00000   72.00000  2.70%  49.3 1432s
 31501  4487   73.00000   56   64   74.00000   72.00000  2.70%  46.0 1447s
 31507  4491   72.00000   58   98   74.00000   72.00000  2.70%  46.0 1451s
 31509  4492   73.00000   45  116   74.00000   72.00000  2.70%  46.0 1455s
 31513  4495   72.00000   40   39   74.00000   72.00000  2.70%  46.0 1460s
 31515  4499   72.00000   35   23   74.00000   72.00000  2.70%  46.5 1466s
 31521  4509   72.00000   37   34   74.00000   72.00000  2.70%  46.5 1475s
 31529  4519   72.00000   38   33   74.00000   72.00000  2.70%  46.5 1490s
 31545  4529   72.00000   39   38   74.00000   72.00000  2.70%  46.5 1506s
 31605  4561   72.00000   41   38   74.00000   72.00000  2.70%  46.5 1510s
 31669  4592   72.00000   42   38   74.00000   72.00000  2.70%  46.5 1613s
 31701  4599   72.00000   42   83   74.00000   72.00000  2.70%  46.6 1623s
 31734  4612   72.00000   43   72   74.00000   72.00000  2.70%  46.9 1771s
 31767  4621   72.00000   43   62   74.00000   72.00000  2.70%  47.0 1782s
 31801  4658   72.00000   44   65   74.00000   72.00000  2.70%  47.0 1785s
 32075  4782     cutoff   48        74.00000   72.00000  2.70%  47.2 1794s
 32332  4754   73.00000   51   77   74.00000   72.00000  2.70%  47.4 1802s
 32587  4730   73.00000   54  129   74.00000   72.00000  2.70%  47.8 1809s
 32864  4683 infeasible   57        74.00000   72.00000  2.70%  48.3 1822s
 33189  4639   72.00000   45  135   74.00000   72.00000  2.70%  48.8 1833s
 33515  4633 infeasible   43        74.00000   72.00000  2.70%  49.4 1907s
 33838  4616   73.00000   51   46   74.00000   72.00000  2.70%  50.1 1924s
 34296  4561   73.00000   54   78   74.00000   72.00000  2.70%  50.7 1939s
 34769  4536   72.00000   51   89   74.00000   72.00000  2.70%  51.4 1952s
 35365  4461   73.00000   50   43   74.00000   72.00000  2.70%  51.9 1964s
 36037  4350   72.00000   65   96   74.00000   72.00000  2.70%  52.6 1978s
 36707  4261 infeasible   52        74.00000   72.00000  2.70%  53.9 1992s
 37447  4197 infeasible   71        74.00000   72.00000  2.70%  55.0 2015s
 38360  4139   73.00000   74   70   74.00000   72.00000  2.70%  56.1 2039s
 39543  4026   72.00000   62   70   74.00000   72.00000  2.70%  56.7 2077s
 40948  3578   72.00000   69   74   74.00000   72.00000  2.70%  57.5 2405s
 41026  3759 infeasible   70        74.00000   72.00000  2.70%  57.6 2517s
 42515  3462   72.00000   57  100   74.00000   72.00000  2.70%  58.5 2545s
 44078  3080     cutoff   67        74.00000   72.00000  2.70%  59.5 2575s
 45607  2875 infeasible   67        74.00000   72.00000  2.70%  60.8 2637s
 47264  3037 infeasible   62        74.00000   72.00000  2.70%  62.3 2667s
 48876  3191 infeasible   60        74.00000   72.00000  2.70%  63.8 2699s
 50569  3459 infeasible   55        74.00000   72.00000  2.70%  65.3 2733s
 52769  3784   72.00000   68   88   74.00000   72.00000  2.70%  66.0 2850s
 55436  4035 infeasible   68        74.00000   72.00000  2.70%  66.2 2953s
 57954  4144 infeasible   64        74.00000   72.00000  2.70%  67.0 2989s
 60122  4325     cutoff   67        74.00000   72.00000  2.70%  68.3 3042s
 62412  4338 infeasible   54        74.00000   72.00000  2.70%  69.2 3189s
 62463  4840     cutoff   54        74.00000   72.00000  2.70%  69.3 3360s
 74111  5000 infeasible   75        74.00000   72.00000  2.70%  72.7 3400s
 76679  5205   72.00000   64   61   74.00000   72.00000  2.70%  73.7 3441s
 79539  5598 infeasible   67        74.00000   72.00000  2.70%  74.5 3483s
 82578  5803   72.00000   59   74   74.00000   72.00000  2.70%  75.1 3526s
 85548  6056   73.00000   64   52   74.00000   72.00000  2.70%  75.8 3575s
*85791  1941             100      73.0000000   72.00000  1.37%  75.9 3575s
 88575     0 infeasible   64        73.00000   72.00000  1.37%  76.6 3593s

Cutting planes:
  Gomory: 11
  Cover: 110
  Implied bound: 40
  Projected implied bound: 2
  Clique: 234
  MIR: 15
  StrongCG: 7
  Flow cover: 62
  GUB cover: 4
  Zero half: 4
  RLT: 27
  Relax-and-lift: 79

Explored 90306 nodes (7001982 simplex iterations) in 3594.36 seconds (120.12 work units)
Thread count was 32 (of 32 available processors)

Solution count 10: 73 73 74 ... 82

Optimal solution found (tolerance 1.00e-04)
Best objective 7.300000000000e+01, best bound 7.300000000000e+01, gap 0.0000%

Wrote result file 'RCPSP_938.sol'

