
Gurobi 10.0.3 (linux64, gurobi_cl) logging started Thu Nov  9 11:47:35 2023

Set parameter Username
Set parameter TimeLimit to value 3600
Set parameter LogFile to value "RCPSP_1126.log"
Set parameter Threads to value 32
Academic license - for non-commercial use only - expires 2024-11-06
Using license file /home/jrivera6/gurobi-licenses/v1003/compute-0-36/gurobi.lic

Gurobi Optimizer version 10.0.3 build v10.0.3rc0 (linux64)
Copyright (c) 2023, Gurobi Optimization, LLC

Read MPS format model from file RCPSP_1126.mps
Reading time = 0.07 seconds
RCPSP_1126: 42947 rows, 17020 columns, 134581 nonzeros

CPU model: Intel(R) Xeon(R) Gold 6130 CPU @ 2.10GHz, instruction set [SSE2|AVX|AVX2|AVX512]
Thread count: 32 physical cores, 32 logical processors, using up to 32 threads

Optimize a model with 42947 rows, 17020 columns and 134581 nonzeros
Model fingerprint: 0xb8989a51
Variable types: 92 continuous, 16928 integer (16928 binary)
Coefficient statistics:
  Matrix range     [1e+00, 5e+02]
  Objective range  [1e+00, 1e+00]
  Bounds range     [1e+00, 1e+00]
  RHS range        [1e+00, 5e+02]
Presolve removed 8602 rows and 1873 columns (presolve time = 5s) ...
Presolve removed 12995 rows and 3462 columns
Presolve time: 6.71s
Presolved: 29952 rows, 13558 columns, 97667 nonzeros
Variable types: 91 continuous, 13467 integer (13467 binary)

Root simplex log...

Iteration    Objective       Primal Inf.    Dual Inf.      Time
       0    9.1000000e+01   1.059848e+05   0.000000e+00      7s
    4903    9.1000000e+01   0.000000e+00   0.000000e+00      7s

Root relaxation: objective 9.100000e+01, 4903 iterations, 0.41 seconds (0.14 work units)

    Nodes    |    Current Node    |     Objective Bounds      |     Work
 Expl Unexpl |  Obj  Depth IntInf | Incumbent    BestBd   Gap | It/Node Time

     0     0   91.00000    0   93          -   91.00000      -     -    8s
     0     0   92.20000    0  328          -   92.20000      -     -   19s
     0     0   92.20000    0  347          -   92.20000      -     -   21s
     0     0   94.00000    0  452          -   94.00000      -     -   28s
     0     0   94.00000    0  431          -   94.00000      -     -   28s
     0     0   94.00000    0  415          -   94.00000      -     -   57s
     0     0   94.00000    0  457          -   94.00000      -     -   63s
     0     0   94.00000    0  440          -   94.00000      -     -   64s
     0     0   94.00000    0  570          -   94.00000      -     -   67s
     0     0   94.00000    0  473          -   94.00000      -     -   68s
     0     0   94.00000    0   62          -   94.00000      -     -   82s
     0     0   94.00000    0  465          -   94.00000      -     -   84s
     0     0   94.00000    0  429          -   94.00000      -     -   84s
     0     0   94.00000    0   58          -   94.00000      -     -   91s
     0     0   94.00000    0  103          -   94.00000      -     -   92s
     0     0   94.00000    0   29          -   94.00000      -     -   98s
     0     0   94.00000    0  207          -   94.00000      -     -  100s
     0     0   94.00000    0   61          -   94.00000      -     -  107s
     0     0   94.00000    0   65          -   94.00000      -     -  108s
     0     0   94.00000    0   55          -   94.00000      -     -  116s
H    0     0                     498.0000000   94.00000  81.1%     -  118s
     0     0   94.00000    0   18  498.00000   94.00000  81.1%     -  119s
H    0     0                      99.0000000   94.00000  5.05%     -  123s
     0     0   94.00000    0   21   99.00000   94.00000  5.05%     -  165s
     0     0   94.00000    0  130   99.00000   94.00000  5.05%     -  168s
H    0     0                      97.0000000   94.00000  3.09%     -  169s
     0     0   94.00000    0  275   97.00000   94.00000  3.09%     -  172s
     0     0   94.00000    0  248   97.00000   94.00000  3.09%     -  172s
     0     0   94.00000    0    2   97.00000   94.00000  3.09%     -  176s
H    0     0                      96.0000000   94.00000  2.08%     -  177s
     0     0   94.00000    0    6   96.00000   94.00000  2.08%     -  177s
     0     0   94.00000    0    2   96.00000   94.00000  2.08%     -  178s
H    0     0                      94.0000000   94.00000  0.00%     -  180s
     0     0   94.00000    0   83   94.00000   94.00000  0.00%     -  180s

Cutting planes:
  Gomory: 12
  Lift-and-project: 3
  Cover: 44
  Implied bound: 20
  Clique: 116
  MIR: 84
  StrongCG: 7
  Zero half: 2
  RLT: 39
  Relax-and-lift: 23

Explored 1 nodes (64172 simplex iterations) in 180.45 seconds (18.44 work units)
Thread count was 32 (of 32 available processors)

Solution count 5: 94 96 97 ... 498

Optimal solution found (tolerance 1.00e-04)
Best objective 9.400000000000e+01, best bound 9.400000000000e+01, gap 0.0000%

Wrote result file 'RCPSP_1126.sol'

