
Gurobi 10.0.3 (linux64, gurobi_cl) logging started Fri Nov 10 19:38:37 2023

Set parameter Username
Set parameter TimeLimit to value 3600
Set parameter LogFile to value "RCPSP_1703.log"
Set parameter Threads to value 32
Academic license - for non-commercial use only - expires 2024-10-30
Using license file /home/jrivera6/gurobi-licenses/v1003/compute-0-34/gurobi.lic

Gurobi Optimizer version 10.0.3 build v10.0.3rc0 (linux64)
Copyright (c) 2023, Gurobi Optimization, LLC

Read MPS format model from file RCPSP_1703.mps
Reading time = 0.14 seconds
RCPSP_1703: 75251 rows, 29890 columns, 251666 nonzeros

CPU model: Intel(R) Xeon(R) Gold 6130 CPU @ 2.10GHz, instruction set [SSE2|AVX|AVX2|AVX512]
Thread count: 32 physical cores, 32 logical processors, using up to 32 threads

Optimize a model with 75251 rows, 29890 columns and 251666 nonzeros
Model fingerprint: 0xdbd0d5df
Variable types: 122 continuous, 29768 integer (29768 binary)
Coefficient statistics:
  Matrix range     [1e+00, 7e+02]
  Objective range  [1e+00, 1e+00]
  Bounds range     [1e+00, 1e+00]
  RHS range        [1e+00, 7e+02]
Presolve removed 12633 rows and 2227 columns (presolve time = 5s) ...
Presolve removed 15945 rows and 3357 columns
Presolve time: 9.63s
Presolved: 59306 rows, 26533 columns, 207236 nonzeros
Variable types: 121 continuous, 26412 integer (26412 binary)

Deterministic concurrent LP optimizer: primal and dual simplex (primal and dual model)
Showing first log only...

Root relaxation presolved: 59306 rows, 26533 columns, 207236 nonzeros


Root simplex log...

Iteration    Objective       Primal Inf.    Dual Inf.      Time
       0    9.8670554e+01   5.008010e-03   1.724522e+08     11s
    3923    9.8000000e+01   0.000000e+00   0.000000e+00     12s
Concurrent spin time: 1.98s

Solved with dual simplex (dual model)

Root relaxation: objective 9.800000e+01, 30150 iterations, 3.65 seconds (0.38 work units)
Total elapsed time = 18.79s
Total elapsed time = 20.34s

    Nodes    |    Current Node    |     Objective Bounds      |     Work
 Expl Unexpl |  Obj  Depth IntInf | Incumbent    BestBd   Gap | It/Node Time

     0     0   98.00000    0  788          -   98.00000      -     -   24s
     0     0  104.00000    0  774          -  104.00000      -     -   26s
     0     0  104.00000    0 1881          -  104.00000      -     -  119s
     0     0  104.00000    0 1799          -  104.00000      -     -  124s
     0     0  104.00000    0 1837          -  104.00000      -     -  129s
     0     0  104.00000    0 1749          -  104.00000      -     -  132s
     0     0  104.00000    0 1644          -  104.00000      -     -  137s
     0     0  104.00000    0 1631          -  104.00000      -     -  137s
     0     0  104.00000    0 1773          -  104.00000      -     -  142s
     0     0  104.00000    0 1653          -  104.00000      -     -  145s
     0     0  104.00000    0 1642          -  104.00000      -     -  146s
     0     0  104.00000    0 1640          -  104.00000      -     -  146s
     0     0  104.00000    0  363          -  104.00000      -     -  189s
     0     0  104.00000    0  846          -  104.00000      -     -  205s
     0     0  104.00000    0  363          -  104.00000      -     -  271s
     0     0  104.00000    0 1063          -  104.00000      -     -  292s
     0     0  104.00000    0  984          -  104.00000      -     -  292s
     0     0  104.00000    0  441          -  104.00000      -     -  315s
     0     0  104.00000    0 1083          -  104.00000      -     -  351s
     0     0  104.00000    0  927          -  104.00000      -     -  352s
     0     0  104.00000    0  917          -  104.00000      -     -  353s
     0     0  104.00000    0 1058          -  104.00000      -     -  355s
     0     0  104.00000    0 1049          -  104.00000      -     -  355s
     0     0  104.00000    0  550          -  104.00000      -     -  378s
     0     0  104.00000    0  533          -  104.00000      -     -  379s
     0     0  104.00000    0 1161          -  104.00000      -     -  406s
     0     0  104.00000    0 1289          -  104.00000      -     -  409s
     0     0  104.00000    0 1311          -  104.00000      -     -  411s
     0     0  104.00000    0 1273          -  104.00000      -     -  411s
     0     0  104.00707    0  486          -  104.00707      -     -  432s
     0     0  104.00707    0  483          -  104.00707      -     -  433s
     0     0  104.00709    0 1111          -  104.00709      -     -  443s
     0     0  104.00709    0 1042          -  104.00709      -     -  444s
     0     0  104.00709    0  957          -  104.00709      -     -  444s
     0     0  104.17584    0 1441          -  104.17584      -     -  457s
     0     0  104.17584    0 1417          -  104.17584      -     -  457s
     0     0  104.17584    0 1555          -  104.17584      -     -  470s
     0     0  104.17584    0 1461          -  104.17584      -     -  472s
     0     0  104.17584    0 1444          -  104.17584      -     -  472s
     0     0  104.94170    0 1239          -  104.94170      -     -  483s
     0     0  104.94170    0 1262          -  104.94170      -     -  487s
     0     0  104.94170    0 1146          -  104.94170      -     -  487s
     0     0  104.96132    0 1328          -  104.96132      -     -  493s
     0     0  104.96132    0 1324          -  104.96132      -     -  494s
     0     0  104.96132    0 1334          -  104.96132      -     -  500s
     0     0  104.96132    0 1345          -  104.96132      -     -  501s
     0     0  104.96132    0 1447          -  104.96132      -     -  504s
     0     0  104.96132    0  381          -  104.96132      -     -  553s
     0     0  104.96132    0 1270          -  104.96132      -     -  582s
     0     0  104.96132    0 1246          -  104.96132      -     -  583s
     0     0  104.96132    0 1214          -  104.96132      -     -  610s
     0     0  104.96132    0 1212          -  104.96132      -     -  610s
     0     0  104.96132    0  604          -  104.96132      -     -  662s
     0     0  104.96132    0 1149          -  104.96132      -     -  672s
     0     0  104.96132    0 1143          -  104.96132      -     -  672s
     0     0  104.96132    0  700          -  104.96132      -     -  711s
     0     0  104.96132    0 1087          -  104.96132      -     -  723s
     0     0  105.00000    0  443          -  105.00000      -     -  741s
     0     0  105.00000    0  443          -  105.00000      -     -  741s
     0     0  105.00000    0  794          -  105.00000      -     -  744s
     0     0  105.00000    0  789          -  105.00000      -     -  744s
     0     0  105.13094    0 1256          -  105.13094      -     -  751s
     0     0  105.13094    0 1178          -  105.13094      -     -  751s
     0     0  105.13094    0 1177          -  105.13094      -     -  754s
     0     0  105.13094    0 1138          -  105.13094      -     -  755s
     0     0  105.36396    0 1296          -  105.36396      -     -  762s
     0     0  105.36396    0 1330          -  105.36396      -     -  763s
     0     0  105.36396    0 1308          -  105.36396      -     -  763s
     0     0  105.56842    0 1323          -  105.56842      -     -  783s
     0     0  105.56842    0 1278          -  105.56842      -     -  784s
     0     0  105.56842    0 1439          -  105.56842      -     -  789s
     0     0  105.56842    0 1477          -  105.56842      -     -  792s
     0     0  105.56842    0 1359          -  105.56842      -     -  793s
     0     0  105.56842    0 1327          -  105.56842      -     -  800s
     0     0  105.56842    0 1240          -  105.56842      -     -  802s
     0     0  105.56842    0 1151          -  105.56842      -     -  804s
     0     0  105.56842    0 1124          -  105.56842      -     -  804s
     0     0  105.56842    0 1353          -  105.56842      -     -  811s
     0     0  105.56842    0 1504          -  105.56842      -     -  812s
     0     0  105.56842    0 1498          -  105.56842      -     -  813s
     0     0  105.56842    0 1350          -  105.56842      -     -  824s
     0     0  105.56842    0 1241          -  105.56842      -     -  825s
     0     0  105.56842    0 1231          -  105.56842      -     -  826s
     0     0  105.56842    0 1688          -  105.56842      -     -  835s
     0     0  105.56842    0 1682          -  105.56842      -     -  835s
     0     0  105.58888    0  437          -  105.58888      -     -  864s
     0     0  105.58888    0  980          -  105.58888      -     -  878s
     0     0  105.58888    0 1107          -  105.58888      -     -  885s
     0     0  105.58888    0 1079          -  105.58888      -     -  888s
     0     0  105.58888    0 1045          -  105.58888      -     -  888s
     0     0  105.58888    0 1321          -  105.58888      -     -  893s
     0     0  105.58888    0 1310          -  105.58888      -     -  893s
     0     0  105.58888    0  516          -  105.58888      -     -  921s
     0     0  105.58888    0 1106          -  105.58888      -     -  926s
     0     0  105.58888    0 1077          -  105.58888      -     -  926s
     0     0  105.58888    0  383          -  105.58888      -     -  962s
     0     0  105.58888    0 1023          -  105.58888      -     -  975s
     0     0  105.58888    0  810          -  105.58888      -     - 1004s
     0     0  105.58888    0  764          -  105.58888      -     - 1004s
     0     0  105.58888    0  715          -  105.58888      -     - 1015s
     0     2  105.58888    0  429          -  105.58888      -     - 1066s
     1     4  105.65693    1  428          -  105.65693      -  3061 1397s
     3     5  105.85366    2  584          -  105.85366      -  1351 1508s
     6     7  106.00000    3  903          -  106.00000      -   850 1720s
    11    13  106.00000    4  895          -  106.00000      -   475 1960s
    18    25  106.00000    5  895          -  106.00000      -   397 2009s
    31    45  106.00000    6  899          -  106.00000      -   314 2060s
    56    74  106.00000    7 1505          -  106.00000      -   249 2326s
    88   104  106.00097    8 1584          -  106.00000      -   806 2585s
   120   134  106.00679    9 1543          -  106.00000      -  1107 2606s
   152   163  106.00679   10 1454          -  106.00000      -   935 2626s
   184   201  107.00000   11 1383          -  106.00000      -   822 2637s
   225   244  107.00000   12 1375          -  106.00000      -   691 2679s
   269   291  107.00000   13 1355          -  106.00000      -   614 2755s
   317   331  107.00000   14 1325          -  106.00000      -   540 2780s
   364   379  107.00000   15 1370          -  106.00000      -   493 2863s
   423   423  107.00000   16 1417          -  106.00000      -   454 2905s
   479   450  107.00000   17 1588          -  106.00000      -   430 3051s
   511   507  107.00000   18 1573          -  106.00000      -   479 3079s
   571   568  107.00000   20 1482          -  106.00000      -   446 3097s
   636   641  107.00000   23 1448          -  106.00000      -   418 3154s
   710   725  107.00000   25 1397          -  106.00000      -   387 3175s
   796   802  107.00000   26 1352          -  106.00000      -   363 3220s
   875   873  107.00000   27 1350          -  106.00000      -   343 3250s
   957   950  107.00000   31 1344          -  106.00000      -   330 3281s
  1038  1041  107.00000   33 1429          -  106.00000      -   325 3297s
  1131  1147  107.00000   34 1420          -  106.00000      -   311 3328s
  1240  1267  107.00000   38 1379          -  106.00000      -   295 3347s
  1361  1346  107.00000   40 1404          -  106.00000      -   279 3370s
  1461  1443  107.00000   46 1390          -  106.00000      -   271 3441s
  1586  1477  107.00000   50 1544          -  106.00000      -   262 3601s

Cutting planes:
  Learned: 9
  Gomory: 4
  Cover: 184
  Implied bound: 134
  Clique: 13
  MIR: 2312
  StrongCG: 34
  Zero half: 1
  RLT: 1759
  Relax-and-lift: 181

Explored 1628 nodes (847024 simplex iterations) in 3604.36 seconds (200.73 work units)
Thread count was 32 (of 32 available processors)

Solution count 0

Time limit reached
Best objective -, best bound 1.060000000000e+02, gap -

Unable to retrieve attribute 'X'

