
Gurobi 10.0.3 (linux64, gurobi_cl) logging started Thu Nov  9 11:49:38 2023

Set parameter Username
Set parameter TimeLimit to value 3600
Set parameter LogFile to value "RCPSP_1245.log"
Set parameter Threads to value 32
Academic license - for non-commercial use only - expires 2024-11-06
Using license file /home/jrivera6/gurobi-licenses/v1003/compute-0-36/gurobi.lic

Gurobi Optimizer version 10.0.3 build v10.0.3rc0 (linux64)
Copyright (c) 2023, Gurobi Optimization, LLC

Read MPS format model from file RCPSP_1245.mps
Reading time = 0.08 seconds
RCPSP_1245: 42947 rows, 17020 columns, 159151 nonzeros

CPU model: Intel(R) Xeon(R) Gold 6130 CPU @ 2.10GHz, instruction set [SSE2|AVX|AVX2|AVX512]
Thread count: 32 physical cores, 32 logical processors, using up to 32 threads

Optimize a model with 42947 rows, 17020 columns and 159151 nonzeros
Model fingerprint: 0xdf4b74f6
Variable types: 92 continuous, 16928 integer (16928 binary)
Coefficient statistics:
  Matrix range     [1e+00, 5e+02]
  Objective range  [1e+00, 1e+00]
  Bounds range     [1e+00, 1e+00]
  RHS range        [1e+00, 5e+02]
Presolve removed 7032 rows and 1201 columns (presolve time = 5s) ...
Presolve removed 9651 rows and 2716 columns
Presolve time: 6.98s
Presolved: 33296 rows, 14304 columns, 129550 nonzeros
Variable types: 91 continuous, 14213 integer (14213 binary)

Deterministic concurrent LP optimizer: primal and dual simplex (primal and dual model)
Showing first log only...

Root relaxation presolved: 33296 rows, 14304 columns, 129550 nonzeros


Root simplex log...

Iteration    Objective       Primal Inf.    Dual Inf.      Time
       0    9.6000000e+01   4.740384e-03   1.753789e+08      8s
    2122    9.6000000e+01   0.000000e+00   0.000000e+00      8s
Concurrent spin time: 0.81s

Solved with dual simplex (dual model)

Root relaxation: objective 9.600000e+01, 16454 iterations, 1.84 seconds (0.15 work units)
Total elapsed time = 12.85s
Total elapsed time = 15.60s

    Nodes    |    Current Node    |     Objective Bounds      |     Work
 Expl Unexpl |  Obj  Depth IntInf | Incumbent    BestBd   Gap | It/Node Time

     0     0   96.00000    0  405          -   96.00000      -     -   19s
     0     0   96.00000    0  403          -   96.00000      -     -   19s
     0     0   96.00000    0 1252          -   96.00000      -     -   55s
     0     0   96.00000    0 1274          -   96.00000      -     -   60s
     0     0   96.00000    0 1255          -   96.00000      -     -   62s
     0     0   96.00000    0 1249          -   96.00000      -     -   63s
     0     0   96.00000    0 1243          -   96.00000      -     -   63s
     0     0   96.00000    0 1142          -   96.00000      -     -   69s
     0     0   96.00000    0  988          -   96.00000      -     -   70s
     0     0   96.00000    0  986          -   96.00000      -     -   70s
     0     0   96.00000    0  322          -   96.00000      -     -   98s
     0     0   96.00000    0  322          -   96.00000      -     -   98s
     0     0   96.00000    0  475          -   96.00000      -     -  100s
     0     0   96.00000    0  286          -   96.00000      -     -  114s
     0     0   96.00000    0  702          -   96.00000      -     -  116s
     0     0   96.00000    0  700          -   96.00000      -     -  117s
     0     0   96.00000    0  706          -   96.00000      -     -  117s
     0     0   96.00000    0  396          -   96.00000      -     -  131s
     0     0   96.00000    0  697          -   96.00000      -     -  135s
     0     0   96.00000    0  634          -   96.00000      -     -  136s
     0     0   96.00000    0  286          -   96.00000      -     -  150s
     0     0   96.00000    0  868          -   96.00000      -     -  152s
     0     0   96.00000    0  371          -   96.00000      -     -  162s
H    0     0                     487.0000000   96.00000  80.3%     -  163s
     0     0   96.00000    0  371  487.00000   96.00000  80.3%     -  165s
H    0     0                     386.0000000   96.00000  75.1%     -  179s
H    0     2                     338.0000000   96.00000  71.6%     -  221s
     0     2   96.00000    0  251  338.00000   96.00000  71.6%     -  221s
     1     4   96.00000    1  271  338.00000   96.00000  71.6%  3160  226s
     3     8   96.00000    2 1310  338.00000   96.00000  71.6%  1665  250s
     7    14   96.00000    3  961  338.00000   96.00000  71.6%  1329  289s
    15    21   96.00000    4  911  338.00000   96.00000  71.6%  1389  332s
H   29    23                     316.0000000   96.00000  69.6%  1191 1182s
H   29    23                     297.0000000   96.00000  67.7%  1191 1183s
    30    23   96.00000    5  737  297.00000   96.00000  67.7%  1172 1248s
H   31    23                     289.0000000   96.00000  66.8%  1134 1259s
H   32    23                     285.0000000   96.00000  66.3%  1106 1274s
H   38    23                     272.0000000   96.00000  64.7%   980 1422s
    39    23  117.00000    5  690  272.00000   96.00000  64.7%   962 1428s
    42    23  110.00000    5  770  272.00000   96.00000  64.7%   946 1480s
    49    23  127.00000    5  687  272.00000   96.00000  64.7%   903 1582s
    50    29  106.00000    6  744  272.00000   96.00000  64.7%   897 4054s
    52    29   96.00000    6  890  272.00000   96.00000  64.7%   917 4128s
    53    29  102.00000    6  815  272.00000   96.00000  64.7%   932 4137s

Cutting planes:
  Gomory: 10
  Cover: 288
  Implied bound: 276
  Clique: 1
  MIR: 1702
  StrongCG: 20
  Zero half: 4
  RLT: 1023
  Relax-and-lift: 652

Explored 63 nodes (163577 simplex iterations) in 4207.03 seconds (60.08 work units)
Thread count was 32 (of 32 available processors)

Solution count 8: 272 285 289 ... 487

Time limit reached
Best objective 2.720000000000e+02, best bound 9.600000000000e+01, gap 64.7059%

Wrote result file 'RCPSP_1245.sol'

