
Gurobi 10.0.3 (linux64, gurobi_cl) logging started Fri Nov 10 21:25:15 2023

Set parameter Username
Set parameter TimeLimit to value 3600
Set parameter LogFile to value "RCPSP_1943.log"
Set parameter Threads to value 32
Academic license - for non-commercial use only - expires 2024-10-30
Using license file /home/jrivera6/gurobi-licenses/v1003/compute-0-37/gurobi.lic

Gurobi Optimizer version 10.0.3 build v10.0.3rc0 (linux64)
Copyright (c) 2023, Gurobi Optimization, LLC

Read MPS format model from file RCPSP_1943.mps
Reading time = 0.80 seconds
RCPSP_1943: 75288 rows, 29890 columns, 266102 nonzeros

CPU model: Intel(R) Xeon(R) Gold 6242 CPU @ 2.80GHz, instruction set [SSE2|AVX|AVX2|AVX512]
Thread count: 32 physical cores, 32 logical processors, using up to 32 threads

Optimize a model with 75288 rows, 29890 columns and 266102 nonzeros
Model fingerprint: 0x7f3880f1
Variable types: 122 continuous, 29768 integer (29768 binary)
Coefficient statistics:
  Matrix range     [1e+00, 7e+02]
  Objective range  [1e+00, 1e+00]
  Bounds range     [1e+00, 1e+00]
  RHS range        [1e+00, 7e+02]
Presolve removed 23928 rows and 7073 columns (presolve time = 5s) ...
Presolve removed 23928 rows and 7073 columns (presolve time = 10s) ...
Presolve removed 28358 rows and 8611 columns
Presolve time: 11.39s
Presolved: 46930 rows, 21279 columns, 169537 nonzeros
Variable types: 121 continuous, 21158 integer (21158 binary)

Deterministic concurrent LP optimizer: primal and dual simplex (primal and dual model)
Showing first log only...

Root relaxation presolved: 46923 rows, 21286 columns, 169523 nonzeros


Root simplex log...

Iteration    Objective       Primal Inf.    Dual Inf.      Time
       0    9.7361937e+01   1.556296e-01   2.918106e+08     13s
Concurrent spin time: 0.43s

Solved with dual simplex (primal model)

Root relaxation: objective 9.300000e+01, 6407 iterations, 1.82 seconds (0.19 work units)
Total elapsed time = 16.16s

    Nodes    |    Current Node    |     Objective Bounds      |     Work
 Expl Unexpl |  Obj  Depth IntInf | Incumbent    BestBd   Gap | It/Node Time

     0     0   93.00000    0 1414          -   93.00000      -     -   34s
     0     0  104.00000    0 1165          -  104.00000      -     -   35s
     0     0  104.00000    0 1452          -  104.00000      -     -   70s
     0     0  104.00000    0 1550          -  104.00000      -     -   73s
     0     0  104.00000    0 1545          -  104.00000      -     -   73s
     0     0  104.00000    0 1583          -  104.00000      -     -   83s
     0     0  104.00000    0 1586          -  104.00000      -     -   87s
     0     0  104.00000    0 1533          -  104.00000      -     -   88s
     0     0  110.69136    0 1045          -  110.69136      -     -  173s
     0     0  110.69136    0 1144          -  110.69136      -     -  175s
     0     0  110.69136    0 1318          -  110.69136      -     -  191s
     0     0  110.69136    0 1311          -  110.69136      -     -  191s
     0     0  110.69136    0 1422          -  110.69136      -     -  201s
     0     0  110.69136    0 1394          -  110.69136      -     -  202s
     0     0  110.69136    0 1507          -  110.69136      -     -  242s
     0     0  110.69136    0 1494          -  110.69136      -     -  245s
     0     0  110.69136    0 1587          -  110.69136      -     -  246s
     0     0  110.69136    0  504          -  110.69136      -     -  284s
     0     0  110.69136    0  502          -  110.69136      -     -  285s
     0     0  110.69136    0 1053          -  110.69136      -     -  325s
     0     0  110.69136    0 1285          -  110.69136      -     -  361s
     0     0  110.69136    0 1337          -  110.69136      -     -  366s
     0     0  110.69136    0 1288          -  110.69136      -     -  368s
     0     0  110.69136    0 1284          -  110.69136      -     -  368s
     0     0  110.69136    0 1128          -  110.69136      -     -  432s
     0     0  110.69136    0 1248          -  110.69136      -     -  436s
     0     0  110.69136    0 1196          -  110.69136      -     -  439s
     0     0  110.74483    0 1257          -  110.74483      -     -  454s
     0     0  110.74483    0 1437          -  110.74483      -     -  457s
     0     0  110.74483    0 1435          -  110.74483      -     -  458s
     0     0  110.74483    0 1096          -  110.74483      -     -  496s
     0     0  110.74483    0 1090          -  110.74483      -     -  496s
     0     0  111.32053    0 1291          -  111.32053      -     -  518s
     0     0  111.32053    0 1260          -  111.32053      -     -  519s
     0     0  111.32053    0 1258          -  111.32053      -     -  519s
     0     0  112.47950    0 1339          -  112.47950      -     -  530s
     0     0  112.47950    0 1302          -  112.47950      -     -  531s
     0     0  112.60628    0 1425          -  112.60628      -     -  537s
     0     0  112.60628    0 1375          -  112.60628      -     -  538s
     0     0  112.62647    0 1312          -  112.62647      -     -  541s
     0     0  112.62647    0 1369          -  112.62647      -     -  544s
     0     0  112.62647    0 1257          -  112.62647      -     -  546s
     0     0  112.62647    0 1353          -  112.62647      -     -  565s
     0     0  112.62647    0 1416          -  112.62647      -     -  568s
     0     0  112.62647    0 1413          -  112.62647      -     -  568s
     0     0  112.62647    0 1365          -  112.62647      -     -  580s
     0     0  112.73559    0 1398          -  112.73559      -     -  614s
     0     0  112.73559    0 1265          -  112.73559      -     -  615s
     0     0  112.73559    0 1355          -  112.73559      -     -  618s
     0     0  112.73559    0 1336          -  112.73559      -     -  619s
     0     0  112.73851    0 1490          -  112.73851      -     -  634s
     0     0  112.73851    0 1390          -  112.73851      -     -  636s
     0     0  112.73851    0 1387          -  112.73851      -     -  636s
     0     0  112.73851    0 1531          -  112.73851      -     -  650s
     0     0  112.73851    0 1442          -  112.73851      -     -  651s
     0     0  112.73851    0 1428          -  112.73851      -     -  660s
     0     0  112.73851    0 1354          -  112.73851      -     -  663s
     0     0  112.73851    0 1386          -  112.73851      -     -  665s
     0     0  112.73851    0 1382          -  112.73851      -     -  665s
     0     0  112.73851    0 1387          -  112.73851      -     -  675s
     0     0  112.73851    0 1421          -  112.73851      -     -  677s
     0     0  112.73851    0 1417          -  112.73851      -     -  677s
     0     0  112.73851    0  976          -  112.73851      -     -  724s
     0     0  112.73851    0  974          -  112.73851      -     -  724s
     0     0  112.73851    0 1298          -  112.73851      -     -  731s
     0     0  112.73851    0 1223          -  112.73851      -     -  732s
     0     0  112.73851    0  982          -  112.73851      -     -  762s
     0     0  112.73851    0 1311          -  112.73851      -     -  776s
     0     0  112.73851    0 1302          -  112.73851      -     -  778s
     0     0  112.73851    0 1300          -  112.73851      -     -  778s
     0     0  112.73851    0  975          -  112.73851      -     -  819s
     0     0  112.73851    0  971          -  112.73851      -     -  819s
H    0     0                     657.0000000  112.73851  82.8%     -  840s
     0     0  112.73851    0  969  657.00000  112.73851  82.8%     -  842s
H    0     0                     325.0000000  112.73851  65.3%     -  856s
H    0     2                     311.0000000  112.73851  63.7%     -  874s
     0     2  112.73851    0  909  311.00000  112.73851  63.7%     -  874s
     1     4  113.04976    1 1059  311.00000  113.04976  63.6%  5764  886s
     3     6  116.74483    2 1157  311.00000  114.52091  63.2%  2783  911s
     5     6  114.52091    2 1340  311.00000  114.52091  63.2%  2581  919s
     7    10  129.74483    3 1228  311.00000  114.52091  63.2%  2415 1557s
    10    10  114.54826    3 1553  311.00000  114.54826  63.2%  2521 1567s
    13    17  129.74483    4 1312  311.00000  115.86715  62.7%  2495 1629s
    23    30  129.74483    5 1286  311.00000  116.74483  62.5%  2307 1785s
H   40    57                     310.0000000  116.74483  62.3%  2195 2723s
H   40    57                     293.0000000  116.74483  60.2%  2195 2739s
    41    57  137.78663    6 1452  293.00000  116.74483  60.2%  2242 2743s
    45    57  119.78663    6 1403  293.00000  116.74483  60.2%  2212 2751s
H   54    57                     290.0000000  116.74483  59.7%  2139 2756s
    56    57  132.74483    6 1275  290.00000  116.74483  59.7%  2163 2760s
    57    57  116.74483    6 1538  290.00000  116.74483  59.7%  2181 2765s
    58    57  116.74483    6 1398  290.00000  116.74483  59.7%  2192 2771s
    63    57  122.52091    6 1393  290.00000  116.74483  59.7%  2234 2778s
    70    82  132.74483    7 1283  290.00000  116.74483  59.7%  2303 3895s

Cutting planes:
  Learned: 14
  Gomory: 19
  Cover: 289
  Implied bound: 456
  Clique: 52
  MIR: 3476
  StrongCG: 39
  Zero half: 4
  RLT: 1132
  Relax-and-lift: 98

Explored 101 nodes (446697 simplex iterations) in 3930.93 seconds (151.42 work units)
Thread count was 32 (of 32 available processors)

Solution count 5: 290 293 310 ... 325

Time limit reached
Best objective 2.900000000000e+02, best bound 1.167448264680e+02, gap 59.7432%

Wrote result file 'RCPSP_1943.sol'

