
Gurobi 10.0.3 (linux64, gurobi_cl) logging started Thu Nov  2 11:35:13 2023

Set parameter Username
Set parameter TimeLimit to value 3600
Set parameter LogFile to value "RCPSP_643.log"
Set parameter Threads to value 32
Academic license - for non-commercial use only - expires 2024-10-30
Using license file /home/jrivera6/gurobi-licenses/v1003/compute-0-35/gurobi.lic

Gurobi Optimizer version 10.0.3 build v10.0.3rc0 (linux64)
Copyright (c) 2023, Gurobi Optimization, LLC

Read MPS format model from file RCPSP_643.mps
Reading time = 0.02 seconds
RCPSP_643: 19643 rows, 7750 columns, 60937 nonzeros

CPU model: Intel(R) Xeon(R) Gold 6130 CPU @ 2.10GHz, instruction set [SSE2|AVX|AVX2|AVX512]
Thread count: 32 physical cores, 32 logical processors, using up to 32 threads

Optimize a model with 19643 rows, 7750 columns and 60937 nonzeros
Model fingerprint: 0x808270d6
Variable types: 62 continuous, 7688 integer (7688 binary)
Coefficient statistics:
  Matrix range     [1e+00, 4e+02]
  Objective range  [1e+00, 1e+00]
  Bounds range     [1e+00, 1e+00]
  RHS range        [1e+00, 4e+02]
Presolve removed 8603 rows and 3128 columns
Presolve time: 3.34s
Presolved: 11040 rows, 4622 columns, 35168 nonzeros
Variable types: 61 continuous, 4561 integer (4561 binary)

Root relaxation: objective 7.900000e+01, 1594 iterations, 0.04 seconds (0.01 work units)

    Nodes    |    Current Node    |     Objective Bounds      |     Work
 Expl Unexpl |  Obj  Depth IntInf | Incumbent    BestBd   Gap | It/Node Time

     0     0   79.00000    0   49          -   79.00000      -     -    4s
     0     0   83.00000    0   39          -   83.00000      -     -    4s
     0     0   83.00000    0  217          -   83.00000      -     -    7s
     0     0   83.00000    0  187          -   83.00000      -     -    7s
     0     0   86.50000    0  158          -   86.50000      -     -   10s
     0     0   88.00000    0  159          -   88.00000      -     -   10s
     0     0   88.00000    0  224          -   88.00000      -     -   11s
     0     0   88.00000    0  201          -   88.00000      -     -   11s
     0     0   88.00000    0  172          -   88.00000      -     -   12s
     0     0   88.00000    0  202          -   88.00000      -     -   12s
     0     0   88.00000    0  114          -   88.00000      -     -   13s
     0     0   88.00000    0  159          -   88.00000      -     -   13s
     0     0   88.00000    0  149          -   88.00000      -     -   13s
     0     0   88.00000    0  134          -   88.00000      -     -   14s
     0     0   88.00000    0  146          -   88.00000      -     -   14s
     0     0   88.00000    0  147          -   88.00000      -     -   15s
     0     0   88.00000    0  140          -   88.00000      -     -   15s
     0     0   88.00000    0  131          -   88.00000      -     -   15s
     0     0   88.00000    0  183          -   88.00000      -     -   16s
     0     0   88.00000    0  265          -   88.00000      -     -   16s
     0     0   88.00000    0   15          -   88.00000      -     -   17s
     0     0   88.00000    0   17          -   88.00000      -     -   17s
     0     0   88.00000    0  273          -   88.00000      -     -   18s
     0     0   88.00000    0  190          -   88.00000      -     -   18s
     0     0   88.00000    0  157          -   88.00000      -     -   19s
     0     0   88.00000    0  112          -   88.00000      -     -   19s
     0     0   88.00000    0  175          -   88.00000      -     -   19s
     0     0   88.00000    0   94          -   88.00000      -     -   20s
     0     0   88.00000    0  264          -   88.00000      -     -   20s
     0     0   88.00000    0  171          -   88.00000      -     -   20s
     0     0   88.00000    0  151          -   88.00000      -     -   21s
     0     0   88.00000    0   16          -   88.00000      -     -   22s
     0     0   88.00000    0   20          -   88.00000      -     -   22s
     0     0   88.00000    0   35          -   88.00000      -     -   24s
H    0     0                      99.0000000   88.00000  11.1%     -   24s
     0     0   88.00000    0   67   99.00000   88.00000  11.1%     -   24s
     0     0   88.00000    0   19   99.00000   88.00000  11.1%     -   26s
     0     0   88.00000    0   19   99.00000   88.00000  11.1%     -   26s
H    0     0                      90.0000000   88.00000  2.22%     -   27s
H    0     0                      89.0000000   88.00000  1.12%     -   37s
     0     0   89.00000    0  445   89.00000   89.00000  0.00%     -   37s

Explored 1 nodes (31480 simplex iterations) in 37.78 seconds (6.61 work units)
Thread count was 32 (of 32 available processors)

Solution count 3: 89 90 99 

Optimal solution found (tolerance 1.00e-04)
Best objective 8.900000000000e+01, best bound 8.900000000000e+01, gap 0.0000%

Wrote result file 'RCPSP_643.sol'

