
Gurobi 10.0.3 (linux64, gurobi_cl) logging started Fri Nov 10 21:25:21 2023

Set parameter Username
Set parameter TimeLimit to value 3600
Set parameter LogFile to value "RCPSP_1956.log"
Set parameter Threads to value 32
Academic license - for non-commercial use only - expires 2024-10-30
Using license file /home/jrivera6/gurobi-licenses/v1003/compute-0-37/gurobi.lic

Gurobi Optimizer version 10.0.3 build v10.0.3rc0 (linux64)
Copyright (c) 2023, Gurobi Optimization, LLC

Read MPS format model from file RCPSP_1956.mps
Reading time = 0.10 seconds
RCPSP_1956: 75288 rows, 29890 columns, 266102 nonzeros

CPU model: Intel(R) Xeon(R) Gold 6242 CPU @ 2.80GHz, instruction set [SSE2|AVX|AVX2|AVX512]
Thread count: 32 physical cores, 32 logical processors, using up to 32 threads

Optimize a model with 75288 rows, 29890 columns and 266102 nonzeros
Model fingerprint: 0x52529a11
Variable types: 122 continuous, 29768 integer (29768 binary)
Coefficient statistics:
  Matrix range     [1e+00, 7e+02]
  Objective range  [1e+00, 1e+00]
  Bounds range     [1e+00, 1e+00]
  RHS range        [1e+00, 8e+02]
Presolve removed 11916 rows and 1925 columns (presolve time = 5s) ...
Presolve removed 11916 rows and 1925 columns (presolve time = 10s) ...
Presolve removed 15836 rows and 3495 columns
Presolve time: 12.56s
Presolved: 59452 rows, 26395 columns, 220499 nonzeros
Variable types: 121 continuous, 26274 integer (26274 binary)

Deterministic concurrent LP optimizer: primal and dual simplex (primal and dual model)
Showing first log only...

Root relaxation presolved: 59452 rows, 26395 columns, 220499 nonzeros


Root simplex log...

Iteration    Objective       Primal Inf.    Dual Inf.      Time
       0    1.2001756e+02   7.929042e-02   2.278086e+08     14s
    3213    1.2000000e+02   0.000000e+00   1.601562e+02     15s
    3287    1.1800000e+02   0.000000e+00   0.000000e+00     16s
Concurrent spin time: 1.90s

Solved with dual simplex (primal model)

Root relaxation: objective 1.180000e+02, 9435 iterations, 5.03 seconds (0.41 work units)
Total elapsed time = 22.24s

    Nodes    |    Current Node    |     Objective Bounds      |     Work
 Expl Unexpl |  Obj  Depth IntInf | Incumbent    BestBd   Gap | It/Node Time

     0     0  118.00000    0  804          -  118.00000      -     -   30s
     0     0  118.00000    0  801          -  118.00000      -     -   31s
     0     0  118.00000    0 1792          -  118.00000      -     -   93s
     0     0  118.00000    0 1789          -  118.00000      -     -   93s
     0     0  118.00000    0 1893          -  118.00000      -     -  106s
     0     0  118.00000    0 1896          -  118.00000      -     -  112s
     0     0  118.00000    0 1893          -  118.00000      -     -  118s
     0     0  118.00000    0 1765          -  118.00000      -     -  121s
     0     0  118.00000    0 1731          -  118.00000      -     -  122s
     0     0  118.00000    0 1521          -  118.00000      -     -  156s
     0     0  118.00000    0 1785          -  118.00000      -     -  191s
     0     0  118.00000    0 1770          -  118.00000      -     -  198s
     0     0  118.00000    0 1587          -  118.00000      -     -  200s
     0     0  118.00000    0 1564          -  118.00000      -     -  200s
     0     0  118.85714    0 1513          -  118.85714      -     -  223s
     0     0  118.85714    0 1507          -  118.85714      -     -  223s
     0     0  118.85714    0 1885          -  118.85714      -     -  232s
     0     0  118.85714    0 1784          -  118.85714      -     -  237s
     0     0  118.85714    0 1764          -  118.85714      -     -  240s
     0     0  118.85714    0 1751          -  118.85714      -     -  240s
     0     0  118.85714    0 1529          -  118.85714      -     -  273s
     0     0  118.85714    0 2028          -  118.85714      -     -  432s
     0     0  118.85714    0 1883          -  118.85714      -     -  438s
     0     0  118.85714    0 1836          -  118.85714      -     -  439s
     0     0  118.85714    0 1846          -  118.85714      -     -  439s
     0     0  119.00000    0 2059          -  119.00000      -     -  449s
     0     0  119.00000    0 2056          -  119.00000      -     -  450s
     0     0  119.00000    0 2276          -  119.00000      -     -  469s
     0     0  119.00000    0 2245          -  119.00000      -     -  472s
     0     0  119.00000    0 2281          -  119.00000      -     -  473s
     0     0  119.00000    0  686          -  119.00000      -     -  509s
     0     0  119.00000    0 1539          -  119.00000      -     -  560s
     0     0  119.00000    0 1799          -  119.00000      -     -  600s
     0     0  119.00000    0 1785          -  119.00000      -     -  606s
     0     0  119.00000    0 1742          -  119.00000      -     -  607s
     0     0  119.00000    0 1362          -  119.00000      -     -  658s
     0     0  119.00000    0 1636          -  119.00000      -     -  753s
     0     0  119.00000    0 1617          -  119.00000      -     -  754s
     0     0  119.00000    0 1720          -  119.00000      -     -  766s
     0     0  119.00000    0 1701          -  119.00000      -     -  766s
     0     0  119.00000    0 1890          -  119.00000      -     -  778s
     0     0  119.00000    0 1728          -  119.00000      -     -  782s
     0     0  119.00000    0 1726          -  119.00000      -     -  782s
     0     0  119.00000    0 1892          -  119.00000      -     -  792s
     0     0  119.00000    0 1871          -  119.00000      -     -  795s
     0     0  119.00000    0 1869          -  119.00000      -     -  795s
     0     0  119.00000    0 2016          -  119.00000      -     -  817s
     0     0  119.00000    0 1936          -  119.00000      -     -  826s
     0     0  119.00000    0 1916          -  119.00000      -     -  827s
     0     0  119.00000    0 1601          -  119.00000      -     -  864s
     0     0  119.00000    0 1565          -  119.00000      -     -  866s
     0     0  119.00000    0 1972          -  119.00000      -     -  903s
     0     0  119.00000    0 1934          -  119.00000      -     -  907s
     0     0  119.00000    0 1967          -  119.00000      -     -  910s
     0     0  119.00000    0 2021          -  119.00000      -     -  918s
     0     0  119.00000    0 1990          -  119.00000      -     -  920s
     0     0  119.00000    0 1908          -  119.00000      -     -  924s
     0     0  119.00000    0 1851          -  119.00000      -     -  925s
     0     0  119.00000    0 1250          -  119.00000      -     -  955s
     0     0  119.00000    0 1384          -  119.00000      -     -  957s
     0     0  119.00000    0 1716          -  119.00000      -     -  963s
     0     0  119.00000    0 1616          -  119.00000      -     -  964s
     0     0  119.00000    0 1416          -  119.00000      -     -  980s
     0     0  119.00000    0 1880          -  119.00000      -     - 1011s
     0     0  119.00000    0 1734          -  119.00000      -     - 1012s
     0     0  119.00000    0 1705          -  119.00000      -     - 1013s
     0     0  119.00000    0 1704          -  119.00000      -     - 1013s
     0     0  119.00000    0 1368          -  119.00000      -     - 1035s
     0     0  119.00000    0 1365          -  119.00000      -     - 1035s
     0     0  119.00000    0 1191          -  119.00000      -     - 1277s
     0     2  119.00000    0 1029          -  119.00000      -     - 1508s
     1     5  119.00000    1  983          -  119.00000      -  4520 2127s
     3     7  119.00000    2  990          -  119.00000      -  1568 3901s
     5     7  119.00000    2 1002          -  119.00000      -  1010 4003s

Cutting planes:
  Learned: 2
  Gomory: 37
  Lift-and-project: 2
  Cover: 79
  Implied bound: 62
  Clique: 34
  MIR: 1467
  StrongCG: 17
  RLT: 304
  Relax-and-lift: 238

Explored 6 nodes (323752 simplex iterations) in 4022.99 seconds (118.23 work units)
Thread count was 32 (of 32 available processors)

Solution count 0

Time limit reached
Best objective -, best bound 1.190000000000e+02, gap -

Unable to retrieve attribute 'X'

