
Gurobi 10.0.3 (linux64, gurobi_cl) logging started Thu Nov  9 17:31:50 2023

Set parameter Username
Set parameter TimeLimit to value 3600
Set parameter LogFile to value "RCPSP_1367.log"
Set parameter Threads to value 32
Academic license - for non-commercial use only - expires 2024-11-06
Using license file /home/jrivera6/gurobi-licenses/v1003/compute-0-36/gurobi.lic

Gurobi Optimizer version 10.0.3 build v10.0.3rc0 (linux64)
Copyright (c) 2023, Gurobi Optimization, LLC

Read MPS format model from file RCPSP_1367.mps
Reading time = 0.06 seconds
RCPSP_1367: 42975 rows, 17020 columns, 151080 nonzeros

CPU model: Intel(R) Xeon(R) Gold 6130 CPU @ 2.10GHz, instruction set [SSE2|AVX|AVX2|AVX512]
Thread count: 32 physical cores, 32 logical processors, using up to 32 threads

Optimize a model with 42975 rows, 17020 columns and 151080 nonzeros
Model fingerprint: 0x072596f3
Variable types: 92 continuous, 16928 integer (16928 binary)
Coefficient statistics:
  Matrix range     [1e+00, 5e+02]
  Objective range  [1e+00, 1e+00]
  Bounds range     [1e+00, 1e+00]
  RHS range        [1e+00, 5e+02]
Presolve removed 10105 rows and 2522 columns (presolve time = 5s) ...
Presolve removed 10105 rows and 2522 columns (presolve time = 10s) ...
Presolve removed 15821 rows and 4797 columns
Presolve time: 11.56s
Presolved: 27154 rows, 12223 columns, 98253 nonzeros
Variable types: 91 continuous, 12132 integer (12132 binary)

Root simplex log...

Iteration    Objective       Primal Inf.    Dual Inf.      Time
       0    1.0500000e+02   9.040450e+04   0.000000e+00     12s
    3996    1.0500000e+02   0.000000e+00   0.000000e+00     12s

Root relaxation: objective 1.050000e+02, 3996 iterations, 0.44 seconds (0.08 work units)

    Nodes    |    Current Node    |     Objective Bounds      |     Work
 Expl Unexpl |  Obj  Depth IntInf | Incumbent    BestBd   Gap | It/Node Time

     0     0  105.00000    0  560          -  105.00000      -     -   19s
     0     0  113.00000    0  424          -  113.00000      -     -   20s
     0     0  113.00000    0  926          -  113.00000      -     -   45s
     0     0  113.00000    0  911          -  113.00000      -     -   45s
     0     0  113.00000    0  864          -  113.00000      -     -   47s
     0     0  113.00000    0  251          -  113.00000      -     -   76s
     0     0  113.00000    0  378          -  113.00000      -     -   96s
     0     0  113.00000    0  297          -  113.00000      -     -  109s
     0     0  113.00000    0  284          -  113.00000      -     -  109s
     0     0  113.00000    0  499          -  113.00000      -     -  113s
     0     0  113.00000    0  464          -  113.00000      -     -  113s
     0     0  113.00000    0  437          -  113.00000      -     -  126s
     0     0  113.00000    0  424          -  113.00000      -     -  126s
     0     0  113.00000    0  547          -  113.00000      -     -  128s
     0     0  113.00000    0  583          -  113.00000      -     -  129s
     0     0  113.00000    0  410          -  113.00000      -     -  144s
     0     0  113.00000    0  526          -  113.00000      -     -  146s
     0     0  113.00000    0  524          -  113.00000      -     -  146s
     0     0  113.00000    0  322          -  113.00000      -     -  153s
     0     0  113.00000    0  312          -  113.00000      -     -  153s
     0     0  113.00000    0  232          -  113.00000      -     -  163s
     0     2  113.00000    0  193          -  113.00000      -     -  180s
     3     6  113.00000    2  528          -  113.00000      -   845  226s
     7    11  113.00000    3  629          -  113.00000      -  1070  247s
    13    21  114.66667    4  633          -  113.00000      -  1064  300s
    24    39  115.00000    5  713          -  113.00000      -  1046  437s
    45    64  115.00000    6  642          -  113.00000      -   879  460s
    77    93  115.00000    7  644          -  113.00000      -   832  481s
   109   124  115.00000    8  618          -  113.00000      -   742  493s
   141   156  115.00000    9  612          -  113.00000      -   655  497s
   173   199  115.00000   10  610          -  113.00000      -   548  514s
   219   246  115.00000   11  610          -  113.00000      -   443  522s
   269   292  115.00000   13  609          -  113.00000      -   367  533s
   323   337  115.00000   15  616          -  113.00000      -   313  538s
   380   385  115.00000   17  613          -  113.00000      -   270  546s
   433   435  115.00000   19  606          -  113.00000      -   242  553s
   486   491  115.00000   21  633          -  113.00000      -   223  557s
   545   551  115.00000   23  624          -  113.00000      -   204  592s
   608   613  115.00000   26  618          -  113.00000      -   187  596s
   672   680  115.00000   28  628          -  113.00000      -   172  601s
   741   748  115.00000   30  628          -  113.00000      -   158  607s
   814   820  115.00000   32  611          -  113.00000      -   146  640s
   887   912  115.00000   34  624          -  113.00000      -   140  655s
   988  1006  115.00000   35  592          -  113.00000      -   129  683s
  1088  1115  115.02219   41  595          -  113.00000      -   125  701s
  1197  1257  115.02219   42  591          -  113.00000      -   119  713s
  1346  1422  115.02219   50  606          -  113.00000      -   110  725s
  1525  1536  115.02219   59  640          -  113.00000      -   102  755s
  1653  1666  120.00000   65  669          -  113.00000      -   102  766s
  1788  1788  118.91935   66  646          -  113.00000      -   101  771s
  1928  1949 infeasible   66               -  113.00000      -  99.3  788s
  2109  2125  118.91935   68  572          -  113.00000      -  96.2  793s
  2310  2271  122.00000   69  581          -  113.00000      -  93.0  805s
  2488  2456  122.00000   69  651          -  113.00000      -  92.1  813s
  2704  2641  122.00000   70  583          -  113.00000      -  89.6  821s
  2911  2819  122.00000   73  570          -  113.00000      -  88.1  829s
  3116  3072  122.00000   77  574          -  113.00000      -  87.4  838s
  3405  3322  122.00000   80  567          -  113.00000      -  83.8  852s
  3724  3637  125.00000   84  577          -  113.00000      -  80.9  860s
  4089  3959  125.00000  103  560          -  113.00000      -  77.4  874s
  4479  4289  125.00000  109  573          -  115.00000      -  74.5  887s
  4907  4769  116.00000    8  674          -  115.00000      -  72.0  915s
  5546  5279  117.00000   19  701          -  115.00000      -  69.4  938s
  6200  5280  132.00000   59  232          -  115.00000      -  67.4 1023s
  6201  5281  122.00000   59  232          -  115.00000      -  67.4 1027s
  6202  5281  125.00000   22  339          -  115.00000      -  67.4 1051s
  6203  5282  120.00000   95  673          -  115.00000      -  67.4 1062s
  6204  5283  124.00000   67  653          -  115.00000      -  67.4 1065s
  6205  5283  118.00000    8  355          -  115.00000      -  67.4 1079s
  6206  5284  128.00000   20  681          -  115.00000      -  67.4 1083s
  6207  5285  123.00000   48  326          -  115.00000      -  67.4 1098s
  6208  5285  123.00000   10  290          -  115.00000      -  67.3 1100s
  6209  5286  120.00000   97  290          -  115.00000      -  67.3 1109s
  6210  5290  115.00000   10  215          -  115.00000      -   5.0 1153s
  6212  5293  115.00000   11  263          -  115.00000      -   5.1 1199s
  6216  5300  115.00000   12  277          -  115.00000      -   5.3 1208s
  6224  5313  115.00000   13  278          -  115.00000      -   5.5 1218s
  6240  5340  115.00000   14  324          -  115.00000      -   6.0 1234s
  6272  5361  115.00000   15  420          -  115.00000      -   7.0 1244s
  6304  5378  115.00000   15  333          -  115.00000      -   7.7 1256s
  6336  5400  115.00000   16  319          -  115.00000      -   8.0 1266s
  6368  5419  115.00000   16  488          -  115.00000      -   8.7 1277s
  6400  5437  115.00000   17  479          -  115.00000      -   9.1 1283s
  6437  5455  115.00000   17  319          -  115.00000      -   9.4 1294s
  6469  5481  115.00000   18  498          -  115.00000      -  10.1 1298s
  6514  5507 infeasible   18               -  115.00000      -  10.7 1302s
  6565  5509  118.00000   19  451          -  115.00000      -  11.0 1315s
  6598  5542  115.00000   20  502          -  115.00000      -  11.3 1336s
  6657  5569  119.00000   21  518          -  115.00000      -  11.7 1356s
  6718  5573  119.00000   21  462          -  115.00000      -  12.0 1370s
  6756  5622  119.00000   22  462          -  115.00000      -  12.3 1393s
  6826  5669  119.00000   24  442          -  115.00000      -  12.5 1407s
  6907  5711  119.00000   26  487          -  115.00000      -  12.8 1422s
  6988  5706  119.00000   27  494          -  115.00000      -  13.1 1446s
  7020  5748  127.00000   27  481          -  115.00000      -  13.4 1452s
  7092  5775  120.00000   29  485          -  115.00000      -  13.6 1458s
  7166  5833  120.00000   30  527          -  115.00000      -  13.7 1469s
  7265  5873  119.00000   32  543          -  115.00000      -  13.9 1481s
  7357  5867  119.00000   33  531          -  115.00000      -  14.0 1517s
  7392  5942  119.00000   33  539          -  115.00000      -  14.2 1531s
  7494  6017  119.00000   36  531          -  115.00000      -  14.4 1547s
  7612  6094  133.00000   38  521          -  115.00000      -  14.6 1587s
  7737  6182  119.00000   40  543          -  115.00000      -  14.7 1603s
  7898  6159  128.00000   43  500          -  115.00000      -  15.0 1634s
  7935  6418  125.00000   43  504          -  115.00000      -  15.3 1675s
  8242  6668  126.00000   47  540          -  115.00000      -  15.8 1707s
  8613  6698  125.00000   53  514          -  115.00000      -  16.0 1712s
  8815  6953  131.00000   57  523          -  115.00000      -  16.3 1729s
  9194  7229  131.00000   40  492          -  115.00000      -  16.5 1739s
  9653  7083  143.00000   48  513          -  115.00000      -  16.5 1769s
  9693  7082  143.00000   49  513          -  115.00000      -  16.7 1838s
H 9694  6816                     498.0000000  115.00000  76.9%  16.7 1840s
H 9744  6568                     248.0000000  115.00000  53.6%  16.9 2192s
H 9746  6328                     231.0000000  115.00000  50.2%  16.9 2192s
H 9747  6101                     230.0000000  115.00000  50.0%  16.9 2192s
H 9748  5885                     226.0000000  115.00000  49.1%  16.9 2192s
H 9762  5676                     225.0000000  115.00000  48.9%  17.0 2192s
H 9780  5476                     223.0000000  115.00000  48.4%  17.1 2192s
  9781  5484 infeasible   51       223.00000  115.00000  48.4%  17.1 2214s
H 9828  5297                     209.0000000  115.00000  45.0%  17.3 2371s
H 9832  5120                     206.9999990  115.00000  44.4%  17.3 2371s
H 9845  4949                     203.0000000  115.00000  43.3%  17.3 2371s
  9875  4974  143.00000   52  503  203.00000  115.00000  43.3%  17.4 2395s
  9930  5008  143.00000   53  503  203.00000  115.00000  43.3%  17.6 2438s
  9982  5050 infeasible   54       203.00000  115.00000  43.3%  17.7 2474s
 10046  5083  143.00000   54  495  203.00000  115.00000  43.3%  17.8 2499s
 10104  5124  143.00000   55  489  203.00000  115.00000  43.3%  17.9 2527s
 10172  5158  143.00000   54  503  203.00000  115.00000  43.3%  18.0 2555s
 10235  5216  143.00000   56  489  203.00000  115.00000  43.3%  18.0 2607s
 10318  5258 infeasible   57       203.00000  115.00000  43.3%  18.1 2640s
 10402  5307  143.00000   57  487  203.00000  115.00000  43.3%  18.1 2664s
 10483  5360  144.00000   58  483  203.00000  115.00000  43.3%  18.2 2686s
 10565  5414  144.00000   59  483  203.00000  115.00000  43.3%  18.3 2712s
 10648  5461 infeasible   58       203.00000  115.00000  43.3%  18.3 2747s
 10733  5523  155.00000   59  468  203.00000  115.00000  43.3%  18.4 2787s
 10825  5586 infeasible   61       203.00000  115.00000  43.3%  18.4 2812s
 10925  5598 infeasible   61       203.00000  115.00000  43.3%  18.4 2836s
H10926  5431                     201.0000000  115.00000  42.8%  18.4 2836s
H10936  5275                     199.0000000  115.00000  42.2%  18.4 2836s
 10976  5331  155.00000   60  470  199.00000  115.00000  42.2%  18.3 2867s
 11059  6123  155.00000   61  461  199.00000  115.00000  42.2%  18.3 2883s
H11970  6119                     198.0000000  115.00000  41.9%  17.8 2896s
H11998  5973                     196.0000000  115.00000  41.3%  17.8 2896s
H12190  5780                     195.0000000  115.00000  41.0%  17.7 2896s
 12512  6361  167.00000   66  552  195.00000  115.00000  41.0%  17.5 2914s
 13451  6367  183.00000   72  458  195.00000  115.00000  41.0%  17.3 2929s
H13465  6312                     194.0000000  115.00000  40.7%  17.3 2929s
H13505  6306                     193.0000000  115.00000  40.4%  17.3 2929s
H13629  6299                     192.0000000  115.00000  40.1%  17.3 2930s
 13846  7115  169.00000   72  506  192.00000  115.00000  40.1%  17.3 2952s
 14907  7113  116.00000   20  470  192.00000  115.00000  40.1%  17.2 3007s
H14908  6965                     186.0000000  115.00000  38.2%  17.2 3007s
 14983  7739  116.00000   21  470  186.00000  115.00000  38.2%  17.4 3020s
 15847  7790  150.00000   58  400  186.00000  115.00000  38.2%  17.5 3054s
 15919  8777  150.00000   60  393  186.00000  115.00000  38.2%  17.6 3070s
H15980  8753                     185.0000000  115.00000  37.8%  17.6 3070s
H16080  8702                     184.0000000  115.00000  37.5%  17.6 3070s
 16947 10215  157.00000  121  368  184.00000  115.00000  37.5%  17.2 3102s
H18596 11334                     183.0000000  115.00000  37.2%  16.7 3119s
H18759 11259                     182.0000000  115.00000  36.8%  16.6 3119s
H18763 11232                     181.0000000  115.00000  36.5%  16.6 3120s
 19863 11231  171.00000  262  170  181.00000  115.00000  36.5%  16.1 3166s
 19925 12149  171.00000  263  166  181.00000  115.00000  36.5%  16.2 3181s
 20945 12188  174.00000  315  118  181.00000  115.00000  36.5%  16.0 3239s
 21081 13668  174.00000  329  115  181.00000  115.00000  36.5%  16.1 3259s
 22860 14809 infeasible  359       181.00000  115.00000  36.5%  15.7 3282s
*23657 14809             317     181.0000000  115.00000  36.5%  15.6 3282s
 24457 14809  125.00000   19  381  181.00000  115.00000  36.5%  15.5 3312s
*24605 14427             386     180.0000000  115.00000  36.1%  15.5 3313s
 24641 15360  125.00000   20  474  180.00000  115.00000  36.1%  15.5 3333s
H25932 15430                     177.0000000  115.00000  35.0%  15.8 3355s
 26796 15385  134.00000   27  430  177.00000  115.00000  35.0%  15.8 3396s
 26911 17202  137.00000   30  421  177.00000  115.00000  35.0%  15.9 3417s
 28954 21018  154.00000  108  377  177.00000  115.00000  35.0%  15.7 3588s
H30527 21018                     177.0000000  115.00000  35.0%  15.6 3588s
H30956 20888                     176.0000000  115.00000  34.7%  15.6 3588s
 33522 20814  123.00000   45  412  176.00000  115.00000  34.7%  15.2 3600s
H33556 20331                     174.0000000  115.00000  33.9%  15.2 3600s

Cutting planes:
  Learned: 1
  Gomory: 8
  Cover: 11
  Implied bound: 52
  Clique: 6
  MIR: 40
  RLT: 17
  Relax-and-lift: 5

Explored 33613 nodes (1001256 simplex iterations) in 3641.79 seconds (113.48 work units)
Thread count was 32 (of 32 available processors)

Solution count 10: 174 176 177 ... 184

Time limit reached
Best objective 1.740000000000e+02, best bound 1.150000000000e+02, gap 33.9080%

Wrote result file 'RCPSP_1367.sol'

