
Gurobi 10.0.3 (linux64, gurobi_cl) logging started Thu Nov  2 11:35:27 2023

Set parameter Username
Set parameter TimeLimit to value 3600
Set parameter LogFile to value "RCPSP_670.log"
Set parameter Threads to value 32
Academic license - for non-commercial use only - expires 2024-10-30
Using license file /home/jrivera6/gurobi-licenses/v1003/compute-0-39/gurobi.lic

Gurobi Optimizer version 10.0.3 build v10.0.3rc0 (linux64)
Copyright (c) 2023, Gurobi Optimization, LLC

Read MPS format model from file RCPSP_670.mps
Reading time = 0.02 seconds
RCPSP_670: 19643 rows, 7750 columns, 60937 nonzeros

CPU model: Intel(R) Xeon(R) Gold 6242 CPU @ 2.80GHz, instruction set [SSE2|AVX|AVX2|AVX512]
Thread count: 32 physical cores, 32 logical processors, using up to 32 threads

Optimize a model with 19643 rows, 7750 columns and 60937 nonzeros
Model fingerprint: 0x38da9bd9
Variable types: 62 continuous, 7688 integer (7688 binary)
Coefficient statistics:
  Matrix range     [1e+00, 3e+02]
  Objective range  [1e+00, 1e+00]
  Bounds range     [1e+00, 1e+00]
  RHS range        [1e+00, 3e+02]
Presolve removed 8398 rows and 3103 columns
Presolve time: 3.16s
Presolved: 11245 rows, 4647 columns, 35877 nonzeros
Variable types: 61 continuous, 4586 integer (4586 binary)

Root relaxation: objective 7.800000e+01, 1439 iterations, 0.02 seconds (0.01 work units)

    Nodes    |    Current Node    |     Objective Bounds      |     Work
 Expl Unexpl |  Obj  Depth IntInf | Incumbent    BestBd   Gap | It/Node Time

H    0     0                      78.0000000   78.00000  0.00%     -    3s
     0     0   78.00000    0  568   78.00000   78.00000  0.00%     -    3s

Explored 1 nodes (1439 simplex iterations) in 3.30 seconds (2.46 work units)
Thread count was 32 (of 32 available processors)

Solution count 1: 78 

Optimal solution found (tolerance 1.00e-04)
Best objective 7.800000000000e+01, best bound 7.800000000000e+01, gap 0.0000%

Wrote result file 'RCPSP_670.sol'

