
Gurobi 10.0.3 (linux64, gurobi_cl) logging started Thu Nov  2 11:35:29 2023

Set parameter Username
Set parameter TimeLimit to value 3600
Set parameter LogFile to value "RCPSP_668.log"
Set parameter Threads to value 32
Academic license - for non-commercial use only - expires 2024-10-30
Using license file /home/jrivera6/gurobi-licenses/v1003/compute-0-35/gurobi.lic

Gurobi Optimizer version 10.0.3 build v10.0.3rc0 (linux64)
Copyright (c) 2023, Gurobi Optimization, LLC

Read MPS format model from file RCPSP_668.mps
Reading time = 0.02 seconds
RCPSP_668: 19643 rows, 7750 columns, 60937 nonzeros

CPU model: Intel(R) Xeon(R) Gold 6130 CPU @ 2.10GHz, instruction set [SSE2|AVX|AVX2|AVX512]
Thread count: 32 physical cores, 32 logical processors, using up to 32 threads

Optimize a model with 19643 rows, 7750 columns and 60937 nonzeros
Model fingerprint: 0xaa0f70ec
Variable types: 62 continuous, 7688 integer (7688 binary)
Coefficient statistics:
  Matrix range     [1e+00, 3e+02]
  Objective range  [1e+00, 1e+00]
  Bounds range     [1e+00, 1e+00]
  RHS range        [1e+00, 3e+02]
Presolve removed 8459 rows and 3132 columns
Presolve time: 3.81s
Presolved: 11184 rows, 4618 columns, 35669 nonzeros
Variable types: 61 continuous, 4557 integer (4557 binary)

Root relaxation: objective 8.200000e+01, 1441 iterations, 0.02 seconds (0.01 work units)

    Nodes    |    Current Node    |     Objective Bounds      |     Work
 Expl Unexpl |  Obj  Depth IntInf | Incumbent    BestBd   Gap | It/Node Time

     0     0   82.00000    0   15          -   82.00000      -     -    4s
     0     0   87.00000    0    5          -   87.00000      -     -    4s
H    0     0                      87.0000000   87.00000  0.00%     -    5s

Cutting planes:
  Learned: 3
  Gomory: 1
  Implied bound: 1
  MIR: 10
  Relax-and-lift: 3

Explored 1 nodes (3612 simplex iterations) in 5.59 seconds (2.82 work units)
Thread count was 32 (of 32 available processors)

Solution count 1: 87 

Optimal solution found (tolerance 1.00e-04)
Best objective 8.700000000000e+01, best bound 8.700000000000e+01, gap 0.0000%

Wrote result file 'RCPSP_668.sol'

