
Gurobi 10.0.3 (linux64, gurobi_cl) logging started Thu Nov  9 11:48:25 2023

Set parameter Username
Set parameter TimeLimit to value 3600
Set parameter LogFile to value "RCPSP_1170.log"
Set parameter Threads to value 32
Academic license - for non-commercial use only - expires 2024-10-30
Using license file /home/jrivera6/gurobi-licenses/v1003/compute-0-38/gurobi.lic

Gurobi Optimizer version 10.0.3 build v10.0.3rc0 (linux64)
Copyright (c) 2023, Gurobi Optimization, LLC

Read MPS format model from file RCPSP_1170.mps
Reading time = 0.07 seconds
RCPSP_1170: 42947 rows, 17020 columns, 142862 nonzeros

CPU model: Intel(R) Xeon(R) Gold 6242 CPU @ 2.80GHz, instruction set [SSE2|AVX|AVX2|AVX512]
Thread count: 32 physical cores, 32 logical processors, using up to 32 threads

Optimize a model with 42947 rows, 17020 columns and 142862 nonzeros
Model fingerprint: 0xc2c89242
Variable types: 92 continuous, 16928 integer (16928 binary)
Coefficient statistics:
  Matrix range     [1e+00, 5e+02]
  Objective range  [1e+00, 1e+00]
  Bounds range     [1e+00, 1e+00]
  RHS range        [1e+00, 5e+02]
Presolve removed 12409 rows and 3333 columns
Presolve time: 4.70s
Presolved: 30538 rows, 13687 columns, 105789 nonzeros
Variable types: 91 continuous, 13596 integer (13596 binary)

Deterministic concurrent LP optimizer: primal and dual simplex (primal and dual model)
Showing first log only...

Root relaxation presolved: 30535 rows, 13690 columns, 105783 nonzeros


Root simplex log...

Iteration    Objective       Primal Inf.    Dual Inf.      Time
       0    8.1493891e+01   4.017481e-03   1.712305e+08      5s
    2004    8.1000000e+01   0.000000e+00   0.000000e+00      6s
    2004    8.1000000e+01   0.000000e+00   0.000000e+00      6s
Concurrent spin time: 0.29s

Solved with dual simplex (primal model)

Root relaxation: objective 8.100000e+01, 4243 iterations, 0.95 seconds (0.11 work units)

    Nodes    |    Current Node    |     Objective Bounds      |     Work
 Expl Unexpl |  Obj  Depth IntInf | Incumbent    BestBd   Gap | It/Node Time

     0     0   81.00000    0  306          -   81.00000      -     -    8s
     0     0   92.00000    0  296          -   92.00000      -     -    8s
     0     0   92.00000    0  721          -   92.00000      -     -   26s
     0     0   92.00000    0  788          -   92.00000      -     -   28s
     0     0   92.00000    0  729          -   92.00000      -     -   28s
     0     0   92.00000    0  702          -   92.00000      -     -   28s
     0     0   92.00000    0  721          -   92.00000      -     -   29s
     0     0   92.00000    0  704          -   92.00000      -     -   29s
     0     0   92.00000    0  191          -   92.00000      -     -   46s
     0     0   92.00000    0  191          -   92.00000      -     -   46s
     0     0   92.00000    0  490          -   92.00000      -     -   49s
     0     0   92.00016    0  345          -   92.00016      -     -   56s
     0     0   92.00016    0  325          -   92.00016      -     -   56s
     0     0   92.00480    0  439          -   92.00480      -     -   57s
     0     0   92.00480    0  426          -   92.00480      -     -   58s
     0     0   92.00480    0  362          -   92.00480      -     -   58s
     0     0   92.00480    0  356          -   92.00480      -     -   58s
     0     0   92.30967    0  754          -   92.30967      -     -   60s
     0     0   92.30967    0  589          -   92.30967      -     -   60s
     0     0   92.30967    0  581          -   92.30967      -     -   61s
     0     0   92.31565    0  573          -   92.31565      -     -   61s
     0     0   92.31565    0  569          -   92.31565      -     -   61s
     0     0   92.40000    0  592          -   92.40000      -     -   64s
     0     0   92.40000    0  505          -   92.40000      -     -   64s
     0     0   92.40000    0  527          -   92.40000      -     -   64s
     0     0   92.40000    0  112          -   92.40000      -     -   79s
     0     0   92.40000    0  646          -   92.40000      -     -   85s
     0     0   92.40000    0  644          -   92.40000      -     -   85s
     0     0   92.40000    0  536          -   92.40000      -     -   88s
     0     0   92.40000    0  527          -   92.40000      -     -   88s
     0     0   92.40000    0  678          -   92.40000      -     -   91s
     0     0   92.40000    0  588          -   92.40000      -     -   91s
     0     0   92.40000    0  575          -   92.40000      -     -   91s
     0     0   92.40000    0  598          -   92.40000      -     -   92s
     0     0   92.40000    0  586          -   92.40000      -     -   93s
     0     0   93.00000    0  804          -   93.00000      -     -   98s
     0     0   93.00000    0  733          -   93.00000      -     -   98s
     0     0   93.00061    0  797          -   93.00061      -     -  105s
     0     0   93.00061    0  761          -   93.00061      -     -  105s
     0     0   93.03438    0  793          -   93.03438      -     -  106s
     0     0   93.03438    0  767          -   93.03438      -     -  106s
     0     0   93.07782    0  701          -   93.07782      -     -  107s
     0     0   93.07782    0  698          -   93.07782      -     -  107s
     0     0   93.07782    0  829          -   93.07782      -     -  108s
     0     0   93.07782    0  805          -   93.07782      -     -  108s
     0     0   93.79783    0  921          -   93.79783      -     -  110s
     0     0   93.79783    0  915          -   93.79783      -     -  110s
     0     0   93.79783    0  798          -   93.79783      -     -  111s
     0     0   93.79783    0  825          -   93.79783      -     -  114s
     0     0   93.79783    0  818          -   93.79783      -     -  115s
     0     0   93.79783    0  780          -   93.79783      -     -  115s
     0     0   93.79783    0  788          -   93.79783      -     -  116s
     0     0   93.83183    0  318          -   93.83183      -     -  123s
     0     0   93.83183    0  489          -   93.83183      -     -  123s
     0     0   93.83183    0  485          -   93.83183      -     -  124s
     0     0   93.83766    0  495          -   93.83766      -     -  126s
     0     0   93.83766    0  494          -   93.83766      -     -  126s
     0     0   93.83766    0  569          -   93.83766      -     -  129s
     0     0   93.83766    0  566          -   93.83766      -     -  129s
     0     0   93.88600    0  613          -   93.88600      -     -  130s
     0     0   93.88600    0  579          -   93.88600      -     -  130s
     0     0   93.88600    0  606          -   93.88600      -     -  131s
     0     0   93.88600    0  605          -   93.88600      -     -  131s
     0     0   93.94309    0  572          -   93.94309      -     -  133s
     0     0   93.94309    0  581          -   93.94309      -     -  134s
     0     0   93.94309    0  508          -   93.94309      -     -  134s
     0     0   93.94309    0  596          -   93.94309      -     -  135s
     0     0   93.94309    0  594          -   93.94309      -     -  135s
     0     0   93.94309    0  555          -   93.94309      -     -  135s
     0     0   93.94905    0  692          -   93.94905      -     -  137s
     0     0   93.94905    0  551          -   93.94905      -     -  137s
     0     0   93.94905    0  571          -   93.94905      -     -  139s
     0     0   93.94905    0  601          -   93.94905      -     -  142s
     0     0   93.94905    0  562          -   93.94905      -     -  142s
     0     0   93.94905    0  535          -   93.94905      -     -  142s
     0     0   93.94905    0  649          -   93.94905      -     -  147s
     0     0   93.94905    0  206          -   93.94905      -     -  154s
     0     0   93.94905    0  529          -   93.94905      -     -  155s
     0     0   93.94905    0  129          -   93.94905      -     -  161s
     0     0   93.94905    0  429          -   93.94905      -     -  168s
     0     0   93.94905    0  135          -   93.94905      -     -  172s
     0     0   93.94905    0  450          -   93.94905      -     -  174s
     0     0   93.94905    0  195          -   93.94905      -     -  183s
     0     0   93.94905    0  181          -   93.94905      -     -  188s
     0     2   93.94905    0  181          -   93.94905      -     -  204s
     1     4   94.00000    1  291          -   94.00000      -  2324  207s
     3     6   94.00000    2  291          -   94.00000      -   862  212s
     6    12   94.00000    3  291          -   94.00000      -   565  216s
    12    23   94.00000    4  789          -   94.00000      -   467  225s
    24    46   94.00001    5  678          -   94.00000      -   959  239s
    47    74   94.00003    6  785          -   94.00000      -  1104  250s
    79   105   94.00029    7  945          -   94.00000      -  1035  258s
   111   135   94.00061    8  928          -   94.00000      -   951  265s
   143   162   94.25000    9  910          -   94.00000      -   761  271s
   175   193   94.25000   10  904          -   94.00000      -   634  277s
   211   223   94.25000   11  896          -   94.00000      -   540  287s
   248   257   94.30000   12  893          -   94.00000      -   476  293s
   286   288   94.30000   13  893          -   94.00000      -   428  306s
   323   331   94.30000   14  815          -   94.00000      -   405  314s
   368   372   94.30000   15  790          -   94.00000      -   370  327s
   410   418   94.30000   16  786          -   94.00000      -   346  336s
   456   466   94.30000   18  782          -   94.00000      -   318  342s
   506   522   94.30000   19  782          -   94.00000      -   295  348s
   568   582   94.30000   21  853          -   94.00000      -   274  361s
   628   645   94.30000   22  852          -   94.00000      -   258  367s
   695   705   94.30000   24  789          -   94.00000      -   239  372s
   758   766   94.30000   25  764          -   94.00000      -   222  377s
   825   831   94.30000   27  741          -   94.00000      -   206  383s
   895   920   94.30000   29  744          -   94.00000      -   193  388s
   989  1010   94.30000   31  756          -   94.00000      -   178  392s
  1083  1098   94.30000   34  754          -   94.00000      -   166  407s
  1173  1188   97.00000   36  911          -   94.00000      -   161  413s
  1268  1313   97.00000   37  695          -   94.00000      -   155  420s
  1397  1499   97.00000   38  693          -   94.00000      -   148  428s
  1592  1698   97.00000   40  743          -   94.00000      -   137  437s
  1799  1961  103.00000   42  600          -   94.00000      -   128  443s
  2067  2260  103.00000   54  584          -   94.00000      -   118  451s
  2369  2639  103.00000   67  568          -   94.00000      -   108  458s
  2762  3063  103.00000   81  634          -   94.00000      -  97.5  463s
  3201  3484  103.00000   99  606          -   94.00000      -  88.3  469s
  3648  3856  103.00000  104  608          -   94.00000      -  81.5  476s
  4046  4270  103.00000  114  604          -   94.00000      -  77.1  482s
  4501  4618  103.00000  125  625          -   94.00000      -  73.0  488s
  4884  4985  103.00000  139  656          -   94.00000      -  70.8  496s
  5304  5262  103.00000  157  644          -   94.00000      -  68.8  502s
  5608  5693  103.00000  158  636          -   94.00000      -  69.3  531s
  6084  6100  103.00000  168  684          -   94.00000      -  66.9  539s
  6557  6594  103.00000  178  677          -   94.00000      -  65.7  548s
  7121  7155  103.00000  202  663          -   94.00000      -  64.1  560s
  7757  7630 infeasible  206               -   94.00000      -  62.4  572s
  8318  8081  103.00000  215  565          -   94.00000      -  61.4  583s
  8874  8599  103.00000  231  553          -   94.00000      -  60.8  593s
  9466  9066  103.00000  243  619          -   94.00000      -  60.3  605s
 10026  9727  104.00000  274  585          -   94.00000      -  60.0  614s
 10781 10561  108.00000  296  584          -   94.00000      -  58.6  625s
 11727 11385  108.00000  330  548          -   94.00000      -  56.4  638s
 12714 11869 infeasible  337               -   94.00000      -  54.5  655s
 13396 12410   94.00000    8  939          -   94.00000      -  54.4  672s
 14056 12913   94.00000   13 1009          -   94.00000      -  54.5  691s
 14753 12914  110.00000  215  527          -   94.00000      -  54.7  722s
 14755 12915  106.00000  117  117          -   94.00000      -  54.7  732s
 14757 12917  100.00000  235  831          -   94.00000      -  54.7  737s
 14758 12917   97.00000   29  803          -   94.00000      -  54.7  743s
 14759 12918  102.00000  244  837          -   94.00000      -  54.7  747s
 14761 12919  102.00000  247  882          -   94.00000      -  54.7  752s
 14762 12920  123.00000  125  175          -   94.00363      -  54.7  759s
 14763 12921   97.00000  134  377          -   94.00510      -  54.7  762s
 14765 12922  112.00000   23  595          -   94.06248      -  54.7  765s
 14767 12923  103.00000  112  632          -   94.13208      -  54.7  770s
 14771 12926   94.19205   10  607          -   94.19205      -  54.7  777s
 14773 12927  107.00000  252  748          -   94.22723      -  54.6  780s
 14775 12929  101.00000   29  511          -   94.24408      -  54.6  785s
 14776 12929  100.00000   61  624          -   94.31589      -  54.6  790s
 14778 12931  110.00000  142  694          -   94.31589      -  54.6  797s
 14779 12931   99.00000   35  648          -   94.31589      -  54.6  803s
 14780 12932  109.00000   80  362          -   94.31589      -  54.6  818s
 14781 12933  100.00000  226  705          -   94.31589      -  54.6  820s
 14782 12933  109.00000  178  194          -   94.38270      -  54.6  832s
 14783 12934  118.00000   94  423          -   94.47096      -  54.6  836s
 14784 12935  106.00000  272  723          -   94.64047      -  54.6  840s
 14786 12936  110.00000   45  631          -   94.86725      -  54.6  846s
 14787 12937  109.00000  213  695          -   94.86725      -  54.6  850s
 14789 12938  100.00000  210  597          -   94.94193      -  54.6  856s
 14790 12939  107.00000  213  656          -   94.94193      -  54.6  860s
 14791 12939  105.00000  242  769          -   94.94193      -  54.6  867s
 14792 12940  109.00000  114  208          -   94.94193      -  54.6  884s
 14793 12941  120.00000   31  585          -   94.94202      -  54.6  888s
 14794 12941  102.00000  282  713          -   94.94278      -  54.6  892s
 14795 12942  119.00000  251  577          -   94.94697      -  54.6  897s
 14797 12943  100.00000  226  705          -   94.94697      -  54.6  902s
 14799 12945  118.00000  197  602          -   94.94698      -  54.6  907s
 14800 12945  101.00000  281  118          -   94.94698      -  54.5  922s
 14801 12946   97.00000  160  431          -   94.94698      -  54.5  926s
 14803 12947  104.00000  279  592          -   94.94698      -  54.5  931s
 14804 12948  119.00000  116  310          -   94.94698      -  54.5  982s
 14805 12949  103.00000   81  567          -   94.94698      -  54.5  995s
 14806 12949  104.00000   84  419          -   94.94698      -  54.5 1006s
 14809 12953  103.00000  251  527          -   94.94698      -  64.7 1017s
 14811 12954  103.00000   15  108          -   94.94698      -  64.7 1026s
 14813 12956  109.00000  212  734          -   94.94698      -  64.7 1032s
 14814 12956  111.00000  198  613          -   94.94698      -  64.7 1047s
 14816 12958  104.00000   55  837          -   94.94698      -  64.7 1050s
 14819 12960  111.00000   59  955          -   94.94698      -  64.7 1056s
 14820 12960  110.00000   70  269          -   94.94698      -  64.6 1063s
 14821 12961  109.00000  185  455          -   94.94698      -  64.6 1065s
 14822 12962  111.00000   71  177          -   94.94698      -  64.6 1078s
 14823 12962  119.00000  284  529          -   94.94698      -  64.6 1081s
 14824 12963  102.00000   39  403          -   94.94698      -  64.6 1085s
 14826 12964  110.00000  216  293          -   94.94698      -  64.6 1092s
 14828 12966  109.00000  197  272          -   94.94698      -  64.6 1102s
 14829 12966  107.00000  161  504          -   94.94698      -  64.6 1106s
 14830 12967  104.00000  203  220          -   94.94698      -  64.6 1112s
 14832 12968  104.00000  286  219          -   94.94698      -  64.6 1116s
 14833 12972   94.94897   25  270          -   94.94897      -  77.7 1140s
 14835 12975   94.95343   26  290          -   94.95343      -  77.7 1151s
 14839 12982   94.97322   27  359          -   94.96011      -  77.7 1162s
 14847 12995   94.97322   28  356          -   94.96011      -  77.7 1175s
 14863 13021   97.00000   29  723          -   94.97322      -  78.0 1195s
 14895 13039  105.00000   30  520          -   95.00000      -  78.5 1210s
 14927 13061   97.00000   30  721          -   95.00000      -  78.7 1219s
 14959 13081   97.00000   31  719          -   95.00000      -  78.7 1226s
 14991 13102  107.00000   31  701          -   95.00000      -  78.7 1239s
 15023 13123   97.00000   32  719          -   95.00000      -  78.7 1274s
H15024 12473                     478.0000000   95.00000  80.1%  78.7 1274s
H15055 11875                     198.0000000   95.00000  52.0%  78.5 1411s
H15060 11288                     194.0000000   95.00000  51.0%  78.6 1411s
 15088 11319  102.00000   33  744  194.00000   95.00000  51.0%  78.6 1426s
H15128 10782                     169.0000000   95.00000  43.8%  78.5 1494s
H15133 10251                     168.0000000   95.00000  43.5%  78.5 1494s
H15136  9748                     163.0000000   95.00000  41.7%  78.5 1494s
 15160  9788   98.00000   34  845  163.00000   95.00000  41.7%  78.5 1512s
 15208  9833   98.00000   35  695  163.00000   95.00000  41.7%  78.5 1523s
 15270  9873  111.00000   35  544  163.00000   95.00000  41.7%  78.3 1541s
 15331  9916   98.00000   36  699  163.00000   95.00000  41.7%  78.2 1559s
 15394  9955   98.00000   37  698  163.00000   95.00000  41.7%  78.1 1573s
 15457 10056  117.00000   37  752  163.00000   95.00000  41.7%  78.0 1578s
 15581 10157  104.00000   38  682  163.00000   95.00000  41.7%  77.6 1583s
 15727 10265   98.00000   40  694  163.00000   95.00000  41.7%  77.2 1587s
 15893 10326   98.00000   41  717  163.00000   95.00000  41.7%  76.7 1600s
 16036 10439   98.00000   43  693  163.00000   95.00000  41.7%  76.1 1605s
H16207  9947                     162.0000000   95.00000  41.4%  75.6 1612s
H16209  9493                     161.0000000   95.00000  41.0%  75.6 1612s
H16234  9055                     160.0000000   95.00000  40.6%  75.5 1612s
 16252  9237  101.00000   45  686  160.00000   95.00000  40.6%  75.4 1621s
 16458  9183  101.00000   46  714  160.00000   95.00000  40.6%  74.7 1640s
 16525  9222   98.00000   47  674  160.00000   95.00000  40.6%  74.6 1658s
 16600  9394  107.00000   47  664  160.00000   95.00000  40.6%  74.5 1670s
 16804  9332 infeasible   48       160.00000   95.00000  40.6%  73.9 1687s
 16887  9539  100.10025   49  664  160.00000   95.00000  40.6%  73.7 1696s
 17128  9511 infeasible   51       160.00000   95.00000  40.6%  72.9 1714s
 17202  9567  110.00000   51  613  160.00000   95.00000  40.6%  72.8 1727s
H17291  9262                     159.0000000   95.00000  40.3%  72.6 1735s
H17293  8865                     157.0000000   95.00000  39.5%  72.6 1736s
H17322  8484                     156.0000000   95.00000  39.1%  72.5 1736s
H17408  8078                     155.0000000   95.00000  38.7%  72.2 1736s
 17430  8334  102.10025   53  718  155.00000   95.00000  38.7%  72.2 1747s
 17746  8580  109.00000   54  991  155.00000   95.00000  38.7%  71.2 1757s
 18194  8925   98.00000   56  668  155.00000   95.00000  38.7%  69.9 1766s
 18781  8715   98.00000   57  666  155.00000   95.00000  38.7%  68.3 1787s
H18786  8379                     154.0000000   95.00000  38.3%  68.3 1788s
H18787  8062                     153.0000000   95.00000  37.9%  68.3 1788s
H18792  7716                     152.0000000   95.00000  37.5%  68.3 1788s
 18859  7752   98.00000   58  619  152.00000   95.00000  37.5%  68.2 1804s
 18940  8427   99.10025   58  639  152.00000   95.00000  37.5%  68.0 1811s
 19692  8910   98.01507   62  654  152.00000   95.00000  37.5%  66.0 1822s
 20564  9060  107.00000   64  510  152.00000   95.00000  37.5%  63.8 1833s
H20608  8755                     151.0000000   95.00000  37.1%  63.6 1833s
H20902  8278                     148.0000000   95.00000  35.8%  62.9 1833s
 21061  9041  100.00000   65  614  148.00000   95.00000  35.8%  62.5 1844s
H22070  8416                     147.0000000   95.00000  35.4%  60.3 1867s
H22071  8152                     146.0000000   95.00000  34.9%  60.3 1867s
 22130  8166  106.00000   70  668  146.00000   95.00000  34.9%  60.3 1888s
 22207  8995  101.00000   71  624  146.00000   95.00000  34.9%  60.3 1900s
 23176  9250  103.00000   81  635  146.00000   95.00000  34.9%  58.5 1912s
H23199  8998                     145.0000000   95.00000  34.5%  58.5 1912s
H23278  8712                     144.0000000   95.00000  34.0%  58.3 1912s
 23872  8470 infeasible   86       144.00000   95.00000  34.0%  57.3 1932s
 23976  9369  102.00000   33  249  144.00000   95.00000  34.0%  57.2 1943s
 25067  9641  110.00000   40  416  144.00000   95.00000  34.0%  55.6 1956s
H25248  9334                     144.0000000   95.00000  34.0%  55.4 1956s
H25329  9081                     143.0000000   95.00000  33.6%  55.3 1957s
H25361  8779                     142.0000000   95.00000  33.1%  55.3 1957s
 25795  8570  114.00000   69  342  142.00000   95.00000  33.1%  54.7 1981s
 25895  9565  114.00000   70  336  142.00000   95.00000  33.1%  54.6 1992s
H27017  9513                     141.0000000   95.00000  32.6%  53.4 2012s
 27089 10197  124.00000  114  316  141.00000   96.00000  31.9%  53.4 2031s
 27910 10396  100.00000   33  696  141.00000   96.00000  31.9%  52.5 2052s
H28157 11287                     140.0000000   96.00000  31.4%  52.4 2066s
H28270 11063                     139.0000000   96.00000  30.9%  52.3 2066s
 29268 13543  103.00000   94  574  139.00000   96.00000  30.9%  51.2 2128s
H32408 13524                     139.0000000   96.00000  30.9%  48.7 2155s
H32413 13285                     137.0000000   96.00000  29.9%  48.8 2155s
H32446 13131                     136.0000000   96.00000  29.4%  49.2 2155s
 32468 13108   97.00000   88  684  136.00000   96.00000  29.4%  49.8 2182s
 32552 13381  101.00000   88  717  136.00000   96.00000  29.4%  50.8 2194s
 32860 13412  102.00000   90  476  136.00000   96.00000  29.4%  51.4 2219s
 32939 13999  105.00000   91  480  136.00000   96.00000  29.4%  51.7 2236s
 33713 13992 infeasible  111       136.00000   96.00000  29.4%  51.8 2264s
 33802 14065  100.03987   90  604  136.00000   96.00000  29.4%  52.5 2290s
 33891 15143  107.00000   92  472  136.00000   96.00000  29.4%  53.0 2309s
 35181 16033  114.00000  113  409  136.00000   96.00000  29.4%  52.5 2331s
 36449 16004  102.00000   59  515  136.00000   96.00000  29.4%  52.1 2361s
 36572 16101  102.00000   62  513  136.00000   96.00000  29.4%  53.0 2389s
 36691 17176  109.00000   67  441  136.00000   96.00000  29.4%  53.3 2409s
 37993 17771  122.00000  173  396  136.00000   96.00000  29.4%  52.9 2429s
 38765 17801  111.00000   41  784  136.00000   96.00000  29.4%  52.8 2455s
 38919 19252  111.00000   46  781  136.00000   96.00000  29.4%  53.3 2477s
 40614 20426  111.00000   68  779  136.00000   96.00000  29.4%  52.6 2502s
 42232 20471  122.00000  117  636  136.00000   96.00000  29.4%  52.4 2535s
 42413 21200  128.00000  122  586  136.00000   96.00000  29.4%  53.2 2558s
 43271 21334  134.00000  153  625  136.00000   96.00000  29.4%  52.8 2587s
 43484 23511  134.00000  162  576  136.00000   96.00000  29.4%  53.0 2620s
 46084 24961   99.40636   89  656  136.00000   96.00000  29.4%  51.5 2660s
 48141 25134  103.00000  116  663  136.00000   96.00000  29.4%  51.2 2688s
H48142 24194                     135.0000000   96.00000  28.9%  51.2 2691s
 48363 24247  105.00000  123  548  135.00000   96.00000  28.9%  51.5 2731s
 48508 26319  111.00000  128  539  135.00000   96.00000  28.9%  52.0 2766s
 50883 26279 infeasible  222       135.00000   96.00000  28.9%  51.5 2846s
H50889 24283                     130.0000000   96.00000  26.2%  51.6 2850s
H50893 23655                     128.0000000   96.00000  25.0%  51.7 2850s
H50926 23655                     128.0000000   96.00000  25.0%  51.9 2850s
 50987 23710   96.00000   64  545  128.00000   96.00000  25.0%  52.3 2891s
 51123 23783   96.00000   69  610  128.00000   96.00000  25.0%  53.1 3084s
 51222 24053   96.00000   72  555  128.00000   96.00000  25.0%  53.4 3131s
 51501 24326  102.00000   79  490  128.00000   96.00000  25.0%  53.5 3180s
 51806 26430  114.00000   90  530  128.00000   96.00000  25.0%  53.7 3227s
 54603 26489 infeasible  221       128.00000   96.00000  25.0%  52.8 3274s
 54803 28591   97.00000   85  615  128.00000   96.00000  25.0%  53.8 3355s
 57801 28705  103.00000   95  612  128.00000   96.00000  25.0%  53.3 3411s
H58013 27134                     126.0000000   96.00000  23.8%  54.1 3639s
H58015 26644                     125.0000000   96.00000  23.2%  54.1 3644s
H58022 25936                     124.0000000   96.00000  22.6%  54.1 3651s

Cutting planes:
  Learned: 4
  Gomory: 21
  Cover: 112
  Implied bound: 68
  Projected implied bound: 2
  Clique: 10
  MIR: 82
  StrongCG: 16
  Flow cover: 413
  Inf proof: 86
  Zero half: 4
  RLT: 112
  Relax-and-lift: 47

Explored 58045 nodes (3183601 simplex iterations) in 3694.99 seconds (335.46 work units)
Thread count was 32 (of 32 available processors)

Solution count 10: 124 125 126 ... 139

Time limit reached
Best objective 1.240000000000e+02, best bound 9.600000000000e+01, gap 22.5806%

Wrote result file 'RCPSP_1170.sol'

