
Gurobi 10.0.3 (linux64, gurobi_cl) logging started Thu Nov  2 11:34:03 2023

Set parameter Username
Set parameter TimeLimit to value 3600
Set parameter LogFile to value "RCPSP_322.log"
Set parameter Threads to value 32
Academic license - for non-commercial use only - expires 2024-10-30
Using license file /home/jrivera6/gurobi-licenses/v1003/compute-0-35/gurobi.lic

Gurobi Optimizer version 10.0.3 build v10.0.3rc0 (linux64)
Copyright (c) 2023, Gurobi Optimization, LLC

Read MPS format model from file RCPSP_322.mps
Reading time = 0.01 seconds
RCPSP_322: 5349 rows, 2080 columns, 16103 nonzeros

CPU model: Intel(R) Xeon(R) Gold 6130 CPU @ 2.10GHz, instruction set [SSE2|AVX|AVX2|AVX512]
Thread count: 32 physical cores, 32 logical processors, using up to 32 threads

Optimize a model with 5349 rows, 2080 columns and 16103 nonzeros
Model fingerprint: 0x0d26f455
Variable types: 32 continuous, 2048 integer (2048 binary)
Coefficient statistics:
  Matrix range     [1e+00, 2e+02]
  Objective range  [1e+00, 1e+00]
  Bounds range     [1e+00, 1e+00]
  RHS range        [1e+00, 2e+02]
Presolve removed 3422 rows and 1346 columns
Presolve time: 0.29s
Presolved: 1927 rows, 734 columns, 5748 nonzeros
Variable types: 31 continuous, 703 integer (703 binary)

Root relaxation: objective 5.500000e+01, 253 iterations, 0.00 seconds (0.00 work units)

    Nodes    |    Current Node    |     Objective Bounds      |     Work
 Expl Unexpl |  Obj  Depth IntInf | Incumbent    BestBd   Gap | It/Node Time

     0     0   55.00000    0    4          -   55.00000      -     -    0s
H    0     0                      63.0000000   55.00000  12.7%     -    0s
H    0     0                      60.0000000   55.00000  8.33%     -    0s
     0     0   55.13538    0   44   60.00000   55.13538  8.11%     -    0s
     0     0   55.13538    0   76   60.00000   55.13538  8.11%     -    0s
     0     0   55.13538    0   78   60.00000   55.13538  8.11%     -    0s
     0     0     cutoff    0        60.00000   60.00000  0.00%     -    2s

Explored 1 nodes (1243 simplex iterations) in 2.42 seconds (0.28 work units)
Thread count was 32 (of 32 available processors)

Solution count 2: 60 63 

Optimal solution found (tolerance 1.00e-04)
Best objective 6.000000000000e+01, best bound 6.000000000000e+01, gap 0.0000%

Wrote result file 'RCPSP_322.sol'

