
Gurobi 10.0.3 (linux64, gurobi_cl) logging started Thu Nov  2 11:35:36 2023

Set parameter Username
Set parameter TimeLimit to value 3600
Set parameter LogFile to value "RCPSP_694.log"
Set parameter Threads to value 32
Academic license - for non-commercial use only - expires 2024-10-30
Using license file /home/jrivera6/gurobi-licenses/v1003/compute-0-34/gurobi.lic

Gurobi Optimizer version 10.0.3 build v10.0.3rc0 (linux64)
Copyright (c) 2023, Gurobi Optimization, LLC

Read MPS format model from file RCPSP_694.mps
Reading time = 0.03 seconds
RCPSP_694: 19643 rows, 7750 columns, 64658 nonzeros

CPU model: Intel(R) Xeon(R) Gold 6130 CPU @ 2.10GHz, instruction set [SSE2|AVX|AVX2|AVX512]
Thread count: 32 physical cores, 32 logical processors, using up to 32 threads

Optimize a model with 19643 rows, 7750 columns and 64658 nonzeros
Model fingerprint: 0x62c023fa
Variable types: 62 continuous, 7688 integer (7688 binary)
Coefficient statistics:
  Matrix range     [1e+00, 4e+02]
  Objective range  [1e+00, 1e+00]
  Bounds range     [1e+00, 1e+00]
  RHS range        [1e+00, 4e+02]
Presolve removed 7258 rows and 2607 columns
Presolve time: 3.22s
Presolved: 12385 rows, 5143 columns, 42191 nonzeros
Variable types: 61 continuous, 5082 integer (5082 binary)

Root relaxation: objective 6.400000e+01, 1687 iterations, 0.04 seconds (0.01 work units)

    Nodes    |    Current Node    |     Objective Bounds      |     Work
 Expl Unexpl |  Obj  Depth IntInf | Incumbent    BestBd   Gap | It/Node Time

     0     0   64.00000    0  132          -   64.00000      -     -    3s
     0     0   69.00000    0   99          -   69.00000      -     -    3s
     0     0   69.00000    0  210          -   69.00000      -     -    6s
     0     0   69.00000    0  240          -   69.00000      -     -    7s
     0     0   69.00000    0  214          -   69.00000      -     -    7s
     0     0   69.00000    0   50          -   69.00000      -     -   10s
     0     0   69.00000    0   84          -   69.00000      -     -   10s
     0     0   69.00000    0   42          -   69.00000      -     -   12s
     0     0   69.00000    0  100          -   69.00000      -     -   12s
     0     0   69.00000    0   43          -   69.00000      -     -   14s
     0     0   69.00000    0   70          -   69.00000      -     -   14s
     0     0   69.00000    0   91          -   69.00000      -     -   17s
     0     0   69.00000    0  142          -   69.00000      -     -   17s
     0     0   69.00000    0  104          -   69.00000      -     -   19s
     0     0   69.00000    0  102          -   69.00000      -     -   19s
     0     0   69.00000    0  215          -   69.00000      -     -   20s
     0     0   69.00000    0   57          -   69.00000      -     -   21s
H    0     0                     359.0000000   69.00000  80.8%     -   22s
     0     0   69.00000    0   55  359.00000   69.00000  80.8%     -   22s
H    0     0                     269.0000000   69.00000  74.3%     -   28s
     0     2   69.00000    0   55  269.00000   69.00000  74.3%     -   30s
     3     8   69.00000    2  143  269.00000   69.00000  74.3%   445   35s
    15    26   69.00000    4  157  269.00000   69.00000  74.3%   325   40s
    30    43   69.00000    5  319  269.00000   69.00000  74.3%   337   62s
    56    57   69.00000    6  374  269.00000   69.00000  74.3%   252   66s
H   88    75                     202.0000000   69.00000  65.8%   233  108s
H   90    75                     200.0000000   69.00000  65.5%   232  108s
H   91    75                     195.0000000   69.00000  64.6%   232  108s
H   94    75                     194.0000000   69.00000  64.4%   226  108s
H  100    75                     191.0000000   69.00000  63.9%   214  108s
H  109    75                     186.0000000   69.00000  62.9%   202  108s
   120    94   69.00000    8  380  186.00000   69.00000  62.9%   198  144s
H  121    94                     178.0000000   69.00000  61.2%   196  144s
H  141    94                     168.0000000   69.00000  58.9%   178  144s
   152   120   69.00000    9  381  168.00000   69.00000  58.9%   165  147s
   184   161   69.00000   10   67  168.00000   69.00000  58.9%   152  153s
   240   206   69.00000   11   60  168.00000   69.00000  58.9%   124  155s
   410   371   69.00000   16   95  168.00000   69.00000  58.9%  80.8  160s
   644   615   69.00000   21  106  168.00000   69.00000  58.9%  61.8  166s
   996   968   69.00000   26  133  168.00000   69.00000  58.9%  52.0  170s
H 1169   990                     147.0000000   69.00000  53.1%  47.1  193s
H 1170   990                     145.0000000   69.00000  52.4%  47.1  193s
H 1181   990                     144.0000000   69.00000  52.1%  47.2  193s
H 1187   990                     143.0000000   69.00000  51.7%  47.1  193s
  1207  1115   69.00000   29  254  143.00000   69.00000  51.7%  47.9  200s
  1740  1608   70.00000   34  205  143.00000   69.00000  51.7%  45.1  206s
  2153  2001   74.00000   35  238  143.00000   69.00000  51.7%  42.7  211s
  2665  2343   87.09934   38  183  143.00000   69.00000  51.7%  39.3  220s
  2877  2538 infeasible   40       143.00000   69.00000  51.7%  40.2  227s
  3115  2746   69.00000    9  301  143.00000   69.00000  51.7%  40.7  233s
  3385  2899   69.00000   11  215  143.00000   69.00000  51.7%  40.7  251s
H 3401  2355                      96.0000000   69.00000  28.1%  40.8  251s
H 3431  2331                      94.0000000   69.00000  26.6%  40.9  251s
H 3616  1951                      91.0000000   69.00000  24.2%  40.9  256s
  3617  1905   71.00000   23   55   91.00000   69.00000  24.2%  40.9  295s
H 3619  1810                      88.0000000   69.00000  21.6%  40.8  298s
  3622  1812   75.00000   93   64   88.00000   69.00000  21.6%  40.8  302s
  3624  1814   78.00000   39  164   88.00000   69.00000  21.6%  40.8  306s
  3627  1816   77.00000   19  439   88.00000   69.47622  21.0%  40.7  310s
H 3627  1725                      87.0000000   69.66672  19.9%  40.7  313s
  3630  1727   86.00000   18  228   87.00000   69.66672  19.9%  40.7  317s
  3632  1728   77.00000   71  194   87.00000   70.00000  19.5%  40.7  320s
H 3633  1642                      86.0000000   70.00000  18.6%  40.7  323s
  3634  1642   80.00000   86  186   86.00000   70.00000  18.6%  40.7  325s
  3638  1645   71.00000   37  257   86.00000   70.00000  18.6%  40.6  331s
  3641  1647   77.00000   18  337   86.00000   70.00000  18.6%  40.6  335s
  3644  1649   78.00000   39  244   86.00000   70.00000  18.6%  40.6  340s
H 3647  1568                      86.0000000   70.00000  18.6%  40.5  346s
  3652  1571   83.00000   10  189   86.00000   70.00000  18.6%  40.5  351s
  3655  1573   86.00000   49  298   86.00000   70.00000  18.6%  40.4  356s
  3657  1575   77.00000   50  294   86.00000   70.00000  18.6%  40.4  360s
  3660  1577   78.00000   66  202   86.00000   70.00000  18.6%  40.4  367s
  3662  1578   86.00000   17  203   86.00000   70.00000  18.6%  40.4  371s
  3664  1579   78.00000   73  203   86.00000   70.00000  18.6%  40.3  376s
  3666  1581   82.00000   12  205   86.00000   70.00000  18.6%  40.3  382s
  3669  1584   79.00000   16   55   86.00000   70.00000  18.6%  63.4  393s
  3671  1585   86.00000   31   78   86.00000   70.00000  18.6%  63.4  415s
  3672  1586   85.00000   61   36   86.00000   70.00000  18.6%  63.4  424s
  3673  1587   71.00000   29  178   86.00000   70.00000  18.6%  63.3  425s
  3677  1589   84.00000   16   42   86.00000   70.00000  18.6%  63.3  430s
  3679  1594   70.00000   28   50   86.00000   70.00000  18.6%  67.3  437s
  3681  1597   70.00000   29   72   86.00000   70.00000  18.6%  67.4  440s
  3693  1616   70.00000   31   77   86.00000   70.00000  18.6%  67.4  449s
  3709  1635   74.00000   32  208   86.00000   70.00000  18.6%  67.7  457s
H 3772  1588                      85.0000000   70.00000  17.6%  67.6  492s
H 3782  1508                      84.0000000   70.00000  16.7%  67.6  492s
H 3787  1435                      82.0000000   70.00000  14.6%  67.7  492s
H 3804  1365                      80.0000000   70.00000  12.5%  67.6  558s
  3836  1348   79.00000   35  134   80.00000   70.00000  12.5%  67.5  564s
  3868  1332 infeasible   35        80.00000   70.00000  12.5%  67.0  568s
  3914  1339   79.00000   37  140   80.00000   70.00000  12.5%  66.6  575s
  3994  1374     cutoff   38        80.00000   70.00000  12.5%  66.4  584s
  4027  1400   79.00000   38  200   80.00000   70.00000  12.5%  66.2  591s
  4067  1424   79.00000   39  240   80.00000   70.00000  12.5%  65.8  596s
  4108  1447   79.00000   39  198   80.00000   70.00000  12.5%  65.4  602s
  4151  1472     cutoff   40        80.00000   70.00000  12.5%  65.0  608s
  4203  1552   79.00000   42  196   80.00000   70.00000  12.5%  64.5  610s
  4325  1539   79.00000   44  197   80.00000   70.00000  12.5%  63.3  615s
  4606  1651   79.00000   48  184   80.00000   70.00000  12.5%  60.5  627s
  4801  1719   79.00000   51  182   80.00000   70.00000  12.5%  58.9  633s
  4841  1731   79.00000   52  174   80.00000   70.00000  12.5%  58.8  692s
H 4850  1663                      79.0000000   70.00000  11.4%  58.8  692s
  4874  1646     cutoff   52        79.00000   70.00000  11.4%  58.5  700s
  4978  1660   74.00000   35  151   79.00000   70.00000  11.4%  58.2  706s
  5042  1700   74.00000   36  139   79.00000   70.00000  11.4%  58.1  710s
  5116  1747   77.00000   38  139   79.00000   70.00000  11.4%  57.7  715s
  5872  2425   78.00000   55  170   79.00000   70.00000  11.4%  52.1  720s
  6637  2065   74.00000   41  177   79.00000   70.00000  11.4%  47.5  727s
  6706  2071   74.00000   42  172   79.00000   70.00000  11.4%  47.6  732s
  7299  2764   78.00000   55  137   79.00000   70.00000  11.4%  45.1  735s
  7864  2966   78.00000   69  132   79.00000   70.00000  11.4%  42.6  859s
  8194  2958 infeasible   79        79.00000   70.00000  11.4%  41.3  866s
  8275  3044   76.00000   37  197   79.00000   70.00000  11.4%  41.5  871s
  8375  3140   78.00000   38  286   79.00000   70.00000  11.4%  41.4  878s
* 8442  2466             138      78.0000000   70.00000  10.3%  41.3  878s
  8493  2490     cutoff   40        78.00000   70.00000  10.3%  41.3  885s
  8609  2560   70.00000   57  136   78.00000   70.00000  10.3%  41.3  892s
  8713  2663   70.00000   56  134   78.00000   70.00000  10.3%  41.3  902s
  8838  2762   71.00000   60  139   78.00000   70.00000  10.3%  41.1  909s
  8962  2879   70.00000   64  193   78.00000   70.00000  10.3%  40.9  919s
  9105  2980   70.00000   67  193   78.00000   70.00000  10.3%  40.7  927s
* 9146  2195             217      77.0000000   70.00000  9.09%  40.6  927s
  9258  2134   70.00000   73  184   77.00000   70.00000  9.09%  40.4 1019s
H 9259  1729                      75.0000000   70.00000  6.67%  40.4 1019s
  9344  1780   70.00000   74  179   75.00000   70.00000  6.67%  40.5 1031s
  9527  1900   71.00000   75  172   75.00000   70.00000  6.67%  40.4 1040s
  9686  1951   71.00000   80  170   75.00000   70.00000  6.67%  40.0 1049s
  9865  1945   71.00000   88  180   75.00000   70.00000  6.67%  39.6 1060s
 10060  1959   71.00000   97  164   75.00000   70.00000  6.67%  39.3 1074s
 10276  1929   74.00000  100  147   75.00000   70.00000  6.67%  39.2 1087s
 10490  1987   74.00000  107  119   75.00000   70.00000  6.67%  39.2 1100s
 10701  2092   71.00000   86  204   75.00000   70.00000  6.67%  39.7 1114s
 10934  3879   73.00000   90  214   75.00000   70.00000  6.67%  40.0 1123s
 13526  3901   71.00000  108  186   75.00000   70.00000  6.67%  34.3 1139s
 13763  6916   72.00000  110  186   75.00000   70.00000  6.67%  34.9 1152s
 18748  8788   70.00000  131  213   75.00000   70.00000  6.67%  28.7 1166s
 22392  8827   72.00000  115  179   75.00000   70.00000  6.67%  26.0 1183s
 22714  8874   72.00000  117  210   75.00000   70.00000  6.67%  26.3 1255s
H22726  8874                      75.0000000   70.00000  6.67%  26.3 1255s
H22748  7115                      74.0000000   70.00000  5.41%  26.2 1255s
 22768  7078   70.00000   61   55   74.00000   70.00000  5.41%  26.2 1296s
 22773  7081   73.07692  105  131   74.00000   70.00000  5.41%  26.2 1300s
 22781  7087   71.00000  130  139   74.00000   70.00000  5.41%  26.2 1307s
 22783  7088   71.00000   57   75   74.00000   70.00000  5.41%  26.2 1311s
H22784  6734                      74.0000000   70.00000  5.41%  26.2 1313s
 22786  6735   71.00000   75   38   74.00000   70.00000  5.41%  26.2 1315s
 22790  6738   71.00000  113  134   74.00000   70.00000  5.41%  26.2 1320s
 22794  6743   70.00000   40   35   74.00000   70.00000  5.41%  27.6 1329s
 22796  6747   70.00000   41   44   74.00000   70.00000  5.41%  27.6 1331s
 22808  6764   70.00000   43   52   74.00000   70.00000  5.41%  27.7 1335s
 22852  6793   70.00000   45   56   74.00000   70.00000  5.41%  27.8 1343s
H22884  6459                      73.0000000   70.00000  4.11%  27.9 1389s
H22894  6136                      72.0000000   70.00000  2.78%  27.9 1389s
 22916  6119   70.00000   46   70   72.00000   70.00000  2.78%  28.0 1393s
 22948  6096   70.00000   47   84   72.00000   70.00000  2.78%  28.1 1435s
H22954  5789                      72.0000000   70.00000  2.78%  28.1 1435s
 23021  5769   70.00000   49   75   72.00000   70.00000  2.78%  28.4 1448s
 23059  5768   70.00000   50  120   72.00000   70.00000  2.78%  29.0 1456s
 23140  5777   70.00000   52  118   72.00000   70.00000  2.78%  29.5 1464s
 23191  5760   70.00000   52  161   72.00000   70.00000  2.78%  29.7 1468s
 23239  5754   70.00000   53  117   72.00000   70.00000  2.78%  30.0 1474s
 23292  5757   71.00000   53  169   72.00000   70.00000  2.78%  30.2 1478s
 23357  5747   70.00000   54  143   72.00000   70.00000  2.78%  30.4 1482s
 23413  5739   70.00000   55  141   72.00000   70.00000  2.78%  30.6 1584s
 23451  5735 infeasible   56        72.00000   70.00000  2.78%  30.8 1614s
 23497  5744 infeasible   57        72.00000   70.00000  2.78%  31.1 1619s
 23584  5729   70.00000   57  182   72.00000   70.00000  2.78%  31.4 1770s
 23628  5702   70.00000   58  173   72.00000   70.00000  2.78%  31.6 1801s
 23683  5730     cutoff   58        72.00000   70.00000  2.78%  32.0 1808s
 23844  5724   71.00000   60  116   72.00000   70.00000  2.78%  33.0 1820s
 24117  5677   70.00000   53   77   72.00000   70.00000  2.78%  33.9 1831s
 24258  5669   71.00000   51   47   72.00000   70.00000  2.78%  34.4 1846s
 24536  5618   70.00000   55  115   72.00000   70.00000  2.78%  35.6 1861s
 24828  5546 infeasible   57        72.00000   70.00000  2.78%  37.2 1881s
 25175  5463 infeasible   58        72.00000   70.00000  2.78%  38.9 1904s
 25554  5364   71.00000   55  160   72.00000   70.00000  2.78%  41.0 1921s
 25945  5260     cutoff   54        72.00000   70.00000  2.78%  43.1 1939s
 26351  5144   71.00000   47  148   72.00000   70.00000  2.78%  44.8 1958s
 26804  5057 infeasible   63        72.00000   70.00000  2.78%  46.6 1979s
 27284  4920 infeasible   64        72.00000   70.00000  2.78%  48.3 1999s
 27766  4783     cutoff   64        72.00000   70.00000  2.78%  50.6 2027s
 28181  4670 infeasible   59        72.00000   70.00000  2.78%  53.1 2049s
 28617  4590   70.00000   54  108   72.00000   70.00000  2.78%  55.3 2077s
 29069  4525 infeasible   65        72.00000   70.00000  2.78%  57.2 2110s
 29611  4393 infeasible   74        72.00000   70.00000  2.78%  59.5 2142s
 30220  4247     cutoff   70        72.00000   70.00000  2.78%  62.5 2175s
 30841  4103     cutoff   51        72.00000   70.00000  2.78%  65.5 2211s
 31585  3922 infeasible   61        72.00000   70.00000  2.78%  67.5 2249s
 32341  3682   70.00000   68  140   72.00000   70.00000  2.78%  69.8 2288s
 33036  3476   70.00000   68  108   72.00000   70.00000  2.78%  72.9 2325s
 33670  3341 infeasible   52        72.00000   70.00000  2.78%  75.6 2366s
 34475  3126 infeasible   68        72.00000   70.00000  2.78%  77.4 2403s
 35191  2971     cutoff   65        72.00000   70.00000  2.78%  80.3 2440s
 35985  2708   70.00000   71   55   72.00000   70.00000  2.78%  82.4 2485s
 35991  2712   70.00000   65  160   72.00000   70.00000  2.78%  82.4 2490s
 35995  2715   71.00000   66  219   72.00000   70.00000  2.78%  82.4 2495s
 35999  2720   71.00000   49  152   72.00000   70.00000  2.78%  82.9 2505s
 36005  2722 infeasible   51        72.00000   70.00000  2.78%  82.9 2512s
 36019  2724   70.00000   53  100   72.00000   70.00000  2.78%  82.9 2516s
 36029  2730   70.00000   54   99   72.00000   70.00000  2.78%  82.9 2520s
 36067  2755   70.00000   56  101   72.00000   70.00000  2.78%  82.9 2526s
 36099  2764   70.00000   57  113   72.00000   70.00000  2.78%  82.9 2531s
 36131  2774   70.00000   58   51   72.00000   70.00000  2.78%  83.0 2541s
 36163  2782   70.00000   59   57   72.00000   70.00000  2.78%  83.2 2597s
 36196  2799   71.00000   60   56   72.00000   70.00000  2.78%  83.3 2601s
 36245  2812   71.00000   61   53   72.00000   70.00000  2.78%  83.4 2606s
 36338  2802 infeasible   65        72.00000   70.00000  2.78%  83.5 2613s
 36392  2794   71.00000   64   51   72.00000   70.00000  2.78%  83.5 2616s
 36453  2784 infeasible   65        72.00000   70.00000  2.78%  83.5 2627s
 36505  2786 infeasible   63        72.00000   70.00000  2.78%  83.6 2635s
 36561  2795   70.00000   66   58   72.00000   70.00000  2.78%  83.7 2640s
 36620  2783     cutoff   69        72.00000   70.00000  2.78%  83.8 2720s
 36667  2800   70.00000   70   54   72.00000   70.00000  2.78%  83.9 2726s
 36742  2791     cutoff   73        72.00000   70.00000  2.78%  84.0 2733s
 36814  2797   70.00000   76  110   72.00000   70.00000  2.78%  84.0 2741s
 36949  2782   70.00000   79   55   72.00000   70.00000  2.78%  84.1 2747s
 37091  2777 infeasible   84        72.00000   70.00000  2.78%  84.2 2760s
 37230  2775   71.00000   85   97   72.00000   70.00000  2.78%  84.7 2771s
 37416  2743   70.00000   58   46   72.00000   70.00000  2.78%  84.9 2781s
 37648  2695 infeasible   63        72.00000   70.00000  2.78%  85.2 2791s
 37839  2683   71.00000   68  126   72.00000   70.00000  2.78%  85.7 2802s
 38079  2630 infeasible   60        72.00000   70.00000  2.78%  85.9 2815s
 38323  2569   70.00000   65   97   72.00000   70.00000  2.78%  86.5 2830s
 38578  2481 infeasible   67        72.00000   70.00000  2.78%  87.1 3043s
 38640  2497 infeasible   68        72.00000   70.00000  2.78%  87.3 3059s
 38929  2421   70.00000   65  137   72.00000   70.00000  2.78%  87.8 3118s
 39039  2419 infeasible   65        72.00000   70.00000  2.78%  88.2 3140s
 39398  2338   71.00000   68  129   72.00000   70.00000  2.78%  89.2 3164s
 39771  2265 infeasible   69        72.00000   70.00000  2.78%  90.3 3189s
 40211  2233 infeasible   69        72.00000   70.00000  2.78%  91.4 3218s
 40664  2121   70.00000   69   57   72.00000   70.00000  2.78%  92.3 3246s
*40868  1916             117      71.0000000   70.00000  1.41%  92.8 3256s
 41243  1410     cutoff   76        71.00000   70.00000  1.41%  93.4 3283s
 41906   978 infeasible   79        71.00000   70.00000  1.41%  94.9 3376s
 42216   773     cutoff   69        71.00000   70.00000  1.41%  95.2 3431s
 42404   628 infeasible   69        71.00000   70.00000  1.41%  95.7 3522s
 42552   482 infeasible   69        71.00000   70.00000  1.41%  95.7 3575s
 42745   362 infeasible   69        71.00000   70.00000  1.41%  95.9 3588s
 42937   274 infeasible   89        71.00000   70.00000  1.41%  96.2 3600s

Cutting planes:
  Gomory: 6
  Cover: 104
  Implied bound: 30
  Projected implied bound: 3
  Clique: 153
  MIR: 47
  StrongCG: 10
  Flow cover: 130
  GUB cover: 2
  Zero half: 3
  RLT: 19
  Relax-and-lift: 68

Explored 43003 nodes (4172297 simplex iterations) in 3604.11 seconds (142.38 work units)
Thread count was 32 (of 32 available processors)

Solution count 10: 71 72 72 ... 78

Time limit reached
Best objective 7.100000000000e+01, best bound 7.000000000000e+01, gap 1.4085%

Wrote result file 'RCPSP_694.sol'

