
Gurobi 10.0.3 (linux64, gurobi_cl) logging started Thu Nov  2 11:34:38 2023

Set parameter Username
Set parameter TimeLimit to value 3600
Set parameter LogFile to value "RCPSP_571.log"
Set parameter Threads to value 32
Academic license - for non-commercial use only - expires 2024-10-30
Using license file /home/jrivera6/gurobi-licenses/v1003/compute-0-34/gurobi.lic

Gurobi Optimizer version 10.0.3 build v10.0.3rc0 (linux64)
Copyright (c) 2023, Gurobi Optimization, LLC

Read MPS format model from file RCPSP_571.mps
Reading time = 0.03 seconds
RCPSP_571: 19624 rows, 7750 columns, 68299 nonzeros

CPU model: Intel(R) Xeon(R) Gold 6130 CPU @ 2.10GHz, instruction set [SSE2|AVX|AVX2|AVX512]
Thread count: 32 physical cores, 32 logical processors, using up to 32 threads

Optimize a model with 19624 rows, 7750 columns and 68299 nonzeros
Model fingerprint: 0xd0301d4a
Variable types: 62 continuous, 7688 integer (7688 binary)
Coefficient statistics:
  Matrix range     [1e+00, 3e+02]
  Objective range  [1e+00, 1e+00]
  Bounds range     [1e+00, 1e+00]
  RHS range        [1e+00, 3e+02]
Presolve removed 6730 rows and 2277 columns
Presolve time: 2.27s
Presolved: 12894 rows, 5473 columns, 47085 nonzeros
Variable types: 61 continuous, 5412 integer (5412 binary)

Root relaxation: objective 8.500000e+01, 1802 iterations, 0.04 seconds (0.02 work units)

    Nodes    |    Current Node    |     Objective Bounds      |     Work
 Expl Unexpl |  Obj  Depth IntInf | Incumbent    BestBd   Gap | It/Node Time

     0     0   85.00000    0   14          -   85.00000      -     -    2s
     0     0   85.00000    0  152          -   85.00000      -     -    5s
     0     0   85.00000    0  101          -   85.00000      -     -    5s
     0     0   85.00000    0    4          -   85.00000      -     -    6s
     0     0   85.00000    0    6          -   85.00000      -     -    6s
     0     0   85.00000    0    4          -   85.00000      -     -    7s
H    0     0                      85.0000000   85.00000  0.00%     -    8s
     0     0   85.00000    0   18   85.00000   85.00000  0.00%     -    8s

Cutting planes:
  Gomory: 10
  Cover: 6
  Implied bound: 9
  MIR: 54
  StrongCG: 3
  Zero half: 2
  RLT: 13
  Relax-and-lift: 15

Explored 1 nodes (8331 simplex iterations) in 8.41 seconds (2.68 work units)
Thread count was 32 (of 32 available processors)

Solution count 1: 85 

Optimal solution found (tolerance 1.00e-04)
Best objective 8.500000000000e+01, best bound 8.500000000000e+01, gap 0.0000%

Wrote result file 'RCPSP_571.sol'

