
Gurobi 10.0.3 (linux64, gurobi_cl) logging started Thu Nov  2 11:36:36 2023

Set parameter Username
Set parameter TimeLimit to value 3600
Set parameter LogFile to value "RCPSP_759.log"
Set parameter Threads to value 32
Academic license - for non-commercial use only - expires 2024-10-30
Using license file /home/jrivera6/gurobi-licenses/v1003/compute-0-35/gurobi.lic

Gurobi Optimizer version 10.0.3 build v10.0.3rc0 (linux64)
Copyright (c) 2023, Gurobi Optimization, LLC

Read MPS format model from file RCPSP_759.mps
Reading time = 0.03 seconds
RCPSP_759: 19643 rows, 7750 columns, 68318 nonzeros

CPU model: Intel(R) Xeon(R) Gold 6130 CPU @ 2.10GHz, instruction set [SSE2|AVX|AVX2|AVX512]
Thread count: 32 physical cores, 32 logical processors, using up to 32 threads

Optimize a model with 19643 rows, 7750 columns and 68318 nonzeros
Model fingerprint: 0xb6b816d3
Variable types: 62 continuous, 7688 integer (7688 binary)
Coefficient statistics:
  Matrix range     [1e+00, 3e+02]
  Objective range  [1e+00, 1e+00]
  Bounds range     [1e+00, 1e+00]
  RHS range        [1e+00, 4e+02]
Presolve removed 8381 rows and 3092 columns
Presolve time: 4.04s
Presolved: 11262 rows, 4658 columns, 40586 nonzeros
Variable types: 61 continuous, 4597 integer (4597 binary)

Root relaxation: objective 7.400000e+01, 1593 iterations, 0.03 seconds (0.02 work units)

    Nodes    |    Current Node    |     Objective Bounds      |     Work
 Expl Unexpl |  Obj  Depth IntInf | Incumbent    BestBd   Gap | It/Node Time

H    0     0                      74.0000000   74.00000  0.00%     -    4s
     0     0   74.00000    0  664   74.00000   74.00000  0.00%     -    4s

Explored 1 nodes (1593 simplex iterations) in 4.19 seconds (2.75 work units)
Thread count was 32 (of 32 available processors)

Solution count 1: 74 

Optimal solution found (tolerance 1.00e-04)
Best objective 7.400000000000e+01, best bound 7.400000000000e+01, gap 0.0000%

Wrote result file 'RCPSP_759.sol'

