
Gurobi 10.0.3 (linux64, gurobi_cl) logging started Thu Nov  9 11:48:47 2023

Set parameter Username
Set parameter TimeLimit to value 3600
Set parameter LogFile to value "RCPSP_1194.log"
Set parameter Threads to value 32
Academic license - for non-commercial use only - expires 2024-10-30
Using license file /home/jrivera6/gurobi-licenses/v1003/compute-0-38/gurobi.lic

Gurobi Optimizer version 10.0.3 build v10.0.3rc0 (linux64)
Copyright (c) 2023, Gurobi Optimization, LLC

Read MPS format model from file RCPSP_1194.mps
Reading time = 0.05 seconds
RCPSP_1194: 42947 rows, 17020 columns, 142862 nonzeros

CPU model: Intel(R) Xeon(R) Gold 6242 CPU @ 2.80GHz, instruction set [SSE2|AVX|AVX2|AVX512]
Thread count: 32 physical cores, 32 logical processors, using up to 32 threads

Optimize a model with 42947 rows, 17020 columns and 142862 nonzeros
Model fingerprint: 0x6950f9b5
Variable types: 92 continuous, 16928 integer (16928 binary)
Coefficient statistics:
  Matrix range     [1e+00, 5e+02]
  Objective range  [1e+00, 1e+00]
  Bounds range     [1e+00, 1e+00]
  RHS range        [1e+00, 5e+02]
Found heuristic solution: objective 81.0000000
Presolve removed 7032 rows and 1201 columns (presolve time = 5s) ...
Presolve removed 12878 rows and 4884 columns
Presolve time: 7.37s
Presolved: 30069 rows, 12136 columns, 101663 nonzeros
Variable types: 91 continuous, 12045 integer (12045 binary)

Explored 0 nodes (0 simplex iterations) in 7.46 seconds (5.10 work units)
Thread count was 32 (of 32 available processors)

Solution count 1: 81 

Optimal solution found (tolerance 1.00e-04)
Best objective 8.100000000000e+01, best bound 8.100000000000e+01, gap 0.0000%

Wrote result file 'RCPSP_1194.sol'

