
Gurobi 10.0.3 (linux64, gurobi_cl) logging started Thu Nov  9 12:59:23 2023

Set parameter Username
Set parameter TimeLimit to value 3600
Set parameter LogFile to value "RCPSP_1478.log"
Set parameter Threads to value 32
Academic license - for non-commercial use only - expires 2024-11-06
Using license file /home/jrivera6/gurobi-licenses/v1003/compute-0-36/gurobi.lic

Gurobi Optimizer version 10.0.3 build v10.0.3rc0 (linux64)
Copyright (c) 2023, Gurobi Optimization, LLC

Read MPS format model from file RCPSP_1478.mps
Reading time = 0.31 seconds
RCPSP_1478: 75214 rows, 29890 columns, 236988 nonzeros

CPU model: Intel(R) Xeon(R) Gold 6130 CPU @ 2.10GHz, instruction set [SSE2|AVX|AVX2|AVX512]
Thread count: 32 physical cores, 32 logical processors, using up to 32 threads

Optimize a model with 75214 rows, 29890 columns and 236988 nonzeros
Model fingerprint: 0x05918f1e
Variable types: 122 continuous, 29768 integer (29768 binary)
Coefficient statistics:
  Matrix range     [1e+00, 7e+02]
  Objective range  [1e+00, 1e+00]
  Bounds range     [1e+00, 1e+00]
  RHS range        [1e+00, 7e+02]
Presolve removed 11622 rows and 1969 columns (presolve time = 5s) ...
Presolve removed 11622 rows and 1969 columns
Presolve time: 5.03s
Presolved: 63592 rows, 27921 columns, 209129 nonzeros
Variable types: 121 continuous, 27800 integer (27800 binary)

Deterministic concurrent LP optimizer: primal and dual simplex (primal and dual model)
Showing first log only...

Root relaxation presolved: 63592 rows, 27921 columns, 209129 nonzeros


Root simplex log...

Iteration    Objective       Primal Inf.    Dual Inf.      Time
       0    9.0013909e+01   7.554485e-03   2.464062e+08      7s
    4864    9.0000000e+01   0.000000e+00   0.000000e+00      8s
Concurrent spin time: 2.13s

Solved with primal simplex (primal model)

Root relaxation: objective 9.000000e+01, 4864 iterations, 4.33 seconds (0.39 work units)
Total elapsed time = 15.09s

    Nodes    |    Current Node    |     Objective Bounds      |     Work
 Expl Unexpl |  Obj  Depth IntInf | Incumbent    BestBd   Gap | It/Node Time

     0     0   90.00000    0    2          -   90.00000      -     -   16s
     0     0   90.00000    0   44          -   90.00000      -     -   29s
H    0     0                      90.0000000   90.00000  0.00%     -   42s
     0     0   90.00000    0    6   90.00000   90.00000  0.00%     -   42s

Cutting planes:
  Gomory: 15
  Implied bound: 6
  MIR: 13
  RLT: 187
  Relax-and-lift: 14

Explored 1 nodes (13561 simplex iterations) in 43.90 seconds (8.35 work units)
Thread count was 32 (of 32 available processors)

Solution count 1: 90 

Optimal solution found (tolerance 1.00e-04)
Best objective 9.000000000000e+01, best bound 9.000000000000e+01, gap 0.0000%

Wrote result file 'RCPSP_1478.sol'

