
Gurobi 10.0.3 (linux64, gurobi_cl) logging started Thu Nov  2 11:35:35 2023

Set parameter Username
Set parameter TimeLimit to value 3600
Set parameter LogFile to value "RCPSP_687.log"
Set parameter Threads to value 32
Academic license - for non-commercial use only - expires 2024-10-30
Using license file /home/jrivera6/gurobi-licenses/v1003/compute-0-34/gurobi.lic

Gurobi Optimizer version 10.0.3 build v10.0.3rc0 (linux64)
Copyright (c) 2023, Gurobi Optimization, LLC

Read MPS format model from file RCPSP_687.mps
Reading time = 0.02 seconds
RCPSP_687: 19643 rows, 7750 columns, 64658 nonzeros

CPU model: Intel(R) Xeon(R) Gold 6130 CPU @ 2.10GHz, instruction set [SSE2|AVX|AVX2|AVX512]
Thread count: 32 physical cores, 32 logical processors, using up to 32 threads

Optimize a model with 19643 rows, 7750 columns and 64658 nonzeros
Model fingerprint: 0x448fd8a1
Variable types: 62 continuous, 7688 integer (7688 binary)
Coefficient statistics:
  Matrix range     [1e+00, 3e+02]
  Objective range  [1e+00, 1e+00]
  Bounds range     [1e+00, 1e+00]
  RHS range        [1e+00, 3e+02]
Presolve removed 9991 rows and 3823 columns
Presolve time: 4.04s
Presolved: 9652 rows, 3927 columns, 32013 nonzeros
Variable types: 61 continuous, 3866 integer (3866 binary)

Root relaxation: objective 8.500000e+01, 1293 iterations, 0.02 seconds (0.01 work units)

    Nodes    |    Current Node    |     Objective Bounds      |     Work
 Expl Unexpl |  Obj  Depth IntInf | Incumbent    BestBd   Gap | It/Node Time

     0     0   85.00000    0   34          -   85.00000      -     -    4s
     0     0   88.00000    0   31          -   88.00000      -     -    4s
     0     0   88.00000    0  156          -   88.00000      -     -    6s
     0     0   88.00000    0   54          -   88.00000      -     -    8s
     0     0   88.00000    0   79          -   88.00000      -     -   10s
     0     0   88.00000    0   48          -   88.00000      -     -   12s
     0     0   88.00000    0  126          -   88.00000      -     -   12s
     0     0   88.00000    0   49          -   88.00000      -     -   13s
     0     0   88.00000    0   41          -   88.00000      -     -   13s
     0     0   88.00000    0   63          -   88.00000      -     -   14s
     0     0   88.00000    0  168          -   88.00000      -     -   15s
     0     0   88.00000    0   67          -   88.00000      -     -   16s
     0     0   88.00000    0   29          -   88.00000      -     -   17s
     0     2   88.00000    0   25          -   88.00000      -     -   22s
     7    14   88.00000    3  106          -   88.00000      -   164   25s
    53    63   88.00000    6  118          -   88.00000      -   146   31s
   181   185   88.00000    9  112          -   88.00000      -   117   40s
   221   218   88.00000   10  119          -   88.00000      -   168   45s
   314   297   92.00000   12  139          -   88.00000      -   151   50s
   435   406   92.00000   14  155          -   88.00000      -   117   60s
   494   543   92.00000   15  155          -   88.00000      -   116   65s
   795   938   94.00000   20  171          -   88.00000      -  99.2   71s
  1632  1783   95.00000   48  227          -   88.00000      -  60.8   75s
  2529  2335  102.00000   74  164          -   88.00000      -  46.2   81s
  3347  2888 infeasible   93               -   88.00000      -  39.5   85s
  4195  3214  100.00000   85   29          -   88.00000      -  35.1  127s
  4197  3215   91.00000   14   31          -   88.00000      -  35.1  130s
  4200  3217  100.00000   42  103          -   88.00000      -  35.0  135s
  4204  3220   98.00000   33   51          -   88.62500      -  35.0  141s
  4208  3223  105.00000   27   84          -   89.00000      -  35.0  147s
  4212  3225  105.00000  108   97          -   89.00000      -  34.9  150s
  4218  3229   90.00000   29  117          -   89.00000      -  34.9  155s
H 4221  3069                     334.0000000   89.00000  73.4%  34.9  161s
  4225  3073  113.00000   63   29  334.00000   89.00000  73.4%  46.7  168s
H 4226  2920                     126.0000000   89.00000  29.4%  46.7  186s
H 4226  2774                     120.0000000   89.00000  25.8%  46.7  186s
H 4227  2635                     117.0000000   89.00000  23.9%  46.7  201s
H 4227  2503                     116.0000000   89.00000  23.3%  46.7  203s
  4230  2505   99.00000   41   25  116.00000   89.00000  23.3%  46.6  206s
  4234  2508   94.00000    6   33  116.00000   89.00000  23.3%  46.6  211s
H 4235  2384                     115.0000000   89.00000  22.6%  46.6  215s
  4239  2391   89.00000   28  127  115.00000   89.00000  22.6%  50.8  221s
  4251  2411   94.00000   30  103  115.00000   89.00000  22.6%  50.9  225s
H 4268  2316                     113.0000000   93.00000  17.7%  50.9  228s
  4299  2335   94.00000   32  103  113.00000   93.00000  17.7%  50.9  230s
  4363  2377  100.00000   33  110  113.00000   93.00000  17.7%  50.4  236s
  4395  2396   94.00000   34   99  113.00000   93.00000  17.7%  50.1  240s
  4594  2549   99.00000   37  122  113.00000   93.00000  17.7%  48.8  245s
  4830  2630   95.00000   41  111  113.00000   93.00000  17.7%  47.1  250s
  5186  2787   98.00000   45  153  113.00000   93.00000  17.7%  44.8  258s
H 5200  2669                     112.0000000   93.00000  17.0%  44.8  258s
  5220  2679   94.00000   46  126  112.00000   93.00000  17.0%  44.6  261s
  5625  2841   95.00000   53  176  112.00000   93.00000  17.0%  42.6  266s
  6049  3014  100.00000   56  173  112.00000   93.00000  17.0%  40.8  270s
H 6147  2996                     111.0000000   93.00000  16.2%  40.5  271s
H 6181  2883                     108.0000000   93.00000  13.9%  40.4  271s
  6529  2904  105.00000   35   96  108.00000   93.00000  13.9%  39.0  275s
  7199  2690 infeasible   44       108.00000   93.00000  13.9%  36.9  291s
H 7210  2588                     106.0000000   93.00000  12.3%  36.9  291s
  7379  2501   97.00000   41  101  106.00000   93.00000  12.3%  36.9  298s
H 7386  2406                     105.0000000   93.00000  11.4%  36.8  298s
  7419  2396   97.00000   42  111  105.00000   93.00000  11.4%  36.9  342s
H 7479  2288                     101.0000000   93.00000  7.92%  36.9  342s
  7480  2193 infeasible   43       101.00000   93.00000  7.92%  36.9  346s
  7633  2121   97.00000   42   90  101.00000   93.00000  7.92%  36.8  351s
  7712  2087   97.00000   43   65  101.00000   93.00000  7.92%  37.1  356s
  7790  2072 infeasible   45       101.00000   93.00000  7.92%  37.4  360s
  7940  2221   97.00000   39  130  101.00000   93.00000  7.92%  37.9  367s
  8374  1918 infeasible   54       101.00000   93.00000  7.92%  36.8  371s
  8619  1853     cutoff   38       101.00000   93.00000  7.92%  36.7  378s
  8724  1857   97.00000   39  101  101.00000   93.00000  7.92%  36.9  382s
  8843  2075   97.00000   39  120  101.00000   93.00000  7.92%  37.0  439s
H 8869  1983                     101.0000000   93.00000  7.92%  37.0  439s
  9331  1656 infeasible   46       101.00000   93.04762  7.87%  35.7  492s
  9458  1682   97.00000   38  108  101.00000   95.00000  5.94%  35.6  496s
  9665  1622 infeasible   44       101.00000   95.00000  5.94%  35.5  502s
  9889  1604   97.00000   45   89  101.00000   95.00000  5.94%  35.5  524s
H 9901  1604                     100.0000000   95.00000  5.00%  35.5  524s
  9963  1389 infeasible   46       100.00000   95.00000  5.00%  35.6  529s
 10258   877 infeasible   41       100.00000   97.00000  3.00%  35.6  534s
 10836   295 infeasible   41       100.00000   97.00000  3.00%  34.5  540s
 11732     4     cutoff   40       100.00000   98.00000  2.00%  32.5  547s

Cutting planes:
  Learned: 2
  Gomory: 12
  Lift-and-project: 1
  Cover: 10
  Implied bound: 16
  Projected implied bound: 1
  Clique: 1
  MIR: 20
  StrongCG: 3
  Flow cover: 118
  RLT: 28
  Relax-and-lift: 19

Explored 11801 nodes (398498 simplex iterations) in 548.22 seconds (27.73 work units)
Thread count was 32 (of 32 available processors)

Solution count 10: 100 101 101 ... 115

Optimal solution found (tolerance 1.00e-04)
Best objective 1.000000000000e+02, best bound 1.000000000000e+02, gap 0.0000%

Wrote result file 'RCPSP_687.sol'

