
Gurobi 10.0.3 (linux64, gurobi_cl) logging started Thu Nov  9 11:48:08 2023

Set parameter Username
Set parameter TimeLimit to value 3600
Set parameter LogFile to value "RCPSP_1138.log"
Set parameter Threads to value 32
Academic license - for non-commercial use only - expires 2024-11-06
Using license file /home/jrivera6/gurobi-licenses/v1003/compute-0-36/gurobi.lic

Gurobi Optimizer version 10.0.3 build v10.0.3rc0 (linux64)
Copyright (c) 2023, Gurobi Optimization, LLC

Read MPS format model from file RCPSP_1138.mps
Reading time = 0.07 seconds
RCPSP_1138: 42947 rows, 17020 columns, 134581 nonzeros

CPU model: Intel(R) Xeon(R) Gold 6130 CPU @ 2.10GHz, instruction set [SSE2|AVX|AVX2|AVX512]
Thread count: 32 physical cores, 32 logical processors, using up to 32 threads

Optimize a model with 42947 rows, 17020 columns and 134581 nonzeros
Model fingerprint: 0x33430368
Variable types: 92 continuous, 16928 integer (16928 binary)
Coefficient statistics:
  Matrix range     [1e+00, 5e+02]
  Objective range  [1e+00, 1e+00]
  Bounds range     [1e+00, 1e+00]
  RHS range        [1e+00, 5e+02]
Presolve removed 7165 rows and 1258 columns (presolve time = 5s) ...
Presolve removed 8836 rows and 2289 columns
Presolve time: 5.78s
Presolved: 34111 rows, 14731 columns, 110595 nonzeros
Variable types: 91 continuous, 14640 integer (14640 binary)

Deterministic concurrent LP optimizer: primal and dual simplex (primal and dual model)
Showing first log only...

Root relaxation presolved: 34111 rows, 14731 columns, 110595 nonzeros


Root simplex log...

Iteration    Objective       Primal Inf.    Dual Inf.      Time
       0    9.4133532e+01   5.722516e-03   2.722500e+08      7s
    2102    9.2000000e+01   0.000000e+00   0.000000e+00      8s
Concurrent spin time: 0.45s

Solved with dual simplex (dual model)

Root relaxation: objective 9.200000e+01, 15600 iterations, 2.00 seconds (0.11 work units)
Total elapsed time = 10.59s

    Nodes    |    Current Node    |     Objective Bounds      |     Work
 Expl Unexpl |  Obj  Depth IntInf | Incumbent    BestBd   Gap | It/Node Time

     0     0   92.00000    0    4          -   92.00000      -     -   11s
H    0     0                      94.0000000   92.00000  2.13%     -   19s
H    0     0                      92.0000000   92.00000  0.00%     -   20s

Cutting planes:
  Gomory: 1
  MIR: 1
  RLT: 4
  Relax-and-lift: 1

Explored 1 nodes (20011 simplex iterations) in 21.34 seconds (4.05 work units)
Thread count was 32 (of 32 available processors)

Solution count 2: 92 94 

Optimal solution found (tolerance 1.00e-04)
Best objective 9.200000000000e+01, best bound 9.200000000000e+01, gap 0.0000%

Wrote result file 'RCPSP_1138.sol'

