
Gurobi 10.0.3 (linux64, gurobi_cl) logging started Thu Nov  2 11:34:04 2023

Set parameter Username
Set parameter TimeLimit to value 3600
Set parameter LogFile to value "RCPSP_384.log"
Set parameter Threads to value 32
Academic license - for non-commercial use only - expires 2024-10-30
Using license file /home/jrivera6/gurobi-licenses/v1003/compute-0-38/gurobi.lic

Gurobi Optimizer version 10.0.3 build v10.0.3rc0 (linux64)
Copyright (c) 2023, Gurobi Optimization, LLC

Read MPS format model from file RCPSP_384.mps
Reading time = 0.01 seconds
RCPSP_384: 5349 rows, 2080 columns, 17064 nonzeros

CPU model: Intel(R) Xeon(R) Gold 6242 CPU @ 2.80GHz, instruction set [SSE2|AVX|AVX2|AVX512]
Thread count: 32 physical cores, 32 logical processors, using up to 32 threads

Optimize a model with 5349 rows, 2080 columns and 17064 nonzeros
Model fingerprint: 0x3525801d
Variable types: 32 continuous, 2048 integer (2048 binary)
Coefficient statistics:
  Matrix range     [1e+00, 2e+02]
  Objective range  [1e+00, 1e+00]
  Bounds range     [1e+00, 1e+00]
  RHS range        [1e+00, 2e+02]
Presolve removed 3084 rows and 1202 columns
Presolve time: 0.23s
Presolved: 2265 rows, 878 columns, 7264 nonzeros
Variable types: 31 continuous, 847 integer (847 binary)

Root relaxation: objective 5.300000e+01, 313 iterations, 0.00 seconds (0.00 work units)

    Nodes    |    Current Node    |     Objective Bounds      |     Work
 Expl Unexpl |  Obj  Depth IntInf | Incumbent    BestBd   Gap | It/Node Time

H    0     0                      53.0000000   53.00000  0.00%     -    0s
     0     0   53.00000    0    2   53.00000   53.00000  0.00%     -    0s

Explored 1 nodes (615 simplex iterations) in 0.28 seconds (0.20 work units)
Thread count was 32 (of 32 available processors)

Solution count 1: 53 

Optimal solution found (tolerance 1.00e-04)
Best objective 5.300000000000e+01, best bound 5.300000000000e+01, gap 0.0000%

Wrote result file 'RCPSP_384.sol'

