
Gurobi 10.0.3 (linux64, gurobi_cl) logging started Thu Nov  9 11:48:11 2023

Set parameter Username
Set parameter TimeLimit to value 3600
Set parameter LogFile to value "RCPSP_1141.log"
Set parameter Threads to value 32
Academic license - for non-commercial use only - expires 2024-10-30
Using license file /home/jrivera6/gurobi-licenses/v1003/compute-0-34/gurobi.lic

Gurobi Optimizer version 10.0.3 build v10.0.3rc0 (linux64)
Copyright (c) 2023, Gurobi Optimization, LLC

Read MPS format model from file RCPSP_1141.mps
Reading time = 0.08 seconds
RCPSP_1141: 42947 rows, 17020 columns, 134581 nonzeros

CPU model: Intel(R) Xeon(R) Gold 6130 CPU @ 2.10GHz, instruction set [SSE2|AVX|AVX2|AVX512]
Thread count: 32 physical cores, 32 logical processors, using up to 32 threads

Optimize a model with 42947 rows, 17020 columns and 134581 nonzeros
Model fingerprint: 0x6ad9dd3f
Variable types: 92 continuous, 16928 integer (16928 binary)
Coefficient statistics:
  Matrix range     [1e+00, 5e+02]
  Objective range  [1e+00, 1e+00]
  Bounds range     [1e+00, 1e+00]
  RHS range        [1e+00, 5e+02]
Presolve removed 7032 rows and 1201 columns (presolve time = 5s) ...
Presolve removed 8037 rows and 1999 columns
Presolve time: 7.05s
Presolved: 34910 rows, 15021 columns, 113181 nonzeros
Variable types: 91 continuous, 14930 integer (14930 binary)

Deterministic concurrent LP optimizer: primal and dual simplex (primal and dual model)
Showing first log only...

Root relaxation presolved: 34910 rows, 15021 columns, 113181 nonzeros


Root simplex log...

Iteration    Objective       Primal Inf.    Dual Inf.      Time
       0    9.8028647e+01   5.906985e-03   1.591738e+08      9s
    2311    9.8000000e+01   0.000000e+00   0.000000e+00     10s
Concurrent spin time: 1.59s

Solved with dual simplex (dual model)

Root relaxation: objective 9.800000e+01, 16253 iterations, 4.00 seconds (0.13 work units)
Total elapsed time = 16.73s

    Nodes    |    Current Node    |     Objective Bounds      |     Work
 Expl Unexpl |  Obj  Depth IntInf | Incumbent    BestBd   Gap | It/Node Time

     0     0   98.00000    0    4          -   98.00000      -     -   18s
H    0     0                      98.0000000   98.00000  0.00%     -   36s

Cutting planes:
  Gomory: 2
  MIR: 6
  RLT: 23

Explored 1 nodes (20125 simplex iterations) in 37.24 seconds (3.50 work units)
Thread count was 32 (of 32 available processors)

Solution count 1: 98 

Optimal solution found (tolerance 1.00e-04)
Best objective 9.800000000000e+01, best bound 9.800000000000e+01, gap 0.0000%

Wrote result file 'RCPSP_1141.sol'

