
Gurobi 10.0.3 (linux64, gurobi_cl) logging started Thu Nov  2 11:34:00 2023

Set parameter Username
Set parameter TimeLimit to value 3600
Set parameter LogFile to value "RCPSP_290.log"
Set parameter Threads to value 32
Academic license - for non-commercial use only - expires 2024-10-30
Using license file /home/jrivera6/gurobi-licenses/v1003/compute-0-34/gurobi.lic

Gurobi Optimizer version 10.0.3 build v10.0.3rc0 (linux64)
Copyright (c) 2023, Gurobi Optimization, LLC

Read MPS format model from file RCPSP_290.mps
Reading time = 0.01 seconds
RCPSP_290: 5339 rows, 2080 columns, 18883 nonzeros

CPU model: Intel(R) Xeon(R) Gold 6130 CPU @ 2.10GHz, instruction set [SSE2|AVX|AVX2|AVX512]
Thread count: 32 physical cores, 32 logical processors, using up to 32 threads

Optimize a model with 5339 rows, 2080 columns and 18883 nonzeros
Model fingerprint: 0x75085131
Variable types: 32 continuous, 2048 integer (2048 binary)
Coefficient statistics:
  Matrix range     [1e+00, 1e+02]
  Objective range  [1e+00, 1e+00]
  Bounds range     [1e+00, 1e+00]
  RHS range        [1e+00, 1e+02]
Presolve removed 3745 rows and 1471 columns
Presolve time: 0.16s
Presolved: 1594 rows, 609 columns, 5075 nonzeros
Variable types: 31 continuous, 578 integer (578 binary)
Found heuristic solution: objective 134.0000000

Root relaxation: objective 5.800000e+01, 217 iterations, 0.00 seconds (0.00 work units)

    Nodes    |    Current Node    |     Objective Bounds      |     Work
 Expl Unexpl |  Obj  Depth IntInf | Incumbent    BestBd   Gap | It/Node Time

     0     0   58.00000    0   13  134.00000   58.00000  56.7%     -    0s
H    0     0                      85.0000000   58.00000  31.8%     -    0s
     0     0   58.00000    0   54   85.00000   58.00000  31.8%     -    0s
     0     0   58.00000    0   54   85.00000   58.00000  31.8%     -    0s
     0     0   58.99576    0   31   85.00000   58.99576  30.6%     -    0s
     0     0   58.99576    0   31   85.00000   58.99576  30.6%     -    0s
     0     0   62.86420    0   56   85.00000   62.86420  26.0%     -    0s
     0     0   62.86420    0   60   85.00000   62.86420  26.0%     -    0s
     0     0   62.86420    0   62   85.00000   62.86420  26.0%     -    0s
     0     0   62.86420    0   81   85.00000   62.86420  26.0%     -    0s
     0     0   62.86420    0   61   85.00000   62.86420  26.0%     -    0s
     0     0   62.86420    0   62   85.00000   62.86420  26.0%     -    0s
     0     0   62.86420    0   48   85.00000   62.86420  26.0%     -    1s
     0     0   62.86420    0   49   85.00000   62.86420  26.0%     -    1s
     0     0   62.86420    0   50   85.00000   62.86420  26.0%     -    1s
     0     0   62.86420    0   51   85.00000   62.86420  26.0%     -    1s
     0     0   62.86420    0   51   85.00000   62.86420  26.0%     -    1s
     0     0   62.86420    0   58   85.00000   62.86420  26.0%     -    1s
     0     0   62.86420    0   48   85.00000   62.86420  26.0%     -    1s
     0     0   62.86420    0   47   85.00000   62.86420  26.0%     -    1s
     0     0   62.86420    0   48   85.00000   62.86420  26.0%     -    1s
     0     0   62.86420    0   71   85.00000   62.86420  26.0%     -    1s
     0     0   62.86420    0   50   85.00000   62.86420  26.0%     -    1s
     0     0   62.86420    0   53   85.00000   62.86420  26.0%     -    1s
     0     0   62.86420    0   70   85.00000   62.86420  26.0%     -    1s
     0     0   62.86420    0   76   85.00000   62.86420  26.0%     -    1s
     0     0   62.86420    0   74   85.00000   62.86420  26.0%     -    1s
     0     0   62.86420    0   68   85.00000   62.86420  26.0%     -    1s
     0     0   62.86420    0   68   85.00000   62.86420  26.0%     -    1s
     0     0   62.86420    0   54   85.00000   62.86420  26.0%     -    1s
     0     0   62.86420    0   56   85.00000   62.86420  26.0%     -    1s
     0     0   62.86420    0   43   85.00000   62.86420  26.0%     -    1s
     0     0   62.86420    0   44   85.00000   62.86420  26.0%     -    2s
     0     0   62.86420    0   54   85.00000   62.86420  26.0%     -    2s
     0     0   62.86420    0   69   85.00000   62.86420  26.0%     -    2s
H    0     0                      83.0000000   62.86420  24.3%     -    2s
     0     0   62.86420    0   59   83.00000   62.86420  24.3%     -    2s
     0     0   62.86420    0   59   83.00000   62.86420  24.3%     -    2s
     0     0   62.86420    0   70   83.00000   62.86420  24.3%     -    2s
     0     0   62.86420    0   66   83.00000   62.86420  24.3%     -    2s
     0     0   62.86420    0   26   83.00000   62.86420  24.3%     -    2s
H    0     0                      80.0000000   62.86420  21.4%     -    2s
     0     0   62.86420    0   48   80.00000   62.86420  21.4%     -    2s
     0     0   62.86420    0   28   80.00000   62.86420  21.4%     -    2s
H    0     0                      78.0000000   62.86420  19.4%     -    2s
     0     0   62.86420    0   61   78.00000   62.86420  19.4%     -    2s
     0     0   62.86420    0   39   78.00000   62.86420  19.4%     -    3s
     0     0   62.86420    0   20   78.00000   62.86420  19.4%     -    3s
     0     2   62.86420    0   20   78.00000   62.86420  19.4%     -    3s
H   45    52                      78.0000000   64.97329  16.7%  85.0    5s
* 1132   516              39      77.0000000   65.30769  15.2%  20.2    7s
* 1662   588              35      76.0000000   67.00000  11.8%  18.7    8s
H 2042   389                      76.0000000   67.33333  11.4%  17.7    9s

Cutting planes:
  Gomory: 8
  Cover: 7
  Implied bound: 188
  Clique: 2
  MIR: 356
  Inf proof: 16
  RLT: 149
  Relax-and-lift: 84

Explored 2637 nodes (48342 simplex iterations) in 11.94 seconds (0.93 work units)
Thread count was 32 (of 32 available processors)

Solution count 8: 76 76 77 ... 134

Optimal solution found (tolerance 1.00e-04)
Best objective 7.599999999230e+01, best bound 7.599999999230e+01, gap 0.0000%

Wrote result file 'RCPSP_290.sol'

