
Gurobi 10.0.3 (linux64, gurobi_cl) logging started Thu Nov  9 11:49:32 2023

Set parameter Username
Set parameter TimeLimit to value 3600
Set parameter LogFile to value "RCPSP_1242.log"
Set parameter Threads to value 32
Academic license - for non-commercial use only - expires 2024-10-30
Using license file /home/jrivera6/gurobi-licenses/v1003/compute-0-37/gurobi.lic

Gurobi Optimizer version 10.0.3 build v10.0.3rc0 (linux64)
Copyright (c) 2023, Gurobi Optimization, LLC

Read MPS format model from file RCPSP_1242.mps
Reading time = 0.05 seconds
RCPSP_1242: 42947 rows, 17020 columns, 159151 nonzeros

CPU model: Intel(R) Xeon(R) Gold 6242 CPU @ 2.80GHz, instruction set [SSE2|AVX|AVX2|AVX512]
Thread count: 32 physical cores, 32 logical processors, using up to 32 threads

Optimize a model with 42947 rows, 17020 columns and 159151 nonzeros
Model fingerprint: 0x4560e02e
Variable types: 92 continuous, 16928 integer (16928 binary)
Coefficient statistics:
  Matrix range     [1e+00, 5e+02]
  Objective range  [1e+00, 1e+00]
  Bounds range     [1e+00, 1e+00]
  RHS range        [1e+00, 5e+02]
Presolve removed 7032 rows and 1201 columns (presolve time = 5s) ...
Presolve removed 10979 rows and 2959 columns
Presolve time: 7.67s
Presolved: 31968 rows, 14061 columns, 124563 nonzeros
Variable types: 91 continuous, 13970 integer (13970 binary)

Deterministic concurrent LP optimizer: primal and dual simplex (primal and dual model)
Showing first log only...

Root relaxation presolved: 31968 rows, 14061 columns, 124563 nonzeros


Root simplex log...

Iteration    Objective       Primal Inf.    Dual Inf.      Time
       0    7.6441952e+01   8.705277e-03   2.347891e+08      9s
    2304    7.6000000e+01   0.000000e+00   0.000000e+00      9s
Concurrent spin time: 0.62s

Solved with dual simplex (dual model)

Root relaxation: objective 7.600000e+01, 15507 iterations, 1.78 seconds (0.15 work units)
Total elapsed time = 12.21s

    Nodes    |    Current Node    |     Objective Bounds      |     Work
 Expl Unexpl |  Obj  Depth IntInf | Incumbent    BestBd   Gap | It/Node Time

     0     0   76.00000    0  676          -   76.00000      -     -   18s
     0     0   76.00000    0 1260          -   76.00000      -     -   72s
     0     0   76.00000    0 1494          -   76.00000      -     -   77s
     0     0   76.00000    0 1382          -   76.00000      -     -   78s
     0     0   76.00000    0 1491          -   76.00000      -     -   81s
     0     0   76.00000    0 1368          -   76.00000      -     -   82s
     0     0   76.00000    0 1351          -   76.00000      -     -   83s
     0     0   76.00000    0 1343          -   76.00000      -     -   83s
     0     0   76.00000    0  838          -   76.00000      -     -  109s
     0     0   76.00000    0  836          -   76.00000      -     -  109s
     0     0   76.00000    0 1105          -   76.00000      -     -  113s
     0     0   76.00000    0 1052          -   76.00000      -     -  114s
     0     0   76.00000    0 1050          -   76.00000      -     -  115s
     0     0   76.00000    0 1048          -   76.00000      -     -  116s
     0     0   76.00000    0  901          -   76.00000      -     -  132s
     0     0   76.00000    0 1266          -   76.00000      -     -  138s
     0     0   76.00000    0 1267          -   76.00000      -     -  140s
     0     0   76.00000    0 1375          -   76.00000      -     -  141s
     0     0   76.00000    0 1222          -   76.00000      -     -  144s
     0     0   76.00000    0  694          -   76.00000      -     -  166s
     0     0   76.00000    0  692          -   76.00000      -     -  166s
     0     0   76.00000    0 1316          -   76.00000      -     -  179s
     0     0   76.00000    0 1294          -   76.00000      -     -  179s
     0     0   76.00000    0 1290          -   76.00000      -     -  186s
     0     0   76.00000    0 1286          -   76.00000      -     -  186s
     0     0   76.00000    0  958          -   76.00000      -     -  218s
     0     0   76.00000    0 1089          -   76.00000      -     -  233s
     0     0   76.00000    0 1078          -   76.00000      -     -  233s
     0     0   76.00000    0 1072          -   76.00000      -     -  233s
     0     0   76.00000    0  917          -   76.00000      -     -  242s
     0     0   76.00000    0 1090          -   76.00000      -     -  243s
     0     0   76.00000    0 1080          -   76.00000      -     -  245s
     0     0   76.00000    0 1052          -   76.00000      -     -  245s
     0     0   76.00000    0  944          -   76.00000      -     -  257s
     0     0   76.00000    0  927          -   76.00000      -     -  257s
     0     0   76.00000    0 1215          -   76.00000      -     -  263s
     0     0   76.00000    0 1186          -   76.00000      -     -  264s
     0     0   76.00000    0 1178          -   76.00000      -     -  264s
     0     0   76.00000    0  932          -   76.00000      -     -  282s
     0     0   76.00000    0  860          -   76.00000      -     -  285s
     0     2   76.00000    0  860          -   76.00000      -     -  335s
     1     5   76.00000    1  858          -   76.00000      -  3624  341s
     3     8   76.00000    2 1294          -   76.00000      -  2734  355s
     7    16   76.00000    3 1364          -   76.00000      -  2901  396s
    15    32   76.17910    4 1349          -   76.00000      -  2451  421s
    31    64   76.66667    5 1541          -   76.00000      -  1895  510s
    63    94   77.00000    6 1442          -   76.00000      -  2410  723s
    95   126   77.00000    7 1386          -   76.00000      -  2170  739s
   127   158   77.00000    8 1386          -   76.00000      -  1760  748s
   159   189   77.09346    9 1386          -   76.00000      -  1459  793s
   191   236   77.09346   10 1349          -   76.00000      -  1261  835s
   240   289   77.09346   12 1323          -   76.00000      -  1067  845s
   295   344   77.38182   14 1341          -   76.00000      -   922  860s
   350   406   77.38182   16 1327          -   76.00000      -   805  874s
   412   490   77.77778   17 1255          -   76.00000      -   718  918s
   496   580   78.00000   17 1281          -   76.00000      -   618  926s
   586   663   78.00000   18 1279          -   76.00000      -   539  945s
   669   767   78.00000   20 1262          -   76.00000      -   492  954s
   773   871   78.00000   24 1231          -   76.00000      -   445  963s
   877   971   78.00000   26 1251          -   76.00000      -   408  976s
   978  1082   78.00000   27 1249          -   76.00000      -   379  989s
  1090  1163   78.00000   33 1179          -   76.00000      -   355 1006s
  1179  1231   78.00000   37 1177          -   76.00000      -   346 1020s
  1253  1324   78.00000   38 1177          -   76.00000      -   345 1054s
  1348  1401   78.00000   40 1169          -   76.00000      -   338 1079s
  1431  1505   78.00000   42 1193          -   76.00000      -   335 1101s
  1548  1610   78.00000   43 1189          -   76.00000      -   323 1111s
  1659  1723   78.00000   46 1205          -   76.00000      -   315 1200s
  1774  1811   78.00000   52 1279          -   76.00000      -   308 1208s
  1877  1952   78.00000   54 1217          -   76.00000      -   305 1218s
  2024  2064   78.00000   57 1280          -   76.00000      -   296 1244s
  2148  2193   78.00000   62 1188          -   76.00000      -   293 1308s
  2301  2305   78.00000   63 1165          -   76.00000      -   285 1324s
  2439  2444   78.00000   65 1220          -   76.00000      -   282 1450s
  2606  2618   78.00000   66 1215          -   76.00000      -   275 1461s
  2797  2783   79.00000   76 1149          -   76.00000      -   267 1480s
  2989  2968   79.00000   77 1082          -   76.00000      -   261 1501s
  3221  3220   79.00000   78 1224          -   76.00000      -   255 1530s
  3515  3432   79.00000   80 1165          -   76.00000      -   244 1597s
  3753  3573   79.00000   81 1173          -   76.00000      -   239 1618s
  3934  3830   79.08842   83 1175          -   76.00000      -   238 1755s
  4224  4000   79.40678   89 1132          -   76.00000      -   232 1779s
  4430  4276   79.40678  103 1163          -   76.00000      -   230 1801s
  4782  4519   79.40678  109 1192          -   76.00000      -   221 1848s
  5108  4791   79.40678  118 1147          -   76.00000      -   214 1864s
  5474  5012   79.40678  121 1150          -   76.00000      -   207 1953s
  5522  5012   82.06422   85 1123          -   76.00000      -   206 2044s
  5778  5012 infeasible  137               -   76.00000      -   203 2046s
  5815  5145   81.33333  130 1098          -   76.00000      -   203 2594s
  6004  5319   81.33333  134 1091          -   76.00000      -   205 3064s
  6266  5536   81.33333  137 1024          -   76.00000      -   206 3218s
  6545  5772 infeasible  149               -   76.00000      -   207 3382s
  6864  5975   81.33333  148 1090          -   76.00000      -   208 3662s

Cutting planes:
  Gomory: 112
  Cover: 586
  Implied bound: 611
  Clique: 16
  MIR: 2729
  StrongCG: 31
  Inf proof: 2
  Zero half: 16
  RLT: 2056
  Relax-and-lift: 563
  BQP: 2
  PSD: 1

Explored 7147 nodes (1688182 simplex iterations) in 3772.11 seconds (108.46 work units)
Thread count was 32 (of 32 available processors)

Solution count 0

Time limit reached
Best objective -, best bound 7.600000000000e+01, gap -

Unable to retrieve attribute 'X'

