
Gurobi 10.0.3 (linux64, gurobi_cl) logging started Thu Nov  2 11:33:56 2023

Set parameter Username
Set parameter TimeLimit to value 3600
Set parameter LogFile to value "RCPSP_227.log"
Set parameter Threads to value 32
Academic license - for non-commercial use only - expires 2024-10-30
Using license file /home/jrivera6/gurobi-licenses/v1003/compute-0-39/gurobi.lic

Gurobi Optimizer version 10.0.3 build v10.0.3rc0 (linux64)
Copyright (c) 2023, Gurobi Optimization, LLC

Read MPS format model from file RCPSP_227.mps
Reading time = 0.00 seconds
RCPSP_227: 5339 rows, 2080 columns, 17054 nonzeros

CPU model: Intel(R) Xeon(R) Gold 6242 CPU @ 2.80GHz, instruction set [SSE2|AVX|AVX2|AVX512]
Thread count: 32 physical cores, 32 logical processors, using up to 32 threads

Optimize a model with 5339 rows, 2080 columns and 17054 nonzeros
Model fingerprint: 0x062c14b4
Variable types: 32 continuous, 2048 integer (2048 binary)
Coefficient statistics:
  Matrix range     [1e+00, 2e+02]
  Objective range  [1e+00, 1e+00]
  Bounds range     [1e+00, 1e+00]
  RHS range        [1e+00, 2e+02]
Presolve removed 3085 rows and 1200 columns
Presolve time: 0.18s
Presolved: 2254 rows, 880 columns, 7229 nonzeros
Variable types: 31 continuous, 849 integer (849 binary)

Root relaxation: objective 6.000000e+01, 327 iterations, 0.00 seconds (0.00 work units)

    Nodes    |    Current Node    |     Objective Bounds      |     Work
 Expl Unexpl |  Obj  Depth IntInf | Incumbent    BestBd   Gap | It/Node Time

     0     0   60.00000    0    2          -   60.00000      -     -    0s
H    0     0                      67.0000000   60.00000  10.4%     -    0s
H    0     0                      62.0000000   60.00000  3.23%     -    0s
     0     0   60.00000    0   46   62.00000   60.00000  3.23%     -    0s
H    0     0                      60.0000000   60.00000  0.00%     -    3s
     0     0   60.00000    0    2   60.00000   60.00000  0.00%     -    3s

Explored 1 nodes (1308 simplex iterations) in 3.43 seconds (0.29 work units)
Thread count was 32 (of 32 available processors)

Solution count 3: 60 62 67 

Optimal solution found (tolerance 1.00e-04)
Best objective 6.000000000000e+01, best bound 6.000000000000e+01, gap 0.0000%

Wrote result file 'RCPSP_227.sol'

