
Gurobi 10.0.3 (linux64, gurobi_cl) logging started Thu Nov  9 11:49:43 2023

Set parameter Username
Set parameter TimeLimit to value 3600
Set parameter LogFile to value "RCPSP_1251.log"
Set parameter Threads to value 32
Academic license - for non-commercial use only - expires 2024-11-06
Using license file /home/jrivera6/gurobi-licenses/v1003/compute-0-36/gurobi.lic

Gurobi Optimizer version 10.0.3 build v10.0.3rc0 (linux64)
Copyright (c) 2023, Gurobi Optimization, LLC

Read MPS format model from file RCPSP_1251.mps
Reading time = 0.11 seconds
RCPSP_1251: 42947 rows, 17020 columns, 159151 nonzeros

CPU model: Intel(R) Xeon(R) Gold 6130 CPU @ 2.10GHz, instruction set [SSE2|AVX|AVX2|AVX512]
Thread count: 32 physical cores, 32 logical processors, using up to 32 threads

Optimize a model with 42947 rows, 17020 columns and 159151 nonzeros
Model fingerprint: 0xff622db7
Variable types: 92 continuous, 16928 integer (16928 binary)
Coefficient statistics:
  Matrix range     [1e+00, 5e+02]
  Objective range  [1e+00, 1e+00]
  Bounds range     [1e+00, 1e+00]
  RHS range        [1e+00, 5e+02]
Presolve removed 7816 rows and 1985 columns
Presolve time: 4.08s
Presolved: 35131 rows, 15035 columns, 136826 nonzeros
Variable types: 91 continuous, 14944 integer (14944 binary)

Deterministic concurrent LP optimizer: primal and dual simplex (primal and dual model)
Showing first log only...

Root relaxation presolved: 35131 rows, 15035 columns, 136826 nonzeros


Root simplex log...

Iteration    Objective       Primal Inf.    Dual Inf.      Time
       0    1.0205184e+02   5.660502e-03   1.408867e+08      5s
    2258    1.0200000e+02   0.000000e+00   0.000000e+00      5s
Concurrent spin time: 0.87s

Solved with dual simplex (dual model)

Root relaxation: objective 1.020000e+02, 17199 iterations, 1.89 seconds (0.14 work units)
Total elapsed time = 10.10s

    Nodes    |    Current Node    |     Objective Bounds      |     Work
 Expl Unexpl |  Obj  Depth IntInf | Incumbent    BestBd   Gap | It/Node Time

     0     0  102.00000    0    2          -  102.00000      -     -   10s
     0     0  102.00000    0   18          -  102.00000      -     -   21s
     0     0  102.00000    0    6          -  102.00000      -     -   25s
     0     0  102.00000    0    4          -  102.00000      -     -   28s
     0     0  102.00000    0    2          -  102.00000      -     -   32s
     0     0  102.00000    0    2          -  102.00000      -     -   39s
H    0     0                     102.0000000  102.00000  0.00%     -   42s
     0     0  102.00000    0   14  102.00000  102.00000  0.00%     -   42s

Cutting planes:
  Implied bound: 34
  MIR: 103
  RLT: 36
  Relax-and-lift: 18

Explored 1 nodes (27805 simplex iterations) in 45.30 seconds (5.74 work units)
Thread count was 32 (of 32 available processors)

Solution count 1: 102 

Optimal solution found (tolerance 1.00e-04)
Best objective 1.020000000000e+02, best bound 1.020000000000e+02, gap 0.0000%

Wrote result file 'RCPSP_1251.sol'

