
Gurobi 10.0.3 (linux64, gurobi_cl) logging started Thu Nov  2 11:33:57 2023

Set parameter Username
Set parameter TimeLimit to value 3600
Set parameter LogFile to value "RCPSP_17.log"
Set parameter Threads to value 32
Academic license - for non-commercial use only - expires 2024-10-30
Using license file /home/jrivera6/gurobi-licenses/v1003/compute-0-34/gurobi.lic

Gurobi Optimizer version 10.0.3 build v10.0.3rc0 (linux64)
Copyright (c) 2023, Gurobi Optimization, LLC

Read MPS format model from file RCPSP_17.mps
Reading time = 0.02 seconds
RCPSP_17: 5329 rows, 2080 columns, 16083 nonzeros

CPU model: Intel(R) Xeon(R) Gold 6130 CPU @ 2.10GHz, instruction set [SSE2|AVX|AVX2|AVX512]
Thread count: 32 physical cores, 32 logical processors, using up to 32 threads

Optimize a model with 5329 rows, 2080 columns and 16083 nonzeros
Model fingerprint: 0x8ff54e85
Variable types: 32 continuous, 2048 integer (2048 binary)
Coefficient statistics:
  Matrix range     [1e+00, 2e+02]
  Objective range  [1e+00, 1e+00]
  Bounds range     [1e+00, 1e+00]
  RHS range        [1e+00, 2e+02]
Presolve removed 2367 rows and 847 columns
Presolve time: 0.16s
Presolved: 2962 rows, 1233 columns, 9288 nonzeros
Variable types: 31 continuous, 1202 integer (1202 binary)

Root relaxation: objective 4.700000e+01, 445 iterations, 0.01 seconds (0.00 work units)

    Nodes    |    Current Node    |     Objective Bounds      |     Work
 Expl Unexpl |  Obj  Depth IntInf | Incumbent    BestBd   Gap | It/Node Time

H    0     0                      47.0000000   47.00000  0.00%     -    0s
     0     0   47.00000    0  180   47.00000   47.00000  0.00%     -    0s

Explored 1 nodes (445 simplex iterations) in 0.20 seconds (0.14 work units)
Thread count was 32 (of 32 available processors)

Solution count 1: 47 

Optimal solution found (tolerance 1.00e-04)
Best objective 4.700000000000e+01, best bound 4.700000000000e+01, gap 0.0000%

Wrote result file 'RCPSP_17.sol'

