
Gurobi 10.0.3 (linux64, gurobi_cl) logging started Thu Nov  2 11:34:48 2023

Set parameter Username
Set parameter TimeLimit to value 3600
Set parameter LogFile to value "RCPSP_607.log"
Set parameter Threads to value 32
Academic license - for non-commercial use only - expires 2024-10-30
Using license file /home/jrivera6/gurobi-licenses/v1003/compute-0-39/gurobi.lic

Gurobi Optimizer version 10.0.3 build v10.0.3rc0 (linux64)
Copyright (c) 2023, Gurobi Optimization, LLC

Read MPS format model from file RCPSP_607.mps
Reading time = 0.02 seconds
RCPSP_607: 19624 rows, 7750 columns, 71898 nonzeros

CPU model: Intel(R) Xeon(R) Gold 6242 CPU @ 2.80GHz, instruction set [SSE2|AVX|AVX2|AVX512]
Thread count: 32 physical cores, 32 logical processors, using up to 32 threads

Optimize a model with 19624 rows, 7750 columns and 71898 nonzeros
Model fingerprint: 0xc84a0b5a
Variable types: 62 continuous, 7688 integer (7688 binary)
Coefficient statistics:
  Matrix range     [1e+00, 3e+02]
  Objective range  [1e+00, 1e+00]
  Bounds range     [1e+00, 1e+00]
  RHS range        [1e+00, 3e+02]
Presolve removed 6488 rows and 2159 columns
Presolve time: 2.25s
Presolved: 13136 rows, 5591 columns, 50743 nonzeros
Variable types: 61 continuous, 5530 integer (5530 binary)

Root relaxation: objective 5.400000e+01, 1946 iterations, 0.04 seconds (0.02 work units)

    Nodes    |    Current Node    |     Objective Bounds      |     Work
 Expl Unexpl |  Obj  Depth IntInf | Incumbent    BestBd   Gap | It/Node Time

     0     0   54.00000    0  281          -   54.00000      -     -    3s
     0     0   54.00000    0  778          -   54.00000      -     -    5s
     0     0   54.00000    0  726          -   54.00000      -     -    5s
     0     0   54.00000    0  380          -   54.00000      -     -   10s
     0     0   54.00000    0  464          -   54.00000      -     -   10s
     0     0   54.00000    0  399          -   54.00000      -     -   12s
     0     0   54.00000    0  484          -   54.00000      -     -   14s
     0     0   54.00000    0  441          -   54.00000      -     -   15s
H    0     0                     319.0000000   54.00000  83.1%     -   16s
     0     0   54.00000    0  315  319.00000   54.00000  83.1%     -   17s
H    0     0                     233.0000000   54.00000  76.8%     -   23s
H    0     2                     213.0000000   54.00000  74.6%     -   30s
     0     2   54.00000    0  315  213.00000   54.00000  74.6%     -   30s
     3     6   54.00000    2  568  213.00000   54.00000  74.6%   868   35s
    12    23   54.00000    4  746  213.00000   54.00000  74.6%   901   42s
    24    43   54.00000    5  765  213.00000   54.00000  74.6%   810   47s
H   47    67                     198.0000000   54.00000  72.7%   579   60s
H   48    67                     196.0000000   54.00000  72.4%   605   61s
H   52    67                     189.0000000   54.00000  71.4%   619   61s
H   54    67                     187.0000000   54.00000  71.1%   621   61s
    79    96   54.00000    7  746  187.00000   54.00000  71.1%   603   66s
   111   124   54.00000    8  711  187.00000   54.00000  71.1%   558   70s
   175   196   54.00000   10  579  187.00000   54.00000  71.1%   454   86s
   224   225   54.00000   11  583  187.00000   54.00000  71.1%   451  127s
   257   268   54.00000   12  633  187.00000   54.00000  71.1%   404  134s
H  258   268                     185.0000000   54.00000  70.8%   402  134s
H  291   268                     176.0000000   54.00000  69.3%   365  134s
H  295   268                     174.0000000   54.00000  69.0%   362  134s
   305   316   54.00000   13  622  174.00000   54.00000  69.0%   352  137s
   360   392   54.00000   14  613  174.00000   54.00000  69.0%   307  140s
   516   497   55.00000   16  531  174.00000   54.00000  69.0%   230  163s
H  532   497                     160.0000000   54.00000  66.2%   224  163s
H  548   525                     123.0000000   54.00000  56.1%   220  472s
H  549   525                     116.0000000   54.00000  53.4%   219  472s
H  552   525                     115.0000000   54.00000  53.0%   219  472s
H  558   525                     112.0000000   54.00000  51.8%   218  472s
H  563   525                     107.0000000   54.00000  49.5%   216  472s
H  583   555                     107.0000000   54.00000  49.5%   211  816s
H  592   555                     106.0000000   54.00000  49.1%   210  816s
H  596   555                     105.0000000   54.00000  48.6%   210  816s
H  605   555                     102.0000000   54.00000  47.1%   208  816s
   616   660   55.00000   19  535  102.00000   54.00000  47.1%   208  823s
   725   794   55.00000   21  522  102.00000   54.00000  47.1%   188  828s
   865   929   55.00000   24  580  102.00000   54.00000  47.1%   165  835s
  1187  1286   55.00000   28  548  102.00000   54.00000  47.1%   130  841s
  1380  1458   55.00000   31  538  102.00000   54.00000  47.1%   118  846s
  1578  1587   55.00000   32  591  102.00000   54.00000  47.1%   112  861s
H 1729  1617                     102.0000000   54.00000  47.1%   116  926s
H 1742  1617                     101.0000000   54.00000  46.5%   119  926s
H 1753  1617                      99.0000000   54.00000  45.5%   119  926s
H 1759  1617                      98.0000000   54.00000  44.9%   120  926s
  1762  1826   55.00000   34  631   98.00000   54.00000  44.9%   121  931s
  1996  1872   55.00000   35  631   98.00000   54.00000  44.9%   113  949s
  2080  2070   55.00000   37  648   98.00000   54.00000  44.9%   118  956s
  2302  2272   55.00000   38  618   98.00000   54.00000  44.9%   116  972s
  2544  2493   55.00000   39  636   98.00000   54.00000  44.9%   116  980s
  2830  2685   55.00000   40  613   98.00000   54.00000  44.9%   113  989s
  3077  2924   55.00000   42  667   98.00000   54.00000  44.9%   114 1005s
  3359  3155   55.00000   42  634   98.00000   54.00000  44.9%   119 1019s
  3634  3480   55.00694   43  762   98.00000   54.00000  44.9%   120 1024s
  4001  3481   83.00000   57  315   98.00000   54.00000  44.9%   115 1048s
  4003  3482   61.00000   50  409   98.00000   54.00000  44.9%   115 1050s
  4004  3483   71.00000   65  504   98.00000   54.00000  44.9%   115 1055s
  4006  3484   77.00000  111  623   98.00000   54.00000  44.9%   115 1064s
  4007  3485   77.00000  102  820   98.00000   54.00000  44.9%   115 1067s
H 4007  3310                      97.0000000   54.00000  44.3%   115 1082s
  4008  3311   71.00000   40  637   97.00000   54.00000  44.3%   115 1086s
  4009  3311   61.00000   72  863   97.00000   54.00000  44.3%   115 1093s
  4010  3312   75.00000   45  693   97.00000   54.00000  44.3%   115 1114s
H 4010  3146                      96.0000000   54.00000  43.7%   115 1122s
H 4011  2990                      94.0000000   54.00000  42.6%   115 1149s
  4012  2990   75.00000   17  601   94.00000   54.00000  42.6%   115 1155s
  4015  2995   54.00000   13  516   94.00000   54.00000  42.6%   141 1179s
  4017  2999   54.00000   14  504   94.00000   54.00000  42.6%   141 1187s
  4021  3005   54.00000   15  511   94.00000   54.00000  42.6%   141 1197s
  4029  3019   54.00000   16  497   94.00000   54.00000  42.6%   142 1205s
  4045  3044   54.06383   17  749   94.00000   54.00000  42.6%   144 1222s
H 4047  2894                      94.0000000   54.00000  42.6%   144 1222s
H 4059  2748                      93.0000000   54.00000  41.9%   146 1222s
  4077  2774   54.06383   18  737   93.00000   54.00000  41.9%   149 1240s
  4109  2795   54.06383   18  685   93.00000   54.00000  41.9%   151 1322s
H 4118  2656                      92.0000000   54.00000  41.3%   151 1322s
  4141  2680   54.06383   19  746   92.00000   54.00000  41.3%   152 1333s
  4173  2700   54.06383   19  695   92.00000   54.00000  41.3%   152 1385s
H 4180  2569                      90.0000000   54.00000  40.0%   153 1385s
H 4184  2446                      89.0000000   54.00000  39.3%   153 1385s
H 4186  2329                      89.0000000   54.00000  39.3%   153 1385s
  4205  2369   54.06383   20  694   89.00000   54.00000  39.3%   153 1397s
  4251  2405   54.06383   21  687   89.00000   54.00000  39.3%   153 1406s
  4302  2440   54.06912   22  694   89.00000   54.00000  39.3%   153 1416s
  4356  2470   56.00000   22  596   89.00000   54.00000  39.3%   153 1431s
  4404  2503   56.00000   23  595   89.00000   54.00000  39.3%   153 1444s
  4455  2537   56.00000   24  596   89.00000   54.00000  39.3%   153 1453s
  4508  2578   56.00000   25  598   89.00000   54.00000  39.3%   152 1463s
  4571  2613   56.00000   26  590   89.00000   54.00000  39.3%   151 1472s
  4630  2658   56.00000   27  589   89.00000   54.00000  39.3%   150 1490s
  4697  2701   56.00000   28  708   89.00000   54.00000  39.3%   149 1501s
  4925  2952   59.00000   31  695   89.00000   54.00000  39.3%   144 1508s
  5113  3052   56.00000   34  679   89.00000   54.00000  39.3%   139 1512s
H 5323  2976                      88.0000000   54.00000  38.6%   135 1517s
H 5339  2866                      87.0000000   54.00000  37.9%   135 1518s
  5453  2985   56.00000   36  679   87.00000   54.00000  37.9%   133 1522s
  5683  2915   67.00000   38  557   87.00000   54.00000  37.9%   129 1541s
  5740  3064   56.00000   38  652   87.00000   54.00000  37.9%   130 1546s
  5936  3016   65.00000   40  597   87.00000   54.00000  37.9%   128 1561s
  5985  3065   62.00000   40  623   87.00000   54.00000  37.9%   128 1683s
  6064  3068   71.00000   41  521   87.00000   54.00000  37.9%   127 1699s
  6115  3175   62.00000   41  616   87.00000   54.00000  37.9%   128 1712s
  6257  3091   72.00000   42  547   87.00000   54.00000  37.9%   126 1742s
  6326  3295   62.00000   42  615   87.00000   54.00000  37.9%   127 1757s
  6567  3241   71.00000   46  529   87.00000   54.00000  37.9%   124 1780s
H 6571  3140                      87.0000000   54.00000  37.9%   124 1780s
H 6579  2917                      86.0000000   54.00000  37.2%   124 1781s
  6613  3239   62.00000   46  620   86.00000   54.00000  37.2%   124 1792s
  6994  3149 infeasible   49        86.00000   54.00000  37.2%   120 1809s
  7071  3468   71.00000   49  572   86.00000   54.00000  37.2%   120 1827s
  7478  3771   71.00000   55  506   86.00000   54.00000  37.2%   115 1850s
  8069  3577   72.00000   65  490   86.00000   54.00000  37.2%   108 1904s
H 8076  3348                      85.0000000   54.00000  36.5%   108 1907s
  8140  3613   71.00000   66  518   85.00000   54.00000  36.5%   109 1917s
  8516  3513 infeasible   72        85.00000   54.00000  36.5%   106 1957s
  8595  3858   54.01016   19  665   85.00000   54.00000  36.5%   107 1977s
  9075  3706   65.00000   21  509   85.00000   54.00000  36.5%   103 1997s
  9165  4048   65.00000   23  493   85.00000   54.00000  36.5%   104 2063s
  9584  4053   65.00000   37  530   85.00000   54.00000  36.5%   101 2078s
  9677  4507   68.00000   39  472   85.00000   54.00000  36.5%   102 2094s
 10236  4518 infeasible   59        85.00000   54.00000  36.5%  98.6 2145s
 10325  5244   54.45395   24  629   85.00000   54.00000  36.5%   100 2552s
 11233  5269   69.00000   24  433   85.00000   54.00000  36.5%  95.1 2630s
 11322  5625   77.00000   26  552   85.00000   54.00000  36.5%  96.4 2686s
H11450  5620                      85.0000000   54.00000  36.5%  96.0 2691s
 11767  6236   81.00000   38  413   85.00000   54.00000  36.5%  95.0 3663s

Cutting planes:
  Gomory: 47
  Cover: 17
  Implied bound: 201
  Clique: 1
  MIR: 141
  Flow cover: 270
  Zero half: 1
  RLT: 93
  Relax-and-lift: 262

Explored 12535 nodes (1195955 simplex iterations) in 3980.06 seconds (144.59 work units)
Thread count was 32 (of 32 available processors)

Solution count 10: 85 85 86 ... 92

Time limit reached
Best objective 8.499999999140e+01, best bound 5.400000000000e+01, gap 36.4706%

Wrote result file 'RCPSP_607.sol'

