
Gurobi 10.0.3 (linux64, gurobi_cl) logging started Thu Nov  9 11:47:19 2023

Set parameter Username
Set parameter TimeLimit to value 3600
Set parameter LogFile to value "RCPSP_1051.log"
Set parameter Threads to value 32
Academic license - for non-commercial use only - expires 2024-11-06
Using license file /home/jrivera6/gurobi-licenses/v1003/compute-0-36/gurobi.lic

Gurobi Optimizer version 10.0.3 build v10.0.3rc0 (linux64)
Copyright (c) 2023, Gurobi Optimization, LLC

Read MPS format model from file RCPSP_1051.mps
Reading time = 0.18 seconds
RCPSP_1051: 42919 rows, 17020 columns, 151024 nonzeros

CPU model: Intel(R) Xeon(R) Gold 6130 CPU @ 2.10GHz, instruction set [SSE2|AVX|AVX2|AVX512]
Thread count: 32 physical cores, 32 logical processors, using up to 32 threads

Optimize a model with 42919 rows, 17020 columns and 151024 nonzeros
Model fingerprint: 0xe3a2ea8e
Variable types: 92 continuous, 16928 integer (16928 binary)
Coefficient statistics:
  Matrix range     [1e+00, 5e+02]
  Objective range  [1e+00, 1e+00]
  Bounds range     [1e+00, 1e+00]
  RHS range        [1e+00, 5e+02]
Presolve removed 7406 rows and 1715 columns
Presolve time: 2.63s
Presolved: 35513 rows, 15305 columns, 130980 nonzeros
Variable types: 91 continuous, 15214 integer (15214 binary)

Deterministic concurrent LP optimizer: primal and dual simplex (primal and dual model)
Showing first log only...

Root relaxation presolved: 35513 rows, 15305 columns, 130980 nonzeros

Concurrent spin time: 0.39s

Solved with dual simplex (primal model)

Root relaxation: objective 7.700000e+01, 5726 iterations, 2.06 seconds (0.18 work units)

    Nodes    |    Current Node    |     Objective Bounds      |     Work
 Expl Unexpl |  Obj  Depth IntInf | Incumbent    BestBd   Gap | It/Node Time

     0     0   77.00000    0  309          -   77.00000      -     -    9s
     0     0   77.00000    0  730          -   77.00000      -     -   29s
     0     0   77.00000    0  720          -   77.00000      -     -   29s
     0     0   77.00000    0  927          -   77.00000      -     -   32s
     0     0   77.00000    0  870          -   77.00000      -     -   34s
     0     0   77.00000    0   34          -   77.00000      -     -   58s
     0     0   77.00000    0   44          -   77.00000      -     -   61s
     0     0   77.00000    0   41          -   77.00000      -     -   72s
     0     0   77.00000    0  215          -   77.00000      -     -   81s
     0     0   77.00000    0   26          -   77.00000      -     -   93s
     0     0   77.00000    0  171          -   77.00000      -     -   95s
     0     0   77.00000    0   39          -   77.00000      -     -  107s
     0     0   77.00000    0  105          -   77.00000      -     -  113s
     0     0   77.00000    0   34          -   77.00000      -     -  128s
     0     0   77.00000    0  112          -   77.00000      -     -  129s
     0     0   77.00000    0   71          -   77.00000      -     -  142s
     0     0   77.00000    0  227          -   77.00000      -     -  143s
     0     0   77.00000    0  221          -   77.00000      -     -  143s
     0     0   77.00000    0   47          -   77.00000      -     -  150s
     0     0   77.00000    0   46          -   77.00000      -     -  153s
     0     2   77.00000    0   46          -   77.00000      -     -  179s
     1     4   77.00000    1   65          -   77.00000      -  2332  203s
     3     8   77.00000    2   64          -   77.00000      -  1164  209s
     7    16   77.00000    3   88          -   77.00000      -   563  215s
    15    30   77.00000    4  206          -   77.00000      -   316  227s
    31    57   77.00000    5  123          -   77.00000      -   400  250s
    61    88   77.00000    6  436          -   77.00000      -   443  285s
    93   112   77.00000    7  810          -   77.00000      -   379  315s
   125   140   77.00000    8  704          -   77.00000      -   321  323s
   157   165   77.00000    9  705          -   77.00000      -   264  332s
   189   197   77.00000   10   66          -   77.00000      -   258  364s
   227   224   77.00000   11   68          -   77.00000      -   216  382s
   264   254   77.00000   12   67          -   77.00000      -   207  390s
   350   330   77.00000   14   79          -   77.00000      -   162  399s
   393   370   77.00000   15   79          -   77.00000      -   147  404s
   437   412   77.00000   16  119          -   77.00000      -   133  409s
   484   463   77.00000   17  118          -   77.00000      -   123  413s
   540   524   77.00000   18  116          -   77.00000      -   111  419s
   607   597   77.00000   19  116          -   77.00000      -   100  429s
   685   683   77.00000   20   65          -   77.00000      -  96.2  449s
   773   769   77.00000   21   53          -   77.00000      -  86.9  453s
   859   869   77.00000   23   53          -   77.00000      -  79.7  460s
   961   970   77.00000   24   67          -   77.00000      -  73.7  475s
  1066  1061   77.00000   25   67          -   77.00000      -  70.1  480s
  1160  1171   77.00000   27   67          -   77.00000      -  67.6  516s
  1273  1278   77.00000   30   65          -   77.00000      -  70.5  545s
  1388  1410   77.00000   31   65          -   77.00000      -  67.6  553s
  1523  1551   77.00000   32  127          -   77.00000      -  64.0  572s
H 1666  1551                      77.0000000   77.00000  0.00%  61.0  573s

Cutting planes:
  Gomory: 30
  Cover: 28
  Implied bound: 183
  MIR: 941
  StrongCG: 5
  Zero half: 3
  RLT: 442
  Relax-and-lift: 144

Explored 1673 nodes (171369 simplex iterations) in 573.72 seconds (34.69 work units)
Thread count was 32 (of 32 available processors)

Solution count 1: 77 

Optimal solution found (tolerance 1.00e-04)
Best objective 7.700000000000e+01, best bound 7.700000000000e+01, gap 0.0000%

Wrote result file 'RCPSP_1051.sol'

