
Gurobi 10.0.3 (linux64, gurobi_cl) logging started Thu Nov  2 11:54:47 2023

Set parameter Username
Set parameter TimeLimit to value 3600
Set parameter LogFile to value "RCPSP_967.log"
Set parameter Threads to value 32
Academic license - for non-commercial use only - expires 2024-10-30
Using license file /home/jrivera6/gurobi-licenses/v1003/compute-0-34/gurobi.lic

Gurobi Optimizer version 10.0.3 build v10.0.3rc0 (linux64)
Copyright (c) 2023, Gurobi Optimization, LLC

Read MPS format model from file RCPSP_967.mps
Reading time = 0.07 seconds
RCPSP_967: 42919 rows, 17020 columns, 134553 nonzeros

CPU model: Intel(R) Xeon(R) Gold 6130 CPU @ 2.10GHz, instruction set [SSE2|AVX|AVX2|AVX512]
Thread count: 32 physical cores, 32 logical processors, using up to 32 threads

Optimize a model with 42919 rows, 17020 columns and 134553 nonzeros
Model fingerprint: 0xff1446f7
Variable types: 92 continuous, 16928 integer (16928 binary)
Coefficient statistics:
  Matrix range     [1e+00, 5e+02]
  Objective range  [1e+00, 1e+00]
  Bounds range     [1e+00, 1e+00]
  RHS range        [1e+00, 5e+02]
Presolve removed 11641 rows and 3150 columns
Presolve time: 4.91s
Presolved: 31278 rows, 13870 columns, 102135 nonzeros
Variable types: 91 continuous, 13779 integer (13779 binary)

Deterministic concurrent LP optimizer: primal and dual simplex (primal and dual model)
Showing first log only...

Root relaxation presolved: 31278 rows, 13870 columns, 102135 nonzeros


Root simplex log...

Iteration    Objective       Primal Inf.    Dual Inf.      Time
       0    8.3171674e+01   6.391090e-03   2.440820e+08      6s
    2454    8.3000000e+01   0.000000e+00   0.000000e+00      6s
Concurrent spin time: 0.22s

Solved with dual simplex (dual model)

Root relaxation: objective 8.300000e+01, 14331 iterations, 1.29 seconds (0.11 work units)
Total elapsed time = 10.85s

    Nodes    |    Current Node    |     Objective Bounds      |     Work
 Expl Unexpl |  Obj  Depth IntInf | Incumbent    BestBd   Gap | It/Node Time

     0     0   83.00000    0  151          -   83.00000      -     -   11s
     0     0   83.00000    0  149          -   83.00000      -     -   11s
     0     0   83.00000    0  786          -   83.00000      -     -   21s
     0     0   83.00000    0  706          -   83.00000      -     -   23s
     0     0   83.00000    0  349          -   83.00000      -     -   39s
     0     0   83.00000    0  341          -   83.00000      -     -   39s
     0     0   83.00000    0  710          -   83.00000      -     -   50s
     0     0   83.00000    0  704          -   83.00000      -     -   50s
     0     0   83.00000    0  251          -   83.00000      -     -   61s
     0     0   83.00000    0  270          -   83.00000      -     -   62s
     0     0   83.00000    0  320          -   83.00000      -     -   75s
     0     0   83.00000    0  472          -   83.00000      -     -   78s
     0     0   83.00000    0  472          -   83.00000      -     -   78s
     0     0   83.00000    0  240          -   83.00000      -     -   92s
     0     0   83.00000    0  239          -   83.00000      -     -   99s
     0     2   83.00000    0  206          -   83.00000      -     -  122s
     1     4   83.00000    1  152          -   83.00000      -  2034  130s
     3     8   83.00000    2  151          -   83.00000      -   882  140s
     7    16   83.00000    3  446          -   83.00000      -   584  154s
    15    31   83.00000    4  446          -   83.00000      -   695  163s
    31    58   83.00000    5  459          -   83.00000      -   628  178s
    62    87   83.00000    6  467          -   83.00000      -   511  185s
    94   114   83.00000    7  468          -   83.00000      -   466  190s
   158   162   83.00000    9  463          -   83.00000      -   293  200s
   226   206   83.00000   11  456          -   83.00000      -   210  208s
   261   240   83.00000   12  456          -   83.00000      -   183  212s
   302   271   83.00000   13  481          -   83.00000      -   161  216s
   342   303   83.00000   14  475          -   83.00000      -   143  221s
   380   340   83.00000   15  473          -   83.00000      -   131  225s
   422   379   83.00000   16  471          -   83.00000      -   119  230s
   465   421   83.00000   17  471          -   83.00000      -   110  236s
   508   464   83.00000   18  469          -   83.00000      -   102  240s
   554   517   83.00000   20  465          -   83.00000      -  95.5  245s
   663   630   83.00000   22  459          -   83.00000      -  82.0  257s
   726   705   83.00000   24  455          -   83.00000      -  76.7  263s
   801   797   83.00000   25  812          -   83.00000      -  71.9  275s
   898   901   83.00000   26  807          -   83.00000      -  66.1  281s
  1003  1005   83.00000   28  770          -   83.00000      -  61.5  286s
  1108  1079   83.00000   29  768          -   83.00000      -  57.6  295s
  1184  1181   83.00000   30  498          -   83.00000      -  62.9  317s
  1289  1325   85.04000   30  859          -   83.00000      -  62.2  325s
  1434  1468   92.81325   31  515          -   83.00000      -  60.4  332s
  1583  1659   83.00000   31  594          -   83.00000      -  57.6  340s
  1782  1867   83.00000   32  584          -   83.00000      -  53.5  350s
  1996  2043   83.00000   33  584          -   83.00000      -  50.3  357s
  2184  2235   83.00000   35  580          -   83.00000      -  49.5  366s
  2386  2435   83.00000   38  592          -   83.00000      -  48.8  380s
  2601  2615   83.80000   40  505          -   83.00000      -  49.1  393s
  2799  2741   88.00000   41  734          -   83.00000      -  49.6  406s
H 2942  2678                     110.0000000   83.00000  24.5%  51.3  406s
  2946  2672   86.00000   42  321  110.00000   83.00000  24.5%  51.4  442s
H 2947  2294                     101.0000000   83.00000  17.8%  51.4  443s
H 2950  1845                      99.0000000   83.00000  16.2%  51.6  443s
  2997  1809   92.00000   43  309   99.00000   83.00000  16.2%  52.5  477s
H 3093  1759                      98.0000000   83.00000  15.3%  59.9  569s
H 3103  1704                      97.0000000   83.00000  14.4%  61.1  569s
H 3105  1704                      96.0000000   83.00000  13.5%  61.4  569s
  3128  1759 infeasible   45        96.00000   83.00000  13.5%  64.5  582s
H 3269  1729                      94.0000000   83.00000  11.7%  68.4  698s
  3307  1459   90.00000   43  239   94.00000   83.00000  11.7%  70.8  783s
  3309  1460   83.00000   15  178   94.00000   83.00000  11.7%  70.8  792s
  3310  1461   90.00000   20  309   94.00000   83.00000  11.7%  70.8  799s
  3311  1462   89.00000   47  402   94.00000   83.00000  11.7%  70.8  802s
  3312  1462   90.00000    6  108   94.00000   83.45814  11.2%  70.7  810s
  3314  1464   90.00000   91   66   94.00000   86.02112  8.49%  70.7  819s
  3315  1464   86.03556    9  187   94.00000   86.03556  8.47%  70.7  821s
  3316  1465   88.00000   54   98   94.00000   86.04741  8.46%  70.6  827s
  3318  1466   91.00000   32   67   94.00000   86.08539  8.42%  70.6  833s
  3319  1467   88.00000   43  115   94.00000   86.08951  8.42%  70.6  835s
  3320  1468   91.00000   62  181   94.00000   87.00000  7.45%  70.6  844s
  3321  1468   88.00000   40  293   94.00000   87.00000  7.45%  70.5  849s
  3322  1469   89.00000   76  197   94.00000   87.00000  7.45%  70.5  865s
  3323  1470   87.00000   25  317   94.00000   87.00000  7.45%  70.5  874s
  3324  1470   91.37500   37  245   94.00000   87.00000  7.45%  70.5  884s
  3325  1471   90.00000   60  333   94.00000   87.47979  6.94%  70.5  887s
  3326  1472   88.00000   80  283   94.00000   88.00000  6.38%  70.4  898s
  3327  1472   89.00000   35  405   94.00000   88.00000  6.38%  70.4  902s
  3328  1473   88.00000   21  260   94.00000   88.00000  6.38%  70.4  914s
  3329  1474   91.00000   44  461   94.00000   88.00000  6.38%  70.4  916s
  3330  1474   92.00000   89  251   94.00000   88.00000  6.38%  70.4  930s
  3331  1475   88.00000   70  413   94.00000   88.00000  6.38%  70.3  935s
  3332  1476   89.00000   81  267   94.00000   89.00000  5.32%  70.3  950s
  3333  1476   91.00000   58  478   94.00000   89.00000  5.32%  70.3  955s
  3334  1477   92.00000   94  128   94.00000   89.20000  5.11%  70.3  964s
  3335  1478   91.00000   55  367   94.00000   89.20000  5.11%  70.2  967s
  3336  1478   91.00000   78  197   94.00000   89.20000  5.11%  70.2  978s
H 3336  1403                      94.0000000   89.20000  5.11%  70.2  980s
  3338  1405   91.00000   25  384   94.00000   89.20000  5.11%  70.2  992s
  3339  1405   89.20000   42  383   94.00000   89.20000  5.11%  70.2  997s
  3340  1406   89.20000   68  221   94.00000   89.20000  5.11%  70.1 1007s
  3342  1407   89.20000   81  257   94.00000   89.20000  5.11%  70.1 1022s
  3343  1408   89.20000   19  381   94.00000   89.20000  5.11%  70.1 1026s
  3344  1409   89.20000   21  205   94.00000   89.20000  5.11%  70.1 1034s
  3345  1409   91.00000   50  478   94.00000   89.20000  5.11%  70.0 1038s
  3346  1410   89.20000   16  213   94.00000   89.20000  5.11%  70.0 1055s
  3347  1411   89.20000   28  438   94.00000   89.20000  5.11%  70.0 1061s
  3348  1411   89.20000   17  161   94.00000   89.20000  5.11%  70.0 1076s
  3349  1412   93.00000   89  319   94.00000   89.20000  5.11%  70.0 1080s
  3350  1413   92.00000   76  205   94.00000   89.20000  5.11%  69.9 1092s
  3351  1413   89.20000   76  437   94.00000   89.20000  5.11%  69.9 1096s
  3352  1414   92.00000   85  247   94.00000   89.20000  5.11%  69.9 1108s
  3353  1415   89.20000   58  383   94.00000   89.20000  5.11%  69.9 1113s
  3354  1415   91.00000   39  122   94.00000   89.20000  5.11%  69.8 1124s
  3355  1416   89.20000   56  377   94.00000   89.20000  5.11%  69.8 1129s
  3356  1417   93.00000   32  214   94.00000   89.20000  5.11%  69.8 1147s
  3357  1417   89.20000   78  436   94.00000   89.20000  5.11%  69.8 1152s
  3358  1418   89.20000   31  212   94.00000   89.20000  5.11%  69.8 1164s
  3359  1419   92.00000   72  385   94.00000   89.20000  5.11%  69.7 1168s
  3360  1419   89.20000   69  374   94.00000   89.20000  5.11%  69.7 1180s
  3361  1420   90.00000   38  553   94.00000   89.20000  5.11%  69.7 1185s
  3362  1421   89.20000   18  227   94.00000   89.20000  5.11%  69.7 1194s
  3363  1421   89.20000   47  323   94.00000   89.20000  5.11%  69.7 1199s
  3364  1422   90.00000   35  406   94.00000   89.20000  5.11%  69.6 1211s
H 3365  1351                      93.0000000   89.20000  4.09%  69.6 1221s
  3366  1351   89.20000   14  245   93.00000   89.20000  4.09%  69.6 1225s
  3367  1352   89.20000   14  509   93.00000   89.20000  4.09%  69.6 1232s
  3368  1353   89.20000   51  166   93.00000   89.20000  4.09%  69.6 1244s
  3369  1353   91.00000   37  510   93.00000   89.20000  4.09%  69.5 1247s
  3370  1354   89.20000    8  238   93.00000   89.20000  4.09%  69.5 1258s
  3371  1355   90.00000   31  369   93.00000   89.20000  4.09%  69.5 1264s
  3372  1355   89.20000   46  243   93.00000   89.20000  4.09%  69.5 1274s
  3373  1356   89.20000   20  562   93.00000   89.20000  4.09%  69.5 1278s
  3374  1357   89.20000   34  100   93.00000   89.20000  4.09%  69.4 1286s
  3376  1358   89.20000   71  128   93.00000   89.20000  4.09%  69.4 1296s
  3378  1359   90.00000   85  155   93.00000   89.20000  4.09%  69.4 1309s
  3379  1360   89.20000   25  516   93.00000   89.20000  4.09%  69.3 1313s
  3380  1361   92.00000   70  292   93.00000   89.20000  4.09%  69.3 1324s
  3381  1361   90.00000   51  375   93.00000   89.20000  4.09%  69.3 1330s
  3382  1362   89.20000   19  152   93.00000   89.20000  4.09%  69.3 1340s
  3383  1363   91.00000   82  318   93.00000   89.20000  4.09%  69.3 1345s
  3384  1363   91.00000   45   96   93.00000   89.20000  4.09%  69.2 1354s
  3385  1364   89.20000   36  305   93.00000   89.20000  4.09%  69.2 1358s
  3386  1365   90.00000   31  139   93.00000   89.20000  4.09%  69.2 1366s
  3387  1365   90.00000   91  214   93.00000   89.20000  4.09%  69.2 1370s
  3388  1366   89.20000   26  120   93.00000   89.20000  4.09%  69.1 1380s
  3389  1367   89.20000   39  239   93.00000   89.20000  4.09%  69.1 1385s
H 3389  1297                      92.0000000   89.20000  3.04%  69.1 1394s
  3390  1297   89.20000   76  106   92.00000   89.20000  3.04%  69.1 1397s
  3391  1298   89.20000   50  419   92.00000   89.20000  3.04%  69.1 1404s
  3392  1299   89.20000   16   95   92.00000   89.20000  3.04%  69.1 1418s
  3393  1299   91.00000   84  247   92.00000   89.20000  3.04%  69.0 1423s
  3394  1300   89.20000   12  148   92.00000   89.20000  3.04%  69.0 1432s
  3395  1301   90.00000   23  294   92.00000   89.20000  3.04%  69.0 1436s
  3396  1301   89.20000   69  169   92.00000   89.20000  3.04%  69.0 1446s
  3397  1302   92.00000   47  373   92.00000   89.20000  3.04%  69.0 1451s
  3398  1303   90.00000   47  116   92.00000   89.20000  3.04%  68.9 1460s
  3399  1303   89.20000   23  371   92.00000   89.20000  3.04%  68.9 1465s
  3400  1304   91.00000   97  142   92.00000   89.20000  3.04%  68.9 1476s
  3401  1305   92.00000   56  408   92.00000   89.20000  3.04%  68.9 1481s
  3402  1305   92.00000   69  186   92.00000   89.20000  3.04%  68.9 1492s
  3403  1306   91.00000   25  584   92.00000   89.20000  3.04%  68.8 1500s
  3404  1307   91.00000   82  126   92.00000   89.20000  3.04%  68.8 1512s
  3405  1307   90.00000   84  394   92.00000   89.20000  3.04%  68.8 1518s
  3406  1308   89.20000   35   66   92.00000   89.20000  3.04%  68.8 1527s
  3407  1309   90.00000   43  279   92.00000   89.20000  3.04%  68.8 1530s
  3408  1309   89.20000   75  135   92.00000   89.20000  3.04%  68.7 1543s
  3409  1310   89.20000   15  394   92.00000   89.20000  3.04%  68.7 1549s
  3410  1311   90.00000   20  212   92.00000   89.20000  3.04%  68.7 1558s
  3411  1311   89.20000   47  347   92.00000   89.20000  3.04%  68.7 1565s
  3412  1312   90.00000    6   47   92.00000   89.20000  3.04%  68.7 1576s
  3413  1313   92.00000   67  221   92.00000   89.20000  3.04%  68.6 1581s
  3414  1313   90.00000   91  113   92.00000   89.20000  3.04%  68.6 1596s
  3415  1314   89.20000    9  274   92.00000   89.20000  3.04%  68.6 1602s
  3416  1315   89.20000   54  133   92.00000   89.20000  3.04%  68.6 1617s
  3419  1318   89.20000   43  239   92.00000   89.20000  3.04%   196 1652s
  3421  1319   89.20000   40   40   92.00000   89.20000  3.04%   196 1664s
  3422  1320   89.20000   76  162   92.00000   89.20000  3.04%   196 1674s
  3423  1321   89.20000   25  199   92.00000   89.20000  3.04%   196 1676s
  3424  1321   91.37500   37   62   92.00000   89.20000  3.04%   196 1681s
  3425  1322   90.00000   60  727   92.00000   89.20000  3.04%   196 1685s
  3429  1325   91.00000   44  101   92.00000   89.20000  3.04%   196 1696s
  3431  1326   89.20000   70   58   92.00000   89.20000  3.04%   196 1701s
  3432  1330   89.20000   30  316   92.00000   89.20000  3.04%   209 1745s
  3434  1329   89.20000   31  422   92.00000   89.20000  3.04%   210 1780s
  3438  1332   89.20000   32  413   92.00000   89.20000  3.04%   210 1798s
  3442  1333   91.00000   33  540   92.00000   89.20000  3.04%   210 1831s
  3450  1334   91.00000   34  531   92.00000   90.20000  1.96%   210 1839s
  3461  1339   91.00000   35  525   92.00000   91.00000  1.09%   209 1857s
  3475  1347   91.00000   36  593   92.00000   91.00000  1.09%   209 1871s
  3498  1360   91.00000   37  593   92.00000   91.00000  1.09%   208 1881s
  3530  1368   91.00000   38  587   92.00000   91.00000  1.09%   207 1894s
  3562  1374     cutoff   39        92.00000   91.00000  1.09%   206 1908s
  3594  1406   91.00000   39  578   92.00000   91.00000  1.09%   205 1910s
  3653  1406   91.00000   40  572   92.00000   91.00000  1.09%   202 1922s
  3685  1426   91.00000   41  570   92.00000   91.00000  1.09%   201 1925s
  3795  1496   91.00000   43  571   92.00000   91.00000  1.09%   196 1957s
  3908  1448   91.00000   45  563   92.00000   91.00000  1.09%   191 1993s
  4042  1715   91.00000   47  553   92.00000   91.00000  1.09%   187 2028s
  4601  1549     cutoff   53        92.00000   91.00000  1.09%   168 2181s
H 4614  1478                      92.0000000   91.00000  1.09%   168 2182s
H 4627  1410                      91.0000000   91.00000  0.00%   168 2185s

Cutting planes:
  Learned: 10
  Gomory: 1
  Cover: 62
  Implied bound: 9
  Clique: 270
  MIR: 11
  StrongCG: 7
  Flow cover: 22
  Zero half: 3
  RLT: 2
  Relax-and-lift: 9

Explored 4639 nodes (857643 simplex iterations) in 2199.00 seconds (180.17 work units)
Thread count was 32 (of 32 available processors)

Solution count 10: 91 92 92 ... 99

Optimal solution found (tolerance 1.00e-04)
Best objective 9.100000000000e+01, best bound 9.100000000000e+01, gap 0.0000%

Wrote result file 'RCPSP_967.sol'

