
Gurobi 10.0.3 (linux64, gurobi_cl) logging started Thu Nov  2 11:33:58 2023

Set parameter Username
Set parameter TimeLimit to value 3600
Set parameter LogFile to value "RCPSP_57.log"
Set parameter Threads to value 32
Academic license - for non-commercial use only - expires 2024-10-30
Using license file /home/jrivera6/gurobi-licenses/v1003/compute-0-35/gurobi.lic

Gurobi Optimizer version 10.0.3 build v10.0.3rc0 (linux64)
Copyright (c) 2023, Gurobi Optimization, LLC

Read MPS format model from file RCPSP_57.mps
Reading time = 0.01 seconds
RCPSP_57: 5329 rows, 2080 columns, 17044 nonzeros

CPU model: Intel(R) Xeon(R) Gold 6130 CPU @ 2.10GHz, instruction set [SSE2|AVX|AVX2|AVX512]
Thread count: 32 physical cores, 32 logical processors, using up to 32 threads

Optimize a model with 5329 rows, 2080 columns and 17044 nonzeros
Model fingerprint: 0xf789dc2e
Variable types: 32 continuous, 2048 integer (2048 binary)
Coefficient statistics:
  Matrix range     [1e+00, 1e+02]
  Objective range  [1e+00, 1e+00]
  Bounds range     [1e+00, 1e+00]
  RHS range        [1e+00, 2e+02]
Presolve removed 2646 rows and 992 columns
Presolve time: 0.21s
Presolved: 2683 rows, 1088 columns, 8807 nonzeros
Variable types: 31 continuous, 1057 integer (1057 binary)

Root relaxation: objective 4.300000e+01, 365 iterations, 0.00 seconds (0.00 work units)

    Nodes    |    Current Node    |     Objective Bounds      |     Work
 Expl Unexpl |  Obj  Depth IntInf | Incumbent    BestBd   Gap | It/Node Time

     0     0   43.00000    0    9          -   43.00000      -     -    0s
     0     0   43.00000    0   58          -   43.00000      -     -    0s
H    0     0                      53.0000000   43.00000  18.9%     -    0s
     0     0   43.10619    0   33   53.00000   43.10619  18.7%     -    0s
     0     0   43.10619    0   33   53.00000   43.10619  18.7%     -    0s
     0     0   44.24508    0   61   53.00000   44.24508  16.5%     -    1s
     0     0   44.24508    0   49   53.00000   44.24508  16.5%     -    1s
     0     0   46.00000    0   65   53.00000   46.00000  13.2%     -    1s
H    0     0                      46.0000000   46.00000  0.00%     -    1s
     0     0   46.00000    0    4   46.00000   46.00000  0.00%     -    1s

Cutting planes:
  Cover: 2
  Implied bound: 18
  Clique: 9
  MIR: 16
  StrongCG: 1
  RLT: 16
  Relax-and-lift: 9

Explored 1 nodes (2260 simplex iterations) in 1.53 seconds (0.34 work units)
Thread count was 32 (of 32 available processors)

Solution count 2: 46 53 

Optimal solution found (tolerance 1.00e-04)
Best objective 4.600000000000e+01, best bound 4.600000000000e+01, gap 0.0000%

Wrote result file 'RCPSP_57.sol'

