
Gurobi 10.0.3 (linux64, gurobi_cl) logging started Fri Nov  3 09:32:27 2023

Set parameter Username
Set parameter TimeLimit to value 3600
Set parameter LogFile to value "2_RCMPSP_25.log"
Set parameter Threads to value 32
Academic license - for non-commercial use only - expires 2024-10-30
Using license file /home/jrivera6/gurobi-licenses/v1003/compute-0-34/gurobi.lic

Gurobi Optimizer version 10.0.3 build v10.0.3rc0 (linux64)
Copyright (c) 2023, Gurobi Optimization, LLC

Read MPS format model from file 2_RCMPSP_25.mps
Reading time = 0.87 seconds
2_RCMPSP: 153930 rows, 51364 columns, 554370 nonzeros

CPU model: Intel(R) Xeon(R) Gold 6130 CPU @ 2.10GHz, instruction set [SSE2|AVX|AVX2|AVX512]
Thread count: 32 physical cores, 32 logical processors, using up to 32 threads

Optimize a model with 153930 rows, 51364 columns and 554370 nonzeros
Model fingerprint: 0x6785e737
Variable types: 164 continuous, 51200 integer (51200 binary)
Coefficient statistics:
  Matrix range     [1e+00, 3e+02]
  Objective range  [1e+01, 1e+01]
  Bounds range     [1e+00, 1e+00]
  RHS range        [1e+00, 3e+02]
Presolve removed 55652 rows and 7743 columns (presolve time = 5s) ...
Presolve removed 55652 rows and 7743 columns (presolve time = 10s) ...
Presolve removed 55652 rows and 7743 columns (presolve time = 15s) ...
Presolve removed 55652 rows and 7743 columns (presolve time = 20s) ...
Presolve removed 55652 rows and 7743 columns (presolve time = 26s) ...
Presolve removed 55652 rows and 7743 columns (presolve time = 30s) ...
Presolve removed 55652 rows and 7743 columns (presolve time = 39s) ...
Presolve removed 58835 rows and 9424 columns (presolve time = 40s) ...
Presolve removed 59486 rows and 9655 columns (presolve time = 45s) ...
Presolve removed 59486 rows and 9655 columns (presolve time = 50s) ...
Presolve removed 59486 rows and 9655 columns (presolve time = 56s) ...
Presolve removed 59486 rows and 9655 columns (presolve time = 60s) ...
Presolve removed 59506 rows and 9670 columns (presolve time = 65s) ...
Presolve removed 59506 rows and 9670 columns
Presolve time: 65.06s
Presolved: 94424 rows, 41694 columns, 373064 nonzeros
Variable types: 155 continuous, 41539 integer (41535 binary)

Deterministic concurrent LP optimizer: primal and dual simplex (primal and dual model)
Showing first log only...

Root relaxation presolved: 94416 rows, 41690 columns, 373040 nonzeros


Root simplex log...

Iteration    Objective       Primal Inf.    Dual Inf.      Time
       0    3.6833000e+04   4.749625e+03   5.128047e+09     76s
   10232    4.7430000e+03   0.000000e+00   3.200000e+02     78s
   10754    3.5501628e+04   0.000000e+00   6.690394e+03     80s
   11740    3.6074488e+04   0.000000e+00   3.358023e+03     86s
   12592    3.6277581e+04   0.000000e+00   5.407219e+03     90s
   13322    3.6399841e+04   0.000000e+00   2.693641e+03     96s
   13982    3.6497982e+04   0.000000e+00   2.446647e+03    101s
   14906    3.6638799e+04   0.000000e+00   2.653690e+03    106s
Concurrent spin time: 4.66s

Solved with dual simplex (primal model)

Root relaxation: objective 3.683300e+04, 17751 iterations, 39.45 seconds (3.17 work units)
Total elapsed time = 124.21s
Total elapsed time = 133.14s
Total elapsed time = 138.71s
Total elapsed time = 143.92s

    Nodes    |    Current Node    |     Objective Bounds      |     Work
 Expl Unexpl |  Obj  Depth IntInf | Incumbent    BestBd   Gap | It/Node Time

     0     0 36833.0000    0 1873          - 36833.0000      -     -  154s
H    0     0                    34123.000000 36833.0000  7.94%     -  156s
H    0     0                    34363.000000 36833.0000  7.19%     -  159s
H    0     0                    34463.000000 36833.0000  6.88%     -  162s
     0     0 36833.0000    0 3205 34463.0000 36833.0000  6.88%     -  212s
H    0     0                    34503.000000 36833.0000  6.75%     -  218s
     0     0 36833.0000    0 3121 34503.0000 36833.0000  6.75%     -  235s
     0     0 36833.0000    0 2228 34503.0000 36833.0000  6.75%     -  313s
H    0     0                    34583.000000 36833.0000  6.51%     -  323s
     0     0 36833.0000    0 2782 34583.0000 36833.0000  6.51%     -  331s
     0     0 36833.0000    0 2061 34583.0000 36833.0000  6.51%     -  387s
H    0     0                    34773.000000 36833.0000  5.92%     -  394s
     0     0 36833.0000    0 2721 34773.0000 36833.0000  5.92%     -  407s
     0     0 36833.0000    0 1949 34773.0000 36833.0000  5.92%     -  477s
     0     0 36833.0000    0 2557 34773.0000 36833.0000  5.92%     -  499s
     0     0 36833.0000    0 2093 34773.0000 36833.0000  5.92%     -  596s
H    0     0                    34843.000000 36833.0000  5.71%     -  601s
     0     0 36833.0000    0 2755 34843.0000 36833.0000  5.71%     -  623s
     0     0 36833.0000    0 1975 34843.0000 36833.0000  5.71%     -  718s
     0     0 36833.0000    0 1806 34843.0000 36833.0000  5.71%     -  740s
H    0     0                    34883.000000 36833.0000  5.59%     -  817s
H    0     2                    34953.000000 36833.0000  5.38%     -  967s
     0     2 36833.0000    0 1804 34953.0000 36833.0000  5.38%     -  972s
     1     4 36833.0000    1 1908 34953.0000 36833.0000  5.38% 11762 1026s
     3     8 36833.0000    2 2498 34953.0000 36833.0000  5.38%  7770 1305s
     7    15 36833.0000    3 3271 34953.0000 36833.0000  5.38%  9533 1534s
    11    15 36833.0000    3 3122 34953.0000 36833.0000  5.38% 10329 1538s
    13    15 36833.0000    3 3265 34953.0000 36833.0000  5.38% 10721 1541s
    15    28 36833.0000    4 3287 34953.0000 36833.0000  5.38% 10911 1824s
    30    52 36833.0000    5 3179 34953.0000 36833.0000  5.38% 10208 4155s
    31    52 36833.0000    5 3325 34953.0000 36833.0000  5.38%  9913 4164s
H   32    52                    34963.000000 36833.0000  5.35%  9603 4248s
    35    52 36823.0000    5 3503 34963.0000 36833.0000  5.35%  8983 4257s
    37    52 36833.0000    5 3226 34963.0000 36833.0000  5.35%  8583 4263s
    44    52 36833.0000    5 2988 34963.0000 36833.0000  5.35%  7488 4301s
    46    52 36833.0000    5 3465 34963.0000 36833.0000  5.35%  7357 4369s
    51    52 36833.0000    5 3583 34963.0000 36833.0000  5.35%  7135 4379s
    54    52 36833.0000    5 3524 34963.0000 36833.0000  5.35%  7054 4380s

Cutting planes:
  Gomory: 5
  Lift-and-project: 2
  Cover: 7997
  Implied bound: 713
  Clique: 181
  MIR: 2750
  StrongCG: 102
  Zero half: 31
  RLT: 2739
  Relax-and-lift: 315

Explored 58 nodes (712498 simplex iterations) in 4534.83 seconds (630.10 work units)
Thread count was 32 (of 32 available processors)

Solution count 10: 34963 34953 34883 ... 34123

Time limit reached
Best objective 3.496300000000e+04, best bound 3.683300000000e+04, gap 5.3485%

Wrote result file '2_RCMPSP_25.sol'

