
Gurobi 10.0.3 (linux64, gurobi_cl) logging started Fri Nov  3 09:36:28 2023

Set parameter TimeLimit to value 3600
Set parameter LogFile to value "2_RCMPSP_83.log"
Set parameter Threads to value 32

Gurobi 10.0.3 (linux64, gurobi_cl) logging started Thu Nov  9 16:29:28 2023

Set parameter Username
Set parameter TimeLimit to value 3600
Set parameter LogFile to value "2_RCMPSP_83.log"
Set parameter Threads to value 32
Academic license - for non-commercial use only - expires 2024-11-06
Using license file /home/jrivera6/gurobi-licenses/v1003/compute-0-36/gurobi.lic

Gurobi Optimizer version 10.0.3 build v10.0.3rc0 (linux64)
Copyright (c) 2023, Gurobi Optimization, LLC

Read MPS format model from file 2_RCMPSP_83.mps
Reading time = 0.09 seconds
2_RCMPSP: 24708 rows, 8260 columns, 88096 nonzeros

CPU model: Intel(R) Xeon(R) Gold 6130 CPU @ 2.10GHz, instruction set [SSE2|AVX|AVX2|AVX512]
Thread count: 32 physical cores, 32 logical processors, using up to 32 threads

Optimize a model with 24708 rows, 8260 columns and 88096 nonzeros
Model fingerprint: 0x37a2ac3c
Variable types: 68 continuous, 8192 integer (8192 binary)
Coefficient statistics:
  Matrix range     [1e+00, 1e+02]
  Objective range  [1e+01, 1e+01]
  Bounds range     [1e+00, 1e+00]
  RHS range        [1e+00, 1e+02]
Presolve removed 11712 rows and 2679 columns
Presolve time: 1.61s
Presolved: 12996 rows, 5581 columns, 50412 nonzeros
Variable types: 62 continuous, 5519 integer (5515 binary)

Root relaxation: objective 1.399800e+04, 2041 iterations, 0.10 seconds (0.04 work units)

    Nodes    |    Current Node    |     Objective Bounds      |     Work
 Expl Unexpl |  Obj  Depth IntInf | Incumbent    BestBd   Gap | It/Node Time

     0     0 13998.0000    0  145          - 13998.0000      -     -    2s
H    0     0                    13128.000000 13998.0000  6.63%     -    3s
H    0     0                    13408.000000 13998.0000  4.40%     -    3s
H    0     0                    13498.000000 13998.0000  3.70%     -    3s
     0     0 13998.0000    0  401 13498.0000 13998.0000  3.70%     -    5s
     0     0 13998.0000    0  376 13498.0000 13998.0000  3.70%     -    5s
     0     0 13998.0000    0  150 13498.0000 13998.0000  3.70%     -   12s
H    0     0                    13508.000000 13998.0000  3.63%     -   12s
     0     0 13998.0000    0  186 13508.0000 13998.0000  3.63%     -   12s
H    0     0                    13528.000000 13998.0000  3.47%     -   13s
H    0     0                    13538.000000 13998.0000  3.40%     -   17s
H    0     0                    13548.000000 13998.0000  3.32%     -   17s
H    0     0                    13578.000000 13998.0000  3.09%     -   17s
H    0     0                    13588.000000 13998.0000  3.02%     -   17s
H    0     0                    13618.000000 13998.0000  2.79%     -   17s
     0     0 13998.0000    0  164 13618.0000 13998.0000  2.79%     -   18s
     0     0 13998.0000    0  375 13618.0000 13998.0000  2.79%     -   19s
H    0     0                    13628.000000 13998.0000  2.71%     -   20s
     0     0 13998.0000    0  177 13628.0000 13998.0000  2.71%     -   26s
H    0     0                    13638.000000 13998.0000  2.64%     -   26s
     0     0 13998.0000    0  252 13638.0000 13998.0000  2.64%     -   27s
H    0     0                    13648.000000 13998.0000  2.56%     -   30s
     0     0 13998.0000    0  137 13648.0000 13998.0000  2.56%     -   31s
     0     0 13998.0000    0  137 13648.0000 13998.0000  2.56%     -   32s
     0     2 13998.0000    0  137 13648.0000 13998.0000  2.56%     -   40s
     3     8 13998.0000    2  276 13648.0000 13998.0000  2.56%   532   46s
     7    15 13998.0000    3  264 13648.0000 13998.0000  2.56%   454   51s
    15    28 13998.0000    4  301 13648.0000 13998.0000  2.56%   521   57s
    30    50 13998.0000    5  310 13648.0000 13998.0000  2.56%   519   89s
H   48    50                    13658.000000 13998.0000  2.49%   472   89s
    58    76 13998.0000    6  341 13658.0000 13998.0000  2.49%   500   97s
    90   104 13998.0000    7  326 13658.0000 13998.0000  2.49%   529  411s
   122   133 13998.0000    7  427 13658.0000 13998.0000  2.49%   515  476s
H  129   133                    13668.000000 13998.0000  2.41%   511  476s
   154   159 13998.0000    8  415 13668.0000 13998.0000  2.41%   468  480s
   186   187 13998.0000    8  459 13668.0000 13998.0000  2.41%   416  767s
H  191   187                    13688.000000 13998.0000  2.26%   410  767s
H  198   187                    13698.000000 13998.0000  2.19%   405  767s
   218   249 13998.0000    9  406 13698.0000 13998.0000  2.19%   395  792s
   282   280 13996.5058   10  492 13698.0000 13998.0000  2.19%   373  841s
   317   331 13998.0000   11  388 13698.0000 13998.0000  2.19%   367  845s
   379   365 13998.0000   12  360 13698.0000 13998.0000  2.19%   326  874s
   421   441 13998.0000   13  360 13698.0000 13998.0000  2.19%   307  894s
   507   545 13998.0000   15  460 13698.0000 13998.0000  2.19%   279  908s
   627   638 13998.0000   18  432 13698.0000 13998.0000  2.19%   238  933s
   741   748 13997.4521   21  331 13698.0000 13998.0000  2.19%   219  952s
   869   853 13997.4828   21  286 13698.0000 13998.0000  2.19%   201  958s
  1012   968 13988.0000   23  408 13698.0000 13998.0000  2.19%   186  982s
  1174  1135 13988.0000   23  325 13698.0000 13998.0000  2.19%   175  988s
H 1365  1163                    13718.000000 13998.0000  2.04%   160 1131s
  1399  1346 13987.3798   25  306 13718.0000 13998.0000  2.04%   160 1139s
  1677  1595 13968.0000   30  324 13718.0000 13998.0000  2.04%   146 1154s
  1987  1790 13958.0000   35  334 13718.0000 13998.0000  2.04%   136 1185s
  2255  2085 13948.0000   39  343 13718.0000 13998.0000  2.04%   127 1209s
  2665  2336 13938.0000   44  345 13718.0000 13998.0000  2.04%   120 1226s
  3022  2635 13858.0000   62  328 13718.0000 13998.0000  2.04%   116 1255s
  3427  2636 13978.0000   10  137 13718.0000 13998.0000  2.04%   112 1298s
  3429  2637 13818.0000   27  176 13718.0000 13998.0000  2.04%   112 1301s
  3430  2638 13848.0000   17  167 13718.0000 13998.0000  2.04%   112 1307s
  3432  2639 13878.0000   36  205 13718.0000 13998.0000  2.04%   112 1316s
  3434  2641 13788.0000   58  168 13718.0000 13998.0000  2.04%   112 1324s
  3435  2641 13848.0000   43  340 13718.0000 13998.0000  2.04%   112 1326s
  3436  2642 13838.0000   48  230 13718.0000 13998.0000  2.04%   112 1335s
  3438  2643 13958.0000   15  258 13718.0000 13998.0000  2.04%   112 1351s
  3439  2644 13928.0000   20  375 13718.0000 13998.0000  2.04%   112 1358s
  3440  2645 13788.0000   46  264 13718.0000 13998.0000  2.04%   112 1370s
  3442  2646 13808.0000   65  200 13718.0000 13998.0000  2.04%   112 1383s
  3443  2647 13858.0000   34  371 13718.0000 13998.0000  2.04%   112 1386s
  3444  2647 13888.0000   27  178 13718.0000 13998.0000  2.04%   112 1396s
  3445  2648 13988.0000   19  363 13718.0000 13998.0000  2.04%   112 1400s
  3446  2649 13748.0000   51  169 13718.0000 13998.0000  2.04%   112 1409s
  3447  2649 13778.0000   17  325 13718.0000 13998.0000  2.04%   112 1413s
  3448  2650 13838.0000   44  214 13718.0000 13998.0000  2.04%   112 1420s
  3450  2651 13788.0000   59  203 13718.0000 13998.0000  2.04%   112 1426s
  3451  2655 13998.0000   12  237 13718.0000 13998.0000  2.04%   131 1446s
  3453  2658 13998.0000   13  266 13718.0000 13998.0000  2.04%   131 1451s
  3465  2677 13998.0000   15  272 13718.0000 13998.0000  2.04%   131 1458s
  3481  2697 13998.0000   16  937 13718.0000 13998.0000  2.04%   131 1477s
  3512  2719 13998.0000   17  917 13718.0000 13998.0000  2.04%   134 1487s
  3544  2740 13998.0000   18  908 13718.0000 13998.0000  2.04%   134 1997s
  3576  2761 13898.0000   18  843 13718.0000 13998.0000  2.04%   134 2219s
  3600  2753 13958.0000   19  388 13718.0000 13998.0000  2.04%   134 2220s
  3608  2783 13996.7727   19  857 13718.0000 13998.0000  2.04%   134 2227s
  3640  2828 13998.0000   19  900 13718.0000 13998.0000  2.04%   133 2244s
  3696  2862 13998.0000   20  900 13718.0000 13998.0000  2.04%   135 2267s
  3749  2896 13978.0000   21  827 13718.0000 13998.0000  2.04%   136 2286s
  3802  3010 13998.0000   21  263 13718.0000 13998.0000  2.04%   140 2311s
  3949  3071 13998.0000   22  281 13718.0000 13998.0000  2.04%   139 2334s
  4090  3193 13998.0000   23  345 13718.0000 13998.0000  2.04%   138 2380s
  4296  3287 13998.0000   25  308 13718.0000 13998.0000  2.04%   135 2420s
  4508  3389 13998.0000   28  321 13718.0000 13998.0000  2.04%   132 2463s
  4754  3519 13998.0000   29  487 13718.0000 13998.0000  2.04%   130 2506s
  5009  3599 13998.0000   31  416 13718.0000 13998.0000  2.04%   126 2554s
  5227  3761 13998.0000   32  322 13718.0000 13998.0000  2.04%   126 2612s
  5499  3922 13988.0000   34  354 13718.0000 13998.0000  2.04%   124 2664s
  5812  4587 13968.0000   36  359 13718.0000 13998.0000  2.04%   120 2702s
  6826  4377 13888.0000   52  356 13718.0000 13998.0000  2.04%   110 2738s
  7074  5103 infeasible   53      13718.0000 13998.0000  2.04%   110 2764s
  8309  4758     cutoff   75      13718.0000 13998.0000  2.04%  99.2 2788s
  8541  5539 13998.0000   23  294 13718.0000 13998.0000  2.04%   100 2807s
  9808  5209 13918.0000   31  404 13718.0000 13998.0000  2.04%  92.4 2843s
 10014  6127 13938.0000   32  415 13718.0000 13998.0000  2.04%  92.7 2872s
 11472  5767 13818.0000   43  446 13718.0000 13998.0000  2.04%  86.9 2908s
 11672  6718 13789.1765   44  442 13718.0000 13998.0000  2.04%  88.2 2930s
 12878  6746 13978.0000   32  355 13718.0000 13998.0000  2.04%  86.0 3481s
 12910  6894 13978.0000   33  351 13718.0000 13998.0000  2.04%  86.0 3515s
 13113  7118 13948.0000   39  408 13718.0000 13998.0000  2.04%  86.1 3544s
 13358  7326 13898.0000   48  348 13718.0000 13998.0000  2.04%  85.9 3573s
 13611  7569 13898.0000   61  314 13718.0000 13998.0000  2.04%  85.8 3600s

Cutting planes:
  Gomory: 8
  Cover: 1
  Implied bound: 47
  Projected implied bound: 1
  MIR: 87
  StrongCG: 23
  Flow cover: 47
  Zero half: 5
  RLT: 31
  Relax-and-lift: 27

Explored 13925 nodes (1222194 simplex iterations) in 3614.51 seconds (149.78 work units)
Thread count was 32 (of 32 available processors)

Solution count 10: 13718 13698 13688 ... 13588

Time limit reached
Best objective 1.371800000000e+04, best bound 1.399800000000e+04, gap 2.0411%

Wrote result file '2_RCMPSP_83.sol'

