
Gurobi 10.0.3 (linux64, gurobi_cl) logging started Fri Nov 10 22:32:58 2023

Set parameter Username
Set parameter TimeLimit to value 3600
Set parameter LogFile to value "2_RCMPSP_153.log"
Set parameter Threads to value 32
Academic license - for non-commercial use only - expires 2024-10-30
Using license file /home/jrivera6/gurobi-licenses/v1003/compute-0-37/gurobi.lic

Gurobi Optimizer version 10.0.3 build v10.0.3rc0 (linux64)
Copyright (c) 2023, Gurobi Optimization, LLC

Read MPS format model from file 2_RCMPSP_153.mps
Reading time = 0.85 seconds
2_RCMPSP: 615060 rows, 205124 columns, 2034030 nonzeros

CPU model: Intel(R) Xeon(R) Gold 6242 CPU @ 2.80GHz, instruction set [SSE2|AVX|AVX2|AVX512]
Thread count: 32 physical cores, 32 logical processors, using up to 32 threads

Optimize a model with 615060 rows, 205124 columns and 2034030 nonzeros
Model fingerprint: 0x66a57ced
Variable types: 324 continuous, 204800 integer (204800 binary)
Coefficient statistics:
  Matrix range     [1e+00, 3e+02]
  Objective range  [1e+01, 1e+01]
  Bounds range     [1e+00, 1e+00]
  RHS range        [1e+00, 3e+02]
Presolve removed 473499 rows and 140897 columns (presolve time = 5s) ...
Presolve removed 478904 rows and 141455 columns (presolve time = 10s) ...
Presolve removed 478904 rows and 141455 columns
Presolve time: 11.23s
Presolved: 136156 rows, 63669 columns, 467932 nonzeros
Variable types: 221 continuous, 63448 integer (63444 binary)
Found heuristic solution: objective 44025.000000

Deterministic concurrent LP optimizer: primal and dual simplex (primal and dual model)
Showing first log only...

Root relaxation presolved: 135677 rows, 63722 columns, 467097 nonzeros


Root simplex log...

Iteration    Objective       Primal Inf.    Dual Inf.      Time
       0    5.0095000e+04   5.160125e+03   7.500531e+09     21s
   19477    2.8255000e+04   0.000000e+00   3.200000e+02     24s
   19887    4.6267707e+04   0.000000e+00   3.053955e+04     26s
   20499    4.6377716e+04   0.000000e+00   4.036468e+04     31s
   21111    4.6693895e+04   0.000000e+00   1.270336e+04     35s
   21927    4.6996160e+04   0.000000e+00   2.064183e+04     41s
   22335    4.7093544e+04   0.000000e+00   1.904460e+04     46s
   22947    4.7176138e+04   0.000000e+00   1.800387e+05     51s
   23355    4.7211307e+04   0.000000e+00   7.965553e+04     56s
   23967    4.7301763e+04   0.000000e+00   4.688340e+04     61s
   24317    4.7363093e+04   0.000000e+00   2.373354e+05     67s
   24725    4.7442312e+04   0.000000e+00   5.108787e+04     72s
   24929    4.7471886e+04   0.000000e+00   7.127825e+04     76s
   25299    4.7582302e+04   0.000000e+00   1.187570e+05     82s
   25707    4.7681164e+04   0.000000e+00   9.901644e+04     87s
   25977    4.7713460e+04   0.000000e+00   9.635730e+04     93s
   26107    4.7728682e+04   0.000000e+00   1.436434e+05     95s
   26357    4.7772658e+04   0.000000e+00   7.521886e+04    100s
   26597    4.7803293e+04   0.000000e+00   7.148566e+04    106s
   26857    4.7825425e+04   0.000000e+00   4.944714e+04    110s
   27117    4.7855310e+04   0.000000e+00   8.404760e+04    115s
   27367    4.7877094e+04   0.000000e+00   2.440561e+04    121s
   27607    4.7905809e+04   0.000000e+00   9.322377e+04    127s
   27737    4.7915631e+04   0.000000e+00   7.515593e+05    130s
   28007    4.7935695e+04   0.000000e+00   6.357841e+04    137s
   28267    4.7950312e+04   0.000000e+00   3.891868e+04    142s
   28407    4.7953213e+04   0.000000e+00   3.317945e+04    145s
   28667    4.7964086e+04   0.000000e+00   1.525202e+05    152s
   28927    4.7979179e+04   0.000000e+00   5.001423e+04    158s
   29047    4.7990297e+04   0.000000e+00   4.497845e+04    161s
   29317    4.8000996e+04   0.000000e+00   2.728755e+04    168s
   29437    4.8007291e+04   0.000000e+00   3.661489e+05    171s
   29727    4.8024288e+04   0.000000e+00   3.941073e+04    178s
   29887    4.8036503e+04   0.000000e+00   6.518794e+04    181s
   30037    4.8046443e+04   0.000000e+00   5.238532e+04    185s
   30277    4.8070115e+04   0.000000e+00   3.675456e+05    192s
   30397    4.8082587e+04   0.000000e+00   1.955116e+05    195s
   30627    4.8096335e+04   0.000000e+00   5.396871e+04    202s
   30737    4.8101892e+04   0.000000e+00   6.107752e+04    205s
   30957    4.8119847e+04   0.000000e+00   2.332464e+05    212s
   31177    4.8129039e+04   0.000000e+00   2.806390e+04    218s
   31287    4.8130184e+04   0.000000e+00   2.271247e+04    221s
   31487    4.8138534e+04   0.000000e+00   2.001926e+05    228s
   31597    4.8142463e+04   0.000000e+00   4.917549e+05    231s
   31807    4.8149550e+04   0.000000e+00   7.217515e+04    237s
   32007    4.8154608e+04   0.000000e+00   1.792080e+05    243s
   32197    4.8168750e+04   0.000000e+00   3.330176e+05    249s
   32297    4.8171833e+04   0.000000e+00   4.183766e+04    251s
   32497    4.8177363e+04   0.000000e+00   4.412075e+04    257s
   32597    4.8183216e+04   0.000000e+00   4.320996e+05    260s
   32907    4.8200469e+04   0.000000e+00   1.965852e+04    269s
   33107    4.8206197e+04   0.000000e+00   7.027270e+04    275s
   33317    4.8213679e+04   0.000000e+00   1.305769e+05    280s
   33527    4.8221535e+04   0.000000e+00   2.145016e+04    286s
   33727    4.8225528e+04   0.000000e+00   3.182374e+04    291s
   33927    4.8233344e+04   0.000000e+00   3.889247e+04    297s
   34027    4.8238317e+04   0.000000e+00   1.872000e+05    300s
   34227    4.8248549e+04   0.000000e+00   9.464464e+04    305s
   34467    4.8264657e+04   0.000000e+00   2.331217e+05    312s
   34597    4.8271513e+04   0.000000e+00   6.384278e+04    315s
   34847    4.8286662e+04   0.000000e+00   1.845412e+05    322s
   34987    4.8290098e+04   0.000000e+00   5.828326e+04    326s
   35187    4.8295306e+04   0.000000e+00   7.358330e+04    331s
   35387    4.8303213e+04   0.000000e+00   2.608751e+04    337s
   35487    4.8308229e+04   0.000000e+00   7.518370e+04    340s
   35687    4.8315312e+04   0.000000e+00   4.841610e+04    346s
   35897    4.8321366e+04   0.000000e+00   2.688077e+05    353s
   36017    4.8329407e+04   0.000000e+00   1.497879e+05    356s
   36237    4.8341120e+04   0.000000e+00   3.547639e+04    363s
   36357    4.8346432e+04   0.000000e+00   6.597702e+04    366s
   36577    4.8352934e+04   0.000000e+00   5.357985e+04    372s
   36687    4.8356483e+04   0.000000e+00   2.467387e+05    375s
   36917    4.8365890e+04   0.000000e+00   1.571835e+05    382s
   37057    4.8370978e+04   0.000000e+00   5.601906e+04    385s
Concurrent spin time: 88.30s

Solved with primal simplex (dual model)

Root relaxation: objective 4.913596e+04, 81474 iterations, 461.96 seconds (50.65 work units)
Total elapsed time = 639.57s
Total elapsed time = 655.75s
Total elapsed time = 673.03s
Total elapsed time = 687.34s

    Nodes    |    Current Node    |     Objective Bounds      |     Work
 Expl Unexpl |  Obj  Depth IntInf | Incumbent    BestBd   Gap | It/Node Time

     0     0 49135.9602    0 8126 44025.0000 49135.9602  11.6%     -  707s
H    0     0                    45845.000000 49135.9602  7.18%     -  707s
H    0     0                    45855.000000 49135.9602  7.16%     -  707s
H    0     0                    45875.000000 49135.9602  7.11%     -  708s
     0     0 49032.5677    0 10347 45875.0000 49032.5677  6.88%     -  975s
H    0     0                    46305.000000 49032.5677  5.89%     -  977s
H    0     0                    46415.000000 49032.5677  5.64%     -  979s
     0     0 48971.7847    0 12145 46415.0000 48971.7847  5.51%     - 1414s
     0     0 48964.7581    0 12556 46415.0000 48964.7581  5.49%     - 1590s
     0     0 48964.3693    0 12724 46415.0000 48964.3693  5.49%     - 1642s
     0     0 48964.2838    0 12763 46415.0000 48964.2838  5.49%     - 1666s
     0     0 48964.2767    0 12808 46415.0000 48964.2767  5.49%     - 1680s
     0     0 48900.6587    0 13851 46415.0000 48900.6587  5.36%     - 2802s

Cutting planes:
  Learned: 579
  Gomory: 57
  Cover: 4092
  Implied bound: 70
  Clique: 3236
  MIR: 931
  StrongCG: 84
  Flow cover: 32
  GUB cover: 165
  Zero half: 2
  RLT: 811
  Relax-and-lift: 472

Explored 1 nodes (380905 simplex iterations) in 3913.93 seconds (878.37 work units)
Thread count was 32 (of 32 available processors)

Solution count 6: 46415 46305 45875 ... 44025

Time limit reached
Best objective 4.641500000000e+04, best bound 4.889500000000e+04, gap 5.3431%

Wrote result file '2_RCMPSP_153.sol'

