
Gurobi 10.0.3 (linux64, gurobi_cl) logging started Fri Nov  3 09:32:27 2023

Set parameter Username
Set parameter TimeLimit to value 3600
Set parameter LogFile to value "2_RCMPSP_16.log"
Set parameter Threads to value 32
Academic license - for non-commercial use only - expires 2024-10-30
Using license file /home/jrivera6/gurobi-licenses/v1003/compute-0-34/gurobi.lic

Gurobi Optimizer version 10.0.3 build v10.0.3rc0 (linux64)
Copyright (c) 2023, Gurobi Optimization, LLC

Read MPS format model from file 2_RCMPSP_16.mps
Reading time = 0.50 seconds
2_RCMPSP: 55494 rows, 18532 columns, 198990 nonzeros

CPU model: Intel(R) Xeon(R) Gold 6130 CPU @ 2.10GHz, instruction set [SSE2|AVX|AVX2|AVX512]
Thread count: 32 physical cores, 32 logical processors, using up to 32 threads

Optimize a model with 55494 rows, 18532 columns and 198990 nonzeros
Model fingerprint: 0x580f7b5a
Variable types: 100 continuous, 18432 integer (18432 binary)
Coefficient statistics:
  Matrix range     [1e+00, 4e+01]
  Objective range  [3e+01, 4e+01]
  Bounds range     [1e+00, 1e+00]
  RHS range        [1e+00, 8e+01]
Presolve removed 33026 rows and 8527 columns
Presolve time: 3.01s
Presolved: 22468 rows, 10005 columns, 88157 nonzeros
Variable types: 84 continuous, 9921 integer (9917 binary)
Found heuristic solution: objective 10198.000000

Root relaxation: objective 2.184934e+04, 5633 iterations, 0.69 seconds (0.83 work units)
Total elapsed time = 5.45s

    Nodes    |    Current Node    |     Objective Bounds      |     Work
 Expl Unexpl |  Obj  Depth IntInf | Incumbent    BestBd   Gap | It/Node Time

     0     0 21849.3416    0 1432 10198.0000 21849.3416   114%     -   11s
H    0     0                    14838.000000 21849.3416  47.3%     -   13s
H    0     0                    15051.000000 21849.3416  45.2%     -   13s
     0     0 21667.0000    0 2215 15051.0000 21667.0000  44.0%     -   38s
H    0     0                    15086.000000 21667.0000  43.6%     -   39s
H    0     0                    15157.000000 21610.9867  42.6%     -   48s
H    0     0                    15402.000000 21610.9867  40.3%     -   48s
     0     0 21599.7467    0 2414 15402.0000 21599.7467  40.2%     -   49s
     0     0 21552.4898    0 2421 15402.0000 21552.4898  39.9%     -   53s
     0     0 21539.4649    0 2464 15402.0000 21539.4649  39.8%     -   55s
     0     0 21535.4481    0 2489 15402.0000 21535.4481  39.8%     -   57s
H    0     0                    15747.000000 21534.8506  36.8%     -   58s
     0     0 21534.8506    0 2488 15747.0000 21534.8506  36.8%     -   58s
     0     0 21534.6061    0 2503 15747.0000 21534.6061  36.8%     -   59s
     0     0 21534.4692    0 2496 15747.0000 21534.4692  36.8%     -   59s
     0     0 21534.4566    0 2485 15747.0000 21534.4566  36.8%     -   60s
     0     0 21534.4514    0 2496 15747.0000 21534.4514  36.8%     -   60s
H    0     0                    15783.000000 21155.5907  34.0%     -   83s
     0     0 21155.5907    0 2706 15783.0000 21155.5907  34.0%     -   84s
H    0     0                    15817.000000 21043.2040  33.0%     -  101s
H    0     0                    15958.000000 21043.2040  31.9%     -  101s
H    0     0                    15996.000000 21043.2040  31.6%     -  101s
     0     0 21043.2040    0 2700 15996.0000 21043.2040  31.6%     -  102s
     0     0 21025.8701    0 2653 15996.0000 21025.8701  31.4%     -  108s
H    0     0                    16032.000000 21022.8953  31.1%     -  112s
     0     0 21022.8953    0 2748 16032.0000 21022.8953  31.1%     -  112s
H    0     0                    16066.000000 21020.9502  30.8%     -  115s
     0     0 21020.9502    0 2784 16066.0000 21020.9502  30.8%     -  115s
     0     0 21020.0941    0 2765 16066.0000 21020.0941  30.8%     -  117s
     0     0 21019.7245    0 2797 16066.0000 21019.7245  30.8%     -  117s
     0     0 21019.4073    0 2809 16066.0000 21019.4073  30.8%     -  118s
     0     0 21019.3245    0 2810 16066.0000 21019.3245  30.8%     -  119s
     0     0 20908.8996    0 2740 16066.0000 20908.8996  30.1%     -  140s
H    0     0                    16136.000000 20863.7030  29.3%     -  156s
     0     0 20863.7030    0 2902 16136.0000 20863.7030  29.3%     -  157s
     0     0 20855.1598    0 2921 16136.0000 20855.1598  29.2%     -  163s
     0     0 20853.4714    0 2966 16136.0000 20853.4714  29.2%     -  167s
     0     0 20853.2197    0 2981 16136.0000 20853.2197  29.2%     -  168s
     0     0 20853.0673    0 2989 16136.0000 20853.0673  29.2%     -  169s
     0     0 20814.5468    0 2912 16136.0000 20814.5468  29.0%     -  190s
H    0     0                    16201.000000 20800.1691  28.4%     -  196s
H    0     0                    16271.000000 20800.1691  27.8%     -  196s
H    0     0                    16307.000000 20800.1691  27.6%     -  196s
H    0     0                    16343.000000 20800.1691  27.3%     -  196s
H    0     0                    16379.000000 20800.1691  27.0%     -  196s
     0     0 20800.1691    0 3054 16379.0000 20800.1691  27.0%     -  197s
     0     0 20796.0238    0 3075 16379.0000 20796.0238  27.0%     -  201s
     0     0 20792.6044    0 3029 16379.0000 20792.6044  26.9%     -  205s
     0     0 20791.2593    0 3040 16379.0000 20791.2593  26.9%     -  207s
     0     0 20790.7656    0 3051 16379.0000 20790.7656  26.9%     -  210s
     0     0 20790.2966    0 3056 16379.0000 20790.2966  26.9%     -  212s
     0     0 20790.2100    0 3061 16379.0000 20790.2100  26.9%     -  213s
     0     0 20757.5182    0 2881 16379.0000 20757.5182  26.7%     -  230s
     0     0 20745.9068    0 3103 16379.0000 20745.9068  26.7%     -  241s
     0     0 20742.2775    0 3016 16379.0000 20742.2775  26.6%     -  246s
     0     0 20740.3876    0 3092 16379.0000 20740.3876  26.6%     -  250s
     0     0 20740.1209    0 3064 16379.0000 20740.1209  26.6%     -  252s
H    0     0                    16414.000000 20723.4296  26.3%     -  263s
     0     0 20723.4296    0 2920 16414.0000 20723.4296  26.3%     -  263s
H    0     0                    16449.000000 20720.6824  26.0%     -  269s
     0     0 20720.6824    0 3065 16449.0000 20720.6824  26.0%     -  269s
     0     0 20719.5694    0 3090 16449.0000 20719.5694  26.0%     -  271s
     0     0 20718.9295    0 3138 16449.0000 20718.9295  26.0%     -  273s
     0     0 20718.6903    0 3127 16449.0000 20718.6903  26.0%     -  274s
H    0     0                    16484.000000 20707.4758  25.6%     -  285s
     0     0 20707.4758    0 3123 16484.0000 20707.4758  25.6%     -  285s
     0     0 20701.1446    0 3069 16484.0000 20701.1446  25.6%     -  293s
     0     0 20698.8809    0 3092 16484.0000 20698.8809  25.6%     -  297s
H    0     0                    16518.000000 20698.4597  25.3%     -  299s
     0     0 20698.4597    0 3171 16518.0000 20698.4597  25.3%     -  300s
     0     0 20698.3465    0 3183 16518.0000 20698.3465  25.3%     -  301s
     0     0 20694.0623    0 3194 16518.0000 20694.0623  25.3%     -  307s
     0     0 20692.8798    0 3259 16518.0000 20692.8798  25.3%     -  310s
     0     0 20692.5772    0 3260 16518.0000 20692.5772  25.3%     -  312s
     0     0 20686.3254    0 3255 16518.0000 20686.3254  25.2%     -  321s
     0     0 20684.0874    0 3286 16518.0000 20684.0874  25.2%     -  326s
     0     0 20683.1012    0 3282 16518.0000 20683.1012  25.2%     -  328s
     0     0 20682.8354    0 3292 16518.0000 20682.8354  25.2%     -  330s
     0     0 20679.3302    0 3266 16518.0000 20679.3302  25.2%     -  335s
H    0     0                    16553.000000 20679.3302  24.9%     -  336s
     0     0 20678.3141    0 3310 16553.0000 20678.3141  24.9%     -  339s
     0     0 20677.8972    0 3294 16553.0000 20677.8972  24.9%     -  341s
     0     0 20677.7169    0 3322 16553.0000 20677.7169  24.9%     -  343s
     0     0 20674.9229    0 3190 16553.0000 20674.9229  24.9%     -  349s
     0     0 20672.8530    0 3329 16553.0000 20672.8530  24.9%     -  353s
     0     0 20672.3746    0 3316 16553.0000 20672.3746  24.9%     -  355s
     0     0 20672.2226    0 3280 16553.0000 20672.2226  24.9%     -  357s
H    0     0                    16589.000000 20663.3921  24.6%     -  366s
     0     0 20663.3921    0 3199 16589.0000 20663.3921  24.6%     -  366s
     0     0 20660.3042    0 3315 16589.0000 20660.3042  24.5%     -  371s
     0     0 20659.7281    0 3324 16589.0000 20659.7281  24.5%     -  373s
     0     0 20659.2126    0 3359 16589.0000 20659.2126  24.5%     -  375s
     0     0 20658.9889    0 3349 16589.0000 20658.9889  24.5%     -  377s
     0     0 20656.7407    0 3284 16589.0000 20656.7407  24.5%     -  382s
     0     0 20656.2603    0 3387 16589.0000 20656.2603  24.5%     -  385s
     0     0 20656.0329    0 3402 16589.0000 20656.0329  24.5%     -  386s
     0     0 20653.9106    0 3284 16589.0000 20653.9106  24.5%     -  392s
     0     0 20652.9153    0 3372 16589.0000 20652.9153  24.5%     -  396s
     0     0 20652.7064    0 3413 16589.0000 20652.7064  24.5%     -  398s
     0     0 20652.0474    0 3317 16589.0000 20652.0474  24.5%     -  401s
     0     0 20652.0474    0 2861 16589.0000 20652.0474  24.5%     -  405s
     0     2 20651.4008    0 2859 16589.0000 20651.4008  24.5%     -  427s
     1     4 20643.3156    1 2762 16589.0000 20651.4008  24.5%  2771  470s
     3     8 20638.3055    2 3095 16589.0000 20643.3102  24.4%  2600  544s
     7    16 20601.2519    3 3282 16589.0000 20638.0209  24.4%  5852  871s
    11    16 20565.4927    3 3324 16589.0000 20601.1934  24.2%  7433  941s
    13    16 20374.1476    3 3340 16589.0000 20601.1934  24.2%  8933  966s
    15    32 20580.4784    4 3383 16589.0000 20600.7362  24.2%  9994 2003s
    23    32 20463.2441    4 3386 16589.0000 20580.4780  24.1% 10842 2012s
    31    64 20557.0379    5 3669 16589.0000 20580.4780  24.1% 14034 3011s
    49    64 20465.7046    5 3590 16589.0000 20557.0306  23.9% 14593 3049s
    63    94 20463.4200    6 3524 16589.0000 20557.0306  23.9% 14557 4516s

Cutting planes:
  Learned: 848
  Gomory: 3
  Cover: 13230
  Implied bound: 990
  Clique: 2581
  MIR: 2598
  StrongCG: 125
  Flow cover: 32
  GUB cover: 846
  Zero half: 112
  RLT: 1078
  Relax-and-lift: 548
  BQP: 3

Explored 93 nodes (1294622 simplex iterations) in 4536.85 seconds (398.70 work units)
Thread count was 32 (of 32 available processors)

Solution count 10: 16589 16553 16518 ... 16271

Time limit reached
Best objective 1.658900000000e+04, best bound 2.055700000000e+04, gap 23.9195%

Wrote result file '2_RCMPSP_16.sol'

