
Gurobi 10.0.3 (linux64, gurobi_cl) logging started Fri Nov  3 09:31:45 2023

Set parameter Username
Set parameter TimeLimit to value 3600
Set parameter LogFile to value "2_RCMPSP_113.log"
Set parameter Threads to value 32
Academic license - for non-commercial use only - expires 2024-10-30
Using license file /home/jrivera6/gurobi-licenses/v1003/compute-0-37/gurobi.lic

Gurobi Optimizer version 10.0.3 build v10.0.3rc0 (linux64)
Copyright (c) 2023, Gurobi Optimization, LLC

Read MPS format model from file 2_RCMPSP_113.mps
Reading time = 1.46 seconds
2_RCMPSP: 615060 rows, 205124 columns, 2222240 nonzeros

CPU model: Intel(R) Xeon(R) Gold 6242 CPU @ 2.80GHz, instruction set [SSE2|AVX|AVX2|AVX512]
Thread count: 32 physical cores, 32 logical processors, using up to 32 threads

Optimize a model with 615060 rows, 205124 columns and 2222240 nonzeros
Model fingerprint: 0x2839bbc9
Variable types: 324 continuous, 204800 integer (204800 binary)
Coefficient statistics:
  Matrix range     [1e+00, 5e+02]
  Objective range  [1e+01, 1e+01]
  Bounds range     [1e+00, 1e+00]
  RHS range        [1e+00, 5e+02]
Presolve removed 207776 rows and 24163 columns (presolve time = 5s) ...
Presolve removed 208586 rows and 24433 columns (presolve time = 10s) ...
Presolve removed 209186 rows and 24993 columns
Presolve time: 14.37s
Presolved: 405874 rows, 180131 columns, 1610252 nonzeros
Variable types: 310 continuous, 179821 integer (179817 binary)

Deterministic concurrent LP optimizer: primal simplex, dual simplex, and barrier
Showing barrier log only...

Root relaxation presolved: 180131 rows, 586005 columns, 1790383 nonzeros

Root barrier log...

Ordering time: 0.73s

Barrier statistics:
 Dense cols : 1196
 AA' NZ     : 1.293e+06
 Factor NZ  : 5.354e+06 (roughly 350 MB of memory)
 Factor Ops : 3.220e+09 (less than 1 second per iteration)
 Threads    : 29

                  Objective                Residual
Iter       Primal          Dual         Primal    Dual     Compl     Time
   0   3.29465719e+07  7.46910000e+04  2.30e+03 1.60e+01  1.52e+03    47s
   1   2.79166117e+07  1.07544646e+04  1.11e+03 5.92e+01  1.18e+03    54s
   2   2.81221812e+07  1.98569442e+04  7.50e+02 1.07e+02  6.51e+02    64s
   3   2.08830965e+07  2.16859622e+04  5.53e+01 5.10e+01  3.20e+02    76s
   4   1.87107816e+07  1.85638980e+04  2.74e+01 8.74e+00  7.40e+01    86s
   5   1.24214934e+07  1.87815539e+04  8.37e+00 3.93e+00  3.19e+01    93s
   6   9.30865677e+06  1.98542740e+04  5.12e+00 3.09e+00  2.19e+01   101s
   7   7.00336139e+06  2.26222255e+04  3.04e+00 2.37e+00  1.51e+01   108s
   8   5.37267149e+06  2.64089364e+04  1.95e+00 1.84e+00  1.08e+01   116s
   9   2.86410792e+06  3.02558348e+04  6.21e-01 1.52e+00  5.55e+00   126s
  10   1.44573817e+06  4.44954991e+04  2.03e-01 4.32e-01  2.12e+00   139s
  11   2.71997649e+05  5.02263325e+04  2.02e-02 5.12e-02  2.96e-01   148s
  12   1.07054295e+05  5.45261525e+04  4.44e-03 2.36e-02  6.94e-02   156s
  13   8.85724169e+04  6.00425918e+04  2.08e-03 1.55e-02  3.77e-02   163s
  14   8.12788052e+04  6.75199388e+04  9.38e-04 4.08e-03  1.81e-02   171s
  15   7.63115242e+04  7.38511695e+04  1.14e-04 0.00e+00  3.24e-03   178s
  16   7.56452512e+04  7.46441178e+04  5.18e-05 0.00e+00  1.32e-03   188s
  17   7.54789756e+04  7.46595749e+04  4.19e-05 0.00e+00  1.08e-03   195s
  18   7.52148822e+04  7.46855554e+04  2.54e-05 2.27e-13  6.94e-04   205s
  19   7.49473451e+04  7.46852625e+04  1.22e-05 0.00e+00  3.43e-04   212s
  20   7.46965680e+04  7.46902910e+04  2.15e-07 4.55e-13  8.19e-06   222s
  21   7.46910056e+04  7.46909993e+04  5.12e-19 2.27e-13  8.24e-09   232s
  22   7.46910000e+04  7.46910000e+04  8.19e-22 4.55e-13  8.24e-12   242s
  23   7.46910000e+04  7.46910000e+04  6.97e-25 2.27e-13  8.24e-18   250s

Barrier solved model in 23 iterations and 250.01 seconds (14.16 work units)
Optimal objective 7.46910000e+04


Root crossover log...

  180127 DPushes remaining with DInf 0.0000000e+00               255s
   46270 DPushes remaining with DInf 0.0000000e+00               260s
   18851 DPushes remaining with DInf 0.0000000e+00               265s
       0 DPushes remaining with DInf 0.0000000e+00               270s

       0 PPushes remaining with PInf 0.0000000e+00               270s

  Push phase complete: Pinf 0.0000000e+00, Dinf 3.6772529e-12    270s


Root simplex log...

Iteration    Objective       Primal Inf.    Dual Inf.      Time
  144225    7.4691000e+04   0.000000e+00   0.000000e+00    270s
  144225    7.4691000e+04   0.000000e+00   0.000000e+00    272s
  144225    7.4691000e+04   0.000000e+00   0.000000e+00    272s
Concurrent spin time: 3.51s

Solved with barrier

Root relaxation: objective 7.469100e+04, 144225 iterations, 253.45 seconds (7.19 work units)

    Nodes    |    Current Node    |     Objective Bounds      |     Work
 Expl Unexpl |  Obj  Depth IntInf | Incumbent    BestBd   Gap | It/Node Time

     0     0 74691.0000    0 21004          - 74691.0000      -     -  467s
     0     0 74691.0000    0 20628          - 74691.0000      -     -  484s
H    0     0                    69201.000000 74691.0000  7.93%     -  614s
H    0     0                    69551.000000 74691.0000  7.39%     -  670s
     0     0 74691.0000    0 19060 69551.0000 74691.0000  7.39%     - 1197s
     0     0 74691.0000    0 18435 69551.0000 74691.0000  7.39%     - 2953s

Cutting planes:
  Gomory: 9
  Cover: 7716
  Implied bound: 185
  Clique: 1593
  MIR: 2114
  StrongCG: 204
  Zero half: 19
  RLT: 1099
  Relax-and-lift: 56

Explored 1 nodes (224181 simplex iterations) in 5191.62 seconds (282.52 work units)
Thread count was 32 (of 32 available processors)

Solution count 2: 69551 69201 

Time limit reached
Best objective 6.955100000000e+04, best bound 7.469100000000e+04, gap 7.3903%

Wrote result file '2_RCMPSP_113.sol'

