
Gurobi 10.0.3 (linux64, gurobi_cl) logging started Fri Nov  3 09:32:27 2023

Set parameter Username
Set parameter TimeLimit to value 3600
Set parameter LogFile to value "2_RCMPSP_7.log"
Set parameter Threads to value 32
Academic license - for non-commercial use only - expires 2024-10-30
Using license file /home/jrivera6/gurobi-licenses/v1003/compute-0-34/gurobi.lic

Gurobi Optimizer version 10.0.3 build v10.0.3rc0 (linux64)
Copyright (c) 2023, Gurobi Optimization, LLC

Read MPS format model from file 2_RCMPSP_7.mps
Reading time = 0.26 seconds
2_RCMPSP: 24708 rows, 8260 columns, 88116 nonzeros

CPU model: Intel(R) Xeon(R) Gold 6130 CPU @ 2.10GHz, instruction set [SSE2|AVX|AVX2|AVX512]
Thread count: 32 physical cores, 32 logical processors, using up to 32 threads

Optimize a model with 24708 rows, 8260 columns and 88116 nonzeros
Model fingerprint: 0x29d24afb
Variable types: 68 continuous, 8192 integer (8192 binary)
Coefficient statistics:
  Matrix range     [1e+00, 6e+01]
  Objective range  [2e+01, 2e+01]
  Bounds range     [1e+00, 1e+00]
  RHS range        [1e+00, 7e+01]
Presolve removed 10607 rows and 2184 columns
Presolve time: 1.71s
Presolved: 14101 rows, 6076 columns, 54839 nonzeros
Variable types: 62 continuous, 6014 integer (6010 binary)

Root relaxation: objective 1.429100e+04, 2286 iterations, 0.09 seconds (0.04 work units)

    Nodes    |    Current Node    |     Objective Bounds      |     Work
 Expl Unexpl |  Obj  Depth IntInf | Incumbent    BestBd   Gap | It/Node Time

     0     0 14291.0000    0  247          - 14291.0000      -     -    3s
H    0     0                    12007.000000 14291.0000  19.0%     -    3s
H    0     0                    12101.000000 14291.0000  18.1%     -    3s
H    0     0                    12413.000000 14291.0000  15.1%     -    4s
H    0     0                    12618.000000 14291.0000  13.3%     -    4s
     0     0 14291.0000    0  530 12618.0000 14291.0000  13.3%     -    8s
H    0     0                    12681.000000 14291.0000  12.7%     -    8s
H    0     0                    12732.000000 14291.0000  12.2%     -   10s
     0     0 14291.0000    0  510 12732.0000 14291.0000  12.2%     -   10s
H    0     0                    12756.000000 14291.0000  12.0%     -   11s
H    0     0                    12804.000000 14291.0000  11.6%     -   24s
H    0     0                    12852.000000 14291.0000  11.2%     -   24s
H    0     0                    12978.000000 14291.0000  10.1%     -   24s
     0     0 14291.0000    0  228 12978.0000 14291.0000  10.1%     -   25s
H    0     0                    13002.000000 14291.0000  9.91%     -   27s
     0     0 14291.0000    0  324 13002.0000 14291.0000  9.91%     -   27s
H    0     0                    13050.000000 14291.0000  9.51%     -   34s
     0     0 14291.0000    0  274 13050.0000 14291.0000  9.51%     -   36s
     0     0 14291.0000    0  377 13050.0000 14291.0000  9.51%     -   39s
     0     0 14291.0000    0  313 13050.0000 14291.0000  9.51%     -   46s
H    0     0                    13094.000000 14291.0000  9.14%     -   46s
     0     0 14291.0000    0  400 13094.0000 14291.0000  9.14%     -   47s
     0     0 14291.0000    0  289 13094.0000 14291.0000  9.14%     -   58s
     0     0 14291.0000    0  289 13094.0000 14291.0000  9.14%     -   59s
H    0     2                    13116.000000 14291.0000  8.96%     -   70s
     0     2 14291.0000    0  234 13116.0000 14291.0000  8.96%     -   70s
     1     4 14291.0000    1  281 13116.0000 14291.0000  8.96%  1533   75s
     3     8 14291.0000    2  451 13116.0000 14291.0000  8.96%  1171   82s
     7    16 14291.0000    3  507 13116.0000 14291.0000  8.96%  1151   90s
    15    31 14291.0000    4  532 13116.0000 14291.0000  8.96%  1158   97s
    31    58 14291.0000    5  526 13116.0000 14291.0000  8.96%  1061  118s
    62    83 14291.0000    6  498 13116.0000 14291.0000  8.96%   838  179s
    94   112 14291.0000    7  478 13116.0000 14291.0000  8.96%   903  737s
H   96   112                    13140.000000 14291.0000  8.76%   884  738s
   126   142 14291.0000    8  529 13140.0000 14291.0000  8.76%   871  744s
   158   174 14291.0000    9  522 13140.0000 14291.0000  8.76%   848  750s
   190   217 14291.0000   10  569 13140.0000 14291.0000  8.76%   763  782s
   237   268 14291.0000   11  572 13140.0000 14291.0000  8.76%   827  812s
   292   449 14291.0000   12  591 13140.0000 14291.0000  8.76%   752  836s
   485   808 14291.0000   19  579 13140.0000 14291.0000  8.76%   585  863s
   888  1295 14291.0000   26  599 13140.0000 14291.0000  8.76%   421  894s
  1193  1295 14104.0000   28  492 13140.0000 14291.0000  8.76%   351  920s
  1514  1327 14291.0000   30  421 13140.0000 14291.0000  8.76%   303 1497s
H 1519  1327                    13164.000000 14291.0000  8.56%   303 1504s
H 1521  1327                    13185.000000 14291.0000  8.39%   304 1506s
  1546  1816 14291.0000   31  424 13185.0000 14291.0000  8.39%   307 1584s
  1952  1816 13566.0000   32  541 13185.0000 14291.0000  8.39%   273 1585s
  2137  2408 14291.0000   37  505 13185.0000 14291.0000  8.39%   259 1686s
  2880  2915 14291.0000   40  525 13185.0000 14291.0000  8.39%   227 1822s
  3585  3371 14291.0000   43  519 13185.0000 14291.0000  8.39%   210 2041s
  4177  4101 14291.0000   47  575 13185.0000 14291.0000  8.39%   207 2225s
  5078  4102 13190.0000  126  289 13185.0000 14291.0000  8.39%   195 2361s
H 5079  3897                    13187.000000 14291.0000  8.37%   195 2408s
  5080  3897 14243.0000   39  239 13187.0000 14291.0000  8.37%   195 2656s
  5081  3898 14179.0000   13  279 13187.0000 14291.0000  8.37%   195 2859s
  5083  3899 13873.0000   30  425 13187.0000 14291.0000  8.37%   195 2884s
  5084  3900 14246.0000   38  630 13187.0000 14291.0000  8.37%   195 2887s
  5085  3901 13495.0000   64  259 13187.0000 14291.0000  8.37%   195 2954s
  5086  3901 14136.0000   45  446 13187.0000 14291.0000  8.37%   195 2981s
  5087  3902 14186.0000   47  271 13187.0000 14291.0000  8.37%   194 3005s
  5089  3903 14267.0000   52  306 13187.0000 14291.0000  8.37%   194 3015s
  5091  3905 13320.5833   71  284 13187.0000 14291.0000  8.37%   194 3022s
  5093  3906 14291.0000    8  294 13187.0000 14291.0000  8.37%   194 3029s
  5094  3907 13510.0000   72  523 13187.0000 14291.0000  8.37%   194 3031s
  5095  3907 14267.0000   59  261 13187.0000 14291.0000  8.37%   194 3036s
  5097  3909 13760.0000   76  285 13187.0000 14291.0000  8.37%   194 3042s
  5099  3910 14021.0000   26  246 13187.0000 14291.0000  8.37%   194 3048s
  5100  3911 14258.5745   51  246 13187.0000 14291.0000  8.37%   194 3050s
  5102  3915 14291.0000   13  233 13187.0000 14291.0000  8.37%   213 3240s
  5104  3918 14291.0000   14  273 13187.0000 14291.0000  8.37%   213 3283s
  5108  3925 14291.0000   15  273 13187.0000 14291.0000  8.37%   214 3651s

Cutting planes:
  Gomory: 11
  Cover: 8
  Implied bound: 31
  Projected implied bound: 3
  Clique: 16
  MIR: 62
  StrongCG: 13
  Flow cover: 64
  Zero half: 6
  RLT: 22
  Relax-and-lift: 6

Explored 5116 nodes (1139016 simplex iterations) in 3978.20 seconds (111.92 work units)
Thread count was 32 (of 32 available processors)

Solution count 10: 13187 13185 13164 ... 12852

Time limit reached
Best objective 1.318700000000e+04, best bound 1.429100000000e+04, gap 8.3719%

Wrote result file '2_RCMPSP_7.sol'

