
Gurobi 10.0.3 (linux64, gurobi_cl) logging started Fri Nov  3 09:36:28 2023

Set parameter TimeLimit to value 3600
Set parameter LogFile to value "2_RCMPSP_89.log"
Set parameter Threads to value 32

Gurobi 10.0.3 (linux64, gurobi_cl) logging started Thu Nov  9 17:39:33 2023

Set parameter Username
Set parameter TimeLimit to value 3600
Set parameter LogFile to value "2_RCMPSP_89.log"
Set parameter Threads to value 32
Academic license - for non-commercial use only - expires 2024-10-30
Using license file /home/jrivera6/gurobi-licenses/v1003/compute-0-34/gurobi.lic

Gurobi Optimizer version 10.0.3 build v10.0.3rc0 (linux64)
Copyright (c) 2023, Gurobi Optimization, LLC

Read MPS format model from file 2_RCMPSP_89.mps
Reading time = 0.15 seconds
2_RCMPSP: 24708 rows, 8260 columns, 88096 nonzeros

CPU model: Intel(R) Xeon(R) Gold 6130 CPU @ 2.10GHz, instruction set [SSE2|AVX|AVX2|AVX512]
Thread count: 32 physical cores, 32 logical processors, using up to 32 threads

Optimize a model with 24708 rows, 8260 columns and 88096 nonzeros
Model fingerprint: 0x7e780a12
Variable types: 68 continuous, 8192 integer (8192 binary)
Coefficient statistics:
  Matrix range     [1e+00, 1e+02]
  Objective range  [2e+01, 2e+01]
  Bounds range     [1e+00, 1e+00]
  RHS range        [1e+00, 2e+02]
Presolve removed 11712 rows and 2679 columns
Presolve time: 1.30s
Presolved: 12996 rows, 5581 columns, 50412 nonzeros
Variable types: 62 continuous, 5519 integer (5515 binary)

Root relaxation: objective 1.399800e+04, 2041 iterations, 0.07 seconds (0.04 work units)

    Nodes    |    Current Node    |     Objective Bounds      |     Work
 Expl Unexpl |  Obj  Depth IntInf | Incumbent    BestBd   Gap | It/Node Time

     0     0 13998.0000    0  145          - 13998.0000      -     -    2s
H    0     0                    12059.000000 13998.0000  16.1%     -    2s
H    0     0                    12692.000000 13998.0000  10.3%     -    2s
H    0     0                    12884.000000 13998.0000  8.65%     -    2s
     0     0 13998.0000    0  401 12884.0000 13998.0000  8.65%     -    4s
     0     0 13998.0000    0  376 12884.0000 13998.0000  8.65%     -    4s
H    0     0                    12905.000000 13998.0000  8.47%     -    5s
H    0     0                    12911.000000 13998.0000  8.42%     -    9s
     0     0 13998.0000    0  171 12911.0000 13998.0000  8.42%     -    9s
     0     0 13998.0000    0  175 12911.0000 13998.0000  8.42%     -   10s
H    0     0                    12934.000000 13998.0000  8.23%     -   14s
H    0     0                    12978.000000 13998.0000  7.86%     -   14s
H    0     0                    13034.000000 13998.0000  7.40%     -   14s
     0     0 13998.0000    0  175 13034.0000 13998.0000  7.40%     -   14s
     0     0 13998.0000    0  288 13034.0000 13998.0000  7.40%     -   15s
H    0     0                    13062.000000 13998.0000  7.17%     -   19s
     0     0 13998.0000    0  186 13062.0000 13998.0000  7.17%     -   20s
H    0     0                    13129.000000 13998.0000  6.62%     -   20s
     0     0 13998.0000    0  372 13129.0000 13998.0000  6.62%     -   22s
     0     0 13998.0000    0  158 13129.0000 13998.0000  6.62%     -   26s
     0     0 13998.0000    0  145 13129.0000 13998.0000  6.62%     -   26s
     0     2 13998.0000    0  144 13129.0000 13998.0000  6.62%     -   32s
     3     8 13998.0000    2  345 13129.0000 13998.0000  6.62%   565   37s
     7    16 13998.0000    3  303 13129.0000 13998.0000  6.62%   610   41s
    15    32 13998.0000    4  364 13129.0000 13998.0000  6.62%   604   45s
    31    62 13998.0000    5  367 13129.0000 13998.0000  6.62%   575   61s
H   32    62                    13151.000000 13998.0000  6.44%   557   61s
H   34    62                    13171.000000 13998.0000  6.28%   534   61s
H   40    62                    13172.000000 13998.0000  6.27%   494   61s
    63    90 13998.0000    6  342 13172.0000 13998.0000  6.27%   523   84s
H   95   118                    13193.000000 13998.0000  6.10%   520  309s
H   97   118                    13257.000000 13998.0000  5.59%   526  309s
   127   147 13998.0000    7  354 13257.0000 13998.0000  5.59%   465  367s
H  157   147                    13278.000000 13998.0000  5.42%   402  367s
   159   175 13998.0000    8  352 13278.0000 13998.0000  5.42%   399  370s
   191   202 13998.0000    9  342 13278.0000 13998.0000  5.42%   359  407s
   224   254 13998.0000   10  252 13278.0000 13998.0000  5.42%   370  424s
   285   309 13998.0000   10  187 13278.0000 13998.0000  5.42%   373  440s
   437   463 13998.0000   14  311 13278.0000 13998.0000  5.42%   288  446s
   521   547 13998.0000   15  305 13278.0000 13998.0000  5.42%   259  452s
   719   733 13998.0000   18  365 13278.0000 13998.0000  5.42%   216  457s
   841   852 13998.0000   18  386 13278.0000 13998.0000  5.42%   194  460s
  1132  1124 13998.0000   20  220 13278.0000 13998.0000  5.42%   162  475s
  1308  1262 13998.0000   21  230 13278.0000 13998.0000  5.42%   151  481s
  1657  1570 13977.0000   23  274 13278.0000 13998.0000  5.42%   133  500s
  2082  1954 13998.0000   24  344 13278.0000 13998.0000  5.42%   123  518s
  2353  2185 13998.0000   25  294 13278.0000 13998.0000  5.42%   120  529s
  2640  2450 13998.0000   27  406 13278.0000 13998.0000  5.42%   116  535s
  2998  2602 13998.0000   29  430 13278.0000 13998.0000  5.42%   110  552s
  3221  2603 13843.0000    9  145 13278.0000 13998.0000  5.42%   111  587s
  3224  2605 13542.0000   22  177 13278.0000 13998.0000  5.42%   111  591s
  3226  2606 13715.0000   30  206 13278.0000 13998.0000  5.42%   111  596s
  3228  2608 13749.0000   27  175 13278.0000 13998.0000  5.42%   111  600s
  3230  2609 13977.0000   29  179 13278.0000 13998.0000  5.42%   111  605s
  3232  2610 13843.0000    8  187 13278.0000 13998.0000  5.42%   111  610s
  3234  2612 13366.0000   46  197 13278.0000 13998.0000  5.42%   111  617s
  3236  2613 13380.0000   35  176 13278.0000 13998.0000  5.42%   111  625s
  3238  2614 13698.0000    7  193 13278.0000 13998.0000  5.42%   111  632s
H 3239  2483                    13300.000000 13998.0000  5.25%   111  640s
  3242  2485 13796.0000   31  167 13300.0000 13998.0000  5.25%   111  649s
  3243  2486 13837.0000   16  167 13300.0000 13998.0000  5.25%   111  651s
  3245  2490 13998.0000   11  204 13300.0000 13998.0000  5.25%   131  664s
  3247  2493 13998.0000   12  238 13300.0000 13998.0000  5.25%   131  668s
  3251  2500 13998.0000   13  232 13300.0000 13998.0000  5.25%   131  671s
  3275  2538 13998.0000   15  251 13300.0000 13998.0000  5.25%   131  716s
H 3288  2410                    13321.000000 13998.0000  5.08%   132  716s
H 3305  2285                    13322.000000 13998.0000  5.07%   132  716s
  3338  2335 13998.0000   17  318 13322.0000 13998.0000  5.07%   132 1086s
  3370  2356 13998.0000   17  286 13322.0000 13998.0000  5.07%   132 1142s
H 3391  2237                    13343.000000 13998.0000  4.91%   132 1142s
  3402  2266 13998.0000   18  274 13343.0000 13998.0000  4.91%   132 1150s
  3434  2287 13998.0000   18  473 13343.0000 13998.0000  4.91%   132 1561s
H 3455  2173                    13364.000000 13998.0000  4.74%   142 1561s
  3466  2230 13998.0000   19  280 13364.0000 13998.0000  4.74%   151 1578s
  3527  2386 13998.0000   20  278 13364.0000 13998.0000  4.74%   152 1607s
  3707  2699 13998.0000   23  290 13364.0000 13998.0000  4.74%   156 1670s
  4123  3084 13998.0000   29  408 13364.0000 13998.0000  4.74%   166 1759s
  4795  3474 13976.0000   33  291 13364.0000 13998.0000  4.74%   170 1858s
  5541  4092 13871.0000   42  323 13364.0000 13998.0000  4.74%   169 1971s
  6702  4626 13865.0000   56  337 13364.0000 13998.0000  4.74%   158 2082s
  7979  5048 13519.0000   79  287 13364.0000 13998.0000  4.74%   149 2195s
  9271  8222 13923.0000   43  270 13364.0000 13998.0000  4.74%   143 2272s
 14192  8785 infeasible   55      13364.0000 13998.0000  4.74%   116 2349s
 15090 12057 13973.0000   38  453 13364.0000 13998.0000  4.74%   116 2425s
 20086 12636 infeasible   80      13364.0000 13998.0000  4.74%   105 2507s
 20846 13136 13993.6522   42  262 13364.0000 13998.0000  4.74%   106 2599s
 21499 16757 13948.0000   44  257 13364.0000 13998.0000  4.74%   105 2679s
 26987 17366 13931.0000   34  346 13364.0000 13998.0000  4.74%   100 2757s
 27824 20839 13538.0000   42  276 13364.0000 13998.0000  4.74%   100 2842s
 33043 23913 13886.0000   40  408 13364.0000 13998.0000  4.74%  94.0 3143s
 37633 30454 13998.0000   40  283 13364.0000 13998.0000  4.74%  93.8 3408s
 47692 32691 13998.0000   27  485 13364.0000 13998.0000  4.74%  90.1 3495s
 51462 36303 13998.0000   31  236 13364.0000 13998.0000  4.74%  87.9 3555s
 57139 39200 13998.0000   34  271 13364.0000 13998.0000  4.74%  85.7 3600s

Cutting planes:
  Learned: 1
  Gomory: 8
  Implied bound: 52
  Projected implied bound: 2
  Clique: 2
  MIR: 75
  StrongCG: 28
  Flow cover: 76
  Zero half: 8
  RLT: 28
  Relax-and-lift: 23

Explored 61489 nodes (5248574 simplex iterations) in 3640.73 seconds (176.12 work units)
Thread count was 32 (of 32 available processors)

Solution count 10: 13364 13343 13322 ... 13171

Time limit reached
Best objective 1.336400000000e+04, best bound 1.399800000000e+04, gap 4.7441%

Wrote result file '2_RCMPSP_89.sol'

