
Gurobi 10.0.3 (linux64, gurobi_cl) logging started Fri Nov 10 22:32:09 2023

Set parameter Username
Set parameter TimeLimit to value 3600
Set parameter LogFile to value "2_RCMPSP_145.log"
Set parameter Threads to value 32
Academic license - for non-commercial use only - expires 2024-10-30
Using license file /home/jrivera6/gurobi-licenses/v1003/compute-0-37/gurobi.lic

Gurobi Optimizer version 10.0.3 build v10.0.3rc0 (linux64)
Copyright (c) 2023, Gurobi Optimization, LLC

Read MPS format model from file 2_RCMPSP_145.mps
Reading time = 0.30 seconds
2_RCMPSP: 153930 rows, 51364 columns, 507415 nonzeros

CPU model: Intel(R) Xeon(R) Gold 6242 CPU @ 2.80GHz, instruction set [SSE2|AVX|AVX2|AVX512]
Thread count: 32 physical cores, 32 logical processors, using up to 32 threads

Optimize a model with 153930 rows, 51364 columns and 507415 nonzeros
Model fingerprint: 0xfb231368
Variable types: 164 continuous, 51200 integer (51200 binary)
Coefficient statistics:
  Matrix range     [1e+00, 3e+02]
  Objective range  [1e+01, 1e+01]
  Bounds range     [1e+00, 1e+00]
  RHS range        [1e+00, 3e+02]
Presolve removed 116920 rows and 34181 columns (presolve time = 5s) ...
Presolve removed 116920 rows and 34181 columns
Presolve time: 7.68s
Presolved: 37010 rows, 17183 columns, 125856 nonzeros
Variable types: 109 continuous, 17074 integer (17070 binary)
Found heuristic solution: objective 23620.000000

Deterministic concurrent LP optimizer: primal and dual simplex (primal and dual model)
Showing first log only...

Root relaxation presolved: 36921 rows, 17212 columns, 125723 nonzeros


Root simplex log...

Iteration    Objective       Primal Inf.    Dual Inf.      Time
       0    2.6260000e+04   1.624812e+03   2.173938e+09     12s
    7729    2.5821917e+04   0.000000e+00   5.652899e+03     15s
Concurrent spin time: 1.77s

Solved with dual simplex (primal model)

Root relaxation: objective 2.614000e+04, 9067 iterations, 8.04 seconds (1.96 work units)
Total elapsed time = 20.44s

    Nodes    |    Current Node    |     Objective Bounds      |     Work
 Expl Unexpl |  Obj  Depth IntInf | Incumbent    BestBd   Gap | It/Node Time

     0     0 26140.0000    0 1397 23620.0000 26140.0000  10.7%     -   27s
H    0     0                    24590.000000 26140.0000  6.30%     -   27s
H    0     0                    24690.000000 26140.0000  5.87%     -   27s
H    0     0                    24730.000000 26140.0000  5.70%     -   29s
H    0     0                    24920.000000 26140.0000  4.90%     -   29s
     0     0 26112.2867    0 2637 24920.0000 26112.2867  4.78%     -   97s
H    0     0                    25040.000000 26112.2867  4.28%     -   99s
     0     0 26060.2296    0 2868 25040.0000 26060.2296  4.07%     -  141s
     0     0 26057.7000    0 2856 25040.0000 26057.7000  4.06%     -  148s
     0     0 26057.0649    0 2871 25040.0000 26057.0649  4.06%     -  152s
     0     0 26057.0441    0 2808 25040.0000 26057.0441  4.06%     -  154s
     0     0 26057.0441    0 2766 25040.0000 26057.0441  4.06%     -  157s
H    0     0                    25050.000000 26005.7564  3.82%     -  210s
     0     0 26005.7564    0 3414 25050.0000 26005.7564  3.82%     -  215s
H    0     0                    25080.000000 25978.3561  3.58%     -  255s
     0     0 25978.3561    0 3549 25080.0000 25978.3561  3.58%     -  258s
     0     0 25975.4569    0 3665 25080.0000 25975.4569  3.57%     -  281s
H    0     0                    25090.000000 25974.3251  3.52%     -  292s
     0     0 25974.3251    0 3650 25090.0000 25974.3251  3.52%     -  293s
     0     0 25974.0791    0 3689 25090.0000 25974.0791  3.52%     -  302s
     0     0 25973.9558    0 3541 25090.0000 25973.9558  3.52%     -  307s
     0     0 25973.9262    0 3559 25090.0000 25973.9262  3.52%     -  310s
H    0     0                    25100.000000 25945.6422  3.37%     -  384s
H    0     0                    25110.000000 25945.6422  3.33%     -  389s
H    0     0                    25130.000000 25945.6422  3.25%     -  389s
H    0     0                    25140.000000 25945.6422  3.20%     -  389s
H    0     0                    25150.000000 25945.6422  3.16%     -  389s
H    0     0                    25200.000000 25945.6422  2.96%     -  389s
     0     0 25945.6422    0 3908 25200.0000 25945.6422  2.96%     -  391s
H    0     0                    25220.000000 25929.5875  2.81%     -  483s
     0     0 25929.5875    0 4187 25220.0000 25929.5875  2.81%     -  485s
     0     0 25926.6092    0 4256 25220.0000 25926.6092  2.80%     -  522s
     0     0 25924.8961    0 3992 25220.0000 25924.8961  2.79%     -  551s
     0     0 25923.7183    0 4215 25220.0000 25923.7183  2.79%     -  569s
     0     0 25923.5077    0 4165 25220.0000 25923.5077  2.79%     -  576s
     0     0 25923.4216    0 4138 25220.0000 25923.4216  2.79%     -  582s
     0     0 25923.3888    0 4156 25220.0000 25923.3888  2.79%     -  585s
     0     0 25909.2339    0 3993 25220.0000 25909.2339  2.73%     -  655s
H    0     0                    25230.000000 25897.9257  2.65%     -  720s
H    0     0                    25240.000000 25897.9257  2.61%     -  720s
     0     0 25897.9257    0 4269 25240.0000 25897.9257  2.61%     -  723s
H    0     0                    25260.000000 25895.8315  2.52%     -  776s
H    0     0                    25270.000000 25895.8315  2.48%     -  776s
     0     0 25895.8315    0 4535 25270.0000 25895.8315  2.48%     -  777s
     0     0 25895.3172    0 4566 25270.0000 25895.3172  2.47%     -  800s
     0     0 25895.2174    0 4683 25270.0000 25895.2174  2.47%     -  808s
     0     0 25895.1724    0 4669 25270.0000 25895.1724  2.47%     -  813s
     0     0 25887.4370    0 4494 25270.0000 25887.4370  2.44%     -  890s
     0     0 25884.7266    0 4553 25270.0000 25884.7266  2.43%     -  985s
     0     0 25884.0781    0 4577 25270.0000 25884.0781  2.43%     - 1045s
     0     0 25883.9599    0 4548 25270.0000 25883.9599  2.43%     - 1066s
     0     0 25883.8998    0 4624 25270.0000 25883.8998  2.43%     - 1085s
     0     0 25880.6834    0 4358 25270.0000 25880.6834  2.42%     - 1210s
     0     0 25879.4413    0 4524 25270.0000 25879.4413  2.41%     - 1288s
     0     0 25879.0430    0 4587 25270.0000 25879.0430  2.41%     - 1310s
     0     0 25878.8390    0 4645 25270.0000 25878.8390  2.41%     - 1331s
     0     0 25878.7962    0 4608 25270.0000 25878.7962  2.41%     - 1339s
     0     0 25871.9866    0 4399 25270.0000 25871.9866  2.38%     - 1460s
     0     0 25869.5336    0 4512 25270.0000 25869.5336  2.37%     - 1569s
     0     0 25868.9528    0 4648 25270.0000 25868.9528  2.37%     - 1611s
     0     0 25868.8040    0 4671 25270.0000 25868.8040  2.37%     - 1635s
     0     0 25868.7112    0 4779 25270.0000 25868.7112  2.37%     - 1651s
     0     0 25865.7982    0 4583 25270.0000 25865.7982  2.36%     - 1743s
H    0     0                    25290.000000 25864.1959  2.27%     - 1832s
     0     0 25864.1959    0 4626 25290.0000 25864.1959  2.27%     - 1834s
     0     0 25863.6015    0 4589 25290.0000 25863.6015  2.27%     - 1920s
     0     0 25863.4934    0 4648 25290.0000 25863.4934  2.27%     - 1940s
     0     0 25860.7218    0 4613 25290.0000 25860.7218  2.26%     - 2046s
     0     0 25858.9963    0 4809 25290.0000 25858.9963  2.25%     - 2121s
     0     0 25858.6315    0 4737 25290.0000 25858.6315  2.25%     - 2148s
     0     0 25858.5354    0 4900 25290.0000 25858.5354  2.25%     - 2167s
     0     0 25856.7957    0 4827 25290.0000 25856.7957  2.24%     - 2252s
     0     0 25855.6922    0 4827 25290.0000 25855.6922  2.24%     - 2322s
     0     0 25855.4963    0 4893 25290.0000 25855.4963  2.24%     - 2353s
     0     0 25855.4206    0 4912 25290.0000 25855.4206  2.24%     - 2370s
     0     0 25854.0741    0 4752 25290.0000 25854.0741  2.23%     - 2440s
     0     0 25853.4253    0 4770 25290.0000 25853.4253  2.23%     - 2498s
     0     0 25853.2813    0 4837 25290.0000 25853.2813  2.23%     - 2528s
     0     0 25853.2642    0 4773 25290.0000 25853.2642  2.23%     - 2535s
     0     0 25852.2458    0 4629 25290.0000 25852.2458  2.22%     - 2589s
     0     0 25851.9328    0 4904 25290.0000 25851.9328  2.22%     - 2641s
     0     0 25851.8496    0 5004 25290.0000 25851.8496  2.22%     - 2651s
     0     0 25851.1450    0 5035 25290.0000 25851.1450  2.22%     - 2697s
     0     0 25851.1450    0 3201 25290.0000 25851.1450  2.22%     - 2977s
     0     2 25851.1383    0 3089 25290.0000 25851.1383  2.22%     - 3219s
     1     4 25819.2000    1 2466 25290.0000 25851.1383  2.22% 13493 3364s
     3     7 25811.8987    2 2481 25290.0000 25849.5751  2.21%  9475 3751s

Cutting planes:
  Learned: 693
  Gomory: 9
  Cover: 5245
  Implied bound: 327
  Clique: 1887
  MIR: 2125
  StrongCG: 140
  Flow cover: 90
  GUB cover: 451
  Inf proof: 1
  Zero half: 51
  RLT: 399
  Relax-and-lift: 231
  BQP: 1

Explored 6 nodes (525002 simplex iterations) in 3816.49 seconds (411.33 work units)
Thread count was 32 (of 32 available processors)

Solution count 10: 25290 25270 25260 ... 25130

Time limit reached
Best objective 2.529000000000e+04, best bound 2.584000000000e+04, gap 2.1748%

Wrote result file '2_RCMPSP_145.sol'

