
Gurobi 10.0.3 (linux64, gurobi_cl) logging started Fri Nov  3 09:36:28 2023

Set parameter TimeLimit to value 3600
Set parameter LogFile to value "2_RCMPSP_70.log"
Set parameter Threads to value 32

Gurobi 10.0.3 (linux64, gurobi_cl) logging started Thu Nov  9 16:28:16 2023

Set parameter Username
Set parameter TimeLimit to value 3600
Set parameter LogFile to value "2_RCMPSP_70.log"
Set parameter Threads to value 32
Academic license - for non-commercial use only - expires 2024-11-06
Using license file /home/jrivera6/gurobi-licenses/v1003/compute-0-36/gurobi.lic

Gurobi Optimizer version 10.0.3 build v10.0.3rc0 (linux64)
Copyright (c) 2023, Gurobi Optimization, LLC

Read MPS format model from file 2_RCMPSP_70.mps
Reading time = 0.33 seconds
2_RCMPSP: 153930 rows, 51364 columns, 554270 nonzeros

CPU model: Intel(R) Xeon(R) Gold 6130 CPU @ 2.10GHz, instruction set [SSE2|AVX|AVX2|AVX512]
Thread count: 32 physical cores, 32 logical processors, using up to 32 threads

Optimize a model with 153930 rows, 51364 columns and 554270 nonzeros
Model fingerprint: 0x4e3508ba
Variable types: 164 continuous, 51200 integer (51200 binary)
Coefficient statistics:
  Matrix range     [1e+00, 3e+02]
  Objective range  [6e+01, 6e+01]
  Bounds range     [1e+00, 1e+00]
  RHS range        [1e+00, 3e+02]
Presolve removed 120481 rows and 35924 columns (presolve time = 6s) ...
Presolve removed 120481 rows and 35924 columns (presolve time = 10s) ...
Presolve removed 120940 rows and 36023 columns (presolve time = 15s) ...
Presolve removed 120940 rows and 36023 columns
Presolve time: 19.00s
Presolved: 32990 rows, 15341 columns, 130148 nonzeros
Variable types: 106 continuous, 15235 integer (15231 binary)
Found heuristic solution: objective 14808.000000
Deterministic concurrent LP optimizer: primal and dual simplex
Showing first log only...


Root simplex log...

Iteration    Objective       Primal Inf.    Dual Inf.      Time
       0    3.4551000e+04   1.338375e+03   1.963578e+09     26s
    4200   -3.2841000e+04   0.000000e+00   1.784000e+03     27s
    5503    2.4698272e+04   0.000000e+00   1.385529e+05     31s
Concurrent spin time: 0.02s

Solved with dual simplex

Root simplex log...

Iteration    Objective       Primal Inf.    Dual Inf.      Time
    7390    3.0756000e+04   0.000000e+00   0.000000e+00     33s

Root relaxation: objective 3.075600e+04, 7390 iterations, 9.78 seconds (0.76 work units)
Total elapsed time = 35.02s

    Nodes    |    Current Node    |     Objective Bounds      |     Work
 Expl Unexpl |  Obj  Depth IntInf | Incumbent    BestBd   Gap | It/Node Time

     0     0 30756.0000    0 1404 14808.0000 30756.0000   108%     -   42s
H    0     0                    18866.000000 30756.0000  63.0%     -   42s
H    0     0                    19595.000000 30756.0000  57.0%     -   45s
H    0     0                    21830.000000 30756.0000  40.9%     -   45s
     0     0 30756.0000    0 2653 21830.0000 30756.0000  40.9%     -   84s
H    0     0                    22167.000000 30756.0000  38.7%     -   86s
H    0     0                    22719.000000 30756.0000  35.4%     -  133s
H    0     0                    23000.000000 30756.0000  33.7%     -  133s
     0     0 30756.0000    0 2832 23000.0000 30756.0000  33.7%     -  134s
H    0     0                    23055.000000 30756.0000  33.4%     -  315s
H    0     0                    23222.000000 30756.0000  32.4%     -  315s
     0     0 30756.0000    0 3326 23222.0000 30756.0000  32.4%     -  357s
H    0     0                    23388.000000 30731.4658  31.4%     -  498s
H    0     0                    23443.000000 30731.4658  31.1%     -  498s
H    0     0                    23559.000000 30731.4658  30.4%     -  498s
H    0     0                    23614.000000 30731.4658  30.1%     -  498s
H    0     0                    23726.000000 30731.4658  29.5%     -  498s
H    0     0                    23893.000000 30731.4658  28.6%     -  498s
H    0     0                    23949.000000 30731.4658  28.3%     -  498s
H    0     0                    24059.000000 30731.4658  27.7%     -  498s
     0     0 30731.4658    0 3828 24059.0000 30731.4658  27.7%     -  501s
     0     0 30686.2816    0 3721 24059.0000 30686.2816  27.5%     -  535s
     0     0 30676.4717    0 3680 24059.0000 30676.4717  27.5%     -  550s
     0     0 30672.7333    0 3797 24059.0000 30672.7333  27.5%     -  556s
     0     0 30671.9177    0 3814 24059.0000 30671.9177  27.5%     -  559s
     0     0 30671.6881    0 3792 24059.0000 30671.6881  27.5%     -  561s
     0     0 30671.6338    0 3811 24059.0000 30671.6338  27.5%     -  562s
     0     0 30671.6288    0 3796 24059.0000 30671.6288  27.5%     -  563s
     0     0 30474.6692    0 3057 24059.0000 30474.6692  26.7%     -  619s
     0     0 30340.3720    0 3612 24059.0000 30340.3720  26.1%     -  672s
     0     0 30304.6561    0 3616 24059.0000 30304.6561  26.0%     -  712s
     0     0 30293.2335    0 3731 24059.0000 30293.2335  25.9%     -  728s
     0     0 30290.1513    0 3838 24059.0000 30290.1513  25.9%     -  739s
     0     0 30289.3680    0 3853 24059.0000 30289.3680  25.9%     -  742s
     0     0 30289.0714    0 3862 24059.0000 30289.0714  25.9%     -  746s
     0     0 30289.0105    0 3835 24059.0000 30289.0105  25.9%     -  747s
H    0     0                    24114.000000 30289.0105  25.6%     -  757s
     0     0 30157.1832    0 3756 24114.0000 30157.1832  25.1%     -  811s
     0     0 30089.7818    0 4168 24114.0000 30089.7818  24.8%     -  879s
     0     0 30065.4336    0 4371 24114.0000 30065.4336  24.7%     -  911s
     0     0 30059.3364    0 4413 24114.0000 30059.3364  24.7%     -  929s
     0     0 30056.4562    0 4461 24114.0000 30056.4562  24.6%     -  940s
     0     0 30055.3646    0 4420 24114.0000 30055.3646  24.6%     -  946s
     0     0 30054.9258    0 4449 24114.0000 30054.9258  24.6%     -  951s
     0     0 30054.7400    0 4452 24114.0000 30054.7400  24.6%     -  954s
     0     0 30054.6942    0 4403 24114.0000 30054.6942  24.6%     -  956s
     0     0 29964.2276    0 3923 24114.0000 29964.2276  24.3%     - 1003s
     0     0 29914.2231    0 4402 24114.0000 29914.2231  24.1%     - 1059s
     0     0 29899.6821    0 4548 24114.0000 29899.6821  24.0%     - 1090s
     0     0 29896.1722    0 4629 24114.0000 29896.1722  24.0%     - 1107s
     0     0 29894.2400    0 4696 24114.0000 29894.2400  24.0%     - 1117s
     0     0 29893.6139    0 4665 24114.0000 29893.6139  24.0%     - 1125s
     0     0 29893.4820    0 4676 24114.0000 29893.4820  24.0%     - 1130s
     0     0 29824.8572    0 4182 24114.0000 29824.8572  23.7%     - 1189s
     0     0 29791.4892    0 4498 24114.0000 29791.4892  23.5%     - 1233s
     0     0 29779.6657    0 4559 24114.0000 29779.6657  23.5%     - 1257s
H    0     0                    24169.000000 29776.9745  23.2%     - 1272s
     0     0 29776.9745    0 4693 24169.0000 29776.9745  23.2%     - 1272s
H    0     0                    24224.000000 29775.8426  22.9%     - 1282s
     0     0 29775.8426    0 4667 24224.0000 29775.8426  22.9%     - 1282s
     0     0 29775.2809    0 4692 24224.0000 29775.2809  22.9%     - 1290s
     0     0 29775.0334    0 4686 24224.0000 29775.0334  22.9%     - 1292s
     0     0 29730.3639    0 4495 24224.0000 29730.3639  22.7%     - 1337s
     0     0 29701.1471    0 4668 24224.0000 29701.1471  22.6%     - 1372s
     0     0 29692.0173    0 4732 24224.0000 29692.0173  22.6%     - 1402s
     0     0 29689.0906    0 4865 24224.0000 29689.0906  22.6%     - 1415s
     0     0 29687.7802    0 4961 24224.0000 29687.7802  22.6%     - 1424s
     0     0 29687.3898    0 4953 24224.0000 29687.3898  22.6%     - 1432s
     0     0 29687.2663    0 5011 24224.0000 29687.2663  22.6%     - 1435s
H    0     0                    24279.000000 29639.0563  22.1%     - 1502s
     0     0 29639.0563    0 4436 24279.0000 29639.0563  22.1%     - 1503s
H    0     0                    24283.000000 29607.7319  21.9%     - 1543s
     0     0 29607.7319    0 4576 24283.0000 29607.7319  21.9%     - 1543s
     0     0 29596.5181    0 4991 24283.0000 29596.5181  21.9%     - 1573s
     0     0 29592.7455    0 4747 24283.0000 29592.7455  21.9%     - 1592s
     0     0 29591.5495    0 4870 24283.0000 29591.5495  21.9%     - 1605s
     0     0 29590.7499    0 4937 24283.0000 29590.7499  21.9%     - 1615s
     0     0 29590.5667    0 4966 24283.0000 29590.5667  21.9%     - 1620s
     0     0 29563.0166    0 4632 24283.0000 29563.0166  21.7%     - 1649s
     0     0 29552.9800    0 4902 24283.0000 29552.9800  21.7%     - 1676s
     0     0 29548.6350    0 5051 24283.0000 29548.6350  21.7%     - 1694s
     0     0 29547.5787    0 5019 24283.0000 29547.5787  21.7%     - 1705s
     0     0 29547.1914    0 5058 24283.0000 29547.1914  21.7%     - 1710s
H    0     0                    24334.000000 29527.9644  21.3%     - 1743s
H    0     0                    24505.000000 29527.9644  20.5%     - 1743s
     0     0 29527.9644    0 4772 24505.0000 29527.9644  20.5%     - 1744s
H    0     0                    24615.000000 29527.9644  20.0%     - 1749s
     0     0 29520.7426    0 4882 24615.0000 29520.7426  19.9%     - 1769s
     0     0 29517.6843    0 5142 24615.0000 29517.6843  19.9%     - 1792s
     0     0 29516.9485    0 5126 24615.0000 29516.9485  19.9%     - 1798s
     0     0 29516.5420    0 5189 24615.0000 29516.5420  19.9%     - 1805s
     0     0 29504.2564    0 4732 24615.0000 29504.2564  19.9%     - 1838s
     0     0 29499.0043    0 5020 24615.0000 29499.0043  19.8%     - 1860s
     0     0 29496.4170    0 5170 24615.0000 29496.4170  19.8%     - 1871s
     0     0 29495.4651    0 5130 24615.0000 29495.4651  19.8%     - 1880s
     0     0 29495.0961    0 5149 24615.0000 29495.0961  19.8%     - 1889s
H    0     0                    24670.000000 29484.4039  19.5%     - 1941s
     0     0 29484.4039    0 5029 24670.0000 29484.4039  19.5%     - 1941s
H    0     0                    24727.000000 29479.1850  19.2%     - 1970s
     0     0 29479.1850    0 5084 24727.0000 29479.1850  19.2%     - 1971s
     0     0 29477.5132    0 5274 24727.0000 29477.5132  19.2%     - 1985s
     0     0 29476.5770    0 5255 24727.0000 29476.5770  19.2%     - 1996s
     0     0 29476.0618    0 5423 24727.0000 29476.0618  19.2%     - 2006s
     0     0 29465.9525    0 5060 24727.0000 29465.9525  19.2%     - 2044s
     0     0 29460.7653    0 5253 24727.0000 29460.7653  19.1%     - 2072s
     0     0 29459.5493    0 5353 24727.0000 29459.5493  19.1%     - 2085s
     0     0 29458.7895    0 5378 24727.0000 29458.7895  19.1%     - 2094s
     0     0 29458.6358    0 5335 24727.0000 29458.6358  19.1%     - 2099s
     0     0 29450.7051    0 4996 24727.0000 29450.7051  19.1%     - 2131s
     0     0 29447.7220    0 5032 24727.0000 29447.7220  19.1%     - 2150s
     0     0 29446.8939    0 5290 24727.0000 29446.8939  19.1%     - 2159s
     0     0 29446.3754    0 5409 24727.0000 29446.3754  19.1%     - 2166s
     0     0 29443.1971    0 5270 24727.0000 29443.1971  19.1%     - 2184s
     0     0 29442.6273    0 5371 24727.0000 29442.6273  19.1%     - 2199s
     0     0 29438.6581    0 5332 24727.0000 29438.6581  19.1%     - 2225s
     0     0 29438.6581    0 4201 24727.0000 29438.6581  19.1%     - 2253s
     0     2 29437.8511    0 4053 24727.0000 29437.8511  19.1%     - 2334s
     1     4 29429.4301    1 4068 24727.0000 29437.8511  19.1%  8853 2384s
     3     8 29385.1933    2 4624 24727.0000 29429.4138  19.0%  8448 2479s
     7    16 29320.0807    3 5312 24727.0000 29408.6617  18.9% 10015 2763s
    15    25 29289.8242    4 5636 24727.0000 29367.6123  18.8% 12786 3600s

Cutting planes:
  Learned: 925
  Gomory: 17
  Cover: 11763
  Implied bound: 1074
  Clique: 2776
  MIR: 4301
  StrongCG: 231
  Flow cover: 170
  GUB cover: 1209
  Zero half: 66
  RLT: 921
  Relax-and-lift: 562
  PSD: 1

Explored 24 nodes (757812 simplex iterations) in 3634.05 seconds (705.13 work units)
Thread count was 32 (of 32 available processors)

Solution count 10: 24727 24670 24615 ... 24114

Time limit reached
Best objective 2.472700000000e+04, best bound 2.936700000000e+04, gap 18.7649%

Wrote result file '2_RCMPSP_70.sol'

