
Gurobi 10.0.3 (linux64, gurobi_cl) logging started Fri Nov 10 22:33:17 2023

Set parameter Username
Set parameter TimeLimit to value 3600
Set parameter LogFile to value "2_RCMPSP_158.log"
Set parameter Threads to value 32
Academic license - for non-commercial use only - expires 2024-10-30
Using license file /home/jrivera6/gurobi-licenses/v1003/compute-0-37/gurobi.lic

Gurobi Optimizer version 10.0.3 build v10.0.3rc0 (linux64)
Copyright (c) 2023, Gurobi Optimization, LLC

Read MPS format model from file 2_RCMPSP_158.mps
Reading time = 1.06 seconds
2_RCMPSP: 615060 rows, 205124 columns, 2034030 nonzeros

CPU model: Intel(R) Xeon(R) Gold 6242 CPU @ 2.80GHz, instruction set [SSE2|AVX|AVX2|AVX512]
Thread count: 32 physical cores, 32 logical processors, using up to 32 threads

Optimize a model with 615060 rows, 205124 columns and 2034030 nonzeros
Model fingerprint: 0x2a2aeef6
Variable types: 324 continuous, 204800 integer (204800 binary)
Coefficient statistics:
  Matrix range     [1e+00, 3e+02]
  Objective range  [1e+02, 1e+02]
  Bounds range     [1e+00, 1e+00]
  RHS range        [1e+00, 3e+02]
Presolve removed 470162 rows and 140884 columns (presolve time = 5s) ...
Presolve removed 478531 rows and 141083 columns (presolve time = 10s) ...
Presolve removed 478904 rows and 141455 columns
Presolve time: 14.81s
Presolved: 136156 rows, 63669 columns, 467932 nonzeros
Variable types: 221 continuous, 63448 integer (63444 binary)
Found heuristic solution: objective -26943.00000

Deterministic concurrent LP optimizer: primal and dual simplex (primal and dual model)
Showing first log only...

Root relaxation presolved: 135677 rows, 63722 columns, 467097 nonzeros


Root simplex log...

Iteration    Objective       Primal Inf.    Dual Inf.      Time
       0    5.0095000e+04   5.181000e+03   7.522312e+09     26s
   24264    5.0095000e+04   1.250000e+00   3.175000e+07     30s
   24523   -2.2738600e+05   0.000000e+00   4.016000e+03     34s
   24932    1.8053217e+03   0.000000e+00   4.246006e+05     37s
   25136    3.0215741e+03   0.000000e+00   6.734738e+05     40s
   25748    5.8228360e+03   0.000000e+00   1.123484e+06     47s
   25952    5.9275159e+03   0.000000e+00   9.753948e+05     51s
   26360    6.7861292e+03   0.000000e+00   3.521522e+05     57s
   26768    8.5007601e+03   0.000000e+00   3.077152e+05     61s
   27176    9.4595912e+03   0.000000e+00   2.036651e+05     66s
   27570    1.0422158e+04   0.000000e+00   5.055522e+05     72s
   27860    1.1380569e+04   0.000000e+00   4.905749e+05     78s
   27980    1.2585860e+04   0.000000e+00   2.132369e+06     80s
   28230    1.3679518e+04   0.000000e+00   1.234306e+06     86s
   28450    1.4310088e+04   0.000000e+00   4.246140e+05     90s
   28790    1.5435588e+04   0.000000e+00   9.391909e+05     97s
   29060    1.6725870e+04   0.000000e+00   5.007549e+05    103s
   29200    1.6737004e+04   0.000000e+00   4.158212e+05    105s
   29480    1.7017446e+04   0.000000e+00   3.108355e+05    111s
   29760    1.7192258e+04   0.000000e+00   4.492014e+05    117s
   30094    1.8656843e+04   0.000000e+00   6.978054e+05    121s
   30314    1.9342337e+04   0.000000e+00   3.114499e+06    127s
   30514    1.9845314e+04   0.000000e+00   3.080085e+06    131s
   30714    1.9866717e+04   0.000000e+00   7.975053e+05    136s
   30994    2.0599195e+04   0.000000e+00   1.234810e+06    144s
   31174    2.1053260e+04   0.000000e+00   9.536044e+05    148s
   31394    2.1494313e+04   0.000000e+00   1.039826e+06    154s
   31494    2.1895197e+04   0.000000e+00   2.228576e+05    156s
   31754    2.2385351e+04   0.000000e+00   5.236708e+05    162s
   32034    2.2624753e+04   0.000000e+00   3.994885e+05    169s
   32134    2.2669649e+04   0.000000e+00   6.768685e+05    171s
   32414    2.2917503e+04   0.000000e+00   8.552699e+05    178s
   32594    2.3038539e+04   0.000000e+00   3.567028e+05    183s
   32774    2.3305192e+04   0.000000e+00   7.844296e+05    188s
   32874    2.3444360e+04   0.000000e+00   4.928547e+05    190s
   33074    2.3637423e+04   0.000000e+00   3.779740e+05    195s
   33274    2.3901212e+04   0.000000e+00   2.011955e+06    200s
   33484    2.4172751e+04   0.000000e+00   2.539315e+05    205s
   33704    2.4423092e+04   0.000000e+00   3.731632e+05    211s
   33924    2.4611990e+04   0.000000e+00   3.212591e+05    216s
   34144    2.4621757e+04   0.000000e+00   2.323465e+05    221s
   34384    2.4661434e+04   0.000000e+00   3.578440e+06    226s
   34604    2.4791754e+04   0.000000e+00   6.514276e+05    232s
   34804    2.4870347e+04   0.000000e+00   1.007699e+07    237s
   35054    2.5124399e+04   0.000000e+00   2.217008e+06    243s
   35184    2.5191212e+04   0.000000e+00   7.564073e+05    246s
   35434    2.5341115e+04   0.000000e+00   5.514384e+05    252s
   35674    2.5752291e+04   0.000000e+00   7.602529e+05    258s
   35794    2.5989114e+04   0.000000e+00   3.857289e+06    260s
   36024    2.6398057e+04   0.000000e+00   4.796099e+05    266s
   36254    2.6754123e+04   0.000000e+00   2.006261e+06    272s
   36524    2.6941405e+04   0.000000e+00   5.314684e+05    278s
   36664    2.7084577e+04   0.000000e+00   2.901026e+06    281s
   36944    2.7374513e+04   0.000000e+00   3.487437e+05    287s
   37094    2.7514446e+04   0.000000e+00   9.815743e+05    291s
   37404    2.7732220e+04   0.000000e+00   2.060077e+06    297s
   37544    2.7901489e+04   0.000000e+00   9.799427e+05    300s
   37834    2.8179051e+04   0.000000e+00   4.894147e+05    307s
   38114    2.8279590e+04   0.000000e+00   3.767266e+05    313s
   38234    2.8376520e+04   0.000000e+00   4.905889e+05    316s
   38454    2.8536320e+04   0.000000e+00   5.278456e+05    322s
   38734    2.8770969e+04   0.000000e+00   8.425868e+05    329s
   38884    2.8905070e+04   0.000000e+00   5.693793e+05    332s
   39044    2.9039593e+04   0.000000e+00   2.221018e+05    336s
   39374    2.9186311e+04   0.000000e+00   6.766144e+05    344s
   39544    2.9272513e+04   0.000000e+00   1.408434e+06    348s
   39714    2.9389697e+04   0.000000e+00   2.070029e+05    352s
   39844    2.9526587e+04   0.000000e+00   3.804470e+05    355s
   40094    2.9663396e+04   0.000000e+00   1.113436e+06    362s
   40214    2.9785226e+04   0.000000e+00   3.920619e+05    365s
   40444    2.9839692e+04   0.000000e+00   3.921263e+06    372s
   40674    2.9944759e+04   0.000000e+00   3.449717e+05    378s
   40794    2.9987477e+04   0.000000e+00   3.214207e+05    382s
   40914    3.0017362e+04   0.000000e+00   2.129423e+05    385s
   41154    3.0084996e+04   0.000000e+00   1.291100e+06    392s
Concurrent spin time: 88.28s

Solved with primal simplex (dual model)

Root relaxation: objective 3.794274e+04, 81908 iterations, 461.97 seconds (51.09 work units)
Total elapsed time = 652.92s
Total elapsed time = 671.35s
Total elapsed time = 684.77s
Total elapsed time = 697.10s

    Nodes    |    Current Node    |     Objective Bounds      |     Work
 Expl Unexpl |  Obj  Depth IntInf | Incumbent    BestBd   Gap | It/Node Time

     0     0 37942.7447    0 8402 -26943.000 37942.7447   241%     -  717s
H    0     0                    -2437.000000 37942.7447  1657%     -  718s
H    0     0                    2101.0000000 37942.7447  1706%     -  718s
     0     0 36237.1281    0 10816 2101.00000 36237.1281  1625%     - 1188s
H    0     0                    4266.0000000 36237.1281   749%     - 1191s
     0     0 35936.9903    0 12541 4266.00000 35936.9903   742%     - 1734s
     0     0 35823.8869    0 13026 4266.00000 35823.8869   740%     - 1960s
     0     0 35812.3138    0 12855 4266.00000 35812.3138   739%     - 2000s
     0     0 35811.2114    0 12822 4266.00000 35811.2114   739%     - 2017s
     0     0 35810.8717    0 12981 4266.00000 35810.8717   739%     - 2025s
     0     0 35810.8465    0 12903 4266.00000 35810.8465   739%     - 2028s
     0     0 34688.2534    0 14002 4266.00000 34688.2534   713%     - 2566s
     0     0 34688.2534    0 13984 4266.00000 34688.2534   713%     - 2567s
     0     0 33799.3305    0 14527 4266.00000 33799.3305   692%     - 3603s

Cutting planes:
  Learned: 790
  Gomory: 74
  Cover: 5039
  Implied bound: 691
  Clique: 5529
  MIR: 1800
  StrongCG: 184
  Flow cover: 110
  GUB cover: 225
  Zero half: 3
  RLT: 1632
  Relax-and-lift: 701

Explored 1 nodes (457062 simplex iterations) in 3805.53 seconds (1065.15 work units)
Thread count was 32 (of 32 available processors)

Solution count 4: 4266 2101 -2437 -26943 

Time limit reached
Best objective 4.266000000000e+03, best bound 3.379900000000e+04, gap 692.2879%

Wrote result file '2_RCMPSP_158.sol'

