
Gurobi 10.0.3 (linux64, gurobi_cl) logging started Fri Nov  3 09:32:27 2023

Set parameter Username
Set parameter TimeLimit to value 3600
Set parameter LogFile to value "2_RCMPSP_63.log"
Set parameter Threads to value 32
Academic license - for non-commercial use only - expires 2024-10-30
Using license file /home/jrivera6/gurobi-licenses/v1003/compute-0-35/gurobi.lic

Gurobi Optimizer version 10.0.3 build v10.0.3rc0 (linux64)
Copyright (c) 2023, Gurobi Optimization, LLC

Read MPS format model from file 2_RCMPSP_63.mps
Reading time = 0.67 seconds
2_RCMPSP: 153930 rows, 51364 columns, 554270 nonzeros

CPU model: Intel(R) Xeon(R) Gold 6130 CPU @ 2.10GHz, instruction set [SSE2|AVX|AVX2|AVX512]
Thread count: 32 physical cores, 32 logical processors, using up to 32 threads

Optimize a model with 153930 rows, 51364 columns and 554270 nonzeros
Model fingerprint: 0xa84f32dd
Variable types: 164 continuous, 51200 integer (51200 binary)
Coefficient statistics:
  Matrix range     [1e+00, 2e+02]
  Objective range  [1e+01, 1e+01]
  Bounds range     [1e+00, 1e+00]
  RHS range        [1e+00, 2e+02]
Presolve removed 120481 rows and 35726 columns (presolve time = 5s) ...
Presolve removed 120481 rows and 35924 columns (presolve time = 10s) ...
Presolve removed 120481 rows and 35924 columns (presolve time = 15s) ...
Presolve removed 120940 rows and 36019 columns (presolve time = 20s) ...
Presolve removed 120940 rows and 36023 columns (presolve time = 25s) ...
Presolve removed 120940 rows and 36023 columns
Presolve time: 28.75s
Presolved: 32990 rows, 15341 columns, 130148 nonzeros
Variable types: 106 continuous, 15235 integer (15231 binary)
Found heuristic solution: objective 31011.000000
Deterministic concurrent LP optimizer: primal and dual simplex
Showing first log only...


Root simplex log...

Iteration    Objective       Primal Inf.    Dual Inf.      Time
       0    3.4551000e+04   1.339125e+03   1.964328e+09     37s
    4192    2.2471000e+04   0.000000e+00   3.200000e+02     37s
    5164    3.2665920e+04   0.000000e+00   3.755077e+03     40s
Concurrent spin time: 0.00s

Solved with dual simplex

Root simplex log...

Iteration    Objective       Primal Inf.    Dual Inf.      Time
    7390    3.3871000e+04   0.000000e+00   0.000000e+00     44s

Root relaxation: objective 3.387100e+04, 7390 iterations, 10.11 seconds (0.76 work units)
Total elapsed time = 46.73s

    Nodes    |    Current Node    |     Objective Bounds      |     Work
 Expl Unexpl |  Obj  Depth IntInf | Incumbent    BestBd   Gap | It/Node Time

     0     0 33871.0000    0 1404 31011.0000 33871.0000  9.22%     -   58s
H    0     0                    31741.000000 33871.0000  6.71%     -   58s
H    0     0                    31871.000000 33871.0000  6.28%     -   63s
H    0     0                    32271.000000 33871.0000  4.96%     -   63s
H    0     0                    32311.000000 33871.0000  4.83%     -  115s
     0     0 33871.0000    0 2696 32311.0000 33871.0000  4.83%     -  119s
H    0     0                    32341.000000 33871.0000  4.73%     -  120s
     0     0 33871.0000    0 2847 32341.0000 33871.0000  4.73%     -  156s
H    0     0                    32391.000000 33871.0000  4.57%     -  272s
H    0     0                    32471.000000 33871.0000  4.31%     -  272s
H    0     0                    32481.000000 33871.0000  4.28%     -  272s
H    0     0                    32501.000000 33871.0000  4.22%     -  272s
H    0     0                    32511.000000 33871.0000  4.18%     -  272s
H    0     0                    32531.000000 33871.0000  4.12%     -  272s
     0     0 33871.0000    0 3282 32531.0000 33871.0000  4.12%     -  302s
H    0     0                    32641.000000 33861.7660  3.74%     -  428s
H    0     0                    32661.000000 33861.7660  3.68%     -  428s
H    0     0                    32681.000000 33861.7660  3.61%     -  428s
     0     0 33861.7660    0 3812 32681.0000 33861.7660  3.61%     -  431s
H    0     0                    32701.000000 33853.1482  3.52%     -  463s
     0     0 33853.1482    0 3801 32701.0000 33853.1482  3.52%     -  464s
     0     0 33851.6689    0 3711 32701.0000 33851.6689  3.52%     -  475s
     0     0 33851.1377    0 3716 32701.0000 33851.1377  3.52%     -  480s
     0     0 33850.9328    0 3788 32701.0000 33850.9328  3.52%     -  484s
     0     0 33850.8952    0 3853 32701.0000 33850.8952  3.52%     -  486s
     0     0 33850.8832    0 3821 32701.0000 33850.8832  3.52%     -  487s
     0     0 33850.8812    0 3807 32701.0000 33850.8812  3.52%     -  488s
H    0     0                    32711.000000 33815.6022  3.38%     -  549s
     0     0 33815.6022    0 3159 32711.0000 33815.6022  3.38%     -  552s
     0     0 33789.4287    0 3774 32711.0000 33789.4287  3.30%     -  600s
     0     0 33782.5982    0 4052 32711.0000 33782.5982  3.28%     -  627s
     0     0 33780.4514    0 3941 32711.0000 33780.4514  3.27%     -  644s
     0     0 33779.5812    0 4048 32711.0000 33779.5812  3.27%     -  654s
     0     0 33779.0673    0 4016 32711.0000 33779.0673  3.27%     -  663s
     0     0 33778.9050    0 4048 32711.0000 33778.9050  3.26%     -  666s
     0     0 33778.8326    0 4086 32711.0000 33778.8326  3.26%     -  669s
     0     0 33778.8166    0 4045 32711.0000 33778.8166  3.26%     -  670s
     0     0 33778.8131    0 4056 32711.0000 33778.8131  3.26%     -  671s
H    0     0                    32721.000000 33753.2255  3.15%     -  720s
     0     0 33753.2255    0 3990 32721.0000 33753.2255  3.15%     -  720s
H    0     0                    32751.000000 33737.7766  3.01%     -  764s
     0     0 33737.7766    0 4108 32751.0000 33737.7766  3.01%     -  765s
     0     0 33733.0183    0 4134 32751.0000 33733.0183  3.00%     -  791s
     0     0 33731.5441    0 4390 32751.0000 33731.5441  2.99%     -  808s
     0     0 33731.2532    0 4480 32751.0000 33731.2532  2.99%     -  817s
     0     0 33731.0973    0 4466 32751.0000 33731.0973  2.99%     -  822s
     0     0 33731.0289    0 4477 32751.0000 33731.0289  2.99%     -  826s
     0     0 33730.9637    0 4475 32751.0000 33730.9637  2.99%     -  831s
     0     0 33730.9557    0 4476 32751.0000 33730.9557  2.99%     -  834s
     0     0 33719.1374    0 4151 32751.0000 33719.1374  2.96%     -  869s
     0     0 33711.8717    0 4437 32751.0000 33711.8717  2.93%     -  901s
     0     0 33710.3339    0 4486 32751.0000 33710.3339  2.93%     -  917s
H    0     0                    32761.000000 33709.8953  2.90%     -  926s
     0     0 33709.8953    0 4610 32761.0000 33709.8953  2.90%     -  926s
     0     0 33709.7469    0 4627 32761.0000 33709.7469  2.90%     -  934s
     0     0 33709.6680    0 4575 32761.0000 33709.6680  2.90%     -  938s
     0     0 33709.6314    0 4695 32761.0000 33709.6314  2.90%     -  942s
     0     0 33697.8103    0 4469 32761.0000 33697.8103  2.86%     -  986s
     0     0 33692.6109    0 4678 32761.0000 33692.6109  2.84%     - 1017s
H    0     0                    32771.000000 33691.6532  2.81%     - 1029s
     0     0 33691.6532    0 4517 32771.0000 33691.6532  2.81%     - 1030s
H    0     0                    32781.000000 33691.2696  2.78%     - 1040s
     0     0 33691.2696    0 4713 32781.0000 33691.2696  2.78%     - 1040s
H    0     0                    32791.000000 33691.0738  2.74%     - 1049s
H    0     0                    32801.000000 33691.0738  2.71%     - 1049s
H    0     0                    32811.000000 33691.0738  2.68%     - 1049s
     0     0 33691.0738    0 4741 32811.0000 33691.0738  2.68%     - 1049s
H    0     0                    32821.000000 33691.0432  2.65%     - 1054s
H    0     0                    32831.000000 33691.0432  2.62%     - 1054s
     0     0 33691.0432    0 4792 32831.0000 33691.0432  2.62%     - 1055s
H    0     0                    32841.000000 33678.8026  2.55%     - 1098s
H    0     0                    32851.000000 33678.8026  2.52%     - 1098s
     0     0 33678.8026    0 4352 32851.0000 33678.8026  2.52%     - 1098s
     0     0 33675.4147    0 4852 32851.0000 33675.4147  2.51%     - 1124s
     0     0 33673.8345    0 4603 32851.0000 33673.8345  2.50%     - 1144s
     0     0 33673.3093    0 4819 32851.0000 33673.3093  2.50%     - 1155s
     0     0 33673.2061    0 4914 32851.0000 33673.2061  2.50%     - 1159s
     0     0 33673.1264    0 4942 32851.0000 33673.1264  2.50%     - 1164s
     0     0 33673.0968    0 5015 32851.0000 33673.0968  2.50%     - 1167s
     0     0 33667.6217    0 4504 32851.0000 33667.6217  2.49%     - 1194s
     0     0 33664.9205    0 4827 32851.0000 33664.9205  2.48%     - 1220s
     0     0 33663.9043    0 4808 32851.0000 33663.9043  2.47%     - 1237s
     0     0 33663.5372    0 5053 32851.0000 33663.5372  2.47%     - 1248s
     0     0 33663.3921    0 5124 32851.0000 33663.3921  2.47%     - 1258s
     0     0 33663.3114    0 5087 32851.0000 33663.3114  2.47%     - 1262s
     0     0 33663.2922    0 5057 32851.0000 33663.2922  2.47%     - 1265s
     0     0 33659.3799    0 4567 32851.0000 33659.3799  2.46%     - 1287s
     0     0 33658.2132    0 4729 32851.0000 33658.2132  2.46%     - 1306s
     0     0 33657.3986    0 4889 32851.0000 33657.3986  2.45%     - 1320s
     0     0 33657.1798    0 5045 32851.0000 33657.1798  2.45%     - 1330s
     0     0 33657.0571    0 5035 32851.0000 33657.0571  2.45%     - 1336s
     0     0 33657.0237    0 5025 32851.0000 33657.0237  2.45%     - 1342s
     0     0 33654.7571    0 4782 32851.0000 33654.7571  2.45%     - 1364s
H    0     0                    32861.000000 33653.8695  2.41%     - 1380s
     0     0 33653.8695    0 5113 32861.0000 33653.8695  2.41%     - 1381s
     0     0 33653.5843    0 5186 32861.0000 33653.5843  2.41%     - 1390s
     0     0 33653.4244    0 5154 32861.0000 33653.4244  2.41%     - 1394s
     0     0 33653.3666    0 5146 32861.0000 33653.3666  2.41%     - 1397s
     0     0 33651.2080    0 4872 32861.0000 33651.2080  2.40%     - 1418s
H    0     0                    32881.000000 33651.2080  2.34%     - 1419s
     0     0 33649.4021    0 4857 32881.0000 33649.4021  2.34%     - 1444s
     0     0 33649.0308    0 5112 32881.0000 33649.0308  2.34%     - 1458s
     0     0 33648.8466    0 5333 32881.0000 33648.8466  2.34%     - 1464s
     0     0 33648.8244    0 5308 32881.0000 33648.8244  2.34%     - 1467s
     0     0 33646.2735    0 4960 32881.0000 33646.2735  2.33%     - 1499s
     0     0 33645.4058    0 5125 32881.0000 33645.4058  2.32%     - 1516s
     0     0 33645.0321    0 5085 32881.0000 33645.0321  2.32%     - 1527s
     0     0 33644.8282    0 5295 32881.0000 33644.8282  2.32%     - 1538s
     0     0 33644.7306    0 5229 32881.0000 33644.7306  2.32%     - 1547s
     0     0 33644.6960    0 5247 32881.0000 33644.6960  2.32%     - 1551s
     0     0 33640.5094    0 5031 32881.0000 33640.5094  2.31%     - 1592s
     0     0 33639.1423    0 5311 32881.0000 33639.1423  2.31%     - 1614s
     0     0 33638.7573    0 5050 32881.0000 33638.7573  2.30%     - 1626s
     0     0 33638.6022    0 5330 32881.0000 33638.6022  2.30%     - 1634s
     0     0 33638.5163    0 5383 32881.0000 33638.5163  2.30%     - 1643s
     0     0 33637.0510    0 5150 32881.0000 33637.0510  2.30%     - 1662s
     0     0 33636.5540    0 5172 32881.0000 33636.5540  2.30%     - 1678s
     0     0 33636.3517    0 5316 32881.0000 33636.3517  2.30%     - 1690s
     0     0 33636.1534    0 5386 32881.0000 33636.1534  2.30%     - 1701s
     0     0 33636.0978    0 5448 32881.0000 33636.0978  2.30%     - 1705s
     0     0 33635.0906    0 5257 32881.0000 33635.0906  2.29%     - 1730s
     0     0 33634.8452    0 5099 32881.0000 33634.8452  2.29%     - 1744s
     0     0 33634.8052    0 5235 32881.0000 33634.8052  2.29%     - 1753s
     0     0 33634.3072    0 5392 32881.0000 33634.3072  2.29%     - 1773s
     0     0 33634.3072    0 4314 32881.0000 33634.3072  2.29%     - 1779s
     0     2 33633.7463    0 4221 32881.0000 33633.7463  2.29%     - 1829s
     1     4 33632.7061    1 4206 32881.0000 33633.7463  2.29%  4236 1874s
     3     8 33626.8060    2 4713 32881.0000 33632.6994  2.29%  5821 1966s
     7    16 33613.1080    3 5433 32881.0000 33629.5007  2.28%  9932 2293s
    15    32 33609.4721    4 5739 32881.0000 33625.4242  2.26% 12160 3429s
    16    32 33545.3232    4 5279 32881.0000 33625.4242  2.26% 14075 3448s
    27    32 33576.9145    4 4980 32881.0000 33618.9527  2.24% 19507 3691s

Cutting planes:
  Learned: 1358
  Gomory: 21
  Cover: 17820
  Implied bound: 2030
  Clique: 3245
  MIR: 6146
  StrongCG: 366
  Flow cover: 237
  GUB cover: 1446
  Zero half: 84
  RLT: 1580
  Relax-and-lift: 811
  BQP: 3
  PSD: 1

Explored 31 nodes (1038524 simplex iterations) in 3802.28 seconds (706.05 work units)
Thread count was 32 (of 32 available processors)

Solution count 10: 32881 32861 32851 ... 32781

Time limit reached
Best objective 3.288100000000e+04, best bound 3.361100000000e+04, gap 2.2201%

Wrote result file '2_RCMPSP_63.sol'

