
Gurobi 10.0.3 (linux64, gurobi_cl) logging started Fri Nov  3 09:32:27 2023

Set parameter Username
Set parameter TimeLimit to value 3600
Set parameter LogFile to value "2_RCMPSP_2.log"
Set parameter Threads to value 32
Academic license - for non-commercial use only - expires 2024-10-30
Using license file /home/jrivera6/gurobi-licenses/v1003/compute-0-34/gurobi.lic

Gurobi Optimizer version 10.0.3 build v10.0.3rc0 (linux64)
Copyright (c) 2023, Gurobi Optimization, LLC

Read MPS format model from file 2_RCMPSP_2.mps
Reading time = 0.30 seconds
2_RCMPSP: 24708 rows, 8260 columns, 88116 nonzeros

CPU model: Intel(R) Xeon(R) Gold 6130 CPU @ 2.10GHz, instruction set [SSE2|AVX|AVX2|AVX512]
Thread count: 32 physical cores, 32 logical processors, using up to 32 threads

Optimize a model with 24708 rows, 8260 columns and 88116 nonzeros
Model fingerprint: 0xed2780ed
Variable types: 68 continuous, 8192 integer (8192 binary)
Coefficient statistics:
  Matrix range     [1e+00, 6e+01]
  Objective range  [1e+01, 1e+01]
  Bounds range     [1e+00, 1e+00]
  RHS range        [1e+00, 7e+01]
Presolve removed 10607 rows and 2184 columns
Presolve time: 1.79s
Presolved: 14101 rows, 6076 columns, 54839 nonzeros
Variable types: 62 continuous, 6014 integer (6010 binary)

Root relaxation: objective 1.429100e+04, 2286 iterations, 0.09 seconds (0.04 work units)

    Nodes    |    Current Node    |     Objective Bounds      |     Work
 Expl Unexpl |  Obj  Depth IntInf | Incumbent    BestBd   Gap | It/Node Time

     0     0 14291.0000    0  247          - 14291.0000      -     -    3s
H    0     0                    13291.000000 14291.0000  7.52%     -    3s
H    0     0                    13331.000000 14291.0000  7.20%     -    3s
H    0     0                    13471.000000 14291.0000  6.09%     -    4s
H    0     0                    13561.000000 14291.0000  5.38%     -    4s
     0     0 14291.0000    0  530 13561.0000 14291.0000  5.38%     -    8s
H    0     0                    13581.000000 14291.0000  5.23%     -    8s
H    0     0                    13611.000000 14291.0000  5.00%     -   10s
     0     0 14291.0000    0  510 13611.0000 14291.0000  5.00%     -   10s
H    0     0                    13621.000000 14291.0000  4.92%     -   11s
H    0     0                    13651.000000 14291.0000  4.69%     -   23s
H    0     0                    13671.000000 14291.0000  4.54%     -   23s
H    0     0                    13701.000000 14291.0000  4.31%     -   23s
H    0     0                    13741.000000 14291.0000  4.00%     -   23s
H    0     0                    13751.000000 14291.0000  3.93%     -   23s
H    0     0                    13761.000000 14291.0000  3.85%     -   23s
H    0     0                    13771.000000 14291.0000  3.78%     -   23s
     0     0 14291.0000    0  238 13771.0000 14291.0000  3.78%     -   25s
     0     0 14291.0000    0  310 13771.0000 14291.0000  3.78%     -   27s
H    0     0                    13781.000000 14291.0000  3.70%     -   35s
     0     0 14291.0000    0  263 13781.0000 14291.0000  3.70%     -   37s
     0     0 14291.0000    0  423 13781.0000 14291.0000  3.70%     -   40s
     0     0 14291.0000    0  247 13781.0000 14291.0000  3.70%     -   46s
     0     0 14291.0000    0  386 13781.0000 14291.0000  3.70%     -   46s
     0     0 14291.0000    0  262 13781.0000 14291.0000  3.70%     -   51s
     0     0 14291.0000    0  254 13781.0000 14291.0000  3.70%     -   52s
     0     2 14291.0000    0  223 13781.0000 14291.0000  3.70%     -   68s
     1     4 14291.0000    1  274 13781.0000 14291.0000  3.70%  3152   70s
     3     8 14291.0000    2  462 13781.0000 14291.0000  3.70%  1356   77s
     7    16 14291.0000    3  528 13781.0000 14291.0000  3.70%  1171   84s
    15    30 14291.0000    4  564 13781.0000 14291.0000  3.70%  1064   90s
    31    55 14291.0000    5  562 13781.0000 14291.0000  3.70%   977  109s
    61    82 14291.0000    6  573 13781.0000 14291.0000  3.70%   875  120s
    93   109 14291.0000    7  541 13781.0000 14291.0000  3.70%  1002  527s
H  115   109                    13791.000000 14291.0000  3.63%  1003  527s
   125   134 14291.0000    8  518 13791.0000 14291.0000  3.63%   989  536s
   157   164 14291.0000    9  530 13791.0000 14291.0000  3.63%   874  542s
   189   212 14291.0000   10  516 13791.0000 14291.0000  3.63%   793  560s
   237   261 14291.0000   12  568 13791.0000 14291.0000  3.63%   739  577s
   290   310 14291.0000   14  556 13791.0000 14291.0000  3.63%   703  596s
   342   370 14291.0000   16  535 13791.0000 14291.0000  3.63%   647  602s
   407   511 14291.0000   18  523 13791.0000 14291.0000  3.63%   581  617s
   561   646 14291.0000   20  352 13791.0000 14291.0000  3.63%   502  665s
   705   828 14291.0000   21  368 13791.0000 14291.0000  3.63%   445  704s
   909  1092 14291.0000   24  531 13791.0000 14291.0000  3.63%   390  733s
  1215  1122 14291.0000   27  595 13791.0000 14291.0000  3.63%   341 1645s
  1216  1122 14291.0000   28  468 13791.0000 14291.0000  3.63%   341 1650s
  1218  1122 14271.0000   17  564 13791.0000 14291.0000  3.63%   342 1658s
  1248  1494 14291.0000   27  596 13791.0000 14291.0000  3.63%   350 2147s
  1696  2087 14281.0000   33  565 13791.0000 14291.0000  3.63%   296 2304s
  1767  2087 14290.3396   29  606 13791.0000 14291.0000  3.63%   293 2320s
  2057  2087 13831.0000   56  403 13791.0000 14291.0000  3.63%   273 2327s
  2437  2487 14281.0000   37  590 13791.0000 14291.0000  3.63%   246 2657s
  2969  2890 14281.0000   39  677 13791.0000 14291.0000  3.63%   238 3026s
  3476  3512 14281.0000   42  644 13791.0000 14291.0000  3.63%   240 3893s
  3594  3512 14291.0000   20  346 13791.0000 14291.0000  3.63%   245 3896s
  4207  3512 14291.0000   32  645 13791.0000 14291.0000  3.63%   228 3902s

Cutting planes:
  Gomory: 24
  Cover: 1617
  Implied bound: 569
  Clique: 5
  MIR: 669
  StrongCG: 82
  Zero half: 22
  RLT: 427
  Relax-and-lift: 82

Explored 4315 nodes (1023291 simplex iterations) in 4149.94 seconds (72.80 work units)
Thread count was 32 (of 32 available processors)

Solution count 10: 13791 13781 13771 ... 13621

Time limit reached
Best objective 1.379100000000e+04, best bound 1.429100000000e+04, gap 3.6256%

Wrote result file '2_RCMPSP_2.sol'

