
Gurobi 10.0.3 (linux64, gurobi_cl) logging started Fri Nov 10 22:33:12 2023

Set parameter Username
Set parameter TimeLimit to value 3600
Set parameter LogFile to value "2_RCMPSP_157.log"
Set parameter Threads to value 32
Academic license - for non-commercial use only - expires 2024-10-30
Using license file /home/jrivera6/gurobi-licenses/v1003/compute-0-37/gurobi.lic

Gurobi Optimizer version 10.0.3 build v10.0.3rc0 (linux64)
Copyright (c) 2023, Gurobi Optimization, LLC

Read MPS format model from file 2_RCMPSP_157.mps
Reading time = 0.91 seconds
2_RCMPSP: 615060 rows, 205124 columns, 2034030 nonzeros

CPU model: Intel(R) Xeon(R) Gold 6242 CPU @ 2.80GHz, instruction set [SSE2|AVX|AVX2|AVX512]
Thread count: 32 physical cores, 32 logical processors, using up to 32 threads

Optimize a model with 615060 rows, 205124 columns and 2034030 nonzeros
Model fingerprint: 0x6f95f294
Variable types: 324 continuous, 204800 integer (204800 binary)
Coefficient statistics:
  Matrix range     [1e+00, 2e+02]
  Objective range  [1e+02, 1e+02]
  Bounds range     [1e+00, 1e+00]
  RHS range        [1e+00, 2e+02]
Presolve removed 470277 rows and 140884 columns (presolve time = 5s) ...
Presolve removed 478531 rows and 141083 columns (presolve time = 10s) ...
Presolve removed 478904 rows and 141455 columns
Presolve time: 14.12s
Presolved: 136156 rows, 63669 columns, 467932 nonzeros
Variable types: 221 continuous, 63448 integer (63444 binary)
Found heuristic solution: objective -26943.00000

Deterministic concurrent LP optimizer: primal and dual simplex (primal and dual model)
Showing first log only...

Root relaxation presolved: 135677 rows, 63722 columns, 467097 nonzeros


Root simplex log...

Iteration    Objective       Primal Inf.    Dual Inf.      Time
       0    5.0095000e+04   5.181000e+03   7.522312e+09     25s
   16825    5.0095000e+04   3.433326e+02   1.354558e+09     25s
   24467    5.0095000e+04   3.750000e-01   4.978125e+07     31s
   24523   -2.2738600e+05   0.000000e+00   4.016000e+03     33s
   24932    1.8053217e+03   0.000000e+00   4.246006e+05     36s
   25340    4.2842540e+03   0.000000e+00   5.598828e+05     41s
   25748    5.8228360e+03   0.000000e+00   1.123484e+06     47s
   26156    6.4216667e+03   0.000000e+00   8.832689e+05     53s
   26360    6.7861292e+03   0.000000e+00   3.521522e+05     56s
   26972    9.1554345e+03   0.000000e+00   4.412799e+05     62s
   27380    9.8837077e+03   0.000000e+00   4.992990e+05     67s
   27570    1.0422158e+04   0.000000e+00   5.055522e+05     70s
   27860    1.1380569e+04   0.000000e+00   4.905749e+05     76s
   28100    1.3512638e+04   0.000000e+00   5.268934e+05     81s
   28340    1.4190700e+04   0.000000e+00   3.941135e+05     86s
   28570    1.4583354e+04   0.000000e+00   1.085614e+06     90s
   28920    1.6005942e+04   0.000000e+00   9.421756e+05     97s
   29200    1.6737004e+04   0.000000e+00   4.158212e+05    102s
   29480    1.7017446e+04   0.000000e+00   3.108355e+05    107s
   29760    1.7192258e+04   0.000000e+00   4.492014e+05    113s
   29964    1.8192324e+04   0.000000e+00   3.544166e+06    115s
   30204    1.8830766e+04   0.000000e+00   7.994389e+05    120s
   30514    1.9845314e+04   0.000000e+00   3.080085e+06    127s
   30714    1.9866717e+04   0.000000e+00   7.975053e+05    132s
   30994    2.0599195e+04   0.000000e+00   1.234810e+06    139s
   31174    2.1053260e+04   0.000000e+00   9.536044e+05    144s
   31394    2.1494313e+04   0.000000e+00   1.039826e+06    149s
   31494    2.1895197e+04   0.000000e+00   2.228576e+05    151s
   31754    2.2385351e+04   0.000000e+00   5.236708e+05    156s
   32034    2.2624753e+04   0.000000e+00   3.994885e+05    163s
   32134    2.2669649e+04   0.000000e+00   6.768685e+05    166s
   32414    2.2917503e+04   0.000000e+00   8.552699e+05    172s
   32594    2.3038539e+04   0.000000e+00   3.567028e+05    177s
   32774    2.3305192e+04   0.000000e+00   7.844296e+05    181s
   32974    2.3561925e+04   0.000000e+00   2.599939e+05    186s
   33174    2.3722611e+04   0.000000e+00   1.129199e+06    191s
   33374    2.4024327e+04   0.000000e+00   4.430249e+05    196s
   33594    2.4288499e+04   0.000000e+00   2.341661e+05    201s
   33814    2.4546755e+04   0.000000e+00   1.421211e+06    206s
   34034    2.4618137e+04   0.000000e+00   2.406364e+05    211s
   34274    2.4627878e+04   0.000000e+00   2.741097e+05    217s
   34504    2.4707301e+04   0.000000e+00   6.041632e+05    222s
   34704    2.4800542e+04   0.000000e+00   8.756260e+05    227s
   34924    2.5001622e+04   0.000000e+00   1.522154e+07    233s
   35054    2.5124399e+04   0.000000e+00   2.217008e+06    236s
   35314    2.5260203e+04   0.000000e+00   2.837558e+05    242s
   35554    2.5525363e+04   0.000000e+00   3.619813e+05    247s
   35674    2.5752291e+04   0.000000e+00   7.602529e+05    250s
   35904    2.6232611e+04   0.000000e+00   1.343342e+06    256s
   36144    2.6619255e+04   0.000000e+00   1.075954e+06    261s
   36364    2.6851327e+04   0.000000e+00   2.784780e+05    267s
   36524    2.6941405e+04   0.000000e+00   5.314684e+05    270s
   36804    2.7192370e+04   0.000000e+00   1.097728e+06    277s
   37094    2.7514446e+04   0.000000e+00   9.815743e+05    283s
   37254    2.7639132e+04   0.000000e+00   9.275486e+05    287s
   37544    2.7901489e+04   0.000000e+00   9.799427e+05    293s
   37694    2.8035589e+04   0.000000e+00   3.662912e+05    296s
   37974    2.8257884e+04   0.000000e+00   9.195805e+05    302s
   38234    2.8376520e+04   0.000000e+00   4.905889e+05    308s
   38344    2.8438650e+04   0.000000e+00   2.182773e+05    311s
   38574    2.8634417e+04   0.000000e+00   3.509219e+05    316s
   38734    2.8770969e+04   0.000000e+00   8.425868e+05    320s
   39044    2.9039593e+04   0.000000e+00   2.221018e+05    327s
   39214    2.9102354e+04   0.000000e+00   1.999952e+05    330s
   39544    2.9272513e+04   0.000000e+00   1.408434e+06    338s
   39714    2.9389697e+04   0.000000e+00   2.070029e+05    342s
   39844    2.9526587e+04   0.000000e+00   3.804470e+05    345s
   40094    2.9663396e+04   0.000000e+00   1.113436e+06    352s
   40214    2.9785226e+04   0.000000e+00   3.920619e+05    355s
   40444    2.9839692e+04   0.000000e+00   3.921263e+06    362s
   40554    2.9879419e+04   0.000000e+00   1.328255e+06    365s
   40794    2.9987477e+04   0.000000e+00   3.214207e+05    372s
   40914    3.0017362e+04   0.000000e+00   2.129423e+05    375s
   41154    3.0084996e+04   0.000000e+00   1.291100e+06    382s
   41274    3.0149092e+04   0.000000e+00   5.182903e+05    385s
Concurrent spin time: 89.14s

Solved with primal simplex (dual model)

Root relaxation: objective 3.794274e+04, 81908 iterations, 456.14 seconds (51.09 work units)
Total elapsed time = 475.17s
Total elapsed time = 646.54s
Total elapsed time = 664.02s
Total elapsed time = 678.98s
Total elapsed time = 690.64s

    Nodes    |    Current Node    |     Objective Bounds      |     Work
 Expl Unexpl |  Obj  Depth IntInf | Incumbent    BestBd   Gap | It/Node Time

     0     0 37942.7447    0 8402 -26943.000 37942.7447   241%     -  711s
H    0     0                    -2437.000000 37942.7447  1657%     -  712s
H    0     0                    2101.0000000 37942.7447  1706%     -  712s
     0     0 36237.1281    0 10816 2101.00000 36237.1281  1625%     - 1173s
H    0     0                    4266.0000000 36237.1281   749%     - 1176s
     0     0 35936.9903    0 12541 4266.00000 35936.9903   742%     - 1712s
     0     0 35823.8869    0 13026 4266.00000 35823.8869   740%     - 1932s
     0     0 35812.3138    0 12855 4266.00000 35812.3138   739%     - 1976s
     0     0 35811.2114    0 12822 4266.00000 35811.2114   739%     - 1992s
     0     0 35810.8717    0 12981 4266.00000 35810.8717   739%     - 2000s
     0     0 35810.8465    0 12903 4266.00000 35810.8465   739%     - 2004s
     0     0 34688.2534    0 14002 4266.00000 34688.2534   713%     - 2552s
     0     0 34688.2534    0 13984 4266.00000 34688.2534   713%     - 2552s
     0     0 33799.3305    0 14527 4266.00000 33799.3305   692%     - 3627s

Cutting planes:
  Learned: 790
  Gomory: 74
  Cover: 5039
  Implied bound: 691
  Clique: 5529
  MIR: 1800
  StrongCG: 184
  Flow cover: 110
  GUB cover: 225
  Zero half: 3
  RLT: 1632
  Relax-and-lift: 701

Explored 1 nodes (457062 simplex iterations) in 3816.55 seconds (1065.11 work units)
Thread count was 32 (of 32 available processors)

Solution count 4: 4266 2101 -2437 -26943 

Time limit reached
Best objective 4.266000000000e+03, best bound 3.379900000000e+04, gap 692.2879%

Wrote result file '2_RCMPSP_157.sol'

