
Gurobi 10.0.3 (linux64, gurobi_cl) logging started Fri Nov 10 22:32:59 2023

Set parameter Username
Set parameter TimeLimit to value 3600
Set parameter LogFile to value "2_RCMPSP_154.log"
Set parameter Threads to value 32
Academic license - for non-commercial use only - expires 2024-10-30
Using license file /home/jrivera6/gurobi-licenses/v1003/compute-0-37/gurobi.lic

Gurobi Optimizer version 10.0.3 build v10.0.3rc0 (linux64)
Copyright (c) 2023, Gurobi Optimization, LLC

Read MPS format model from file 2_RCMPSP_154.mps
Reading time = 0.89 seconds
2_RCMPSP: 615060 rows, 205124 columns, 2034030 nonzeros

CPU model: Intel(R) Xeon(R) Gold 6242 CPU @ 2.80GHz, instruction set [SSE2|AVX|AVX2|AVX512]
Thread count: 32 physical cores, 32 logical processors, using up to 32 threads

Optimize a model with 615060 rows, 205124 columns and 2034030 nonzeros
Model fingerprint: 0xec551579
Variable types: 324 continuous, 204800 integer (204800 binary)
Coefficient statistics:
  Matrix range     [1e+00, 4e+02]
  Objective range  [1e+01, 1e+01]
  Bounds range     [1e+00, 1e+00]
  RHS range        [1e+00, 4e+02]
Presolve removed 473494 rows and 140884 columns (presolve time = 5s) ...
Presolve removed 478904 rows and 141455 columns (presolve time = 10s) ...
Presolve removed 478904 rows and 141455 columns
Presolve time: 11.75s
Presolved: 136156 rows, 63669 columns, 467932 nonzeros
Variable types: 221 continuous, 63448 integer (63444 binary)
Found heuristic solution: objective 44025.000000

Deterministic concurrent LP optimizer: primal and dual simplex (primal and dual model)
Showing first log only...

Root relaxation presolved: 135677 rows, 63722 columns, 467097 nonzeros


Root simplex log...

Iteration    Objective       Primal Inf.    Dual Inf.      Time
       0    5.0095000e+04   5.160125e+03   7.500531e+09     22s
   19477    2.8255000e+04   0.000000e+00   3.200000e+02     24s
   19887    4.6267707e+04   0.000000e+00   3.053955e+04     26s
   20499    4.6377716e+04   0.000000e+00   4.036468e+04     31s
   21111    4.6693895e+04   0.000000e+00   1.270336e+04     36s
   21723    4.6959916e+04   0.000000e+00   1.630625e+04     40s
   22131    4.7064099e+04   0.000000e+00   6.662393e+04     45s
   22947    4.7176138e+04   0.000000e+00   1.800387e+05     52s
   23355    4.7211307e+04   0.000000e+00   7.965553e+04     57s
   23967    4.7301763e+04   0.000000e+00   4.688340e+04     62s
   24317    4.7363093e+04   0.000000e+00   2.373354e+05     68s
   24521    4.7405288e+04   0.000000e+00   4.846651e+04     71s
   24929    4.7471886e+04   0.000000e+00   7.127825e+04     77s
   25119    4.7540800e+04   0.000000e+00   8.298267e+04     80s
   25503    4.7628421e+04   0.000000e+00   6.424663e+05     86s
   25847    4.7701207e+04   0.000000e+00   1.090370e+05     92s
   26107    4.7728682e+04   0.000000e+00   1.436434e+05     97s
   26237    4.7751427e+04   0.000000e+00   3.611233e+04    100s
   26477    4.7786452e+04   0.000000e+00   4.757394e+05    105s
   26727    4.7807058e+04   0.000000e+00   1.095302e+05    110s
   27117    4.7855310e+04   0.000000e+00   8.404760e+04    118s
   27247    4.7865176e+04   0.000000e+00   1.173967e+05    120s
   27487    4.7893922e+04   0.000000e+00   2.505565e+05    126s
   27737    4.7915631e+04   0.000000e+00   7.515593e+05    132s
   27877    4.7926178e+04   0.000000e+00   7.007260e+04    135s
   28137    4.7944510e+04   0.000000e+00   2.876070e+04    141s
   28407    4.7953213e+04   0.000000e+00   3.317945e+04    147s
   28537    4.7958195e+04   0.000000e+00   1.551876e+05    151s
   28797    4.7970636e+04   0.000000e+00   2.049518e+05    157s
   28927    4.7979179e+04   0.000000e+00   5.001423e+04    160s
   29177    4.7994644e+04   0.000000e+00   4.917617e+04    167s
   29317    4.8000996e+04   0.000000e+00   2.728755e+04    170s
   29577    4.8015357e+04   0.000000e+00   2.674043e+05    176s
   29727    4.8024288e+04   0.000000e+00   3.941073e+04    180s
   30037    4.8046443e+04   0.000000e+00   5.238532e+04    188s
   30157    4.8053492e+04   0.000000e+00   1.892631e+05    192s
   30277    4.8070115e+04   0.000000e+00   3.675456e+05    195s
   30517    4.8091084e+04   0.000000e+00   1.753247e+05    202s
   30627    4.8096335e+04   0.000000e+00   5.396871e+04    205s
   30847    4.8113474e+04   0.000000e+00   2.738586e+06    212s
   30957    4.8119847e+04   0.000000e+00   2.332464e+05    215s
   31177    4.8129039e+04   0.000000e+00   2.806390e+04    222s
   31387    4.8132633e+04   0.000000e+00   9.934514e+04    228s
   31487    4.8138534e+04   0.000000e+00   2.001926e+05    231s
   31707    4.8145641e+04   0.000000e+00   4.527984e+04    238s
   31807    4.8149550e+04   0.000000e+00   7.217515e+04    241s
   32007    4.8154608e+04   0.000000e+00   1.792080e+05    247s
   32197    4.8168750e+04   0.000000e+00   3.330176e+05    252s
   32297    4.8171833e+04   0.000000e+00   4.183766e+04    255s
   32497    4.8177363e+04   0.000000e+00   4.412075e+04    261s
   32707    4.8190672e+04   0.000000e+00   3.226749e+04    267s
   32907    4.8200469e+04   0.000000e+00   1.965852e+04    273s
   33107    4.8206197e+04   0.000000e+00   7.027270e+04    278s
   33317    4.8213679e+04   0.000000e+00   1.305769e+05    284s
   33427    4.8219253e+04   0.000000e+00   2.072925e+04    287s
   33627    4.8222752e+04   0.000000e+00   2.779008e+04    293s
   33727    4.8225528e+04   0.000000e+00   3.182374e+04    295s
   33927    4.8233344e+04   0.000000e+00   3.889247e+04    301s
   34127    4.8245062e+04   0.000000e+00   2.287766e+04    307s
   34347    4.8256705e+04   0.000000e+00   3.447923e+05    313s
   34467    4.8264657e+04   0.000000e+00   2.331217e+05    316s
   34717    4.8281111e+04   0.000000e+00   2.010133e+05    323s
   34847    4.8286662e+04   0.000000e+00   1.845412e+05    327s
   34987    4.8290098e+04   0.000000e+00   5.828326e+04    330s
   35187    4.8295306e+04   0.000000e+00   7.358330e+04    336s
   35387    4.8303213e+04   0.000000e+00   2.608751e+04    342s
   35487    4.8308229e+04   0.000000e+00   7.518370e+04    345s
   35687    4.8315312e+04   0.000000e+00   4.841610e+04    351s
   35897    4.8321366e+04   0.000000e+00   2.688077e+05    358s
   36017    4.8329407e+04   0.000000e+00   1.497879e+05    361s
   36237    4.8341120e+04   0.000000e+00   3.547639e+04    368s
   36357    4.8346432e+04   0.000000e+00   6.597702e+04    371s
   36577    4.8352934e+04   0.000000e+00   5.357985e+04    377s
   36687    4.8356483e+04   0.000000e+00   2.467387e+05    381s
   36917    4.8365890e+04   0.000000e+00   1.571835e+05    387s
   37057    4.8370978e+04   0.000000e+00   5.601906e+04    391s
   37307    4.8375694e+04   0.000000e+00   5.144471e+04    397s
Concurrent spin time: 90.69s

Solved with primal simplex (dual model)

Root relaxation: objective 4.913596e+04, 81474 iterations, 474.62 seconds (50.65 work units)
Total elapsed time = 653.92s
Total elapsed time = 670.57s
Total elapsed time = 689.14s
Total elapsed time = 702.78s

    Nodes    |    Current Node    |     Objective Bounds      |     Work
 Expl Unexpl |  Obj  Depth IntInf | Incumbent    BestBd   Gap | It/Node Time

     0     0 49135.9602    0 8126 44025.0000 49135.9602  11.6%     -  722s
H    0     0                    45845.000000 49135.9602  7.18%     -  723s
H    0     0                    45855.000000 49135.9602  7.16%     -  723s
H    0     0                    45875.000000 49135.9602  7.11%     -  724s
     0     0 49032.5677    0 10347 45875.0000 49032.5677  6.88%     - 1002s
H    0     0                    46305.000000 49032.5677  5.89%     - 1004s
H    0     0                    46415.000000 49032.5677  5.64%     - 1006s
     0     0 48971.7847    0 12145 46415.0000 48971.7847  5.51%     - 1445s
     0     0 48964.7581    0 12556 46415.0000 48964.7581  5.49%     - 1620s
     0     0 48964.3693    0 12724 46415.0000 48964.3693  5.49%     - 1677s
     0     0 48964.2838    0 12763 46415.0000 48964.2838  5.49%     - 1699s
     0     0 48964.2767    0 12808 46415.0000 48964.2767  5.49%     - 1713s
     0     0 48900.6587    0 13851 46415.0000 48900.6587  5.36%     - 2643s
H    0     0                    46455.000000 48900.6587  5.26%     - 2720s
     0     0 48832.7568    0 14368 46455.0000 48832.7568  5.12%     - 3045s
     0     0 48804.9337    0 14810 46455.0000 48804.9337  5.06%     - 3239s
     0     0 48798.5817    0 15062 46455.0000 48798.5817  5.04%     - 3373s
     0     0 48798.5817    0 15056 46455.0000 48798.5817  5.04%     - 3373s
     0     0 48796.1534    0 14716 46455.0000 48796.1534  5.04%     - 3411s
     0     0 48795.6222    0 15107 46455.0000 48795.6222  5.04%     - 3425s
     0     0 48795.4524    0 15058 46455.0000 48795.4524  5.04%     - 3438s
     0     0 48795.4018    0 15194 46455.0000 48795.4018  5.04%     - 3443s

Cutting planes:
  Learned: 878
  Gomory: 83
  Cover: 11241
  Implied bound: 859
  Clique: 4213
  MIR: 1102
  StrongCG: 94
  Flow cover: 76
  GUB cover: 157
  Zero half: 1
  RLT: 1070
  Relax-and-lift: 537

Explored 1 nodes (576574 simplex iterations) in 3851.73 seconds (1502.99 work units)
Thread count was 32 (of 32 available processors)

Solution count 7: 46455 46415 46305 ... 44025

Time limit reached
Best objective 4.645500000000e+04, best bound 4.879500000000e+04, gap 5.0371%

Wrote result file '2_RCMPSP_154.sol'

