
Gurobi 10.0.3 (linux64, gurobi_cl) logging started Fri Nov  3 09:31:45 2023

Set parameter Username
Set parameter TimeLimit to value 3600
Set parameter LogFile to value "2_RCMPSP_106.log"
Set parameter Threads to value 32
Academic license - for non-commercial use only - expires 2024-10-30
Using license file /home/jrivera6/gurobi-licenses/v1003/compute-0-37/gurobi.lic

Gurobi Optimizer version 10.0.3 build v10.0.3rc0 (linux64)
Copyright (c) 2023, Gurobi Optimization, LLC

Read MPS format model from file 2_RCMPSP_106.mps
Reading time = 0.67 seconds
2_RCMPSP: 153930 rows, 51364 columns, 554320 nonzeros

CPU model: Intel(R) Xeon(R) Gold 6242 CPU @ 2.80GHz, instruction set [SSE2|AVX|AVX2|AVX512]
Thread count: 32 physical cores, 32 logical processors, using up to 32 threads

Optimize a model with 153930 rows, 51364 columns and 554320 nonzeros
Model fingerprint: 0x6b31a727
Variable types: 164 continuous, 51200 integer (51200 binary)
Coefficient statistics:
  Matrix range     [1e+00, 6e+01]
  Objective range  [6e+01, 6e+01]
  Bounds range     [1e+00, 1e+00]
  RHS range        [1e+00, 1e+02]
Presolve removed 91274 rows and 23220 columns (presolve time = 6s) ...
Presolve removed 91274 rows and 23220 columns (presolve time = 10s) ...
Presolve removed 91274 rows and 23220 columns (presolve time = 19s) ...
Presolve removed 92605 rows and 23999 columns (presolve time = 21s) ...
Presolve removed 92605 rows and 23999 columns (presolve time = 26s) ...
Presolve removed 92607 rows and 24001 columns
Presolve time: 29.75s
Presolved: 61323 rows, 27363 columns, 242801 nonzeros
Variable types: 144 continuous, 27219 integer (27215 binary)
Found heuristic solution: objective 6361.0000000

Deterministic concurrent LP optimizer: primal and dual simplex (primal and dual model)
Showing first log only...

Root relaxation presolved: 61311 rows, 27367 columns, 242781 nonzeros


Root simplex log...

Iteration    Objective       Primal Inf.    Dual Inf.      Time
       0    3.6331000e+04   2.914250e+03   3.723906e+09     34s
    8022   -8.1696000e+04   0.000000e+00   1.824000e+03     35s
    9548    2.1334675e+04   0.000000e+00   1.659589e+05     40s
   10778    2.4923367e+04   0.000000e+00   1.775462e+05     45s
   11728    2.7251324e+04   0.000000e+00   1.450336e+05     50s
   12708    2.8745350e+04   0.000000e+00   8.371160e+04     55s
Concurrent spin time: 14.08s

Solved with primal simplex (dual model)

Root relaxation: objective 3.521854e+04, 33249 iterations, 41.24 seconds (7.47 work units)
Total elapsed time = 80.38s
Total elapsed time = 85.83s

    Nodes    |    Current Node    |     Objective Bounds      |     Work
 Expl Unexpl |  Obj  Depth IntInf | Incumbent    BestBd   Gap | It/Node Time

     0     0 35218.5396    0 4163 6361.00000 35218.5396   454%     -  101s
H    0     0                    11145.000000 35218.5396   216%     -  104s
H    0     0                    13137.000000 34221.7561   160%     -  185s
     0     0 34221.7561    0 5435 13137.0000 34221.7561   160%     -  203s
H    0     0                    14558.000000 34221.7561   135%     -  205s
H    0     0                    17018.000000 34221.7561   101%     -  209s
     0     0 33587.8593    0 5799 17018.0000 33587.8593  97.4%     -  317s
     0     0 33529.6177    0 5788 17018.0000 33529.6177  97.0%     -  359s
     0     0 33527.6365    0 5723 17018.0000 33527.6365  97.0%     -  366s
     0     0 33527.1976    0 5686 17018.0000 33527.1976  97.0%     -  370s
     0     0 33527.1758    0 5676 17018.0000 33527.1758  97.0%     -  371s
     0     0 32135.0258    0 5865 17018.0000 32135.0258  88.8%     -  548s
     0     0 31973.5922    0 6270 17018.0000 31973.5922  87.9%     -  686s
     0     0 31916.4164    0 6152 17018.0000 31916.4164  87.5%     -  737s
     0     0 31905.2472    0 6242 17018.0000 31905.2472  87.5%     -  752s
     0     0 31903.2586    0 6266 17018.0000 31903.2586  87.5%     -  759s
     0     0 31902.7219    0 6376 17018.0000 31902.7219  87.5%     -  762s
     0     0 31646.6496    0 6313 17018.0000 31646.6496  86.0%     -  929s
H    0     0                    17642.000000 31646.6496  79.4%     -  934s
     0     0 31508.4066    0 6644 17642.0000 31508.4066  78.6%     - 1076s
     0     0 31488.5331    0 6842 17642.0000 31488.5331  78.5%     - 1163s
H    0     0                    18778.000000 31484.9469  67.7%     - 1190s
     0     0 31484.9469    0 6943 18778.0000 31484.9469  67.7%     - 1190s
     0     0 31483.0733    0 6904 18778.0000 31483.0733  67.7%     - 1206s
     0     0 31482.5125    0 6994 18778.0000 31482.5125  67.7%     - 1211s
H    0     0                    19237.000000 31392.6055  63.2%     - 1326s
     0     0 31392.6055    0 7125 19237.0000 31392.6055  63.2%     - 1327s
H    0     0                    19578.000000 31355.5020  60.2%     - 1372s
     0     0 31355.5020    0 7241 19578.0000 31355.5020  60.2%     - 1373s
     0     0 31347.0532    0 7317 19578.0000 31347.0532  60.1%     - 1387s
     0     0 31345.3963    0 7331 19578.0000 31345.3963  60.1%     - 1396s
     0     0 31344.9108    0 7380 19578.0000 31344.9108  60.1%     - 1406s
H    0     0                    20091.000000 31293.3936  55.8%     - 1478s
H    0     0                    20438.000000 31293.3936  53.1%     - 1485s
H    0     0                    20551.000000 31293.3936  52.3%     - 1485s
H    0     0                    20608.000000 31293.3936  51.9%     - 1485s
H    0     0                    20665.000000 31293.3936  51.4%     - 1511s
     0     0 31293.3936    0 7367 20665.0000 31293.3936  51.4%     - 1512s
H    0     0                    20777.000000 31275.8555  50.5%     - 1582s
H    0     0                    20833.000000 31275.8555  50.1%     - 1582s
H    0     0                    21174.000000 31275.8555  47.7%     - 1582s
     0     0 31275.8555    0 7320 21174.0000 31275.8555  47.7%     - 1583s
H    0     0                    21232.000000 31268.2752  47.3%     - 1622s
H    0     0                    21402.000000 31268.2752  46.1%     - 1622s
H    0     0                    21457.000000 31268.2752  45.7%     - 1622s
H    0     0                    21513.000000 31268.2752  45.3%     - 1622s
     0     0 31268.2752    0 7428 21513.0000 31268.2752  45.3%     - 1623s
     0     0 31266.7513    0 7530 21513.0000 31266.7513  45.3%     - 1640s
     0     0 31266.1266    0 7537 21513.0000 31266.1266  45.3%     - 1652s
H    0     0                    21569.000000 31228.9612  44.8%     - 1743s
     0     0 31228.9612    0 7361 21569.0000 31228.9612  44.8%     - 1745s
     0     0 31220.8365    0 7694 21569.0000 31220.8365  44.7%     - 1864s
     0     0 31217.2290    0 7786 21569.0000 31217.2290  44.7%     - 2096s
     0     0 31216.0989    0 7886 21569.0000 31216.0989  44.7%     - 2106s
     0     0 31215.6171    0 7909 21569.0000 31215.6171  44.7%     - 2112s
     0     0 31192.8233    0 7796 21569.0000 31192.8233  44.6%     - 2169s
     0     0 31184.6178    0 7868 21569.0000 31184.6178  44.6%     - 2197s
     0     0 31183.0707    0 7985 21569.0000 31183.0707  44.6%     - 2206s
     0     0 31182.0081    0 8003 21569.0000 31182.0081  44.6%     - 2235s
     0     0 31161.1414    0 8047 21569.0000 31161.1414  44.5%     - 2315s
     0     0 31156.7645    0 8129 21569.0000 31156.7645  44.5%     - 2340s
     0     0 31155.8899    0 8216 21569.0000 31155.8899  44.4%     - 2352s
     0     0 31146.3003    0 8162 21569.0000 31146.3003  44.4%     - 2402s
     0     0 31143.8975    0 8263 21569.0000 31143.8975  44.4%     - 2424s
     0     0 31143.6822    0 8309 21569.0000 31143.6822  44.4%     - 2433s
     0     0 31132.2331    0 8115 21569.0000 31132.2331  44.3%     - 2474s
     0     0 31130.0687    0 8348 21569.0000 31130.0687  44.3%     - 2499s
     0     0 31129.6355    0 8356 21569.0000 31129.6355  44.3%     - 2509s
     0     0 31123.6398    0 8175 21569.0000 31123.6398  44.3%     - 2550s
     0     0 31120.6561    0 8284 21569.0000 31120.6561  44.3%     - 2576s
     0     0 31118.8155    0 8270 21569.0000 31118.8155  44.3%     - 2617s
     0     0 31117.9609    0 8305 21569.0000 31117.9609  44.3%     - 2630s
     0     0 31111.9007    0 8170 21569.0000 31111.9007  44.2%     - 2673s
     0     0 31111.9007    0 6602 21569.0000 31111.9007  44.2%     - 3216s
     0     2 31110.9845    0 6502 21569.0000 31110.9845  44.2%     - 3799s

Cutting planes:
  Learned: 153
  Gomory: 6
  Cover: 1944
  Implied bound: 29
  Clique: 1935
  MIR: 620
  StrongCG: 71
  Flow cover: 29
  GUB cover: 421
  Zero half: 57
  RLT: 74
  Relax-and-lift: 118

Explored 1 nodes (419737 simplex iterations) in 4245.58 seconds (837.42 work units)
Thread count was 32 (of 32 available processors)

Solution count 10: 21569 21513 21457 ... 20608

Time limit reached
Best objective 2.156900000000e+04, best bound 3.111000000000e+04, gap 44.2348%

Wrote result file '2_RCMPSP_106.sol'

