
Gurobi 10.0.3 (linux64, gurobi_cl) logging started Fri Nov  3 09:32:27 2023

Set parameter Username
Set parameter TimeLimit to value 3600
Set parameter LogFile to value "2_RCMPSP_11.log"
Set parameter Threads to value 32
Academic license - for non-commercial use only - expires 2024-10-30
Using license file /home/jrivera6/gurobi-licenses/v1003/compute-0-34/gurobi.lic

Gurobi Optimizer version 10.0.3 build v10.0.3rc0 (linux64)
Copyright (c) 2023, Gurobi Optimization, LLC

Read MPS format model from file 2_RCMPSP_11.mps
Reading time = 0.46 seconds
2_RCMPSP: 55494 rows, 18532 columns, 198990 nonzeros

CPU model: Intel(R) Xeon(R) Gold 6130 CPU @ 2.10GHz, instruction set [SSE2|AVX|AVX2|AVX512]
Thread count: 32 physical cores, 32 logical processors, using up to 32 threads

Optimize a model with 55494 rows, 18532 columns and 198990 nonzeros
Model fingerprint: 0xb6323176
Variable types: 100 continuous, 18432 integer (18432 binary)
Coefficient statistics:
  Matrix range     [1e+00, 4e+01]
  Objective range  [1e+01, 1e+01]
  Bounds range     [1e+00, 1e+00]
  RHS range        [1e+00, 8e+01]
Presolve removed 33026 rows and 8527 columns
Presolve time: 2.91s
Presolved: 22468 rows, 10005 columns, 88157 nonzeros
Variable types: 84 continuous, 9921 integer (9917 binary)
Found heuristic solution: objective 18604.000000

Root relaxation: objective 2.192465e+04, 5633 iterations, 0.68 seconds (0.83 work units)
Total elapsed time = 5.30s

    Nodes    |    Current Node    |     Objective Bounds      |     Work
 Expl Unexpl |  Obj  Depth IntInf | Incumbent    BestBd   Gap | It/Node Time

     0     0 21924.6505    0 1432 18604.0000 21924.6505  17.8%     -   11s
H    0     0                    19924.000000 21924.6505  10.0%     -   12s
H    0     0                    19984.000000 21924.6505  9.71%     -   13s
H    0     0                    20024.000000 21912.4953  9.43%     -   37s
     0     0 21874.0000    0 2196 20024.0000 21874.0000  9.24%     -   40s
H    0     0                    20094.000000 21874.0000  8.86%     -   41s
     0     0 21857.6492    0 2428 20094.0000 21857.6492  8.78%     -   51s
     0     0 21840.0079    0 2463 20094.0000 21840.0079  8.69%     -   57s
     0     0 21836.7844    0 2456 20094.0000 21836.7844  8.67%     -   60s
     0     0 21836.0639    0 2430 20094.0000 21836.0639  8.67%     -   61s
     0     0 21835.9773    0 2456 20094.0000 21835.9773  8.67%     -   62s
     0     0 21835.9301    0 2450 20094.0000 21835.9301  8.67%     -   62s
     0     0 21835.8832    0 2473 20094.0000 21835.8832  8.67%     -   63s
     0     0 21835.8667    0 2496 20094.0000 21835.8667  8.67%     -   63s
     0     0 21835.8632    0 2468 20094.0000 21835.8632  8.67%     -   63s
     0     0 21835.8593    0 2485 20094.0000 21835.8593  8.67%     -   64s
     0     0 21835.8592    0 2472 20094.0000 21835.8592  8.67%     -   64s
H    0     0                    20114.000000 21733.6019  8.05%     -   83s
     0     0 21733.6019    0 2564 20114.0000 21733.6019  8.05%     -   83s
H    0     0                    20144.000000 21693.7284  7.69%     -  100s
H    0     0                    20194.000000 21693.7284  7.43%     -  100s
H    0     0                    20224.000000 21693.7284  7.27%     -  100s
H    0     0                    20274.000000 21693.7284  7.00%     -  100s
     0     0 21693.7284    0 2557 20274.0000 21693.7284  7.00%     -  100s
     0     0 21688.9627    0 2732 20274.0000 21688.9627  6.98%     -  107s
H    0     0                    20284.000000 21687.7377  6.92%     -  110s
     0     0 21687.7377    0 2711 20284.0000 21687.7377  6.92%     -  110s
     0     0 21687.1568    0 2746 20284.0000 21687.1568  6.92%     -  113s
     0     0 21686.9452    0 2744 20284.0000 21686.9452  6.92%     -  114s
     0     0 21686.8300    0 2759 20284.0000 21686.8300  6.92%     -  115s
     0     0 21686.7141    0 2773 20284.0000 21686.7141  6.92%     -  116s
     0     0 21686.6772    0 2741 20284.0000 21686.6772  6.92%     -  117s
     0     0 21652.1370    0 2703 20284.0000 21652.1370  6.74%     -  141s
     0     0 21641.0407    0 2926 20284.0000 21641.0407  6.69%     -  156s
     0     0 21638.6821    0 2869 20284.0000 21638.6821  6.68%     -  163s
     0     0 21637.7118    0 2860 20284.0000 21637.7118  6.67%     -  168s
     0     0 21637.3078    0 2892 20284.0000 21637.3078  6.67%     -  170s
     0     0 21637.0774    0 2854 20284.0000 21637.0774  6.67%     -  173s
     0     0 21636.9423    0 2909 20284.0000 21636.9423  6.67%     -  176s
     0     0 21636.9038    0 2911 20284.0000 21636.9038  6.67%     -  177s
     0     0 21623.6467    0 2873 20284.0000 21623.6467  6.60%     -  196s
H    0     0                    20294.000000 21617.2028  6.52%     -  208s
     0     0 21617.2028    0 2973 20294.0000 21617.2028  6.52%     -  208s
     0     0 21615.4869    0 2877 20294.0000 21615.4869  6.51%     -  214s
     0     0 21614.9734    0 2974 20294.0000 21614.9734  6.51%     -  217s
     0     0 21614.8049    0 2954 20294.0000 21614.8049  6.51%     -  219s
     0     0 21614.7145    0 3001 20294.0000 21614.7145  6.51%     -  220s
     0     0 21614.6527    0 2966 20294.0000 21614.6527  6.51%     -  221s
     0     0 21609.5112    0 2910 20294.0000 21609.5112  6.48%     -  233s
H    0     0                    20304.000000 21609.5112  6.43%     -  234s
     0     0 21607.3406    0 2932 20304.0000 21607.3406  6.42%     -  240s
     0     0 21606.9596    0 3076 20304.0000 21606.9596  6.42%     -  244s
     0     0 21606.7985    0 3095 20304.0000 21606.7985  6.42%     -  246s
     0     0 21606.7498    0 3134 20304.0000 21606.7498  6.42%     -  248s
H    0     0                    20314.000000 21604.8437  6.35%     -  257s
     0     0 21604.8437    0 3044 20314.0000 21604.8437  6.35%     -  257s
     0     0 21604.1410    0 3130 20314.0000 21604.1410  6.35%     -  262s
     0     0 21603.9884    0 3176 20314.0000 21603.9884  6.35%     -  264s
     0     0 21603.9145    0 3144 20314.0000 21603.9145  6.35%     -  266s
     0     0 21602.0354    0 3069 20314.0000 21602.0354  6.34%     -  276s
H    0     0                    20334.000000 21602.0354  6.24%     -  277s
H    0     0                    20374.000000 21600.4785  6.02%     -  282s
     0     0 21600.4785    0 3050 20374.0000 21600.4785  6.02%     -  283s
H    0     0                    20384.000000 21599.8468  5.96%     -  286s
     0     0 21599.8468    0 3102 20384.0000 21599.8468  5.96%     -  286s
     0     0 21599.7345    0 3121 20384.0000 21599.7345  5.96%     -  289s
H    0     0                    20404.000000 21599.6862  5.86%     -  291s
     0     0 21599.6862    0 3152 20404.0000 21599.6862  5.86%     -  291s
H    0     0                    20414.000000 21598.0996  5.80%     -  298s
H    0     0                    20424.000000 21598.0996  5.75%     -  298s
     0     0 21598.0996    0 3100 20424.0000 21598.0996  5.75%     -  298s
     0     0 21597.2392    0 3177 20424.0000 21597.2392  5.74%     -  304s
     0     0 21596.9209    0 3197 20424.0000 21596.9209  5.74%     -  307s
     0     0 21596.8624    0 3217 20424.0000 21596.8624  5.74%     -  308s
     0     0 21594.0199    0 3009 20424.0000 21594.0199  5.73%     -  322s
     0     0 21593.3266    0 3204 20424.0000 21593.3266  5.73%     -  327s
     0     0 21593.0396    0 3184 20424.0000 21593.0396  5.72%     -  329s
     0     0 21592.8731    0 3254 20424.0000 21592.8731  5.72%     -  332s
     0     0 21592.8360    0 3223 20424.0000 21592.8360  5.72%     -  333s
     0     0 21590.8630    0 3104 20424.0000 21590.8630  5.71%     -  340s
     0     0 21589.9304    0 3238 20424.0000 21589.9304  5.71%     -  343s
     0     0 21589.6161    0 3216 20424.0000 21589.6161  5.71%     -  346s
     0     0 21589.4614    0 3254 20424.0000 21589.4614  5.71%     -  348s
     0     0 21589.3211    0 3242 20424.0000 21589.3211  5.71%     -  350s
     0     0 21589.3116    0 3260 20424.0000 21589.3116  5.71%     -  351s
     0     0 21588.4002    0 3271 20424.0000 21588.4002  5.70%     -  356s
     0     0 21588.1981    0 3270 20424.0000 21588.1981  5.70%     -  359s
     0     0 21588.1049    0 3283 20424.0000 21588.1049  5.70%     -  360s
     0     0 21586.4959    0 3153 20424.0000 21586.4959  5.69%     -  366s
     0     0 21586.1991    0 3281 20424.0000 21586.1991  5.69%     -  369s
     0     0 21586.1328    0 3301 20424.0000 21586.1328  5.69%     -  371s
     0     0 21585.6924    0 3317 20424.0000 21585.6924  5.69%     -  376s
     0     0 21585.3065    0 3340 20424.0000 21585.3065  5.69%     -  380s
     0     0 21585.1454    0 3367 20424.0000 21585.1454  5.69%     -  383s
     0     0 21585.0884    0 3354 20424.0000 21585.0884  5.68%     -  384s
     0     0 21584.3372    0 3364 20424.0000 21584.3372  5.68%     -  389s
     0     0 21583.9911    0 3393 20424.0000 21583.9911  5.68%     -  393s
     0     0 21583.9233    0 3418 20424.0000 21583.9233  5.68%     -  395s
     0     0 21583.4620    0 3309 20424.0000 21583.4620  5.68%     -  400s
     0     0 21583.2039    0 3326 20424.0000 21583.2039  5.68%     -  404s
     0     0 21583.1498    0 3312 20424.0000 21583.1498  5.68%     -  406s
     0     0 21582.7489    0 3241 20424.0000 21582.7489  5.67%     -  410s
     0     0 21582.7489    0 2877 20424.0000 21582.7489  5.67%     -  413s
     0     2 21582.1568    0 2839 20424.0000 21582.1568  5.67%     -  451s
     1     4 21572.7892    1 2697 20424.0000 21582.1568  5.67%  5024  495s
     3     8 21564.5343    2 2941 20424.0000 21577.1582  5.65%  4955  565s
     7    16 21546.5072    3 3167 20424.0000 21564.5239  5.58%  6711  859s
    12    16 21500.9068    3 3165 20424.0000 21560.0520  5.56%  7917  903s
    15    32 21538.4896    4 3377 20424.0000 21552.4508  5.53%  9477 1502s
    23    32 21527.5677    4 3564 20424.0000 21552.4005  5.52% 10960 1506s
    29    32 21484.2478    4 3602 20424.0000 21541.7087  5.47% 13349 1519s
    31    64 21531.9509    5 3510 20424.0000 21541.7087  5.47% 14835 2634s
    32    64 21488.7840    5 3489 20424.0000 21541.7087  5.47% 16348 2635s
    63    93 21516.7897    6 3489 20424.0000 21531.9508  5.42% 19880 4530s

Cutting planes:
  Learned: 840
  Gomory: 2
  Cover: 13546
  Implied bound: 973
  Clique: 2528
  MIR: 2999
  StrongCG: 126
  Flow cover: 41
  GUB cover: 898
  Zero half: 89
  RLT: 1223
  Relax-and-lift: 487
  BQP: 3

Explored 92 nodes (1734306 simplex iterations) in 4545.40 seconds (445.28 work units)
Thread count was 32 (of 32 available processors)

Solution count 10: 20424 20414 20404 ... 20284

Time limit reached
Best objective 2.042400000000e+04, best bound 2.152400000000e+04, gap 5.3858%

Wrote result file '2_RCMPSP_11.sol'

