
Gurobi 10.0.3 (linux64, gurobi_cl) logging started Fri Nov 10 22:32:19 2023

Set parameter Username
Set parameter TimeLimit to value 3600
Set parameter LogFile to value "2_RCMPSP_148.log"
Set parameter Threads to value 32
Academic license - for non-commercial use only - expires 2024-10-30
Using license file /home/jrivera6/gurobi-licenses/v1003/compute-0-37/gurobi.lic

Gurobi Optimizer version 10.0.3 build v10.0.3rc0 (linux64)
Copyright (c) 2023, Gurobi Optimization, LLC

Read MPS format model from file 2_RCMPSP_148.mps
Reading time = 0.21 seconds
2_RCMPSP: 153930 rows, 51364 columns, 507415 nonzeros

CPU model: Intel(R) Xeon(R) Gold 6242 CPU @ 2.80GHz, instruction set [SSE2|AVX|AVX2|AVX512]
Thread count: 32 physical cores, 32 logical processors, using up to 32 threads

Optimize a model with 153930 rows, 51364 columns and 507415 nonzeros
Model fingerprint: 0x71716774
Variable types: 164 continuous, 51200 integer (51200 binary)
Coefficient statistics:
  Matrix range     [1e+00, 2e+02]
  Objective range  [7e+01, 8e+01]
  Bounds range     [1e+00, 1e+00]
  RHS range        [1e+00, 2e+02]
Presolve removed 116920 rows and 34181 columns (presolve time = 5s) ...
Presolve removed 116920 rows and 34181 columns
Presolve time: 9.38s
Presolved: 37010 rows, 17183 columns, 125856 nonzeros
Variable types: 109 continuous, 17074 integer (17070 binary)
Found heuristic solution: objective 5904.0000000

Deterministic concurrent LP optimizer: primal and dual simplex (primal and dual model)
Showing first log only...

Root relaxation presolved: 36921 rows, 17212 columns, 125723 nonzeros


Root simplex log...

Iteration    Objective       Primal Inf.    Dual Inf.      Time
       0    2.6260000e+04   1.625812e+03   2.176219e+09     14s
    5620    1.8900630e+04   0.000000e+00   1.055954e+05     15s
    7798    2.3651784e+04   0.000000e+00   1.057090e+05     20s
Concurrent spin time: 1.58s

Solved with dual simplex (primal model)

Root relaxation: objective 2.533400e+04, 9067 iterations, 8.91 seconds (1.96 work units)

    Nodes    |    Current Node    |     Objective Bounds      |     Work
 Expl Unexpl |  Obj  Depth IntInf | Incumbent    BestBd   Gap | It/Node Time

     0     0 25334.0000    0 1397 5904.00000 25334.0000   329%     -   30s
H    0     0                    13421.000000 25334.0000  88.8%     -   30s
H    0     0                    14272.000000 25334.0000  77.5%     -   30s
H    0     0                    14475.000000 25334.0000  75.0%     -   33s
H    0     0                    16008.000000 25334.0000  58.3%     -   33s
H    0     0                    16790.000000 25235.0729  50.3%     -  129s
     0     0 25194.7117    0 2880 16790.0000 25194.7117  50.1%     -  137s
H    0     0                    16792.000000 25194.7117  50.0%     -  139s
     0     0 24737.0743    0 2981 16792.0000 24737.0743  47.3%     -  156s
     0     0 24688.8485    0 3008 16792.0000 24688.8485  47.0%     -  163s
     0     0 24687.0291    0 2934 16792.0000 24687.0291  47.0%     -  167s
     0     0 24686.1671    0 2896 16792.0000 24686.1671  47.0%     -  169s
     0     0 24686.0802    0 2881 16792.0000 24686.0802  47.0%     -  171s
     0     0 24686.0731    0 2865 16792.0000 24686.0731  47.0%     -  173s
H    0     0                    16867.000000 24243.5350  43.7%     -  226s
     0     0 24243.5350    0 3264 16867.0000 24243.5350  43.7%     -  231s
     0     0 24024.5916    0 3389 16867.0000 24024.5916  42.4%     -  263s
     0     0 24005.3201    0 3470 16867.0000 24005.3201  42.3%     -  277s
     0     0 23999.6928    0 3574 16867.0000 23999.6928  42.3%     -  283s
     0     0 23998.1349    0 3627 16867.0000 23998.1349  42.3%     -  287s
     0     0 23997.6750    0 3542 16867.0000 23997.6750  42.3%     -  290s
     0     0 23997.5110    0 3533 16867.0000 23997.5110  42.3%     -  292s
H    0     0                    17099.000000 23730.6808  38.8%     -  358s
H    0     0                    17181.000000 23730.6808  38.1%     -  358s
H    0     0                    17260.000000 23730.6808  37.5%     -  358s
H    0     0                    17670.000000 23730.6808  34.3%     -  358s
     0     0 23730.6808    0 3885 17670.0000 23730.6808  34.3%     -  360s
     0     0 23622.0242    0 4019 17670.0000 23622.0242  33.7%     -  423s
     0     0 23606.0433    0 4140 17670.0000 23606.0433  33.6%     -  455s
H    0     0                    17732.000000 23602.2534  33.1%     -  463s
     0     0 23602.2534    0 4176 17732.0000 23602.2534  33.1%     -  463s
     0     0 23601.4381    0 4096 17732.0000 23601.4381  33.1%     -  468s
     0     0 23601.0500    0 4130 17732.0000 23601.0500  33.1%     -  472s
H    0     0                    18048.000000 23601.0500  30.8%     -  480s
H    0     0                    18135.000000 23496.0267  29.6%     -  561s
     0     0 23496.0267    0 3775 18135.0000 23496.0267  29.6%     -  564s
H    0     0                    18202.000000 23417.2992  28.7%     -  635s
     0     0 23417.2992    0 4184 18202.0000 23417.2992  28.7%     -  637s
     0     0 23377.6130    0 4340 18202.0000 23377.6130  28.4%     -  687s
     0     0 23371.0360    0 4249 18202.0000 23371.0360  28.4%     -  708s
     0     0 23367.7242    0 4299 18202.0000 23367.7242  28.4%     -  718s
     0     0 23367.0219    0 4377 18202.0000 23367.0219  28.4%     -  725s
     0     0 23366.8093    0 4324 18202.0000 23366.8093  28.4%     -  728s
H    0     0                    18470.000000 23346.0262  26.4%     -  769s
     0     0 23346.0262    0 4162 18470.0000 23346.0262  26.4%     -  771s
H    0     0                    18537.000000 23346.0262  25.9%     -  773s
H    0     0                    18701.000000 23323.1205  24.7%     -  845s
H    0     0                    18783.000000 23323.1205  24.2%     -  845s
H    0     0                    18862.000000 23323.1205  23.7%     -  845s
H    0     0                    19063.000000 23323.1205  22.3%     -  845s
     0     0 23323.1205    0 4184 19063.0000 23323.1205  22.3%     -  847s
     0     0 23316.9874    0 4443 19063.0000 23316.9874  22.3%     -  886s
     0     0 23315.5398    0 4517 19063.0000 23315.5398  22.3%     -  902s
     0     0 23314.1452    0 4498 19063.0000 23314.1452  22.3%     -  917s
     0     0 23313.6839    0 4508 19063.0000 23313.6839  22.3%     -  927s
H    0     0                    19130.000000 23276.1771  21.7%     - 1015s
     0     0 23276.1771    0 4088 19130.0000 23276.1771  21.7%     - 1016s
     0     0 23256.7238    0 4408 19130.0000 23256.7238  21.6%     - 1097s
     0     0 23251.9127    0 4488 19130.0000 23251.9127  21.5%     - 1124s
     0     0 23250.1050    0 4418 19130.0000 23250.1050  21.5%     - 1141s
H    0     0                    19192.000000 23249.1810  21.1%     - 1157s
     0     0 23249.1810    0 4410 19192.0000 23249.1810  21.1%     - 1158s
     0     0 23249.0745    0 4416 19192.0000 23249.0745  21.1%     - 1166s
     0     0 23215.9296    0 4356 19192.0000 23215.9296  21.0%     - 1270s
     0     0 23190.9216    0 4566 19192.0000 23190.9216  20.8%     - 1367s
     0     0 23185.7395    0 4597 19192.0000 23185.7395  20.8%     - 1400s
     0     0 23184.5221    0 4733 19192.0000 23184.5221  20.8%     - 1424s
     0     0 23184.2452    0 4807 19192.0000 23184.2452  20.8%     - 1436s
     0     0 23169.3633    0 4219 19192.0000 23169.3633  20.7%     - 1503s
     0     0 23160.6150    0 4497 19192.0000 23160.6150  20.7%     - 1563s
     0     0 23154.8537    0 4666 19192.0000 23154.8537  20.6%     - 1616s
     0     0 23152.8044    0 4698 19192.0000 23152.8044  20.6%     - 1641s
     0     0 23152.3094    0 4845 19192.0000 23152.3094  20.6%     - 1655s
H    0     0                    19212.000000 23137.4126  20.4%     - 1753s
     0     0 23137.4126    0 4815 19212.0000 23137.4126  20.4%     - 1754s
     0     0 23127.4369    0 4844 19212.0000 23127.4369  20.4%     - 1837s
H    0     0                    19393.000000 23125.1205  19.2%     - 1874s
     0     0 23125.1205    0 4965 19393.0000 23125.1205  19.2%     - 1875s
     0     0 23124.3939    0 5076 19393.0000 23124.3939  19.2%     - 1893s
     0     0 23104.9348    0 4671 19393.0000 23104.9348  19.1%     - 2022s
     0     0 23098.0766    0 4759 19393.0000 23098.0766  19.1%     - 2094s
H    0     0                    19472.000000 23097.1877  18.6%     - 2109s
     0     0 23097.1877    0 4895 19472.0000 23097.1877  18.6%     - 2110s
     0     0 23092.5307    0 4815 19472.0000 23092.5307  18.6%     - 2159s
     0     0 23087.3580    0 4956 19472.0000 23087.3580  18.6%     - 2226s
     0     0 23085.7796    0 4916 19472.0000 23085.7796  18.6%     - 2272s
     0     0 23085.2572    0 5019 19472.0000 23085.2572  18.6%     - 2290s
     0     0 23079.5120    0 4587 19472.0000 23079.5120  18.5%     - 2361s
     0     0 23076.7995    0 5075 19472.0000 23076.7995  18.5%     - 2432s
     0     0 23075.5166    0 5200 19472.0000 23075.5166  18.5%     - 2466s
     0     0 23075.1547    0 5212 19472.0000 23075.1547  18.5%     - 2483s
     0     0 23068.3544    0 4830 19472.0000 23068.3544  18.5%     - 2555s
     0     0 23065.0065    0 5101 19472.0000 23065.0065  18.5%     - 2603s
     0     0 23063.9562    0 5270 19472.0000 23063.9562  18.4%     - 2631s
     0     0 23063.6332    0 5305 19472.0000 23063.6332  18.4%     - 2639s
     0     0 23057.0547    0 4926 19472.0000 23057.0547  18.4%     - 2680s
     0     0 23054.4670    0 5001 19472.0000 23054.4670  18.4%     - 2714s
     0     0 23053.0848    0 5068 19472.0000 23053.0848  18.4%     - 2725s
     0     0 23052.6312    0 5078 19472.0000 23052.6312  18.4%     - 2730s
     0     0 23049.1766    0 5037 19472.0000 23049.1766  18.4%     - 2744s
     0     0 23049.1766    0 3435 19472.0000 23049.1766  18.4%     - 2909s
     0     2 23048.7562    0 3321 19472.0000 23048.7562  18.4%     - 3078s
     1     4 22815.7190    1 2681 19472.0000 23048.7562  18.4% 16630 3203s
     3     7 22803.1850    2 3085 19472.0000 23040.0530  18.3%  8480 3611s
     5     7 22889.2366    2 3913 19472.0000 23019.7553  18.2% 11957 3615s

Cutting planes:
  Learned: 682
  Gomory: 4
  Cover: 5253
  Implied bound: 267
  Clique: 2052
  MIR: 2168
  StrongCG: 154
  Flow cover: 65
  GUB cover: 539
  Zero half: 38
  RLT: 355
  Relax-and-lift: 195
  BQP: 1

Explored 6 nodes (530855 simplex iterations) in 3719.88 seconds (420.78 work units)
Thread count was 32 (of 32 available processors)

Solution count 10: 19472 19393 19212 ... 18537

Time limit reached
Best objective 1.947200000000e+04, best bound 2.301900000000e+04, gap 18.2159%

Wrote result file '2_RCMPSP_148.sol'

