
Gurobi 10.0.3 (linux64, gurobi_cl) logging started Fri Nov  3 09:32:27 2023

Set parameter Username
Set parameter TimeLimit to value 3600
Set parameter LogFile to value "2_RCMPSP_10.log"
Set parameter Threads to value 32
Academic license - for non-commercial use only - expires 2024-10-30
Using license file /home/jrivera6/gurobi-licenses/v1003/compute-0-34/gurobi.lic

Gurobi Optimizer version 10.0.3 build v10.0.3rc0 (linux64)
Copyright (c) 2023, Gurobi Optimization, LLC

Read MPS format model from file 2_RCMPSP_10.mps
Reading time = 0.25 seconds
2_RCMPSP: 24708 rows, 8260 columns, 88116 nonzeros

CPU model: Intel(R) Xeon(R) Gold 6130 CPU @ 2.10GHz, instruction set [SSE2|AVX|AVX2|AVX512]
Thread count: 32 physical cores, 32 logical processors, using up to 32 threads

Optimize a model with 24708 rows, 8260 columns and 88116 nonzeros
Model fingerprint: 0x15fed68d
Variable types: 68 continuous, 8192 integer (8192 binary)
Coefficient statistics:
  Matrix range     [1e+00, 1e+02]
  Objective range  [2e+01, 2e+01]
  Bounds range     [1e+00, 1e+00]
  RHS range        [1e+00, 1e+02]
Presolve removed 10347 rows and 2064 columns
Presolve time: 1.63s
Presolved: 14361 rows, 6196 columns, 55842 nonzeros
Variable types: 62 continuous, 6134 integer (6130 binary)

Root relaxation: objective 1.429100e+04, 2280 iterations, 0.11 seconds (0.05 work units)

    Nodes    |    Current Node    |     Objective Bounds      |     Work
 Expl Unexpl |  Obj  Depth IntInf | Incumbent    BestBd   Gap | It/Node Time

     0     0 14291.0000    0  197          - 14291.0000      -     -    3s
H    0     0                    12478.000000 14291.0000  14.5%     -    3s
H    0     0                    12587.000000 14291.0000  13.5%     -    3s
H    0     0                    12769.000000 14291.0000  11.9%     -    5s
     0     0 14291.0000    0  366 12769.0000 14291.0000  11.9%     -    5s
     0     0 14291.0000    0  334 12769.0000 14291.0000  11.9%     -    6s
H    0     0                    12823.000000 14291.0000  11.4%     -    7s
H    0     0                    12909.000000 14291.0000  10.7%     -   14s
H    0     0                    12982.000000 14291.0000  10.1%     -   14s
     0     0 14291.0000    0  231 12982.0000 14291.0000  10.1%     -   15s
     0     0 14291.0000    0  254 12982.0000 14291.0000  10.1%     -   17s
H    0     0                    13050.000000 14291.0000  9.51%     -   24s
H    0     0                    13053.000000 14291.0000  9.48%     -   24s
     0     0 14291.0000    0  209 13053.0000 14291.0000  9.48%     -   26s
H    0     0                    13077.000000 14291.0000  9.28%     -   26s
     0     0 14291.0000    0  300 13077.0000 14291.0000  9.28%     -   28s
H    0     0                    13095.000000 14291.0000  9.13%     -   33s
H    0     0                    13137.000000 14291.0000  8.78%     -   33s
     0     0 14291.0000    0  237 13137.0000 14291.0000  8.78%     -   34s
H    0     0                    13203.000000 14291.0000  8.24%     -   34s
     0     0 14291.0000    0  405 13203.0000 14291.0000  8.24%     -   36s
     0     0 14291.0000    0  222 13203.0000 14291.0000  8.24%     -   40s
     0     0 14291.0000    0  189 13203.0000 14291.0000  8.24%     -   41s
     0     2 14291.0000    0  189 13203.0000 14291.0000  8.24%     -   51s
     3     8 14291.0000    2  394 13203.0000 14291.0000  8.24%   732   58s
     7    14 14291.0000    3  445 13203.0000 14291.0000  8.24%   776   63s
    15    28 14291.0000    4  477 13203.0000 14291.0000  8.24%   805   68s
    29    55 14291.0000    5  477 13203.0000 14291.0000  8.24%   745  100s
H   30    55                    13209.000000 14291.0000  8.19%   720  100s
H   38    55                    13251.000000 14291.0000  7.85%   590  100s
    57    86 14291.0000    6  608 13251.0000 14291.0000  7.85%   529  108s
    89   117 14291.0000    7  541 13251.0000 14291.0000  7.85%   599  351s
   121   148 14291.0000    8  514 13251.0000 14291.0000  7.85%   586  447s
   153   177 14291.0000    9  512 13251.0000 14291.0000  7.85%   508  454s
   185   217 14291.0000   10  236 13251.0000 14291.0000  7.85%   461  475s
   225   399 14291.0000   11  436 13251.0000 14291.0000  7.85%   809  510s
   417   930 14291.0000   14  456 13251.0000 14291.0000  7.85%   584  560s
  1018  2091 14291.0000   21  268 13251.0000 14291.0000  7.85%   406  625s
  2495  2436 14291.0000   33  339 13251.0000 14291.0000  7.85%   264  763s
H 2496  2420                    13275.000000 14291.0000  7.65%   264  763s
  2887  5024 14291.0000   34  431 13275.0000 14291.0000  7.65%   261  891s
  2912  5024 14227.0000   40  403 13275.0000 14291.0000  7.65%   263  915s
  3386  5024 14291.0000   22  410 13275.0000 14291.0000  7.65%   249 1007s
  6199  7833 14290.3588   51  376 13275.0000 14291.0000  7.65%   183 1800s
 10165  7834 13986.0000   37  189 13275.0000 14291.0000  7.65%   153 1962s
 10167  7835 14291.0000   14  191 13275.0000 14291.0000  7.65%   153 1980s
 10168  7836 13633.0000   65  219 13275.0000 14291.0000  7.65%   153 2015s
 10170  7837 13949.0000   94  181 13275.0000 14291.0000  7.65%   153 2022s
 10171  7838 13470.0000  114  316 13275.0000 14291.0000  7.65%   153 2040s
 10174  7840 13973.0000  134  243 13275.0000 14291.0000  7.65%   153 2047s
 10175  7841 14243.0000   41  372 13275.0000 14291.0000  7.65%   153 2059s
 10176  7841 14291.0000   18  215 13275.0000 14291.0000  7.65%   153 2067s
 10177  7842 14222.0000   92  329 13275.0000 14291.0000  7.65%   153 2070s
H10177  7449                    13297.000000 14291.0000  7.48%   153 2083s
H10177  7077                    13298.000000 14291.0000  7.47%   153 2086s
 10180  7079 14255.0000   61  162 13298.0000 14291.0000  7.47%   153 2093s
 10181  7080 13990.0000   67  376 13298.0000 14291.0000  7.47%   153 2095s
H10182  6725                    13319.000000 14291.0000  7.30%   153 2099s
 10183  6726 13822.0000   41  401 13319.0000 14291.0000  7.30%   153 2103s
 10184  6727 14291.0000   41  222 13319.0000 14291.0000  7.30%   153 2107s
 10185  6727 14267.0000   56  624 13319.0000 14291.0000  7.30%   153 2111s
 10186  6728 14129.0000  106  231 13319.0000 14291.0000  7.30%   153 2115s
H10187  6392                    13343.000000 14291.0000  7.10%   153 2119s
 10189  6396 14291.0000   16  237 13343.0000 14291.0000  7.10%   160 2136s
 10191  6399 14291.0000   17  251 13343.0000 14291.0000  7.10%   160 2149s
 10195  6406 14291.0000   18  262 13343.0000 14291.0000  7.10%   160 2176s
 10203  6419 14291.0000   19  260 13343.0000 14291.0000  7.10%   160 2198s
 10219  6446 14291.0000   20  262 13343.0000 14291.0000  7.10%   160 2319s
 10251  6467 14291.0000   21  274 13343.0000 14291.0000  7.10%   160 2326s
 10283  6488 14291.0000   21  394 13343.0000 14291.0000  7.10%   159 3797s
 10285  6487 14291.0000   21  418 13343.0000 14291.0000  7.10%   160 3807s
H10293  6164                    13415.000000 14291.0000  6.53%   159 3822s
 10303  6161 14291.0000   22  311 13415.0000 14291.0000  6.53%   159 3826s

Cutting planes:
  Learned: 1
  Gomory: 3
  Cover: 9
  Implied bound: 40
  Projected implied bound: 1
  Clique: 22
  MIR: 46
  StrongCG: 7
  Flow cover: 40
  Zero half: 8
  RLT: 11
  Relax-and-lift: 12

Explored 10315 nodes (1679830 simplex iterations) in 3919.26 seconds (101.27 work units)
Thread count was 32 (of 32 available processors)

Solution count 10: 13415 13343 13319 ... 13137

Time limit reached
Best objective 1.341500000000e+04, best bound 1.429100000000e+04, gap 6.5300%

Wrote result file '2_RCMPSP_10.sol'

