
Gurobi 10.0.3 (linux64, gurobi_cl) logging started Fri Nov  3 09:31:45 2023

Set parameter Username
Set parameter TimeLimit to value 3600
Set parameter LogFile to value "2_RCMPSP_96.log"
Set parameter Threads to value 32
Academic license - for non-commercial use only - expires 2024-10-30
Using license file /home/jrivera6/gurobi-licenses/v1003/compute-0-37/gurobi.lic

Gurobi Optimizer version 10.0.3 build v10.0.3rc0 (linux64)
Copyright (c) 2023, Gurobi Optimization, LLC

Read MPS format model from file 2_RCMPSP_96.mps
Reading time = 0.40 seconds
2_RCMPSP: 55494 rows, 18532 columns, 198960 nonzeros

CPU model: Intel(R) Xeon(R) Gold 6242 CPU @ 2.80GHz, instruction set [SSE2|AVX|AVX2|AVX512]
Thread count: 32 physical cores, 32 logical processors, using up to 32 threads

Optimize a model with 55494 rows, 18532 columns and 198960 nonzeros
Model fingerprint: 0xf4309abc
Variable types: 100 continuous, 18432 integer (18432 binary)
Coefficient statistics:
  Matrix range     [1e+00, 6e+01]
  Objective range  [3e+01, 3e+01]
  Bounds range     [1e+00, 1e+00]
  RHS range        [1e+00, 9e+01]
Presolve removed 33735 rows and 8848 columns
Presolve time: 2.90s
Presolved: 21759 rows, 9684 columns, 85209 nonzeros
Variable types: 82 continuous, 9602 integer (9598 binary)

Root relaxation: objective 2.052400e+04, 5041 iterations, 0.88 seconds (0.60 work units)
Total elapsed time = 5.38s

    Nodes    |    Current Node    |     Objective Bounds      |     Work
 Expl Unexpl |  Obj  Depth IntInf | Incumbent    BestBd   Gap | It/Node Time

     0     0 20524.0000    0 1098          - 20524.0000      -     -    9s
H    0     0                    11811.000000 20524.0000  73.8%     -    9s
H    0     0                    14585.000000 20524.0000  40.7%     -   10s
H    0     0                    15201.000000 20524.0000  35.0%     -   13s
     0     0 20378.6684    0 1933 15201.0000 20378.6684  34.1%     -   28s
H    0     0                    15832.000000 20378.6684  28.7%     -   28s
H    0     0                    15863.000000 20378.6684  28.5%     -   29s
     0     0 20283.4450    0 1997 15863.0000 20283.4450  27.9%     -   32s
     0     0 20263.9028    0 2019 15863.0000 20263.9028  27.7%     -   34s
     0     0 20251.7201    0 2051 15863.0000 20251.7201  27.7%     -   35s
     0     0 20250.5862    0 2020 15863.0000 20250.5862  27.7%     -   36s
     0     0 20250.5384    0 2024 15863.0000 20250.5384  27.7%     -   36s
     0     0 20250.5116    0 2037 15863.0000 20250.5116  27.7%     -   37s
     0     0 20250.5110    0 2028 15863.0000 20250.5110  27.7%     -   37s
     0     0 20098.2601    0 2134 15863.0000 20098.2601  26.7%     -   47s
H    0     0                    16017.000000 20036.7639  25.1%     -   54s
     0     0 20036.7639    0 2296 16017.0000 20036.7639  25.1%     -   55s
     0     0 20020.0081    0 2289 16017.0000 20020.0081  25.0%     -   57s
     0     0 20018.0914    0 2299 16017.0000 20018.0914  25.0%     -   59s
     0     0 20017.7786    0 2328 16017.0000 20017.7786  25.0%     -   59s
     0     0 20017.7141    0 2309 16017.0000 20017.7141  25.0%     -   60s
H    0     0                    16140.000000 20017.7141  24.0%     -   63s
H    0     0                    16230.000000 19929.8339  22.8%     -   80s
H    0     0                    16317.000000 19929.8339  22.1%     -   80s
     0     0 19929.8339    0 2264 16317.0000 19929.8339  22.1%     -   81s
H    0     0                    16347.000000 19929.8339  21.9%     -   82s
H    0     0                    16500.000000 19895.5709  20.6%     -   91s
     0     0 19895.5709    0 2467 16500.0000 19895.5709  20.6%     -   92s
     0     0 19889.4475    0 2482 16500.0000 19889.4475  20.5%     -   96s
     0     0 19888.6802    0 2562 16500.0000 19888.6802  20.5%     -   99s
     0     0 19888.5440    0 2523 16500.0000 19888.5440  20.5%     -  101s
     0     0 19888.3666    0 2493 16500.0000 19888.3666  20.5%     -  102s
     0     0 19888.3330    0 2479 16500.0000 19888.3330  20.5%     -  103s
H    0     0                    16564.000000 19888.3330  20.1%     -  106s
     0     0 19869.4409    0 2461 16564.0000 19869.4409  20.0%     -  116s
     0     0 19858.1739    0 2550 16564.0000 19858.1739  19.9%     -  122s
     0     0 19856.4963    0 2558 16564.0000 19856.4963  19.9%     -  126s
     0     0 19855.8083    0 2558 16564.0000 19855.8083  19.9%     -  129s
     0     0 19855.6601    0 2515 16564.0000 19855.6601  19.9%     -  131s
     0     0 19843.1529    0 2482 16564.0000 19843.1529  19.8%     -  140s
     0     0 19841.0894    0 2574 16564.0000 19841.0894  19.8%     -  145s
     0     0 19840.6987    0 2561 16564.0000 19840.6987  19.8%     -  148s
     0     0 19839.7082    0 2579 16564.0000 19839.7082  19.8%     -  150s
     0     0 19839.4961    0 2594 16564.0000 19839.4961  19.8%     -  152s
     0     0 19839.4626    0 2602 16564.0000 19839.4626  19.8%     -  153s
     0     0 19823.5299    0 2486 16564.0000 19823.5299  19.7%     -  163s
     0     0 19819.0082    0 2551 16564.0000 19819.0082  19.7%     -  169s
H    0     0                    16593.000000 19817.8207  19.4%     -  173s
     0     0 19817.8207    0 2576 16593.0000 19817.8207  19.4%     -  173s
     0     0 19817.7009    0 2609 16593.0000 19817.7009  19.4%     -  175s
H    0     0                    16736.000000 19811.4200  18.4%     -  185s
H    0     0                    16767.000000 19811.4200  18.2%     -  185s
     0     0 19811.4200    0 2629 16767.0000 19811.4200  18.2%     -  185s
     0     0 19807.7460    0 2622 16767.0000 19807.7460  18.1%     -  193s
     0     0 19806.7094    0 2633 16767.0000 19806.7094  18.1%     -  199s
     0     0 19806.2035    0 2653 16767.0000 19806.2035  18.1%     -  202s
     0     0 19806.0589    0 2687 16767.0000 19806.0589  18.1%     -  204s
     0     0 19803.3696    0 2737 16767.0000 19803.3696  18.1%     -  212s
     0     0 19801.9828    0 2655 16767.0000 19801.9828  18.1%     -  217s
     0     0 19801.3935    0 2698 16767.0000 19801.3935  18.1%     -  221s
     0     0 19801.1998    0 2718 16767.0000 19801.1998  18.1%     -  224s
     0     0 19796.4489    0 2641 16767.0000 19796.4489  18.1%     -  232s
     0     0 19795.0257    0 2725 16767.0000 19795.0257  18.1%     -  237s
     0     0 19794.4686    0 2770 16767.0000 19794.4686  18.1%     -  240s
     0     0 19794.2942    0 2795 16767.0000 19794.2942  18.1%     -  241s
     0     0 19791.3337    0 2748 16767.0000 19791.3337  18.0%     -  249s
     0     0 19788.6105    0 2788 16767.0000 19788.6105  18.0%     -  254s
H    0     0                    16796.000000 19787.6702  17.8%     -  257s
     0     0 19787.6702    0 2749 16796.0000 19787.6702  17.8%     -  257s
     0     0 19787.4792    0 2766 16796.0000 19787.4792  17.8%     -  260s
     0     0 19783.9666    0 2753 16796.0000 19783.9666  17.8%     -  269s
     0     0 19783.3284    0 2751 16796.0000 19783.3284  17.8%     -  273s
     0     0 19783.0314    0 2781 16796.0000 19783.0314  17.8%     -  275s
     0     0 19782.9448    0 2830 16796.0000 19782.9448  17.8%     -  277s
     0     0 19779.7896    0 2781 16796.0000 19779.7896  17.8%     -  285s
     0     0 19779.6554    0 2840 16796.0000 19779.6554  17.8%     -  288s
     0     0 19777.8390    0 2830 16796.0000 19777.8390  17.8%     -  293s
     0     0 19776.0677    0 2851 16796.0000 19776.0677  17.7%     -  298s
     0     0 19775.7565    0 2885 16796.0000 19775.7565  17.7%     -  302s
     0     0 19775.7407    0 2844 16796.0000 19775.7407  17.7%     -  304s
     0     0 19772.2328    0 2725 16796.0000 19772.2328  17.7%     -  311s
     0     0 19770.0265    0 2731 16796.0000 19770.0265  17.7%     -  317s
     0     0 19769.7743    0 2814 16796.0000 19769.7743  17.7%     -  321s
     0     0 19769.6845    0 2823 16796.0000 19769.6845  17.7%     -  322s
     0     0 19768.5123    0 2850 16796.0000 19768.5123  17.7%     -  327s
     0     0 19767.7768    0 2782 16796.0000 19767.7768  17.7%     -  331s
     0     0 19766.9955    0 2872 16796.0000 19766.9955  17.7%     -  335s
     0     0 19766.7023    0 2866 16796.0000 19766.7023  17.7%     -  338s
     0     0 19766.6168    0 2839 16796.0000 19766.6168  17.7%     -  340s
     0     0 19766.1603    0 2900 16796.0000 19766.1603  17.7%     -  344s
     0     0 19765.3860    0 2899 16796.0000 19765.3860  17.7%     -  348s
     0     0 19765.3138    0 2914 16796.0000 19765.3138  17.7%     -  351s
     0     0 19764.3299    0 2937 16796.0000 19764.3299  17.7%     -  356s
     0     0 19763.7264    0 2928 16796.0000 19763.7264  17.7%     -  361s
     0     0 19763.6296    0 2943 16796.0000 19763.6296  17.7%     -  363s
     0     0 19762.3724    0 2949 16796.0000 19762.3724  17.7%     -  371s
     0     0 19762.3724    0 2450 16796.0000 19762.3724  17.7%     -  374s
     0     2 19761.0388    0 2391 16796.0000 19761.0388  17.7%     -  391s
     1     4 19754.5698    1 2197 16796.0000 19761.0388  17.7%  3085  408s
     3     8 19697.8653    2 2556 16796.0000 19754.5631  17.6%  4931  450s
     7    16 19665.4719    3 2662 16796.0000 19700.4731  17.3%  5961  569s
    15    32 19632.1291    4 2899 16796.0000 19665.4409  17.1%  9858  700s
    31    64 19561.9900    5 3068 16796.0000 19632.1280  16.9% 11588 2306s
H   34    64                    16798.000000 19632.1280  16.9% 11824 2311s
    35    64 19439.6296    5 2677 16798.0000 19632.1280  16.9% 12228 2321s
    41    64 19356.6667    5 2145 16798.0000 19632.1280  16.9% 11644 2396s
H   51    64                    16831.000000 19598.4783  16.4% 11098 2536s
    53    64 19257.5235    5 2699 16831.0000 19598.4783  16.4% 11472 2547s
    63    70 19496.1876    6 3189 16831.0000 19598.4783  16.4% 11608 4666s

Cutting planes:
  Learned: 476
  Gomory: 11
  Cover: 13004
  Implied bound: 1138
  Clique: 1863
  MIR: 2472
  StrongCG: 166
  Flow cover: 35
  GUB cover: 1135
  Zero half: 156
  Network: 2
  RLT: 1096
  Relax-and-lift: 444

Explored 69 nodes (894873 simplex iterations) in 4810.74 seconds (253.03 work units)
Thread count was 32 (of 32 available processors)

Solution count 10: 16831 16798 16796 ... 16317

Time limit reached
Best objective 1.683100000000e+04, best bound 1.959800000000e+04, gap 16.4399%

Wrote result file '2_RCMPSP_96.sol'

