
Gurobi 10.0.3 (linux64, gurobi_cl) logging started Fri Nov  3 09:32:27 2023

Set parameter Username
Set parameter TimeLimit to value 3600
Set parameter LogFile to value "2_RCMPSP_35.log"
Set parameter Threads to value 32
Academic license - for non-commercial use only - expires 2024-10-30
Using license file /home/jrivera6/gurobi-licenses/v1003/compute-0-35/gurobi.lic

Gurobi Optimizer version 10.0.3 build v10.0.3rc0 (linux64)
Copyright (c) 2023, Gurobi Optimization, LLC

Read MPS format model from file 2_RCMPSP_35.mps
Reading time = 1.37 seconds
2_RCMPSP: 615060 rows, 205124 columns, 2222340 nonzeros

CPU model: Intel(R) Xeon(R) Gold 6130 CPU @ 2.10GHz, instruction set [SSE2|AVX|AVX2|AVX512]
Thread count: 32 physical cores, 32 logical processors, using up to 32 threads

Optimize a model with 615060 rows, 205124 columns and 2222340 nonzeros
Model fingerprint: 0x9d9c3fc3
Variable types: 324 continuous, 204800 integer (204800 binary)
Coefficient statistics:
  Matrix range     [1e+00, 7e+02]
  Objective range  [1e+01, 1e+01]
  Bounds range     [1e+00, 1e+00]
  RHS range        [1e+00, 7e+02]
Presolve removed 225163 rows and 32007 columns (presolve time = 5s) ...
Presolve removed 227323 rows and 32822 columns (presolve time = 10s) ...
Presolve removed 227323 rows and 32822 columns
Presolve time: 11.78s
Presolved: 387737 rows, 172302 columns, 1540661 nonzeros
Variable types: 310 continuous, 171992 integer (171988 binary)

Deterministic concurrent LP optimizer: primal simplex, dual simplex, and barrier
Showing barrier log only...

Root relaxation presolved: 172302 rows, 560039 columns, 1712963 nonzeros

Root barrier log...

Ordering time: 1.15s

Barrier statistics:
 Dense cols : 1132
 AA' NZ     : 1.591e+06
 Factor NZ  : 7.856e+06 (roughly 360 MB of memory)
 Factor Ops : 5.727e+09 (less than 1 second per iteration)
 Threads    : 29

                  Objective                Residual
Iter       Primal          Dual         Primal    Dual     Compl     Time
   0   3.15212705e+07  7.23910000e+04  2.49e+03 1.60e+01  1.45e+03    36s
   1   2.74005077e+07  8.81617890e+03  1.40e+03 6.55e+01  1.07e+03    42s
   2   2.91327226e+07  2.18073524e+04  8.28e+02 1.03e+02  5.99e+02    50s
   3   2.07693101e+07  2.31807618e+04  1.70e+02 5.08e+01  2.98e+02    59s
   4   1.78459153e+07  2.29283648e+04  6.01e+01 7.67e+00  6.29e+01    67s
   5   1.65142784e+07  2.31966507e+04  5.17e+01 6.36e+00  5.25e+01    73s
   6   1.28057494e+07  2.48776369e+04  3.18e+01 2.46e+00  2.70e+01    79s
   7   4.26089506e+06  2.78822195e+04  6.57e+00 1.16e+00  7.60e+00    84s
   8   1.13552328e+06  3.61392311e+04  7.77e-01 7.29e-01  1.87e+00    92s
   9   5.20230896e+05  4.79218985e+04  2.74e-01 2.76e-01  7.08e-01    97s
  10   1.24278954e+05  5.12698088e+04  2.80e-02 1.01e-01  1.04e-01   104s
  11   9.23611167e+04  5.67100537e+04  1.22e-02 6.11e-02  5.02e-02   109s
  12   8.04739946e+04  6.34185204e+04  4.84e-03 3.19e-02  2.39e-02   117s
  13   7.53543605e+04  7.09628024e+04  1.46e-03 2.84e-03  6.11e-03   122s
  14   7.36371262e+04  7.23600466e+04  4.52e-04 2.27e-13  1.77e-03   130s
  15   7.29613948e+04  7.23631016e+04  1.91e-04 2.27e-13  8.21e-04   139s
  16   7.27561803e+04  7.23715218e+04  1.20e-04 2.27e-13  5.27e-04   146s
  17   7.26071463e+04  7.23824793e+04  6.96e-05 2.27e-13  3.07e-04   152s
  18   7.24773249e+04  7.23891863e+04  2.74e-05 2.27e-13  1.20e-04   157s
  19   7.23927858e+04  7.23909762e+04  5.25e-07 0.00e+00  2.47e-06   162s
  20   7.23910000e+04  7.23910000e+04  4.31e-12 2.27e-13  2.02e-11   167s
  21   7.23910000e+04  7.23910000e+04  1.26e-24 8.17e-14  2.02e-14   174s
  22   7.23910000e+04  7.23910000e+04  1.71e-27 2.27e-13  2.02e-17   181s

Barrier solved model in 22 iterations and 181.33 seconds (13.63 work units)
Optimal objective 7.23910000e+04


Root crossover log...

  172298 DPushes remaining with DInf 0.0000000e+00               186s
  101571 DPushes remaining with DInf 0.0000000e+00               191s
   68063 DPushes remaining with DInf 0.0000000e+00               195s
   33557 DPushes remaining with DInf 0.0000000e+00               201s
   31578 DPushes remaining with DInf 0.0000000e+00               207s
   28502 DPushes remaining with DInf 0.0000000e+00               212s
   25412 DPushes remaining with DInf 0.0000000e+00               215s
       0 DPushes remaining with DInf 0.0000000e+00               220s

       0 PPushes remaining with PInf 0.0000000e+00               220s

  Push phase complete: Pinf 0.0000000e+00, Dinf 3.2381875e-12    221s


Root simplex log...

Iteration    Objective       Primal Inf.    Dual Inf.      Time
  137133    7.2391000e+04   0.000000e+00   0.000000e+00    221s
  137133    7.2391000e+04   0.000000e+00   0.000000e+00    222s
  137133    7.2391000e+04   0.000000e+00   0.000000e+00    223s
Concurrent spin time: 2.83s

Solved with barrier

Root relaxation: objective 7.239100e+04, 137133 iterations, 208.66 seconds (7.11 work units)

    Nodes    |    Current Node    |     Objective Bounds      |     Work
 Expl Unexpl |  Obj  Depth IntInf | Incumbent    BestBd   Gap | It/Node Time

     0     0 72391.0000    0 19286          - 72391.0000      -     -  315s
H    0     0                    66611.000000 72391.0000  8.68%     -  336s
H    0     0                    67151.000000 72391.0000  7.80%     -  389s
     0     0 72391.0000    0 17857 67151.0000 72391.0000  7.80%     -  624s
H    0     0                    67231.000000 72391.0000  7.68%     -  632s
     0     0 72391.0000    0 18246 67231.0000 72391.0000  7.68%     -  840s
     0     0 72391.0000    0 18025 67231.0000 72391.0000  7.68%     - 1217s
     0     0 72391.0000    0 18335 67231.0000 72391.0000  7.68%     - 1637s
     0     0 72391.0000    0 17967 67231.0000 72391.0000  7.68%     - 2323s
     0     0 72391.0000    0 17802 67231.0000 72391.0000  7.68%     - 2353s
H    0     0                    67341.000000 72391.0000  7.50%     - 2540s
H    0     0                    67431.000000 72391.0000  7.36%     - 2551s
     0     0 72391.0000    0 18235 67431.0000 72391.0000  7.36%     - 3124s
     0     0          -    0      67431.0000 72391.0000  7.36%     - 3600s

Cutting planes:
  Gomory: 6
  Cover: 6203
  Implied bound: 58
  Clique: 3944
  MIR: 3023
  StrongCG: 393
  Zero half: 3
  RLT: 4208
  Relax-and-lift: 283

Explored 1 nodes (401724 simplex iterations) in 3682.71 seconds (3274.86 work units)
Thread count was 32 (of 32 available processors)

Solution count 5: 67431 67341 67231 ... 66611

Time limit reached
Best objective 6.743100000000e+04, best bound 7.239100000000e+04, gap 7.3557%

Wrote result file '2_RCMPSP_35.sol'

