
Gurobi 10.0.3 (linux64, gurobi_cl) logging started Fri Nov  3 09:37:45 2023

Set parameter TimeLimit to value 3600
Set parameter LogFile to value "2_RCMPSP_181.log"
Set parameter Threads to value 32

Gurobi 10.0.3 (linux64, gurobi_cl) logging started Thu Nov  9 16:35:17 2023

Set parameter Username
Set parameter TimeLimit to value 3600
Set parameter LogFile to value "2_RCMPSP_181.log"
Set parameter Threads to value 32
Academic license - for non-commercial use only - expires 2024-10-30
Using license file /home/jrivera6/gurobi-licenses/v1003/compute-0-34/gurobi.lic

Gurobi Optimizer version 10.0.3 build v10.0.3rc0 (linux64)
Copyright (c) 2023, Gurobi Optimization, LLC

Read MPS format model from file 2_RCMPSP_181.mps
Reading time = 0.33 seconds
2_RCMPSP: 153930 rows, 51364 columns, 544949 nonzeros

CPU model: Intel(R) Xeon(R) Gold 6130 CPU @ 2.10GHz, instruction set [SSE2|AVX|AVX2|AVX512]
Thread count: 32 physical cores, 32 logical processors, using up to 32 threads

Optimize a model with 153930 rows, 51364 columns and 544949 nonzeros
Model fingerprint: 0x570d9bf2
Variable types: 164 continuous, 51200 integer (51200 binary)
Coefficient statistics:
  Matrix range     [1e+00, 6e+01]
  Objective range  [1e+01, 1e+01]
  Bounds range     [1e+00, 1e+00]
  RHS range        [1e+00, 8e+01]
Presolve removed 86696 rows and 20679 columns (presolve time = 5s) ...
Presolve removed 86696 rows and 20679 columns (presolve time = 10s) ...
Presolve removed 86696 rows and 20679 columns (presolve time = 15s) ...
Presolve removed 86696 rows and 21456 columns (presolve time = 21s) ...
Presolve removed 86696 rows and 21456 columns (presolve time = 25s) ...
Presolve removed 86696 rows and 21456 columns (presolve time = 30s) ...
Presolve removed 88765 rows and 21771 columns (presolve time = 35s) ...
Presolve removed 88766 rows and 21771 columns
Presolve time: 39.69s
Presolved: 65164 rows, 29593 columns, 251873 nonzeros
Variable types: 133 continuous, 29460 integer (29456 binary)

Deterministic concurrent LP optimizer: primal and dual simplex (primal and dual model)
Showing first log only...

Root relaxation presolved: 65132 rows, 29608 columns, 251819 nonzeros


Root simplex log...

Iteration    Objective       Primal Inf.    Dual Inf.      Time
       0    3.3259000e+04   3.206438e+03   3.508234e+09     47s
    8859    3.2146777e+04   0.000000e+00   1.607066e+04     50s
   10719    3.2538509e+04   0.000000e+00   1.895918e+04     55s
   12396    3.2854523e+04   0.000000e+00   6.374562e+04     60s
Concurrent spin time: 6.54s

Solved with primal simplex (dual model)

Root relaxation: objective 3.325900e+04, 32323 iterations, 24.52 seconds (6.17 work units)
Total elapsed time = 72.71s
Total elapsed time = 75.08s

    Nodes    |    Current Node    |     Objective Bounds      |     Work
 Expl Unexpl |  Obj  Depth IntInf | Incumbent    BestBd   Gap | It/Node Time

     0     0 33259.0000    0 1824          - 33259.0000      -     -   84s
H    0     0                    29939.000000 33259.0000  11.1%     -   87s
H    0     0                    30879.000000 33259.0000  7.71%     -   88s
H    0     0                    30889.000000 33259.0000  7.67%     -   90s
H    0     0                    30959.000000 33259.0000  7.43%     -  146s
     0     0 33259.0000    0 3370 30959.0000 33259.0000  7.43%     -  153s
H    0     0                    31079.000000 33259.0000  7.01%     -  154s
H    0     0                    31239.000000 33259.0000  6.47%     -  155s
H    0     0                    31399.000000 33259.0000  5.92%     -  159s
H    0     0                    31459.000000 33259.0000  5.72%     -  285s
H    0     0                    31599.000000 33259.0000  5.25%     -  285s
H    0     0                    31609.000000 33259.0000  5.22%     -  285s
     0     0 33259.0000    0 3837 31609.0000 33259.0000  5.22%     -  300s
H    0     0                    31719.000000 33259.0000  4.86%     -  313s
H    0     0                    31779.000000 33259.0000  4.66%     - 1275s
H    0     0                    31849.000000 33259.0000  4.43%     - 1287s
H    0     0                    31859.000000 33259.0000  4.39%     - 1318s
H    0     0                    31889.000000 33259.0000  4.30%     - 1324s
H    0     0                    31899.000000 33259.0000  4.26%     - 1326s
H    0     0                    31909.000000 33259.0000  4.23%     - 1330s
H    0     0                    31919.000000 33259.0000  4.20%     - 1338s
H    0     0                    31929.000000 33259.0000  4.17%     - 1340s
     0     0 33259.0000    0 2359 31929.0000 33259.0000  4.17%     - 1882s
     0     0 33259.0000    0 3173 31929.0000 33259.0000  4.17%     - 2500s
     0     0 33259.0000    0 4420 31929.0000 33259.0000  4.17%     - 3600s

Cutting planes:
  Learned: 271
  Gomory: 4
  Cover: 2537
  Implied bound: 256
  Clique: 2702
  MIR: 974
  StrongCG: 132
  Flow cover: 39
  GUB cover: 126
  Zero half: 8
  RLT: 347
  Relax-and-lift: 156

Explored 1 nodes (218577 simplex iterations) in 3771.61 seconds (356.13 work units)
Thread count was 32 (of 32 available processors)

Solution count 10: 31929 31919 31909 ... 31609

Time limit reached
Best objective 3.192900000000e+04, best bound 3.325900000000e+04, gap 4.1655%

Wrote result file '2_RCMPSP_181.sol'

