
Gurobi 10.0.3 (linux64, gurobi_cl) logging started Fri Nov  3 09:36:28 2023

Set parameter TimeLimit to value 3600
Set parameter LogFile to value "2_RCMPSP_84.log"
Set parameter Threads to value 32

Gurobi 10.0.3 (linux64, gurobi_cl) logging started Thu Nov  9 16:29:29 2023

Set parameter Username
Set parameter TimeLimit to value 3600
Set parameter LogFile to value "2_RCMPSP_84.log"
Set parameter Threads to value 32
Academic license - for non-commercial use only - expires 2024-11-06
Using license file /home/jrivera6/gurobi-licenses/v1003/compute-0-36/gurobi.lic

Gurobi Optimizer version 10.0.3 build v10.0.3rc0 (linux64)
Copyright (c) 2023, Gurobi Optimization, LLC

Read MPS format model from file 2_RCMPSP_84.mps
Reading time = 0.03 seconds
2_RCMPSP: 24708 rows, 8260 columns, 88096 nonzeros

CPU model: Intel(R) Xeon(R) Gold 6130 CPU @ 2.10GHz, instruction set [SSE2|AVX|AVX2|AVX512]
Thread count: 32 physical cores, 32 logical processors, using up to 32 threads

Optimize a model with 24708 rows, 8260 columns and 88096 nonzeros
Model fingerprint: 0xa63e1eb8
Variable types: 68 continuous, 8192 integer (8192 binary)
Coefficient statistics:
  Matrix range     [1e+00, 1e+02]
  Objective range  [1e+01, 1e+01]
  Bounds range     [1e+00, 1e+00]
  RHS range        [1e+00, 2e+02]
Presolve removed 11712 rows and 2679 columns
Presolve time: 1.53s
Presolved: 12996 rows, 5581 columns, 50412 nonzeros
Variable types: 62 continuous, 5519 integer (5515 binary)

Root relaxation: objective 1.399800e+04, 2041 iterations, 0.09 seconds (0.04 work units)

    Nodes    |    Current Node    |     Objective Bounds      |     Work
 Expl Unexpl |  Obj  Depth IntInf | Incumbent    BestBd   Gap | It/Node Time

     0     0 13998.0000    0  145          - 13998.0000      -     -    2s
H    0     0                    13128.000000 13998.0000  6.63%     -    3s
H    0     0                    13408.000000 13998.0000  4.40%     -    3s
H    0     0                    13498.000000 13998.0000  3.70%     -    3s
     0     0 13998.0000    0  401 13498.0000 13998.0000  3.70%     -    4s
     0     0 13998.0000    0  376 13498.0000 13998.0000  3.70%     -    5s
     0     0 13998.0000    0  150 13498.0000 13998.0000  3.70%     -   11s
H    0     0                    13508.000000 13998.0000  3.63%     -   11s
     0     0 13998.0000    0  186 13508.0000 13998.0000  3.63%     -   11s
H    0     0                    13528.000000 13998.0000  3.47%     -   12s
H    0     0                    13538.000000 13998.0000  3.40%     -   15s
H    0     0                    13548.000000 13998.0000  3.32%     -   15s
H    0     0                    13578.000000 13998.0000  3.09%     -   15s
H    0     0                    13588.000000 13998.0000  3.02%     -   15s
H    0     0                    13618.000000 13998.0000  2.79%     -   15s
     0     0 13998.0000    0  164 13618.0000 13998.0000  2.79%     -   16s
     0     0 13998.0000    0  375 13618.0000 13998.0000  2.79%     -   17s
H    0     0                    13628.000000 13998.0000  2.71%     -   18s
     0     0 13998.0000    0  177 13628.0000 13998.0000  2.71%     -   23s
H    0     0                    13638.000000 13998.0000  2.64%     -   23s
     0     0 13998.0000    0  252 13638.0000 13998.0000  2.64%     -   23s
H    0     0                    13648.000000 13998.0000  2.56%     -   27s
     0     0 13998.0000    0  137 13648.0000 13998.0000  2.56%     -   28s
     0     0 13998.0000    0  137 13648.0000 13998.0000  2.56%     -   29s
     0     2 13998.0000    0  137 13648.0000 13998.0000  2.56%     -   36s
     1     4 13998.0000    1  177 13648.0000 13998.0000  2.56%   888   40s
     7    15 13998.0000    3  264 13648.0000 13998.0000  2.56%   454   47s
    15    28 13998.0000    4  301 13648.0000 13998.0000  2.56%   521   51s
    30    50 13998.0000    5  310 13648.0000 13998.0000  2.56%   519   84s
H   48    50                    13658.000000 13998.0000  2.49%   472   85s
    58    76 13998.0000    6  341 13658.0000 13998.0000  2.49%   500   93s
    90   104 13998.0000    7  326 13658.0000 13998.0000  2.49%   529  426s
   122   133 13998.0000    7  427 13658.0000 13998.0000  2.49%   515  494s
H  129   133                    13668.000000 13998.0000  2.41%   511  494s
   154   159 13998.0000    8  415 13668.0000 13998.0000  2.41%   468  498s
   186   187 13998.0000    8  459 13668.0000 13998.0000  2.41%   416  817s
H  191   187                    13688.000000 13998.0000  2.26%   410  817s
H  198   187                    13698.000000 13998.0000  2.19%   405  817s
   218   249 13998.0000    9  406 13698.0000 13998.0000  2.19%   395  845s
   282   280 13996.5058   10  492 13698.0000 13998.0000  2.19%   373  899s
   317   331 13998.0000   11  388 13698.0000 13998.0000  2.19%   367  905s
   379   365 13998.0000   12  360 13698.0000 13998.0000  2.19%   326  946s
   421   441 13998.0000   13  360 13698.0000 13998.0000  2.19%   307  983s
   507   545 13998.0000   15  460 13698.0000 13998.0000  2.19%   279 1005s
   627   638 13998.0000   18  432 13698.0000 13998.0000  2.19%   238 1043s
   741   748 13997.4521   21  331 13698.0000 13998.0000  2.19%   219 1074s
   869   853 13997.4828   21  286 13698.0000 13998.0000  2.19%   201 1085s
  1012   968 13988.0000   23  408 13698.0000 13998.0000  2.19%   186 1121s
  1174  1135 13988.0000   23  325 13698.0000 13998.0000  2.19%   175 1128s
H 1365  1163                    13718.000000 13998.0000  2.04%   160 1301s
  1399  1346 13987.3798   25  306 13718.0000 13998.0000  2.04%   160 1312s
  1677  1595 13968.0000   30  324 13718.0000 13998.0000  2.04%   146 1332s
  1987  1790 13958.0000   35  334 13718.0000 13998.0000  2.04%   136 1372s
  2255  2085 13948.0000   39  343 13718.0000 13998.0000  2.04%   127 1404s
  2665  2336 13938.0000   44  345 13718.0000 13998.0000  2.04%   120 1423s
  3022  2635 13858.0000   62  328 13718.0000 13998.0000  2.04%   116 1461s
  3427  2636 13978.0000   10  137 13718.0000 13998.0000  2.04%   112 1505s
  3430  2638 13848.0000   17  167 13718.0000 13998.0000  2.04%   112 1516s
  3432  2639 13878.0000   36  205 13718.0000 13998.0000  2.04%   112 1528s
  3433  2640 13868.0000   38  368 13718.0000 13998.0000  2.04%   112 1530s
  3434  2641 13788.0000   58  168 13718.0000 13998.0000  2.04%   112 1535s
  3436  2642 13838.0000   48  230 13718.0000 13998.0000  2.04%   112 1548s
  3437  2643 13838.0000   34  335 13718.0000 13998.0000  2.04%   112 1550s
  3438  2643 13958.0000   15  258 13718.0000 13998.0000  2.04%   112 1567s
  3439  2644 13928.0000   20  375 13718.0000 13998.0000  2.04%   112 1575s
  3440  2645 13788.0000   46  264 13718.0000 13998.0000  2.04%   112 1590s
  3441  2645 13868.0000   37  332 13718.0000 13998.0000  2.04%   112 1595s
  3442  2646 13808.0000   65  200 13718.0000 13998.0000  2.04%   112 1606s
  3444  2647 13888.0000   27  178 13718.0000 13998.0000  2.04%   112 1624s
  3445  2648 13988.0000   19  363 13718.0000 13998.0000  2.04%   112 1627s
  3446  2649 13748.0000   51  169 13718.0000 13998.0000  2.04%   112 1639s
  3447  2649 13778.0000   17  325 13718.0000 13998.0000  2.04%   112 1644s
  3448  2650 13838.0000   44  214 13718.0000 13998.0000  2.04%   112 1652s
  3449  2651 13958.0000    8  203 13718.0000 13998.0000  2.04%   112 1656s
  3451  2655 13998.0000   12  237 13718.0000 13998.0000  2.04%   131 1684s
  3453  2658 13998.0000   13  266 13718.0000 13998.0000  2.04%   131 1690s
  3457  2665 13998.0000   14  260 13718.0000 13998.0000  2.04%   131 1696s
  3465  2677 13998.0000   15  272 13718.0000 13998.0000  2.04%   131 1703s
  3481  2697 13998.0000   16  937 13718.0000 13998.0000  2.04%   131 1724s
  3512  2719 13998.0000   17  917 13718.0000 13998.0000  2.04%   134 1740s
  3544  2740 13998.0000   18  908 13718.0000 13998.0000  2.04%   134 2330s
  3576  2761 13898.0000   18  843 13718.0000 13998.0000  2.04%   134 2625s
  3608  2783 13996.7727   19  857 13718.0000 13998.0000  2.04%   134 2638s
  3640  2828 13998.0000   19  900 13718.0000 13998.0000  2.04%   133 2662s
  3696  2862 13998.0000   20  900 13718.0000 13998.0000  2.04%   135 2695s
  3749  2896 13978.0000   21  827 13718.0000 13998.0000  2.04%   136 2724s
  3802  3010 13998.0000   21  263 13718.0000 13998.0000  2.04%   140 2769s
  3949  3071 13998.0000   22  281 13718.0000 13998.0000  2.04%   139 2807s
  4090  3193 13998.0000   23  345 13718.0000 13998.0000  2.04%   138 2863s
  4296  3287 13998.0000   25  308 13718.0000 13998.0000  2.04%   135 2909s
  4508  3389 13998.0000   28  321 13718.0000 13998.0000  2.04%   132 2959s
  4754  3519 13998.0000   29  487 13718.0000 13998.0000  2.04%   130 3013s
  5009  3599 13998.0000   31  416 13718.0000 13998.0000  2.04%   126 3076s
  5227  3761 13998.0000   32  322 13718.0000 13998.0000  2.04%   126 3164s
  5499  3922 13988.0000   34  354 13718.0000 13998.0000  2.04%   124 3245s
  5812  4587 13968.0000   36  359 13718.0000 13998.0000  2.04%   120 3305s
  6826  4377 13888.0000   52  356 13718.0000 13998.0000  2.04%   110 3369s
  7074  5103 infeasible   53      13718.0000 13998.0000  2.04%   110 3408s
  8309  4758     cutoff   75      13718.0000 13998.0000  2.04%  99.2 3453s
  8541  5539 13998.0000   23  294 13718.0000 13998.0000  2.04%   100 3481s
  9808  5209 13918.0000   31  404 13718.0000 13998.0000  2.04%  92.4 3539s
 10014  6127 13938.0000   32  415 13718.0000 13998.0000  2.04%  92.7 3602s

Cutting planes:
  Gomory: 8
  Cover: 1
  Implied bound: 47
  Projected implied bound: 1
  MIR: 87
  StrongCG: 23
  Flow cover: 47
  Zero half: 5
  RLT: 31
  Relax-and-lift: 27

Explored 11472 nodes (1024479 simplex iterations) in 3609.41 seconds (117.81 work units)
Thread count was 32 (of 32 available processors)

Solution count 10: 13718 13698 13688 ... 13588

Time limit reached
Best objective 1.371800000000e+04, best bound 1.399800000000e+04, gap 2.0411%

Wrote result file '2_RCMPSP_84.sol'

