
Gurobi 10.0.3 (linux64, gurobi_cl) logging started Fri Nov  3 09:31:45 2023

Set parameter Username
Set parameter TimeLimit to value 3600
Set parameter LogFile to value "2_RCMPSP_109.log"
Set parameter Threads to value 32
Academic license - for non-commercial use only - expires 2024-10-30
Using license file /home/jrivera6/gurobi-licenses/v1003/compute-0-37/gurobi.lic

Gurobi Optimizer version 10.0.3 build v10.0.3rc0 (linux64)
Copyright (c) 2023, Gurobi Optimization, LLC

Read MPS format model from file 2_RCMPSP_109.mps
Reading time = 0.67 seconds
2_RCMPSP: 153930 rows, 51364 columns, 554320 nonzeros

CPU model: Intel(R) Xeon(R) Gold 6242 CPU @ 2.80GHz, instruction set [SSE2|AVX|AVX2|AVX512]
Thread count: 32 physical cores, 32 logical processors, using up to 32 threads

Optimize a model with 153930 rows, 51364 columns and 554320 nonzeros
Model fingerprint: 0xb767bbf9
Variable types: 164 continuous, 51200 integer (51200 binary)
Coefficient statistics:
  Matrix range     [1e+00, 4e+02]
  Objective range  [6e+01, 6e+01]
  Bounds range     [1e+00, 1e+00]
  RHS range        [1e+00, 4e+02]
Presolve removed 53552 rows and 6868 columns (presolve time = 5s) ...
Presolve removed 53552 rows and 6868 columns (presolve time = 10s) ...
Presolve removed 53552 rows and 6868 columns (presolve time = 15s) ...
Presolve removed 53552 rows and 6868 columns (presolve time = 46s) ...
Presolve removed 59032 rows and 9577 columns (presolve time = 50s) ...
Presolve removed 59032 rows and 9577 columns (presolve time = 55s) ...
Presolve removed 59064 rows and 9601 columns
Presolve time: 58.72s
Presolved: 94866 rows, 41763 columns, 373962 nonzeros
Variable types: 155 continuous, 41608 integer (41604 binary)

Deterministic concurrent LP optimizer: primal and dual simplex (primal and dual model)
Showing first log only...

Root relaxation presolved: 94848 rows, 41754 columns, 373908 nonzeros


Root simplex log...

Iteration    Objective       Primal Inf.    Dual Inf.      Time
       0    3.6331000e+04   5.864750e+03   4.982016e+09     63s
    9186    3.1342593e+04   0.000000e+00   3.708515e+04     65s
   10110    3.3503629e+04   0.000000e+00   3.044785e+04     70s
   10910    3.4322382e+04   0.000000e+00   5.538261e+04     75s
   11700    3.4961844e+04   0.000000e+00   2.305430e+04     81s
   12380    3.5338524e+04   0.000000e+00   9.774889e+03     86s
   12970    3.5703400e+04   0.000000e+00   6.741296e+03     91s
   13550    3.6023471e+04   0.000000e+00   7.407850e+03     95s
   14240    3.6255797e+04   0.000000e+00   2.031593e+03    100s
   14519    3.6331000e+04   0.000000e+00   0.000000e+00    103s
   14519    3.6331000e+04   0.000000e+00   0.000000e+00    103s
Concurrent spin time: 14.18s

Solved with dual simplex (primal model)

Root relaxation: objective 3.633100e+04, 18933 iterations, 57.15 seconds (5.72 work units)
Total elapsed time = 129.19s
Total elapsed time = 136.42s
Total elapsed time = 141.61s
Total elapsed time = 146.40s

    Nodes    |    Current Node    |     Objective Bounds      |     Work
 Expl Unexpl |  Obj  Depth IntInf | Incumbent    BestBd   Gap | It/Node Time

     0     0 36331.0000    0 1634          - 36331.0000      -     -  157s
H    0     0                    22938.000000 36331.0000  58.4%     -  160s
H    0     0                    24479.000000 36331.0000  48.4%     -  162s
     0     0 36331.0000    0 2739 24479.0000 36331.0000  48.4%     -  204s
H    0     0                    24886.000000 36331.0000  46.0%     -  208s
H    0     0                    25164.000000 36331.0000  44.4%     -  210s
     0     0 36331.0000    0 2624 25164.0000 36331.0000  44.4%     -  228s
     0     0 36331.0000    0 1797 25164.0000 36331.0000  44.4%     -  277s
     0     0 36331.0000    0 2388 25164.0000 36331.0000  44.4%     -  289s
     0     0 36331.0000    0 1932 25164.0000 36331.0000  44.4%     -  363s
H    0     0                    25563.000000 36331.0000  42.1%     -  366s
     0     0 36331.0000    0 2457 25563.0000 36331.0000  42.1%     -  377s
     0     0 36331.0000    0 1581 25563.0000 36331.0000  42.1%     -  431s
     0     0 36331.0000    0 2297 25563.0000 36331.0000  42.1%     -  445s
     0     0 36331.0000    0 1551 25563.0000 36331.0000  42.1%     -  495s
     0     0 36331.0000    0 1437 25563.0000 36331.0000  42.1%     -  513s
H    0     0                    25675.000000 36331.0000  41.5%     -  551s
H    0     2                    25848.000000 36331.0000  40.6%     -  584s
     0     2 36331.0000    0 1377 25848.0000 36331.0000  40.6%     -  584s
     1     4 36331.0000    1 1880 25848.0000 36331.0000  40.6% 11632  601s
     3     8 36331.0000    2 2421 25848.0000 36331.0000  40.6%  7764  673s
     7    16 36331.0000    3 2621 25848.0000 36331.0000  40.6%  8522  877s
    15    32 36331.0000    4 2781 25848.0000 36331.0000  40.6%  9018 1296s
    23    32 36331.0000    4 2776 25848.0000 36331.0000  40.6%  8845 1318s
    26    32 36329.7609    4 3172 25848.0000 36331.0000  40.6%  8976 1369s
H   31    58                    26190.000000 36331.0000  38.7%  8925 2310s
    32    58 36331.0000    5 2774 26190.0000 36331.0000  38.7%  8681 2327s
    33    58 36331.0000    5 2928 26190.0000 36331.0000  38.7%  8450 2334s
H   34    58                    26303.000000 36331.0000  38.1%  8201 2352s
    35    58 36331.0000    5 2512 26303.0000 36331.0000  38.1%  8029 2370s
    37    58 36331.0000    5 2885 26303.0000 36331.0000  38.1%  7725 2379s
H   38    58                    26586.000000 36331.0000  36.7%  7522 2381s
    41    58 36196.0000    5 3046 26586.0000 36331.0000  36.7%  7085 2385s
    63    73 36331.0000    6 2958 26586.0000 36331.0000  36.7%  6631 4937s
    78    73 36331.0000    6 2968 26586.0000 36331.0000  36.7%  6959 4940s

Cutting planes:
  Gomory: 18
  Lift-and-project: 5
  Cover: 4939
  Implied bound: 643
  Clique: 100
  MIR: 2634
  StrongCG: 145
  Zero half: 34
  RLT: 2402
  Relax-and-lift: 283

Explored 82 nodes (813372 simplex iterations) in 5004.14 seconds (513.93 work units)
Thread count was 32 (of 32 available processors)

Solution count 10: 26586 26303 26190 ... 22938

Time limit reached
Best objective 2.658600000000e+04, best bound 3.633100000000e+04, gap 36.6546%

Wrote result file '2_RCMPSP_109.sol'

