
Gurobi 10.0.3 (linux64, gurobi_cl) logging started Fri Nov  3 09:32:27 2023

Set parameter Username
Set parameter TimeLimit to value 3600
Set parameter LogFile to value "2_RCMPSP_4.log"
Set parameter Threads to value 32
Academic license - for non-commercial use only - expires 2024-10-30
Using license file /home/jrivera6/gurobi-licenses/v1003/compute-0-34/gurobi.lic

Gurobi Optimizer version 10.0.3 build v10.0.3rc0 (linux64)
Copyright (c) 2023, Gurobi Optimization, LLC

Read MPS format model from file 2_RCMPSP_4.mps
Reading time = 0.26 seconds
2_RCMPSP: 24708 rows, 8260 columns, 88116 nonzeros

CPU model: Intel(R) Xeon(R) Gold 6130 CPU @ 2.10GHz, instruction set [SSE2|AVX|AVX2|AVX512]
Thread count: 32 physical cores, 32 logical processors, using up to 32 threads

Optimize a model with 24708 rows, 8260 columns and 88116 nonzeros
Model fingerprint: 0x8b3e0c35
Variable types: 68 continuous, 8192 integer (8192 binary)
Coefficient statistics:
  Matrix range     [1e+00, 1e+02]
  Objective range  [1e+01, 1e+01]
  Bounds range     [1e+00, 1e+00]
  RHS range        [1e+00, 1e+02]
Presolve removed 10347 rows and 2064 columns
Presolve time: 1.61s
Presolved: 14361 rows, 6196 columns, 55842 nonzeros
Variable types: 62 continuous, 6134 integer (6130 binary)

Root relaxation: objective 1.429100e+04, 2280 iterations, 0.10 seconds (0.05 work units)

    Nodes    |    Current Node    |     Objective Bounds      |     Work
 Expl Unexpl |  Obj  Depth IntInf | Incumbent    BestBd   Gap | It/Node Time

     0     0 14291.0000    0  197          - 14291.0000      -     -    3s
H    0     0                    13501.000000 14291.0000  5.85%     -    3s
H    0     0                    13561.000000 14291.0000  5.38%     -    3s
H    0     0                    13631.000000 14291.0000  4.84%     -    6s
     0     0 14291.0000    0  399 13631.0000 14291.0000  4.84%     -    6s
     0     0 14291.0000    0  436 13631.0000 14291.0000  4.84%     -    7s
H    0     0                    13641.000000 14291.0000  4.77%     -    9s
H    0     0                    13651.000000 14291.0000  4.69%     -   17s
H    0     0                    13661.000000 14291.0000  4.61%     -   17s
H    0     0                    13691.000000 14291.0000  4.38%     -   17s
     0     0 14291.0000    0  188 13691.0000 14291.0000  4.38%     -   18s
H    0     0                    13701.000000 14291.0000  4.31%     -   19s
     0     0 14291.0000    0  281 13701.0000 14291.0000  4.31%     -   19s
H    0     0                    13751.000000 14291.0000  3.93%     -   24s
H    0     0                    13761.000000 14291.0000  3.85%     -   24s
     0     0 14291.0000    0  262 13761.0000 14291.0000  3.85%     -   25s
     0     0 14291.0000    0  383 13761.0000 14291.0000  3.85%     -   28s
     0     0 14291.0000    0  211 13761.0000 14291.0000  3.85%     -   33s
     0     0 14291.0000    0  344 13761.0000 14291.0000  3.85%     -   35s
     0     0 14291.0000    0  215 13761.0000 14291.0000  3.85%     -   44s
     0     0 14291.0000    0  215 13761.0000 14291.0000  3.85%     -   45s
     0     2 14291.0000    0  206 13761.0000 14291.0000  3.85%     -   57s
     1     4 14291.0000    1  255 13761.0000 14291.0000  3.85%  1923   60s
     3     8 14291.0000    2  442 13761.0000 14291.0000  3.85%  1098   66s
     7    15 14291.0000    3  486 13761.0000 14291.0000  3.85%  1036   72s
    15    29 14291.0000    4  559 13761.0000 14291.0000  3.85%   977   78s
    30    55 14291.0000    5  549 13761.0000 14291.0000  3.85%   915  126s
H   35    55                    13771.000000 14291.0000  3.78%   806  126s
    59    86 14291.0000    6  479 13771.0000 14291.0000  3.78%   687  183s
    91   115 14291.0000    7  504 13771.0000 14291.0000  3.78%   721  540s
H   92   115                    13781.000000 14291.0000  3.70%   713  540s
H  104   115                    13791.000000 14291.0000  3.63%   722  540s
   155   176 14291.0000    8  572 13791.0000 14291.0000  3.63%   637  548s
   187   220 14291.0000    9  497 13791.0000 14291.0000  3.63%   571  570s
   234   275 14291.0000   10  321 13791.0000 14291.0000  3.63%   717  591s
   292   462 14291.0000   11  380 13791.0000 14291.0000  3.63%   662  617s
   489   884 14291.0000   13  511 13791.0000 14291.0000  3.63%   495  641s
   955  1351 14291.0000   17  485 13791.0000 14291.0000  3.63%   318  678s
H 1517  1382                    13801.000000 14291.0000  3.55%   238 1287s
  1533  1382 13871.0000   66  376 13801.0000 14291.0000  3.55%   243 1347s
  1549  1500 14291.0000   21  273 13801.0000 14291.0000  3.55%   242 2480s
H 1556  1500                    13811.000000 14291.0000  3.48%   241 2483s
H 1560  1500                    13821.000000 14291.0000  3.40%   242 2485s
  1617  1500 13891.0000   67  375 13821.0000 14291.0000  3.40%   237 2491s
  1701  1500 14101.0000   58  362 13821.0000 14291.0000  3.40%   229 2514s
  1706  2117 14291.0000   28  361 13821.0000 14291.0000  3.40%   228 3586s
  2227  2117 14291.0000   24  493 13821.0000 14291.0000  3.40%   200 3608s

Cutting planes:
  Gomory: 41
  Lift-and-project: 8
  Cover: 436
  Implied bound: 432
  Clique: 5
  MIR: 667
  StrongCG: 63
  Zero half: 16
  RLT: 503
  Relax-and-lift: 86

Explored 2502 nodes (515472 simplex iterations) in 3866.01 seconds (59.92 work units)
Thread count was 32 (of 32 available processors)

Solution count 10: 13821 13811 13801 ... 13691

Time limit reached
Best objective 1.382100000000e+04, best bound 1.429100000000e+04, gap 3.4006%

Wrote result file '2_RCMPSP_4.sol'

