
Gurobi 10.0.3 (linux64, gurobi_cl) logging started Fri Nov  3 09:36:28 2023

Set parameter TimeLimit to value 3600
Set parameter LogFile to value "2_RCMPSP_93.log"
Set parameter Threads to value 32

Gurobi 10.0.3 (linux64, gurobi_cl) logging started Thu Nov  9 16:31:08 2023

Set parameter Username
Set parameter TimeLimit to value 3600
Set parameter LogFile to value "2_RCMPSP_93.log"
Set parameter Threads to value 32
Academic license - for non-commercial use only - expires 2024-10-30
Using license file /home/jrivera6/gurobi-licenses/v1003/compute-0-39/gurobi.lic

Gurobi Optimizer version 10.0.3 build v10.0.3rc0 (linux64)
Copyright (c) 2023, Gurobi Optimization, LLC

Read MPS format model from file 2_RCMPSP_93.mps
Reading time = 0.07 seconds
2_RCMPSP: 55494 rows, 18532 columns, 198960 nonzeros

CPU model: Intel(R) Xeon(R) Gold 6242 CPU @ 2.80GHz, instruction set [SSE2|AVX|AVX2|AVX512]
Thread count: 32 physical cores, 32 logical processors, using up to 32 threads

Optimize a model with 55494 rows, 18532 columns and 198960 nonzeros
Model fingerprint: 0x0c231cdc
Variable types: 100 continuous, 18432 integer (18432 binary)
Coefficient statistics:
  Matrix range     [1e+00, 2e+02]
  Objective range  [1e+01, 1e+01]
  Bounds range     [1e+00, 1e+00]
  RHS range        [1e+00, 2e+02]
Presolve removed 23894 rows and 4789 columns
Presolve time: 3.83s
Presolved: 31600 rows, 13743 columns, 123759 nonzeros
Variable types: 93 continuous, 13650 integer (13646 binary)

Deterministic concurrent LP optimizer: primal and dual simplex (primal and dual model)
Showing first log only...

Root relaxation presolved: 31600 rows, 13743 columns, 123759 nonzeros


Root simplex log...

Iteration    Objective       Primal Inf.    Dual Inf.      Time
    4737    2.0554418e+04   0.000000e+00   2.899525e+03      5s
Concurrent spin time: 0.35s

Solved with dual simplex (primal model)

Root relaxation: objective 2.085600e+04, 5731 iterations, 2.18 seconds (0.49 work units)

    Nodes    |    Current Node    |     Objective Bounds      |     Work
 Expl Unexpl |  Obj  Depth IntInf | Incumbent    BestBd   Gap | It/Node Time

     0     0 20856.0000    0  495          - 20856.0000      -     -    9s
H    0     0                    19336.000000 20856.0000  7.86%     -    9s
H    0     0                    19356.000000 20856.0000  7.75%     -    9s
H    0     0                    19366.000000 20856.0000  7.69%     -   10s
H    0     0                    19506.000000 20856.0000  6.92%     -   11s
H    0     0                    19596.000000 20856.0000  6.43%     -   11s
H    0     0                    19646.000000 20856.0000  6.16%     -   16s
     0     0 20856.0000    0 1007 19646.0000 20856.0000  6.16%     -   17s
H    0     0                    19706.000000 20856.0000  5.84%     -   20s
     0     0 20856.0000    0  943 19706.0000 20856.0000  5.84%     -   20s
H    0     0                    19786.000000 20856.0000  5.41%     -   23s
H    0     0                    19906.000000 20856.0000  4.77%     -   43s
H    0     0                    19996.000000 20856.0000  4.30%     -   43s
H    0     0                    20006.000000 20856.0000  4.25%     -   43s
H    0     0                    20026.000000 20856.0000  4.14%     -   43s
     0     0 20856.0000    0  486 20026.0000 20856.0000  4.14%     -   47s
H    0     0                    20046.000000 20856.0000  4.04%     -   51s
     0     0 20856.0000    0  720 20046.0000 20856.0000  4.04%     -   52s
H    0     0                    20076.000000 20856.0000  3.89%     -   67s
     0     0 20856.0000    0  640 20076.0000 20856.0000  3.89%     -   69s
     0     0 20856.0000    0  925 20076.0000 20856.0000  3.89%     -   72s
H    0     0                    20106.000000 20856.0000  3.73%     -   83s
     0     0 20856.0000    0  595 20106.0000 20856.0000  3.73%     -   85s
H    0     0                    20116.000000 20856.0000  3.68%     -   87s
     0     0 20856.0000    0  922 20116.0000 20856.0000  3.68%     -   90s
     0     0 20856.0000    0  565 20116.0000 20856.0000  3.68%     -  104s
     0     0 20856.0000    0  499 20116.0000 20856.0000  3.68%     -  106s
     0     2 20856.0000    0  499 20116.0000 20856.0000  3.68%     -  120s
     1     4 20856.0000    1  499 20116.0000 20856.0000  3.68%  2725  128s
     3     8 20856.0000    2  837 20116.0000 20856.0000  3.68%  1920  140s
     7    16 20856.0000    3  918 20116.0000 20856.0000  3.68%  2155  153s
    15    30 20856.0000    4  947 20116.0000 20856.0000  3.68%  2115  168s
    31    54 20856.0000    5  892 20116.0000 20856.0000  3.68%  2062  211s
H   35    54                    20136.000000 20856.0000  3.58%  2036  211s
    61    76 20856.0000    6  983 20136.0000 20856.0000  3.58%  1863  235s
    93   105 20856.0000    7 1018 20136.0000 20856.0000  3.58%  2034  997s
   125   134 20856.0000    7 1000 20136.0000 20856.0000  3.58%  1949 1218s
   157   161 20856.0000    8  990 20136.0000 20856.0000  3.58%  1682 1233s
   189   215 20856.0000    9  972 20136.0000 20856.0000  3.58%  1487 1255s
   248   267 20856.0000   10  603 20136.0000 20856.0000  3.58%  1331 1277s
   305   324 20855.4022   10 1075 20136.0000 20856.0000  3.58%  1169 1295s
   367   394 20856.0000   11  800 20136.0000 20856.0000  3.58%  1034 1315s
   443   462 20856.0000   12  776 20136.0000 20856.0000  3.58%   910 1332s
   521   547 20856.0000   14  891 20136.0000 20856.0000  3.58%   824 1348s
   616   646 20856.0000   15 1021 20136.0000 20856.0000  3.58%   735 1362s
   719   742 20856.0000   16  944 20136.0000 20856.0000  3.58%   659 1377s
   829   849 20856.0000   17  938 20136.0000 20856.0000  3.58%   595 1401s
   948   954 20856.0000   19  987 20136.0000 20856.0000  3.58%   549 1419s
  1066   981 20856.0000   20  973 20136.0000 20856.0000  3.58%   512 1565s
H 1067   981                    20146.000000 20856.0000  3.52%   511 1565s
  1100  1125 20856.0000   21  950 20146.0000 20856.0000  3.52%   505 1579s
  1265  1271 20856.0000   23 1089 20146.0000 20856.0000  3.52%   454 1607s
  1432  1464 20856.0000   24 1071 20146.0000 20856.0000  3.52%   418 1622s
  1639  1694 20856.0000   26 1104 20146.0000 20856.0000  3.52%   379 1639s
  1882  1938 20856.0000   27 1102 20146.0000 20856.0000  3.52%   341 1656s
H 2163  1968                    20166.000000 20856.0000  3.42%   305 2233s
  2195  2324 20856.0000   29 1039 20166.0000 20856.0000  3.42%   305 2258s
  2613  2600 20856.0000   30  647 20166.0000 20856.0000  3.42%   272 2298s
  2963  2807 20856.0000   31  847 20166.0000 20856.0000  3.42%   263 2352s
  3225  3010 20856.0000   32  802 20166.0000 20856.0000  3.42%   258 2379s
  3486  3130 20856.0000   33  949 20166.0000 20856.0000  3.42%   251 2408s
  3665  3318 20849.5464   34 1054 20166.0000 20856.0000  3.42%   253 2441s
  3886  3496 20856.0000   34 1171 20166.0000 20856.0000  3.42%   254 2468s
  4088  3749 20856.0000   35 1157 20166.0000 20856.0000  3.42%   253 2510s
  4375  4071 20856.0000   35 1032 20166.0000 20856.0000  3.42%   251 2568s
  4731  4421 20855.4287   36 1052 20166.0000 20856.0000  3.42%   243 2624s
  5187  4792 20856.0000   37  984 20166.0000 20856.0000  3.42%   236 2678s
  5627  4793 20456.0000   22  499 20166.0000 20856.0000  3.42%   232 2819s
  5629  4794 20346.0000   77  549 20166.0000 20856.0000  3.42%   232 2944s
  5630  4795 20436.0000   51  726 20166.0000 20856.0000  3.42%   232 3020s
  5631  4796 20636.0000   17  949 20166.0000 20856.0000  3.42%   232 3025s
  5632  4796 20306.0000   79  617 20166.0000 20856.0000  3.42%   232 3047s
  5633  4797 20356.0000   45  862 20166.0000 20856.0000  3.42%   232 3052s
H 5633  4557                    20196.000000 20856.0000  3.27%   232 3065s
  5634  4558 20406.0000   61  442 20196.0000 20856.0000  3.27%   232 3077s
  5635  4558 20336.0000   79  729 20196.0000 20856.0000  3.27%   232 3084s
  5636  4559 20646.0000   74  582 20196.0000 20856.0000  3.27%   232 3119s
  5637  4560 20526.0000  158  743 20196.0000 20856.0000  3.27%   232 3124s
  5638  4560 20656.0000   73  566 20196.0000 20856.0000  3.27%   232 3142s
  5639  4561 20526.0000   95  874 20196.0000 20856.0000  3.27%   232 3150s
  5640  4562 20286.0000   58  593 20196.0000 20856.0000  3.27%   232 3183s
  5641  4562 20835.5455   31  984 20196.0000 20856.0000  3.27%   232 3189s
H 5641  4333                    20206.000000 20856.0000  3.22%   232 3203s
  5642  4334 20206.0000  118  610 20206.0000 20856.0000  3.22%   232 3209s
  5643  4335 20646.0000   32  811 20206.0000 20856.0000  3.22%   232 3220s
  5644  4335 20426.0000   51  579 20206.0000 20856.0000  3.22%   232 3245s
  5645  4336 20701.9259   97  829 20206.0000 20856.0000  3.22%   232 3250s
  5646  4337 20206.0000   89  579 20206.0000 20856.0000  3.22%   232 3265s
  5647  4337 20636.0000   25  964 20206.0000 20856.0000  3.22%   232 3271s
  5648  4338 20686.0000   61  553 20206.0000 20856.0000  3.22%   231 3305s
H 5649  4122                    20216.000000 20856.0000  3.17%   231 3314s
  5651  4126 20856.0000   14  503 20216.0000 20856.0000  3.17%   261 3343s
  5653  4129 20856.0000   15  514 20216.0000 20856.0000  3.17%   261 3355s
  5657  4136 20856.0000   16  627 20216.0000 20856.0000  3.17%   261 3370s
  5665  4149 20856.0000   17  649 20216.0000 20856.0000  3.17%   262 3389s
H 5681  3969                    20226.000000 20856.0000  3.11%   262 3473s
  5713  3990 20856.0000   19  681 20226.0000 20856.0000  3.11%   263 3498s
  5745  4012 20856.0000   19  670 20226.0000 20856.0000  3.11%   263 4237s
  5747  4011 20856.0000   19  678 20226.0000 20856.0000  3.11%   263 4247s

Cutting planes:
  Learned: 1
  Gomory: 8
  Cover: 7
  Implied bound: 40
  Projected implied bound: 1
  Clique: 4
  MIR: 113
  StrongCG: 25
  Flow cover: 66
  Zero half: 5
  RLT: 31
  Relax-and-lift: 21

Explored 5777 nodes (1613597 simplex iterations) in 4356.85 seconds (342.49 work units)
Thread count was 32 (of 32 available processors)

Solution count 10: 20226 20216 20206 ... 20076

Time limit reached
Best objective 2.022600000000e+04, best bound 2.085600000000e+04, gap 3.1148%

Wrote result file '2_RCMPSP_93.sol'

