
Gurobi 10.0.3 (linux64, gurobi_cl) logging started Fri Nov 10 22:32:50 2023

Set parameter Username
Set parameter TimeLimit to value 3600
Set parameter LogFile to value "2_RCMPSP_151.log"
Set parameter Threads to value 32
Academic license - for non-commercial use only - expires 2024-10-30
Using license file /home/jrivera6/gurobi-licenses/v1003/compute-0-37/gurobi.lic

Gurobi Optimizer version 10.0.3 build v10.0.3rc0 (linux64)
Copyright (c) 2023, Gurobi Optimization, LLC

Read MPS format model from file 2_RCMPSP_151.mps
Reading time = 0.81 seconds
2_RCMPSP: 615060 rows, 205124 columns, 2034030 nonzeros

CPU model: Intel(R) Xeon(R) Gold 6242 CPU @ 2.80GHz, instruction set [SSE2|AVX|AVX2|AVX512]
Thread count: 32 physical cores, 32 logical processors, using up to 32 threads

Optimize a model with 615060 rows, 205124 columns and 2034030 nonzeros
Model fingerprint: 0xadd7373b
Variable types: 324 continuous, 204800 integer (204800 binary)
Coefficient statistics:
  Matrix range     [1e+00, 7e+01]
  Objective range  [1e+01, 1e+01]
  Bounds range     [1e+00, 1e+00]
  RHS range        [1e+00, 8e+01]
Presolve removed 477982 rows and 140900 columns (presolve time = 5s) ...
Presolve removed 478904 rows and 141455 columns
Presolve time: 9.14s
Presolved: 136156 rows, 63669 columns, 467932 nonzeros
Variable types: 221 continuous, 63448 integer (63444 binary)
Found heuristic solution: objective 44025.000000

Deterministic concurrent LP optimizer: primal and dual simplex (primal and dual model)
Showing first log only...

Root relaxation presolved: 135677 rows, 63722 columns, 467097 nonzeros


Root simplex log...

Iteration    Objective       Primal Inf.    Dual Inf.      Time
       0    5.0095000e+04   5.160125e+03   7.500531e+09     17s
   19477    2.8255000e+04   0.000000e+00   3.200000e+02     19s
   19887    4.6267707e+04   0.000000e+00   3.053955e+04     21s
   20499    4.6377716e+04   0.000000e+00   4.036468e+04     25s
   21315    4.6770719e+04   0.000000e+00   2.962967e+04     31s
   21927    4.6996160e+04   0.000000e+00   2.064183e+04     36s
   22539    4.7133323e+04   0.000000e+00   3.121574e+04     41s
   23151    4.7188292e+04   0.000000e+00   9.442555e+04     47s
   23559    4.7245177e+04   0.000000e+00   2.403627e+04     51s
   24117    4.7310626e+04   0.000000e+00   2.382475e+05     58s
   24317    4.7363093e+04   0.000000e+00   2.373354e+05     61s
   24725    4.7442312e+04   0.000000e+00   5.108787e+04     67s
   25119    4.7540800e+04   0.000000e+00   8.298267e+04     73s
   25299    4.7582302e+04   0.000000e+00   1.187570e+05     76s
   25707    4.7681164e+04   0.000000e+00   9.901644e+04     81s
   25977    4.7713460e+04   0.000000e+00   9.635730e+04     87s
   26237    4.7751427e+04   0.000000e+00   3.611233e+04     92s
   26477    4.7786452e+04   0.000000e+00   4.757394e+05     97s
   26727    4.7807058e+04   0.000000e+00   1.095302e+05    102s
   26987    4.7842985e+04   0.000000e+00   1.541220e+05    107s
   27247    4.7865176e+04   0.000000e+00   1.173967e+05    112s
   27367    4.7877094e+04   0.000000e+00   2.440561e+04    115s
   27607    4.7905809e+04   0.000000e+00   9.322377e+04    120s
   27877    4.7926178e+04   0.000000e+00   7.007260e+04    126s
   28137    4.7944510e+04   0.000000e+00   2.876070e+04    132s
   28407    4.7953213e+04   0.000000e+00   3.317945e+04    138s
   28537    4.7958195e+04   0.000000e+00   1.551876e+05    141s
   28797    4.7970636e+04   0.000000e+00   2.049518e+05    147s
   28927    4.7979179e+04   0.000000e+00   5.001423e+04    150s
   29177    4.7994644e+04   0.000000e+00   4.917617e+04    156s
   29317    4.8000996e+04   0.000000e+00   2.728755e+04    160s
   29577    4.8015357e+04   0.000000e+00   2.674043e+05    166s
   29887    4.8036503e+04   0.000000e+00   6.518794e+04    173s
   30037    4.8046443e+04   0.000000e+00   5.238532e+04    177s
   30157    4.8053492e+04   0.000000e+00   1.892631e+05    180s
   30397    4.8082587e+04   0.000000e+00   1.955116e+05    187s
   30627    4.8096335e+04   0.000000e+00   5.396871e+04    193s
   30737    4.8101892e+04   0.000000e+00   6.107752e+04    197s
   30957    4.8119847e+04   0.000000e+00   2.332464e+05    203s
   31067    4.8125215e+04   0.000000e+00   3.393756e+05    206s
   31287    4.8130184e+04   0.000000e+00   2.271247e+04    212s
   31387    4.8132633e+04   0.000000e+00   9.934514e+04    216s
   31597    4.8142463e+04   0.000000e+00   4.917549e+05    222s
   31807    4.8149550e+04   0.000000e+00   7.217515e+04    228s
   31907    4.8150050e+04   0.000000e+00   1.697652e+05    231s
   32197    4.8168750e+04   0.000000e+00   3.330176e+05    240s
   32297    4.8171833e+04   0.000000e+00   4.183766e+04    242s
   32497    4.8177363e+04   0.000000e+00   4.412075e+04    248s
   32597    4.8183216e+04   0.000000e+00   4.320996e+05    251s
   32907    4.8200469e+04   0.000000e+00   1.965852e+04    260s
   33107    4.8206197e+04   0.000000e+00   7.027270e+04    266s
   33317    4.8213679e+04   0.000000e+00   1.305769e+05    271s
   33527    4.8221535e+04   0.000000e+00   2.145016e+04    277s
   33727    4.8225528e+04   0.000000e+00   3.182374e+04    283s
   33827    4.8230021e+04   0.000000e+00   5.348524e+04    286s
   34027    4.8238317e+04   0.000000e+00   1.872000e+05    291s
   34227    4.8248549e+04   0.000000e+00   9.464464e+04    297s
   34347    4.8256705e+04   0.000000e+00   3.447923e+05    300s
   34597    4.8271513e+04   0.000000e+00   6.384278e+04    307s
   34717    4.8281111e+04   0.000000e+00   2.010133e+05    310s
   34987    4.8290098e+04   0.000000e+00   5.828326e+04    317s
   35187    4.8295306e+04   0.000000e+00   7.358330e+04    322s
   35287    4.8297993e+04   0.000000e+00   4.619957e+04    325s
   35487    4.8308229e+04   0.000000e+00   7.518370e+04    331s
   35687    4.8315312e+04   0.000000e+00   4.841610e+04    337s
   35897    4.8321366e+04   0.000000e+00   2.688077e+05    343s
   36017    4.8329407e+04   0.000000e+00   1.497879e+05    346s
   36237    4.8341120e+04   0.000000e+00   3.547639e+04    352s
   36357    4.8346432e+04   0.000000e+00   6.597702e+04    355s
   36577    4.8352934e+04   0.000000e+00   5.357985e+04    361s
   36797    4.8361294e+04   0.000000e+00   4.624111e+04    368s
   36917    4.8365890e+04   0.000000e+00   1.571835e+05    371s
   37187    4.8373463e+04   0.000000e+00   4.390164e+04    378s
   37307    4.8375694e+04   0.000000e+00   5.144471e+04    381s
Concurrent spin time: 87.85s

Solved with primal simplex (dual model)

Root relaxation: objective 4.913596e+04, 81474 iterations, 458.18 seconds (50.65 work units)
Total elapsed time = 632.28s
Total elapsed time = 650.37s
Total elapsed time = 667.19s
Total elapsed time = 680.93s

    Nodes    |    Current Node    |     Objective Bounds      |     Work
 Expl Unexpl |  Obj  Depth IntInf | Incumbent    BestBd   Gap | It/Node Time

     0     0 49135.9602    0 8126 44025.0000 49135.9602  11.6%     -  701s
H    0     0                    45845.000000 49135.9602  7.18%     -  702s
H    0     0                    45855.000000 49135.9602  7.16%     -  702s
H    0     0                    45875.000000 49135.9602  7.11%     -  703s
     0     0 49032.5677    0 10347 45875.0000 49032.5677  6.88%     -  963s
H    0     0                    46305.000000 49032.5677  5.89%     -  965s
H    0     0                    46415.000000 49032.5677  5.64%     -  967s
     0     0 48971.7847    0 12145 46415.0000 48971.7847  5.51%     - 1405s
     0     0 48964.7581    0 12556 46415.0000 48964.7581  5.49%     - 1582s
     0     0 48964.3693    0 12724 46415.0000 48964.3693  5.49%     - 1632s
     0     0 48964.2838    0 12763 46415.0000 48964.2838  5.49%     - 1657s
     0     0 48964.2767    0 12808 46415.0000 48964.2767  5.49%     - 1671s
     0     0 48900.6587    0 13851 46415.0000 48900.6587  5.36%     - 3685s

Cutting planes:
  Learned: 743
  Gomory: 62
  Cover: 5580
  Implied bound: 154
  Clique: 4376
  MIR: 1732
  StrongCG: 165
  Flow cover: 61
  GUB cover: 233
  Zero half: 2
  RLT: 1540
  Relax-and-lift: 881

Explored 1 nodes (380905 simplex iterations) in 3865.40 seconds (873.69 work units)
Thread count was 32 (of 32 available processors)

Solution count 6: 46415 46305 45875 ... 44025

Time limit reached
Best objective 4.641500000000e+04, best bound 4.889500000000e+04, gap 5.3431%

Wrote result file '2_RCMPSP_151.sol'

