
Gurobi 10.0.3 (linux64, gurobi_cl) logging started Fri Nov  3 09:32:27 2023

Set parameter Username
Set parameter TimeLimit to value 3600
Set parameter LogFile to value "2_RCMPSP_26.log"
Set parameter Threads to value 32
Academic license - for non-commercial use only - expires 2024-10-30
Using license file /home/jrivera6/gurobi-licenses/v1003/compute-0-34/gurobi.lic

Gurobi Optimizer version 10.0.3 build v10.0.3rc0 (linux64)
Copyright (c) 2023, Gurobi Optimization, LLC

Read MPS format model from file 2_RCMPSP_26.mps
Reading time = 0.88 seconds
2_RCMPSP: 153930 rows, 51364 columns, 554370 nonzeros

CPU model: Intel(R) Xeon(R) Gold 6130 CPU @ 2.10GHz, instruction set [SSE2|AVX|AVX2|AVX512]
Thread count: 32 physical cores, 32 logical processors, using up to 32 threads

Optimize a model with 153930 rows, 51364 columns and 554370 nonzeros
Model fingerprint: 0xdc4acfa8
Variable types: 164 continuous, 51200 integer (51200 binary)
Coefficient statistics:
  Matrix range     [1e+00, 5e+01]
  Objective range  [5e+01, 5e+01]
  Bounds range     [1e+00, 1e+00]
  RHS range        [1e+00, 8e+01]
Presolve removed 84374 rows and 20109 columns (presolve time = 6s) ...
Presolve removed 84374 rows and 20109 columns (presolve time = 10s) ...
Presolve removed 84374 rows and 20109 columns (presolve time = 15s) ...
Presolve removed 84374 rows and 20109 columns (presolve time = 30s) ...
Presolve removed 85329 rows and 20671 columns (presolve time = 30s) ...
Presolve removed 85506 rows and 20766 columns (presolve time = 36s) ...
Presolve removed 85509 rows and 20769 columns (presolve time = 40s) ...
Presolve removed 85509 rows and 20769 columns
Presolve time: 40.54s
Presolved: 68421 rows, 30595 columns, 271186 nonzeros
Variable types: 146 continuous, 30449 integer (30445 binary)
Found heuristic solution: objective 2561.0000000

Deterministic concurrent LP optimizer: primal and dual simplex (primal and dual model)
Showing first log only...

Root relaxation presolved: 68407 rows, 30601 columns, 271164 nonzeros


Root simplex log...

Iteration    Objective       Primal Inf.    Dual Inf.      Time
       0    3.6833000e+04   2.929188e+03   4.029062e+09     55s
    8586   -9.8645000e+04   0.000000e+00   1.560000e+03     56s
    9922    2.4615384e+04   0.000000e+00   2.596371e+05     60s
   11182    3.0008086e+04   0.000000e+00   4.573127e+04     65s
   12792    3.3266432e+04   0.000000e+00   6.022059e+05     70s
   13672    3.3982087e+04   0.000000e+00   3.575149e+05     77s
   13942    3.4144640e+04   0.000000e+00   1.580171e+06     80s
   14392    3.4418180e+04   0.000000e+00   1.146067e+05     85s
   14812    3.4630318e+04   0.000000e+00   8.653975e+04     90s
   15232    3.4809728e+04   0.000000e+00   6.471796e+04     95s
Concurrent spin time: 15.71s

Solved with primal simplex (dual model)

Root relaxation: objective 3.634500e+04, 36771 iterations, 58.97 seconds (9.70 work units)
Total elapsed time = 158.20s
Total elapsed time = 161.59s
Total elapsed time = 165.70s

    Nodes    |    Current Node    |     Objective Bounds      |     Work
 Expl Unexpl |  Obj  Depth IntInf | Incumbent    BestBd   Gap | It/Node Time

     0     0 36345.0000    0 3829 2561.00000 36345.0000  1319%     -  188s
     0     0 36345.0000    0 3827 2561.00000 36345.0000  1319%     -  204s
H    0     0                    16550.000000 36345.0000   120%     -  205s
H    0     0                    19068.000000 36345.0000  90.6%     -  213s
H    0     0                    19508.000000 36345.0000  86.3%     -  215s
H    0     0                    20581.000000 35878.8882  74.3%     -  666s
H    0     0                    21268.000000 35878.8882  68.7%     -  666s
H    0     0                    21410.000000 35878.8882  67.6%     -  666s
     0     0 35505.0000    0 5007 21410.0000 35505.0000  65.8%     -  685s
H    0     0                    21657.000000 35505.0000  63.9%     -  693s
     0     0 35264.4532    0 5695 21657.0000 35264.4532  62.8%     -  993s
     0     0 35264.4532    0 5860 21657.0000 35264.4532  62.8%     - 1022s
H    0     0                    22088.000000 35264.4532  59.7%     - 1042s
     0     0 35264.4532    0 5715 22088.0000 35264.4532  59.7%     - 1043s
     0     0 35264.4532    0 5723 22088.0000 35264.4532  59.7%     - 1050s
     0     0 35264.4532    0 5672 22088.0000 35264.4532  59.7%     - 1052s
     0     0 35264.4532    0 5684 22088.0000 35264.4532  59.7%     - 1054s
     0     0 35264.4532    0 5700 22088.0000 35264.4532  59.7%     - 1055s
     0     0 34637.3626    0 6108 22088.0000 34637.3626  56.8%     - 1331s
     0     0 34277.6705    0 6656 22088.0000 34277.6705  55.2%     - 1434s
     0     0 34189.2667    0 6706 22088.0000 34189.2667  54.8%     - 1490s
     0     0 34167.0222    0 6927 22088.0000 34167.0222  54.7%     - 1513s
     0     0 34161.2130    0 6817 22088.0000 34161.2130  54.7%     - 1527s
     0     0 34157.7238    0 6821 22088.0000 34157.7238  54.6%     - 1537s
     0     0 34157.1022    0 6793 22088.0000 34157.1022  54.6%     - 1542s
     0     0 34156.9549    0 6839 22088.0000 34156.9549  54.6%     - 1544s
H    0     0                    22488.000000 33906.0930  50.8%     - 1738s
     0     0 33906.0930    0 6817 22488.0000 33906.0930  50.8%     - 1747s
H    0     0                    22590.000000 33906.0930  50.1%     - 1753s
H    0     0                    22638.000000 33797.4194  49.3%     - 1836s
H    0     0                    22935.000000 33797.4194  47.4%     - 1840s
     0     0 33797.4194    0 7287 22935.0000 33797.4194  47.4%     - 1937s
     0     0 33781.7799    0 7411 22935.0000 33781.7799  47.3%     - 1970s
     0     0 33775.2942    0 7374 22935.0000 33775.2942  47.3%     - 1986s
     0     0 33772.4451    0 7149 22935.0000 33772.4451  47.3%     - 2008s
     0     0 33771.6244    0 7296 22935.0000 33771.6244  47.2%     - 2015s
     0     0 33771.2136    0 7328 22935.0000 33771.2136  47.2%     - 2019s
     0     0 33634.9778    0 7327 22935.0000 33634.9778  46.7%     - 2126s
     0     0 33559.9928    0 7532 22935.0000 33559.9928  46.3%     - 2213s
     0     0 33546.6381    0 7718 22935.0000 33546.6381  46.3%     - 2247s
     0     0 33542.7662    0 7646 22935.0000 33542.7662  46.3%     - 2264s
     0     0 33541.6624    0 7690 22935.0000 33541.6624  46.2%     - 2274s
     0     0 33540.8830    0 7713 22935.0000 33540.8830  46.2%     - 2280s
     0     0 33540.7146    0 7722 22935.0000 33540.7146  46.2%     - 2284s
     0     0 33463.9382    0 7571 22935.0000 33463.9382  45.9%     - 2368s
H    0     0                    23075.000000 33424.7815  44.9%     - 2438s
     0     0 33424.7815    0 7756 23075.0000 33424.7815  44.9%     - 2439s
     0     0 33415.9068    0 7848 23075.0000 33415.9068  44.8%     - 2467s
     0     0 33413.1307    0 7912 23075.0000 33413.1307  44.8%     - 2479s
     0     0 33412.6284    0 7955 23075.0000 33412.6284  44.8%     - 2484s
H    0     0                    23169.000000 33412.6284  44.2%     - 2549s
H    0     0                    23319.000000 33352.0919  43.0%     - 2634s
H    0     0                    23416.000000 33352.0919  42.4%     - 2665s
     0     0 33352.0919    0 7975 23416.0000 33352.0919  42.4%     - 2667s
H    0     0                    23566.000000 33324.3643  41.4%     - 2736s
     0     0 33324.3643    0 8184 23566.0000 33324.3643  41.4%     - 2738s
     0     0 33324.3643    0 8183 23566.0000 33324.3643  41.4%     - 2738s
     0     0 33317.2286    0 8227 23566.0000 33317.2286  41.4%     - 2756s
H    0     0                    23710.000000 33313.8032  40.5%     - 2771s
     0     0 33313.8032    0 8245 23710.0000 33313.8032  40.5%     - 2771s
     0     0 33312.4508    0 8236 23710.0000 33312.4508  40.5%     - 2783s
H    0     0                    23760.000000 33312.2070  40.2%     - 2789s
     0     0 33312.2070    0 8221 23760.0000 33312.2070  40.2%     - 2789s
     0     0 33312.2070    0 8219 23760.0000 33312.2070  40.2%     - 2790s
H    0     0                    23810.000000 33266.0034  39.7%     - 2869s
     0     0 33266.0034    0 8142 23810.0000 33266.0034  39.7%     - 2870s
     0     0 33253.2771    0 8224 23810.0000 33253.2771  39.7%     - 2893s
     0     0 33249.4741    0 8184 23810.0000 33249.4741  39.6%     - 2905s
     0     0 33247.9201    0 8239 23810.0000 33247.9201  39.6%     - 2909s
     0     0 33247.6029    0 8312 23810.0000 33247.6029  39.6%     - 2914s
     0     0 33221.9702    0 8077 23810.0000 33221.9702  39.5%     - 2980s
     0     0 33214.7230    0 8301 23810.0000 33214.7230  39.5%     - 3015s
     0     0 33211.9376    0 8271 23810.0000 33211.9376  39.5%     - 3036s
     0     0 33210.8673    0 8263 23810.0000 33210.8673  39.5%     - 3046s
     0     0 33210.4293    0 8240 23810.0000 33210.4293  39.5%     - 3054s
     0     0 33191.0191    0 8277 23810.0000 33191.0191  39.4%     - 3132s
H    0     0                    23860.000000 33191.0191  39.1%     - 3136s
     0     0 33185.7832    0 8405 23860.0000 33185.7832  39.1%     - 3161s
     0     0 33184.2047    0 8469 23860.0000 33184.2047  39.1%     - 3174s
     0     0 33183.4055    0 8528 23860.0000 33183.4055  39.1%     - 3186s
     0     0 33170.7513    0 8466 23860.0000 33170.7513  39.0%     - 3278s
     0     0 33168.2269    0 8548 23860.0000 33168.2269  39.0%     - 3303s
     0     0 33168.2269    0 8543 23860.0000 33168.2269  39.0%     - 3303s
     0     0 33167.3567    0 8570 23860.0000 33167.3567  39.0%     - 3322s
     0     0 33161.6929    0 8574 23860.0000 33161.6929  39.0%     - 3364s
     0     0 33159.3898    0 8587 23860.0000 33159.3898  39.0%     - 3395s
     0     0 33158.6165    0 8631 23860.0000 33158.6165  39.0%     - 3413s
     0     0 33153.9198    0 8755 23860.0000 33153.9198  39.0%     - 3473s
     0     0 33150.6155    0 8734 23860.0000 33150.6155  38.9%     - 3511s
     0     0 33149.3421    0 8681 23860.0000 33149.3421  38.9%     - 3528s
     0     0 33149.0908    0 8726 23860.0000 33149.0908  38.9%     - 3537s
     0     0          -    0      23860.0000 33149.0908  38.9%     - 3600s

Cutting planes:
  Learned: 32
  Gomory: 1
  Cover: 4104
  Implied bound: 99
  Clique: 3181
  MIR: 1311
  StrongCG: 135
  Flow cover: 10
  GUB cover: 673
  Zero half: 70
  Network: 1
  RLT: 463
  Relax-and-lift: 249

Explored 1 nodes (517010 simplex iterations) in 4382.08 seconds (1060.40 work units)
Thread count was 32 (of 32 available processors)

Solution count 10: 23860 23810 23760 ... 22935

Time limit reached
Best objective 2.386000000000e+04, best bound 3.314900000000e+04, gap 38.9313%

Wrote result file '2_RCMPSP_26.sol'

