
Gurobi 10.0.3 (linux64, gurobi_cl) logging started Fri Nov  3 09:32:27 2023

Set parameter Username
Set parameter TimeLimit to value 3600
Set parameter LogFile to value "2_RCMPSP_28.log"
Set parameter Threads to value 32
Academic license - for non-commercial use only - expires 2024-10-30
Using license file /home/jrivera6/gurobi-licenses/v1003/compute-0-34/gurobi.lic

Gurobi Optimizer version 10.0.3 build v10.0.3rc0 (linux64)
Copyright (c) 2023, Gurobi Optimization, LLC

Read MPS format model from file 2_RCMPSP_28.mps
Reading time = 0.88 seconds
2_RCMPSP: 153930 rows, 51364 columns, 554370 nonzeros

CPU model: Intel(R) Xeon(R) Gold 6130 CPU @ 2.10GHz, instruction set [SSE2|AVX|AVX2|AVX512]
Thread count: 32 physical cores, 32 logical processors, using up to 32 threads

Optimize a model with 153930 rows, 51364 columns and 554370 nonzeros
Model fingerprint: 0x7a288e54
Variable types: 164 continuous, 51200 integer (51200 binary)
Coefficient statistics:
  Matrix range     [1e+00, 2e+02]
  Objective range  [5e+01, 5e+01]
  Bounds range     [1e+00, 1e+00]
  RHS range        [1e+00, 2e+02]
Presolve removed 55652 rows and 7743 columns (presolve time = 5s) ...
Presolve removed 55652 rows and 7743 columns (presolve time = 10s) ...
Presolve removed 55652 rows and 7743 columns (presolve time = 15s) ...
Presolve removed 55652 rows and 7743 columns (presolve time = 21s) ...
Presolve removed 55652 rows and 7743 columns (presolve time = 26s) ...
Presolve removed 55652 rows and 7743 columns (presolve time = 31s) ...
Presolve removed 55652 rows and 7743 columns (presolve time = 40s) ...
Presolve removed 58455 rows and 9184 columns (presolve time = 40s) ...
Presolve removed 59486 rows and 9655 columns (presolve time = 45s) ...
Presolve removed 59486 rows and 9655 columns (presolve time = 50s) ...
Presolve removed 59486 rows and 9655 columns (presolve time = 56s) ...
Presolve removed 59486 rows and 9655 columns (presolve time = 60s) ...
Presolve removed 59506 rows and 9670 columns (presolve time = 65s) ...
Presolve removed 59506 rows and 9670 columns
Presolve time: 65.44s
Presolved: 94424 rows, 41694 columns, 373064 nonzeros
Variable types: 155 continuous, 41539 integer (41535 binary)

Deterministic concurrent LP optimizer: primal and dual simplex (primal and dual model)
Showing first log only...

Root relaxation presolved: 94416 rows, 41690 columns, 373040 nonzeros


Root simplex log...

Iteration    Objective       Primal Inf.    Dual Inf.      Time
       0    3.6833000e+04   4.749625e+03   5.128047e+09     76s
   10232   -1.1970700e+05   0.000000e+00   1.560000e+03     79s
   10580    2.9751079e+04   0.000000e+00   4.900842e+04     80s
   11446    3.2424408e+04   0.000000e+00   2.376985e+04     85s
   12234    3.3584327e+04   0.000000e+00   4.979648e+04     91s
   12818    3.4135761e+04   0.000000e+00   4.134748e+04     95s
   13528    3.4741299e+04   0.000000e+00   1.124615e+04    100s
   14436    3.5386194e+04   0.000000e+00   1.643392e+04    105s
Concurrent spin time: 3.20s

Solved with dual simplex (primal model)

Root relaxation: objective 3.683300e+04, 17751 iterations, 38.20 seconds (3.17 work units)
Total elapsed time = 124.44s
Total elapsed time = 133.39s
Total elapsed time = 138.88s
Total elapsed time = 144.09s

    Nodes    |    Current Node    |     Objective Bounds      |     Work
 Expl Unexpl |  Obj  Depth IntInf | Incumbent    BestBd   Gap | It/Node Time

     0     0 36833.0000    0 1873          - 36833.0000      -     -  154s
H    0     0                    23611.000000 36833.0000  56.0%     -  156s
H    0     0                    24786.000000 36833.0000  48.6%     -  160s
H    0     0                    25311.000000 36833.0000  45.5%     -  173s
     0     0 36833.0000    0 3150 25311.0000 36833.0000  45.5%     -  232s
H    0     0                    26100.000000 36833.0000  41.1%     -  239s
     0     0 36833.0000    0 3095 26100.0000 36833.0000  41.1%     -  253s
     0     0 36833.0000    0 1960 26100.0000 36833.0000  41.1%     -  331s
     0     0 36833.0000    0 2307 26100.0000 36833.0000  41.1%     -  342s
     0     0 36833.0000    0 2096 26100.0000 36833.0000  41.1%     -  428s
H    0     0                    26195.000000 36833.0000  40.6%     -  430s
     0     0 36833.0000    0 2624 26195.0000 36833.0000  40.6%     -  446s
     0     0 36833.0000    0 2046 26195.0000 36833.0000  40.6%     -  544s
H    0     0                    26683.000000 36833.0000  38.0%     -  548s
     0     0 36833.0000    0 2943 26683.0000 36833.0000  38.0%     -  572s
     0     0 36833.0000    0 2096 26683.0000 36833.0000  38.0%     -  670s
H    0     0                    27217.000000 36833.0000  35.3%     -  674s
     0     0 36833.0000    0 2802 27217.0000 36833.0000  35.3%     -  701s
     0     0 36833.0000    0 2013 27217.0000 36833.0000  35.3%     -  814s
     0     0 36833.0000    0 1796 27217.0000 36833.0000  35.3%     -  839s
H    0     0                    27265.000000 36833.0000  35.1%     -  908s
H    0     2                    27328.000000 36833.0000  34.8%     - 1361s
     0     2 36833.0000    0 1796 27328.0000 36833.0000  34.8%     - 1365s
     1     4 36833.0000    1 1883 27328.0000 36833.0000  34.8%  8670 1780s
     3     8 36833.0000    2 2761 27328.0000 36833.0000  34.8%  7757 3283s

Cutting planes:
  Gomory: 6
  Lift-and-project: 3
  Cover: 1160
  Implied bound: 236
  Clique: 93
  MIR: 2956
  StrongCG: 56
  Zero half: 10
  RLT: 1620
  Relax-and-lift: 286
  BQP: 1

Explored 7 nodes (365469 simplex iterations) in 4326.74 seconds (550.26 work units)
Thread count was 32 (of 32 available processors)

Solution count 9: 27328 27265 27217 ... 23611

Time limit reached
Best objective 2.732800000000e+04, best bound 3.683300000000e+04, gap 34.7812%

Wrote result file '2_RCMPSP_28.sol'

