
Gurobi 10.0.3 (linux64, gurobi_cl) logging started Thu Nov  9 17:31:27 2023

Set parameter Username
Set parameter TimeLimit to value 3600
Set parameter LogFile to value "3_RCMPSP_74.log"
Set parameter Threads to value 32
Academic license - for non-commercial use only - expires 2024-11-06
Using license file /home/jrivera6/gurobi-licenses/v1003/compute-0-36/gurobi.lic

Gurobi Optimizer version 10.0.3 build v10.0.3rc0 (linux64)
Copyright (c) 2023, Gurobi Optimization, LLC

Read MPS format model from file 3_RCMPSP_74.mps
Reading time = 0.60 seconds
3_RCMPSP: 230120 rows, 51365 columns, 781565 nonzeros

CPU model: Intel(R) Xeon(R) Gold 6130 CPU @ 2.10GHz, instruction set [SSE2|AVX|AVX2|AVX512]
Thread count: 32 physical cores, 32 logical processors, using up to 32 threads

Optimize a model with 230120 rows, 51365 columns and 781565 nonzeros
Model fingerprint: 0x096d301b
Variable types: 160 continuous, 51205 integer (51205 binary)
Coefficient statistics:
  Matrix range     [1e+00, 8e+02]
  Objective range  [4e+03, 8e+03]
  Bounds range     [1e+00, 1e+00]
  RHS range        [1e+00, 2e+02]
Found heuristic solution: objective -305.0000000
Presolve removed 79165 rows and 2815 columns (presolve time = 6s) ...
Presolve removed 80232 rows and 3095 columns
Presolve time: 9.05s
Presolved: 149888 rows, 48270 columns, 530564 nonzeros
Variable types: 155 continuous, 48115 integer (48115 binary)

Deterministic concurrent LP optimizer: primal simplex, dual simplex, and barrier
Showing barrier log only...

Root relaxation presolved: 48270 rows, 198158 columns, 578834 nonzeros

Root barrier log...

Elapsed ordering time = 6s
Ordering time: 41.17s
Elapsed ordering time = 42s
Elapsed ordering time = 45s
Elapsed ordering time = 50s
Elapsed ordering time = 55s
Elapsed ordering time = 61s
Elapsed ordering time = 65s
Elapsed ordering time = 70s
Elapsed ordering time = 75s
Ordering time: 75.81s

Barrier statistics:
 Dense cols : 213
 AA' NZ     : 1.129e+06
 Factor NZ  : 8.859e+06 (roughly 170 MB of memory)
 Factor Ops : 9.112e+09 (roughly 1 second per iteration)
 Threads    : 30

                  Objective                Residual
Iter       Primal          Dual         Primal    Dual     Compl     Time
   0   1.61619988e+07 -3.05000000e+02  7.45e+04 0.00e+00  3.05e+02   109s
   1   9.35058246e+06  1.14317055e+04  8.73e+03 6.04e+00  7.17e+01   115s
   2   2.39822504e+06  1.54627404e+04  9.74e+01 1.29e+00  1.27e+01   123s
   3   2.00216009e+05  1.64489443e+04  1.14e+00 4.24e-02  7.65e-01   131s
   4   4.26875739e+04  1.95766542e+04  1.19e-01 1.46e-13  9.38e-02   138s
   5   3.39726665e+04  2.45489336e+04  3.78e-02 1.07e-13  3.82e-02   143s
   6   3.05248617e+04  2.55694270e+04  1.81e-02 9.59e-14  2.01e-02   148s
   7   3.00567694e+04  2.55326290e+04  1.57e-02 9.24e-14  1.84e-02   153s
   8   2.86165649e+04  2.58168743e+04  9.64e-03 9.24e-14  1.14e-02   159s
   9   2.60571027e+04  2.58574004e+04  1.24e-04 1.85e-13  8.10e-04   167s
  10   2.59553830e+04  2.59548965e+04  1.02e-07 1.78e-13  1.97e-06   173s
  11   2.59550000e+04  2.59550000e+04  1.08e-09 1.74e-13  1.11e-11   178s

Barrier solved model in 11 iterations and 177.64 seconds (14.67 work units)
Optimal objective 2.59550000e+04


Root crossover log...

   47817 DPushes remaining with DInf 0.0000000e+00               179s
   31659 DPushes remaining with DInf 0.0000000e+00               181s
     541 DPushes remaining with DInf 0.0000000e+00               186s
       0 DPushes remaining with DInf 0.0000000e+00               186s

     448 PPushes remaining with PInf 0.0000000e+00               187s
       0 PPushes remaining with PInf 0.0000000e+00               188s

  Push phase complete: Pinf 0.0000000e+00, Dinf 7.5139894e-13    188s


Root simplex log...

Iteration    Objective       Primal Inf.    Dual Inf.      Time
   41784    2.5955000e+04   0.000000e+00   0.000000e+00    188s
   41784    2.5955000e+04   0.000000e+00   0.000000e+00    191s
   41784    2.5955000e+04   0.000000e+00   0.000000e+00    193s
Concurrent spin time: 0.27s

Solved with barrier

Root relaxation: objective 2.595500e+04, 41784 iterations, 183.99 seconds (5.21 work units)
Total elapsed time = 223.27s
Total elapsed time = 225.81s

    Nodes    |    Current Node    |     Objective Bounds      |     Work
 Expl Unexpl |  Obj  Depth IntInf | Incumbent    BestBd   Gap | It/Node Time

     0     0 25955.0000    0  166 -305.00000 25955.0000  8610%     -  231s
     0     0 25955.0000    0  162 -305.00000 25955.0000  8610%     -  231s
H    0     0                    5155.0000000 25955.0000   403%     -  240s
     0     0 25955.0000    0  759 5155.00000 25955.0000   403%     -  251s
     0     0 25955.0000    0  680 5155.00000 25955.0000   403%     -  264s
     0     0 25955.0000    0    2 5155.00000 25955.0000   403%     -  298s
H    0     0                    25955.000000 25955.0000  0.00%     -  310s
     0     0 25955.0000    0    2 25955.0000 25955.0000  0.00%     -  310s

Cutting planes:
  Gomory: 3
  Cover: 7
  MIR: 20
  StrongCG: 1
  Flow cover: 2
  RLT: 7
  Relax-and-lift: 3

Explored 1 nodes (81143 simplex iterations) in 387.69 seconds (57.65 work units)
Thread count was 32 (of 32 available processors)

Solution count 3: 25955 5155 -305 

Optimal solution found (tolerance 1.00e-04)
Best objective 2.595500000000e+04, best bound 2.595500000000e+04, gap 0.0000%

Wrote result file '3_RCMPSP_74.sol'

