
Gurobi 10.0.3 (linux64, gurobi_cl) logging started Thu Nov  9 17:39:33 2023

Set parameter Username
Set parameter TimeLimit to value 3600
Set parameter LogFile to value "3_RCMPSP_64.log"
Set parameter Threads to value 32
Academic license - for non-commercial use only - expires 2024-10-30
Using license file /home/jrivera6/gurobi-licenses/v1003/compute-0-34/gurobi.lic

Gurobi Optimizer version 10.0.3 build v10.0.3rc0 (linux64)
Copyright (c) 2023, Gurobi Optimization, LLC

Read MPS format model from file 3_RCMPSP_64.mps
Reading time = 0.18 seconds
3_RCMPSP: 36752 rows, 8258 columns, 122738 nonzeros

CPU model: Intel(R) Xeon(R) Gold 6130 CPU @ 2.10GHz, instruction set [SSE2|AVX|AVX2|AVX512]
Thread count: 32 physical cores, 32 logical processors, using up to 32 threads

Optimize a model with 36752 rows, 8258 columns and 122738 nonzeros
Model fingerprint: 0x783f9496
Variable types: 64 continuous, 8194 integer (8194 binary)
Coefficient statistics:
  Matrix range     [1e+00, 3e+02]
  Objective range  [4e+03, 8e+03]
  Bounds range     [1e+00, 1e+00]
  RHS range        [1e+00, 1e+02]
Found heuristic solution: objective -146.0000000
Presolve removed 19443 rows and 1677 columns
Presolve time: 3.28s
Presolved: 17309 rows, 6581 columns, 62588 nonzeros
Variable types: 62 continuous, 6519 integer (6519 binary)

Root relaxation: objective 1.202300e+04, 2702 iterations, 0.10 seconds (0.11 work units)

    Nodes    |    Current Node    |     Objective Bounds      |     Work
 Expl Unexpl |  Obj  Depth IntInf | Incumbent    BestBd   Gap | It/Node Time

H    0     0                    12023.000000 12023.0000  0.00%     -    3s
     0     0 12023.0000    0    4 12023.0000 12023.0000  0.00%     -    3s

Explored 1 nodes (4887 simplex iterations) in 3.55 seconds (2.71 work units)
Thread count was 32 (of 32 available processors)

Solution count 2: 12023 -146 

Optimal solution found (tolerance 1.00e-04)
Best objective 1.202300000000e+04, best bound 1.202300000000e+04, gap 0.0000%

Wrote result file '3_RCMPSP_64.sol'

