
Gurobi 10.0.3 (linux64, gurobi_cl) logging started Thu Nov  9 17:39:33 2023

Set parameter Username
Set parameter TimeLimit to value 3600
Set parameter LogFile to value "3_RCMPSP_41.log"
Set parameter Threads to value 32
Academic license - for non-commercial use only - expires 2024-10-30
Using license file /home/jrivera6/gurobi-licenses/v1003/compute-0-34/gurobi.lic

Gurobi Optimizer version 10.0.3 build v10.0.3rc0 (linux64)
Copyright (c) 2023, Gurobi Optimization, LLC

Read MPS format model from file 3_RCMPSP_41.mps
Reading time = 0.15 seconds
3_RCMPSP: 36752 rows, 8258 columns, 130172 nonzeros

CPU model: Intel(R) Xeon(R) Gold 6130 CPU @ 2.10GHz, instruction set [SSE2|AVX|AVX2|AVX512]
Thread count: 32 physical cores, 32 logical processors, using up to 32 threads

Optimize a model with 36752 rows, 8258 columns and 130172 nonzeros
Model fingerprint: 0xe13ea1f5
Variable types: 64 continuous, 8194 integer (8194 binary)
Coefficient statistics:
  Matrix range     [1e+00, 4e+02]
  Objective range  [7e+03, 7e+03]
  Bounds range     [1e+00, 1e+00]
  RHS range        [1e+00, 1e+02]
Found heuristic solution: objective -89.0000000
Presolve removed 23970 rows and 3488 columns (presolve time = 5s) ...
Presolve removed 24144 rows and 3544 columns
Presolve time: 5.08s
Presolved: 12608 rows, 4714 columns, 47331 nonzeros
Variable types: 62 continuous, 4652 integer (4652 binary)

Root simplex log...

Iteration    Objective       Primal Inf.    Dual Inf.      Time
       0    1.3909000e+04   1.671225e+04   0.000000e+00      5s
    2183    1.3909000e+04   0.000000e+00   0.000000e+00      5s

Root relaxation: objective 1.390900e+04, 2183 iterations, 0.06 seconds (0.05 work units)

    Nodes    |    Current Node    |     Objective Bounds      |     Work
 Expl Unexpl |  Obj  Depth IntInf | Incumbent    BestBd   Gap | It/Node Time

     0     0 13909.0000    0  132  -89.00000 13909.0000      -     -    6s
     0     0 13909.0000    0  295  -89.00000 13909.0000      -     -    8s
     0     0 13909.0000    0  294  -89.00000 13909.0000      -     -    8s
     0     0 13909.0000    0  156  -89.00000 13909.0000      -     -   14s
H    0     0                    7075.0000000 13909.0000  96.6%     -   15s
     0     0 13909.0000    0  258 7075.00000 13909.0000  96.6%     -   15s
     0     0 13909.0000    0  138 7075.00000 13909.0000  96.6%     -   20s
     0     0 13909.0000    0  255 7075.00000 13909.0000  96.6%     -   20s

Cutting planes:
  Gomory: 5
  Cover: 30
  Implied bound: 1
  Clique: 19
  MIR: 20
  StrongCG: 2
  Flow cover: 10
  RLT: 5
  Relax-and-lift: 5

Explored 1 nodes (21120 simplex iterations) in 56.65 seconds (7.65 work units)
Thread count was 32 (of 32 available processors)

Solution count 2: 7075 -89 

Optimal solution found (tolerance 1.00e-04)
Best objective 7.075000000000e+03, best bound 7.075000000000e+03, gap 0.0000%

Wrote result file '3_RCMPSP_41.sol'

