
Gurobi 10.0.3 (linux64, gurobi_cl) logging started Thu Nov  9 16:39:23 2023

Set parameter Username
Set parameter TimeLimit to value 3600
Set parameter LogFile to value "3_RCMPSP_4.log"
Set parameter Threads to value 32
Academic license - for non-commercial use only - expires 2024-10-30
Using license file /home/jrivera6/gurobi-licenses/v1003/compute-0-34/gurobi.lic

Gurobi Optimizer version 10.0.3 build v10.0.3rc0 (linux64)
Copyright (c) 2023, Gurobi Optimization, LLC

Read MPS format model from file 3_RCMPSP_4.mps
Reading time = 0.07 seconds
3_RCMPSP: 36772 rows, 8258 columns, 130252 nonzeros

CPU model: Intel(R) Xeon(R) Gold 6130 CPU @ 2.10GHz, instruction set [SSE2|AVX|AVX2|AVX512]
Thread count: 32 physical cores, 32 logical processors, using up to 32 threads

Optimize a model with 36772 rows, 8258 columns and 130252 nonzeros
Model fingerprint: 0x094c4c5c
Variable types: 64 continuous, 8194 integer (8194 binary)
Coefficient statistics:
  Matrix range     [1e+00, 3e+02]
  Objective range  [7e+03, 7e+03]
  Bounds range     [1e+00, 1e+00]
  RHS range        [1e+00, 1e+02]
Found heuristic solution: objective -91.0000000
Presolve removed 20364 rows and 1846 columns
Presolve time: 3.55s
Presolved: 16408 rows, 6412 columns, 64660 nonzeros
Variable types: 62 continuous, 6350 integer (6350 binary)

Root relaxation: objective 1.420000e+04, 2760 iterations, 0.13 seconds (0.10 work units)

    Nodes    |    Current Node    |     Objective Bounds      |     Work
 Expl Unexpl |  Obj  Depth IntInf | Incumbent    BestBd   Gap | It/Node Time

     0     0 14200.0000    0   38  -91.00000 14200.0000      -     -    4s
     0     0 14200.0000    0  278  -91.00000 14200.0000      -     -    7s
     0     0 14200.0000    0  270  -91.00000 14200.0000      -     -    8s
     0     0 14200.0000    0   36  -91.00000 14200.0000      -     -   13s
     0     0 14200.0000    0   46  -91.00000 14200.0000      -     -   14s
H    0     0                    7002.0000000 14200.0000   103%     -   16s
     0     0 14200.0000    0   40 7002.00000 14200.0000   103%     -   17s
     0     0 14200.0000    0   40 7002.00000 14200.0000   103%     -   18s
     0     0 14200.0000    0   35 7002.00000 14200.0000   103%     -   20s
     0     0 14200.0000    0   74 7002.00000 14200.0000   103%     -   21s
     0     0 14200.0000    0   24 7002.00000 14200.0000   103%     -   24s
     0     0 14200.0000    0   22 7002.00000 14200.0000   103%     -   24s
     0     0 14200.0000    0   28 7002.00000 14200.0000   103%     -   27s
H    0     0                    7107.0000000 14200.0000   100%     -   28s
     0     0 14200.0000    0   46 7107.00000 14200.0000   100%     -   28s
     0     0 14200.0000    0   30 7107.00000 14200.0000   100%     -   30s
     0     0 14200.0000    0   28 7107.00000 14200.0000   100%     -   32s
     0     2 14200.0000    0   28 7107.00000 14200.0000   100%     -   40s
     7    16 14200.0000    3   50 7107.00000 14200.0000   100%   117   45s
    15    32 14200.0000    4   44 7107.00000 14200.0000   100%  75.0   52s
    31    64 14200.0000    5   46 7107.00000 14200.0000   100%   242   63s
    63    94 14200.0000    6   46 7107.00000 14200.0000   100%   261   66s
    95   125 14200.0000    7   44 7107.00000 14200.0000   100%   191  182s
   127   151 14200.0000    8   52 7107.00000 14200.0000   100%   149  186s
   191   207 14200.0000   10   38 7107.00000 14200.0000   100%   131  237s
   223   367 14200.0000   11   42 7107.00000 14200.0000   100%   337  258s
   407   853 14200.0000   17   36 7107.00000 14200.0000   100%   237  303s
  1008  1906 14200.0000   31   36 7107.00000 14200.0000   100%   169  376s
  2331  4017 14200.0000   71   50 7107.00000 14200.0000   100%   135  469s
  4163  4017 14200.0000   60   52 7107.00000 14200.0000   100%   119  470s
  5070  6027 14200.0000  111  111 7107.00000 14200.0000   100%   116  601s
  7752  6028 14200.0000  101   28 7107.00000 14200.0000   100%   106  649s
  7754  6029 14200.0000   47   29 7107.00000 14200.0000   100%   106  672s
  7755  6030 14200.0000  209   32 7107.00000 14200.0000   100%   106  678s
  7757  6031 14200.0000   61   35 7107.00000 14200.0000   100%   106  683s
  7759  6033 14200.0000   34   36 7107.00000 14200.0000   100%   106  687s
  7761  6034 14200.0000   25   28 7107.00000 14200.0000   100%   106  692s
  7763  6035 14200.0000  121   28 7107.00000 14200.0000   100%   106  703s
  7765  6037 14200.0000   24   27 7107.00000 14200.0000   100%   106  708s
  7766  6037 14200.0000   97   50 7107.00000 14200.0000   100%   106  710s
  7767  6038 14200.0000  102   20 7107.00000 14200.0000   100%   106  718s
  7768  6039 14200.0000   19   29 7107.00000 14200.0000   100%   106  720s
  7769  6039 14200.0000  117   15 7107.00000 14200.0000   100%   106  756s
  7771  6041 14200.0000  106   12 7107.00000 14200.0000   100%   106  767s
  7772  6041 14200.0000  105   12 7107.00000 14200.0000   100%   106  770s
  7773  6042 14200.0000   21   15 7107.00000 14200.0000   100%   106  777s
  7775  6043 14200.0000   28   15 7107.00000 14200.0000   100%   106  781s
  7776  6047 14200.0000   11   32 7107.00000 14200.0000   100%   5.4  795s
  7778  6050 14200.0000   12   46 7107.00000 14200.0000   100%   5.4  803s
  7782  6057 14200.0000   13   45 7107.00000 14200.0000   100%   5.5  809s
  7790  6070 14200.0000   14   47 7107.00000 14200.0000   100%   5.5  814s
  7806  6097 14200.0000   15   47 7107.00000 14200.0000   100%   5.5  830s
  7838  6118 14200.0000   16   80 7107.00000 14200.0000   100%   5.6  836s
  7870  6140 14200.0000   16   72 7107.00000 14200.0000   100%   5.7  917s
  7902  6161 14200.0000   17   72 7107.00000 14200.0000   100%   5.9  922s
  7934  6180 14200.0000   17   77 7107.00000 14200.0000   100%   6.0 1514s
  7966  6200 14200.0000   18   72 7107.00000 14200.0000   100%   6.0 1914s
  7998  6237 14200.0000   18   78 7107.00000 14200.0000   100%  10.8 1929s
  8049  6355 14200.0000   19   72 7107.00000 14200.0000   100%  14.6 1958s
  8203  6847 14200.0000   20   23 7107.00000 14200.0000   100%  19.4 1999s
  8769  7701 14200.0000   28   81 7107.00000 14200.0000   100%  29.8 2092s
  9857  8989 14200.0000   43   33 7107.00000 14200.0000   100%  47.6 2283s
 11602  9740 14200.0000   80   35 7107.00000 14200.0000   100%  73.7 2476s
 13310 10921 14200.0000  112   65 7107.00000 14200.0000   100%  94.8 2772s
 15585 10434 14200.0000  140   32 7107.00000 14200.0000   100%   109 2976s
 15907 12051 14200.0000  144   35 7107.00000 14200.0000   100%   111 3477s
 17965 12979 14200.0000  139   45 7107.00000 14200.0000   100%   119 3612s

Cutting planes:
  Gomory: 2
  Cover: 24
  Implied bound: 3
  Clique: 6
  MIR: 32
  StrongCG: 7
  Flow cover: 31
  Inf proof: 1
  Zero half: 4
  Relax-and-lift: 10

Explored 20261 nodes (3419017 simplex iterations) in 3631.52 seconds (105.94 work units)
Thread count was 32 (of 32 available processors)

Solution count 3: 7107 7002 -91 

Time limit reached
Best objective 7.107000000000e+03, best bound 1.420000000000e+04, gap 99.8030%

Wrote result file '3_RCMPSP_4.sol'

