
Gurobi 10.0.3 (linux64, gurobi_cl) logging started Thu Nov  9 16:45:39 2023

Set parameter Username
Set parameter TimeLimit to value 3600
Set parameter LogFile to value "3_RCMPSP_19.log"
Set parameter Threads to value 32
Academic license - for non-commercial use only - expires 2024-10-30
Using license file /home/jrivera6/gurobi-licenses/v1003/compute-0-37/gurobi.lic

Gurobi Optimizer version 10.0.3 build v10.0.3rc0 (linux64)
Copyright (c) 2023, Gurobi Optimization, LLC

Read MPS format model from file 3_RCMPSP_19.mps
Reading time = 15.06 seconds
3_RCMPSP: 921140 rows, 205130 columns, 3334140 nonzeros

CPU model: Intel(R) Xeon(R) Gold 6242 CPU @ 2.80GHz, instruction set [SSE2|AVX|AVX2|AVX512]
Thread count: 32 physical cores, 32 logical processors, using up to 32 threads

Optimize a model with 921140 rows, 205130 columns and 3334140 nonzeros
Model fingerprint: 0x8b01b4a6
Variable types: 320 continuous, 204810 integer (204810 binary)
Coefficient statistics:
  Matrix range     [1e+00, 2e+03]
  Objective range  [6e+03, 8e+03]
  Bounds range     [1e+00, 1e+00]
  RHS range        [1e+00, 6e+02]
Found heuristic solution: objective -496.0000000
Presolve removed 0 rows and 0 columns (presolve time = 41s) ...
Presolve removed 37206 rows and 9589 columns (presolve time = 46s) ...
Presolve removed 206163 rows and 9589 columns (presolve time = 53s) ...
Presolve removed 206163 rows and 9689 columns (presolve time = 55s) ...
Presolve removed 206163 rows and 9689 columns (presolve time = 64s) ...
Presolve removed 309629 rows and 9689 columns (presolve time = 68s) ...
Presolve removed 309629 rows and 9689 columns (presolve time = 76s) ...
Presolve removed 309629 rows and 9689 columns (presolve time = 81s) ...
Presolve removed 309729 rows and 9689 columns (presolve time = 85s) ...
Presolve removed 312429 rows and 9689 columns (presolve time = 94s) ...
Presolve removed 312429 rows and 9689 columns (presolve time = 96s) ...
Presolve removed 312429 rows and 9689 columns (presolve time = 107s) ...
Presolve removed 312429 rows and 12209 columns (presolve time = 110s) ...
Presolve removed 312429 rows and 12209 columns (presolve time = 115s) ...
Presolve removed 312429 rows and 12209 columns (presolve time = 120s) ...
Presolve removed 312429 rows and 12209 columns (presolve time = 125s) ...
Presolve removed 312429 rows and 12209 columns (presolve time = 134s) ...
Presolve removed 312429 rows and 12209 columns (presolve time = 135s) ...
Presolve removed 312429 rows and 12209 columns (presolve time = 143s) ...
Presolve removed 312429 rows and 12209 columns (presolve time = 145s) ...
Presolve removed 312429 rows and 12209 columns (presolve time = 150s) ...
Presolve removed 319191 rows and 15764 columns (presolve time = 155s) ...
Presolve removed 321660 rows and 15764 columns (presolve time = 160s) ...
Presolve removed 329297 rows and 18284 columns (presolve time = 165s) ...
Presolve removed 329297 rows and 18284 columns
Presolve time: 166.30s
Presolved: 591843 rows, 186846 columns, 2264871 nonzeros
Variable types: 310 continuous, 186536 integer (186536 binary)

Deterministic concurrent LP optimizer: primal simplex, dual simplex, and barrier
Showing barrier log only...

Root barrier log...

Ordering time: 1.32s

Barrier statistics:
 Dense cols : 320
 AA' NZ     : 4.330e+06
 Factor NZ  : 1.031e+07 (roughly 400 MB of memory)
 Factor Ops : 1.300e+09 (less than 1 second per iteration)
 Threads    : 30

                  Objective                Residual
Iter       Primal          Dual         Primal    Dual     Compl     Time
   0   3.29513238e+05  1.82942576e+07  1.74e+04 1.77e-02  4.28e+02  1097s
   1   7.89788823e+04  2.95152102e+07  3.23e+03 1.04e-02  9.18e+01  1107s
   2   4.99739722e+04  1.18995380e+07  9.89e+02 2.17e-10  2.29e+01  1118s
   3   4.09651781e+04  3.24752682e+06  1.30e+02 5.65e-11  3.98e+00  1577s
   4   4.03890152e+04  6.71341046e+05  3.38e-04 1.31e-11  6.54e-01  1590s
   5   4.41823968e+04  1.25169282e+05  7.11e-15 7.93e-12  8.39e-02  1599s
   6   6.74373400e+04  9.08888545e+04  1.07e-14 3.07e-12  2.43e-02  1608s
   7   7.17014277e+04  7.56958270e+04  1.08e-14 2.56e-12  4.14e-03  1619s
   8   7.17599963e+04  7.44764301e+04  1.07e-14 2.02e-12  2.81e-03  1628s
   9   7.17839890e+04  7.29178859e+04  1.07e-14 1.88e-12  1.17e-03  1641s
  10   7.18857013e+04  7.19635220e+04  1.07e-14 7.96e-13  8.06e-05  1655s
  11   7.18949903e+04  7.18950683e+04  1.42e-14 1.42e-13  8.09e-08  1666s
  12   7.18950000e+04  7.18950000e+04  2.37e-11 5.90e-13  8.29e-13  1674s

Barrier solved model in 12 iterations and 1674.44 seconds (39.69 work units)
Optimal objective 7.18950000e+04


Root crossover log...

  586338 variables added to crossover basis                     1685s

    3670 DPushes remaining with DInf 0.0000000e+00              1686s
    1606 DPushes remaining with DInf 0.0000000e+00              1690s
       0 DPushes remaining with DInf 0.0000000e+00              1693s

  139186 PPushes remaining with PInf 0.0000000e+00              1694s
   23686 PPushes remaining with PInf 0.0000000e+00              1695s
       0 PPushes remaining with PInf 0.0000000e+00              1698s

  Push phase complete: Pinf 0.0000000e+00, Dinf 0.0000000e+00   1698s


Root simplex log...

Iteration    Objective       Primal Inf.    Dual Inf.      Time
  142445    7.1895000e+04   0.000000e+00   0.000000e+00   1699s
  142445    7.1895000e+04   0.000000e+00   0.000000e+00   1704s
Concurrent spin time: 0.35s

Solved with barrier

Root relaxation: objective 7.189500e+04, 142445 iterations, 1534.86 seconds (14.51 work units)

    Nodes    |    Current Node    |     Objective Bounds      |     Work
 Expl Unexpl |  Obj  Depth IntInf | Incumbent    BestBd   Gap | It/Node Time

     0     0 71895.0000    0 54376 -496.00000 71895.0000      -     - 4132s

Explored 1 nodes (288464 simplex iterations) in 4198.50 seconds (132.26 work units)
Thread count was 32 (of 32 available processors)

Solution count 1: -496 

Time limit reached
Best objective -4.960000000000e+02, best bound 7.189500000000e+04, gap 14594.9597%

Wrote result file '3_RCMPSP_19.sol'

