
Gurobi 10.0.3 (linux64, gurobi_cl) logging started Thu Nov  9 17:31:30 2023

Set parameter Username
Set parameter TimeLimit to value 3600
Set parameter LogFile to value "3_RCMPSP_98.log"
Set parameter Threads to value 32
Academic license - for non-commercial use only - expires 2024-11-06
Using license file /home/jrivera6/gurobi-licenses/v1003/compute-0-36/gurobi.lic

Gurobi Optimizer version 10.0.3 build v10.0.3rc0 (linux64)
Copyright (c) 2023, Gurobi Optimization, LLC

Read MPS format model from file 3_RCMPSP_98.mps
Reading time = 1.37 seconds
3_RCMPSP: 921040 rows, 205130 columns, 3296098 nonzeros

CPU model: Intel(R) Xeon(R) Gold 6130 CPU @ 2.10GHz, instruction set [SSE2|AVX|AVX2|AVX512]
Thread count: 32 physical cores, 32 logical processors, using up to 32 threads

Optimize a model with 921040 rows, 205130 columns and 3296098 nonzeros
Model fingerprint: 0x549b0d90
Variable types: 320 continuous, 204810 integer (204810 binary)
Coefficient statistics:
  Matrix range     [1e+00, 2e+03]
  Objective range  [4e+03, 8e+03]
  Bounds range     [1e+00, 1e+00]
  RHS range        [1e+00, 4e+02]
Found heuristic solution: objective -368.0000000
Presolve removed 187310 rows and 6085 columns (presolve time = 5s) ...
Presolve removed 294680 rows and 6085 columns (presolve time = 10s) ...
Presolve removed 297380 rows and 8605 columns (presolve time = 15s) ...
Presolve removed 297380 rows and 8605 columns (presolve time = 20s) ...
Presolve removed 297380 rows and 8605 columns (presolve time = 25s) ...
Presolve removed 297380 rows and 8605 columns (presolve time = 30s) ...
Presolve removed 297380 rows and 8605 columns (presolve time = 35s) ...
Presolve removed 297380 rows and 8605 columns (presolve time = 40s) ...
Presolve removed 297380 rows and 8605 columns (presolve time = 45s) ...
Presolve removed 297380 rows and 8605 columns (presolve time = 50s) ...
Presolve removed 297380 rows and 8605 columns (presolve time = 55s) ...
Presolve removed 306060 rows and 11965 columns (presolve time = 60s) ...
Presolve removed 306060 rows and 11965 columns (presolve time = 65s) ...
Presolve removed 313620 rows and 14485 columns
Presolve time: 68.28s
Presolved: 607420 rows, 190645 columns, 2295431 nonzeros
Variable types: 310 continuous, 190335 integer (190335 binary)

Deterministic concurrent LP optimizer: primal simplex, dual simplex, and barrier
Showing barrier log only...

Root relaxation presolved: 190645 rows, 798065 columns, 2486076 nonzeros

Root barrier log...

Ordering time: 1.50s

Barrier statistics:
 Dense cols : 1240
 AA' NZ     : 1.411e+06
 Factor NZ  : 3.771e+06 (roughly 400 MB of memory)
 Factor Ops : 1.302e+09 (less than 1 second per iteration)
 Threads    : 30

                  Objective                Residual
Iter       Primal          Dual         Primal    Dual     Compl     Time
   0   4.36681461e+07 -3.68000000e+02  1.14e+05 0.00e+00  2.65e+02   100s
   1   3.21268888e+07  2.61346902e+04  2.71e+04 7.07e+00  6.66e+01   110s
   2   9.00841733e+06  3.84571029e+04  1.32e+02 7.23e-01  1.07e+01   124s
   3   5.51929911e+05  3.98531075e+04  2.77e+00 1.35e-13  5.18e-01   143s
   4   1.17933360e+05  4.71662817e+04  3.31e-01 1.71e-13  7.16e-02   160s
   5   9.01782457e+04  6.10171813e+04  9.29e-02 1.56e-13  2.95e-02   173s
   6   8.17055895e+04  6.58336939e+04  5.04e-02 1.63e-13  1.61e-02   185s
   7   7.96261528e+04  6.60394664e+04  4.07e-02 1.42e-13  1.37e-02   200s
   8   7.79180673e+04  6.65863449e+04  3.33e-02 1.14e-13  1.15e-02   213s
   9   7.43699180e+04  6.83892278e+04  1.84e-02 1.35e-13  6.05e-03   229s
  10   7.35722718e+04  6.84428505e+04  1.48e-02 1.35e-13  5.19e-03   244s
  11   7.25163248e+04  6.85415603e+04  1.03e-02 1.21e-13  4.02e-03   260s
  12   7.19372853e+04  6.85740922e+04  8.52e-03 1.42e-13  3.40e-03   277s
  13   6.94824332e+04  6.84760084e+04  1.95e-03 1.21e-13  1.02e-03   290s
  14   6.91167218e+04  6.87244994e+04  9.61e-04 2.20e-13  3.97e-04   303s
  15   6.87285176e+04  6.87279770e+04  3.05e-07 1.63e-13  5.47e-07   313s
  16   6.87280000e+04  6.87280000e+04  9.32e-12 1.78e-13  5.71e-13   323s

Barrier solved model in 16 iterations and 323.25 seconds (40.32 work units)
Optimal objective 6.87280000e+04


Root crossover log...

  190635 DPushes remaining with DInf 0.0000000e+00               346s
  131135 DPushes remaining with DInf 0.0000000e+00               355s
   36278 DPushes remaining with DInf 0.0000000e+00               360s
       0 DPushes remaining with DInf 0.0000000e+00               361s

       0 PPushes remaining with PInf 0.0000000e+00               361s

  Push phase complete: Pinf 0.0000000e+00, Dinf 2.7897684e-12    361s


Root simplex log...

Iteration    Objective       Primal Inf.    Dual Inf.      Time
  171287    6.8728000e+04   0.000000e+00   0.000000e+00    362s
  171287    6.8728000e+04   0.000000e+00   0.000000e+00    363s
  171287    6.8728000e+04   0.000000e+00   0.000000e+00    435s
Concurrent spin time: 1.02s

Solved with barrier

Root relaxation: objective 6.872800e+04, 171287 iterations, 366.49 seconds (7.36 work units)

    Nodes    |    Current Node    |     Objective Bounds      |     Work
 Expl Unexpl |  Obj  Depth IntInf | Incumbent    BestBd   Gap | It/Node Time

     0     0 68728.0000    0 19004 -368.00000 68728.0000      -     - 1076s
H    0     0                    20444.000000 68728.0000   236%     - 1265s
     0     0 68728.0000    0 16614 20444.0000 68728.0000   236%     - 2090s
     0     0 68728.0000    0 15194 20444.0000 68728.0000   236%     - 2281s
     0     0 68728.0000    0 15708 20444.0000 68728.0000   236%     - 2507s
     0     0 68728.0000    0 13929 20444.0000 68728.0000   236%     - 2592s
     0     0 68728.0000    0 14070 20444.0000 68728.0000   236%     - 2815s
     0     0 68728.0000    0 12607 20444.0000 68728.0000   236%     - 2975s
     0     0 68728.0000    0  289 20444.0000 68728.0000   236%     - 3136s

Cutting planes:
  MIR: 50
  StrongCG: 1
  Flow cover: 23
  RLT: 69
  Relax-and-lift: 12

Explored 1 nodes (449520 simplex iterations) in 3746.99 seconds (1020.30 work units)
Thread count was 32 (of 32 available processors)

Solution count 2: 20444 -368 

Time limit reached
Best objective 2.044400000000e+04, best bound 6.872800000000e+04, gap 236.1769%

Wrote result file '3_RCMPSP_98.sol'

