
Gurobi 10.0.3 (linux64, gurobi_cl) logging started Thu Nov  9 16:38:21 2023

Set parameter Username
Set parameter TimeLimit to value 3600
Set parameter LogFile to value "3_RCMPSP_2.log"
Set parameter Threads to value 32
Academic license - for non-commercial use only - expires 2024-10-30
Using license file /home/jrivera6/gurobi-licenses/v1003/compute-0-34/gurobi.lic

Gurobi Optimizer version 10.0.3 build v10.0.3rc0 (linux64)
Copyright (c) 2023, Gurobi Optimization, LLC

Read MPS format model from file 3_RCMPSP_2.mps
Reading time = 0.16 seconds
3_RCMPSP: 36772 rows, 8258 columns, 130252 nonzeros

CPU model: Intel(R) Xeon(R) Gold 6130 CPU @ 2.10GHz, instruction set [SSE2|AVX|AVX2|AVX512]
Thread count: 32 physical cores, 32 logical processors, using up to 32 threads

Optimize a model with 36772 rows, 8258 columns and 130252 nonzeros
Model fingerprint: 0xbc972764
Variable types: 64 continuous, 8194 integer (8194 binary)
Coefficient statistics:
  Matrix range     [1e+00, 3e+02]
  Objective range  [7e+03, 7e+03]
  Bounds range     [1e+00, 1e+00]
  RHS range        [1e+00, 9e+01]
Found heuristic solution: objective -91.0000000
Presolve removed 20365 rows and 1847 columns
Presolve time: 3.76s
Presolved: 16407 rows, 6411 columns, 64654 nonzeros
Variable types: 62 continuous, 6349 integer (6349 binary)

Root relaxation: objective 1.420000e+04, 2569 iterations, 0.13 seconds (0.08 work units)

    Nodes    |    Current Node    |     Objective Bounds      |     Work
 Expl Unexpl |  Obj  Depth IntInf | Incumbent    BestBd   Gap | It/Node Time

     0     0 14200.0000    0  108  -91.00000 14200.0000      -     -    5s
     0     0 14200.0000    0  228  -91.00000 14200.0000      -     -    9s
     0     0 14200.0000    0  237  -91.00000 14200.0000      -     -   10s
     0     0 14200.0000    0   85  -91.00000 14200.0000      -     -   20s
H    0     0                    7107.0000000 14200.0000   100%     -   20s
     0     0 14200.0000    0   85 7107.00000 14200.0000   100%     -   21s
     0     0 14200.0000    0  101 7107.00000 14200.0000   100%     -   26s
     0     0 14200.0000    0  103 7107.00000 14200.0000   100%     -   28s
     0     0 14200.0000    0  104 7107.00000 14200.0000   100%     -   33s
     0     0 14200.0000    0  145 7107.00000 14200.0000   100%     -   34s
     0     0 14200.0000    0  113 7107.00000 14200.0000   100%     -   37s
     0     0 14200.0000    0  148 7107.00000 14200.0000   100%     -   38s
     0     0 14200.0000    0  107 7107.00000 14200.0000   100%     -   42s
     0     0 14200.0000    0  106 7107.00000 14200.0000   100%     -   44s
     0     2 14200.0000    0  101 7107.00000 14200.0000   100%     -   54s
     1     4 14200.0000    1  109 7107.00000 14200.0000   100%   957   57s
     3     8 14200.0000    2  251 7107.00000 14200.0000   100%   485   62s
     7    16 14200.0000    3  243 7107.00000 14200.0000   100%   460   70s
    15    31 14200.0000    4  351 7107.00000 14200.0000   100%   504   75s
    31    59 14200.0000    5  381 7107.00000 14200.0000   100%   429   85s
    62    81 infeasible    6      7107.00000 14200.0000   100%   281   94s
    94   103 14200.0000    7  344 7107.00000 14200.0000   100%   282  116s
   126   129 14200.0000    8  286 7107.00000 14200.0000   100%   249  121s
   158   158 14200.0000    9  286 7107.00000 14200.0000   100%   236  563s
   190   188 14200.0000   10  121 7107.00000 14200.0000   100%   228 1101s
   222   239 14200.0000   11  131 7107.00000 14200.0000   100%   481 1130s
   279   352 14200.0000   13  158 7107.00000 14200.0000   100%   473 1202s
   423   908 14200.0000   16  359 7107.00000 14200.0000   100%   392 1313s
  1214  2476 14200.0000   31  154 7107.00000 14200.0000   100%   319 1615s
  3761  3310 14200.0000   84  205 7107.00000 14200.0000   100%   221 1918s
  6780  3311 14200.0000   56  106 7107.00000 14200.0000   100%   213 2002s
  6782  3312 14200.0000   14  101 7107.00000 14200.0000   100%   213 2032s
  6783  3313 14200.0000  124  110 7107.00000 14200.0000   100%   213 2037s
  6785  3314 14200.0000   84  120 7107.00000 14200.0000   100%   213 2042s
  6787  3316 14200.0000    9   94 7107.00000 14200.0000   100%   213 2047s
  6788  3316 14200.0000   35  193 7107.00000 14200.0000   100%   213 2051s
  6789  3317 14200.0000   32  120 7107.00000 14200.0000   100%   213 2057s
  6790  3318 14200.0000   53  166 7107.00000 14200.0000   100%   213 2061s
  6791  3318 14200.0000   58  123 7107.00000 14200.0000   100%   213 2069s
  6792  3319 14200.0000   29  288 7107.00000 14200.0000   100%   213 2070s
  6795  3321 14200.0000    8  139 7107.00000 14200.0000   100%   212 2079s
  6796  3322 14200.0000    8  233 7107.00000 14200.0000   100%   212 2103s
  6797  3322 14200.0000   66  110 7107.00000 14200.0000   100%   212 2105s
  6800  3327 14200.0000   13   89 7107.00000 14200.0000   100%   6.9 2130s
  6802  3331 14200.0000   14  104 7107.00000 14200.0000   100%   7.0 2136s
  6806  3337 14200.0000   15  102 7107.00000 14200.0000   100%   7.1 2145s
  6814  3351 14200.0000   16  102 7107.00000 14200.0000   100%   7.2 2152s
  6830  3377 14200.0000   17  111 7107.00000 14200.0000   100%   7.3 2165s
  6894  3420 14200.0000   18  410 7107.00000 14200.0000   100%   7.9 2185s
  6926  3437 14200.0000   19  121 7107.00000 14200.0000   100%   8.0 2193s
  6958  3455 14200.0000   19  203 7107.00000 14200.0000   100%   8.2 2207s
  6990  3483 14200.0000   20  240 7107.00000 14200.0000   100%   8.4 2224s
  7030  3496 14200.0000   20  123 7107.00000 14200.0000   100%  18.1 2242s
  7064  3564 14200.0000   21  142 7107.00000 14200.0000   100%  19.3 2396s
  7150  3561 14200.0000   22  209 7107.00000 14200.0000   100%  22.7 2883s
  7189  3566 14200.0000   23  236 7107.00000 14200.0000   100%  24.1 3015s
  7227  3941 14200.0000   23  273 7107.00000 14200.0000   100%  24.9 3113s
  7751  4299 14200.0000   31  299 7107.00000 14200.0000   100%  41.8 3268s
  8660  4806 14200.0000   35  278 7107.00000 14200.0000   100%  70.3 3535s
 10206  4618 14200.0000   48  221 7107.00000 14200.0000   100%   100 3606s

Cutting planes:
  Learned: 1
  Gomory: 2
  Cover: 39
  Implied bound: 4
  Projected implied bound: 1
  Clique: 13
  MIR: 14
  StrongCG: 4
  Flow cover: 41
  Zero half: 2
  Relax-and-lift: 4

Explored 10740 nodes (2553898 simplex iterations) in 3636.15 seconds (120.71 work units)
Thread count was 32 (of 32 available processors)

Solution count 2: 7107 -91 

Time limit reached
Best objective 7.107000000000e+03, best bound 1.420000000000e+04, gap 99.8030%

Wrote result file '3_RCMPSP_2.sol'

