
Gurobi 10.0.3 (linux64, gurobi_cl) logging started Thu Nov  9 16:47:50 2023

Set parameter Username
Set parameter TimeLimit to value 3600
Set parameter LogFile to value "3_RCMPSP_35.log"
Set parameter Threads to value 32
Academic license - for non-commercial use only - expires 2024-10-30
Using license file /home/jrivera6/gurobi-licenses/v1003/compute-0-39/gurobi.lic

Gurobi Optimizer version 10.0.3 build v10.0.3rc0 (linux64)
Copyright (c) 2023, Gurobi Optimization, LLC

Read MPS format model from file 3_RCMPSP_35.mps
Reading time = 0.38 seconds
3_RCMPSP: 230070 rows, 51365 columns, 828270 nonzeros

CPU model: Intel(R) Xeon(R) Gold 6242 CPU @ 2.80GHz, instruction set [SSE2|AVX|AVX2|AVX512]
Thread count: 32 physical cores, 32 logical processors, using up to 32 threads

Optimize a model with 230070 rows, 51365 columns and 828270 nonzeros
Model fingerprint: 0x427a52d5
Variable types: 160 continuous, 51205 integer (51205 binary)
Coefficient statistics:
  Matrix range     [1e+00, 8e+02]
  Objective range  [7e+03, 7e+03]
  Bounds range     [1e+00, 1e+00]
  RHS range        [1e+00, 3e+02]
Found heuristic solution: objective -223.0000000
Presolve removed 100785 rows and 3015 columns (presolve time = 5s) ...
Presolve removed 100785 rows and 3015 columns (presolve time = 10s) ...
Presolve removed 100785 rows and 3015 columns (presolve time = 17s) ...
Presolve removed 105515 rows and 4797 columns (presolve time = 20s) ...
Presolve removed 105515 rows and 4797 columns
Presolve time: 20.65s
Presolved: 124555 rows, 46568 columns, 496329 nonzeros
Variable types: 155 continuous, 46413 integer (46413 binary)

Deterministic concurrent LP optimizer: primal and dual simplex (primal and dual model)
Showing first log only...

Root relaxation presolved: 124555 rows, 46568 columns, 496329 nonzeros


Root simplex log...

Iteration    Objective       Primal Inf.    Dual Inf.      Time
       0   -2.2300000e+02   0.000000e+00   1.079719e+03     24s
     811   -2.2249859e+02   0.000000e+00   5.827156e+03     25s
    2145    1.7052500e+04   0.000000e+00   3.153656e+03     31s
    2515    1.7052500e+04   0.000000e+00   3.153656e+03     36s
    3085    1.7052796e+04   0.000000e+00   3.296781e+03     41s
    3325    1.7052870e+04   0.000000e+00   3.949375e+03     45s
    3685    1.7052944e+04   0.000000e+00   4.596031e+03     52s
    3925    1.7052970e+04   0.000000e+00   3.217250e+03     56s
    4285    1.7053013e+04   0.000000e+00   3.217250e+03     62s
    4525    1.7053043e+04   0.000000e+00   3.217250e+03     66s
    4885    1.7053083e+04   0.000000e+00   4.269734e+03     72s
    5125    1.7053112e+04   0.000000e+00   3.217250e+03     76s
    5355    1.7053137e+04   0.000000e+00   3.962188e+03     80s
Concurrent spin time: 0.02s

Solved with dual simplex (primal model)

Root relaxation: objective 3.432800e+04, 18823 iterations, 60.07 seconds (5.61 work units)
Total elapsed time = 93.93s
Total elapsed time = 102.46s
Total elapsed time = 106.11s

    Nodes    |    Current Node    |     Objective Bounds      |     Work
 Expl Unexpl |  Obj  Depth IntInf | Incumbent    BestBd   Gap | It/Node Time

     0     0 34328.0000    0   86 -223.00000 34328.0000      -     -  111s
H    0     0                    20686.000000 34328.0000  65.9%     -  111s
     0     0 34328.0000    0 1604 20686.0000 34328.0000  65.9%     -  145s
     0     0 34328.0000    0  980 20686.0000 34328.0000  65.9%     -  220s
H    0     0                    34328.000000 34328.0000  0.00%     -  239s
     0     0 34328.0000    0   18 34328.0000 34328.0000  0.00%     -  239s

Cutting planes:
  Gomory: 85
  Cover: 45
  Implied bound: 114
  MIR: 300
  StrongCG: 20
  Flow cover: 905
  Zero half: 2
  RLT: 230
  Relax-and-lift: 48

Explored 1 nodes (72676 simplex iterations) in 239.54 seconds (64.41 work units)
Thread count was 32 (of 32 available processors)

Solution count 3: 34328 20686 -223 

Optimal solution found (tolerance 1.00e-04)
Best objective 3.432800000000e+04, best bound 3.432800000000e+04, gap 0.0000%

Wrote result file '3_RCMPSP_35.sol'

